tx_hash,latency(ms)
5Vw1E4XVjo3KLWGxuSKDxs7scnKtLyeCp2UmK4kpQjGz,985
2NEKuEtKwjc2XYq56fufQbKG6CiB4qbnprZ52FdhSFkk,901
G63NwdBEu2nMhtG2PXCh1Mp7V3JtmV6e9ukaisuYv1Qc,909
8jki1NUgpYDrVHkoG3aUYqUnvAjx9pMpr68uXxE8L9up,975
89CLvsMLrtMNvTQiGKK1WnnrNV59czuj7yP8BhqsEEJM,988
EySWr71d3P2Roms5pLVfQMwRMdapGBvqXodxLnbJg1Qz,1009
HaChFCMKm68cAzaE4k9TZ3NPwc4Bb9p3c1JSvYz7rgAD,993
2whAawmheoJ4RpK9YcRWDzXNpMwHJtEMNSb5Sg8JUAv1,1009
Gbe1B9r6CyPXRdgMdeKt539fjVnE7Bjr8R2N3haMN1qG,1009
ENdKndis1DYQ2fXn2frrbsepXSEkwqn7i6xtAHTFXsDe,1093
B9tymooRHyBquZVSgEt5NAgrwgmJQqypQWPfD3vyChro,1093
CxbUvLi4Npv5J3w4s6Y1SNvu5i6Y9tXd8q4NTgpSvGxo,1010
BS7kfM7HbJ9merZf1jwnDoZaEeByKGPpjNjgFL5e6Cj5,1008
7ixJ4okGtx6NCBpTQUwJRvRzoxdmanb6qf4656vsyYri,1010
FH7DE8BhMrUF2Kt7Xpb4h39AinBm6YHatYweDtbHoXxz,1037
599tUmE6tszv97Lhp61bDuDyMiBLwrTFa6cKsNTJpFSk,1123
EF7RX9R9FdP9MbAWJs329DvWrekNPmCWzht3uSWpRngG,1040
b22GxG1pY77W2cxoqeqsVirrdTqXYjwsSGeh2mqE2V1,1137
CrgMaSpTkmtSHXbqGYo6hTwwBH1eKrsJ6GjNvVobxXTC,1166
3jpA2iWa8nCmhND118nDehctQdDMTmxKZdQhj1L1RqcT,1092
J8CyvsAvG57Unbiz4CHx7RA9VuUtrdLigcvM77bV417u,1092
8z8367uk98dCVt5a6bsaaLrvNKrLBmaRPZzKpke5ocnc,1637
26rTTz4wwC5u9TTbLWsWNnEyByMgodysSMB7JSC5Jrmn,1664
DcojXxgM7rXLAPgiNEC92ar6XmKhYCzMRRKh7vWiw1BK,1733
78ciqALz9Qi1ztSi42NZkmzWtXff3xAsge57QfvcQaJ6,1762
B37z69tZfyuo4Ca7xEs6SPW5bPWTkJc7gcZND6u3pjAM,1673
HzE2yH6HGvM7R1AAdcVJNUt4v27QVppU9gRr7sK1BXLv,1670
9p9WQSWqCvVFyH5WVyabZzCUCPqQSpLq8sEm6rSxEFjL,1681
PQrtnEtU28JWbxDFMTCAzV4ACM6kTpPuBK1uBCRRvbD,1681
DU9DnuVtrZjkqMggXLaajFMcKVv1T485yKBxPSCEYdep,1775
7oQXbJC2fJFRJyGj69AuFEUuZawdut5SMneoUr8JGQ8Y,1688
AtXb81oSakFpiEfkw6DURScswagGCk62Nud2VJdzayYF,1689
9ahCK1WtFBeS49va47go4SYJhNvzxrRTLwFGfDho5fa8,1691
4bzCangkh4bSSpzqEX2KXxEYa44mqbBHUDb3DJudeoYV,1772
HwexGp6snGmNLrRyFNBzPS3aDpyPXWf3j2bCEEhMHFFN,1694
2Y7vapuHxTWF6nqDQ6imLRa4gBaY2S6oAf7GEScnwVwi,1782
BxkJ3DK3r3rVWiNQqrLf4Ja1UUvpbWBhDt7WQdUkH6DV,1782
2A6VZi5stvB61od9QRn6U5wCfyeB7RygvUaB7J4YHWtP,1696
6iVJoLrJoS2pKwDf1maFpevcGXJ7Noyhy9VSRhkT3w7C,1767
AfUF1yNpsuJYn8jcCbxmPMWEXYwcd4uCSg2A4gouEsTr,1698
7fRSG9Voz5XK85cwvHg6id3VD4MbgUPrPbx3wmpbaH6G,1783
3VaBb8xaDHU6Ab1mVnjKKBwVewDtYEzbi846b3iDjYpF,1791
7BSAgjwGQCNH5p5YC2mWeP2rs1uWEtttD6mVBUF6NaF1,1784
GK3JGj6cLat8qnz9baQehRz9bAbpVLpFWBD8AgT1g9C,1786
DEax7ktzxccvCiNN9uxyArqSTC1sZ9DBU4LqF5HewBha,1768
7s7BLCBG5xGWqnZ19rUVDeZNNLAEqa591X4GSsZLf724,1786
DYjCSqv1JNwi95mfuo49mkdGh1QfJyhb1HUym1igY87A,1698
GZx3YGLqoDusRjMKKTUwsHAmsKXZbYC5Ef5sp8hNSTBU,1789
4sVBsQXaP8tLp1NTanLMTR7ezrXjgJERaxdfmZwebJ28,1786
BKzjov8G6T2vydM4qci6x1uAYZVnwe8XCyAP1raeD1uZ,1698
B3K1TP1RsUmyRVF7EF4ztj9pJ1bU52GhU5gaFnZiZjXF,1794
Dc1hkb2yGyE9ePsPGv5Gy5K54a4ZsSYdzekpci5hSKgh,1788
BLbQL2t7jc6owawBQRqFvQowy39BE3LcMynm2Ruq53ot,1701
E2Xd5u9cfJ68pykN2aSBEK7RwQGSfcwMh6FXVCMdPVBw,1789
BymuAiJUpTsusbdBt3k3jwYpUcbDzWcRc53xAXrcpHhs,1699
377rXtfRnx6AfgpLEWgibJnjtSgkM3VbHQpLcpJBnhYR,1789
AFfcuwZ8jvZ5MQ2EHHt5RsCjdKC9JgnqA2jQScFU98YT,1789
6f4fGc7i25gEsS2j8ZVejiixbbHgG1Wm68BKRfFbzAoc,1700
6nbbaCD7gLncCoLBGoETs2Vne8eNzN5Aiuu9dPMTmRis,1706
4ioyF6wLaTfZ47Cqu84MBnjyftBoxgZZQ4gRD3WCzDcH,1783
6HBfGMkSGRkwR8VUbT7vS8bgzNFe7rxtxig1i9KcZN12,1783
JCjxcztCWjDwmZm3FPs5cjADxxMmZVq42MWLZjDosXQg,1701
BAZRXyG2gDp1LVcu2ahKd4EoQfnQCmzVwhso3YAe6QSS,1707
EwTM8gBCaefsjN1Gdu7VdVRvZcqCypX6yHmwsGdBV7UL,1705
8dtPeNxRb6h1PQF8TBxqm9tDkqtEDmKbf9xcFAk5Qpiz,1704
9rwZcmoKiVTZ3qm1S4tLLcwDzpci8a3cWx3pYBCMfgr7,1793
GhB8vSKXKPW5KbhkGeGGXuYe5FxtaP4F7ATAgYMcEe2,1785
8uANvhgqRyrx4S1G6pjHe13GYdrvpeBQqbuwGeR3HXng,1709
2pUrMFsDYTjDWiKHs3VobXb43PaSJdXhVQPqKXgBDEtY,1707
CWJKCkndtrwLYgVWXfx7EnM9FbvmVsvEjDeoLLsWzAv,1709
GznUPzorA6Uz8fnJk23YTjFLiyTjAnBfBdaBRXQGHQkm,1709
6NHU4GTJ65Tk6cHF8tfY7RVAYKL4mVsbtw8o8FzccYyv,1785
BLxooRrcw44efxwgbby43cZfY9gG8MrCndMJFzsjccQT,1800
72GHWnpoWsL2TqBHkyKGU1i2NdqajWR3aR4vL7DHzwic,1714
HHVDuKw1Ty3U7NAJgdhLAj558Vemq2NryG2hteV9FyoM,2414
2rBdi4tgqet1DaD3sqicqFFhFhmDiLDuJfbK18CeKAeB,2425
6bT3bz2WZjewSWnkhJ65xNKaMLAo4KGdYaswAE5kNzZG,2425
FxQ8pRA5HXspjHBxdBwW6jGPHXjMKRKsCdmFmAPERw3K,2426
HeBTqyxHW3qJQBw9Yv31nNpLTTVn72JTbtm82yoMeUnj,2426
AtRJkmVbR9q6LZJQ1kMuBd3wBzbGgYdwNTudV84t1wwB,2426
79Epv7xb31TkMAnp2gK8nDNtBLhiJzeqEawDXKnEedfG,2426
2trXeyDj98iT3QJdFEja3TW5box87YxRRVZQKy9thSsN,2433
EmkUYQhbfZdLwzt2HVZWgPQ4hbXWdhZ1rbEEhVojXf4j,2434
76ze9hf6NGCgbeiSphiUu521ntSJgg6HJwzbFRekLpLP,2434
Fw1hvyMweuNtT6yRDFLNzymraS9bgNBaqCdJ5TqJAQpU,2434
8oMde5vNLajwd7FMtvxMKkCwtaCAj53ixbu1b9nfgSCa,2438
6rnxVk97obWG1XMPBeGRaLzZ5TfVBjpx7iDfUjVnWMNA,2441
EDPN9hzzRPjSHZNiGEZ8zAckKEjJDYKXBFw5of38hS7p,2442
51ebxL18ySjNYGAWjeLrDjFG6r8Gyo6TZ9oN2R4rzw2Q,2442
7xLdfHiHf26Rpi5JZLfoEw51em8Q2VJdsopYehBrRfsH,2447
G3pi4WuvQN7t8tGMFax9XAKKpU5ZmxnXu7LcP7NXwaiv,2447
GQr3aHZMXXkUv51mZ6hzvjC6jfXMaRnXYKXgH8ca56Rb,2448
5t6AmCUFPCgkQFy75eQUwqSiFPV6FbjQxVCtDA9SNLDC,2449
7sd2iHacyBajKKVCKF1qo4wfShfJ9aweSmQi9NZHfZ6,2461
EnJ5AKkzyikn82UCh3ZLXyDR2GHyauBPMZ4FKYmQDxss,2462
4ZFw2nAde22XTF8m5fTjpCnvmqUpZQLf8BX8S65kTZvz,2467
smPujiHxyaEFRJLpamXhXW2TXJ3SG9NBN9nGSnKkbpB,2473
2tHDbdrc6DS3ZVfY7B3ztT4md5ocXVSQraDXu9dFqHLZ,2496
5SRmv7NRdkvh7WMsWtbsxEsaNKN6L67uwfsX9cLP3uNf,2498
B6btRUT5sc9yR8XLfcqS9K7KtK5rySw46M2bt7JRSDcv,2498
2rcB3hRSVQhLKsgqUBttnsi7JRDCSctnL5xebYj7s88j,2500
HDqUvMQwYdvN6fNfEXkHZvjNHgkD56BnVfCAg3eLNdn3,2510
BUhdHgdTRs2KRXRdow6ZxeYv5E55jC8UDK4qiPUZAP1B,2510
9Rouj3mF5m6tWWF4AZy7hpSbyhVu3crSCLJdAPT9yf6J,2513
AAGdPV9LrRWpT9TUb7inp6kkHQ4ynCnngNYQaKybm9Wj,2518
EuTbHi3c3sixzVyZPgMyUQNpCqe7AuJ2SnMcfKVf1gqo,2520
CLQsdd9kmK44MeGD8GxuckAuGyhQuDi9SWt8VP8hAp9g,2525
BmkqLpeatciTfgsiY12VmDoxkFJNJ1tVco34URkCx4Bm,2525
FKt8VHaucJ1iqQu4Fvo4Rbsox2e38hnH55q7tBCWcyGq,2532
J7GiDqDTvVv96uZW4h14g2zVLTi4Ffi3CbVUrEu1dzoi,2508
26fV31hB95pksQFB5zvQxWshFW2jizbJExawResieC1N,2532
29bSmjdBcXhznRWFUNd91MQDzVSSxRgtnmEchivYRVWj,2532
3vbjGmedNYuSxBHTYWUY1HVgjTfpdh7vLJG8SKUXZega,2533
HpuhpTmYjBkBWR4jYvKuV2mZodWip5Ufpx4jAWCCUqn,2526
7mErB6vvJVEb6x8SQzHfEKRxXXMJy3ed5wP9m62Lu9Kw,2526
AfXSY3TjN1eJXSnaG4BhAaXEoesh4MvU14UvnwUdgWsH,2536
5hyk9An9htVPqCn6B1hwne6sBF5hwfKqzUQz1V5eXh3j,2536
71RGi6K6t2ETauPSjCfq1kJdMyS6eKvTGqZJMkJeHpr3,2512
9haLzSywNwnhfreDAZqYEEhG4h93FVhBFKYwaQR6WcKF,2537
G8Sf1GVm6AgHwzCA58ybyorbFFZnVCucoJArqMbXJvog,2441
DYWkcC1hdbyL4ik8EmbkF9GJppXa6fL9Gia4SxPBYqir,2445
DqzYQisoBMS85EAFiHUrvSSVTmPWdB9r5uFxUWzfmFL6,2538
EdcJGnVvxU4DxJEn5uSAAfbmpSJxaKSvbXEkrej5vgPD,2530
FDhyCn7yyBkQm2pCLFtmNzzoZrb5dmk81oawKBPTcNRq,2538
64UxFqGMge38MyRLDAv8ppAn4EZ4fh8PztT6926givRf,2446
3Lhagd6MMobuBEhtAodPJn74URGEfFfnK7b257h25Qso,2539
3MVue4YGf4XVVmiGbEciDPzK1HBCa1oAztib8CbtwwT7,2539
7TDqBLrfnVhWJz3PhdkqoDRnrN2gV1Q4vXLyptvFSvp8,2519
D2RT55TpS9HCZ5g1LZpk5wL9eB9D7Qz6wHn8ByeWthMh,2545
47z4bANd9GnumQDxtYqb5Sn7HRNtxrbYrfKA9tp79uqG,2537
6MQoTPTJPW2akRYwucD7ZJwzYxx6aGg4vN1x4nnFyPzc,2544
CbpczhGbCcRfMn2RmacPtWjDzv5qaeSh3dSKK1Xa6S7r,2545
4AZs2RM3bnFcx4RBhcTqHy1S3QYq5zDDpdwi6vYwfo1f,2545
TUZft1fyaqqAzdUkyUncM6ArGkHUbz9V4GMuRmkfSep,2545
5c5k4ZuGBgvayMzdgE7iK8SL3FN9F2QLukieBog4q5cP,2545
3UsMiRxKgVboAzF5N4Jyy9RMVMtTWG7RbNf76mcKApk6,2545
2Jw2omKgKscPRJUJZmRHDNPJxyNPwUcSUAmGqUZE8ArX,2545
AjGjozkmR7XfnUQWvAfGX3GfQxTFTcDgAP89nWu4WQWU,2537
14tagQ93SNsYLtDLHTXDprQPGBZ1TurYJaoWQENGmXDX,2545
6d4PrK6A4GEwnBQT4Jh81bR8D39u6ixzLxT27rcqvqCQ,2537
DqQeRvDGghVbkxA3nn3g4SmtERKHGDajLQ7d7SaoCYhH,2545
XffMvL7AB8iVKs2KqHvHGAstvDhn5gKP6fzgsPoGPgs,2538
GGvo7VppgmaSENRnH3Uz7v7ZFiT5DrzdpvRvkvPfEgis,2545
CyBj6EuimXXTL4KCpSmNLDmTsSAEtT3Rk3pVWpH14swr,2449
FC2tpZ9CAAacE8UQVUngWPq7tceJ3PGFaCVnBiqxXoSn,2540
26D9oY4qpaLQXWsSa8dQaa7hXBYTBqdSLWbiCwSGvxg3,2556
6cx3uENraALPFzzXJqfrbxgzAuP3ny3bSZweB3tz9A8e,2560
2oPpGebrXAT6J1xxW4QuyzF1bLWYK924REFrYyUFspB5,2612
3LasMLK4CBcvJ2cT17XF9C6xhvZwJyPWPbH332F1uQqD,2813
ARcewTqhiYwh3ZC83aS6NkKincAtj6Fh62izhB81shs7,2819
BeyRuwDkG5uP9Q2PKy1TwyfqQXkYm4N6ds1PuhaJqVFo,2763
XDNELgng571ydqKHHcZ3jXm949FmJaJy9PAfEeD1j1W,2767
KbypdoqoMVL5SpCtjb2byUMD3EcdTi2LiHQeNdwEgZ4,2846
BDQgrFk5cExfoDfxhpvuebrXntn4dNJQTKu69icH8TLM,2790
2f2qF1NhMKY88wXDFmgWR1UdqhT954PDhDbCmioZ5EqF,2874
CuGMKLipZWWwCURzBhjUhVrBuiHuy5miumJRjwN6uqkt,2860
CDznkZTBtixtA5yUr93JCmqq7NHZdDfQCL6o3VYXdBm8,2862
2kdw9tuh3cJm4LjzvZu7quzVBZUqq41ZWA8eAdHeoKtz,2893
Bha8aoD8VVqAmiP7JcMT64zhxUX5UjGo3JkR82EhELN4,2797
EeHW3e292SeA8cZEWbiTM1hfM3Re3cB4kGgWcBkCGEgj,2871
C67ikC7krxGmxpLDBkBbkaQEAiPSs4RJHKLgbKqE8byF,2871
F9xrpgXwwgX369DGxFBGNnYuDHESngsUDyLGMAGmFyEj,2875
BTn74oCZh5Rx55EKsy2uPRbPmcxorT7EuYuR1uDH4SCx,2898
8KkgkdNdgnJu87n6MQm6sRsVZkSHhvUar91JXuayPxGV,2824
DjYymN5kqHGdzsh9MS8NupAnQxJngS6jowCuxN9kfURN,2909
6MMKTTs1MXCNsYWJ8hfyUQRb6Bn6aSwLaSERvwDdbimv,2835
HpfLxtMiUDQVAmwi3MPXGd4eKEg4BazQTXBVSoCZrwEh,2854
3CJkkfSyTWtHUh8DEnyY6u3SUQcGSVe8oJYnQHQocHUR,2920
NvWE38WjP3XXVmam1nXJMxNHsPtsPaq9L8cvK16N57L,2923
v8KWsNmKLmXEWW8NnWepZzW953HDoSNEgqiRogibfU6,2932
BYSDLL3z5tuqecECf5nCMWUYkKzRwq61BQhrxLh4WNLC,2931
38B7c9C5fseNZ51SRtLWWinTd85H5uEybjp1nEEgNaVj,2956
MDrjG6ocgYz1B2BCNh5N68XGWrX6zB3HK941nZ95Usa,2954
Em8APYUspfwn2W3WWk1Whp7BGPuNNoDHpjC6kLDXZZvH,2947
DzqVCHLRAQSPHSxkbgMYfU9eXk33Rx29SJ73DxHiThDT,2966
3ww9YAuUEhPWYYhq6gTjtS1fwK1UgW3UuFWhEeauhvyG,2955
tpor7LbvBH9s6Hmyx5WryXaQ9ujRuChoUJrzFJ3tBbh,2963
9MaaPcK9WGCcR5Qp76a3sBhfNDDX6QAryZ8Ge8zu2vzT,2983
NLtupSih1NgLM4Dy4up9DQFZNeeNj7SKE7pw3V4kWG2,2897
5oQfrKnkTj7jL1op68HPcHE56ZdxdBToaBCvDjoM5TPP,3015
85969KiXvqhWZq8d41SVBhnRTi4S9rBaKKzAPXq1PiNN,3024
6Xe52kH29siAmakFAAmdSuNVguxPbrQ3ytYoiFRAp3Yr,2949
EtFNfBGgp1AyzQmvP6dJckbxsJWG1xyAZ4eEus4A5A4T,2951
G5fYcgAXby98WFJtcQoaTKW1EFtf2qrCvyNYNkRgYtSm,2952
CQmBUWmxGxkwYaT9keJUcuxYk4yH4Pt8ZnDTEU8erNBP,3032
DR1fTregHZjSAxFmKmF1LBPyCczV2fa4FVND8EmZrH6J,2959
YC1CJwo69rDPqKxgf8ynbbYGbsrMB6cQWw5qXBCXxn6,3043
BdrncGHDjx6jhNZ9RUt4EfCxCUm9dkremqJvWmhFooV6,2958
6u2kpayLh2YqCvjbkqZwsCKMuvyAYsUo5qmFT5S6SgMZ,2960
EBcJvxmdfiiELgzQFAUgzszAVLXzB1fbbZkioDzmavxQ,2961
5QF653mQvhixSYDNY7TzHRwiqnVCUT1kRXxUQm6YvhWT,2970
fjgnnnr38zApuksWktdBv75NSxSVyGJ26imN6KjG8bF,3067
HU1vaxzJTTRLidwFj58zUrAgYtTveUdwNEmpmDedTWF2,2986
5pEwGa3iePKebszziJj8GkeNSCb5W74czJMR5prSjK7a,3062
AosKMXocvLv1KTSQB5VJuX8YMLqavr59HSGy4mof3TU9,2996
Du6YnF3cwZ3WnhMHrciDrH1J2MLPZmnKDvCJmHDzxThr,2996
Cft3sGds3Wg9WHCauYttA5rcp1Edi11LqUgZ6XfzPVe5,2989
CiBWXUZ9EMH4ujsoU9dXMd7eSsZAgAqoYSCec6LtaUYg,2988
56ebJwRfYVa72eEEUABsMmQTXyiRET5ZLQU4yL6Z3wwo,2996
9suG3uLXKwZZwTUwSvzXVzmfDFcybeuj4VS2vuk2zQnn,2988
ApnpiU74JUnc7rhACe1tckpajh8DixpxaC7R3xK87GWS,2989
Eu9rC6avDhCfTfmqbfHDst2gz7KnphcYsFfLKXz4PCh4,3069
9L5TPB6BTZVvRvGBAKLjiQULptQLZy1pN7JhZi7EC7TL,3078
2S8xirbLpmidjwjt2MDwAqZPzCVL2sH774dMk6TvLZxF,3077
DunWPC7GmJs33rJpPc6qt7f475fhjMFGYFdko5DzjGmK,3004
9fWrN3oxunB2ig4AgKorbCrG28g54yQkgziEo7jtScBu,3003
DYdNy4pa2xDjQiC8VhRCf9Qr3z9GiFWMWqkPd3z59vUr,3010
AQ5havraWj937X2iw6L7FsrtPotr9TVWjgikYutUCsYD,3086
3zVu7Rc2dtMzVFrN76NegbxaBA3MFLmKssVT8tanzyoN,3096
6Lw8djfYM8ph1XwgcW7vm1y8gf4sbZkJdx24crMVTD1o,3005
HnDfm1wPb18HH6XcUetGTHwFE11MnRo9ChNkMDn5gs6G,3012
Gwb8bJiw6J4aiVJNz4HF37Qd6wtvDGJi7ohCcykmH9AX,3012
8dgKT3Wf787vkKLX5FA83MKDmQ9yoEJTAnnfCy8JuEoR,3015
7Rpzk3kCqh5rPq44P6GyUNLBWCLAmXEkX3JzssCyV26p,3015
CKjCwZH9WDJsKtowM5LhaiTDhSiaLRZ4pvy2F6HqZ47J,3082
3N9JVRR929D8NZ17bttTpeFYoj3bLBw8NJ32uLbLKr8V,3091
4QgozrbjEah41Pf7MjRaTePf9dsv5JhpJVLDotC84N7k,3089
8v1i1Db1QHb5Yfofk14BSjNJrr4EZxQr394EVwszfFm3,3008
2xjQDvSTwMVuWorPWbG7iRmZctDa6BtMf3kxnkeFSW5b,2991
6rpc73MUd5sfmZrTnWg3emzguYdJQJ9YDnrUDwuQcJLV,3082
HEgu7Sw6NQ7gUftiWmffVenHUXxHYgUk7pbLQdEvDtP3,3016
HNpZBVaN7abSL1hNpgdHcDLd6YTdb37TL8mnAKQ8G7kF,3094
4L47mJHjiw78G6jFUzjpuFUoPEm1CrG9bnHQBR1zQQW1,3107
Gj7BRTuTdujLEo6GZAU2xHvWYXv9GSF8z9DfRJkFhKDc,3020
FJoVBP3minRmDCq2LbcRXeaavyfdSLTFhuBhmhP842fv,3092
HnJCjuTm1cPS7gjJduxQQerLQayqEYCWPupB4Cs1ch32,3091
HFCmRbQ9toWiZLrsbwnJcd8ozuwokkXaHNhbN7XCq4ji,3092
6o9Q3qoccPrGBP5nfuVBgH3FbvHe5QSyFmRpXZU4bc4S,3024
2UjNHCtQBH17X7KZoX5fqR8ghhVBu4e6xBvU59FykvUG,3024
7mjFfZW6HUMVBCsHhc5G767BXkRaZaMAvAh93mCvaCxT,3104
CDdfQv8Q9A9qvyqmYGajojNrR6uMNK9ZJt22BHP191FL,3098
7yoXkqxdmqSKrzU9smB3aVE9BitnwZQ83DRnYUy4eYyg,3032
8LxWoNycFaB5t3bfzrBtMWtXYrPsihmuNoWWsLHgP998,3111
59RPTJGh3PVXsoJdDKXS7C1GYoYSkgLxtSnkVxph4YMM,3111
D2f2LMohAtULo2P5US5V5H7XoNuL11zaf2kG3TURMt9z,3120
HveZKe5Fquq3AC8vvgk3A6itDfW6pLwHNp12nGz55df,3036
5EJcGUube1ECB3nqJNAiLUAYcPnY8qPbnFxi3PQK19aK,3038
9BeLAytAMjnZBjqMTd6XAfFnG541WUzmYtfcH9pbeH2Z,3096
CA9hmVg2BpNqty389fEbpn28ZjripuW6cFkpQuphabKm,3033
42pg2fsF8LRJXfNz85PwKupF4kufzEJ7W8w3vLzrmLBZ,3035
9h5vCqeMb2smLY4Jwa8QSuMkS3Hjbh2ZYTVSdHVMcZud,3037
sgwchBMaQpygyP7GnZD2vmWVWu2u9iFM5284aVKYBiE,3038
CSZjMmTeFZSrHTbR3FTtPirY3x4Umjsz9yQ6XmDxc8vG,3112
A6xcCaGwmegpXi7gvVeABq87UegWRuTLcDvaCyUziBow,3105
GwmMkQnVkrhGWxyK1LP8mWMKXQMAvcinCDeD5iNJJCf3,3126
Fx45pxU47zv1cixgZQuvZQquJpe6AmSmgdEVEasg8ww3,3127
APPjzw1uHcEky6TNwYWtoM8yeybZDYrNVKikRoNNEtaa,3125
4t34zXPButWwoTnASzX8feuzDKKAqMV4DWkTQF8AmxkS,3046
3rXzgsnUTC6ETJZAqrd5FXVAcVEaTBcu3KcTPCxFaPdB,3039
5NEye6mgSgFvfPyubPagGKzezLMt66sKmRrgNN55kZyY,3132
7GQ4AErh2CF9hRBngMTnxgmdiu6CBzW3C4j9He484DCs,3047
FN6TJT5GGtD1ZhiCAgZCSKKgwvsXyf52Gh7GD38onPJ7,3113
FMo8mdz2bq1MwJ31RxWoYbmetmcHSKhBygK2Fhqsir6W,3043
41Kwq2cVpvi1iMHq3CGB4vHLtZD6rwZTwYcJDX4WMRKW,3122
GwpTsCjcgMwyUAnQp5UVG6rXGkj7qKuFrvgbkc2ncBVX,3133
GYZgbP2vWzrUSUsfwJqffZngoM1Hd1MfMx5sWuffxXqu,3132
3Dva526sQ5J31Sv4j7UsXqgUrLpx2FU7Goi1PDTdZxQ3,3043
7aVFLkCsE8cdR1GPfb4cibLg3kFx7tXKnQAuWdW7fQnN,3135
2cfGPJ1pjo5TmjvyK3jnVT6GJRP3D2AL41ahrVxz86N2,3141
3odsteQ7QnYWnnu3MNPJE4EB2WSAZoweNKYZQz1R1aR3,3052
F6twuRELWoZG6xxDdQ5oTNreHigJs6o1ijFPixrcauVy,3137
J5nv1HscvnYGaEKNPVj1smPTPNyNQQ1ndQCxw4T56zuM,3054
DZJThH8XjYH9UxcLkTonapjit1mbaNJncXjex1a5ARjF,3058
3mJMEW8MQGU2rHGQ7QbXmsvogm1LicwSq6CLnR4kNEDW,3133
CxJaRc3cNcT3GGpw3fJ8XerbpZmZuTpAmByx7jqj8Tsn,3133
HaUrS56o6U3BaM7mYr87C6bdzdCUGYSdaBiktjtyako8,3059
Ab1fXR1cWWNdRUiTGMxg88LHdpLyx2U4bzBuGLxR3HFT,3128
FhZh32xMS7wkQtiV3ano7HrXhq19Bxojnxn3i1QJF4L3,3147
DwgVracJMz4c9dJpuzgDGkQiZfcqqv8ftYrRqBaRWwkR,3062
EZ2TKQ7K26NrcEJSCjCcnSS7DveoUNUmm9HArQsvBxHo,3131
7Uafb3ZguXZaAg2JoXUCU1NnGvp3uYVqHxwg27G5DQnm,3150
7tg7Li8f7qW1wdMyqetEuasESJnT25Y6pozZ4uVuyYWw,3058
5VixZ1fBe8ZiXKMnxKbT5TBehkEFYRU4fJAnengdfKQK,3062
CoGG3iLARdop86cq7tzgcNJyvXDZriA2jtu9hdseYtUX,3066
GB4fbFogUupScPoZepUSdRoJnNZ8MGGXfbeNAKkZYGjh,3146
BJ7FATFhsUSakGgTu56BQUMMLTmsVFKjapsiz6fDmPM4,3074
AHVN9SPRGEfZtL64EKN8DoGVR1nXpYSyDy46Db1gTMVC,3147
3WWxmBmYHGmzhJKjdBWvDKgmrQRLVF1GehLYPdE6M3Xd,3165
hgsvXJpaHxcNKQL21Nzk6isUkaiG3PAdmNYU27Tr6Uw,3074
6TTH2C8TkzAJYFBPX16F8Xrshb67pKUrtuQ7CLohJCwM,3074
GY5w22HnfeJRQXPjYGKBntXxMsRNPBCpquhYzhUpoC1U,3069
FknPXVZQGfhAt9azN7w3YmKsabtnvMS4SiMF5ruyQ1mU,3166
C4ByQaYPpP9hZWHDgyneisRfnm2T6tbQ9ijH3wvWvSH4,3161
55erMYhASGLiXmqi9XmxUeZrA8fXCDkkqpFYy3qhFLte,3077
BwJD5wcy5Y2fZn96tTqc6mPbXT5J2qapdZkW92jAqvUW,3165
AZzT6z9gggvweCeC91Vz3ci6AuS2gLm3RLSR4UAYgozw,3070
5Vegtp3ppTxgRjhpC33V13upjT19ARY3L3wTVETo6rmY,3165
ENFdHwtPXHBtxebw2g5MATna4v97LUGcyFMjBMj5D82L,3089
7AupJ68SZumyuegUSZeHwCh5B2ntUrKM7LevgbQ6XC1A,3186
7YjdzPkD1rWTf1bTvbSFTYXbr6s2oCVkxXjxwwkzCwxf,3095
5235C8uJvf1iiACiMUkjRQWRw8G2Hzro3z3hVhWhf1tP,3184
5D6asZfydfPPS6gqFaXgrS61PrxUARZGYGXEWRZjabkw,3178
2od71oXQ7RqJWASzccpdRbkXxUaxfAZ5z1Ffxp9gpTBH,3090
4xBPtCGyNoqbNS5tGmKmAncswzGSgTNpcLjwpnYQuJar,3186
4JFrHmuNkNg7W7UQbv2LNdA895vntyw6LcEpLZHEjtuD,3090
ahGi6gtUHmSkHhgYvYbDa1Fj8AhWnvGh5ZgnC4cQscT,3168
4A3j8u9JYtEANBTZMHJYaojLbHn7fZMaYLFxqpR3ixeH,3183
9gZz6i8BSxV86vCijweYN2izHpKXqxpdYGAAic5Ryxtg,3095
AFAfbSv6v2xaqY45Uyy1wLrQzF4L9jnX7JUZ4ftz2eTu,3094
6Du4F4bWQ9wCTcp19PvXcuDxtveu6wMj97LGLnZkRi2y,3184
CSMb2t5V4u5vMDkU9mgfHTFVGAtL4z58ZXpdndZpChES,3094
AFMbSUVZggUwSpEVJbTtvbzyHk4cMXVVfSoPk3SPHy2m,3166
2n6P1PsQRMijqdX2kUkXRQgupoSZ8KoAjip9pkPPji8K,3185
3b3nZowyP3UZjUYEUqzVNfnuK1HBPwFLVTGjZsNxSd1i,3100
jqU2nHHys1XtkpAhdm355xyPqKHXUTP8pya7sV1M31L,3097
3sEmB5txFU2HqafgwFkh9TRFvcSWFzRHHzsfKgtdYTDM,3192
2fBX3u6sBzDM8FY6YP2zoSQV1omzWdbyuU2wNMqqat1F,3168
9F6f2rBhhtXchtc3u2j6Q4UNYGNsSwZbZGj5Zqm2xSq1,3106
A2yaDSdJT1r54ZWkrEKV71H2VuQ2hr78NTjqHhX8TBwL,3183
BhHgJBHMr3NxsNCDJ6L3NBoNe3YtTPzMyvrxuENyFb4Z,3107
6yx4tjEeYgzd4ArZHJP5tcohU8hosQkhVQWL9QRk2FLA,3176
Y3rxwu4AQhNdaJR5QUvvrUMPeRw5heLCf4PH8UHRp2o,3179
DsnJmMAH4ur7D5DTWe1nxm3XVxELpZhKxve8koygAECg,3178
GTu5P9vTV7V8mJMmQpDD5ApBkfAsZARhrCGPX69e8TeT,3108
6CNLEKDUySP4EQzxuoP1AE1KvJtejkEFD218AzjgG52h,3112
CVmLr7XGQ5dyhz5rFZsWCet21r3D728UJFvMiVvp75kZ,3113
3daF8B6avLSwMB61ycRgpDsFsFkQ6P8AHDM9zqz8T4er,3197
AcCcgC3d8eu8VYqqzFsQa2uBx6neLgJqJWMUBzsst5nw,3112
9FzHWPU2YpTNzizycLQXRmZ2KgVNpnFW5KXidfZrdt7u,3111
5C4kAt9wKxp5PEdESNaw7w8zq3JMKfcpYjPnNSuP2aJt,3114
DZjP8go8T4VKS5oWWGrxmuiBQ4RBxG4Gx4Bw2TbMFPCx,3203
5KLCjeTitb1Wb18VeNuZz7XDqAERvnaA5gt3otfrq5zr,3112
3cgjPT6yT4DeQAGTpUmkAwohh7QwoNSFDujnCtJjp8d3,3186
EDKfUwjtcZDmLmpDyY3CqcJcoJ8Apsee8pcACry5m9TK,3114
4UUk1nBTady4Z9SM53hifr9szpQPwnbtqw7ev858hCFq,3119
4XUk9G1AfnHBnvETREoqTS2ZxYGYbqnz64dWS4Sj1oDf,3120
GHziMxw41NUbLjVVNT3bmy4EJ91jtUGcbdsKzfhXSYkc,3115
7FJjBHd24YiEQ1pgUcy38v2NwaA6wf9a46cL6cZDgki6,3204
DuLJdrTU8f87ozCGdhxyP6izq4xxRJCXWnM1faFB2GnP,3223
5CTgXLdUmPzKSvwtxjHiiJCprXcH1rUhGD8bhaz2UH1X,3211
FUGmsGmodeKsG47m5asyJhzezAk3ntKUSMcSpiWom7xW,3228
4foiwQ3WwU8JyJpPLnmhkv2zSMAWDvmZTgnZN7VMgKKN,3131
3BFHJYFRdDVNrgG1NjBFBd8meisKKWbTZjmaJsD2DXYw,3136
2DsmGFHHK7nTTZFgXQXsXdAGRR4jh7NJv3NpavBU4gft,3227
AzBn8qiFBZASH87oGkHrWbWBYZdSxFWAx9EZ36B7QCtK,3229
4wh8tMEFi4LdKqTMyFWTWafxa33PG4qeJpmJY3wNjE5p,3135
61feV2B6oMhDuqTt9FYVUaX8gbsUCJZmaD6rwTzCb5P,3223
FthpDbejW4fD8ANqMw7ppZFbFJQLCxNCtYPAaCi3iBVo,3138
DfkSXi9kTnWpV4JuHCHzj2GhpYwraoybuh75KAvwJWkK,3134
9eXKig1qjdQRGJRoiLHSuiEQ8Qu2YbfNE5UK9R9nveED,3136
6M9gFr3xsbgoA6e4XhkBHGtMoL1ArfHArVD6Lw5yKufx,3226
8veeDt7ECXcVbrmE6F5skgCRbHGQN9Ez51oqTjJr1XEa,3207
DL6pWPfx4gUeQpbkU3LQaUxRdKBPrYNzJ8HH4q4F1JPe,3140
8icwycenADAQ2tN7kfqnLA5ShdGVafLThgdsen4jFvAQ,3136
HCXWTPgcTLtdtP7xtpXCfvogCyym9DJ5Qwsr7y91z9BW,3139
9inwtcTX7wVvFaD24jQXtURcTzcPdHkZPrS4XNNPTUaa,3224
Ca8breTLgwBm7FfTMpFvVZtQiMrUaHGkGnsPi7hRrbPz,3140
4CXfrDVWhRafPVpyxZtCdAPnXed43SUmKQtqfhuaunhs,3225
4tWZYz8FiGeMFZoexy4o69dNfsGK3a5fBfV9SsWPPMsu,3140
9hB8Sq4LCVkTsKVLe39Gg7BtMRG3w1CwmDj8CFj2aSXF,3214
GRuxCK7WUCNTMffeywqKFGxpoL1ozGnUoKsnVonrv1BV,3135
BcoDfreudExfRdgrv8M8akGNHgFHHbTwctb97RoQGyaU,3224
7nyAbbNCtXuFr9p2YLsZtULvVbAq3WNLgcYRe33PX4yY,3116
D4SsLXLzrvVXMXpEbrx7959kSx9qqjhqBiyQ1CuXL34K,3212
9Z6hrbymYTTzFvVwnCQKZUVD5u3iACjxTz5LSmCbNMBX,3138
9KcZR9YKhH8pZcCDqgXqgcm5TdbtjP8f9drahLsQ8rxG,3138
2DWr23K38EjjWbrzdCVQHDXf58ZCRDNsz8HLKpMZCB88,3139
7T4vAwer7JYVJKqYxLiUNbTpVso3AguyLfpdJxjpc5b,3236
9Ev2QiLbYr9agAEFHCkhn45e1e5rUvuYZaaLr8nW3xmG,3234
GaxkqszeqmmrW1EZLnR1LTpspaZZ819FApPoWRK8eket,3229
8hX57LBDEfx293pKGatFNJdknnSdVKc56WGdJskDQoLY,3154
2J7RnWQSXW7ZDd8YUaAUBsQEj1w12t8GTLzfSHpfERw6,3240
3U9gnCACezGeVxG2H7nvgHttWcfES6og85KHaCxbecrZ,3156
BZrJgxDsPkvZJv6tgULRzFPrJWmvmJ5pMb1PK2Tw8Ryi,3160
DtdWEgp6Af8gq72dcvotDvFriuCaitB1pCsGSrk5ycLj,3256
BMWMdAu4MmpCDE8sQn2XxbmAQFz3Bxh7EG67UbT4wqCE,3253
FfuCaAKfY9CnD79nTxKa4Nw6ek1p6zQrKQCeTQT8yYiG,3256
BcX8qHWaCGZDEjKPUw9FvGNKysFS5CL92rC76JfjT29x,3179
8NYcpZHEnZjuomZMHBGcmjczdQrJt7JWR5mzz5XzDHMt,3176
Apj27ujRwKdL9nes4Fef3byioduPFbhnZPdbvCGwV5FW,3248
J6bGmmUF7ieveBZzggE5SPBJUaSnUzHDNpSGFfGCVdb4,3263
GjV4wFS2gNLeGfd5tHEhHqyxZb4aTu9XvGH9uUNtNVwu,3253
dQwkPo4DZyNNZwnsvw2TBUcQ2AofFMUYVzyWZuvdmLw,3265
Fc28pDmrnL4VpoaTVHiCJPbJg1tHYUrAtT5QLyX6Q1nk,3247
5T3ZnEc4ishGB7irUqGJ7B7ia6efLDK8Kpys93nD4trd,3179
4unR1MyNdLq61uPsAs2Ahy6SHHE1QhNFrjLPYZfVTkdy,3266
FV2Z1LRZjaq93dezPd3EyVUNyV9vNaH3GKzuUiu351sk,3258
CM3eCGDt6Cz3GU3Nq3kkMLFjQ6EUnFueB589LsaMfoFP,3274
J9Z6C9LRMcGgg2nE2qFZ94krkTWnKnRLFhAbwTSac7ST,3185
AzWX7ovpS2MiGoDrRD3nZSsW5S2RkmhYPASzVbXvtYDX,3184
671JAgxo8JCeHppwRM65uj7jJt83ap48a7TD5TAJzi2V,3265
7tMjwK93YzWP5jEVfDPZ8rE34KV7WSe3RRqsRevijWXq,3190
4iPVig8tMeuL2QEejVtSJ3FQufarExVcB8a1m8Hwnf9i,3261
Dmj5xH4qiTneH2WbZW7aF1PouAdNtWakSSqZK9awbDEW,3189
69RvQmg972Qs3dtM1XuCQRRwxdG5bEu1kiFeWbVAesGJ,3195
3AJ8UR3mbFgM79CeYrtgoxN1XoyAPzFPjE84zThFb9ZY,3272
VY3PUHQUhzBWWVqCQLHY3T83tK5tANnxTLq4zaTNkXk,3282
Hkk1iUKicV3hNSvtkeh7ogpsNRFSupDPNC6Pe2dNZ9JX,3272
DAWCxe6ZaaeTVbgsb3aKjFtrJABhH3fcv25Tv1599T9Z,3207
8EF3vJLHwbAubXPeeZfmY8xTx4XYBSkkapWeJTbeknMa,3203
4f1DXDKbPw3fzHNVhgsaC3QdCdyTJ6vj6QCb8JZSDXoV,3298
4vPqAMGNATmyHccNzxfjmbuUU5LTuqRaydvXKWkos3sD,3296
HG4ev3UXCzNgSxBd6K4N45i98qJARaoUHvE8N7F77wzB,3200
AkMFpeFuWLPZTR57sAarUXir4HKjgguDwHj9qAzZ47WL,3204
C4RN71nAsSCSWNa23AV1fNTYrRzaKZv2FjDQHdMGD3oo,3296
8z1JzGULmdMV3weHJLcW8Dw8BEdTuau3P4Ji7Fbddu7u,3191
cmxSrH4WnioYTyfwjVFnnHHuGvBDNs5xTF3fyEAj5Uv,3195
6zi5sGNJ3wj1b8M9vN3pHJeFP6298rdGRFqtvHCaCgiV,3294
EK3Bp8uw2R1HbmTii21iVxXHDrAAKQTzGAbZYenNkspm,3206
9RtsacqpPExPCeY87J62uWeXuMi2uvAeafUbSo9naDAp,3296
D3aMztLDgxo6t34uxcbQccdtGfWSo6NNhgQkWSRGUX4q,3195
8oi4YeeNtaJxweo7GVQyxftyskC4q21btQXs6hHUqsRX,3206
H1YCM4DGcBUtbGSKJ2nFRUnzk2PFRuhJLaK3oZmqRLBi,3209
Fh9jwXo9roa68466wfrGb5voUDbrQoQm5t9nmVXPJG2Z,3298
5LSoTgLZASJ8D7FEyPQmatFkogDVFi2GfQmXkjr5z2Co,3196
DY7JJELhZjJ9ZVQRmaLDNv2chyXF7oA4XtojUc1AiVBQ,3207
3rfGH242Pp5Tdp7KkYQWkBWKc23vZkF8ZjxH2DerCCG7,3285
frWnHjqQGDugZsh4uVVEhgPjSa7ExqkwpawqytY9GKD,3296
Gi52HwBVCHdhfV72cTM5fVu1g81YamLmnFYx71qPu7Wo,3287
6QW5gfW4dGgmF4UGzbyhhhtux59LSMPQvipTVzJAoePr,3287
95Qhg2pD4QPTmyx41vQKL9vU3szsMXfk7wRrdwm9Uudq,3212
5B8VJVtcMq6SKzZEkyDB147GShuhMUxwxMJ7jYpDvoxq,3213
824sYSSKiNgdT8ZuDxRztmmtfBBQvvQCLvo841BEUU3A,3209
5kkWESYSwvEqWArsiVPYoTHoRJVXKw2zCRcjwS19qHgq,3303
7ZUEF6iv8CjVVbWmCgJJy4cdqg3ij4bsdWzSjG2wdmHj,3220
FEmdpG4GpDHfyVCAqnfCJBUBvzzZiDFf4rp721vjFTBf,3295
4uRYc5f1KrXfD5PLg8Yww5LzYU6qLhWhLK4faqzEaUhP,3296
4nvinKUsq4VvFp7mzmgi6WbePAfchBLHRdbF9ZLS6JM1,3308
FKSRrE8LPedLaNgz1x1DRxHMbnX4Sy68J1UWtnefpjZB,3219
C7MgysrcdjQzJNxB6tf1JGuZ2q6564nvALrN5Q5Vv8uJ,3296
DG3NRuQ5Ewj5XhMCB3GYXEDQRoYVWFsX5cLBWS3d27H4,3306
2h4D83jo5QsY9UYEY6qnYZoTSyscVGUQsdAmBhee9JeQ,3221
7mPdP4eZvAcx86zFGHsevEMAQzjhbWLbhHAL3MBehSJK,3316
BenuJHsygtH8UNq3nG68SyVbv3JmTXBxnSsBuT3na7b1,3230
FxjgA4rTCZL65QoyPFkzo11moUkjjUHshmAVXV3wMnHR,3228
81DETG4KDprRMVfBLJG8XsH5vUEz1Y3b3bFp1KNGHNCp,3322
GgdnN1hwiJ5edEbyUPAaSk7C95LH6t9ZwBG3AXEvGeUR,3299
6rq3iXYKEW1As2LepCyFvXSTgToTWES8wAvyBus2tHpk,3299
FmKzh89FtUSdZDsKoW2hYQopbJQdBLWYiDhfMLrMyyJV,3300
DhSiNh27CVBcoBAZrSsVSUwwcMzKgRh6LZTBXf1thTiy,3321
9vrZabfcXb2utSqFHtKzzvjegspA9wfnHKuopYVguNJK,3298
8gJZT3D57VXwn9tLgWxxfbaUkD9ciroymzCiHygjMYEE,3231
Gaj19anJ5Umk2Wm2Vkk6ErcsnqAswhwB6uW87qPBUFf5,3225
HmrpKzTn9A7VLSWZEr9r2H3iJGUyMLGoxJ8f19iH4Abd,3298
Ha1W8UfEG43AA8rt37tHhsrWg6mpRsmCXsBWzJ4faZ9w,3316
7MYfjSuUcjXkFjfB1ui42ToC6HSMVYgusnQCKyMTTguZ,3230
Hq6ZC2Q7tWyYvQoj1R8jkKKJKXiYgNesZwv5Kj9c47s5,3321
DhzPQi98fYqh5KEwxQD1p9w2BcMjetQRMxCRjpUAN4Qz,3321
E18cY6491HBaAU55AZvvoxWUKvekoEA7iw58X9c9DvGG,3233
EjshJap8FA6ZcsWQN6sBdbC88aS8DEmDDojPn7wbtnRt,3237
EAS3j45Jn6RyUaLPhkmVLM3RJFidvsVsTYBmgjhFJV8K,3323
FYUV913k7CTEqUvWcDncYuPrQgFMch3qcfjS6XtRcYGk,3306
6VCfzBi4VbDQNvFwpZsKLFYvB1wdL8SY31GLuXrEGVTc,3239
HTLeTP4v87UuC4PjHft5iFVS8mheaiJfz2su5H2gPMJY,3233
2AoqiMYCGz4aowocSQHzuvqgS9gpuByPVmGniJzGxLMs,3317
5BAE5ZX72g8JgynadgicSdDmZd5T9TESYxfjjvjBtueV,3241
MvC2BfracERsGtXsAF92XRYYK44EVnF7cK9fETBYnjg,3241
AiFWEt1ty6pegSe5wNHnEPm5A1RZgCLuAuDFotnNJhNP,3237
NadYGYMLKb5XjcrNByMzMS4hTwoRjN1CrnJB8k12zEU,3328
EEzGonvn7v9agDFMoRCDu9tscKQCoDNwD7F8S6ueRruY,3332
8hnSedmdpK6v6zXxyMQ7dZfjPCu9p8EMnCU82W9G2YCp,3232
HrrgHWNSdQkpTa4UdKUY7iybdQgXBpZ4H2xVrFDm9R7Y,3333
99sGK5CuZ25PiEb7es7nzSMDWH7FWmUjgLq6eMwLdkhM,3240
9pnVjX7cQpwqk79jfWhYBX5mVdgog632X2xntHQ3ujed,3243
2MxXMDJ5nxcRKMtoZK36qQ8hebeLuamC3PbBtg3jx3PB,3322
6HoeWN4FSVRHByvyNQm9L9qLU7cLLfjZiHTjxAUtfvRW,3232
DviArVyg6ogT9j8WwzvzuHAM4Hwi2YPPfnUTsCsFS9i8,3323
B2PSDns9TiH2wKWyUvXFr4cND4JzaiNmMmeTCALd81Qe,3324
CJs1XpwVToCdH4rVX7exfdZhmhZK77iMEJZWBQU5GCmh,3249
GJF3uWqCpcdgJksKntZPa8oZxUNKUdYZZR9SfaJyBSmp,3333
CGQg5NZG9uEm22xteox3xrSTk13Ka8beyrWnBfvnX5SX,3261
8umyUn155oDhbAT9FoNip5JzzDoGauVwsDEkK7vLBwhV,3333
EoosYgFFGLC372FLXo7gyzVCGDQ1WZjykYWi6HHjsCBS,3258
2PQFYzJ6gpmAvfHGqEWJ2fsyCAmushnBCzNzoZyYuPvY,3267
8vbSAHFXTDvkvJHucqdM3az2LaXnSGMsKX6eEHg4ka8p,3267
2UpDsUeKhY1y1dM3yGDGLEa3qNH99rQCNqndXs6RUisd,3341
BbJfiwoSPbTWASeFfKZ7HWQRnJwnqiecc1tQAZeN3BZW,3267
J9Uu4Mzv1VJxkGzLDCZkHrGELpgM8J9TcCCeszAjJKUd,3361
7HSVZFAxzYhKK3nR2GJp4gjFgtVtrKXceZDEHQyd5vgp,3275
BqoxbPDBVEPmdrLsfBxSqCEzUxgzJXkVmGykbyXMaLA4,3259
8M6gLosSL6GpxAggkaqGtb7xzdC8VctQJA6cyt71JrD5,3275
4sLkmAZadCftk1mVb2qAcuj6ERvbABsaZWLY6AqLRMRu,3275
HwRfXQ9yDJkgbAmcsx42HEkyLXm4LuzqiCRaaG1Exatp,3279
29MXEoFc6We9RaUmTFnQqcbXBkTMY6qD6XM2Y9vGpy3c,3291
Btroj7bWyxnh6aQCPunh5HUhi6agM6CpfKfBCDmGYNjA,3291
8jZVqamdeY3iTdAMHUpgqA9c1N4ciF2DUNP4xMoqcBdi,3291
FPboodJLGzFkHt1aVXZT9yHUTyVLJR9Y2BB6Jine9hDu,3278
45iBF4QdV17vQZwXjWMZLQur31pGBnFoRB3YHZ8nMveB,3382
623aw4PgrMfBoQxzPF3G3jdYaGebDjzDhE2QpQk6wJ68,3386
5LXusgwGH1svcMVRqkKhHrnV9E4DD2xqfSse3T4k1Dj5,3298
2CxYFFHxmv1DM4UCHvS5AWaXz43jRc4NEKENpN1Q8AGr,3306
HQArwrFBigT8qQfZtH8U97Wg9hLm1wZMRfkpmP2VS8Wb,3287
3u9EYbWHJfvgQparmhjpET7vkMvii3QMoQuH7Zz8iwYA,3385
6G6HQnFS6oRF5TeGXyM7qyagCTYF9rJfV8TD6cu97tof,3308
De4W9Vb94gTiac8ZoC2tqEBYoX7z4EwQrxWVz4mHJmwT,3309
5tp1p1tfXBnTFWZrFSfbuyehyXPqbGYYyDVFgGK3J38b,3311
7EChxgPao7mYub7acToxveBcasxGPmFQziqbhpYsdneh,3396
E7yWdjd6ipy8eQKEWAvvyT8DUorT3p6etM4RapCSPMoW,3295
7ZiY5BSL3F5az7ib9AE5fohy7pHRKZy6RfcxxCXwZyYV,3385
2Vb9WNLQ4v78RBTjfVFeYPF9owqBmxmYFnMATMpWQtrn,3304
HtoKeTfVJG6pHny6EdpqtjQUtDgSXG7MziN5MU5qdqSY,3396
DuwRpWg4pTsh4phvi7MXYFJH1kr1ZQPk3E9tR736YrYt,3397
2NERguuLdNf3F3rhGrHp2ax39K4GK4QEH1N1mn6UREDZ,3312
6UzpB3h2AWT813fZzqxUbZxsh6Dv9Q2FCay3qo7npdV3,3319
DV9JoxBFQVKB1dhqvy2es35dis2wgB7DobM5za1ALvch,3404
4DGdU4z4T4ouXhTrpTeKAdPb4pHmZKz1Sto5CgRLJKU2,3316
iAC5fXPs8hkNBU3uRgLuBdoCPgjyzXjMiWTcqGHZCaN,3430
JCcqRMWwMLkT9emJyjxDVkpUdjpbBodXSF92tGPHA2B9,3415
BP4mmkom8yXnM72zkiYjcka6BL37ugExpVazvFjdk1dX,3416
7NCxYLzeWVBpkQFAddwzBbbDSkCFqET6jMNizdv3VWs,3340
7zVR1iDzjzQtv11f2mKdtpayzzEWHVd925N229K1EYpX,3426
8p6RyDvNWmfgvandmMuE5Yh1m1rrBVSqgmAikgHPkUxv,3415
996KdafLbPsWjsFwmWLkJE7VV7fZDNR8umdFPPSCwSgB,3427
6K2vSCTQWHLg5sUfHnT8pCctL8Q2btLwzSZBNqMozrda,3340
81QFGKB8WPEN6Jz82xXxJgkoeNBBFkGLieeiErPrqwHu,3425
GGFZKbs7qrQVYqbyTbKUx8K367yc6UY2PdfQjcNbiUUq,3427
7PecGQKZi5avdq8tb92x7RaKNYLwdvYHDyAg5EMzyLiX,3408
B62F2Z8RYGMQiC9Bgj6VHhaMhhdhPqDM8isYnt2Hq2vZ,3337
D4WexSdzS1enm5bgmRHq38kEVJZeYiwYLhvwpSSGYHSJ,3431
EGTtWcPMNTXrYE6jfue788zi9fsLKxE6f4sMJh9whH27,3337
2YBavqgpSa8mefnGBk3t2RNtosGBwfuHkgGPxhXAgAPD,3431
3HCgaUoWxxnwcbLqsp2g7pkbb7PeZDAzr6FWrzgDyusF,3427
EqNtXSfPJLUiX9M4cwFUuXVVuoTSVxJpmsY5PnqP8VmY,3426
Cr2Z3roygxU5s4csp7D3LygRure5JbSX2Kb7pgDaEjzY,3426
3tmsYxJSyx9rWVLvyGWtrYjRNuBdfgCLVyEwJ9hyYNfS,3334
9fzYMVMaxTZ8x9BViCDUALM9wqiiW4pAQ9qqXf4YLKMV,3433
EfcDVbtCZJhnL3hKEvV3w6z6HPmaP979UA15hXqKyA3i,3417
4Toyjy8XdmKn1LgfXvtN42y9QbH2YAeRN4UKRtAYnQx5,3339
6cNNcj9V3QU4C3JB1ni32dzBjSHcXnMuvjJ7GGsaXdPB,3341
9J1nFqeDawSdFYWiuTqxXi816muLZfKtRWXXZyNNDNgd,3432
6gNzjsLeAM4F7rrvkssGUkL8svpMEwZdskbv41GyEZRu,3338
2Lryetot4VkNWH4YmEA9ZBqtKyrQuoJj261zSvWWz3Yv,3427
HngTPVf9yo9CB6kvWeypmFhraFR1g8n1TM9HQ66b8hnS,3425
54Xq7MYU2oeK4sjCL5Abzyw72G8xyuvo1tQzyo8VJFLG,3341
93L4sQyWEVQN7TDyDE3h9aCyoG6oRJr2r6B361AqZWgf,3337
44SqShsZorA7qNvUUMrWziKUDy3HSpHkxXeLAVVcxnpV,3337
D6ndEmBUna5XbuqPxM2iYxMyegGoZCPCsaBgKyNARL1m,3430
3rF4i3pHfiXDC2Wiu78d7tXMcCNskTHAPQzgxKKoNiJi,3339
GYuQ3SRAQSave4LF4Dg9To4Wwdq7BUoRdEzewFvWhDdd,3338
C9oPbGJxHdnZ3U3k7rYiHvzaHF4k19uXZph2QngpLQ6y,3428
9YygWbXkFWT1LDqTcspe4fs2gSbXQwsRhppF9qDFxCXb,3339
GTD8GQ1hDFmgeiMnpuo9B32GngBaAbBuQAjNPTrgE52C,3433
1t2CFp6UvcnbmsSv1eL5FjTAz1G37zE3Zph4aqg3YYY,3432
8mRYCF9tLmytAUMxwzDEbhmKNVBc2WAX93Hch6zsJ1gL,3340
BiPCSiiDh42xveE7eWsXPus7xk9TgmVxJrSTHXPdJWzK,3415
8s52dp6Ts7ZdnsHSN8D9TNoEVtvQPj5ssmTguRgZwJfG,3344
6GKXGXUEaG4egN4Q6DbBziEf2JyXPuBHReNVQbbip42S,3344
J5e5jQUp1zhuXtCNd3ECRecccoNW18J4HAx6aNj9v7BT,3439
8zKbvAf8WLszsGzu3Q6aRQgbcfm7XBS2TGk699zxWFMr,3416
5Wpa1GPDrgB3BD6fSZ4WoFWjgW9cy1Ld6nbubzRXk4EV,3345
78FQt58iGEpNXcBEqLYkViWH2rK4PHw3r2zSxjbDbMdU,3345
EY9zKvE9YqGJLgxabDJFrRR1KLJPmM8LnwqjtqsndCdt,3440
EohG1QAMHyBzf8GzkFZBe6b6bqQpRFDVFBGd5aNheAXL,3433
6LxCszWbhiP2WXgvC4simuDdvXjZkaNR2PtG64UCBNdg,3433
6XvvYgB4fok2mz8yfLXW8Pr2ehae5SKNS83MfBvdPUwF,3433
E49QNnKt2daZAaRBQMMwGqNTaQYkMZWg79GV44abfCNr,3348
6LGXwZVGjXymZsXXu12JSVEXUh9P83NhucuZytc5r79R,3348
E73nFrZbMADMjEpek677ZkuzWsoUqk49iKuyZX45CK6F,3437
CUSSJbdNYFJGpn6W6iucLpgLPU29uR2925MxBr7dGBB4,3346
4J8Pk7Cp9ftm1aQumwYcJjM6WH8nXzVuN5dqqiRgcjQU,3347
ENADCvGqMk9Az5gRh9DjZJh1PEBEaXXqmAWEnypPQaW8,3437
5ztSJLbL4WjKGfHSbMAY7cUf27fjGKc4N19EzCMxpueP,3348
J5nrwLuBPxWboAXqeuGxMg8ikjUkPhKPPcuKyWpKAMrC,3440
HZjkwbVAGchYE1Z2BQqqRtY6zH7RsofoifYSJM87s1ic,3348
66KH1z8CMVMVMXC35WLzhhniEejtdCJNYrrRicrigXy8,3443
4hZLiqZW3p9MNougK4aVASVVSChc8eoPehN218H9QKv9,3354
Dic3GvVp2EADTp5Tdmuu5my2TXFRJKwEUCDBQPoderZq,3441
4nxTeowJmGjT6hmt1nWvHuicjvkWP5Fr62WrtKpszXJX,3351
7D8vMpED2UeBahGQ3spPdZdiB6XqL2V1DmbfEFQ1krbg,3347
2JjWYkv2hm6hY2aDdC8hZQPHa9TcRFHACuXxN6sMpMdT,3440
BXXsqxsStzDWjpT3m2nJZQhwLcppuW9fyW4CBke7QKa6,3349
CMAm2phDn2UFYRgTnNp7j9NQCHRxVJxKuaceeSumhsEh,3354
HSGPtBrwGKmAcaCX22x43DxugDhr3VtWStvdekDdNKBV,3350
9EKxsJh2F7z8v6dFQusfif75rVdR3fbLQwnaz4h1Aiku,3440
BhzNMFDRG7mf73QzWFU452hz3UKWq2FEo6L9JsBZhsNy,3352
2UnCrNrmxtrHANGfK8oV39XJ19URfHwhuoJoMZheCmf2,3355
HcT6uMpCTnPKtUBRY2yt6RajrT5XJtwgeiMquafhg3pF,3432
AwqCvq7XXXfN3PYUZ9NcAakb8KpgSiyRDQgeACphukM5,3442
28EgiACbRM3cB6vBUCHPUChw3VTZKbJqVy4Wu721kxsw,3354
7uLWMkzfWo6ZMZh3G2z7p5Vkjjie2YpcZAVNgCeUJy47,3444
Gb8W3TxVzmrdd6Q5kKdBpJa1hdz6bKzkB1EHXAkRPXZK,3448
Cc8ocHn27L38Zf4jrhBDb3zYACk7LhcDADXShxvkMGrE,3450
4VujJMRESGAmNeDFz1hBW6AkQYCxSZL1VcaM1jL3uWpx,3448
AT4o94SEUKtsQWzV9JLJePwuqm99oQ37tfFPCK3bPVhD,3448
4ZVMdKP844wCHCYGne6d7pedJwYx89ykt3zh2KuQH9J8,3363
BJBeRVAjvZwDn4Ko3xr3Txf3j7pZdMK85u24XZXEvtM7,3451
7kAMF15apsFA8fur6Up2Dgq4cgZSsk7FzXyL3gRENKpm,3360
9xCygwJ6Qh1Aej16fnRkQ8SJVP6MPn6abmNn6zLTLwbN,3440
P4vpodLHPPtGAvyEGqCM3AmvXVLQYkda35WofwQvyxW,3455
fyUtZTvYsa3AfkwZ52X5UA6CsgMfbPn7vd7KgfuufLK,3360
2yXgQzhtCnVQV6Dfk1s9ovcpAC6eBXPLDmQ6Gqmfpx5h,3364
5mebzfm3w3EAiT9NxpRAmC8AaytmDKpJCC27s1euK6k3,3370
Fck2psvZJyiSPQtniujGqV4voHQWEkQatk84RFRCZHmX,3459
5fsiB75mSb4Ze5fHL2hyA19xn78korEinTYViSY3i2iU,3372
49sPRmztJyem57aM23E4dQ7fRucBTrtPLUmcusAnvtgb,3450
8FERU69LThF1XqtV199UGM5ipyS7g78yYZcjio6Nx7Zj,3375
AnGtxtU3kisV93pR6qSpMa7qKsoFY6CsebHnqboSLmL9,3375
3oNojbqFyjaoi1ZH5SJXA4VxGWUWi1frCygHnJbtYLzL,3460
3a8nNBG4BFmajvSYqGN9ik8wYLvxepiWJnPw9U5TasVD,3369
HrRUgvPfnAWvaKmQ3S72Txrozour9oGppjh8BsPBhM9i,3461
BcqBy2YzPkd2Cqqmjod9EYKA1KTwyh8eJSFzd2175ibj,3465
5u7F685r6Bt5cF9jcLgpMQ1RfPCna3eLcb1A7X724zah,3442
7PYYXcPqLgAsm3x5eNBNmHgjS3R9BJGgkZcidd17edUz,3465
6nn2iWaWyTRs4AcjbfurpGpGwKd4Zf2RMDaVsAEHTBwC,3459
6zVeutMujH8Asa5jLomZ7udb32ytdXZbcQrP2LeAcKav,3461
n9m8KsXfk5iXpxwRf1Jz9nvURRV7MHMFJhZQskk93Dn,3463
Ay3qQt8Q17FjqZtukyXs9gxPk4kpBMCixMxG7aaYhc1J,3462
t7BBGxTDy57zrd6yMksUQYt6ggu4qEUcruVsbZmJvin,3371
8xz7p3k6ubBoREhasHcfNnXJvcVfUo8himkVjSejh8s8,3466
AkLcoCGe4Xdwzk9gcBSN8Qxk1HoDcyhg82TuQnvyj6CG,3378
3vGMRvkRapVVhxvzpma7PpHfth9WoXCe1ZYGiD9hnJPf,3464
EJyJPjuLNcE8kU9r8AeazYSPdwHJAnYGk1cibevw6vzv,3373
eEtbWq4zrRbjWR45Kip7rxE8bCxXUhXXHFiw8hfXenG,3377
ANja27P2gLYHGp3cYaM1FmwPmNzQD7u9nfEGm9VVJmSi,3465
A95LMpkkYkNELPMyYnEeV5VhbhPiSsV2NSvvFXwk52N,3376
GbLAkQsc49TCP5rNHY8dhGtFCR41ejfZftiT9qrpSxoS,3451
FKtF5qwstKArFTA5qc7zcFZELnhY2bR396J4tMu3Ky3E,3467
3a3F2u9osAeuXi5eHquj2fhhjAB2FQNzCtaxoHEcXy8U,3378
E9N1136RmFLPJYwrspjtr4wz7bgJLoshzCotEZVNb9ty,3469
Av7tRi3aeHXYD4DTG27XNXUFP5aVhDmFaoipUa8VfASc,3378
AbiJNg2V1oBVEeR52maA6C6zRKnoMT6h6m6jBtM3ka3C,3467
4qAW6KbHhMKL3xXW6ujPrC1BBtwoA8DNNyHbZTZEfsTq,3468
ECbw2uVUMmRuUGQJYXAEF23trn5vRyESDvDz1KtunJsr,3467
81X39ZGih6mXvT8uJGJJ49RAB7sbduLCp4aEkWEEmx1n,3467
A2fsjCvGSxFw4TmqWpVD46afxdSqKgdidTBe5xM8vvh,3475
voB6VmGDQrcKoFiDv7wSDykJ58DZXwZZMaimCnBi6Wr,3383
DgNsvpcTTwUzCpYnmAt9LhWomnTphhFsfG2XK56YzhcY,3384
3TMKWHz5WTX4M223hyWBaMLCLFivkS8ovSZZrwT5x5oM,3385
3KtU4kboJ5y7KksXYrB9RCQGa7opX4Qud6Wir6aSsaHb,3382
9nm6YpwpD3huq8qC8zoUZvnLwM7EM3234KHXq52vD3Rg,3384
GQMa6u9CPwwyoZ1WAqyzY4mURAVpJ3Y9XCLGFWLd5d2n,3384
8UKifiqbbBtroke8mvik889E9J8ic6eeJHuLvkYRaQJx,3384
3httdRS9s1pbZhVbwkZEajvfbSciRzJwa8yDZqW4oDQq,3457
ASk7g5ub8KUuREXadAULkXtTRhcdehHGqX9WV1CiMCeU,3464
BXWp7R6ijH72cF2vpmdPEnx1fkXWdWE6hcDF4iV3qVTq,3386
9Q4C66PTJr8TNvzqmf9NtANofeNJiuuJftsgjfnSCw1E,3482
2jX6VBpyitDA8jD63S5gVG43jnHgH2xYX4sLX3PZ8d9g,3475
ABkgR2VQ6LVCc6tsgPP1URCXy2AV1i8MyDnDmWXxddkR,3481
BJkWRhX7AW4i6NpCYg4wmf9wFGiamV3rekqSaU3imEHQ,3475
G28EvCvWnbNAUxbSLpWQP3g8PoHF7XEwi5Axn3zjFRAt,3391
BHr7tnfEzTkWQpLu11kFTy5j4m1WawKBFu188rKaXRFi,3386
HjTJCBoAD1SckHuRHknMh1WChD8uksRYrBSYYc4B6Qu5,3391
DbwdWyJXT2w2swBvaBJm8LHsu9GNjm6eFdhdxUtbZq75,3479
5fMn5sdX9ZkJawAekfTpH2iPGJZFZZZdJvXWYvYWDDwH,3389
Eymfx37L139v6EgGQJh6xEL8KSkgqnrApJ5TnfMdFUoK,3390
8S1EsEv1tCRD78sybdbsQ5ktq6U2kw8hcXcrV2xoRhUU,3480
HyJrLQDjt94Zo4Yo9XPvzNYCUVPR9yYmqGxjvi71uf9G,3485
6vdHTfxw2U8emUdAws9oWxyT3ShBR4jZLX8K5aKy7trv,3482
SurkzpETFe67uZfsHJiSRtSZ5mPva77j3xWD53L1nT9,3396
BbUmWDS8XTY6NZyCCANZyxUmdoay1Zae7qd7RAk3TdMm,3395
531sZYCtju6oU9yzZqcBDqovPGpu5d5LNtQucAXU5hN8,3398
HdrPZ8HxLQ6TgaRXBv3AbKuF1qqAwCsapuDNjCMy3ps4,3484
FH4XoSvmC9Zpe3DavVYAvmxkERNwSTuwsCytdySLHTtS,3485
BVQByBFuPp8tSKf1GqvXTdSZbVzny2MYqZ75WrBsP7EM,3488
6ddeZ8FHUhUKW58ZM8NQmmsXsB6hZPi6TjC3EmtZb9Kq,3397
GwtGxEr287RXps57WTiGZAjC4vm2j5yCtLobcx3D9V18,3396
8QvdNTR7GB6BUPWgKUR7ZXPgx26i2k9CwS9q8kNCf8MQ,3396
3ySGmTSN6zGFRNNLgjsA6x5gzLp1gVzY2NdzS1BxcyRp,3396
F5M7w6oLjEGZRE9BSkgB6eokCTRGr1HHEN6dg8UsLJqR,3493
AuTh3jerVvM6sVAxKpDVuxvKR1p82vWQD4i3XuYn9UV8,3471
FSHdfRMCymPZWygPHLHjexBgCVE5WQS2JsL8WKYjBaN2,3477
3Wss5oAiAenenhy6mfUkXDcxR2T35GZkhD3J8c5NY5WU,3402
6GJ9JyrXz5gWSiqTY6Bphc8z98wxcVak94gTZiz41Thz,3486
9TdgrxNQ51cuR1mkwrU5PrQxZTrCz1LnJDwRJeNmqvaj,3494
F1NiKRtDKoJAcECqAzZaRNyn5spidWXJHjLXySi3KE8K,3399
3q16a7wJSWU35QbwLgAeNNomnGY6xbhEurHS96trw6Pe,3408
32twydCH6VaSyKSjidZZCHNrjfwQEeEmWNuS2hjh6WcH,3406
ERYGMG1VJDzeyndhrUag4gfjdpBgxhBWrEmLGkbcCCid,3404
5EYBeqZRfZzA68yMhqgTErGNivJYNeCzDV9ysBGzA1vE,3492
14UMQoEeFLTSeWNJFMdJAzf21QwUbqdMfuQEnYarqKf,3494
J9dEEC4S5NkJgP1hRiAqpUfP5fpRvfQGHGW3cUsufNrb,3404
GfGbUR1PatWJBaPZZEBEzWCAJ5ksrYZunqnWW5RB7WLA,3408
EFLhMRqfF8L2oyE1oThtDTnTM1p9Ctt3AYeDEHQjQygT,3407
F2AGCDugYZwZFMTLc2bu4bfFhv2A11sM4NPxtDGLiFAf,3494
AE5BAwnadwMJd2oXgu9aqo1WEcQ8ma8MrvXrRFHRmo8A,3493
6h6kFTtsmPS2rez7RhXNUhHaSnyDMGdX4Di7MSRYXLs1,3412
EWXVzFStv1gZpgkTZDcoBwEhFtiEggTjbTWL5EQzyhmX,3408
51675NG5jrtepNv4si7M9vFL8Wo8n2wdEbaFf3sEtb2s,3522
3Z5cpm1Wyy1Ly5Af9B15j4wWLFrvPMCm3RSeyoggDi4E,3518
6hdkiGk2NtTuuFrVvbCqJMYqxCgBUFADHCF6dFH2BGZ5,3432
5EksJeyS2MQ77n94qfchN9RRQ8SKaiM6AtyAMZVtwe3X,3429
E7zn6JhD4K3eQcg4DNsrew7eRKvUFvoJmhoCK6uCGchT,3441
6esxrs3G5A9quhZRr5gXyUhNCRTkvFhXiuoKGamE4AG7,3532
77wPNTBF3eRFFAvgQrPztmNzrJ9XNmFk9cPihcCk51Dq,3443
2KYwTwM9WCGostkBNmAUdDzRApPqogFcFRiP78N1kb2j,3442
6Y97BYsvhGwiU8JAjZuHdEDhbmC3yZz5CQHZYX8A1ibn,3535
39ykaMB5Y9gAiSgZ3vZbdYMerLNBWXaAv1b34xJD1q6F,3536
6Fce46EQkHneFYPfyiGBBT3CzdF2NyhrczwPets8B6KD,3532
2m1gAL5jTnweptppFdCf7wjDdCFBSYUuFnqvm21rhHue,3535
C7DaNnT4SNz6F26aXR3xGcqmaaJ5H8zqtMsM6d5JFDCT,3441
AAxUkWXrgVfPhpRM65SSWHxCwPfZ1gPvBTaik3jdsG7f,3444
CyGD3Rhuar3WR1C5DYZ8MQuvfhBueBTnb38fnPSR3c7b,3513
FnisWPq44AAgymXXfj9K9B2VSLkDFfHAA1bzD2bLx3Va,3444
HMSzkX5wubrDv2eZgT6ntHY4EfVgDwX7tpmNaQkvFnE7,3533
JEGfvsKGKr7AZqpwM5xHAnt9pqNzDwDpdovp4khiJJAh,3446
6Wyew6iTfBBXfs84zzLCSDBpV1CvYb7ujpBS9SKu2BZf,3444
FHrzDLZzQrGgAo4jRqB4cj5hYgd4EXnH4R91XLFLbpUN,3538
4WqQGUWPjmCX4WRYq8zAXGvQPAdUbnmTn7DWQ6c1gA1b,3521
yUGqmCCXLo2153miAQp7Mu2jvKYyqEJ9Ur5VWwaLhv1,3447
ozE8cZcXTFHrV7gQPWdZaHTmkH2XULeLkknVpKAzq8e,3534
BgZPNVKkRFwAVX8bMkwhn9Z4UXXJ5pa56QGPRJVTTFdg,3445
HUeN4Rr42mawCxDsjN8m5Ang4DAm4ix7dxjqVfeNdXnV,3535
HACMLRD6DgaRqPTgUsimorzT7sVEDgU4EATW8tGk5iPR,3525
F5AwwVYWmU4C98wmjPxo4KDL7nw9EWS3Dyqqfo6RA4ae,3433
aBnBivFvoWsE5M7yn5G77doPZaH45Gg48d2WY3PR4Vs,3524
7VTspzMJtebmPk9ewa55EbXX6wz1AAQBvBF44m4o1aEV,3453
DsuAypYnLoatqWRfmiDCa8KHmHirR641BBa9wpYcGqNo,3524
4t6fPEKj9wNKqtPvXaEGHvPm6xr232czk32nVvTEHJ4M,3531
3PyqmP2d88oHMsshvExUSdwYxADyKyexWskTReyrWjWp,3547
Bz1fLmqcsK3okj2JPrBxExXmzwhiF43aX95Afc52f7H8,3554
4g1JkZQEoXUBqgce5FLjj1GFachB3aXxaetYRCWswzRF,3556
7fSe2HJF3CMFfXHBVrk4Z5zyNR5MF1eBGZoTFatTLFKv,3555
7sMkWkBWGirPHRXZW94wmcVSsLG4LEiBCizHfNzEQNcb,3555
CHVATdQAHg3QqirPqtLX9sFnJCwDPBmR2Sct7MNj9fg1,3465
AHPoHVkJQL6iBsr2HBcJknbbRqHTprStpZjnn1eGookV,3554
3exT39XpACdzpMxy77bxMKbVfB2fmxFfBCtsQkESWCvD,3538
7EWDhfHGBtNen89tqm3bf2RhwtwYAgUvvwXopqN18qYY,3467
Dc3imrXNCW5FTZPpZ6wCVhQQoeSf7GM2tUuTBZfeVVij,3463
3xgu5wpgiWVF8UEtzHd1kdNeFP55M3i5rQ2NC3cevvSg,3555
ErPpcfacTBw8E7SeJUzgb2Kks8Soei85nKDALoUPjXwx,3468
J8mnKfBX6brU86NHTLV3B3B3wX5F9ze8Hj7SJqVvwTCe,3538
AWYfe2B21JFArmpeQgWtVCQbVqSJArGmRgZccWKq7yKp,3466
7jSGWxPVdSKArdVyzrahVkb5K13rgZ4V5t2WFyu76okK,3539
Dm61hhaLFB6pX2taiLm44Xs49ZQmTb2CtbRWfy3rfjHV,3468
BqM8UEEZRDU3e9inV17jgkZjCsgKqeJbTcdPFxcmXaca,3557
2QYFT14ZHpqJnv4NJcpkWdbxMoBLAbAm3ERNRsxFBs68,3470
66KNYYK9295xa1hsP5etAivRUeea7aoiDsmQP9qFiDa8,3466
9QHwVmnTqV41tMgH714po6Fht9gjXvvDAAq8QtjKk7an,3558
4H1C7YfDb1nVSB5qsPB3Hfa5UFkwzAq4rA6t1L4SK5ff,3562
26XnzKDyJUQRb6N1rYcujdx3b8F1U6bHNE2u7axtU3am,3446
HTESVdexsBFzQP6FqvRQUfCid57MJr6LkGVnfxH2KdMs,3556
BZNFvUwDLjchij2cHGFmAKPQpXCnXM3xib98eoXmewH4,3555
8h5Ue1WGuWYwZTeTyNU6VDac9QyrxyCpAmtFUQ5K85W2,3467
8cGu917TBx9SptszE7aAVQc1a1Lmy7jgfDWaK4JRNRxD,3555
AWa41S9DJhm8EE6BDy2T2x3sokESiU2XkhrTKngeG1Hr,3538
J573cemBLX6Nrv13wteMzzgWZW86GpAN1HSsxaZpCf87,3538
3SKiWqBwFaZpHZTMYi3qWyUgfCSCN8tMzUXNRmJ5dt6r,3559
3gG2kPdFgraVLHc4pCUfkoexEzJDAhfxiX2MRjE7PLqf,3471
2xP2RgF5MisPKxScMr38pJkr6M9fYer242Tjeta3J3Sq,3548
FFX3de7USabgEnPC5UP9kVB4BEKtckTgTwMoNxWtneTk,3567
B6XYysTWXttkqBY6oQJ8uGB3c1yoquXWiuHM6oYGgg6v,3484
EXAnbC1ue6RMWDwpRMFFcth3tr9K62Ay6kGcshsHT4BJ,3576
6HSNuFQP3py9mBRXQzetRqCyfufnEiL6NEWuutSsWLA8,3554
DiDvxR64ELdNR7St8s9GqTuWezkscWSz3SNAFSSEuFTe,3572
CTj4BzxLGCxfjxPER78UfFNdRDoZD5tMHzr91hN1jvXS,3574
5sKaH8RGHNJ4B5FbN6AXLgj4G6dj1dPrWooUzomdV1u1,3571
54wEH8J2tKuqp8kLLZtJpqZektGZWCDb76uoNYvQbzTc,3574
PQCP8ZcZ2vpJNupfGWBmWH5PzotDJgabgz9AHJRgy4d,3485
H7gjxAwgL2L65NAkUDh8wWSUViVgKvKdfcSJjnW2dMM2,3579
A9krnPsvJvxEuDDEeUw1qkN7fHSrMyspRrNgCoNt52su,3486
A8iyW4zuimuVqGLYZLdRPswQfW1Vgwn2bpatiyebUxrX,3492
D4JqPEVPKd4EDoPfYJNbyyJKouDue5dfmN8Kz7hYojLK,3488
9PLh1drJxoDiLu8U8Ze7U9NXZBQWhqLgyBfEgP47yy3e,3498
J65RJykX6dw8JowskkcUvyHFQdPdXnBwJHoZuPZZWPp1,3585
CcUzWvfkYG5fSa3TCGG3e6h1g29VRU8Qx6tt8C5dg3rt,3496
Eivqiyo2q7W9m9ngSsaNm52MgCVKS62FbZwskzUTe5Jz,3582
C1ARPvZa1zmUjKxpy7J85xg3ctUPtvGudpFgCZ4Ba3e7,3584
AjVARchGGau8TRNMxMBQ1e6FjQvZNaeursaydMKehLg,3590
D4i4KQ6NtYgFS8GVMemgqoUPKy8j4VyVKiv2smC5umzZ,3498
7TyT9R6Jjx5q81w8DEJTB4fFXdp43xB7P7PiTUvjn7mt,3475
GbGZ1UNyz2UPtNeonJVLPF6BcRXyhFzfjG99i6w3nSA4,3584
J7P8RQ7GizqRBJFa5Dmpnu3qM3dVhorqVcR1Pkgy7TMP,3498
Ba61CPFuCQZYwrqMc5MjG22ftYWHKshGLLa5xJDo1LiY,3493
7Muw2XZz6ZRzetxbTJx6XDP2KFoj2YX8t1tdYcZb3pDS,3498
HSTXB489XBwFbYQVTN235qyZ6LbUSsWAypHxKffSM5dR,3586
FUXnfZWLtg2Eg624eGncd1aukdabqELxgoNosvKAbXT2,3587
J7wSgL78NchEzSg92aZqeFS4RuVqiAbzdrqi11Y6rroz,3501
GDhb9uP2Cot3q5NUF3VqXBmcYYZ1HaSPE5u22sFezjc5,3593
fUi9pq1HU2Xtv1kzFF6SVpiGg4djRyNmtEkDQn9CV9N,3588
CvyC1Mq648eLfggdph1Y6xSZMDKMvXcZiiwi9uVvJb63,3502
GDzAXBYferkoqtZ4M2xPQuHSo8FYusE7NcpGm9hkNatj,3588
FoYEv1jSqWcbQzdbNSCSLSRhbofAjtfuMb8KLFQb5kHw,3499
5RPb5PXR8JFxEzwDtjn34mT1rfw3qV1Q28TFr9Vx7m8p,3591
F7oRt2hyU3Fz8bbB2U5Qf6Cj5WBH61DZCHHgezsXd9R2,3588
6o7UwRQ4bqvp34x97nmhpSyBgWuws6enRDsU7ueahYaR,3503
91EPURx99Pv6qm2PXJXygWLKYpQydRP56s2Y1k61TfLq,3501
CrVgoEuF3Wy1NLEdputadNMangNWm3DEG2tRd3SSwmY3,3590
Erjcw7aecatRrJQzLG5P6gqSjhbHzswzcZRH6Wo5EGnN,3590
6fbHFzTwv6JL86YfP3BJv3eBsQ3WBGctypqdNXbpY4PT,3504
BjgTqx7Zd1kBVUyG1LAu31bzuYTL2vXB8xjPumhnwbDL,3506
DovPxPzXdnYMTYxTmBkKNfRB1J2Z8soyhoBjZGQ7RA6,3586
g2nHUdFNKxumpdhsuBp1sC6ijdGYC99ScEBptTyhPCP,3579
GNR65Ar81j29PyVK2hXJ8GXP1MstAMQd4fBEpccWmjBf,3596
CFCzioMP4waUzEUZaNiobuoKLuvUixKpTLSwiefRXds8,3597
AdPhR7AFYUeHWYofQLhHJkDTSGtmFDcCA24JiSE5F8Pi,3507
CZkMrCKkRNsS2N6E7nAJgQSmsS5xJgDP4EqiLD8SB4Eq,3508
Due5CSG623hThGBFF4Pj9LtCvwrQnYwzJvsZ1X9vQnAp,3579
GzejfmxPPmpycJq1cW8KoCUsrScDUz5NRyggb7qqbgHH,3588
FNNrAu1orJB3eWoB5SBeUhvZjBZDTE6BnQh6p2n1ZK9U,3604
Gtjh6NisrhQSQtbHVPd3rfGnmas7zypVhGoxxkPQt1P4,3510
Ann3YtWY5C7NzyPN8oxaA9ZYe1prZgybsQpDcXpfamem,3511
2YDUgXU1674CY4FLaX4Lf7Ss2z4XjeAZdjVQEFTKcYy5,3588
Fewty2kUb3q5yYbCdT3PtcMKgR6H13DT36woNF5MBKKo,3508
47FsVicN5HRqibYZPtYubiUFynHkfhzYuR7vS5wpek64,3509
9gVVjNaF8NhwC5QHLi6vYa7KsoJa1cFL9wzkaV7C5KGA,3581
99JyqLCgMGzYGxSLmnyWJc4GJJdcpCtibYVha8Ntg9Zd,3515
6geMNC5WEZTCdd8yyMRRbWhzPF9DLFuKbHGfuRnjAsqR,3605
GcCrNAqKHLAtrhkTFRTE1HDjSDLau613DpVqV3MRo8Dj,3607
5Eawcz2X2DFc4EkDkhdeWFn1cnb54CXDZLv62ZFmcsZK,3606
BF8VwVnTjc35ECuehjB4KkwR4kafJ8B5J538i36FgJix,3516
39AfB2nDJwjpPLCWykE128QZw35UxLNrai3KUUNLCMy4,3606
EP7zSiA7k51ttwGcPgKsBudkwPhnxUfHLLV27toAusjP,3605
HatFRyoKXw54bYQ78UyFEF7vYTmfTQsa3Fv17cGZAR55,3606
CU3jRF3EETsEraUkhLRGa6eejgHs3kBGHNQqm1cL7aHr,3587
DTygukb9T3qxXDGBrzSQv5gXzqDFqRgzeseo1Y9i9PxY,3518
41iVQk2s3953DPUsxrS5P7KZ6HneJDVtng9x17wkABHZ,3616
4ZvMQLHqacUsRmeLBZ4WMntMxvBP6p9SywviMPDN64aN,3521
14bAM26H98DDyyDRtFDhz9ChJaHijTg78xMU1CzLgc19,3614
5fNZBcTCq41PY8mXgt2oM8DSiL2SRCNn22YtHBc7YkHy,3523
6ADY2Pdc3SyLw3XDiUNTAxkab7exQVqkmuFBt2vVgA31,3615
DqPHzCYV1m3xNpExdZRzvwDvJtekaegf1xWPpPEwH2VZ,3612
2GprPQgtjz3USwPM39VgvCXcbhdPC3oMWvAdGCB6wLjP,3523
9CDcjzoqGqPD7xtAQmjWE2gxW3r3Qur4rrBArgny1GTv,3527
6KFQPAndLAePQFoP2zsmYk8xsc44zDiGghMsYBepRs1S,3597
2oTjvx6ALPxtKxV48GCtiahEC2wdPaWSaubAcDzyF59C,3537
5T7pzbqRtiZN7Xr7hAeuzegyGGnGeSDVmcpL8V1tTmTC,3622
6qHZ5J2xxBDnrJN5tn3c2BGJKrBiCXio2deroFq67bt3,3536
427JYuEFXbjb43c52Z3QcB5RHjJ7VCfeot9xi5bMTBCn,3606
222Qt8sdEzX92q7a3KgqdnuHBdoDoA9WcbSfduhGRghz,3629
AjLNr3MDvvbbnW9KRG8jLrXBFh5j6FK4E5v6Jzi2e63g,3535
96zurPfsC1JS36g4djNQ4SNmNrZkcWWa7PwZGye5EExc,3624
8y23WpR8KycyFRFWg1CSCxbANtTuu8xWCreKEw2TjYAx,3539
8cjg2ANULrL5k9CUn8PAFEx9NJHodkFf66hoKT4u3y5z,3538
HHgL8cQgqkH3Wu8YejUWutryXLEYsBcqAaT2XJGnsLGj,3622
2RnzoNiRta5vDUrgLZaAQbPwf6wP9EeB6tyaqpfsfkrL,3630
AjaqzPVXPVqw5z7GZiRKMura8Ev4vKpUS9dHzyVNm8uz,3630
FzmgyUrrmTge4SDeFe4H4TCu9NZvC8zeDTJmH6bbDn4m,3536
8Bm2iYcJQ3Hc7w3Qam5EbiFdTcpG7orvfL8L2Ehu7oqG,3608
8A6mt9qTswdXF2QJYP8xNvhiupCDtwMvjAGzkqGjKvfa,3536
EiocouV9H3B2oF7dtHfXmYZMdtqvMmGMgP5kQ4Dc7m74,3541
ETihM2kz6wSwzbftYVAR7bZAjMzU7rC98u2C1nmBJNk2,3542
36kTtZ6MmTNwmczQtJ3chYAv5LLDasGqgEFjHhWkR38w,3542
FHESZu8uyQVAoA5KMSGkGmWX7fhS5AmzZqdzcaQaSmen,3629
4Fu1gnKksWjK6p7TY2uHzr96jv6LN5UjGs9RoihTzt12,3542
2DJfrvHyuDm2mLhcKyzEDkqcSyZWDdPMWBZ6xU85brzw,3629
CPhtnij85NxafkhPpbZFM5YErrPGrEV23Qbzbm3XiVMY,3541
2EhgYMNRtp8dobKktmSzCHKFdaazhuAYSuNnnQ386gci,3638
9bBaTUBVoZNeBNk37KUuSV2NZENEoZMsz4YuuVUSn7VJ,3543
9GssW7NgnSNcjehZoPM7RxnzJZ8b1jkAzXexNjnk4v7R,3548
5ChrsSuMdzeR11JhxCYPiTaefMrycTXNYZbBLvbbUGwr,3552
6r3jHgcxML8wdgEJMwiKipPsR5tyNBiBuj4Ehi6nj9hP,3551
96VFC2JN2KD36samqfrFn8o5ANZ9SVbUKSS7jgSCzFbM,3554
5vfzE463az43YYWX5L3rDgKjoeGHd567D97kxdcYHpMw,3555
2uVm7iK3hSQV8f1Tj69eEHPjvXUoNsvUjqjbTd7JXXhq,3651
8uFNApSewqGU8NoYw5w1MM1Zia3Y2AbeifxP9LsfNnYU,3627
LpfByHbJEHWm6W8FjjFdTaHoxghNdnjypBBuv7WtVTC,3564
CdTHUaoR4DCG2Tg2xqmZhFa2CYPwsVUfS94n9sm2oE4F,3560
J7nGGkqhRD8hqEHxbUhpA5h6CT1Dsrs17GNqhGfYCYhu,3650
Dba6UCDe8pysaUBtFCKUrJ8zR3jDvCd6zjhFzLCLazsS,3649
ErnkbqRHYPLZipMaiojrE3gyB92gt5FHn6Uw9QEra3Lb,3562
BhGuJ8zPD9PNnb9MTLFKUJKMQU9et9eGeH897vvj2TGM,3563
9WYgXLCzj8DVme4mrKjuocSjiKfTNxVVXB1sPYvL2TEp,3565
BP2YpWTyj6Zj3NU8fZvEg62ZvymX4fgr2p8RkxFnBN3R,3641
EDQUvHQeupziXGkJb1spzE2h1x8f6QJRbxAxHZqZRieY,3568
7Dz688zkeBtPXYTEfY7fi5EtKLWammuQ5vw92UP45n5a,3563
LRe56hrRsp5ai67iowWnPAEApTZAspgHAwFxXcgKNuN,3656
4tqtNo9oP2aSSocorWfDeF2Fedx7jm8RUenGCcLcgZYr,3660
EXisBeVZhMc2gkweFwQJrtwRAj3CdT8LfJFXggHoLoqh,3660
3eH1bt55JXULMHsVPFmk12C7zb6rbfHaaLGq7nf8TWq1,3665
24m85AY7GZ6VyBVBLRFwGDJaQr3WFNEdAtM3eKzArRfi,3573
AgnZbYrgTW6xYVXdJf4W8j2LquViFcLeuZppj4BRg7po,3576
BBUoNNmYQs943fN32Btk5p86KNgtN7daCachFstefMhN,3575
EpqAqRJLcWk73of2bi9tBD4uWgW5Zm1BonshvQ8Tfrqs,3576
DsQfVgVFtDqhrVbcrZ6dHzVF7CSMf3hXSHVrzhmEcKGe,3575
64yEzXW8iMSaqE2NEt1pY6tpHXG21aKFAyoB3seHJsNa,3672
9ArNk6KEL3hdveyEFWezUjh3WMBzLoWd7NLLKMWUP989,3649
CdrKim4PY8zLw2jf6pdnDwNCizuYaaUUtzoH7n3TAPaS,3671
GF3N64UcLxMveYQLuApePBUeF1uG8bxhmbyQgZ3HsUWA,3580
6A4qr54se65AoJV9hqVur2oMGy49LRRNsz5wDhqBiDpJ,3671
HaDrznjsfFsk6Q1qD95Az6BwvqWHTmQKQALYwtrrevGv,3589
DqJWNLU8rmJckHWcvyqPyCajBRFufJFQUZw5ejVs7eYY,3587
AGToFuLGdPNkfNgTYDUhiPBEL21XXxaaLDtCx4vdRAeg,3678
TBzaQpCTHtNvmEpRoqaYcG44pYD6bFzJHK3WgFAVCD2,3676
7iTSebqUBoENXwPHHB3ytAEgbh5Bqb6BMry4bPqzKxhK,3602
KUYb9RFNhGtuMsza7rrVD5Gty53CdpyrDtaTeGRdDya,3600
5APjRBt32wF9RPS86SdBnxTML7x8uBYELyXhvJLsKevP,3603
2VF1hLCY32Qb1hAWMhrkLoJfnPpGWs2qqNR398CSzSVA,3603
BM4p2cLzDPcDawdy82HhTeadGC5rRcKzCBoU27MZDu4x,3693
65T2ACDvmitM1ioGr2kzwQ64WYRdpf2eij33eixi9VVQ,3675
X5gr4pRYHuUMibRumDEhe2T3aLpWS2xopsWneyfiNe8,3675
DVKSxqmxwo2TJvfqhaqn8ooUbZySqWmUvsJeXpSX5DFW,3603
DZ67vT8uJLT2JJXejNEchXPKZPK54TBfK2Y2xUBDqYgu,3608
D7qvXg5nBD7Vs9knyBuT5Bg4mxdzxJEFsXNoo4mux8vW,3696
EXkcqthAkWSNtrgwfLBbTzdNwerFEvM37EgM4k81rpYV,3604
C7f5gJ4tLXJ21XZauuuc7Qked7Yq8tNLnhnW74Zkzy5s,3696
ANkEvv6KTtDXeMkc3GaY5i1NbSjjzTwQKj4fEwh1WvwV,3698
BfxtJhTD33FFfe9eevghVKJGKsuPbh7SoLd1UsPEZ8Bh,3613
GRn4xYw8LxkXmTAfRTFuzouJD37AiMSNJsDTmLyXmZ2Q,3699
7cPu9C3Riv9xA4mS2sBd9LYXzB3fnLpiQ3jHMzhi26x8,3689
CTEJJhdu6RWcabbWoHnbtqaSCzNUr2nPvAXwGJPmLWbf,3699
9SW565X2om1ojbg9fQMmUc5t6P4uhPytjrakdFkmb6hu,3614
E28VyM9QZ6DvZ5pLibuLN4ssCVKzxPoRPfAiPCYQkzfq,3611
n24JGz2YUuBm4Yhasqz4dUyduVgYCdEaV5xm4jiKbQ9,3700
ECNkHaxo5ZAUiXoSqeQ3r2N28cmmas8csJs7z7Gb3uhi,3615
ANWFwjPbELVTtNPL2i9UwowRdB1ZxxBUsi8rChPM9cYX,3613
2C2vHGyXfD8uFiT3xGPDgLHv1QkpPcojJBf8VUa7smz1,3613
3SAc6QHAkAvS7R88Vya1AF49mTWsSnmWTaZPViiA3Ftj,3612
DEzESm5gmyW2JtepNLqWdABKy6gX1Mf9HqFd7R5mf1cN,3613
ChyUqYwMS3R19hoj36XbMuHXoRKLQfcbFP1XW5ZtmNLa,3620
3jVBVJDYNtdfE437syz7GZ6c7onfzuMYfYkqsNnNxYB6,3690
2CqULckGvbGvtY3hetdKnXx7oR7XLmJiiyxufvYCqR3d,3714
HmZ1ouP1fDuWPwxqccwKKtbYcSy1TAjnE77ZykJqV3Ny,3691
834e2o2KxYMbTciuUQtKnaeUxhr271YrzboB67x3ua4a,3627
G5upH6DhoCVUpU33gjvZr3ioXKFo37y2J7uDee8eq5KR,3716
6UZCD5iZCtPuwEfWfr1qV4SMWsoyFFWcuwqdmQhPPvFP,3633
FatT8zmYB63q5hufdxBm5NPvwkhpxUmwkQFaSkgQqU4p,3641
7ceoA8H15mp1VR9oKiFLa2H7t2JgdT1HYfojgszPh7Cp,3711
8XbDGyGMrkB1tuovKdvS2hDWKoT5Q1tihyVQ8zwJsSfP,3727
EzMvCyvNQqQdfVpnswtkvxFDqSnG4TTRQGhwdnYtQxLN,3727
ENxRXSfU9ToTLzzinveFdGGacLzqRp1KFV9CUPUFPQV5,3644
4P6NedmAoBC1sR4whdPfasrZepaKov1gkgALSsGNZXEV,3640
9fUEUuvVPFjvWnoKJ71FJRFPLg4m1otyD3mbmAzB3ZYC,3641
8aEo4LEX9PjWH5vmZWkLJNQzj8zhyK4fAGq7ajTPxABH,3640
Aror64BZCEDjKpQkwPN2TAptxfSbBjBpxFkV1eJ6Vxgg,3642
B3o5uc5dgwMWWaKeskMeZ1x3G1vNayZ21XbgrxdK7GNv,3641
F448ANtNREwc8Podd1X3ReswZ2uLwVE1AkNr4bvkYAvG,3730
6bFuz8NR7BDYPLzN71XjNU9m3mvZPTDg2LeseyikESAe,3645
HejrGgkvVSAi9JaqjPC9eU9nt5MbRu569MjRbQtaE1K9,3715
69rSazJYkNtrZzbTCSAeYMZw6vZ2A6cvLe5sQbFRZ4zt,3642
EpVFYMy84VaR86UACoDWMCZyDQQ1arhuqNb9att4ougf,3736
AR8mjuVqM41Y6ZJJPBUoF5NrYWG4nAxCJJQgSG83FyQe,3642
72tos1tAxup8uxHVmQGbt1gj76ufZ6RNjwXDdvrg4cJc,3646
6ELb4SpeZ5rxbweMwrAHe51wXZPUVyyW38mLEUGwvAhQ,3642
qfLqqvcvS255bCEEQrWasqmuKzhj6mDGfnGdTSqAnG5,3736
2NQwktdGt2dHUfsr78cRiiU6AknSoSEN7yyy6fDx3N7F,3646
GdxHGJJTPpxtA1uE8s2LcPXWfT9CRCMspQyX7FUoZYBv,3718
2Fc4BuGaHUqHdw7n3DzuavKwJGhh8NfzSmFECyqB2xEY,3718
9nNcMJpenSi52BsvHmefLpNgfv9nxcSzqinKnb49Xwd,3648
BMpYiRRmmwqZGZWa3gAeT9ttPi5idLRfMxwLhcyg2MH,3646
Hvk2KeenWs3n1PNtCuXWtCeKu7oGs9Yejx7Atxx8U2op,3649
HxoNtk8XNWHHHDziszs4Rj46u7sz7tS6nU1wrcMPLVUc,3726
5PwgCQegJyrLxKkoTNMMyKEeucwzYRVXhkgbBTBQ6J2x,3650
cJpFLg9RmezvQRjoKZb1utYT4dj4RuoEp7doA7At3Av,3655
F5FDYoFiePPMMFDCTAE62pAkNqwbjEpMhCJRyTqcc2vw,3656
3KYdqmPkrfJT1n8EBtoPPrxMGS7y4qdEqgseyzqMvEH5,3744
5HxzEBZebUUHBQv83tsCMBgfQgpvAUMMRNy37KYYCNpK,3744
HSs2373k3TS34M9vCJcirhhH9NmBnL4MkDBdkZG1G23k,3658
B3JoA2DkyXUbYJQbqXKnaNLUVbBcDgEA8ZojpK2t9sXe,3743
6gBodP9YFuKM7jaTDhgetogwoSutmSwmmdCGEWk34Kw8,3751
G7Czd99hg3UUJpibSbYVpFGgPMBKh8jV594usi2PRLuL,3745
3dkZUeRvofNW3cGrfkYTjJvnQGBP3ua2zFwsUBNpgXRX,3658
6WsLa9E6HvkCngBrNEL5euVwXyTigsgRDhM38V2wtsWc,3749
4XRVm6ShsjAXpAYhC4AGz4kShPHtActuXNeChE1aW5y4,3655
5fQZKV9S5okXGFNps6fYgQ76yP6d9UdAJ8W6R66wgp4V,3653
534hDPei9faeKCqAmbYn87br6GwGpDEkuaWVzm4GWVa7,3745
HqbFneiq8V8uGDkPR5hhYVvBGVTFyupE25YUBsMhfsVd,3745
ASZuQPhR212fMKU8WFz2VmQg4oaPVvNBpP7Q3EvZBDdv,3660
6nB4YspCLRbkubmRSLvKA6R2iNDxTe6LLYGZHgyEKWPP,3658
2sBD2VLMzJdfWtTiAnnUdHR3sbbRcq4A6ejidPzkDpds,3753
AG2Xr1YcHgemjdWqCa5N9eLJbwG7n5Bnk56Pud1JKJxZ,3659
H5UZZCBVWq1Lb88V3LYkjB95SWFHaJnKY5A9tZrGv7v,3754
7f28D3mf3qQzMZifq7ZrL76Ve6Q6G4JVn55kr97BTukC,3657
BNajaEsNKrF5r1SDrnMuPbzUnLy239HecuWLojQi26Fw,3660
DUwmYn9pmsmLyBu77hcgjKB67TURBjvjV6KA4rnN7Yoi,3665
ExFTKEvwKA9BFT1qAT9MFvq91tM27F1DqZXkZTsKmoAJ,3664
DLVjBVTu4Ra9icfKRENwvMJSRmPArHR7bbtfwJsK1Ccj,3666
8vYqJMqnFTegf5W5MjvoPsHtF4fjviJ1C2WGy8ufHLYt,3755
CxrC3VZXFuBCzKhHdbsZLeG29uhaUSuPzcEmoUF9wBZh,3754
88SfGuuNfn7cuFnje3XFqJAemDZJixrhoHYaR5AM3qd9,3668
91Y3QscSQBYmncKjDcYT8JeG1dphkAq1fwsryYHYdue7,3755
FYCM1pma1BAmahGv1N5YfinWkE555Ru19F92sHLa3Nyd,3666
353xhZtwszZCRrTCETvszDnPXEN3eQF1pZAHRBWKepjx,3670
F9ZSBJoDKog6PdZ3i7DY2fzjFDY1TcP47DJWraoqfqVh,3670
EFjV9Z419xhypUyaqzpozvwkRYtPFq4ZDC8mXBddK1ip,3671
74XfsfTSWMneDbCdT6uPhKtKUTm21DB3ZRtqy1XapeKv,3666
3VtWeVWVBdDUSZ2u4LUW4q5CuVDCw8caSWkRqtus4BeS,3755
yZa2F8TNcbTsw5LvocXDBqxBFoba8pi26BYLYP72zCk,3757
J6fp97yShpZ8smcxpZPMLuNAoYeWJXM8n5UaeEgQtok5,3671
2ZYLrUpsWjMcKhRMSNRHjHtYScrN5pdj5uWJYqw9cD9Z,3742
GgufgBGZcD8jshnrLL1sw4FEZFwV8KAdtU9RM5KEUb7U,3667
224hzYHDDPyS85xvKM6F4xFVE8ewT9KLS3P2cdMMKvj6,3760
EMgrpEFNnsRCZyaVJgoyUAXeMocsEH29N7s4Y3NSH3B5,3760
Fk3e3yTQq2ePoQwKuFRZK7G9udcGNPSHm3x9Yh7Jx1KA,3764
5kYu5rMzxyLA3bkbAL44oXfwsoZ6L9ByshAnv8b5G6kU,3758
H6AboFZXCrMYLb9EKS1V4GWorrtuWTb9yjb52MCNvtuE,3669
HEYX25NaZrFZymQn2ZA324vjQFQHvT3gAgQVg1QbXUz7,3669
BpskgxXRTCzZ3PZLQwEJ1NGXvZX94zarMbMpmRpYnXo1,3669
EH38FX6ccuy8vnHUAfoWzJ9i3Jf1iV7H6ahPcLqzfY8F,3669
9sjsoWbpVDXPobbaGwrMGyr6kCddDhatBwbEL8mahxaW,3674
51sjbfe5JsJWCc6USjUSDrthtWj8vw7crTSzkvev2QJK,3761
CkDrspVJz8YuVNDq7iBMn1M7uuTzBq7UeKdmPozwcnGd,3672
9N7QJ8Xp6LseEMkjYC5PjmXsGs7UuRVY2EJoQ2W7TyvA,3676
FRKacAYQVxBn886dMY9BPeUVAbvwUWguDz1A1x5kKBq9,3761
BvLY8MusP1sBiwWnj2nyokRBrjeV2MHN45oAfruZqRe9,3676
9b41KBk2uq9WBvkkrFuXuVhnLNywftfDT71gHkP2n2RF,3673
EXKLdGt1zMgvsaAxkhoUsSX3EgWLjmHzGJAMv5fiSUVS,3764
5cgSyngD4Rv2XDaf3PgKxPeaSB8ertXmWu8mBUnXwvo7,3748
721mznKsYf9SxPsNLSuKTt9Ea1A6LFrUSDnbmZqiBHRX,3680
EdG9dFRvwRstTvKJgTwdSrV734Fb8RKLD9jaWCQ5VH2q,3688
GbP2REfLcuZ8S3mpHQzWadzNH1DjwCMwEQDkidXHvnpT,3687
3rFDyEUkf2DyjvtidjH5xpEdFSZaay1gaZDPCKF2nhvk,3767
A9AxyyveHdqWhcHobjZ3qgrNQZBdeQzwU6K82sowXXFp,3794
