tx_hash,latency(ms)
AAS5h83qAhPBuoagUZXrkiuoEjLPwcvLApAkUkdtcNNN,1126
67aRGMTbNittEtBMArtDA9uPyx2cujeYyVtBAzm1r6iP,1126
F5BBSfN373wkeeDw1bXiccqfVoUbPuZUM7yXWMumCcdD,1128
969CyojwzZgnB3fTDoK1PnZV1Gp9CpMidS3wJDy1PtnM,1127
5CKho3hN1MPmFp1J7gfXSw3ahFLqPmz1K4xh32Ts1oFg,1106
BFsQbZ8kGKNpqMQCCPRRqosZpKSAAAfJ42na3d6ikCpL,1132
BvSBcWwaAv6LAGiRitrX6t1x84cVjf5cjRNZvnqSyqEo,1132
9rwfcGGCAYTyQ2bbRFaebyfsAU3iYaAvfdskH7YpV5BK,1132
AkzjGFGGpjykcFbxHKp3mzQToExVrVmcgg5KkNLvM4SA,1133
HRcZ3q8rMK49eSCFCMa1pNg1ESQ5tpguq2SZD1DJ52Mz,1133
D13Xi9NRuS3CfsPaVq65yU7B4HRGZkcExUmmFqUguYj6,1133
8AGTVa2vdc1PVi7iJmi3dByVKnjnrhBjLtnxE5rzTVkb,1134
BHTZJrMEe5Md7nwVHXNExUwwoNTbLjsyUbhjEyTnC4Wn,1134
DNprLs6WFyxB5MTAGe3iv4BcEtZcXz3r4HP7id7K6Eb2,1141
AShuWpvgCvVkqNXuVe6mkCaLLVupo16UuwJ8ta4pDP1C,1142
56m3p1cBzNUfurDEHE1qgNV83RMpuYwqhi57wvoJoLgn,1142
FUDeZBgXzGVR95pHng28E6GKm8AfyhwYnttNgDqSVRoj,1138
2c2uYBHAcbA2ZCkU1mCiVF4vcXwpMqQsNzBGYhQxhGsb,1142
3jLa8dZBwSizwtw4TvPYd5sUotM1v58FjV4MpfeTWqoJ,1142
CD2LQopxsMa8kQuHdzaQa5MtyCQLezkTNGEdeer59LuN,1143
6EKf9gG5CYZFqf4MifKLyeJ3GGtAU9yPT7qe1byi7sUo,1143
Ay1jFnm7hFcyr8paSkwNSjisyxdv8HJEcGR6KwEa6Wjd,1142
3oKqnUtpZSYQgAtodKUFiSfLCYWbVjFrouWXqCKp92RQ,1143
3yLBBSbnGvwUgzB7fCRZsWneXut7UwtUpBifC7EVGEsh,1144
F9q1DkJ1nmeT6ziZuiMLPRycoyUPhd42er1e4ipiDaM6,1144
Dh8yiW2sjhPJw4dyf9CnkQnTMWe2LmicJewZbS9qttCB,1144
FFeqmwzwNiJL9Qg6CA1xDgdH17afG2fuCwRZDhz7cPE4,1144
85boeqcNdiGWCc49um2W8pvynWszKS1cMRky5YrdP57d,1127
6wmJrDvDc88PsNJGNVWM3Gvff4r3ZYWfNCyxJu1nMFFN,1146
HA99JifumpJqh3LsFFJVz2bAvHTcMi399mVfbXb1y17A,1146
8HCWjVdCJqmrCWcksvgtpFmMAqFQ7PCveoPBDkxR3Jxw,1165
BtUFsz8pMxmuKv5yuWTBeho1f3rB5cWKmQmPSwBfpBu5,1165
2p1UKN7mXr3LeLtECoBcn48vp65D8F6TfvAkDguwegWX,1172
BMXKdKVhgjvJHimhtHrYCPfdvfWuRNWREEVe6Nz8yZKQ,1171
379kzHTChHRusMMi8BoiFET5hersZaZvtZgpSiQdDMqf,1172
3Gj4xBGErbw26UXgUN9SphoGhifj45UvQAXmuuy5RCQ3,1166
7r5Ndd3rZtHqML4qM945JYXpJs67oVwyndDeq1ghK75g,1172
HzsEVA1J4jEWL4rhvfRw9tkUDx6p8s7P3CJgwubr12WF,1171
BjscFaj9mhTsEQJ8yXWKpY4iM8qZ5gusro5Tq63TBpHs,1172
ENafD3F5VDjwEJERxjoe6ngyfkfN6coRJ9MVZQcZXQr9,1168
Bc7wZxC1yh79zK1k3M25cS4DVd59vZZS6yoMEAHY7FVd,1173
8mtQkuBvaFQhC1QVvtEif3okmMpb8yVYDP3GP3bovUvf,1173
DFgRtjUZZK7y5KE1xvAEkE99xrJocUTBKGfPrvMK3mnj,1174
CRP5a6SngYEdNH4k1RUKkyLJxuxB2mBixUt4AwokveZH,1174
5rMrfyKzgF4rAqs17N2xk2Z7iXpyGnwnShDpD18A3PKZ,1184
FX8o9b54YatuQtZ36ZPFN4izfRreFx9S82r8yh1aZhjX,1185
2GAVjDQjq5kgLYuQkK1PDVqHU5NwbL5E5Hq8BSHuGVeY,1185
Aar3KUg6v89fWTGQ6JbL5xrjJo5Zvh7P5DNdwnDePbka,1185
Gd9eBvR3a4zCBZFiieqHk7iJvpQPTkPxdoZ4NRqX1hJ6,1185
HDyEDT2Sh9kuiUocG3xcCvmcVZLbQtCaNQ7w1J963qfA,1186
8eRi3qbokAwzXtw9yj8SSxixcu7QJAp2Tus7fqnxuvfK,1191
HLgnXto3XVe2Qs5LWtD55GVRa1geXaMAZk7Vf3r5tq4T,1191
7grmVqXkGSM6WZqVYTPdZQRTXVU1fNZe6c59McxgwYDx,1191
QhQUYADDTRgDEGQscmCavu7HpKVzBNGVCaeKiWzqUNp,1191
2pMFLEgmoQZHWZpZptieX9XaYrfavbufxd2LsSEssS9h,1191
23MKKz6dNXfdFS7kD2aoG3tVMMHzcPRJaT1diK1TSNko,1192
GY7KioZudUb87DKMzeMMvNRTjnXMUJ8ev2NyfksFtGpv,1193
6kiWLR588bDteomWwWa96AkzoNQqxTQE8aC4Fj61KPPg,1193
Ho9YmibXVnNQ5E3jKq7ksCSNmxqgqu99P2kekoS8iiF5,1193
XUFGpDGe1x6XpCc4Rj3DfiNpXtbzCjbbwznxZDUj5Cq,1194
6os4z8X9ztGMpuohaLSNxgJMt9qpNWvSZxxMwnVYvRMo,1195
E9xE8jgZAMX2RkontQrYWvYrN3wsKhwNyZPBQNXnG9PE,1195
7vR6JcKpCxhYgYxP38uNqxcRjZ3JtQnWCxP6s8QihrCg,1194
25tuTqvmCiNq9xBYShf6BawkeZXWVwzdpkKL1RSdnbo1,1193
DGn6eHpApqQWmBgBBonYTzh6w8V8jcb3iCSGyuUi4UR6,1196
2dHrC9KHXMv6K6fjj48AzpqVguqPLJ6FbTq9rttvJ4uU,1196
GknDoSucg7LXSU4LQC4WCg2RaJKXFN27umfMR77mQkmu,1196
AuVjmkHTDBoJ7igEGC6mnYMQyGyygk5GnCvBJpqf7urU,1189
8fAjMk4y4wt2ACexhJAaEdKj3XEvZGiwq1kzDRkLbruA,1196
BHuKMoJwo4V4QHuqRgGQwL3bwaHnEHqgm3Vp8uQctnAE,1197
3mSCXt4BQQesHpaHRjCP6uf52XZ5uw9BbNzsgzYYqJpc,1198
4Jreac3cugWa9FVVS9fuLKi8TyqWDxhkxGwMs83Ay2yg,1197
5svzmq6WbMAAGuVQ8fRfdoBPzfBxH94qsvGJAsFQRyeX,1198
Bvhsf4QsjoSffPcCycJDnCfPueoxLtGYsE95aq3wtaom,1198
2AKh73veW5bbynFnHcSKMyPBDcDWoJCxfUAPBfBKfybB,1198
Hn4nsTR9ct1sHAs7tU2CyobZ9KfP7you8Sx86wCHaaGA,1199
HqjhuWhgRpUqC2MJhDvs7uiCRfFndg7JcYBsC4qoRpr3,1199
7G5sMopoPQ45PLaNJPkBuNzn8ZmEbtrwDEEwyymXSejS,1199
9jFGYE8vHLxexhG2xt5oRTURGpvtVXT5cGpGuCnsGE3u,1200
6kGJzHW4KjgP9ZQsxiA5wGgpgmLRGBBVN8zBGLYXi78E,1200
Ap2RfgaquQyfc9CiM4VesoC6i4xu4KKKUvnrQRA7XjZk,1200
A3v8ZNEssfpzYc4PoPG8X2ZX21iSwCYNHNfr2kcqGRa2,1201
4v1RypDCmKs2Hyh8rgbADTFEnXE6XV7h82u43BWRNpYu,1165
DvC7BgHxqMSCeXDPbAX8QcxvDJ7mGBSV99oMvsNF5Mta,1189
F8jf2UXV6CuzXpmKM71TLZ8WyPp1A2cQ5mScuw9Qek2E,1202
5xiGcvL1GwhjLdzajPJA4dtDjU4DxiC4Zxz3qdVPKGoQ,1202
59r2GQi6F2B7DhGjE7sPKUhdrNS5MCPiJ8phaptB4LwV,1196
6L2CCB5a6Uh6TGGmjuwR6yrHs3RDQdNZ4GE1f5MkmK5e,1199
4WKRwzksxybRGw2RpngaCTRgLbcx9VwqBpjp2K54t3oB,1214
i2XwTb15get8A99TvakaAFHvHi9GVA8f2oVpPb8mbEF,1214
FdCNNAcFbhCz7Xy8UCJkoiju5uANZSyJDKUtE551tuDE,1214
6ZZW1ASvQrPsEPk8Mboc4JZsWN6SmB56Tt2c7Gw5jpqM,1219
9CZmpyXR8CviBoNhhtHn3rgHqyau42ZFK8dZn5bXRkQL,1290
5ZNDbQE9oJLYdTvNkxmXGmMsWcbwCChoMwVbUnWKkJki,1316
5wSKPvYHA5YMcKVeMudeFphxg6pow428kU9cLFUUymHQ,1316
6AWGHRavWHKGsKAwZ1JDGHseya9vrDjDvtQbhh2H3VTD,1324
8RqCx1G9n31WxJNCMioTupgmPQ6nTi7dXKuLkNXSFBLR,1334
5RZx9ov9erbR1Dvzth95vq9zs1jb9KWfwm6BG6XqhdkS,1327
Gxk4bK9MCBZdjjAbFbaC1mpPgJGmDVtMws1asNqtVSp2,1335
EYmtC4do1kwwjwytiY98sXbAK3PBczz4WKF5QxRgcrc4,1327
8h5oKSg3R9xWGSMi81qkbHK8qSXhFLEF4pKj1P1iGRxm,1318
5GaEAJQbayChNuyYZgG9mnP4qbPUZ16Z7u7K1TQrWwHr,1325
AGRRPgLK8DXGvri9mz6HfJXuWir2m13ba537hv1XVujD,1348
HhsgLmXayXgJE8X7TnH3DTS3UjFWMCQ3h3ZNXzScZmg8,1332
6g1UTtaVLfdT43qYvyqmkGjzDjyYq7zqQcqPJ2ArNVPY,1342
9nNopr1XZUPYuDFGNBsanxUw4ApSPahzR5Tdy9RskKe8,1332
7BcUaeq2keD8fjNVT6RTA3BxB2rmMrM1QXEQ8QhcDP1J,1345
H2ge1dguryiLJiqbHHXCF7TEUoFzKhVEgieR41ejepFY,1349
HPhE6VtvpGb7werLyT2ot691BF6xjbQwyUJw1214sFGs,1347
HqgM3HZQ4yUdHV31LtYXqcL5G8cHginf3KM1Xk1SvkVg,1345
GRBDQRVoyc7v6a1NuNGjnSz2evAckkwQVaBRm3cvCdj5,1351
DepmfjxbTHy3GqX6kyvtFWihETAidVmy4V7U93PuaRL8,1355
4pzzd8afbcDPKMb4Fo6Ntfpijd7VSqgRu5C5HRssDduv,1355
3nqEWmyKrC5owRkABkbXXvK39cfWz6CQTJbF1XC74FBD,1361
2M3J5MQAdTeF8YQ4SnHEJUEw7eBshaw7xtCReNwSMDb6,1354
H8pAXRJNSert35r3qW3Gan3sJGT2n7tmxDT2e781adg6,1356
F1vtjJmVXzNv4L6qRLXvnqWBQfbi8JLtMwrE4BemLfRZ,1362
DEYEtMc5k6RaUNGiwetpadM5jFWTxrGRQZHKUBfNa3oJ,1362
4LLnZAQi6knq76AzZNbnmGEzVKzW5WoVu7ZSXfVPurVo,1403
GDaVbw4EvMejZcasJKfmN6AnyJj1P9p5oaqfiovQ13Xt,1404
7bySmgmXvbUjnqrYbsFjdVxmp12hit8MsFXQRGXWTLNo,1389
Fpq82zTds5YUPExw9CtcBZ2UMwJrZMxk68jWzCtEpc2x,1389
6fBjyEuwc8BvdjEfGACRT1vetqSKN4bakpcsoMK2TZ5M,1399
3cCfY8CuyKAwEswCcHz4rFVttRr1d4epYi2pCHPtjxRY,1398
5sauDctYjsuFWKoSheaVsuSfRRCvqvUk6DQWbUgMYJnx,1408
He18w5rMAWUpmYLywLGuuK3fSFAp1FSw355PwNfno2nU,1381
7ZZUCvimDeFxzi3amvqPTCxTNn8UBFTZuLKJqpRyTw7R,1417
4etZQGGa26ivs68q4TV7bLSbbWBLc8CfqoTJuytJfhCW,1419
2Pb8DrXokHphUyNtQZU4fzVDMgj2VUexBPaWf4b7UNe8,1418
5CZGcwVHSiPPdaxwAE1cbCoRAkVnTGckWcyonfKe1a6x,1426
GPrnYShT1CxyxJgGj72kr5EkT5wZ1ivZectn8yBTLdiQ,1427
3iyoAXTMRd8wdewZUFBq49rqibxFp5QLYB4qsy6yL62F,1429
CeaXRCuEC3kgu8eiG5RYGa3cAaq3QVvZsTCDy12U8kJ7,1437
CP8GwMwbGjiXY3v9WYBzhknGjHUzvhWAVzucT1ksXqMG,1535
9xv3KjLkTMBzbJXVT851RuHng8FutHHDgE1sUgR7pzxd,1433
EKqwZCNwLrL47JZYN8sZffAtsqyTfnPzijd3hm2owc3b,1434
AWqMProZwXzXKQUpbyB5e51n1pBqrjnUvUuT7Je2sT9r,1503
F6XA6JvxChb2UtSZhbY6mTJczS44Z94U1jomKp7P2tch,1533
C92ijFsQsAeqe7ZmXftuFwzWcVQjwV3tagELvB2sKHXm,1513
5ar98HhoXax8GXbYEeJnNU4GXPzAYsMDDQuZVgYFPXo3,1527
3YNJyXCKi5mMmf7aUW773Hb9QregZyConRh4gXJUk8ct,1543
4NiackHdTpcWpj8gf3ggzdVvXatn2m8YZtbUXnncwWU1,1446
SkHXcxqhg3H54fxvdLLoNjBnXM9jWk1XmDLMquoMCXV,1921
EcuAk5iiALsBH1Z2yHJcQFZDs66NExZ22FXMpNTtnPtF,1877
AKQVccvVK8e9hTCDrqwhP64vxc9fp8Qt9w1T34XGcumJ,1659
GLFZn2JTiCcDurQDpt9utohUC7yqPCBjiCgP4yhwL8ZM,1684
5uwU3DEhYzitjRS3Rw2cNYQu5dSbmdQqscyiUd7hY2hd,1988
CGidHJkEJ5cXgCjcAWwjxGh6pJKHbY4GWCbWoyUakk4H,2095
BHsm2ByekZTdFdP7w6LDbhTLCzBawErWVpNqTnXAWn8w,2075
9C9e5Xhww4Wc4tUs8i9HDbY7rd5FE676SSVqAwP5J3Go,2036
J36rEKZAZofVGkx7tMfRdBYLGNBk7YJw9HABt8LM7kDp,2092
EnMLGYfsKxfQ4kDLdDhJJEo8zYnXbgiPwZNZMajhYwp7,2098
2vcXackeDKKsnqaNAoUAhZTA8qbXciaZSmdWu6aqwT4q,1992
3wC3Kbrx3fAt2zyiCP3QCUUXfWSWuzSF4X9QiDgeVUYR,2099
HVddVSE64XebWmkRBxCNCjhkE3hjtGxc8WQ8FhbfA4cs,2680
3qqbjEtknJDFu5UqcnRFcrdTYTSPBnpn9KXtpP3QFrHj,2688
B6u93NQVA8aJkoJBpWPHNeVXvkDbPp8z48zs512hTnNw,2732
8iott3HzMdhT5Cp9gZCXpBr9XLC9SpJwQFmneNBfxEU5,2788
DMNMwAgm84MLD1HjB1UhJMo162atsihbwDkwTBsLGoJk,2777
8dsUKjHc7o4wqjtKBnfNTwWXNkeQxBpwQQgLbyynE375,2800
6AYA5bLL7NB4mF4vvK6mJYEQCyyyZWsWM17dxCHPF71r,2833
4nqc1JXij9deKN9wGPV87thuZ5o4mXyxME7QLZ9QXg99,2886
2ve9AUZXbkh3dbkrGFz2rqR9MrsaWJ2QHvSMW4o2TCKC,2933
Faibxj9GXC4mRDh4UjGXc761SCMJuX9q6SHwnvniTz5U,2951
CvHAM3CkK5b13oAWwietJ5Bc8RcvH1fPSKDik9Kb1Rs,2956
DLXbBwvjNxv7Jpf39DZqfpQjth8RRUHquJr9E9Vncpoh,2949
AiRQNVmDLx7QundkykmxeAAY6ugJ7fkSu6uvm6P2yPSt,2976
9dthmYPinwBsoXre9KQrhibzK4kQuyJQQdEXTkuhSCDn,2959
2SJqW1BAyi9FEwaZk7M9mk4m6VjshuJD4Ps9wG5aWyiM,2975
D2RDrmub7rdZsFMHz1NRSgMDNr3T8MdrtEPGTta3cqCf,2973
KpfXrnTjujpfLrSZhXQvbFL9ogXvYgQHTTqqxeSez8j,2976
DaKiKKbxZPLDFkbWfeRkvwqKpYgfVcU6ZMv7znnfaRb9,2963
CKNvMMctP2i8DEJmBRyKQsbUn5BRtMyESJAuBKriSnPm,2965
BbXfaddWq3Yv2Fct6Lifxi1ovRBAYHRgocsmPutYfZS2,2983
BRggxpfFBHyngNpj3qZimxKgyo6LhcYTfLEKWJmweLzN,2987
EG6qU8HGBNzfLpweabyKfb9fdZ4N436iTLZMSHuU8ekD,2987
FzCGwb34wDA48KNx27NLU9Frm2u1z47grqym9NJmdyrc,3010
AFLh9G8gp16UEHUHYiduPca6ybNu5JrCMk3LJS2oehiA,3013
ApENuB5hYMEs9omZDuByZKuhc5mQY9pfTiYTuxcniwRb,2980
38fyj4vs2MqtRTW4XHKcJrpaXYDLuKz3fMEzMVZYAESe,3011
8sHFGRwfU5aAf87TetsCWjsG8acGT3tmUVmPUPXH4Fc8,3015
DhYc9m7sCpieVRS7XfW4TYjWjKZ8M9jaYsWZ2BmTX8fu,3018
Hnnz7z1XmHBZRMh2p9tU6wGMz378i8sNZcur3H6TNU8H,3019
9oHwHXDF3WrYLVANVvUiutgoSJSwUarDdxxXe9gx821j,3019
CPhH5sXheVDikj2eCfGstxFLEmbpRZHVm5dL1nPQ53qF,3016
9wmzXUpK7kS8t5ZenUBGVGjazALVVkNAEfB2WnEKbh3L,3021
DgHBafZJkvVzHHHFy1kXyTSVmq8dkzDYbNyqXjoFWacF,3020
CLsyYT6CP8XzC2QXidxJ5UcDJkQD27aDStjFGbdYrMmA,3017
7u37F6m7wcwL9wZqsM4Cni6PjRXYBLuDFzqHBGoNEW6S,3018
DERAf3Ngc9uBGzZ9hgRTZDBzNE249H521MoWyuMkJ9dM,3022
8LLsNsAh7s8gZs1N84noDRiV44dHFSeFJmfM738sEsKR,3021
6tzPci7mS1CT1kntfNPaEa9oGcQUadhGLJAdEa4pJEgs,3038
7RrxmLUT4RteotcL2PnE6qVnLzuo9jt9U4WtCUjtjFB7,3038
BtvYohg5rkPzcivozyt9gzDpfrgjcrpKAuxvbHoH9Dn5,3033
7fqUHmJU9LmofAAsCn8jVL4oYNDASqkoLpz6TSGvo7MP,3041
B5YzYJk3iv84oHE7zCYYAAJGyoFpR9nWP6heJkcgoqqb,3042
5cbAQdsMd1bH5M1iQbkkEXFRUUTNjfcQpntS41u6c961,3042
3xFRJ4Vuvbgqg3VyHLkknmxbPYe8FSogtKqtzHrKNEmY,3042
8ArBnvmxRHJS4qb8Mj3gjWRLN5rKueqer2sxTTJJr7H7,3051
4hk49emuMmBzMQFwF1WtkuXAVs59WztNfA5H8cbvRjK6,3045
CSBRYwHU7zu3Mitpg4ZbZaphaPDZeBR5KE1XW7mRTmrc,3052
FjG31RGeFMenBnwNsx4E4owKxxp8FGjLy47GR9rGXjjQ,3056
CFqzfCXavpR4zeNsjUDskeKfRKdecqv9sGkXG7mAjGt8,3087
6FxiEyQ2RXcK6aucfsrS1PbBb5Wo2qY3NPRRg1zLi1vz,3090
5nYzoXwsumD4jkdDuHxKP91sS7NiXfQCuH5YWwyRSdh2,3112
EZFDZgr6bbtdbcwEaMsuncNUzSSrt1hvKU23pgW2YL9J,3120
9fisuD3Y1FZ3uv6cj8AHpVxxtVJ9MpvVVStMWtH3AGka,3118
47MC4gW2i5mdMpSqKYrCXJWpiEA3Ha7FhQ2FaXrn4859,3114
BWq6KxBaGkqX8xusdszQrRr18upJVYE2CD6L87AQWoR9,3120
J5WiMfKrGoKk64SoiGe8ZH5QUf9qGRsdRQ3zAiP9GM7P,3115
7nUQrmvQWTQCAqjkZLbk2VEMm5VDa78hVQ21cH6tT3Lx,3122
CSYAga1ejPV42hyREGBW6To1PEEjj6zBYrKcDcHWwoLY,3105
DbSMqbvB3QHJN2J4UXViyvy7UJLBGTzwVm2uKQkZsCs5,3122
7WXQePTPbivGE9dLNuqinPjNNfdiPoGjzCMDFitgwYaU,3129
3hUQ6pqckUPFP5VmvLML57tJpWu3pfK39BmbAsgpNAys,3134
63bPKt5NC9qPzTNtu9LshBwGBiwVE8fzMujXzVjAPoMP,3138
3qZjpcx5j2Wo3d4oj7VWtTG1LDSmFEG3e5mrMmES4C4X,3127
7wwpx72grrQ2rFaaAkwi6CfzDPDcRTR8pUG7pd4qFTTP,3144
5zHpQY9NCupC41DgcXhRQZVAoaWDfVgqSEitg5fi2VDB,3150
Hvhc3TmWZ7uWzgtJym7xYzDcU2cKs95Z1vgjg57QUwG,3143
9CYUbWaBFK3s4PLfLkKwtX3ku49cKcH5o7D45obsGW92,3166
CyXuin8aY22XxTijxsy3Tu9dg6m6unR7TjuEXk1o5KfC,3191
BtN9Thas3MGREz6gmKgDdLYGy5Wjp15ewDudcatLoYMn,3190
7nzoPYSH4f53q1rLAyQaey95N5mw7CF5y7RrH39HpzyV,3192
F1eSCbBnyyn2dHSLjnc6QShuA2NCze43Uk1c4y5sU4vr,3136
Bkecd92vs1R73NyhpvvwKCMCvuR2sYjgkiJ8BpmSUvrr,3108
BqEyRD2Fix9MgH1cDjaKGfxU6WZT7zDuwkjpkBtWApnG,2594
3A54CGEEUWLg6oYVyLHNL7kCYjp28zJDV3pFX3a3qpXc,3404
232mHW4Vu4QtwUSgkVbosAGNDjDQyZ4NAbPwJx9b5URu,3383
BK4Gqtd6a4W2G2v3XzsZ9WxGD9R7iJ7z4LNn4WgRryzH,3413
21JNZhW4fgeeBW9nHFhka8p4i6oYD8o84d6Em4Z3TLLW,3418
2PYcSkHxaZxzCxRGroJ9scN5PuTvkihbLUG4qNhMEeCB,3417
2nvekoyVF6TLbs5xSNE8dWuJ9WzXWQcoEr7wnzhKk2Wn,3414
7FYAkTmP8H3ZiM8hzouMPuGJ9gFYGZLyqN6JwTKEHm9i,3422
21AnZMyhM7RuV45EqwzTHa4SFcusaCKzq3eK44njtaBw,3417
76Nf5rmdDkXnLctmQ8D8qsnpd3dzo6jgEPMzZJMjCTqs,3422
6RW4v6kaAZoH64618NQMy2fNqYKANZB7Qv1u615qQr8A,3420
Cio7ZjnoT3WEUR9mNJ5VgcAktup9WzgeM11W251pYgRG,3428
94xqLbayzB1fHtgLjPVpzMTfcAzzk4EqUWLW4BcT3Tsh,3439
66ABzn4KfVhHomexBYPCg1oauy87eure67L6ndFGJ1fA,3433
7UFA3h5m9yxCGfFnRx67PAzrnQX1X9qiYrwv7EoZKeSv,3405
EVyLLBuhVWsxC56pSjgcyPRebH37E6GJNEa1YLH2yUBs,3544
o2FM3J3UBqwrAhZnKTKXatr9KfqQ5cZvdS9wztDrwya,3414
AR8FmkapB6EHeHXKArnB4cDGMVqco3BVcnF98zfeLD4L,3415
4eLKFw9d7zUmAWmBXfJ18FJsp2tzLu9DRJ5V2STvUdBu,3477
9eGHwt3kYRNiRsH1Lf3yp41CqbCRQSPkqWvboj38hppU,3546
C6DXY6CW5bLRNKgQM6eXSBgokaZEeBxua6SthL3M5guX,3549
8zqdND5yMpgdfpqWiM2SGsPqeQzieRPTPMWmREUqghsu,3538
728wSydfV81LkGnVbf9sDrWJ2kjKzMQmSyDQ1MtosazV,3472
9QwDFvPPAVz2VMjAbH1DYNiH7k9tHWhJSDDMq8zQDQfT,3232
FewHo5r9TyeDeU6yXjzxLUNXSygBCj8hrjcu3Q4CCDN5,3207
TaiKqggBVZRe5z1UMK8hdSR82SpAjXNskHE2WqBQerH,3210
7GFybqmweztTy8X9tPonGWLfz2RCmKKESu1YB5SzFBsp,3448
G6qw5acTMv7eDFRuWPFR7u213wuekDVrSZU3mMQJcJKK,3576
8LmxCE9wEXGBFosA3wnUCoeG6wgnP591NcgctMUNoco2,3531
8vJytwq4GvjLcMYgJEuGqHhaDCBsWijN2MjBwaNpDdDP,3218
EN4K2687qU7PJrbKtaF1k5H7h1NHd78h7fu1QCWwBbez,3094
9Jft8MUZU1zxxLfD4Pmn5aahkju74s6WKvjer7ou8g7v,3540
GwnrjadvPPqV1aQ4xg5kpzCkxzri2Gv4HRrziPHWRMzt,3257
GJpYb921udGC1cffXPgGbGCr8ZunZDz2vp6w6pTEj96c,3321
HitURjg1favKrsHPvtiyAf7vGXs9rMErpXhoEkJ5vgXu,3127
96LTkpR2PuyGpH9EmRjbLGX7QSmPbrzG7qW5VgYNm6mt,3633
BmsDsR3murf9Q6uhTJ3JpKJfHiJqwdTevkk5M45wc9P6,3043
HLimdxQAfkhAFPPvUttGFoRGzg6Y9MpUAfZGs3htDexy,3677
8q84RT2qQDoAVLxY1TfTtW6wXp1WYMsuiRVKBQ7ZEVzP,3387
AA9GfZmRiSRTa74V5KTzFeAPRspRtTi5hFgB7UCEt6dE,3595
2bHvV6SZFRi8YWd3CevfvezMmEktGYmubFMQVt6N7Shb,3152
3aen6jrphhkeziEM6WmJVi9sc7WRutW3GuxjJTA2K3MQ,3562
Cgtpt2cit39cE3zPQpDTj91EcxeaLYCfeV3vZr13GVhn,3714
DAZMJ6asvTftaq3FQCX6AYrnMoofKgAvYpFhm9tUcsu9,3629
AB4UCtJcdvUsMxMVVtMHo3dFtCFjaBx8Qnztm4mbwqeV,3712
CpnsgYKnpibTCmvRMEv5a3RPwDr1JwddRX6MgLnNBUJM,3624
CVcDXHsxfBGHpjQRMo5fTXg7Zad15Fzh1yGkprpcMUqH,3685
7vnbKznQmTQedZDjmLjfSmYAwxLkYRGcjcrXhXDpghP8,3705
EdzDEY3Hrt4PRWq2iRBYfSvkieM12exsq24MpJFDfuNk,3646
32jW2KsfEXUg39bm2TKUwzwCyXJ73GYkhVaJsjtzEUbT,3743
BXTAeV36L9cXWTX7c3vR1Mu8kGn7YBeFu2CQqBVptQPY,3614
9oEEStqeVNVhv6F5TMSiNLXn5i2RZBKi8hwS3KuB1cxM,3526
4fqNuCEL2McU2LtuGc9TkBw8uKyPgX7CuZDnGcnw8zST,3611
HnYCDHpG1xLv7zMrs8DA6eXKs8xq8XQs7WHucAX2sxao,3403
52P69b6EETQduM5L4ZNZeztPSmqF2KB4X7SpmKwtafUh,3653
AfB4e4PzUb1cLULRMWE9tCb2bipeBUTqevRSDpQBWciB,3449
BSehGyZwzD5PuEGu5DSzAaRSWALAZi4mDejcU9JbGCt3,3739
7symdU32xJXYWyRdBh1zXq9wNKAvqhz4L7uyf5SvsfYa,3721
Hnmz63MjuLmSdJ7P5j6SrV48oR3g99gMPhWWbuphBbfk,3779
7UnVUXjzb3TQ2ZsjQF1V7jrKjxRGJ7WdjKBjyFA8UqEa,3783
2WTsVtNRYaX8UUdH7iNGJPEEtdCocBW9HpD5RfWSDgQy,3500
75ghwWYEpLTbn4AWTzMuhsos9bpExqfkDvXgwjxp1NpD,3775
C4KMFZJ5F8YoVqZX4wHNkKmTp93Hq6bicT5TqxFrRmrA,3422
CYLf3ZtHdxsKR9DPV8LPYNqKe9z5p77vKMxmzenLRoou,3788
8LbbmrYdaxVu6MAjGYzCZwu8biFYcnKA97PXQhRJ2R2V,3291
94oJ6eQmdmLNAvruHtEi2dBLFjnvwVcts18mvDDBpFUi,3755
4bZev4St7eqUu9UVEq6YNNuTJqSCHh5e9JSrzdLVmk1z,3290
97gTEqPXATByVbbjjuv9YRxyaEqqhScyKuYraUjLztso,3323
2b7QgDFSDkLnQA4WvGHFQvDF5UhucUBDwew1dpjitRYH,3782
DLqDP84An58QmGRjp6msSv1y4w5k3PgfjCRJdLUjssAJ,3527
417suW4V7WXx4vbvNouTNDJnHFp8YusX4efpmQA9889o,3421
FPpEXKjQ5GeFTxmFi1JUqVZwbwAvdZkHvPHSZhm9N9oH,3512
EjidHsrqTWb978g1kGDdpz2yNHojs2xt5D8UDVsUfUgH,3767
CMUQYfG8BGj4DP1NeUqbFcAM67EpmCLsCn9pcExPnUHp,3691
AGnHAJokpiUmWtBYTj2uKNtvjzdMdYWhHHj1pGzhUzUi,3058
eQimK8Qa1hBkmyAX5gS2x7hZvdpm3gsBvjf114F8fEF,3531
GBf5M2BC5Rxk2AozSRrLi3VEKL5xEv5fKVk2DRx9Xrq8,3849
5kE3ycDjdmyhHjQcK6XDmURJ7JxEQ3xXhsuqSSCrcUB9,3588
Hq91smRQXiaZrMLrigW4qNhgn3MpTgsJsVoFMYZVzAQr,3765
6q1j3b1s3gECG6UdtcAuFPKfwDJyPUeTz88s3XCeXJye,3363
8SKnQz882Jh8ghK4uuDejz625DLYb66pqhcJ6mgLo6fu,3786
9zFLwmmHSCUVdFHxtrqp4mXXaYUXLdVN5Yh9SM39GJTL,3587
En6w3tgsB5e2dthJEca6WbLeMsDQEU2yUke3Z7mHJPnJ,3369
83aLP6Dkfu5aHPqdYHAnaWrZ65vioxV7Q6c7sbkaSStf,3749
7eTKYboB4rNexJUrSwbxuqsqvsyXJQzANyySUx8uouFz,3848
6Ux8v26nvsvYLf1Va3ec7G4bp1YjN9cFpZojywqSQFNq,3829
383HK3BuRVrf7piiZp3z7MzzkYSEx3Emd4asvkAE1pek,3807
Xujn5Ed36EMdR2UspfdpKTVVJVSVQHGPDXNR5jiK2nT,3807
3sDn1afzn83Yqi8oZ6nvvawxrbtyZiYY4uKqcf3ponfu,3887
6tDbiTmGbMiW5Fa9ES3hKcyYK5pFcucMThjLD9GsHBtD,3645
HctnMX7Sk2K48cmr6ksZhEV1k7HeUQm7anxawYniAH5f,3807
85Doq8v8p15YpjsvMrSyQgWSeLk2cPGAzcVND9PcrnAS,3925
Ec6qr9z6qW8fjc5p9JoNoBLLvE7Xs4eYoEV3TLAA2iK6,3819
Dwn6QzaFCwMqEqpbaXzr6Ad4YFCvovgoayJLPg81EF4G,3820
Gg5ww2xuqKfrwCBKHuPe4Hcv8s4cTTcg6c3KM5LsWAnP,3922
pggZQA4aVPbWVvFzoCk524ZbDCVWBG8V2LJjpqzrz55,3924
C3jwVauednz2QUAhnoJfxVxTLisCG6chsuDgLKFiPXWq,3875
4A22559849F4Ef5tzRAcRbYTtNe1MQbT2e5NgsbJF8Bw,3860
A6kSAwpBDGDGPpDzSNnUZF18pYYJoJvNR7zJBLqLH3LU,3834
AnrrHVfqFTrW7sF8xWRhQPirMX2jE6AFYsunzty8cehy,3867
GfJ4rcsHatvqYHDmJsAy8muqwYZS35KPZ7McEcZZbUur,4021
2s91h4a6FgnaSwMVg7bUMk1TXcXHu4FaCevL9ojsfcze,3716
AsDzBHE3xyUGXgBa4w3mtiBeVbHawbEEZvCevZKhZQoS,3767
5Hn56TvtQXKnMCPDYuo9U7cx2akYXTqU8wiPQcfRcBfh,3759
FJGNw8UwBtbhaKWdRLr5BGYiKVF9FMXmRFpc6v1TYL4e,4001
8HHCcDj9DAC2R45rHaRarBCyDNr3ZdAJNGQUmGHrZdFo,3726
HvKGjpe37w96U45xdAbUgyVvWLxb31gRW3ZGar8dDyEJ,4028
JAS4gFBvrCZbKe7TukDwuvvezFw6Bq67rRerrxjS4QdR,3954
GHrpuPLW4qr1MfLegeEspL22bUdRXD7SkC2UTNwo1yrX,4221
B6svgzX8VuEqXK6zCAbQvyzrTUrXDmknSoBuLteT89Pp,4255
Fq8ca1FWXZRrgqcWrFBWNZQ2AxKZJPxJAnMMCPnmnwap,4307
Gy9joSoVu7NLVBqVgnQeEyrdVY6mksHcTvT45ACa624a,4297
C2k2iXi1Fb1WYifKnGzxX9sqg6h8iFyNh2j6EFtRHMoq,4292
HFTg7zNhxLHTCV8bh73u3AchnADUsfAwYHHJgcgGEyMa,4057
Cc2aWQcPdtMGL5ySw6UZhaLbFaYAmM1G97uys2Hoxx4V,4380
81PhU8ZJCoRtUjaFBy1yi4puCpJ4ufCuCrM381YaZr9E,4338
38pr2zLuY5oNeDffZumTohxGJ3afbm3MLEBxDzTwzpet,4195
jMj4PeozAJNrCJjLz8j2c68B2mpA8NC8boHW9uAHpch,4194
2wjBm3BCxoQVRQkBBBTB3skhFLkUxQULuSgvAYFKAMFj,4193
prBPLNqVZF1AubkpPTg9f5HGMTTek6njBcADj8651hD,4467
3GCvRC6Kr8Shw6mhQxKcPdBC3pPxgqgT5xHG1btsPUG8,4289
DCLhYQCKd3DpPYvnQB2DfG5GZhBqAJeU1f2aZmhdjSiA,4201
CGQQjqrux49hmuDwwcm5AQFpn4en7d26vhmBaNKm8xZd,4438
79rnu1LAmstQYQBM97AceL2QKLbvSQ791hX3RY1Uop37,4316
5cvHLicAgkjNxbeiCTT73jX72smRf6pGHVjqA7X3VYeU,4312
4yo8hoKPNgHhadCQXuEcK2mjWro4YXAHMTN3BzxxGLj8,4362
5xf5dwyLYCz1KkUbC7BzGSH8FcLSZBMWwE4ahCATMrm3,4280
5iSSrrgLkLaXpSJgLTTDkd1AjXnXZfDuoLCD95D6uTxW,4220
HHurvVsvPNF91YB9eUGPYcXVVuRAuFxowHHTjypxrcQn,4080
DWoemv7gusatj9TSTu2xeyZhojj7ain5j9enkM9imRgD,4410
8Y9Wqgw9ww1WQ5nRGS5XDmC4nnQbLoii7Eh8ToGqXP68,4432
962fzJY2cZv5cwXQGPKvtsDQC9uTs8EoHe6XaSyNkDzB,4444
6tQmnEyB9bDW6DomxJ8E9a1k9iR7qNJYQqoJQxrYLoXL,4135
451kszPpbopuTweGTmmCo3jp7Hu9HnWgJ5hptLmpdG3p,4366
4zYsVjpSRxsbL15eAxtmjJiMg5V5VRDRtwxMrTGNTKkk,4257
rYA4WSn6hdeiscunHmm8gLT1P6ELiZUAhfr1F2kakN2,4253
CqTrDZAhtjQ8AYFnovF3Y7bQEkoBYyhTdknepAnvSrB7,4634
ALdqx8jw6j2HcYtLh2RNVsyFUSERbUznG89eM8UdwaEy,4545
HyDFP3s4vQYk9nmLeh2BpA9cRbopzWRCi1bTGvZCtH1X,4538
4FA3zHWMA1ohTSSXgBUWbFf7bwrqgRsrYbyaw65zaxeJ,4367
Bx4PpomskTFpNuCPmMxwgaRCQnZSE4zNBWoqxAwx6MPN,4520
CpiVrkxS61zajXmqBMN9xQKDoseDwzLpYGtgSByq7jPG,4520
8qRaYdU7J56dY6qJeNdxediQyy1fBwA1eR9MjKnXa6Gf,4617
FWFBVpGkbft7yQHBoFftj3GCisYBrTNu1M8JUjwk8wiK,4645
5ZuwkbWqXeAw9cffdK7Lu69vABVNTFc6m88HMZ9y86FY,4521
5idFJ7GNMWZ3WkR9WeZRtdputeC5vtvtypsb19PCM3iC,4692
BMzR4a2ycv5Kh8AjcEbfA9661BeUef3mX6M1BgTKUuFa,4720
6Tsf51KqyxKdB6xC4XBVJaQSoiBVzTpk4Rx1ad1x16uJ,4577
B1D8WSsvkh8za5yHA7oEDm7cEWxfuEQuJMKX5zq2Fxv4,4496
391zQvabGCPdPikXxcc4fvVmMKptHP47JzaQFx697rVA,4497
iAh6HpXtoZWqYrdFAxCu5HX37pA83jvMPYMTkB68VF1,4497
3swvaEBwAEWhgdmWCZQh7fTcjQEnEXy2twmNZK5fMGaM,4652
3kMgNinrVPpMeZdAJZwz7kMBAty4bZT46up79Q9dgxwb,4519
9FwYy13fTaCyBKTfyxRFz7anoRZRkKB4kczySoN2qZ8G,4545
CWoRfp7ZuDRjPiy9g2PmN8gAYu4gWWaNRUKHEkuERJDu,4393
AF9yPqcqVwuZCxMnNoeqvfXEaMYanycpNMxdmnA4dtZ3,4385
68KLGX2zMTESbaFHUPwYxP2EPGdPsKFxbEKGNXHEgCCU,4527
CAXEKf5vYLuWwSxpAHTyxKP2hy5zVyvztE6sGu8FEkJg,4503
6xURSXjiWJvy7e8nKPHNNDoqbJFfwhS3RkHnSzw7D55R,4657
4HiFLNvFvuJNEHze5TYnPyNxNKyh2hq2R26KBXQ89ctL,4600
GcptpPByc9SdWRrU3oP2Gi63LsVE64RssVjRwBcSjv42,4432
88yhPpTYR66dgYkz1Yb39BCDQQLVR2p8xH6yZVPAGFYz,4680
FCPL97eSVyKQ4pBSupbuzEGpUjad9e31TWsBdqmRLmBj,4590
CzvVBGgc2Guf7zcrTrKx4fqRFmQDid6nMrhSSStAAtkK,4647
JEJrrNvX1uZHsNLYT19ag5MaahmEkGdqXV33EdsoJsL6,4695
2gNpfMSiNArRmooMixzq3NozTeoLsj9A1DA4N5GQKYCN,4470
4JTQsSqRJLZaVWan9mie5KSiLx4qAUc8mMP2JsVVXkk9,4512
3wxj3tR7d9gbe8xnGhegFN6poqBj3UAwE1MV5PLD93TH,4820
EPyDh4xoHNfem5Mw1UexArJq5ztjcW5Hd61ubaMrH3Mv,4710
6Zm2zSEL6i2sGFgMztuNUUieUZjv3iRDhguH7ZTKmAkn,4753
6i1wHaiAhijKYHsFxVesX1tPaEUvWUyNtEok7d9q7JW4,4358
8EgsrVz2h1AvARpWcq3q1i87Xxex8Lf2U37FGYoyY4jV,4431
9PL2chJ12oT4sQTnNbzHdFdXXvJKyjdidMHpsJD9iQxs,4570
7irNm5frCaA5YKNJ5debb8fG6YiAMLmdRPmRTpHezrQR,4658
6dgyTrsV27t1bhUDYaDZjTUr3HEnp1rnawsQk6aU1DLt,4662
5V91VkmPpJzJc4sw2VfoUa9TdykQoYVqetZvD349PSiU,4556
6AddruHbSCidadCUgF5Go1GSefSQ7ESYtJ8QHFRRoRHD,4479
DpSjo9zaDb8gaeDfjMzha2bLKyyq4n6YX9Dedi2SpLuH,4797
8f4RQnxxgkXvoysTfabGRcjni9bbzGQaAwmG3gwTNNgs,4760
2rXC3QZ2BHy15Qt2gsea3W8XPCnsnDSfi2d8R1FcofKr,4728
HgNUyc3Aryah96Fg9DTorfWUH4Vu2a2KRbCuEVC2Zw1o,4772
8YBFu3asXgrEZEQ2UKVpF81iY2ok1QkNUdGgeP3NsG4h,4837
34dyoQLFiZy3vKpzVvpDNUXxSx26YBMPFfrCfu8uguau,4426
qNLGtQaBEBLXXk3RmhLD6p92QzS4Jo4YHGeYdhqXRps,4753
FncZgzuc3Mz9nV27keGCU93M8kLyhqTMGo97YoStTxu2,4757
Gsexupkmd4YbNeG2sVUr41WJZBbmgUSMswZo6Wnsp25g,4762
EoSUe1o4iTETknVe7mgDxtSK7GHd6SXS4c1CU8kmrCdv,4432
8bSozF3d6bExELP1ZG9SeTXmMFXqKMUonUDPuuHVwm5o,4771
7CBbsd92BXuaWMM6XrPXyt8Rcb92ZHyk1BH4d7C2zYd1,4775
JCEsc1Kftp41zkkUmEKSYf32T3iJRwLV86SaGM7qk6QQ,4826
A2aS8tUfdnhDw6PPvki6VREVJTCqKmMNWrwAJt1T9Dep,4554
3ge3YThStqR8kzmh1skuTfsGsKkR9Cq6tcALbsv5opE5,4359
EkenrxRmpmosQuZynyrvoiDERidHKM4afvvDhMmWVvqj,4800
Gj7gaE7QKgLfDMTdqpeA4dapXX6ek8J85nSgGj8SuAn4,4869
7S5bcCzGK1UgnZsT6toFmuLj6aNvtJjQmfWxZApLVu58,4950
CmonJ3K7fUPd8oGqUvvyRsEMt7jkLd8CT1Ns7BHiweta,4768
5BqEKtxmMu7jJto98nZhfpWrKnRYGCp7Xwpo4UsyEqrR,4542
54QmnEV9s3M34sWpx1VSf9h4M5e5Q3pL5cBTdepbRnk3,4705
4P1xxroaZaib2Nu4tBBgB36p3qGUBRrUeZmgmT4kac8F,4706
HyuzK7QpiFEET9TWmowHfXEkroJSQ88cwVin3QmFCBxq,4772
5u2yLQsNHc5CANTKpopBHfgd1p25cBSj4BVZ5pkuLk5T,4547
5owk2ZJQk5PqWCj4DJpn2k5ipAp8gAEkwzCWJuHP7Y6B,4936
3ushdsB484Z9YQ2z5kv7eSU6opYEbTNemV19vaASjwm3,4590
FziCdYSH1Vv32KVXLqdCBkgy6c2SiXfTeqHd67E8DqgX,5024
J8HDbYiR2fw6WXjPmsf2sxLKjP9Rja92mrgnTt5XSg4T,4801
G52fEZcWGsdFUMpFdhyuezD9TaBL3Fgrroh6PJeVC3Gc,4627
FKeFyrLeBcwVJFRcMUxxBeF6BrVgHRMKuvRL9icHwLb3,4460
CLYfGswTzYSa8NuDMJikfuk9mKLUdXdTAKqHtGAG8Yje,5061
8bSZoB1PPhPDJK7VrU2vJW9nbmPnmDEZY1FYR4pCmYh5,5062
8GZChGm94NsXKYJeAcq8eGPRUtZ3Hkx6nbHRcam9NDYa,4699
Ft4NArcEQUfeQVz591Jv5hauCpq1pWGa2UVqHHjjaaFp,5172
89GrvWgJSUPNKa2SiQfQdz4B1WtetMqvhUdRtZvi11my,5128
4UxDekR23gWCwFs5jzdiX9MJhrTqY7TR3TY34cVviBMz,5086
FLeGWyqzibcGk5y9DGDMuvuWJtCdzXbe3vBMRW633pYa,4959
4px8Vo8T9jaYuLfBzT5xcKi9FpGPtQJaWmFbSyDJV4Fz,5051
9CujM2ecw1RLQthitb5gg7H87sutzrx7jya7KD1DBhnq,5070
EvbuUTW4AQTJYW1TtQRDyFKYqGe4bw1dnS9oLQuDxDKQ,5061
6XZpRrcjXC3v8PJUUrHoV3UChdHTWkTEvRoKWXBYWQPm,4865
EB51Tiz4HRah3xoTBJSZ3PCJjyowpG5iPXZWUYijVxV,5336
32gWmEdRR4vm7Wh3ACxv68DtLwZ45F1r5eN6X1L7Ly6d,5037
FLNSUfigD7F4xshkZknsxiwaitBEytwSz6cBaDwyz8ZE,4968
AhMwJDSYJFmA4uMEZBmGCREr8dPY2kj7FpFbdwfXaZeN,4908
Bnia5FVkfcXEDyHjMMMaaN14g2coZp6RHEghGoKBDMz3,5076
2kk12Cnq1BdDUJ2GUUHjuzV8D6JhCespTCMbyDuuHNDV,5107
FJELvd62LRptjLhzjAyGtx18QBhGSAS73D7JX42A8P3P,4912
Jssa6cBf5wvdCoHqTUEAYKMFLxraQp2xvzjH8t1pyNN,5047
8SX79mpRrxp1orEoMnNVqEmiM4izyrzySp9mxVcsAzhr,5036
6RjAKY1q48hhXNjJCn6fiBB3Xr7LL59v7N2zimQVknLq,4791
AWwPh8yfjLUTENuUdvuFKRmJZ7MmpyPR84prAgoz4Ryg,5048
CzVWmHqVeAwRqNH19Kzcq6UNEdbMKnn4m9sdX62iMYor,4792
BCdBoFu8WCnP6szDEg7sFfeDRWrsrEGDr7FnrdRuk5bm,5240
8ipQP3dqiBDVbxoaFfjBJNxURBqBBPfaciP3jZwh9aLf,5349
F7iWA5D2PgU1FkmP9vGVvaWDzG1cjo2tq8Gs26PYqg5q,4916
Htg7Qtv5QGBsce4ukWv9nqzU5W4gaD4N2vJPBAZjzKjU,5233
dbhD9VC3fU5EkrwSskj3cJVFUP4G3VfQFgEg1F9xHxL,5020
Fsr3W4Js7RErNf27cWo46MqR1Rci417W5YiysZppjs3Y,5082
55Eub2ULb2ovhxe17kDXsmEB2zw4dmVCZ6VwUW3hKXxx,5242
yLWRbGpSaZBNm9121NoEEsFCmZycx3z9wodtVpY29g9,5278
F9CVDcf3xzWq2RaLBDPVC8CWoB5NsQkupejnBRD6hMy1,4884
Ctr3we67fYT4jV4YfmV4DWpocVC78CS6K3YtsQSv6jLD,5234
CgXPKTtHpN1iDxhCtKT5AveCs9xT6DLg9eEV13M7m4mf,5054
37Dnnvh6JBfVez8f3ugYS41Q3ZYK4hu4cKu8GqazUyd5,4897
6iqYi6NS1i9EF2uYfQx1a1qJQRdA8hnYstKxBNpikyat,5039
5B4nN4zH2qzVmgDr2ZymLNULvnfb7QzF3oQ8titvoomJ,5399
FeEQLaerauziLTgBJdGuUh3Cav3Z2NUZoUrEew361LLQ,5246
38YbtLzKU6qFbSPhR4HwHu5CHpZvFYz4ihRqvJC19stN,5247
CBmkeoFy8oEFw3c2T3cPosi13FjNcPgDjnHeYcj9rktt,4897
9aptnGSHEqmpCb7BZnMTubMYKyHhsKdbPxZ8wCxKgf3n,5110
3UTJBwTvhpcgWwMC3ZQmDHW7RmMcxAw8GjaSqbwvU69P,4919
C8uZfiLKWY2bgsxqqbcQ9YsdDL5d5GcmJqoNaEmAgBUp,5079
CF51BpsUgsDwfZeViD5UsndxWvRxKL3n72hao8z6mo7b,4926
ETUJwABN4XAfkLERydmMfHHwSVB5YCgr8bhcLBDSvfft,4924
BCBaqcSnFdrNnpW9Gc41L84D1nooxv5t3ea5fqDGQDah,5085
EiV3CRyARP4bBRYUmJp4VX6jG7WFEqqpcmKmHqu9fWpS,5095
FZUYTBZokmtUA7SrwBftpNmUV5KBaKeA9AVVeVj3odFf,4939
89R1XBo7kKMsVFKgt6p4y4RV4zLBn9KedXgLc4fJqNWV,5209
EeP48RE8QS8K1iBmoHdJw7MctDtYQqPWtgfXFMirZqnq,4932
G33vJywUmejhkoHmLKBniRYo2KWU6fCpappf4md5jZ1v,5004
5H8ZfYFY9vSCZG7DtSunHVeMvNPztT8Zqe5pC5Hri9DU,5102
CTePsfoAs1jJJhrTshWe23tiF355Rk4koeQr97mMLUgx,5168
3GHRJj7eYnFWWbSSiXjv3EgHaQ9Rxk8BanwEg26cbTs8,5262
8YZK36jDDFsuwYEEWbDEF6UuV8xEbSDsuqfigFq16nwb,5183
DH9KV4Tn9zZez4igPEHkKthQarZz413PHXD2632BxeKS,5336
CJotqXefzo48pHG5VXmFWtUDHxR2B5Kf9wG3UqQ2bTEy,4947
AVr2px7T9Zp4YGeF2WoEmHiL88GzXiVw6nEht62gYvBq,5119
Auwi9bJWQT46vxjDBsurehqnNSxhoHTCciV3dTz7MW22,5153
Bpen1CeoWEh94Bi9Ui3dCF9J2xJyz6pZAE8Ld4LhcCR2,5097
GZ7oZueATWfFEhkpCMms636EwimjNVJjzsz9RCfGQR9p,5297
8UFLnEKN5vB1EeqYAV2oYGoT4bsYPM8QqAqE27cdGQBy,5105
nfPEEYLTGuvnGvR6t3JZYVzJTZMBMVpnT9HqNYvVJ7o,5098
FudymxhQNMMuR4d3QESCyXZBU6BJyciybBDKyvR5nCPr,5341
J2QxS1MqkPkj2o6jhNA6MZUqHY9u6jrXQ7vZAZ8PdYqW,5467
CfdXF4DWiQmYJwFNJtkFm4ZHm6qhA2o2LchMq5vaecvx,5098
sTX7RUbSVkKqVPmfrfahYN7ZB5ZXJgN6utydtTTg8KU,5646
ydULiJDcQrrjn1EZTgQpEpnXXkdvc9n5ibaxi9hVQg4,5325
4mKwSRyM3b1FrBT7uHrqXTzWquPCUPHdtytf7kr5m1jt,5335
6sNq2bq2hxHBM8UF5s1JN92pnAqYXeJhg1PMmzUpqSZi,5486
B8jgzERY36ZXSGWUJKVWSFB7Kwk7JNAeke9Zw7hw6ak6,5624
A6ZfyLPxmpYGFa3X72JfS2PHjxkfEGD5AZmQENn9rBA2,5467
FJ1CZdKDKkha8wQ4zUivBRsdXKrNQ99kGVDa9ySBt11Q,5271
AkwiEsJ8rMgNt6d7Xm9tKcXWxB5K3Mj2Rp4Fk4G5VBZ,5341
3hKdrUMQvMW62oGu4mDneaMzLcdtfkyhqmAPViXE5vqL,5467
5HW6kGj2foA6xZRCLno2UztDBGmqFeYJ1LGf8ihsPNWZ,5334
9xPrZ5a4ki8LFTfPYmuFpRk3SrbK8CbA2DTsyQR686Nh,5502
HmpNFSvQg5MwinNKjGRTG1wXeqJa1NNAUG9Lw5jPdatz,5620
F8i5agsdyLLtwK6p6CPHxzEs6g3f2AvQiGCS1KgWJMH8,5349
3MzEqNK5GV9gksUfGRMxfciCSVxzKhapQucciGbf9UiA,5301
CmuCTXrFxvgspS5WKrmZNiMLx6bT2bmFmDzrw2WnSnPp,5252
Df13aY3YvngRhGpTu7G2kSoBiTHghpApQ5RwBy7oSBRc,5382
5ySwXkQ2R7KZrFASFJZGrDFKChXvF7BF73nsQ1pUs7Ee,5423
DSH6STNVsqRm2ejyZS56iit1ixnVoBNtH85h4D4dErfB,5254
6YL1E8uNFGAwKTXZTJT1TVhPDRCmi8hErhivMSWuiaqY,5408
8fkpZYDmmyaGQATf9vEPXpsLk1XtQpm6fCQREuba6APS,5402
1VFRx4FQe5WmSXTavHJeCm5osFFZW9vKpjWx4vKkNgV,5834
CqVk4umgs48TH977urxmCxm5pk6pQsgL98pUVShvZ9TL,5711
9JgmVAPiNcGuB3AaWJJQtvY5S8sAWgxr3dz8dU942Hsx,5429
7iLXM2fX76j3vNmMeatYijHGJ1gYfP8ey1ZERsLpX5H2,5428
DDwU1q8e3CibtVPhSNcYBfXVmJUxqwBcjB5MNfJKWaP8,5630
2g7AYVFrthkNaaASHT2VU76uFdrYN7FRqowLm4w7xWRT,5758
9RweUdNWpWDCzmGhfHG6TXcw291iMC7EXnvfVhcZG5f1,5864
8jcV3cjC7WCRsSVRFcrwetdSdfuXEAQiENdrPTr3xibY,5839
9tq1U9Lwan9EkMAUxdtyZsLjAGBwkq997mvV4WXFooz5,5918
6QvFPVArT9E519vABwwzB5fg411nehQJZjf8NvJPXRD5,5576
J7fHzvbZdpL5qfeyierQHVQdfJe4vGFDQrsccEfpM5ws,5489
JBEsvrh1hvmPpeLnBMsAmyJotBqvbvwFVKR86DRZcomB,5885
CMrRdjocfUuAFa21yXScHE65i9CPhPuLQajeCdjDhU5V,5993
5ktPrwEKTfbL5jXpsAYDsSLzYGLW2NV5h8qaLbwGH8aa,5783
591zF4qVyJBB6hsuF5ts5Pnepj5ufqq7qYrtqdvkC7Ux,5786
5dDbh8DaGxdXoR3UL64jpvUgN6qy1cidLizwXLkguLw1,5407
7CPrM42ajiCY1wsoGEDrArBBMTESXoP9LzGAgvuZgWf9,5929
DMKco2LPxQ9vdMNdGHCFQTWDAkw3oNkenoW99vc1gDcs,5662
Eq65n4YEvaNMQTaC9Nqkp7dhmoyzE96dbLN75u6uD4gF,5731
97R4tuFgeyKZ8hRJ6MYqhWL5r76QB6o41BFfieaTETnm,5877
HFpsE3kbYGQNNRjbAGaMGtefW2xg9WxL3YzTZFmNJiUP,6275
9S7vFEvKEKkNahp7B1XqTSLuUTBaPHik5uBrcssDU8Di,6314
HHi59brutGGtM8WrzSsSJR6RPxYd1qqT5dVoyZP7obTz,6292
97odjzwLZi5e3xBS99qWrPNjRUbPgzpqWjTnHqzjEq1,6297
4em3QExhdUx9iXiKqxwbxje443k8wUDz8Jo3R1cNdCeh,6243
2ea2q7zoRxRTsstG372j5zenrrKEVbCrgB31BjF8pCQH,6071
sVovdHNRkyVjUTuWTBLDxQ2Mho9eq3Pd4MvpYS1fKux,6254
3aWi6B2yZ3xB3RRanCGtzwa8dFdSkFbJ4SuFQtUmzLkH,5754
HseXNw1is7PkZmhThNXNHBwcqwCQbkrtvvtmWptDSHo2,6043
HrMPHM84B3nQEVzj6P81VD2Ajn8SkrVoypNySmgv14uJ,6374
EnUgypjmq9yjzmbZfr7cDmB1Qx3GdQxYrawXHoubzR1M,6378
DK4GmUbJ3cqayCg3jVHxyTiNf7P9VGtWZvC8oh4UpQRH,6114
DB7AT33By7NqPvjeDVD2a8KoRzmmDQp6SnYs9EPpJasy,6334
CppK8XLnB1ECmRu7RQd9srrTqiaxuZoC7jqqbArzUwVf,5757
E6G7eLMJmZaybwmN8mGFwPNT7akKQKiPi6Wm4rcTYLCG,6273
7ft3iP71AUY6GhQvCY6ZC5iNvfC5YuGcUtFGKjA4cszr,5893
kzHyhQ8VaTgqe2QVA17RS89DPQjd1bRQ3gshJkqxtia,6226
E5VF8j6dSeQmAijcB2SWci8CY6g3812taHUMrhhEwZoL,6415
TmwpRs4bvB2B2TuTopu6sfuR14yeSTj93JcCiduDDvf,6369
5xTPaN5z33iUhnU4ofswYFZCrRd2UWhhsFUc1GZmLK1x,6145
9iEKVb1ZSHij3PGC6yaeycJNSJbRuKFVsPvyXf2evTP2,6412
Hsp2t3LY9akSs4CQMKoCzkuuszDkAbLaQbPPBN58gn4v,6549
Si67sMcrmZpceL51Pns7QuwtdKojXMmwGuoyUF27fAC,6236
9z1P6utZTLNPdBQeVFtb6we6qCmTb7gN5VdH2EhkXbtZ,6475
AG2R2kBvFoKVCERuhFMPcKMLMtranYyE8J7RuArJzrBt,6522
EGWJEnpAiSDkGbonX77BQhu9NKqjqmHrf8zTQCaebZP4,6613
DviHqr3JUPQiAPgyLtEJBt75a9p2oaanMdfmvWsBdULr,6616
79fS7oYTYLuRc5sK8imU9gExmGriPKJbRD2xLF7Ms9n,6090
8AEi9DrEwh76DSDbLuDsJ2GHP192ahDWqRhekD3gxmVR,6585
85uMiD2W8r5wm7A4i2UfuXahmk1BBphTKU1P8XS9bimp,6516
3zkSB1HDZVNdfkDUf7WopTErBWJonxtXM1P1YHxL2XPu,6615
9kg6mrSFgj5amnpwXei4nzFoZjMTU3xSNTwHwGc2bNLW,6618
FNyWAhgZ1W7zHTtP4VhB1L4nryMPnMqiEcPxyYZiHE3W,6559
FGXif639w6RKnZwynnpvyXijBVdPMHKCW5qmQTecvzP,6597
3RNPYFDxG1mRMDaKRVVXm7zdgpQi2jLvEEWyFz3s9grk,6002
DcvcCALLZori5ZBB6QwBsbBsQ6uoatYMoXfAGaKujfg,6606
GZG3FQy9H7pWZk16XjpzpZZDS2CfiCGDGsbWNwetVSoh,6615
HXukHcoi88zAwqGq7gbDMPeiNZDUkA6dP95GhNVj49Cz,6616
7fMVZwR71WpCDa2ZjYSNzb7FfR9hxQHfnpHLSD99eEAV,6014
3RSepJXNq2NdjVKb4iai4x7v1Z2k5sAdLC7P5SMtqbB6,6570
BWZrAPqSmtXx4aB9hcH5ABt8Re7YbUXwe9WdCpo5Pt3f,6142
AE44nwVXJxjfbWM58jPsdfaURM29CvHnJtjQyUH6uJ2e,6289
DYvyJZakwxd8xkTpsG2fNuchuCNyNZF533zG7MDaWABt,6615
9mXRbA7ZR26x95WcbVdxwDouLSVwFfVEXH2ybyVWwTTN,6342
3NZRPF2VVRVLnZgEmT2FiW5tGWXawVki12crQoivzLXK,6653
H3obbmB1YmNZ2r4auai73jtrhu1yaSJk6gKHwoPAfD1t,6481
8g9YdGHCemhC4ZTz7yKqpXbKT7r8Le5pPFRPy7Hi8w9v,6491
8UPXJXmfJ46ChSB5T4CyqFcscqtiLDacGS7m2ajmPz6g,6043
GKFKmMPqkpo8aTYmwUELXtRewAq87dCXNwKpk8aiTYtN,6065
Hz7TzQYnXinPUqyWJamuzocm8SJcX5VEjhz25TY4oPt5,6511
AuToy16zG2mK1etxuNxzmQTHyRmrQTtAhGZvLVB8nwSM,6393
9p5kmabn6utVy6XGLTicV5KXA9hmrjSL3qTDFodcshtH,6357
8sTTTAmg6gCCw2zvUfYv3iq4p4C8BrnBoPKZKrDKCgy4,6685
CNSX9qF6JqwbPQcZYYPX6amHWkmvHg5dzYjEmkZKTdiy,6368
9MeT8sJmNdNEqnqzjJfXpgx8Apz4ZPYpkRUkr51H5wj8,6661
3zKtSgy3cHSDHTuWMBw2BzfCmaQGXLkcufCW7NNjYgRM,6078
7JTceoFxX2Ui7G2svNSGXbzU8Jtb2GxJjcJvTjrJFbFp,6248
E2MLuPiFHKr3fNfeXZq32sdUVZmwfPGjJHqefrNtiLwV,6582
6SSHoQJ6syYeuGfRWQMtHxwnpAx3wNocuLrbK6L4fNHv,6396
HZW49HVCyr1yuskFtWqs9Z7WsL6nt8oUSS2zLDdXUkmx,6412
3sRYuZD8vMZsLSF27wADutk7MERawmckNaQRcrN9xYuW,6284
Ao2o9hv7iAnXrRJsfRuqq3UM3UV3EtSe6yMEUCW9Mew9,6718
9hAJ8hD3PDVDZufx8E7fF5YPXiZxtWRQLssm1VZW8fPT,6208
96N9Q1HP7NTqzCFRcyNcq7N8NrLzsBXPy8GLM7pWVgNn,6412
ANgbXRK5wWbFQMa5oSUJ38fYcynNpUtNae8QHHuLeZgv,6529
HmAx53xzTQMkxBqdiqAfDXWyRkMDSaY2o65eGvNRqcra,6232
HnWsiozTVEdv6XnGTPBErBn317jxFAx6YxBdBVrjUE6M,6067
8dHR7rdFBJmqJpH7cdA56UXKdfTTJVUch8n7wo94BvG8,6589
AvSBcrj1t5LFK7LCX2zaWE33fx2MRkUr1jzv7DzRjeLA,6620
6Kzjba2vWwXt9sJF9JiHJ6NrBJD7C8munQ1txvMdQYcy,6719
3irGB3SHT7S5Wr4nLqLnmpSgy5cnaSuCH9MubW1o84Vo,6639
EcPBXzeqpoqkcbVm1yhrwuoedp4X3TzocRb6QW71XFjM,6072
CkEsir3xUnKxtdiwbURihVJWLjyuNaYwahBoTEYBL6fa,6427
89qwxe9nQ24uBBTzTJD6vt5ikioBbW1K5QWZaReeFpTi,6261
3qxTUoV3JHUHVm7fcZRCMqEpxDiytjB38HVqJLqEStGf,6406
5peChKUxuN1wcuN8Uuxg12zSryq7ha6KeDXJKigxVtnh,6373
5aew265StdQZyNMPTRMsdReZK99RTR7zDPMzAe6pHZn3,6429
ALS9qbBT7DBs2oc4M4WPoWUovcrWTmVZwNwHVRJt15tE,6607
2iot7wqDEviHJBx54SV3Jwz9e85PjtuczTkBMf7k7SdW,6642
4kaxvkqKfbdH4gDswwjKYLMVBJ1pNqSNjTbqrFyWUkxy,6476
B6epRCR7a75RcJPcoAmQaoYhGAKYwjhRobjhqxhMF6JD,6260
7ZZ15khwaDgCbHPuT3Y3FA5t3XCA4KLRbFQrtqxdWxBj,6144
GXMsij6JTGo1Q3TA5rr7qyb8wfnjAEZjr5Bah8JbCC9r,6347
D9XfJabQiHitZWxH2djwFRZYytxDGrgw88Kh6aYzMrQ,6576
37UxTHWVhcKRsRwZbo1YQBuzKuFcvTm4PZAykbxFoxRh,6311
Gt5W2z8bM44UQk4rzbSNaW5NxQ5HQZHph5gAjCjnhYe3,6626
5fpmvHiQZV3bdTumgyfYdX8yQF3YZwj3t4uJPeG51pPJ,6278
9cim4KJDqXcuzKc6KtqYaPMaN5D3ZAimqYVzsWMMZyrV,6627
BJzDFcnkVpgAS9Pk1vn9KDnp8nE8xPPNeZy22k3q5aJo,6654
3cXwsUrRAq27TbmvEbbruNmZjgZyG4hcUT4NWs9J9X4w,6709
Ak5ZjCFs7j1YG2e34SeFxQjTY6JYniHKjEGtHzyZzmGc,6357
9udxGSL8RbhcaSHkcvrWoVgjtjZmmzqrr3E2URfoaeu2,6439
CTv6AUiVMd8jCdk5f3A7yzudP7Xv16WXfKU6sm9TSy1r,6422
4X226PdwrCXEHeUrceEd6J2hCoUpxPteUyDoNYb9r1XC,6507
EjbQQBdyMAXPyTEUipCXeXbRV33xpHc7exR9nURSzXJR,6343
41tDBV5ysestDyWB6VKsHzuF6YpSthMYGKrjMxYfqEoB,5990
JDgZDuqAckY3rGtRwMgbQEUz6vossYHc8cUXDXyeyPYY,6180
5ZJQV32dq8zTrtpDPTjyABE3NSExxjwFsxmhSipVFt5z,6418
942YWM7cRDwnBTFukqg9SuQGVzVUg23UaqfHGgSC5foU,6318
2XVW38khHfBMAbvXDHWaYeHKaqNx9H1PtV3yS94mVWym,6485
EMrNuwmtj7WhkW2cQ9eiv3VLAhb4CXjYrcoeRMPT5Jf7,6177
Gd2cQZN2hm2y3rJcyRkKhRt45mdVgGafz3VkWepyr5Ky,6701
EZNTSbSVL5sYErQQjC3vZFmGbYxB7z3PAtUDMgmHB1UR,6693
AmaimuKKXKwPKXPsHqEAiRqZGQeMWdpetWPxjBRK1L85,6661
CitEPa6HvUcyvDomGMyRYDTWFLQ47P4PgRnrdD7Je9Nc,6769
AtFR5WeJ38t8FYS1KsqfcxrY3xXUxv9yCoSUQoAQFE9E,6243
86RuTniDvecp9VVP4ofXCnYqD3hxrNwGSATWGtKXksPx,6151
GvEiR84sHM6HSTtRV3eRNm8xMpRTusxvmRPqXmxsEqPB,6398
AYm9wz5ZfQZ7xzLjbhoeA6XpAm2F17Y8xpXyVvFqS4Eq,6465
F9ToP5jqkRCr6kTXAK7fiBCXK945AagC3e7QbvVUkJHv,6746
3AKSqW9C3QtbHQt71GTwKgbUteshVDDH85c47V6meWtw,6606
H5ywYs9mcDiE9EihietHcaYmpStAQ1aCWpo4ZJAmWwXY,6454
f73b2S41ZeE8pvfSdJsWjGbcK417CVpRRXSWQbdLkYb,6718
LUfTbPxogdh8MAaXfPn6Pm81maZh1bjqNo28qyZ3Bx6,6604
QjRRCTowXjvscCDAQQfboafNVxbVemfoxngJH451M8u,6485
7Tzv7hQCwjDqpiBFJrB99PbVAbHY1buFFSJrXNcnvnin,6760
FepMzPwAyScnNKtPRjALc3C8K8WzAN6ypYi82sEdKw7b,6437
7hdeBs4ZJxFE4nMC7qbcwuYfemyVwaFLXtYMtNuBmULj,6693
4ucGGYG44Kkp3tyuGbecUfg9chAjgbeZ78DPDKuXZL7B,6782
66WCjZyLWcEqrsuufd1iYZFkCrFH4NxKjoMGnFyNeXei,6685
EwJbM6ioWDJUZ5nNeWDtfuLKi6ZKhU9NPzuB3xiNWfE8,6935
CDjZSMfq44z6FwWdkk3ENiMAiQ6fvywFWa7ouibUGAP,6824
4fLu2bkopyHxBHHYMasQ7zWXZnXQ4mjBBYzNBmaYnqb6,6344
5fw1uBby4S2wxVwDwnGgJcisTWEE6wXkpyghQ7zasc8Y,6488
Fgj7RtNfQUWi7wNCwMbZdC8dFbsvGvkEuLqmsw7D4itE,6840
2sdrAQAn4p1ncig7Yj8MXGAW9ZaxdtT2w3R9RfPgCumD,6448
AcHpe2zeQ2rUXMfKuEDBPQ7YMiv6dnr1aAeLfwxSWeZ,7027
G8EpBydpR5F66NyEBi8AZmZGWqTwppvnsVNB7hm8sy3c,6458
76PFrZTKCVAeSXHTvFmumWY1w2hFuNmbAikXsReazLKR,6916
BzYxEjCCPHY4cM9XwkYEpXdRBdCP33nDx1CxJNQJiVSr,6700
EYK7gBA6YgEzxZgesAc2ytdkMUM5DdyyPMJsHafvxszy,6923
HtUs32QJ65ZgHYWPucy4KWiNgvCrGSdV9sQhxRWAUdE9,6837
5fKgNBxW4G2iXt8QJvpqtYHgHEwgQmb331aWYguLk6YB,7004
6UhKH1SNYnSBFPhHUNXKFQu6NN1PqseUqs32uNXD7PrT,6879
HtSXVQbFsf424xyDZcxjzbvFav1zVExEp6JDpxNTish4,6489
E1czEztp9HNQEveifUjwi2NcAt5Bfu4SxH14eipzNmw,6500
HRi1Qf6uUV665yAmtfZNqEf9yguhGB6iv8m8XZscXNJx,7212
CCNrmqonwG6D98z15M7yqQJ4CX6Ja7QpdYqKR2qS1qY1,6989
FrRqZr8nLxqY8VLYUCmtDtBqoKNJzDcwSAFaTd7vZJos,7196
ARJE2rWBWeiZ3XZdyfaodZkxJoweZqjmJtoxpNdqyqrq,7043
BGej13aTyGFyDMZcjYyfzaXn5ATYbqHGSn6fgvf3NT8Y,6792
F5Wv6QVAM2bsiWD6GnyErTCJddK45BCJ146DX7RUDEZs,7298
Cjv1yut8vitPP5cJkoXyPcoNquiN8H3bfxAjqJmimJYU,7344
3WsiPFj99Qip9FmPcfYsbBUvVUu4PPpnRPETbeMizfiD,6714
HbfnbxNuiUX3QHjgoaHXEEUf4RwDpXjHULQYzQrqKRaj,6824
ZfP1VxeiHs69ydXy7DFrUmsjzkHZNK59GGkrKa9LYir,7300
meP1CG8UpkYSBF36pqFfKM3Q5y9D4LPC9HM6Nukf2fE,6649
JCebHm9PCK9Tbg5DjPzr5PU4xHyppj2muZRNWFFxfXCD,6972
Dxt7byRDRsgBq3bLpfYDmKZTTrr7aypzTGuYQC8LmN1K,7209
EKfjYkNGZj8oPmPK7o9ojTs1u8nHUBWcZXqrvRoWH9LA,6847
93p3aU9kmuRZM3PMxAZbc7ed3LYbYXNx7LU1QJoEdk3L,6973
2TNbs2n3mswUufE9isKbQAWMrZFnNhnjxYe1Czrv53oX,6830
9Qix5AqztLag89YAqSytYhc73xgB9aWMqwQzdk8ZoDPZ,7237
2RmLPnptpXyS1oURJTeyWAJqGbDyTt9iFka6hbEoVie8,6825
Gn71MAYG3bmarP3hNo54Lz31aFakDfcKeESF2tzsxXck,6659
CQqQ4jbPearbvJrfZDeqpZQUyoiVrUosCRKBoWe7Qs7K,7034
DQBoSuUt9ibcgRoHisWSJzbR5pn1EfmhtG5izH6QLmTt,7196
Aj2MJyhNBkih4Y73aehaFtV6yAZffrmqKKGJoDJ2B8mH,7082
CDNZCxM13Wc8chao6ETZCvKXk17LLxaaBBPYzGWqf34z,7199
GBSjhoPzyNj2Wa8TYqFddsRpfyomtxtZzPjpgcM4shdk,6715
4bMyJB4M6eErHnA6hvW6TkAntKAiDwZKGFwCWhyGgPtk,7248
BTDCDN6Xya1h5Dn53mn5LRdJ9XDKrwwAtmKiZZxmqvdw,6902
8RnKGHQBEL3zZRmK2DBnfqBWNM4nrXBf6LZEjXW75Chw,7025
8JaPqBqzfkA7Uj4HTfrLcsa8B7XUvTnkJx7X6eZpjHfq,6937
ZQ7MK8rsyDEf4TChL32AX9F7yxQpuuSfqq79WheFBaw,6812
HWNEiQonLk6c2pg2TLwCdZnU8MngWHMS5QToM1WTomTv,6728
GDAbz4KyDSKtXXXGRVuSTxnGt3V3B8bLsmi9hPsdBZ5T,7241
8BVWCjD63x3He28rgoZqT9Xqm2ei1znzKFLW7EV948HC,7056
DXbZBu3zUJcM1DGaja7WgJftmaB4A2mzhZdBqepZoZ9A,6606
5g3pcvJbxKizfY8SxTza4TV7Ag9gVRtak36SiaAtuGdk,7176
72AnLHfMCbkqCTH3g9oWdxPa3z1KQMDmSfE6sx8dnDCC,6890
H9H77wePtLgN4oxSLdNFEB9hzaxtuFdiTCcecNaXufWT,7056
9SLM9e7NUU2eLTxKe2Pjx5L96Dbe5vfzGhHWAQhMx5P1,7043
DSd54gXWSzbHSgNHK4L2J2mUEqH8K3KnVNMhupXEDb5q,7079
7tjHAQQxSEogFRddjo23CycLgjSwwHrYp5CtwiPkXGa9,6699
HrFtSCcBFpgBLpYhSRXCUCLdZKYxUFVhDunT2ddikSWy,6940
99dFVtDBnbHKfHGgBuxmW8xbyVKxgVSuykVRxWnzyG19,6943
8kw17xRM215xsLRPDkJdkGoMzi8P1L6wPMnbxyExa9FE,6944
4cAg4mMdXFp6xy42mja1MeEgXfotX6W7CJSbTSCzLY5d,6908
FU921kmaJuM27sYfNs4uB7ndJjjLAzmR2iGB7ReqWNx2,6910
85pxSpV9cKNtzHfcvyuY3r35Lb1nWrY3MX79pkybQuCv,6912
JR3KxpzjwhuPnZsP6MobuWe3GJajHBu6iKfnmZmB8Zt,7080
EycALfyu2fL6tD8eQJFVqsQHAP1brwL2kW1NTNDmzdAw,7099
Eej4VzhpwVz6F5pTjZwioBuhoCXjCQNw1P6zUyosxTBG,6750
DZvcNWRa7v9R3XuNoXd5yvckDPL9e4VGVF2SmZbS7LWe,7095
7QmJ1aHptpY1QgQCqUfU2q4fivtcqaZ5USrvHKHezFzS,6950
HkjRx6ddpgHKh6L2K3qjCbfGpswFAt6a52ZT1QEfrCeF,7167
E6FFQdcBBNrWfNV8iznTsvb8VQx3QGHZRCminUcnSxp3,6821
FgsjYPUeMKVJFUtZ3k83Su4nDtWnJv8sFPhKFiTcqyY9,6995
BrJzax9WsjuroDE81jYTm9iMeQXQchUdxPYMZZgajtbP,7054
B69EjisNpuzfziAzL2CPxv82B744zLWceudA5ehLQZr2,7532
44ndog8rkQSySNvA6gSvdGj3waunWMY5noLZrruH8Gxn,7072
GEsFaWYNQB2M5NbU8ptwrTv7qvj61aiuueuATAYxZ8u6,7118
BRUojQL9E4J4u2buArBAsRmJV6TUsUT2McAq79Z45eJC,6915
5KLueMWKvC3MKyfyVVnsHM7yd6C6MifKgzxX9fMsVSsF,6938
5YY8Jrjrb3BovzG1CTcPDezu8w56vAkGQsHcKYXBYuuo,7134
2k36XktmKfrXs8ckPU4wPa2RT6w97g38pz3ayddp2UG2,7142
6KTsiLm8vr9Pibk1zkdJHa3z9XF1SUcXsMfxr91gnjyK,6907
Gb4qSjLWM4rP86xzpApJuSCGf9T4ZGYduGsWkiivCMoG,7136
9a7Vzv5JwuHeKFfYW6nAL8qvT4qVRfMEeCkPvgCwqJdd,7268
BKGePYmNPYsSMLuESu8LzQiGePxBCp6qoBs3XPatgsHJ,7220
9Njh28Kjzvpv7JYPSLPWRztBUBRFS5Dyqgp4ATnrD4G6,7393
BVUc9sUW1vJ9yxnPBRajEscrh1XqpLj5Vx9uVA9yZjqd,6922
GW4uXJ9Zq8gUKaWoA8grdMvS1KTv8BFe6s7mq6R6FnRL,7157
J22qfhfN1ZJzPBFRwoXRL4Z83UKgp9NafWktE5gT5aYh,6923
C4rW9E7HCk8kGbfgnfVQCnRvpyt5RaSMyoXFvVBmtkye,7475
DZfv3BHksvpGZu3fsFStfKrbTQHt8ce5uCmkDWYUNEnP,7128
6Pf3PTk6nABkikWKifio6aPVmkvjAbJnm7Wd87yTd5sy,7193
7Uqs7Xpywq9V6HE4Rx7TWDEs2goyi5unPfHTxyXDRwfq,7557
CUbEauhHAFVZ2zQU3NTTHd1Jmmp5CexraUnSfG8MLsVp,7593
F6SArKWjMG6Z4VAk9i4QQJZNMzBPKLFdc8nwLAojsd85,7573
DaJw6nvTaZqX2PikMJSUdjgxsNXckVzoKoxiaLurfaF4,7428
58JGtyvatSCZELgvwZRMPtMu8r4x2EK6nrLWe6G2a2YU,7575
4bbnRnGrJEqEx7MXAYSzvQC3uHsj8ZaShPARdGxeLg1b,7041
3hDaEPDytVe6S3JEYTTQN2PvUBmZnZvuA9vbC7pMAgDr,6966
JDwwf7DmHWDdNdfHcRs5H6pVWUrrjCazYgxVpJRmnGzk,7042
8SSYPT2GWxq55DRfCM1JH25a1gkxY3sGoqebWJKSiDdq,7607
FeSdaYH4iQmYkSAVEHj6zjAm1QuBjYF6UwGkctg9yZmU,6984
5CNMXQWZD3edYmQ8gz3tvQ3Q1PpGoBa3EvyJkLCQR3vZ,7529
4KTn6BDJ34GvRuNWjmfMkxo45XepJc8ySM2Hp7btUvtd,7332
FxNzmTvmU66bZvXP2h7QfACGq3oXJcjZcnxTpfFTkJhz,7287
3RNh2nhLKDi7GomEF4kEs7R9DgL9EUQCGDnK51638z3d,7333
3HsRQUgTHNgA5vVUPLATjubnicA6z7nvmPSt7JR3AEGU,7201
64i2bHYaWy3gNi2z8wXLqzvhc4K3pNFXGTK21qF35xC8,7312
ihqrHQKqA9EeJAom1oEqe7ncwcfG5Amy67uoz92Pahq,6931
AHcyenJutwvnzJ66T3mr93FYyYMVpVBLNaFirqSFVoYv,6975
3NJ8XreLs2Gq5U5FzcsBs9s2kNPboivfMji97utsAhvC,7205
J9iKYfrK2K9H9wznGGbpUhr5Hfe6rDynEpmSpXEZrJ6S,7612
G9wVSKFqMJMQXqgcgy4YSagrgjVTVwjn3KnEoFEZhWCX,7586
mu2zS3dLZ2ufHoKMejKrEo1kzypc5eEybpWjbaUT3b3,7452
FvBLh5aDkcySKfDDr7uhuC6xXdy6Xku4zuTUaXuheRav,7534
99zmJwyNQA8n5vAfKS4XxD945Ptxj9yBMqDrCpHZ32tc,7639
JCpD7ugcMtB7ogJmBx5PqC8DqMKUzC79hPZgMy1HUVRd,7174
AYHgakbFV5161h2pYujLuWjZ1wQmaQWMWKy7a1SeBJSq,6835
H841jXPzKVUReLkeNUMSQAhd7cRHu9o7QWfnWkrrzgp7,7171
8FMe1VRq8NsQMwQh3Q4C7kZmDupBqm1F6nWFHxQSKUPP,7315
HdksyC1wH9MAh6C3bxfoqFgs1VbhFZGXg8ap5tm6ffJ1,7401
UiJMEGQSChsxaQDkxwFXUjKNpVTWGKMCumJW3g6dB23,7197
Hjxx2imLJFkuP972t9gx2TgpuGNpCGuQDwPqu6LHjjk9,7675
3oLPjXNpaqBuFtUcex9yn1CQSXxUY43mx9pbHYQp1a1E,7496
7JP2WzNmN4YMczKhuFb5yoM37vvK6qPtLQwrQ1HMhTB6,7420
AqJPXqLDR9K9YrM1trecVMbTvSjsxgv3zP4D2MEd2TM4,7202
H9xJZMmQUcwEn7MiY2S6eUYejrbAMeGKsi1oJopD5TYj,7214
8j3HeesfMuy7j1HmkdHykcRGFmgBdaLm8ra3TAbMfieT,7691
FioWf9zRtZesK6H3EMwrH98YjBVeYXqr3MLjFHPRdtHU,7212
7CoTsU9LdwBVhRvivTSGghkSR1RmbXgzzHk1KwgZ9HCj,7398
6EPTWNp7VBCTC7bf5EvVjZDeemNiZHnv927ZVB5MvgFU,7232
9GZy2wh5sWrT2CV9i6JyYrvTvYmUwXrVqxG2dCih3tNG,7203
CEoiMCfZsynjSoZd6TpdGuLSvS88ZrfwQnufK7VASaj4,7323
J36Nf5yqLEuazHDdi11K1ubgsgyLcBzcVhXqLbJNcmV1,7279
DbCY3tn7jQhEKBRofK6cVnUAuAHWvGQjzJN5spabvRMg,7221
6XAkSjWxZy4VNMiG6owZKKcsbkMoMiRAX1bPbjWtMzXE,7674
Go6DQYeknhvwoFmUSeDjA92BmLEHxSbxobwnDDQ61Ga4,7399
GJGBujGdNjTovChiayz5aBrpG3GVCQHDUbWpeppV3x92,7341
GAenvt9kpgAabUNg2xR7tMc86azZZK9tVJQ58A25VnCD,7398
8GySvZtxb6t7cbRFaamn1PDLoKoaTRSSBKsGtq5BCpvb,7088
HLjgcKpvk9W3SCUS44gHgYFxn9xPeAHeW1e8BpakYJBz,7386
TTHwt612Lhz8Gy1kndvQopvntVhsnaCtYg8gwqrn9Lu,7204
DX3Q2odkxpNnVa3jfpzFB69YhwWzhMuXmaaCXwN9FTzr,7440
J8QUr7TEejxiZGwc3UGfLjSbEg2t8rvq69jrh43kWjCe,7402
Fvk8HKk7pTqvjAeApSyik6Rs35mfbaPBNsssrnN64JPJ,7325
7hscJdQAZL4mAnfFruFeJeDwB2w45RERAPTYuAaFhk5k,7213
EhbQmvztF13PW2EgjKFH46yABz5kMZe2UGp4cucPec4D,7272
2AD2uC9g6xFEEcCpWC8cGUURKWhRqiL8EiQVbuiyrkTG,7422
BkhRVXEbxdjVGKuEvZMqpdp56dXKM5PTZ4x6239pVnzJ,7472
CdDbUwN3wQ2WKjx99zrgnvfjydLdzjuofkQyhqWTpsyb,7720
HhQ5QrwReEH9QbN57fyAuHYJyLZXq1hsTF1VPLNEqqBd,7595
CqWMMSEm2Zckm1uf45KMAgLg7qNcvitbddhw6GuQAiRS,7467
HiwHqcrtNSpnDy46vwti9DH4bi3RTEfQtChKFdimWKnG,7396
EhZZXn1a3BC91fx7VLRxcS7u9e5ZUJZy6exPfaY57oUn,7856
miFvDmMx2dxZo8FqbdvVR1Kfv4kPjFQzeEW5sbPsQ6z,7593
FVicRNTxgu37cRQEcRAorkysgPJvPHwg9B8v4oL2YbPE,7806
G1UFSMpDyzBzo4bphF38sCuaj43TQc9V7XGmBcy6gPhk,7440
G3zryVGYtbK4f4UGdx46daxsUhc5ou3PBitMxNQTDg5P,7821
7ShKcFim58BbW42NZKrEv4n4AhnoA4Hi3iynNC9HVQCF,7886
CvcpBhfZgBhGi9mhuneukt4AGSP1vHH5bqNapzjRU9S2,7846
2EBBxeTncCgGHrAtM9wVsHL82HXR97S6b8VGEHHabvSt,7470
C27ujeTHVFX4UukhXHHxo2YPmkhrCz6qVLSVVq9qVH1b,7448
BsH6ShM54bsFsCjY3CcHaUtToAfRx3xA8rGeHaV5ojdL,7846
6Kt3YJaCC8f2nCBfLH4jxTBUrL3rHgp39mwRJT1uBagM,7848
Ca1jxTDsnYgpXuHfKDVAQirk8nYNPoNBRBbSAi21Jvt,7922
GFvkJYK2sXp81vLCeddVkLJFG66GRXr8yYHGLcFTWPa7,7904
7jjT4bhop4kPhMFFus1s1q5SQgF99iSHKuvK8DEZQsF7,7904
AryWCmLAbyj7xuj96TxHHkF8oGUdS9HeXxKTFhUBrTZB,7930
7xA5LJQXL6HsvTm8uv5MY8vDTzPkrubQm7QK3kY9LQhA,7879
5i5zse2Cd69beWxoUcduvufimJkDEXzjXr9SaA6mm7wf,7277
HVWkGLnKfojEQDeYPbHjwXz4zqTWMAAoGoP3VoYKzyd5,7819
974JBMaAJeb6vtXjgHi3LJMKfmKJfEFDkdMRaLFCdENN,7738
yp2JSg19BmUAHD5jfKp6cnNvJVNCfVfVK92PNfjJH6Y,7583
BegurARZVhGeYH13axwg7CuFK6oymYJGnB1EVAJw1c2h,7884
DFGQdxFc1PnVGa5cSEjKQqPVKCHcc1HTpbc3tpoiWdV4,7502
8a1oxudoabERTZwGEo5YFTSneBPPVM5GUt7YBEHmgxu5,7891
BwTQuZ837QPhuHZujJHQCzEGdUqAzCBR1Na2uhpqN6Gi,7425
AMHHThT9fxWiYCGx94bLmvvCjnfgmU4FnXcYQehh7PkM,7916
Bs38N86PtSTQfEQvFt8wjdfvKE9MRUWBFHEARuy4tCQ1,7916
Cezfr13f3wucize5udx2JBhCzoDp2daBhmCQ7o62PAE8,7645
HdtrnJbrvmiEvjNem8tZpehGcTux6E8o9gsZyf9QnnPt,7218
39sbd7rmKwkXfmFQn6GjbNx5xrGNU52qVWR9oiDGB3NW,7894
BpgfMMn4aHkNhk6wyZYzwVdRJ7P6eXYSQ2Ratjw6aM27,7351
3w7pq319xC7WBkvVRbU5BH3j5kv34KxLF51qUmZRMPj4,7362
EDbeLUU3W7YNMsN6CDYjCefHbDMYbQh2FmYHzTCaY5CH,7347
BBSEcFZLsrr3tw7n1wQfEJ3FwUeKwjvwRUEAEQ5x2fsj,7666
DE9nLJJ8okFjNj45Q83mHZZ7xsMCS4kptMbKFes1qu4y,7507
8FMMNVfxjwFECzEiGb7NtNwH9Zb5doAH2ncRdEeKAcz1,7529
4FvNTfgphVzoip942Fre3vZDDMwZLPJUFX4P3SLLN2fy,7595
86nvqKrED6neccK2NxDcbgM4pB7BUkMbRrupEVUkYBZy,7393
BRMMcGzwDgsVLrj6Mga7TdK9yBKhf25FMZtqcot6rBvM,7972
FfH2EHi8SAxVtx1kdFUjRxwFwzQZWsTEq19g5KcE7kmE,7617
Dca3ZGRmKF1gnHm41sy9mfuAMPLU4aKRJ35gT4PoXTMe,7434
8A1RUsEArm8XBwG5JH7LhsmhvMrhv2WaQ8qSiBi6ANKh,7355
ASPp5raVE81UWnYizWzqYtpLvdW9AQz57R6QBiacG1dB,7354
9pKUKyZyM9xnxzA8gt5BNfYUo33cuwdv8ibPX8RrZECv,7831
8pi2JsJyQ5zUJvVzbzJmbRH2yfipkUQhuFB38wKs4yhd,7675
6U1LVNAdBBYeRzhrmfERjsAmmRTZrWpj8qtLibf9uzy3,7550
DoPL2z9ppGF3k59RWHvkBRbBNL7EXTBjosEokRWdPtPL,7322
Gojiz9QL6R5YM77EXrgfX2X1TYrM4BezBKPDQN3cFiD,7876
A8M58zFrgyNPx4UQAixyiK2rPrFDVcq3dxG4iuqpQS4u,7534
GjkzoiLwjhv3hGtDHQ95NuAg8ibhPwNw7wCUiFxSFPQS,7618
DHNTVsi19sn8BH4etC1b4e77oCTGU36UG6QRv9cczKLZ,7673
BGNhxtFuWp98XXuB2QswP7QbaoTbVhrBULahVFeiLniP,7689
J6g5CPPJcJDro8UoyNF2dwruPm44pPEWMWNC5C2TQHgi,7457
EFbysSkSbS2AacwH8gDVhPNBVDnSevGvA8wnS5Y77FZp,7620
3piTaqxGBSEjuHb8Wzcrxw5AUPT1GNT9yZpNLzgeqZon,7505
8iVBoS2FpAjmEp8uKRZKMzAGg8mrrWrjcPbPXkLyozgZ,7480
Bgn9eKPBSGHQrHtjLns6aJt6WmMTgE61exe6yPvGuv1f,7862
21STeP6aD1ucLxExhgyxZGpXCLQTZ77ziPLvrxf6yoWc,7655
8F8zLNr1Y5EsiRRFe1dwTWQcP1rji5wQzYuVBf9dgNjT,7547
3yrW99Barjs9B4ftkv1VTMKhazSLv5qdTZVJZAYv3qfQ,7984
4fXnPzvSthBpxPK6SFK3Yr72QAzWgr52572QiABFUwpy,7626
A1SpzBM3pejZLXDUatiTbS8WyHR1x9ebEZYnQGucKSWd,7552
BaWxGNxZ73udqd2KWsEYGcmpqtC2juuMiTS4auhkQzC4,7779
fkvmLTKp7ubB78zfZ8nusQhWEzJN9x7kxFTN8VRyWBg,7769
HV13RftzXZWZE2wiE4JR9rWynr4RR3hovf3ZMB7oo7iU,7376
Bgqq8i6u2qsbL2pQnmF7TrHUQ8hU3bpKTqDFMVbWGz5E,7639
Hx8NEpx5xhhZ9UH2EEjkQ568xC3HV7b36QHxCoCJeLXJ,7804
AP7D3NfWNJTWdyVEhkPonDAfF2STVd78PVNSzU3wmwg6,7575
Grkco6DpFNuTgiCP3uzCYiA58a2eHeNCTob5JuZr9ZTS,7640
8aXokCLUK39mDnsPjCYNt3XKL29BRuyPzjZdo87WbJcu,7809
2iehaGpimkhrbny9natwXbv8EHYRcQobtYYBNVVJpQNM,7648
HobFBmNrSscjyinF1EqiAJh7nKXrpBrSMmmGXaLJEbWu,7685
4vxfgdLBiKd6AT4vudzphLtGcEFJ1JkJDDHBUHyJjBqn,7617
CenS5ctVSQFo1TSWSB9tsyzyHCZihenZjowTuNFfnVGv,7695
GS5fN3y3CppPQyU6E8nZAWacf9t9Co4oMiFEonTGDgs8,7801
7CDAG8iCRKAGHDURKzBvchwgc1NMoHkRAKD9MsTFevdo,7828
HKnLmi7HAETbpn7GyKpSzUJ7P8rb9mbyc8G3nm9UNj8t,7807
3cR4YQRZX2sNLF721kZmWTR5RoGQFE1VwGZywUgCiox7,7682
GzkbYdXJMH2Ksm3cspD9Q2xixQpuWrerwmp31EASma7G,7772
3dfDchVKGf9b6y8jQPqnmvpjhCzbAb899F6MfALomYmX,7621
DEWF8RJU7jyyU8Vvs6fhXcPrtiFniJJAzWc9JVM7LVfH,7459
4cHLyhR5vTNiPFgq7G8wXnjXkUPyu8uS1rkRfGWYSbUY,7634
5FM1aKZo1wdd7LDf5pwRi9qSiqjcuBjHY8ukqXmk9uD6,7849
Bx87sYoSGb8876S69FRwxgi1nV2ZurmxCPDQy66XqLQ2,7488
Fcsgq5U6WnV294mui6cKKoHN65ndfXJQZkNKgdjc9bcn,7828
7HDyN3c9RfVU6TTmxSgXTAYSS1kRyAYgM2CBZVmrJP6x,7378
59WbPu5eJzi8BwbfvkcMByseDqdPNRZe64GF85fMYva5,7467
3TbXRXbE39k1oBLHPaHCnDYjzQeULuo5yFF3b1PbPQ8B,7847
9Q3bn7SJSnw89gUD6ebQf5wz3qFd98SXuRTG75ovsYvV,7467
FF2Bz6ApayzuEhRM7QqF2XRRwK2norZAZ4bWHhVjZ51n,7661
3jZ5JsGqzg15PKE44z4QB3fNXpN9Vx7VqmubrkBafMK7,7983
9RT128ucMzjnL2tNDFfbc9v87e5NqjVbquz4rJMkUXrM,7593
3LD7UtREWrycSH1ojnmCr1hh1HHdEPRDXQ9YEoxhSxUB,7539
CnKPPfsBvJEuRvR134kdjexKh2JuVpiMiAswdSkP9Hsg,7704
3s62yZJs45XZu9nJuCBBuUsR2bYkcsmKhV1TJkLmGsEP,7487
6fsAhk8F6jch9q9jK1sWM8yYNBV9jxkYnNuc8bNPMW2M,7669
93rFU8HaPe13hafzHzKrLSn7CwNFUCkQMbZYPpTGCpSV,7932
9HJxLvv14otTKou3mqqtXVi48gABH52ogd5awrJkknT9,7477
Hpz6SLFVUgaoeQgQkqQTZsjqjMjk1JyARtTPeqnC6rRH,7478
BecLrmuV8Sh6D4QAfvi3DkGmr7SKARS4ZZPvyAaHjLz,8041
HF6kefwsMtYtz1qdZEkeGD8n6eUN9pPBGSi7yTC9qVDm,7863
4JQNuKjFpdwm5VHzrvdyfgvren7rLhXoQLR5wURRswFH,8051
Eym1WU95GnTCCjwhejiKbeVY7hE21j3UEvvXjKy439Tk,7848
AGMDJtHNMhoBtrK4kLbDAwpPVUjSBXrjHSwL6MsHcTrh,7826
BZccDHLXTn2QiZ89e8EHrEGRRNArV9esBMdVZS8Vv6g3,8128
C4hhGm4SkktGjpYU1ms8w5uwvpENnizb6rRLtnS2Jtca,7852
BD6YUv6rTuA5jGeiZYVVk4NaPoJTDENDm271ikW7vqaf,7504
E3M2brh9feWzzM44zZyAArc1gn1vwBDdrDhjEwyRPnFE,7532
Cr8JKk9otinMmcbsJ9BndRtVic65x8EimFqehUTkN39H,7652
hACnBsFevp1KY9Nv4GJq9f4w5eDNfHKPdEneND7EkHS,8030
91abcwCodK8cQYPVuLDfaNtDt5PFfTD7XYz5iKHRVfpT,7809
CMsNy9ZYkM6mJHfurBSu5WDYridPbWWP5GLUa4MS1QZn,7674
Ez8bN2xHPJX1BAKGmqnD9YgBW8cjy7SHmB7JUfVG8L2b,7434
A3XUPSUym87fra6fkCdDnEjMi1URn8UoLAt3845jguDH,7805
6ebpSbXfjPXapya5HkPb44Uebf7P3DcysBYrM3gbXCuk,7616
DxoM5J7zLJD2njQQ6ttu9veFoLqpvxsLSjsyRXF59f7B,7457
Ce3KgmWbw47RXSns4SoN4nDWM6a6kJbPjUxgurVL4B6a,8064
ANL9ZS2PS79vTfFBxw7e1BjrBWiELsAdU1dYpu2yuFMH,8101
6zzfq8aM4oKRLhuy93vhNCxRd15WTyov9VoHR2PS6F8h,7718
FRLBLwvLvF6CFtXwv3tewLc1FbggxT9yuvhDK3x8FHCU,7849
FXxTsMN8un6zP5CxcubiP25STn3AqD81QCnXUuGsC59b,7952
5oMfpZ2eURqWTvfc7DJdFSx3fmNPKRNgVX3gFKvcnAmC,7787
FPkvzNnwfbWGqDHH2fn9Botumvn9KsjacLkn4k6V6FZc,7749
APBbHrdYYHhbyqPyxkrxGtDNmpwTchNZquQzMCpmb1a7,7860
5cVCaZxUjPZ9Ae9Luz2faMQ323yPdxJx6xiD24thHYQp,7860
86jEwZtEzd1ENd9mpzeDnS2wBY1Z2iDA9VLURh7n4C4r,7725
AbHY5btHchuVd8qK8E55SUgNSor5xnKP7zBasoGVQxXX,7792
Ed7ekwDJBMDcsRQGqUPXBQyxswctMR9FZLByptgbLpzV,7491
5pjFYxv1Enjcp3Etq5gwshJ4zgg5t3Rwb2H6AytYgCey,7641
BRZ3xwZtzSCUD4zKodTHYhzLVezStG3Zi9uZz8VKaS6a,7789
BtDiMAD5cU8YDvkfH7tZ9pW2gpKc4dzBLpZJVW9Bq97h,7919
JAWFLtWyq8o6Lt66cXzyQNu9nMJZgmtFxipuXuW6QP1b,7922
6p643uvd9cZfoSrz8D5YnnFJzbVYkwvVbKTX8e4rRifZ,8075
7r1uzQn5827Af1iXfP9bGJY3TZbrrZwEsGvsoz1K6tpt,7843
AT6o8ctGcbHfa8szDg7LtfHvkYCCLw9rN8FXrHLmAty8,8047
GeRBnb58aiimQFtZA7hEGtrkP3Dhn1Kg7SfSEmeQ57LE,8101
GA2VHHtTSbscsKKc4pPRHgyghYWDBgsTko4UYE4pH2CE,7790
56tjZLMRsp1qdHhRUJfRbZmXRuQ5P1wyfr4RRNxcaFF4,7796
29s4SHZJGUUxmBND5tpZrLvPPgCYoy6bEuSDppG78z21,7900
Gxm4rCLMrVD69RTUaF2Mj7fSRJ9qQ4bDeaZhMnUPoNsY,7641
8GvM777XRV9wJp7fn5H64QpaXguptGqLg8uxZNimNVAi,8075
6wA1hjYwnrUDiVCMA3c9wdxmPZ4317no2yAD7ZsKWQpT,8108
5hD9TUwJagW1MYXBS1Bn6ShRDXo6jUJL7Q3GK4GRNeRX,8101
EAJ3Ve22HDMyVZJ9KraPZJfBjqHC4aFjAp3f36STLSeb,7922
3oo5JWvzvzg3fTpheVXqKxqLqd4cKKodyLC1zGgBMpRB,7922
5H1HJc8gsMWNAXQ8dcKHHm6yspYE3wnM4WjxKYrYdY96,7717
GpvKVWU8Xv9LRz1rFYSLDYzABj2AivJxa3qMFCmVNNsQ,7786
CuWhE5gGncPnvLMB8TgydyqtjXHEVT6h1Nw4SFveQC3F,7711
DaaoTGR6E7Vsz1QPb2ZLvLTwNai9z25TG54NZ6acMEGG,7729
9cTufSPisMNq5UsGsFHJ8yxxVU8nYBgqj574Bm8Tep5s,7524
H3r9kYrTDWnavpAbRUYhqmCBVULZoDf6GF4fupTNgKdt,7574
6x5eu5dpS8EQFmJwFiVGFLtz9qG6VWuiq84NFNGHGwMs,8113
HFFs6miaa84XDD3ZxadCLaxEuCT7bzXRsi2NGvjb7zML,7875
DrJCbDXhH6zJ3EhG8g4VgZRxNjQ6Xwrm3iCotMosGZja,7731
AFxptgFGbdvtqq9SrMBEome4XnCy3fk2aZEWmhinmoWZ,7639
8V3hBc4F1byLMcQDknxqA4BCLUw9nceTsr1FyMqYJ61W,7726
3EnuoqrWeMvdGz5LgTg3rppNGYz6ga4MVneocDQjR4wJ,7870
Er2tw9E35fWNpEZfnjTLdkZqKuXvZF6ArzafvAduwa1i,7736
CgqcEig1zcbD3xnKc2xx77XVhVA9c4aMTnTncqwkE4PE,7740
2qEHqmwWgFnyAF1SsGKuWgBjTDQGnZwig45JiNH3npyj,7736
AVSv6WDKA6XEMUfnWBTHNVHfLUkW7Z1kPjGXr4yXLFKy,7877
364aAgMemFmi9fZ7UV3xBMtqCS5UyK7KFzXSnsHsvGWo,7945
GC6QA4WZqYWbWou8FjnBR1kREsrxYoDxf734wU8m62Ma,7812
F7UJ1CUgA1gjaaZpMH3gW3VmXqvpUoboZ1Vk2ezUqsBa,7964
8cFmgw11j9q2d1cM1xhYUhDzKP7PH64K9STvHtbS9sJg,7777
29AQuLf3YWwy97FAHUig6fQr9E4xw87353xoeHBXFzw8,8125
AUKcFgnzJct3Uhui1yVtHAcqm1Wn6TjwqeUpLgUBSYm,7808
9gDv6NfcVpzZ1CUSyUVbZiCUjoHM3hpPorJxaMq2Akpf,7497
6S5Q77HKKUDKFtNqFdPMHkcVwFwMdv6CvF1M3e8G2y1J,7586
8v6HctrL5hi474A4z5dUf5QmPdKVemtwyyHA1oj7CEmg,7756
8ivvXqhUKzZmt1xa5ijkQYUWQ4QuTRq1iHKy91Cg7rCQ,7835
JD99Qd3Kc12nq4NggMaWkmynhENZReTBqkSGUQJUVSv5,7738
BQr8SdQZuzZ9GhLPPG9W5oe2fDrhFsif8ZMBdkW7z357,7585
Ai9QkJ55rFPbCgFxcocJRGZDgWfULQiJdeFzZ4dwSLHb,7936
9BRZiVkfEha4RHqDNWMWLfFCtezi6ppUQm27YKiqgMWD,7818
DjEB2PBd7gkXH8LM75kWG21nQTahP1YJM3LC3gpKAsxm,7901
EmfwGYmLSRVmxw8yyC3VPvH1zs6RLkUoqbFW9U5PiDQo,8136
26zyD8iBb2jYE6hUPjeHP9xp6XcJ8Mj2ejcHQUw4wF1i,8110
FMAqe7j5reQB21ZLKbCvzdfA2LdMG3UnXBQ378L6qWEK,8257
FQ7TS9PEKhPaUbSnonFk7qVKSFp3Wa9wU1dVh3ArkeDc,7607
6nFGShni4zcrADNpcVDHQsrmxNJSUXvfVZU2QMVQupWs,7938
FX1WcccLbNG47bQQqAM6KDUR9YG8DfYZc69wvTyQwjah,7612
ED1ZBrwjxvSUYnb6yLTHQGC9EpTxb2RMaGWcXoWH9quj,7963
FBB4kR7uWCVnPZBbrekiG1f2T4jxDNFjqCdVHJaMQ1tp,7834
BBeEJUeyBE3EyurM25WMv6cgHeuGaLT4TbJ3KUdNtqFu,7795
72NMEhKHQ1zNNLiKk2xmocnnWQYcUG9zfC7L3D7gMp5f,7844
5FkQow9wMRC8753DQ1vXhSQ1LLMsWru6hJkSbLAiDWBy,7691
31RgyTg1EnBGAPrPA5x9K6BM9i77Z3kkBJA1wUGW7GNm,7971
J1fwMEiCbgQtwtwJP9aCwKMBj9oK7Rgfzj1QecYdGdNq,7622
23ewUL8tkErSHhZumNzTRTjmHqiPdETzVdQBCNcTDqYj,7804
DuoWLpBkwA38mt1RLnZM7TjVtibVBpmSemE5y2TqtKVh,7837
4BgEyPNm1ZPEUTtEAG6AotT8hg7P5ehmJYTjYhsPru4x,7971
AgBRVBr8wgjHnMDtDh38aTENn1Vo3ahQ7PyDeLvtAGXc,7773
FS4HPk1PSqFmpiEhMcMit53MCp1a14VtoMYU1y4xHLVA,7628
J7Kjh47CoSY197rfiXEUzj3vcJwqoCi2df1LPoT2mTfB,7924
32ntrNKkV8dgpAoJhsnyKuF7xvvCAKMpqipGtJxe8SKS,7529
dtYMeXFneWLuFLTSNkuEwX2ZvYKz1irycqzMD7Nt1hC,7699
6kRpqg8jRxo2X9d5rsK1TEwdoJYxwiVRQPhjeSEK3Ce8,7904
Dcyf48eu6v3BqSMY1nGDA2tqfKA65aewQqq1xcPHUjNy,7979
GXg5FsqVXxpcYrF2JX7fypskTxYoTwT42PNSGRgBH5ng,7846
BxZU2t4R6z8maWnyMygzzEAAxFwKjvwTii2WtfS1i2kR,7845
4h5DKFS4KBX1wwjKHQKGZNnKkEKt6rrjhNkS6zutzEmh,7532
BhTgHtnwgQKDVB2kd5LSK4V97hvEqmwYVtmtfKv43CdE,7773
2YXYJmQF4aoaT15bhbsiUVZZLnr1oaW6ripGXaNSjUJ9,8015
9r7drUrnPtLJAH9zqzpmPSCo2dk1fe3Zt5ZT9UzeqjLU,7642
5GgkyswYP7f328K7NPrRneZvfd9ck4jZwnJXuvNxgPKK,7650
Gq3HSLN2vP8vLHV112VUZM2ZKb54dDUPm41gfHiv5p7J,7856
ArCPHmc93sckCgCRp5576x25ydhibJBocR66Ch9xhiqd,7630
FYYWD8y2inBFjjGAsxtwga8Wm1157ALNeTjZz4btqqEy,8002
DxYSPCvjDSSxoT9B9simY4qGTmK7Fi4drsC6BiGqYFN1,7804
LKDpfUCPr8aVitnyScdn3Fsjf3XxSVvTYwf7RLQoEYS,7882
4DNcDvkKWwadJ7Ma9hG8BCnwqkVh5YN5pHdBStbtzbQA,7877
BpoHQgZixcrE36c8zB9JJYmEipSxqpZbURjfnDkWZ36n,8191
A3FwczfkvW6W8y2RhD4JsN8phW3rzaPemmgy6WmUVoFg,8172
ADSeQFeS8wpQd1qnjimr3K4X2kL96t3WPoy31RNYjady,7892
5PpQFU8QHzfXq5Fud52aV4ba98cbJcmC8vdZZahLM6hP,8222
DZXDcnuy67miT6NQyKuYQgd2QHiykEVCFZ2oYUc9qi5m,7944
AcgZXYqcY3BVtcmhwrdWJz5oFwFsDSGy2rHKDZzTWEc1,7707
GuQcehjTdGkxhwVDdAGPnbY9J6RcK28o4bzBXJbU8uPD,8208
6sRF5cdSq9w8XB5wrQ3KMt8fg1p5reXCVqZuJtm9RJ25,7876
4B3NgGWG2UC3N39ejqWVYEbv6dTW3P4tWky9gWZfppe7,7889
BAxdJw6q2kroZmRsxSMq9y5rhYnQsoc6Sky5p8SMcS7z,8010
ChVePzu523tPWZQwV6nEtouppiLvBdnfV2io7325RGed,8025
Hwz1KU8poL37UZsoYqvAXvbwxXoW7xbLzk5PDyPEv2Xd,8186
98MisHyZXvAxERz4VUHwBb5xttpVM5vGKEsibXtXepwz,8029
A68vSKyxeBJhACHu7yqmcqS9HWcs5TQ7FkWHDJWNamuR,8029
9azVem7asiJreRCT1XniCe9uicLmuL4r9sBxg7z2xvrk,7814
CwGV3nVCgWYc9xGV3fUKySWgaebx5ADKH46mM1UNrcnc,8187
FDH2oezVY3ZRr5UQD6EbsLgv53nKV6i7jyZMCwBmdqg7,7523
6euMeBpUvAmaEKyTNemP31MG5NsfdiL8eyxxKbb46TqG,7672
6kkQAG4cN91XvbiDccD7XrgGQbHWqpazm7YDwKVfTeAM,8059
9S1LuST7cbN2nQrL9cNFJo7ey4V8c8dtruFYkEMR8NdU,7687
8X9L481BCNBtjvYgZuFYiiDK3ecyPgPonYPoGaYDzHxE,8043
3eUvCY7qxwaH5Js7K48JiKxMCmjRG7nEQLiFPHaE1Rz4,7717
9MqqcivB3rMZ2WXHvHvj3u8fMah5rUvB3USDhnhehJTZ,7677
AavFqQnhjAbjdtgHFu7o3Gmsn8jYhfo22BJG1KLMMigS,7920
HZRn5UBideziXHkfbwanhbG6VTgxLSZAsyLTdfGYUdRU,8214
2hDy4PotKLGPKQdj41oY59aPCQ7YJYuyUK9vdEopnETy,7877
2cTTEX2zRKhxnUqntze8pFCxrxciFiSb9WAaeN9qkzCR,8008
Gf6Nm9afD8QUkXswxqdAkU9aUD3HC2z2TvWW9coqSYXE,7877
4gxY2DBf3KgTx5jR834csb3tAf2MUmMHZn5K3RdAKLrS,7587
9xP4p6KsCeMwC9fNX9iVRFd2G8AU2aas8qN6XFCBke1g,7966
Fw9wQFgJxTGpipy2a58peN2wEdK1H1rCX6XAczByeSdA,7752
B8RDMXygAVcJntf3WPwSfUydmEFiZowj2Gyoz9ZijYrM,7730
96CmHDB7mbHgGMLQteczJvnePP6EqFN5gqpJS8SEAbyc,7480
2Ync7Tn54xhhXYEUvpCHBk2ShtN5CL8KJdEkkN9KBRDc,8126
4Tgg8rsu1nvyX4fPKag1qx2a9AdVhuFiANrUgbWUdBev,7940
C1YWruZ1dbRdcCbFgutck3U5kwMUu2CBpeqKJKeXj8Zs,7897
HNV9fQ1CsLH1PReeUSRbSzNjhxSt4oAcVVFxBciFY4gy,8384
J9iVRkmpzSby6m6EZJJxtJ5x6w7udHGVxpRzgkMiEojz,8294
DXgs2bMcXQHSrs2uPz8VGkUVY4z4hiRX6fXS6iXssiBb,7826
GgHe3S573LMGoqeLepBMYD2b9pAbyo2TNGC3ELzE9Pos,7895
ADcTrRzMn6qESpWVp11Z71XpqLycL8TiqccuRXP5imHD,8053
AhW4BmAMiemD7bBm3G6Xh6JGAWqoezynKhXxKUn9oGhe,8417
GoiXvb4AutckWLmD4mucD6z7k2VjevnFuHUgv4sb3rkE,7892
4RN91HvvnN8wK5jUXX457uqbMMcfgdPAqhvYvfG1ej4U,7889
8jZrLLd4iwpDZ5u51bwDvVmjTTioh729e15Q8j3k5cq9,7780
DziaiihWDfyb2gT9r8QYVwUVsWQPkvnZmquito9rpExM,7978
4qziM5kbDxFG1d2QxWRocwizWBEqygnp2ZvxxYBk8BHa,7482
HsbxBYJoiAsJ3XE9kcSM2hsnL1ZWWNUZsWymnYriQL5f,8099
42ieqSGvSubmdvGA8Ld97Qb9nnQKsdmYuAvdb65WjMjZ,7948
34Mk7boZvkdzat8D26Xx9gXcRbf3coyTV5Hh4N8PtZEd,7946
FcUUvGDNJfz7rL8PfsBm5M6vR9VmXDnSVQB3jNYjw7Wm,7785
8EEaMrLa4i6KVSW2z8xraAqMqq9AR485EnXCfLoVkqzo,7784
FB3rkjhECzsmQ8QWf3Tk3DoApvAUb3dr9Y6FjJJFTKaN,8301
9KZw2S2XzWPy7JwooQRGi9w1RY27JoSA75GXMwDjBSQC,7821
8yGh8PhjeQLZ3PCCmD1G6PZcKYviJfPpDVSRNtFqHnWv,7779
tPzmnFxp7t8U7yECN1qgBPpmnKi9mfo6FoLTXw5gsSi,7897
69CwM4W77G7YVyJP8ob7MYtma9uGD2aKqpbubhsKwJQE,7608
GQnazko6PTBwx7vDHeWTjjgpMHSxr7quWkCM6MHJcmU7,7924
6HUsJPGxvTbvRvxYADfG5awWG8Mit1sxmFcGAyzr2ieP,7797
3qaswvjJPsiKPRjBG13Q4QY7U8CDB7dbtuBGwSobkU2s,7908
62HmQtJk4G6g83Dt4zLmwgzSU9qeT1BUyBDukxmvPn3Y,7538
AU5wji3NpSPr5kQ56vfdNMxdT6vUtnqv87z5cSHEaEfE,7710
14fFgv3mnXWaGqjPKdMeuNv5pAsf8BPwHDQ7KZ1XHGJC,7857
HxqEdKzdkAnjMgkwrnH3bdkM7BoiHbMqdn2GGLVmfXDC,7855
CSHzjE1gyittbbFpsEBe5CVHJ2aoe1Z4QJRgdi4Vw57V,7986
8L9YAg7Hz5A5zzMdAHJNq5t3SN8AFQzBr5Vy8xTrrP3o,7915
GTTAPeMqCL9CHU1aQXcaWFBbaDXZt7fVf8PvcRbxrnRQ,8055
2GRk3soBTMWhoPoWNPbzMYfQ7aZR5JS58B44UTvNxxqW,7967
6MchmBUYMiLTi7PjdCoCZRhCxmbTLHgGo6hzCPrMDkcV,8221
23vi1eqGSakuYK4fcbCkLo62zB9QvvbaxFQm5k9jmv7r,7852
B26boiA9oAFo2cLcLhvDdDpKM2uhZfHNtqZv6kRQdfb4,7965
HLedwYirbjyQd6PpjwR9fzF7Db8ThVxtkbaYVarKTJbC,8442
Fga7rpoc1YGChaMeeNKszU8qRBmAFstu8duGYQks6z9d,7856
Aq6Pf4DxexPVLRe9CcfXMyGGNwbZNqEuS8VUhwaUWVhq,7987
FAaZ4ZBDCgBaHrerDMKjdNPN2JKEFmhcJfSdc2qfF8Y6,8409
4cYAWo7SLUMkqLLmQHEShjcWoLZb87n1QTvLNkVF3zNm,8114
dQhjs6pCUczT8Mox8jhi6xnLguwfxKn8DhmVvZCpZhD,7706
DdM6ZnTciSuuvAZWjBGxGzRiMph22yXHCEu4Vgtf6wSp,8163
8ZXQcpDJSTpxquGuWUvSXDNxa2X89cpHKzBSSrEBTWKp,8064
29irHRHbZsTmwHRCVhDQf1QJkWegbh1kYYj29vt7oWmH,7966
CZLQBT4jEB44tGxdV2as16nDjvev3TxjJYK95TLK7545,8056
9deyhGM8ADzqpRLRDNJ3KrxoCAhqCPbBcDs91KEbxVC3,7924
5V4amYT5MFfdDtKqk9ijzEv9txoKKpev4tacrd227oXf,7792
8Jtwx25AmJWkVEKcq8JDi8MaJNrNLCrqEFfSJ9kVrFrR,7914
BcizHxxZKpcHpgmdH2HYKQG2itxq2Xjv25JFGySRB9vL,7796
3byxobSW4ckSp2BPLojmqoXrw4kfkdnaBRZKyf2SFVvN,7796
NbC9gX3dLUjyuVBeCUqvsWAKDTpvg3Mw1xgurCbPaav,8001
8YUpRL8DxKqmP5yENDWFuW6HgAEEdWKqQZVVNSsvxxup,7788
FXYVa6gLNYJM7v3P2w8EpAidBzV8kFpEDTcr5j6TrhYg,8005
5m1n3kcRU5pPZUfAexrbJBLdQeAneQitN1JWtXALvjb8,7920
5WiC7k2Jbn4MHWf2utGRtANaeWJkZMRYfGMBwLcGMsgW,7997
AgQW3hVmh9TjEHixh6MmUrkDedv4L5q8ZcuL7NuEhTYF,7944
HExGgipoAN4V1ofBKWFGsAX9REP3RbiDdeB55BZpKWiL,8006
AV5yZjeNP1wThmd2LCYEU74FUEXfANf6LypSoBkLrJtK,8122
3RAv4QccGi6J68zSeRctqHQ3RcJznyYuv3Fphdpny1TD,7876
HdoEELXKmSUmyVhoFR4aig6VLPFqZCcWYPtrgqjANf52,8168
B9Qo5N4PrAApHZkQiy6o1CLGAPP6BfwVZexsQDgLHBvf,8164
8exi6PeUKUD5VsMykrV3R5pPF3YDdGAAaghqq1TfGHox,8056
HN3M7M2eqEyqbwYMPWB42X6nJc8Q9RDgkQ2XwziFCsVb,8127
ARDqQg5Lv2jSq5tkfejGBSB9rpgxyCMDuUepVgZVYHhm,8171
JAdMHTB3mHtYjwXAUQcLyXZB9yLXWUJLvZxZJugaWMQo,7974
zxvi7y9THksFs4JrfdaauiPcsfJ3nfFF5Tqcu8eTjBA,8599
3rakRP3ZwMiFX3ygA132aUbxaPBNdLnkMXDP8xpBiQWp,8246
8CqfYnPkzFGsZMxrASYbf7tQDqUtQzzShLGApCobkuu6,8325
DSzLmcNMYnqoCrpFGyVDLSF9EJLmTYceHpnB1yWaTTLD,8193
3NMqq4C9utCKcyvWW3v9bBDqww7C1H7Tp5Yeo8XbmcwB,8188
6tDEb52exBq3a4UCLmjdRXKedyBgW7ZZSz3sAsHMJxha,8500
B4Aozg4WVmpcVkG4mCSPw3SpbVRMkuLyTjHcg6epD79A,8275
DU5iix5JSeGceBN5RJx1RAdgK9bmsiPEwNpEd5iPRRZZ,8078
2kQoGB1re1moSLAu1A6mZDPUKqXRVCAhRLjxtaYuRGnt,8197
FpFFvhyVXnc2en1sMQbWvDsqsiUxMDw9bo3CKDHhvwYY,8225
7nassUEFcj3onDGm8fWetfRMpWp7FYGqf4GgoAfwQWHA,8191
49kfAnh9D1JnVN3iJ7URscPrGmZTKfH5Z5KgcJmJdKwT,8195
HMN6oDcPo1XzFnkCN1BH21hqLoikcroEsFqCFf97bi5W,8221
9wwUK99e4UmhTaymBTgjXfxhYbNVrCLufJpaidqDqHqc,8203
BkPqhYDvf5DYCqGNLtXArHiW3ifSht4EVmTWqTVuPUsr,7830
8pJ7kdAkM47vgrkp1Bvt3Di7zMa7Gvg1bvYUGDmALowk,8098
5g6mVALU6uNjTiNjxdvs6i7CxToC6Cw1ZoBUt8coyP2Z,8203
7ws1RorV1tg6RSyivZmPKq5TQSyLcm36tG7U8xMNuYxZ,8228
9RZjYjFqTFSPM6Tw6mKT3R5BDhMX8KuVSXavj62EEqzB,8337
BRYiTEMin1dgowGBD2ahnegfMf9f83G7XpQqHRbpVUwB,8622
6ibdGiQ6KXaeCWgKVhyAMBYCWCVFQQWNfTZ5HU4fZmdg,8290
Gh8frKWKLngCWCoEfiNMSKfZiY9b7ZwLALJLWm8k4Hrc,8290
C32WomsAwAyBhPavRuyHm9EAKLGuf2QVoG4be1sJ8zKH,8225
JDR8PanFhf6e9YihVMFQLgD1KxxXcV8SuTFccDKJH97R,8219
9LWYwGHxekX6tKcJBqMwwo4piSiB44JsJgjZ72pHGAuZ,7923
7exn1V42oT1nNzcYFjn2Cfw2kjTFfebZFy9RVjB4TFW4,8239
J2dqpX5vTFtN6TbrgEPTxbqgKLMCFMzcwgGUN7ZPPbyv,8226
7MYpmHVBBa7x3vMTd37y7Pm4gaVZ8TdWs6JPqwyBuJ8A,8475
8wJLoQpMLMf81gPuvwSEn6eyKtYCm7eXnqtChsaiyCqG,7942
Hsc6KqyzTWqKWmEyEL6X8HJZzfNrxcdQwrRTjAxosJJ2,8034
H2sDvGTfcwV7zwcmkDaYMg2veyC8GXK8SaxKeaPou88U,8567
6FH3CvGc7zdzZYK4MycfNXkz3E7DqeP6kGrcrPaN2jM2,8225
GdbYnatneSUSTVUzMZ8Qx5VtNDUDFABvmBPf31PsA8wd,8245
4Pb5rwngtakuCZEzs5mBe5d4ty4uQnfknZNE1CKLZaza,8245
Fn6GYpDQRCKaJsv4oYyP4HXbBXyRUVNfTHae7MyP1B5E,8207
HTKBu6Tec63mJZvXNyMEznVsqrW44SEVBEKN1DtxxWCX,7977
95cz1V6xWoNn3FUQqY52DoqpFVB1yVJoaiqBSZjoMMco,8294
6uHqdgzuCXkB8ESKzd8coUhqZAj3JhoNyjJr1v4vfcfv,8280
GrqgfvY7xYsGSf1t4T5gtQXEs7gkovJuuTQ4mg7jHSyA,8700
EQZXcpsFteqRVT5z1tW2wDdPBuML6a1iuQ3WLDoQwr6L,7894
BXNoxNAnnH2hKcJWzYbWhnJkL5TGcFHXkZE7X8mpjakV,8120
HuvffWNEjRw2zVuDtpAgjXRwxezz6rBszWQ8iReRcQ3N,8285
84Tg5X3DNVeV8ZLfx27rKVncDCBM8e65i1va7LeRL2GG,8221
zMttrp2d1sbhUfo4QfHKpod9En2cDEVA3bF1ir6Q9x3,8119
BCk8xFNr3iCTkRneMVDp7A6gEiaVA23vPcz8YYpNetSJ,8292
CggRhp965GGDxg61t1vZ7ExCcWkCW7MoLsct1pdfo46t,8000
A1RhT6yHkGHvRPVjGAkfyGxNLdGcdUneRzjgnFwj9CB3,8306
51bgjzNnBjSfbxRXi5Xkqbj3LGEUYWfRsPtVkkPeY7SW,8272
HXQK7RD5ccjEpnvDX9cBo53NQhiJYj1ERCMvcYhuPGX8,8283
3KwigWkuhhZ4JVgkP8nidjZfKMbf4ngfaCRStpcatUHT,8768
2s3Bt5mvw9Fe6snsGBCc1HznawZ6RVU48uWiwACRvCbE,8296
6ygT6hAUxGhvQ7r44jaR6RXe5FdX7aYkdw9vogsLn5ac,8192
HTgrJg3DiQwUvKgEHXeHLZYhDD2cwNR8nCphmTGxmnge,8286
6kKjGzM1uTiQqo4XB4vL9WXCCooT4KrsGHCAGMNurVbW,8347
8R8jKQnonEnqffEoc6PNQeFbVxCMqTea8cTMhWhSp3Mh,8349
BSgUHvXKqpxPKcwaUAWJvjeiBb8YPszsThk48ceQRvGL,8232
3FNmrV2w34jitGYV7qVEY4AfvsM5FEzwcNYtQGs4rE8Q,8316
95vA5qs3shC9vcn9QV9nkbNAwku4qpXBFbMq73zRsMRu,8442
9EQFFBSfdjXPc7mM3v8g1NmUAup3cuAj7WvTS9bLK8xC,8548
EMDpMEZ41A5pkrVTqWgQGCEEjJMnvnAUNHhMRuBJsk1K,8172
GFjDHXbXB2kmRoxZu2E6gLkFosjiErBDyxBsAsnCzEir,8711
8KEtnNxHftkPeF2QrsE1VfhhUYQEV7oS35iMbo7UDqYa,8711
8zzmfCbsN9s8a27gfwXudeXLRbJcJuuGZwHH2yvjaZq6,8164
EJrzuPuU6TE2UrRtLp3KVtWwbQx9QakskKimUVmKkPci,8323
8tESSqrofNqsPTbXvXuGfP9ufDfp3UTbDeBAuBfV4z4B,8238
AqRp5mu2HRmnYADoSnTqWCBD7ZXYHNqaTzVRG3QEXgNq,8361
HJoJ9AX1gp1DvMkoSoeQsF23iKtRpMUSTAb6ddyqDXHp,8293
8ucuFDk3Pi4c5WXK3BYRDRPamfw2W933qRvFBn8U4rCf,8472
Fj9fFKMrZWkPCGRgkJ6R8qVqyJrRexWVUZi7DfH17dd,8146
5fKmKRRkQk8RFAVN6jz5Co2T4W2FS5fUxCQoPvA4zyva,8292
EWEfja9fBQeYhyZJt78qV4UNazG2SE9X1LthxqoL7CVL,8745
DF43i7N5or9xfwuvAx6aHYLHuAbR4oPTC5pYric51Bd1,8561
GH19dMUSKhka5pbp95CTMpegaRchgiNpMFfBC3hbTYjR,8301
9NN6WVMwsF3BSch1M1UxHuFpf3MmZ8wJd33z7StsGyuy,8021
Cw2BGXRZ2i1M63mnqmPqdAokUaNQvjcR9QaTTPbgha2e,8304
GgJSNJPMafvHno2xGT1sDDmT9hEngj1yGziDchWdBRL,8427
H9dZcTRrEsDzo2XdNy9tsoNJ2MofNni9zeLsUsgQs4ug,8757
BYFiYyfTWySuNocNTtD1DtsVEvR6WtrY2CH1c8D7d3RK,8306
Ge6oa2FcgmpjZLcorXczHXBLURPEuWvtTsuC5hFMjBnw,8268
BN4No33Z1vgVJLFwkFaGhJZCVr7c1LnGKTK6V4VEEVR5,8733
51QvGBF1AomGdF3s2rVRU8K2Z7BLPBCMrdi7aNaiJNKf,8309
BnrkEAVHt5Jpzf2CXaL2EZ64rdFUSsj5SJn2trCJEQJr,8759
7BB9QezqS6dufVPifxwzKNoPdRTMp4VvoPHkcSG8o3oF,8491
EmCoNso2WEmHnB7bDs55tWy2Rk7ULwD7Eer44U6NadMN,8306
JAUpBiAhcyMJTi2n92aWyas7bLa1yddSJZoEtB1nudee,8412
8zh9FficnfXhNn5FYMuRyvJ91e96ok8TaStwZg2r2aHQ,8413
GkgB7QVgMqKiTeVVadjbJSBeD3s36b2k49S5XquqmjnF,8856
7ntRAys69d2pGPjKXkMKCm76c1LwNSbP5rT8BhkaMxeK,8165
C4XZrCjSBfAUZVSXQHUGbUG94LdtaRCP4BvJEgLxHVEr,8410
6aY8fL379zKumaxxtbFELpo91MzkuMQ4GyRdZgm5tbpc,8821
4vgHZyL5M7ZN1jT4kXdpHZUZoUpd4MV2zUkY98b3tDgb,8336
CzMmbGSWoj5AsSWpUWWLWcXEAhXCjRsCk7FzyjNmTJxs,8333
HPdBx9odwmkdUk4kMyWkVi4qynJVSPPac5z8Sm1fhQr4,8575
CJ46eXoSTR9bJWm2cFM8UcGSMDM1ckAbFwfD8Ae9FBBu,8380
3oLXfFQD3DhW8hgpetQhPpZ5vWrne2EZG1EjbmJw64BE,8308
26u3D2zZ3q9Heimpe4PSUqqwJ2sR6PCU15BHYT7QMYX7,8266
4Nr3dmRrXaxowtaGPMS21LjDPh3qoDQn7FhxbMB9Zrwq,8322
EbjwAYT4SwHoWmupCXr3pzJkJ1PQLgdyqAbZAKUSqUKE,8384
FJhwUGjnchZYmPHzNQrxWRtFVTQ76VsJjtaaEu5mSpwj,8848
FXnkKXswUfst9taCtwrHxY4aYhWFVnd2hKLUo9k4Ljxn,8211
5D9ri2iBa1hBRYeP7YLVQtiRc6ik6P2zYFkQchmBmoYe,8213
8GApag4xgGLbR2oiVvt7E1uT6W4HbfNJngXsZmoxfEk6,8407
FCjVGW3omTwAueBgvSdR7DDRKSU9WTXBkK7GeW69hEX7,8239
5at1PAutFP8rFqoAaDKVqzbis9G5AZjtRwnonrnPmjDE,8213
5hAVakMa3WXLwb1cfyNyENZE3xrdpXQ4svdX8PfFvZhu,8202
GfZQRCinFuWHz8af3vNCBdGSiWKDRoroAgdm4eZbooX2,8045
4aZ8R5eDaujjTcShvAFWKXvjp6FQUyV6LdCJPkUoiRCR,8568
DZ1nhnx8XDeyFUeDtBWHTbhUnhP6Ed5u6ko4xpU3Rsfz,8504
AG6jv8TTzmvgrJtJw3gAkjuxhcCupnzSo1gxfQ2RZwa,8318
BTyjXLt6KNeYiiZEKmgZb6wnpZ1FYxriFixVCngV3i2G,8748
6PgYsuHaKqJGSkFkR67WoG5NVrBTkZ29DDEEVigcRRwE,8833
7JBHjQUFhRBiAWR6JDHejk8zzRKCuAZKx4fxbQh4PqKV,8136
DmboqRX13U29g9C6Ltv1jcRtAYFU9pJWLpAXjrK8hMMr,8836
2Vsjb3rmM3sy3twTVkyxsaze2GwaTCTKRJ4GHEeJsjra,8444
GP5NxWERomAM1tvbciNVMrvSMPWRmQmcAKUiDSf2GNiy,8458
Ck3JEfZPXkvfLBCWSegsn65JQ7LFafDGZ7cqybvsBc9b,8538
BNFiNADtaGsmZBo1GGmKgh9NXRrgRbGPBJbLhAUjHWiS,8514
B9jBr8seKJDZUATzHKFHH24E4AMBcBAvJc8KkUMKLykm,8536
7GQgmUPkkDWecGqfRWUWvG5ZkzuCFzqkpNYW7HGU7DWt,8257
F5iyqpJFMgZ331w7BrAEjHf5B8ywUF75kdQYoPweyZAv,8237
HMqQ7LDYX3Vsd94HmdHe1ENKqxcwXW97jXrJ69MvTAtb,8482
5FP9oAG2wnYgRw165eNACEtfUKdb94cGH6ayLi3yFgpG,8264
ChvgeZHPbuGyyZVsRcygsCG7Yef9fuBSYeYdurSUPj9p,8488
9JJZdS626hBfgGAPQ1DxpbAMzDxaAiacSAsFArGMbsNZ,8507
8KtDUCWYDBJYo8QA1nXswS9Mcuwm8MKQ1ny1rMLpNvvU,8564
G6eUCJjjW4dbWWdMGJL5nsZuCwBN8NYeERvgBhm2fhd7,8408
7XU4kmzFToFmdiiCY7tPKwtFiYUJk9BDbj4wjPDF8RmD,8522
Ebfo3rAQQKwocs8ZmTrLgqsGEwgDaMMU2qXUaQomAcWV,8525
9ox6eFgEFciMPipYfmte7kDjAvprzPCddvLLazTa2Csm,8425
5d1eou6eG4cpZXi5Tfs36NXRA7PbQeg1aXM4DA24gvWN,8615
FNi5XhLQRvUWPgZ23iA4oXGYxUCMX2a2v195dm33yZfH,8473
BAEXJ6KteXSrhEJBg5t3G6vpfLGjQ33mVihJqMTwibin,8537
BFPMUM5sj56Wp75UkgZHHDgtFprfcodiq7aFV5SdoYU4,8773
1E48YbXHf7qUn7qioo7B4RsnTJfUkHT3C3fwW2DGA8w,8944
4wHYbocv1ZURyjazcNqvpBLmJvdS9sM5vJy1x9Q5xJ8P,8592
9q7Auc7kcujbbyT27XM1JM3xqreMKKZZQw2FdLLB4EFg,8558
3xotAnzXucYnH6M5BFtP1tjM8Sgz5f2gFr6K1Bmz963r,8131
BkLDfZUjqKvKvq2UnA9B5W3XSzb7qQPwTnXnhvxhZjKe,8535
59NN47N7zyeMi5BWsPt44AVQ9T1SmzVUTJuSXkyHAPAi,8626
Hqkyq9tNgT8Sa6xmf1JnJ7trQPzxAm2MNFX52VbauTef,8620
A4oip1AiTUn75SsEoNV7XmZ6L82TbwPQxZN8wC9AK3ST,8565
kH7wvZqKep7m9LpyR29ySLo7ejGukrYjRZcP8ATaDGe,8542
J7vRLgAq7zLxxkDhfuR46PovuBB7Q1DPTbiXmXXGHi5u,8457
ESwAwr2MZeDE947tW4PP3z9u44Dv9aphWMUF2j83t2et,8454
FB6dTz5wsAtFUwbWhzdqm8DBfrFjj7oDnHgZ9KVKCvdQ,8584
EA2ynEcP4qeSGFr8K8bUNvB9MFCEBNKnQaaHFT2fudeq,8498
GEtLeA2yF9NqBm7TjYgeFVJig6KHh1fqSsQ1jjC6kt1w,8588
Aud3hzA9hT7z48dswN7LZGhPMxvJBUpmUPoSbx788dH8,8971
8hbcSTVq8Zj7bY2gnSc1vKVKYRZT5oE6AD8CUJyVvFv8,8599
GDMGhWz4YMrysUyGyk4UszhMBTRtF96CBtbXobLTT3Fk,8569
CM5PPXMHwzHrR5iVw5nwCtDkGS44LsqLMvYAuvnpHaca,8647
CQuCZFZ3Sf6VYXmq3oopkMphVfwKUksBh4WG9Dry3FWc,8714
2bE26bbQ47dBo948AjP9BjcevSaNL6Bt7wwg2LXJ4ctw,9071
53Hx2xwB8JyNuzkaEZwktHbvLi551CKtYZCkiSkrS9iS,8286
2TBL3PgVuThn5e9J3UxDjMHcTc774KbQ6ixsFzugBc48,8459
BVb3iPuA8nJHAmtBa55Gwq7Bf4xJW8wtfWoGLxYZbv5k,8573
ExmUvY26Ek7Qt4LL6ZvSifjn4XDuVa2emuN2tH5xB6sX,8572
Cu5Nc6piFneegJ2Lgv4XMXWF4YfzJjtkt6bhEp6eEomo,8731
HXASy6DB6CDacCvBx1KbgdhTGxVSGEMN2iDBjgTw7qvQ,8814
FS6vTNKEHZoTpmg3vStqDSeMBHL5S7oNqa7rukmxWjeZ,8374
7ZSDk2Hz8fxWoYTYotZkN1NXdjjm5dYNEZjM3pbgKENf,8522
7pkuQxNrftGP1gwmGXTiBc6uPexs7dxc6ZXGYPsd1DDJ,8377
H7QcXqexRiA2uXYQNHmnpmktpQokQafHGRHYELgj8ipn,8730
4eo2f4HfCbN84DYKjxZxXMznoFDMDECnaq2ZjWN9P33P,8887
Hq1mVrsKzz4z47ReBNkgTmzVoLdCubymWVNANsGswhFQ,8581
5mmZuYPHy2eLXgqP4f1JkP3sCUnGbAam4WcXs2s7zFr9,8579
4fw9DUQGmQdgezx8RNFpZeevPUYRnvfoCKXvjJL9QoL7,8486
9cXg8ANZ6djDGSeSGqVChBfhbAaZUXHAq4gj75kwWSQ5,8665
6egQTFt2ZV3g5EJZ7UU84FrRNdtG12GrEzgmda8pesUT,8811
9mT3p3qAkEU5Xy6VaEYLDQ1ZXWxSKpbxDdarpGy8TXnF,8828
CZCmuAuRgW8e1v9xXdvFCGP7yzowXKfWTVVxaKaLifCA,8612
3jcwSYoh3DsEJWKxvZ253pqT4mztPhextPhmVGwKuBrc,8463
FF1mrcTPirWaixsJ7SvAY9HJg3BYCZXFmprYUFm7e6zi,9090
CcDhfUnKES99Tx3GfYxdPB3ysvc8S3gHDWc42TiQYVsb,8595
3TFBh1FKiCkTjUvZ1kCk6spY9N2u27MJv2VXg5UJu9r5,8534
HcKBwWqZWjpWWf9rRipN7aaZBMp29v7L6w682Es3gfv7,8183
6JtnAE4aWQtbTK4Q9f3NZ45JjGXAyLm8khkM4LuBDEAv,8180
FJ3GfJ9CriM44v1QiEfzxd7y1Bk4ab1U6JxqrfZDJucc,8668
816hJzQNeFPwstPWb2wM5tpCZS97Ud9sGFJG3qbYrcYh,8595
CA8m1DBFhmLVytxnWZXuw8vSyL6xy8GBWXhLsY9dbENJ,9099
sdQLsmGJ2Gt2tYWB7e99QGn92hrM1rE8me5VvBnRLZm,8759
6aj13gvgjR5F5qojeact3UY7qVFq7oEMQpc8kenFFTEB,8654
BfsXz52whvrim6VNjyBk7dUMJv4eMhPVH2nMrNxKYvoX,8597
2LNzo4fbv3qEnJqCKRjB4b88kFpt8ECBRv71W4R2Cz4j,8599
H6N4V6jdTC2iyHHwiDCqPqMsiRBR8ZjQZGrNiA8oD4A2,8991
4pMX3AJC2WPkCZnyjHREKxbviJPBCNUaa1maDCQ5TEJw,9008
Grn9rfUZ89psiY9HuNPtPSjXHR4xnRf5j1MXYzBw86hF,8600
Cmxhugt2Jnu5B8EFcdCgiPmtdSDA8FQfUkKKmrpgucWd,8479
FRU2EtshEamEQrKA376u5f8ntk2K5n5LVvnWWCzz6o2B,8627
AhmuMpbQBzXmvXf3KrTDCCXM95aEz7prhe3v2Xz72bgx,8605
4uZhyb5HzyBBGWgu4sPmaX2nmdnDayxZkxLw4Q2uXptd,8519
F5pfj9aiDr8p3LnSG6LjUGGwnCaAoPReHdMyubJwje7U,8565
5N2rFN2dANaPTnwPvVjpWgpG1cr7a93ybiiEiG4wrwXH,8395
FhJTEXFHHvhjrLCnL2qqvsH58LbQ5BW3eeP2vBvUBdiR,8702
6sCKMSjQXFBhj4PdcMGhoKA9JrvnimgAJL3UhaWqJ6pU,8633
CBuCq6KVj8Fxd5zDKKMWgYRGgjrsqCfsSpuxKrDVQjKH,8525
3X9hcEpbDRb1g8vNCrhpKfJNjioJwYgTiftRghtnVWWF,8574
EfBg8VvutMDWBYb1YdEvq6R5BQFw2fDkYu6Lk3QdRibf,8626
4TTwTvzQF3WjWHvGtXPmBdBLnZBcPf8NY2ak7cosH5qG,8640
DYSja8SQxHmohNbuTdNQyKEfQ7dHk8NA42JkWPKGJc4C,8773
EnDbz73nSwHsexQsurwsCw9Fadr6XcnHPfkrkFjKT6jw,8509
42NmWSBZpH4qLfPoLWA9fBnGdLsUhkjtv383EhqPeocu,8346
FxqcRKbFbH16J7A3WLhodC5HW2S2B4UCP9BhSjVVcYtB,8643
4QBGBQf1jsK1vxoJEtZdHV2Mxc7v3ZB8MiYLV9Vpftqh,9048
9MLasuW9oCUHLuseb8Xm3zVMQ9YMpA9ENJJVzXWN8vhX,8699
AnSN3TC5ddeimVkPXyCNnK2wbzc2bh87Q2WwbwRmGdzP,8642
DKEWMBn6JP4DJ6yVY5ReFqN1F9imoo3H3qvZUaCPUhmi,8645
8pywbvxRKwUL8C5V9LM1MjZKFYD72vq623hzqKTtH24L,8678
GkobTv1DsVyNhV3nbDS7Q11tmvoFnLUxXUARkNmHqtMh,8679
FyFcRWvFfDZqq9ftFhwmwzoBAujAACfwt9nRhZNGKeQi,8862
5BHJMSJyRciYbESbtkpuqEoURz14Ws6Q7NyHFMLLEhJo,8531
HHKi7N1TsNXieUSsnGrcdpPASBsyPNvyiUyoaB63wXR9,8363
8Pm2SFYg54Uvqf51gCmowc71NXPSJ1aqqPDoaVTeT3XT,9091
9oEQmA9yau4c8qvtpq25QbjvmRFqaFddFrGBmw4gddhn,8603
WMUtGRfQvQMspVDAcoAdJ9DXzrgUgkJQdef692WSUds,8520
Ak5FYzPu1dP7ESHKySPpAYF7yLFbuTeTNjSUGBMKoTME,8644
Gx4A8dDTtrjGZuN2UeKjwdnAgjgLBL3zNLqn7Uk5YQNh,8870
BH3S7RG7KBREQ3vzNrNuHhMa23e5hUpNrHcQft3aGNe7,8650
3ahkrEq4e98fcMhJdQ76722jyTs9GqvAFu7d7X4GVzXA,8884
AbvUq6P9mquiKdsXQyPbbHHRr3MtJieAkkAWEWVmtbUT,8877
CEbhvcEQacefP9gt2GQ2NtViVdSM5UYbctPvd4GBjUFF,8678
6WAnPG9LcscsnRzxKjWBj69koBgK8UFsyb45m8tqwy7W,9142
HkDwivaYkrAFxoDaW5fSKaRioGGm2qQjidwkczUbiszQ,8662
FABYSif7Mj7PcT4rn1nNchybtinb7PD7gkudd4Kf69mF,8602
HQc7fyD1hfbjQ3uquw2zEkLVh3LvpFUPFgW2XmB9ireJ,8659
85A1UK6NcbQKcCi7GhciFcMuVACbuCf8qoLYDDqiNZFN,8375
7Z1sJiMFAAM2NwGT1xVtM5toVb2Sg6hS5WzKDouMe6Nt,8810
HbWXi67pKMBLSdE9M4Cf9Ew1AbqMdcd9nEifBzt2y8sL,8571
xixjxq38Y7LjUQi9EbUtA9fEB6qxGCBXQ3ZYdsqB3Wu,8535
EKoPVuuJ8qGhyJ5uBcLMhkRwMkWp1VDn1JsUtzTWkn6q,8746
57Nt9SP62xueZSnZNnXM2a6yrNuZEGCpPUaJEcEJQ4o1,9202
62FsDcofiBYZmxN7kxjbjV3fvUz9MZpLQRWNYRSgq2Tm,8724
Gj6h4vFV6SRp7a4D8FDz9gnatkhR99Y2EJJUchG3W5qD,8913
8BEC48PcWFjMB7oMhuhHB8jSm2R9Y9Wf9Jow5rpesShJ,8296
7E7TM7QvGtLetPgLBu7daNoGLYdPabXeEYnn4ZU8DpZk,8695
HDjbMUUKL3qy4Sf4rqoNLJAAYnmR2yFoAc5kaF8GVhFc,8827
JBxasLKQMo45gn25tsBbPdYFidrrrZ1mHtr4vuDEYMWb,8919
83Fh6g5ytaHmMNXwx67k2beoLXm9uTCLbpGM5J2roqNC,8843
3Feaisox9qszU1QiHE4yKU8UHfdzfBor32H8RkaaYpxu,9111
7PGkLUeGN9bekLE3WCF6UX3Rar5TTcHqZbWZrqpNAQbK,9099
6qtoqEJwk8YHyuFLbzWRtYw8DBWEx6UbzbW89aVtkg4u,8853
8Gm3AVN3GN8wGoRcEYCFqKBhsqnWc3cHCmQDS59yVhui,8497
C7Z6kxxMwWYAqFWNWdEq8j31wKah4hXkbkVhf1keXPD3,9176
6yJwyK96FuiPWWsGPsPBENjqsBN8R4ZHTxtpoRXSMsjP,8734
DgeUrAZigtk2he5CAPz6hnwwids1tBKuFFdbqbtm9Har,8761
9YmDPadGRHgNC7YVcdhVhRH3RnEdi2AE7Ld2gBR2d4xJ,8827
3g2QrBiV7pPv8XA1r4qcFrKupv6HDfL2djYQyPdziHKr,8679
3csjC6t4TVkiLpXK9hxvQJUBvE9YrzNLwpjT3SLwCexa,8586
CZmUwxgGfnJqWNLgNjDDs2DpkyTkDxhvrW45cYZCpebV,8594
Gznah394emXkmgMAPTyvmfyRJCGPCiVYyPNghVoWuMpz,8592
9eNaSR91XX45ZJb3QEwzhf1yQKqrKv1hXrVu3mE6ts6D,9105
6KvnscYF5pVHKjUHAq9rRT5QuDhqxRFbhQ8ojoN1whfm,8547
CQ42EWRbupQy36F15AzXK47cQtj3cv5uZQJNf1Tf1KsN,8618
HyEoCPrteLuFVFeLDef7hJcMvG4iK1aFSaB7GWD76Zb,9117
C1CNxyaZUetFmMNhjCn86HMVMJ8cS6KDhi7yGgkY7mpn,9154
9yf5nywRfxbcMznhhmmtqYXp4mR48W2Zddc9rkLAr5bE,8891
C4nydrqPZ96RWq9G8LLsWfsuzW6DTohjRfPyfB4PfHUK,8720
2xAi4WW9io2z4gDrQQURRx1UqPwCEZ9Mkji8iVzSHX35,8853
8dZ5R8P3Rkvx4FSJ74D9JEHS3RXgsFokTvMwgZVgeb2V,9123
G5x99YoW7SDyUwxMRLifzbL3SVYjrPPd8HqbMRTuUSdW,9047
B9Hb6rYSur75hcDPrWepxakUbut8APixcx7sAmRX5SJi,9199
6NEviH5PvRXYPUHb771T5xrQyGji6Y9kr32meKy83ZWD,8623
CFpzcAQ3MMuZroQZPHyxit1ptPSRoAA3foeJ7jSdxuUv,8723
5ErZ2mLLckKki7fuHDR21hkhhEyTBonwHFKogJn3EJSZ,8698
DT2tuFyE5WYPi2tAtFwhy4SDwT2Cpef5S8j4eHB4x1VP,8624
7D3ov2LWwHNsreE1t8bCkFXmwdx3vM6Bi98Va9boXkEB,8748
DzSNyHzEyXfRNH1QQtoLtStBNWWvoQZHfJp15XqGC3rj,8623
6VqAFBfFBp89RrQfo3mnncVC7m2hd3s6oTQWgvyckFzz,8860
7BjdsHXtVsrsBXkk5ftYw1jkguqZvTRwfDJS4B86ygM1,9162
GyHKdZcofCjjStwfnPnL1czDiq8sxDrkzwoCa63ioTVP,8822
HZMNFwybbmu4RhFq3h3JZEBjPVFJ9GKXaCSwFddghZEr,8538
GEMmyvxYV8Xsnqgoa3FUwzqjAxkjbr36C7aZEZxaDLgu,9077
GoRFbT58kHQve3cR5dJX63iZ6n3PpXEuaiKqgGQ8BgrT,9085
8zMFRUZJd1qQV9HaxbnFDnZMLZAUa2br4EQAk6ge7Amp,8865
2j6fsr15owtAA1kn9sCKZcTD82d6wkgzXTpHtPwJbKKb,9128
8fKMrydKwurNQwBEJKXmpNDnsBzFyVvEVTcL5j1eHqEn,8864
J1Tumm3ew7mYNSq7viNBHLhL634cU94BJXyBAk7RFg6j,8573
FDTcyNExKFSsR9rpwsckT7Q2TFiJeybqV2CxgsLsSj7S,8709
J5F7B1CWyjT5qTrDZajiapWbhhzr6qpRTJAM18rPxZsQ,8724
GYYy69jDbbNnyJtTujjdwzKASQz46AYttzJ9J86YVVMD,9196
8orD3ejVYFck4YheagfHWnefQ1YRoXvCEwyoAsRuT42x,8603
HkKVYHVDgqY68kcwiVfGYKxX2sHaFe5N41QW185X8F7F,8562
CeUskPXjMT3enwQfiT4zHUumXJX7rHZLRob1SjCoRa1U,8589
BGcQxecTJwtgfHwBgfmp82pFtpHvbBMEDvMrrvEephFU,9202
6ir4A1V3gHdr9iJ1nWdwXJcX7Qrwo6KvK1vpsCij2fFj,8639
Go3w4fdx5B3nT5BZorvziU4TN3v6gbL22fratxF2z5QL,9206
Fhbgcewu6p7KKsoaoBXrfJdZRjbPCpKmyS6TwqattfQD,8646
AdDjskVK78yxx1zAUxxkCCg5XijMJJ4pfcna7URVbqvn,8770
4c3m377vzCtUa28qo6zVLoJoMsLVx9w8H1jSjMMfoXSG,9240
D579NxKu8PXVweoffGGfdyYX8taBri8avsvdpNzGkaSu,8712
3L2XNpkgkdWEmbs4wab12VV282ABZHMLNS8TRPGPtqZq,8986
3s91rYuGCSPAULrGFMHSg6y2SUk5VTWbRNSxQ3pJrhUQ,8781
A8fSSy6L3kSUM4GHtXqJhWfjwqbFz5bHbfy3hY1LyAEY,8799
wW1rvMnzQ3jsTAu1nSqKovPj39kdBTpcb7iRZ1yb9xd,8519
CMtGJRZbVY5zoo3Bt4CQMjdHtezQEi1GGfPNoZeZzZew,8672
2hJG4e2GLpZtkgY3LbBagv8jNBbNr1aXqRfCXYadbDFd,8516
HjFAkvLoV5ECtJwghVRo19RTyn7mtQqkYyvbRY7wiqJC,8748
4LDqLPtqujePS1A7vazunNC93pXuQ2vMafS6oGDvvqVj,8676
Fc6hgd1Qp1Z7zphPueeWxe4eWdmnwp5n9r9Vbweu6QUa,8322
9QsArswuwVAzBWwQeQcxTvnWGm4Y7avoppeRy1DbGeQw,8753
E3oYeURNYoivWXYtonLKZqd9UzvitSrWE6jVSNKNgJas,8744
AvwGbSM4Mhvt6A59RV9Lin6FB1xUf7S3AbBkWGah8hdr,8915
5AhTzKWCmFTr8wU9XKdo4vngCPd6HWhe7E6fGcUN8LPm,8617
AC66YdaE3txFkNaE7uyKXrDuuCJHmyyayFnh3qLe7NwM,9122
9KFLzmR7jr1GvcPFt4eupuRgoaNZJg6Pn7kZcTSCY7RS,9201
Dx8WqKK18GxnzEhMY3adGJj7rZcF4wNRQLn1NTe2ZiGv,8753
8QwK5BTgbWbuzZkBzWfk1KWebRdfwPByjzcJSV1g1FbY,8772
6yn2jrsZpZJLCGM8mLBPrbGALNteZTTcKHYVfLEhaYLN,8791
GxLvUPKFJQ5Cg8yVzPx3qTCWxASKgwAX2dMSXSEzBHhz,8663
7NACYsPk5SynQ22NL9UYjD9oUDnFWSECTCKE9ocR3GF6,8836
4wGaFBm6ExtoESQeyseTbA6ukLJ6WCEaAqWeoXQFswwi,9294
3AsvCnNEuDKP8AKNdtYFARk9bSZv9CkK6SJwpnuF6rkA,8691
8hfJtXiYUrSoDhwnkcBjKHaGSJcAnyQKbC2uC4Wwz1Pj,9176
EMPmQnHBPNK3jHecAdgMM7sC2WKZqur21AvqRUZ6mU9D,8672
85k5s2VGusQ78JbdQsBZrz4LDr5Ngzu9wcYTP4BVMLFy,8771
2cGP9heAog2ye72TyvejpLyQF9TK9xiqMo6x4QcNkzVb,9207
DVz79PaTm8H5iV4fAWz2g2EKJ1SB5inmLWoAwoJrEryy,8651
A66MHVqeXFaV6mV4qHBz5X34FZuckse5FBN6HNRV2yfQ,8797
5DhsiRRmjebdW5ARNwhdnacuV2KrTfB9iJzbC3vDc9ph,8633
5nkGiBbcSd371spuAwWSggtNauUrrWrwauTparckRa9C,8622
7h82GTAHn4pcQCcBPH9pCnZ8fSbgzpHpg1PcYFmC7roW,9104
65WrkC2gT9AsV4uDLG1RnzBFUzeRUGXro63UhsC42qEX,8773
81LScxf4qqE6yGmH71Cyj1vDiGBJB6EsApHmhvMZ7tbk,8833
6KgCZ7qkMQus9jzXNZSdpPrRpACFxmaZ5S5W8Vvic2Z7,8771
6rVpdMpGp37pnHFFusebcz2Yq4u2kwWoFrsuYEbJP1eb,8720
Hwv4zTGamoXZNbWCnR1Hib1XMynKayHXs2ywwuG8onRT,8786
8aLYcDsNRoKqwZ9La5KmFMfkwgtyRgJcEq2C8x18KVQt,8679
B79ufh2GSTanVeKkuM2JzPsfh8qc3NsiiVwo8gJYinLA,8922
8UaMwj2sCpN4P7Zy6Kb2iMDHTwJ2e4aGmopqULD1rjXn,9304
AfTvgJDaNkbrD8rhu3YYkcLmCBpbP1Tim7NutViQ2LRm,8951
GKFgRqwxCpnLgdzFGy2TqTdRatKocdZ6ggAaAzWGjEy8,8836
63cFvfpRj16MpAvX5qSENKAu5z2j6YygmBJDqRc3kytJ,9044
DUyKtEbRdCdCKk5WBVq5hkH3cuJzN3FMgVq6wFXsAMDv,8730
AqMYhR3bSFK7YnyJWnJpQwc6WLSNJd7vaGPXTvXaGGxT,8816
EamwW73PtFRxHfg2ZUQBnkYjmc63aJsxcNH3T22Xrifm,9168
AdSpFZ82Gn3mHT1LCRQ3wS6Gc5jE7patpogB6jrg5PZP,9199
4mUsFmE9yFgJP3bwPimPeajmusceyx6ytm6sfYGFxSJ4,8500
CRv9CTEpuYqtTiiqMDcC57b36FpAxUtbgxH5NyMqN426,9126
EUvVwNHD3g47P77AUGKwfBewBbvkBQXTHX3imKVvXLns,9289
BJazbrCu6PJ8u4mbN7wAXFQXRJ29Z7xdY6ektQ83bU3C,8784
BxSbBszWADCBcCAyDCJ2bVXqBiz1uqGRor2ZBm9aDC2v,9283
BwJZKfxhur7PBpSoK9nwupvwyvkPZkjP9wGLFmLqGMwA,8809
FaGQbBqaGCTSJs9UdSpRRtVPKNQWJd2tgooyePLZaBPA,8809
JVBJReFzGyX5vizM8F3Grpw32XF3ZeX4xEuRATjrWWe,9314
2mkTeSnyzjhqYw1NaTKNi145MJynSgTyLAY4jXQAstta,9140
E7jgbi2X1UiSuP1uxxZ4wWEGpxmkQQ9xoaJUV2iLcLqN,9130
GjAyPdM65o1XxfisBagKbLTzcZT86Espeeqmxfpf7TRV,8970
DzdZVhMSvWF8ecrxegkXEiZ6wbiJjmw9org6TTJRHmTy,9211
3nYr2fVXgWamkY9BgR9ikbedpE8mDz8VhpGMrVkxvppc,8378
BsLewwQn3LnMPxXhH1RzV5TjU29NsaVCxw32amV9XRhF,8850
HNRqDi9sYowSVHiiSfsUX7yHFM3eEpqDURx2UGSoaudP,8383
82QudDbvJrCJ2x1T3HRsepXcxSMq3d3wCAjVDWbjQrua,9210
9tHZYyL41Z3VU2B4mHurJpmeYBbKY9H3rgbL5dFkmtB,9026
8VDee92p168VLTEk8Jh9FyfLJLMB12kaav5fTaEPBHBD,9253
9wgxjvLaaxtRcSSGwMPnn33fJCFWePivsrmKFP7ti6DF,8792
4fmiwSH31pvcBL4CmoGrC3CuNq89sE2Nx1maoWCDCeQf,8968
F6uPCiZtxZkxhMy19BcPRjEczSt6qPMW8CWKpfjK5Zsn,8402
3Szz98p63BaJhvGwUNSnYvuhxJMUS5tbQoQrmke9YxEU,9217
GWGrTHgwjf8Y8CSNAUhAzxPhuXmiRvmjexbvQ9sZ88Mu,9236
FD6Q8ZpuUBLbfMDZ4FzcuCCDLZtyEK7af1LixjY1tDwM,8574
BzusqgW1dKSPQECegtz5LKwKDd81451jmQBRp5mGtLnR,8814
5nSsba4cipjBUrGZevYJiVpoMxPcUr5Jq1qHgsn7Gzrh,9325
Bj7DdHV4j1AXT6MPfsSg4LcJ734E3NZwTcEpi7AaiX13,9333
68hxCxwtiMAE1WQASE59rkm3Nxr8L7u9N1qJuuFYMG8P,8508
29jTyZPJEnsKfT97SCVoyzXqLiQha7UWBpTn6xcCf87e,9325
8SzCGqhtcy75Ag3FGQV415wTFKixijeG9MzxvjcuCV1g,8853
CKZ439BTAkvMwAMNoszB77sQ6LqkXVx6koj1LzPyJuRF,9159
HL1Fpn95FnkAHUzRwfEWJvY3Pd3VHTPGtVQAmZWinSzH,9324
ebxP6K8thgVhxcB9PgFouiw9bFmtS54TnNaKPZq4hxe,8983
GxeXEXS3vyuPhxgvPGRmoAyM1nxW6jVbTHYEZLyQxy8M,8671
6eeqq7XyfBULejLiMpC9nF2NhshG2QBePq94PT9fowh4,8822
6vESu582djJSSzQvX5LBwmhb4JB8oxmNsADrct6THKLs,8604
DxzYL343cCX5GCkGNCWZC3ey5dQu1vqEuSJP8B5U6Hdq,8990
7NBiUAWnW8dFxvW5W2fdrwkKB2YLrPfYrZsYE9LePSZ5,8417
DPnjkm9zyHjxuzy2yBPfw4nQaRKTey29VhKqSGpYPkXC,8974
CprkF7HTBxBLq2uQNCMghBrwvNNJqq7sCPuhLT9wAZ9,8688
9YeAdFmXEvtK8vXkE7uf77WASFd5XQKDneFV1wM53izk,9055
4TSdv78ewezYmUNWWMUh6c3ypx2C9Qju3w4Wow2KHxdJ,8600
z35BnsZpHcRFyL3m2yXzGCeDuJd8RYPY7Yz7nekvxeX,8825
2zv83vvyPrj8NXTNhAXWivBtNWapPMvJZ1XhUQQjpBWr,9305
2qdfWAdoFtfh9FbKh1yBuGoqLupnGewingtnSN7pgJzt,8874
5X8zGoD1KoJDZf5X2j1k8ah1JYWx5YyXuvE6pw9L39ZP,8981
2C8B23n5KJ3z9ZpSLzhBUjXm7dzQhK28m8Uzyi1wWncn,8840
5yUpdtpffDqZgKqBhbkBhVGmCES6fagKRvfwdTSYbV5X,9192
Ce3St3Uig373ZehEavZRJyd4cKZVfBjzCgaoXac629oA,9307
8XXLxFHFaAgR5nxk1rnZvAT5WUoPTDoKRQ38Q2kovMEh,9045
7wrTqsAuGYc3WR4ZYs8TsSLEoATkaRy5Tsxczh3MiPT7,9251
FgmCk5aeXXeuveNk4tcNQzPSoJXDYhxWnETkoYWe3Q53,9251
62PbYzUs9XwM6r2NSqXnhqJiJ4p8M8H3mmfJxRkXZYeA,9354
AnDgqtr2Q6vqBj5LqXaBYJ6Ao3qMR5wspyv2fhRkGXsi,9082
4rpjVNNU1BZ3PzCne2GQ9GvKHD2jJijcna8h1UQHG2Nd,9198
9HF24FQVTzQRBphSVwm45221Evjf7Zv9bnx56YyXEyDF,9365
2Pt8PaZGodGn3qi2FYUBjdAvTVuoXfkzGRZvvC8cinQy,8955
EE7BNdC3AvuN8gvgpcodyyr6dAcQLvMmxkeJybfW4yjr,9343
9F9gSjCZjWKVU325Egp6yfpW7VL3Gfcso9p6kMua2F7Q,9329
8uB1C4HsXRFC4ynEkZuKWRWVn6iVqCsgMQBmGhc69HVB,8904
3MQ4fr8jHuUaXK5KFGPxW9Vzy9HrwqViWhbUGZZ4ryLd,9198
8F7CMx8E96NLdDFNiWLjYhqHoaYKDF7hiMaZHktqJTCZ,9395
Epdpiso5w76rZyAEdKS5M9pjo7DCjG25jfEANwwNBZPn,8955
4DSMYSvssFKqvbCijPRuDwwBBrVNqcxbFRP7Vh8JxjFb,9384
4KNVmZarGkRHiKLPMvbQtbCjUheSvYZq97bySUvYBXhR,8916
5BkP4PrRhLDpfHqa5k9NiyCeZadMnX8xQrL4rFxsQXR,8985
FauQvXcWh9CgUPWoF2bQRaXWud1BLKmtNyTvwcTniRv,9307
FMwsB5jAf4iJ1xSS3Gu8so9hf8P2k641SuzSpQRwWuej,8897
EUWrpdgnoMLRnLVMvUHK3ykxJYrAQyGJdoknGhEikrZY,9307
6JtRoQpMR4XLRshFcmSr4KtDsDksuC2PQo9A8fgQE3aj,8908
CpBYEDP1GQ6CRyGayJFVCr66VuU9irqnDvfvXjJa77qj,9334
GmiKT939LBxDVc6T1SjunZnEvMtww7Gi4EfDJeQ8gAoL,8924
4vfYmTjRr8uLE425d3eDtZBmFQdBqjFYfUHrZvmBVx1M,8972
35DevJk35kGzZhcihYrfXoTn94eKKckish7DushnSmMk,9229
AFE6DJkqFfuCxRLyGpmgfCquAakSdwBXptiR7EKWcFj9,8966
55SpBYfmsrqFAprAPnATay3kG1VAEgVhtfPyAxUhNVdH,8793
5DHgFYe7p28BYEfmyCg3NCXkQYRqZiEVzALmC9fhHbv1,9354
E4phUjaw1zsL3dY3sC5mwc6BAXs5iey2aMf5z58HG32f,8916
CRXn6QN8cfAcXJ6qGCnNSQmnSzZzPjV9Cz2v5uDV2W2n,9210
GFJuHhzUKazizTwzAGxv29v3wWcZ5J7BMi4YdcTMnCWR,9100
G4vmijqcz1eZjEtgHv66So5Fqdc51eL9MMncxvjounT4,9393
5MiFEFcfyeLfLzSTeV9VqyXDQyhnPApokuz3hGXzgHpo,8896
4WA1h86Qfc4cutfywvzevwbf9ZCR8VR6CyuKJfqJvSrd,9343
5hgSWHkTVSNAQxcLJzDrbRnLkdQzKTSGhfcSeRJnyDNs,9341
EVQfgBk7EhECtBs9m33EPLkL4wipvUD9szYnMubcS6GN,9093
G4MM3wCcvp1tSHynijJXnnuGWFbkJ8NMtCb5zaLJDRsV,9343
9NQ6naCastDpbTuhRt2NFhjUY2KVLSkyU66xWrttkPvP,8798
AKT1ZpxgjiLkxhtp6nMsFG5vkCEdfqHvbXeKhqDKCgaz,9106
AG1UG4WFn6EE1SDCBoh94PNn16md2hA1mzE5D2BEL3go,8899
BH1jsoXsRd3KGRfxXzxLaoKhozcSM4HHMkdU68Yey4YA,9054
CMZurZPFkma5cTH4ZhMeNj1rAQTFh3n5gZaZUdDVFie4,9410
6VEaaBRpgeUdCq2DyDAfstmCz17f5N4fKhrSF7Ym8k8C,9386
Nvt7hY9nk6LheLS93CqZyDa4zmio4u47Yqny6GzY44D,9173
6D2G7AFa9TFzvLQjpebTzuEfwUxrKCRBqJtrZmWS4yr4,9452
9vLyFDzMxGoyssCz5gSwCQobN4sy7S1bipMGQSRNoRQc,9429
6kTHrcRBUvUwMdeSfdUumPTjZVo9TJuMY3DML6Xjm5jf,9455
Hn5vDBJEBCVgQU8bUNQjeb11Uuf66xy4TtHLRGQNrqsn,9269
AHnKPdUjjZxn7aNG4V6h5afuEHSMqf7XJy2Yv7HNEXgb,9443
8S8UxeugiKNncUdBD9P9jaHTwK4tGNaBAv8BRsKiKmUP,9110
BhK6Fpngv6vg7NVni6XzZx3incP1x3C8wbCHs8npZgf6,8979
CQtGJFy5mmkozB1VsT56c1JCm1eJHVJWzxXXdXt6mdiE,9355
4jVwrL1XGyZsxKsf21HLwH52RGLaZUQnuAhp47ZTWCC1,9396
9YU13i8Q7ibuPykRvMYnukZ1sEZL96SS28UJwU1CMRrV,9028
5s7Cw8TeGP7zQ3ouSUrJwS5Fbe1DSeVDceZPCzXfP6ce,9145
CVEwbttVqtEbA3BQ92bkWt6gUf9B4Wg7MUt2XaR7XhR,9108
9DL6XZ26n9qSk9VzYyMehcyEhsG31FTwqxoWZuSSvBws,8972
Cazrxk4tC1gb2GdEtYjaQFF5pnnyiMPwV4jPy88uFLi,9107
2mmtjWxNT6amUh5Wq4UAzQdbjVVvUQxySVn3rNBJGHeR,9410
ysr1aFGCLpsTuMsdqbNRqWmzAJEGeMjT9K26zdPfZ72,8876
37tTwAVYLewa7Mke3qjEidcY1Q54A2XgtU3NkkhZLidy,9111
5otpRYF1k2NDniCqfkTuRTNbwLvif5inBevZe3gBeko9,9036
2KayfiW7yA7yCuxVe1nCvhHd5LtbrrDrv1YGXCX3r76c,9400
23uYa9putvm15DK3dwrPKCfDgLBV2ordzYRmijGGnZZv,9078
5Hj1fpFfsjzfJvwzSLQdjRHy8gCdUDEFKuA3Gm7Ty1YN,9466
5M4J7pjXaSkood9zXrnKGaYduDs73WEU1YuoeSK836xE,9144
GhJJ73sMCnpee7YK5WBnH8ViWL9qiQzLYzD7CwGwE99V,9175
7EqYiSD53rt9jc8UyytfUAkKFzzpqFNF9aWBLWvVUifL,8932
22377YL7p8qjWZPx9KJhdQCGhwKS4uFmk2csrMkDnxuH,9089
HNYc6Zrhu89SzL3RhAfJ574K7pEaohoGcnvpdABKk3sU,9173
DXW1eUJg4sEbspf7CMU1XabqYn5QTERbbTGuurxNZuEq,9431
C5vC8XjiaESrxdbVBSiRijwt3TmPzWvt7xmtbhLYjhY3,9070
H3yaNWiBDpdm7iAEYi3UktkBxaBT2bHbrmwEkUeCiX6t,9043
Ha5vLiqckR2hi7sbZMRogFS8MhEXu7svGa86xfvmyuN6,9141
CboydunkqzVCTFPt2RRkGRpPfBNAdfk5qBik2KDtSroJ,9048
EPrRiWubFhgPgHqUtMY3XKhS23TXbk3VnQfjGYF1bkR5,9211
HHrG5WBSMDRMeSgrkgskxFbUNyMKVJZrnD9aR6ZBjJ7x,9496
3t813kHvPKYMSD39m71UYjDMbYawNq9afNMTLBtcFpsF,9324
8RV6bjsKYYk1jom3dfXKLoUTAN1KtX6jZ23XvJmDUDge,9467
hmLeVYk1TanTSLPtmMAvVyercj1GuL9TEBUYVhVzQth,9468
J2zZYff8Pr7x9jubdaKGbDcjADX9zWUQYULE3BBFCnfS,9482
7pgvMAxXxzfyJK2q2pST1kZ5CQowMLMPN14enwduFEoZ,9531
Cng7Rcnis4GSAy8VjkiWGGrG6U47o4uQ4DUgSu4GgLXQ,9552
BGbaYknG1khHHRB1WZHenTHZV4UaVwHgNM4MP5WNSqrk,9559
FUHpMQj3NvXnQVNZvu2KHeJZs521xEbkD8eopgPY68tF,9492
6URdozEg3Jx7iKqKZ2K4eAVmCqbutNAsd9RRDHhuprV4,9298
5fbxXZPjwrgFpajsPrqCmJkw9h9vfPJgPtaAM2f3ok2f,9495
vKeeoUEvaHp9Pwhdwz4f3nhXEjdvgXJPmNBQxsFrEPi,9236
2SSHhkPqwcA1K4xw7jRTyXqFWTna1Rc4jnWnUeedzi9n,9065
CdLqtQemo4GmFjkF6j3wqMxTygmNDnUPiHaX83r5mPNN,9284
DCuK7L3ESghJHafUCGqxQBX1A9uQc7E984FMKKJPb5ed,9563
C8fDN64aRsL93tv3oNkfykYuaSp8Ybxx19SpqqYyJvRt,9066
9QLXREbQMEHFPUgtJdUGkiHzsRxQQ4GLHWHLfvZSj9u7,9403
8MW8GdV47fkJ3TNgcUfK6ouhkYPYSUoZdUELoSta4hwQ,9053
CykQhJLLwWesy7wLH8UGMUghWvTAo9Uc2cPsGxw8qcDM,9303
FTzmGseJN3uqN4EdaiBXgiVzSt4Z813AJtX2XM5tBkeb,9247
5nws5dXvvRmdaWgQmMLYiLuotifbA6u5R4BFdnhUfVmD,9476
FRDQgfKm8DX94vYUAAbVgN7M5hC8qYL5LngE8AEuqzXf,9564
GoeyaV6Wyv26vPqwzJ5vocNBRDYbYiBQJx7LZoSTRhh1,9214
64DtnQvQKgPiySEHW8ZFcAYJQxtHhDH2a5gnBLYXvUwQ,9306
2STZfmAsiTDxJqfht8sXjjf8iBnFG2ygRq6DQEzySzVX,9482
DTNzsnz5SnPqYBcaJQg9ie8N3dpN6SSqC8JKXBxd3wR6,9099
82rWKgr1su78aU9SBv4focaGQmAshYqwZEq5mHE8RVip,9527
46mELT6UGwDN6uu7pYmgxP5FiNasRvPutLSESjPFZg39,9357
GRJoXVLonenptXBrNsCCskF8aTi8d4hyC7sw781UbHEW,9609
9ws17GEVKRpYBnB7ZpjtcGWH9SqSkGEKTjqrdfyRRW2o,9230
4RicDVMrGovwWcEF7G4z5YEX9vY91UqYQ5dZMSwe4gdk,9236
Bn5CN4zF836skUh7LRGxHC3rGo6r5HVS2TUCnK9dThmQ,9653
2n3ojM1ArVoynKKJd1RZMBTFbRc38Ymh3w8osrJEM3VB,9285
GTCcNfHGZbQYUKgB7WLX2ybdXBTgtbnLPNPELkpXKvJe,9299
2hqAqDswC7A1wX53GyPvoLbEr3ckcBNmDwAJDivUTbet,9650
HDhbFAD6bGRk1jiev4yMv54dgDUdt999u5pD3jgUVKpX,9688
4jcoo3L5AbzrgRxFXH3rRmPcJnsPu7hE6TKND2v5fQPL,9105
3ApkmmmGRYHBLSbZct597NtDvNKtYkc71BW3E6TyQoMC,9133
89HCZUfTjxvnE6C5xHcSVRb7AEgVmRbzgHBGM4HKTjbN,9223
6eALJDSzwHWeQ1d1Sa13V9ewv8ZAgBh9BWqSSa9zS6EG,9106
3Xtkf5cjpNa8f1MH2qi8MZtLkpUVELGBKMrkgUN2DtcM,9136
9fd7JfzF8hAVecNyexSE14cEXH2PW31QCaH6MvmWBspP,9712
E1x5WjZkLfY82m1d43HcW5bWzquhn7hYY4kUTeEzJbMD,9377
GVdYnyk7Ab9wcU8529x3k8BLBBDckqwFVheLRfeFsYCo,9268
34WL6JDpPZYBS9G3RbhXWzAWHuFBpqgZoNLwsUGA5Stt,9409
HtgE721caQnrWoPhA5gzFUfwu3q52jjj72uT4BbEH9pD,9762
5iXR7Z88YLBQHZFkyxPS19PrdcT65PUi5C14p5wdNBS9,9744
GrhYxWnoRYxUNKHySn7AYHhaGcnCDwyRUP8HPFYNyvUq,9278
DoNzbaqs9r3Y4yZVsDrsdSacTWXf2wQ5ZVxbzR3MoLPS,9299
BH4PNmjkRJgvbM8NE3MVRkbD2cM2BFvZdPvnCpcBDsot,9272
E1hbHqqKyxGogcGiXedCDXtuxMBjg6EzmcpXe35kJvc7,9509
DtiSgX6hzJQiWYVY1R1PktVcCw2DgjjcYZdPp5audByb,9746
GxgeW9f2TmTjFDqKui4T11nMd6AWsorevRExmkRizQQj,9292
EyRs9xLVcozBsoR6jCaWZzHA16awzbseP6TKrpKd9j4n,9705
AqPJfww2w5R5NkDpUNKtDcw1wJBt5aexAy9Fn516qty,9769
8DDxhyWzTLdZvftwmtVVJMu2YDeVrGUWsuiUsZk7WiXK,9280
2s61hPFTVci7peWEKsgVfbrzn7RFaZGJtfuhkBEXGQBL,9751
HL2ZFyuCb1F29BHF7h9F77AGqHsQ9UoKDKd1Vv8mBA7e,9299
DiDDHnC864E8rAtRuDHoLWRy7iXHDMuAPwKpXYJ2gaeP,9583
CqZgvBuB3NdSQtoi3h7Pe3C33SutZ2BCbdcAdV3oTQYk,9778
2M8P3JQQa7aMXaKwTeRRt9qJpJTyKCvD8PYV7eRLDCWD,9425
DoJhM3UiGjfJ1rSWBdZXAJWcqRpaBmpk4XuemJkkMbCM,9783
