tx_hash,latency(ms)
8gTocGbeNsz15kZTUuSQMayJdujgr7b62zqmA4nqucpa,380
J4o43u4QeMQreLKpYaPE9VRdqdo3bBcCqu5oEPz42szB,369
A4UycYnnitAAKxDwAHi4bMzGZk6KbudTsu4XTTgKsW4c,349
GjJh3KSQLpPRtNgRApLz1QQRMoRYY98JLW8BsKSisYfQ,376
6WCaaJB8XPzYdfEboYuaZMeXfaeEnWGDieRPKdwuf13f,392
FtuueTjjj1DxDgvEm68RRHsK8uVkRMC6JmkMinSngxxe,355
4z6QxepAyUspcCj7L11X93N8DLmosyDhjL5tmgSofxPB,379
7Rgw78gUZYkgjQAVmM7y7tSLEbjSXYHkWBqkP6Qz9779,361
8VmL5wE8NMJTKRykYSP86zhHaR5pDkfwDsFo24YaYwz2,364
2Ee2ETuAotuxiGaxGjEUNpTtGyoYo5pKhGe6hWBoHZ5T,369
EJG4jej8pBJqHUudMUUDHtUgx9b9RWcr3VH2uYAb4nx9,350
8oEpxBVEjFDzkuavF57trRkkBhSjKzb2VT2r6PXZwW6f,341
3W22XNVvjSDSwtMyrEqXUNtWPLZvuUe5KjgQKjF6id2M,356
DRGmmZj5TBRUGZC56wqycychg5CCAEwrnJWVtG3ZeZc4,362
4s1tXoh6be64SEgHxV4qQ34ygHHhVKRoys4HHJcCrXjq,389
64LJ11kWreNweUTc2N8BwBgQmbJGoyMXxEYLeXJLBMoc,395
5Qm3S7kjnM1ECFYnwANv9aFwmbqFXEc7X1MqkjB3TkEi,377
9GVjdiWmD9eWzQPW5Up7AANv2XzdFqFNV9ruvxSs22qY,381
EgyPvoZeRPw8enWEkxQkuti4BnjRgSxi9LN6G6w4d5B9,346
HgUay3T6VGC8Xjd4UttKAXVoKdxx795H532G9dT6R5QM,389
2gezDQkBLDbaqtQpQdSqANTWf7D853iCiN8mW8H7qbJU,387
7tYT7vaD4b8UdqtFTUCLcNuPVcneYWQtQK8piWpJ7XQ1,389
8N2jovMnqwmchRwVkAWzpoXgLe33uWGDu7nz7QHPLou7,403
4NdRSXd4ShVTMu9wyXiejczEZhQ7wFnH4hfAinq2AKQ1,394
899TiRbXUTJJeyz4XwLnHQHyA12pjC9AzEV7CaKN8nHA,412
5j5pnBHTsb1wtZSNUsHwYjkaKFFVt9EsE8b7QZxDwTjB,371
SW45xuusK7rkcjCtpQK4nJ9S9BaBBPbq5e2j6tVjSs4,355
294iVdpnj3AjCT4Amj4bddjF4gD7zN4gtdnmFpWjFqGS,414
6B8S9wGuvFGCQ1Jyu4hbp8LTuD3zaFZsWP3BLPEqd3MZ,417
G3XZiciCP1PFd2AqtEVEcsg6BPhip7T9oS99tMxaz6eW,422
969vd2Q7LjwLC8v1voa5TusBjABP4DyDhi5A8UVALvwj,378
Cjxn4GmTnjPnXURrKhQMxU51BXTGxX9Y8wiXCGo5sp6f,377
FdAiVDxbttiYQihNqLjDcgJ9aBLnRzLBuRLQp5BNK2oB,397
HbCMs75R68uaQicbfQhz1DeKq1XnkHWmJjKiXgEfbq8k,386
BRnaRwrC9bCXibpTicjf5M9ioyxJ29CDTTDiXiUS6xwm,380
6Lapucmpbc3a2CW1vCqyA5nhYDsR5oEkofXs2zcWoaFS,382
FTrmmqJUbvVSAG1nUVXQgasTEoikmwodrU8BuUdSGF4h,374
D8B2GpffJJU6hzHYJ6EsT7ESRYQMtN4JN1e8aN8cPpWt,372
G2Rvi2SYQdcyq1MWfbG3oQ1ir1bXbrZ1Mfxyz2QLBFQ,364
9iLqaTuWaec75FdcPPsMSM8LbAewmM5Sd8CckFerYqii,383
FgNEYWi1qUrfMBNLud8CfhJKmYDY2JWx9U69qaijK3tY,391
4ZPgYLbZ6go8fJiWLsZA3pY1YLixAembQEZfBFT9xpzV,390
5qyN5hUTzdJAwf4wCXb3iGnjPVHc6J5j4bqWoD2cdPyy,430
9nc6FgjCUotChVGxamhUQo64kWxWW35j3Au1YnzNwHiG,423
JDVLXg7DzScpu3Us52Cdo44arNEusK7aYRWejJMHuZv4,409
gKj9dp31Sgpy5tWVbce6AxPfubk9Ma9oAmbfBoXE7Dm,381
6iF9c1Aj8sboUPGHo3UPdyebgSY43dWYVagk22ErL3T4,390
CAomj4vmCgpb73hJ2mkjQTqWe29z2XL8w2DQZWFoatz2,380
6Vzt6w1Dqhx4BrG7tJrhGQ1sEu4ktSrCYvSEXV3SnzxS,352
EHKdKdUqzryAhgHLnT2J7buWv7Fbrdku55JkoHvbKn7k,410
5LXyXkKNVjRsB9zL4S5QCQ9anNk1vxKWLzGKuukzF1HU,398
3LDjxsmax5LyXFY89itLjQsohhzisj4RYvhC1Wy6eSAx,406
6Kb2BMnXJkHbPgqfbRLoN1qaxBwGuMgWrExr9Sb7Tp61,427
DAF8JpKo6Ntno2fyHBCDZYyGsFkEUZ7MixSBhkSKZVkA,423
Cs7ASCiNEAMfKCf2JrCqnHQQVVYmSwmo2FnAgMaPeyiC,389
Er74PoBv66dJvondFFJHVDaqgRRH1gw2B2yz7fQgzCy1,360
G53frwX3TCtbAztrLeNnY7hoVie6bSnPhYfxqY7Mu4jd,393
HpXCwf9cJM2xR8R4suKmEiyWv1f24jh1ZLKQbSJsxZHJ,2364
DyCnPXAv7AHeFh5T8nBFgBN7XHyrj6dTR1Y1p315C11Q,2372
5SiLYtxFsTY7dqiT3U4b88rzukz3MGFY2ANXXVRTDw23,2367
9hudYqJ7dHaH3kKDScEfXTRZiLzBh9cTXL5FgGd9XMnC,2365
96Cbfd3FZTWNNKLsGebnTpJ4WGs7hzvVRmFhMtU6kteV,2389
GFMDWmUPtFjKUdjsahgypxGfKZZzqrh1jH2ZcWWCrMdm,2393
6PSuXbhzaMxJ58yJAzv9vXextTHLef34SD3S2ydJFHT3,2348
5cgsRi7LYQVaDeeUFZ7e4EasFoHYD1LGw3B1ptYJosfc,2359
8J143DrBrQDrYYCWF7jj26uEzj4SJLNZiER1DSiosM6Z,420
C9hi2KwGVEhQwQNECNYK2R3sJiQwEDsTLqxeaVRBuoRk,421
EYeqXE31m7qGJ6jdWPuRe972on8QdKGGXRx4qB2iCzmZ,2369
4bxECAsSmFoTdhZmhWsfdApgD84TMhrmDYXajF5odrPJ,2339
2e8ChPAEPA45xmx8CZadXSsQNczibWAbB26iWGqAe4DN,2359
FTtG1SefBSwzAVf2jxkSF2Dv5A4SP6p7T91TdZe7SFQ3,2378
FYUSncQpPB9M1owZBYqZDNXpMYtvE43waqvmKw3UupZS,2378
D5XHgMMRi8ndxMyNsUFWd6EGziLuQa6tjSw1tX4LYRus,2346
GGK3jcp4wg8hbzXmhjSWqRV8EtRycP6nX7tuxsX17FwK,2365
CuMtVuSbdBsyH84MCYJRQUvWLUZNt4Ywhbcg23sH2Ucy,2354
GpLDrewuyN2PmvjH8jofTkyCXvtyc5faL4wQp9VCKbCZ,2378
4WgfkBPU4ZAAB2RFmWc1jiXF6Tc1rfUUiJVgqn5YXkKj,2362
GuEvMCeb8b81Zp3DRuZZJjjJ8vjuRBxhGiUXhQH6hbCh,2385
AXY8hdM7t4a7VvXcHmNLVmxHQdhSEUuPehqwwdmzGq3v,409
7qRJk2Yf29Abg51AyDbyV67GW6r5UgpxVmgrEaYTKexK,372
Ev8yBQ7dibjyZx8ucU8vnfBBfRSxckauYN3Y2jnunQQf,2396
Hc1CyTThA7NW6a9FyA18S6QEhdxW3c2SrL3kaofmstHP,2371
CbgXma1AJ1A94T6X5z6cozDwFwAGGZtWKcJp77e4f1Uw,2360
5cuxxyZSk5kU6WNWdTyHe8Z6ZJL9LKjAvsA5MFmHYH1o,2393
HF42UWB4CGWDxaSs8ubDUAqjXT4t3HYyt3FzYFQGmPsh,2348
4KM96TZ3r3omdc4DxPdsXh6LqxxoXgmPVNkSwC4jixdW,2365
E1JC9PXkivYDzUhPbcDzBDV7VXoEwhNX1NDP8ymPj86S,2387
5EattLTnRrwUPWbQ8UtQGSudUco2Ek56SFMuh7yYMEVB,2372
FbXH7qj9x1UkYukJUa5PZFe7PDmwquBCmytAh1Aiu3aN,2354
9CpjA5MY7oJ5APBCBzLdkUK8tpeJcAFBNLuxFiukS2nH,2376
AD4zTFnaL3GfedHMqDYPJ285oGBpDxuDDj6CWRFiCX2x,2359
3ZK8LCAD9Z4GUcTjRpTEU2nstUTK3xK19PzbdCRzgHzQ,2360
FR1D9PKYUQGea97m5MiSLp5KJNeUF7bsfzgSEjJdS1bi,2384
EV5Wkik3owvdpCTWDXNLzGg7z1zGSDQ6g4e1zmRWgWmw,2376
4RC31uMWx8SVpnS4vGQ5kGk3cBQSaeSq8jpSDfkYvnZ3,2380
7f17bN31JnhMStRP1mq1jLxtYr2CY27FPxN9EwtDGpem,2354
3t1wwahDm15sAe4PJcP1Vs8T8zzpRyv5rabrXp2pR82H,2351
RWEH5k3WZf6Rtn4NcEiqUKtx4q7mFXSnTxC53H8RnNH,2384
3t5arzbGcjPgoPF4UXm6YnipvpvSWiV6H3ZjMkv6fBdn,2381
yXHDhrwhvyAooiJKNMPSNUMgykG7iS7vCBMJRUs1RBe,2351
EfcKgqVbdwbwHV8hJ9KmJV2uphmdrYk6RxVEqN41zgNs,2375
39gW1E2UxZxuZGjWHKv1shLyijywP1YKRtxivgvqVzRk,382
7bD6g1qt3t3xSuHzPTYYt3ggED2PAWMpEpoq4jWQPTUb,2373
92AVQM43bw8LWPumPdFugCNxcorEKNbqDxWe9XTaUJZJ,2381
4sKyXb37MJqUSPTs8NFowkdskVoyqFKxqUo6wdwrVLwL,2360
7yUsodKELt5YdadfTm2VaSrJ4aQeDdyttmSSYjwem7H1,2347
A7mdTtPff2BjJYNUJwGBz6mAM3JS5PnkmGTbwytBuaRM,2364
58qpdGF4N1eFvvxSHsKfvcApcGD7vRAxpAa5RDQjTfL2,2393
vn5LjTmtYdYZMyP6N9C2bGo7xKqjXrvAs4LQMVcNqym,2362
2k5twP7NrcQ7BKuGKAt6HoaDL9EMZ2Laq8JQc32w2heB,2379
4ctBSbWXJibvgmGgJx2THYU6jQhjsz1sGdeEgmx6FmU1,2384
GCEgXG93Es8dxVhUrAPQe7TiKrA5LDreg1FTjqxhpQyW,349
4Q7kha4RAvY4yoEA8MKnM3u8Xnoo2GCgqz5rg3DRDEDQ,364
3gqpt1KAB3Gj3GqmSSN4o84TYfUrzkL2GfZfnAU3uFyh,380
EjQHFm8yqBFhs3GhnCBsS8rCR6LbupE8cLXAXSYt8jF6,375
3v5CA1EpNaHGb4QTvit7Rbmd75Y9UzvJ242LribnQMoP,383
EXF1F25zeYTe7CCoMemJHTNxqJ8jN3NA1gDQ5Ww1P3WS,2347
9GzEkwqDgwoRmrdydN9k5x4nkAWvXy5C4se5KQzxnyBF,2362
5vSy1ppieRi7dKkNhD7cFhWgLorXFmF1viZyC4DgbsE7,2385
GVADczMoiHDC7Xog3YUgnQuf8LQi9gWFCxx4LXXRsNPu,357
CwpWagbsbeNqjCdaHo7RPiPP6ArvA7EZsCgVYBPe7afK,2363
6jYBWs2jNcuNyKrJCueeHfhUsCEtyAKkbkM4J7QM2FL4,2348
7e2CB37WqgG2CnV8aLVLdL7jPEB2XTZFX2j8f1SJVaWK,2402
4SXi7QNNDS3U3vwjsvQYhZJWUfXtVpAfLGApnWMwYFCi,2362
6r3sP9gLEYnno2EU7QmqUwy1QvQoTRDqtJ2MdAEvSCuC,2377
CtbftoiwgH7ycbovov6uFCMCWBp2dqRxZgdrSKcKkrSt,2362
9ggoWXDuAFEeu33fEoHRhhdWja1fSXqtsMu3JC9iGsfw,372
7w8uR1qDY1g2Pw5Tv5LZzN7ZKKH6xuECqNb5p3xhAUdN,369
HMdKiC1jVdcMxjr3DoX65FRT38naqkKdLfpUo4SAzW7Z,382
33vT4X4SmFpv7YXCPL9Hdzy245Tzs2w8AWt6XrTF4b5b,2431
6hUBsdZbRd8YEBwnRNjAWw3CTW54pSzbLcgsMqbqTicr,2400
7P23qrHBV2RWYBkjoNWq64sjRBWJctCeERwrLLkcGRbx,2423
C3fE9a4qiCoVSiSTNjCnvnS8iC9gkf1CgFSPbPVRpuzS,2423
8c1ihFJSVEsGJsxPqyJuwU1WzC7mx7bQm26MgLwgD4UG,2433
5XzMotxKgh1F8ou4nqc4xV3GMJ8PYqwZyhFgu26MTNjE,2385
w5xF6R89igNR1npqHLevAwKVzF97QMpb1sWbXoDvMyZ,355
7a1XKCTAEjT5ebq6wVB9Jr9MuwetqGtxsdgXS3g5yJVz,352
BDm7JEtiWgFxc65hJACLdVbxu6TD7XME219no93gcDT6,2388
7jSXFpbrZmct2ahonp78wJn72yTLvGnHkacuwiZbKcwK,401
AZoaxZQvrnzTrRCbph1YrdmN1mwaLeRFbii4aZtHo78e,2378
bDKSeKfhN8fvd4AnEc9hYyo6JB6FLfKxHXuKbsKyThk,2372
4Snk733LSd9EmE3fUeTKh4jyG9kvymBz1SgNxYkhhZ9j,2359
H8rK4rUcSaHuBBKrKUxUHm2NENaoiSY53htExza5YA7o,2376
9uq51usApHxTCf4XpvfcuLh4iTxs4fn3Twq2JzwYhMah,376
FzcKWcF9fbYSFhbbG2mrPjzF2Ve2zpejM4rtcXvqo4F1,354
Bd4jFpqCG4GuX1mePc3e1HJZjv3KTygQjCFZh5J9mc1X,374
2r1W1VD4CqoF8QaF1GEKWrKa5AttAFGr4Y2evwwj4hRt,385
2C2p9hNkaoApdGL2wfdVKRL4EGMsZCwVQ4xxabQe8rt4,377
5asKgbVMrLdcpe6649PsUw8ebYip9b4s67PXM3QhkzVE,2404
DHwmyZ4MJNjjcETvPt7fx8CD7YZVUVzuuQRAWT2xZu7z,2341
7Az4mudtMMghD6zaMEcxwepxdeFmP6kFqga8Ys2raaju,2346
CVL9TtYj2qAa6NftDcGd4yHmbaBMosEJZmd4WKdeUAhB,2373
C33U3MUxZdqtSxvmwDeHXdDU3C6ynucrhL6YpqgjFCwL,2392
2Ziguc7Qmqf6TxSnxUhYGM5gv9E3m1uPwCSwmpjFez2Z,2394
DxnCEDyxFZAyyKmoRX3U9AAgMuXRSP9gG7CycNKprZfk,383
9wGWKBb3uYkCJPpDNreMmkCV7DUZpu1FWghMe5zSSVkw,421
6BS99q5aFEVqppfbQypv4uBMhKKjJhJS1EhsEHQf7FyP,368
UTipAAa9pMmcGqMkLDnGdMQKfRuagGWA2vL1KBtnZC4,375
7Hc6xTjS6DjzUwko25iqpfEjngmP78QRGmR9KEnsqF8W,2371
M1jLFCJpW9StrSaYrCcBUceVu68vVvYS88VqG4uVSPn,2410
H1sET1C3sUUKH4tErWd2wNp4FqcsYh7NyzCX1mQVGFQ6,2378
7aEf15w84JUwRZ431hvjAhtSVY2yQtKNoADvRrVPoNBe,2422
8siabf44tGB3TQ3WjMhMoHkMuzudm2BpZDdpXP1YA2Up,2387
Di1G8qKH1gWsVPy7zd3FA6m8t9c7ihDWG3eRJfoegThU,2429
HPmN3FAJqX3Rpks1MZMJmCRo4aWEg8wD4uxN7a4AepYy,2421
DVo5z1GAqGYHkyyYio29b4QLhiciu6Wt3vFStvhJCgJ,2399
Gw3EP1oU8S51oNsBS2EhTLCKdGhWboNTkgBPHjUaW7jJ,385
5yucm3MLVDoN67fsJcndmEFhmSYnoUG4sZjtrQYpavBf,361
CMDAwqTRguW8JWQgafV1vfRNnDpUqCrELUkkL3yMupB1,406
HCqYKhN7QZsoQYgcWwqmeVevTWs4jQVMJKfWLqu1mPgm,2422
6QaJcKNhf4cG8hsqztuNMtTGnk5XqqhV4Z3nGR3xcjZN,2347
9W7duq7UaKWNboLEak9XQwhTYPxwsXprR1xtFEGU2NtN,2381
CiaxKPKekfonpjYLbZ424dPe3KPCiU5228QnrDaFjzqK,380
CvhhFeXHYUazR7Gt8HZwggL49sdJpv1MSrtQi7kzy4sx,388
9Mw2SwcuNnpEgXu2p2D88CRkD9LnA2t9PBWquzPRMKpL,2359
GomtvyCgiUTVSJ1NaSdoN9owQCGLEUhPLkjboZyXMku7,2364
59abWmqtJxwonBnEo33Jj6tMxyQN9u5YmsRyGBCFopuS,2343
3BnKjtxHiyPpp6XF8xKY67zDxdFKMkPD5X54tj1eSHkc,2372
Hx8tKSifo9Z5gzVf9MNpQ3s4JAzBmPtLNHgtnTZfYqJM,2369
EQ5icXGmBS95jXKMzWXnERZhhSiXgweuh7CVKcaFe1b3,413
FXvHHLcF3maNiehWMcNKywta38QCVxYJKADR4odKp8sX,346
6gu9TSHUAZZULkBNijBEPkM8rzRbcyEYPgU5ePaZ77sH,386
6kpUKLc6C4nDVJL9uACCWKW8vsgxEVzXWzHURiZ3oHGD,379
6hpM4cTaMJst844XB6hq4DkBDcNGnbbXmaVSCdreCqZG,358
3bmVcswLexLF5YLoWoi7bYtaR1NVGo2uhUYKjrf5ynL4,2372
Bq1CC8oqDRaqGdSB265YzabQULP5Rpo49rHooWhxq7Hg,367
64cZSUeYwUwuRFFvd9NXpAiZJKCF4DBnpWtjB5NffRWj,393
FnBNsHDJn8qdAwyyr6nvWzLZNejatqnPn7o76khvzKNX,2380
Au7zvCEYQ4DijFQkLdrGz9dcWVvZXGX7DV2rP3URw3SJ,2366
AUgiUeKm5za4G11EzrFXQt6GpgUaKE5edWJg5keh9q27,2368
EhJEkp5EruoL7hjLf4Cdgm99XfjpSBQxF5VHMNcAkmx4,2356
G3KSxxykjWNEBu7LNdnMGm7UxFaKCFsomR6muM3hgUX7,2388
3ZFSMStLzK94zeBTkEJz37vjpLsr7YVZfBhitDaQZWGq,373
7Ps2C5YmeNdLE3MQsKZFHTXpgKrdGSau8z5cCshDvVGi,378
7SJuKyMVZjAdVgSgz8KhczREC4EvviPND6VNNuQ9bxCb,374
HMpPcu9nRkFq5oonTTmAouxk7esXFXXudqWurmKL3Qra,2369
GCjGqkSioyJSu4BuioNEcBrQMSwvYH98ehNxvCmVc3dU,2389
4W4tGp957E63KjZvtke4R3KGbWEBbakrUBnDaSmBMTkT,2390
7pMGSALGkt8GQCX87LRK59Re6gUA88qcmDsM4tSLK5vo,2359
3EkyEjxMs7u9D5pPAU1UvAXvw8yy94zGiDGmjCRq75je,2394
5p2HSJ2GPUdEDk7VicXqXNptTs5iz8wdVDqA2qnCDNDM,2416
4E1WEB37je9Z7ZRnBqXbHg64no6X3NBxmEe6CKYR6JrY,2372
2gDD2P4nFPX3h6EU2KeNW3tDsXWVGs75SN1dc1iT72PK,2371
C8YbBATDhLzLisRWcRfgoDxtRowqRvuSyKgs3hC99BYk,2357
BtUXvdohNS7FDatkHHgYiSosx8qmEQBULyyf5y5VYKRL,2398
GYjavyXTCv6VBDRgKnzVYuC1WqarrJ5DfgRDpCkv7zA7,2371
AHxTxtSZN13FrsChRqmZ6rEFStCAraCVwUvr75f44ahz,370
DiV5b8YeGH7yTw6cPVLSVrPTThnohPwvb6ZacHtQ6XdB,2413
BP2dCv5zs6s7DP6ieREMcZhUxvkkSjNKzKdZm8xcdLBg,2414
4f52VxrRu6N7nXChBmvWhZBFZrdqwZcT5Mh2CKztKVbd,2399
JBc15KwsN5NBy6UxhEFH2AKQFnRgft9SysfSgMkvZwU,2372
26dwWyyPV4ZwDzphLRPa4FcTeeTqCYe9pVuf1Ueo4KdJ,2383
CeSKsvGgeAg9dExNXNgQpwRvrjqpRUyoMhKm9udC5zP7,376
FpAnxWvJMKqhFTsStHygjcwc2BaC8hE8Mjs3ikfFcK9m,362
4rAG9M58hsLrBbfLZw9R7a5qNKaibZsDGpwsmXzuxKNJ,2399
8T9L7YrMVCRYMJZSJzA3xeBcirfxkVZiPVFHveySdqdi,365
AWd8yrLxdyZznHt71rHkEjpFapKBoDxkftV7ryP8VqtA,381
DPdcSqjFyRf62KS3YLae9KzXbZmeN2FBBN7AxBo5nUbe,390
2cCiW9wdMzg26UY6826SN3UHapYL5twesyQaXdFXL6xT,380
z2Un2kSGrpNk8k2h5DAFzoSZMYuwVgPSTmzeyXhUFwm,383
HmaDJ75E54ZqCvSZARzhwDBc7Dr7iJBJz1DH2TZzLAkX,2388
GmAuf6kMCFukYWvJHqxUHVYKTBZz7tnK94Vf5Y2zjqr,2360
CPXn6KxSWymCXJWaiej2yV1oCyHyS7NQM9ieg6UjZpEG,2385
ER5uSxgeHDYSEbKaTWn72ahJCQLkBC7DiW6oKWe4dA2P,2366
7HmnT6va2pcyYpiCcbfwBAfCtBopcKxwokbfU3QwoCFc,2355
HV3vWH2ZjiENv8oCVeVURodoDVYxKcUS29Cs2V1ebF7C,2370
7AKiogx41vRVUkLiztbaZPQeUqjeiMtmoRL66edCCBC5,399
9fCSf6KX7Yh3hmqHHeXApygpz9i5tGVdFEwuub2DBJ5t,341
95He8ATqZ51t1pPMFP3yfNEgczcPivgnsiYs3SJ4Zjg4,342
AGqcYmKE2eDuvkqK9UZyUx61yRjjtSaQkoJoNDRFLfwL,353
2Aef317ozF8UKWmSiwberLoeGs1y8JjiqQiqzHRLMdmd,396
CNVgUypaCWUySvAkmQehPYRujkE5ccUmVJW4PYnn8GqT,2354
3p86kKsihwqtwTYxAuDdsiUg5fcyDQSABLtF5m3So6NT,2361
DjBy3AFVtKi5TTiD2eShCHQBHW3ezVfmm615vrr1nPTu,2382
MvRFwh8wZpovXCNZvBFwwxAvDbq7DpKi198TVoq65cD,432
aQTccZHLDm2VxSCv3FZ9ZX6NtJF9eEfsqZf1dpTF6QR,432
3i6dbCt6GxBsYz4NaGJtzKt7Admcj1ACzkPWNP5AonEW,416
GBF1qDjbzsTETiQenb8qH6eXjiZZ9JSJC9A1g4sJfYF9,422
oLhFPaVWQgKquBTCRaXskBfmR2DAKAdoax2szSbGgTD,388
335ZLwBhUX5djZUVBVSwHdhf1UzWxzsztBezc81UgdLk,2399
85E3D1FwnMUweZyFjYMqvCMt7t5ryCun2mSjXtUfx4E4,2402
HSJZC6DbvX1F5LZSbQYYswipAuGgvEGvXJic75XgdJoq,2377
CVXD3bbJohk31b7kPqAQLyGNU9CJpKKkvBo8RXg1fyY4,2402
GWWz4VDf3UxGsGGWwtMWvAVa9MUbRuDWWcnYCxNBR4B9,2416
ZzRkeiaJX2P3FTM55rJQvwqdpWEst9PXCwgT8dDkEqE,2385
4uHjuqM8nMcMqP2btZmaatWSmRqPcW9gVoaFkVbe9CC5,2378
Bi6X4rh3szPCuv4RJr6c4U1DaGseKVnYV4JM2GmEw7RJ,2392
6T5qQDEydLB5VQWBEjGw199cTVeYKMVL3Mnj1TAYoW87,2360
3dXGg33S5VXXJNAk1UWm1U3VnnFuwg4ULoadqg4BU2SU,2343
39nAgEL5n5GwTvv8fzydKk4TZ6TYjg1jonQ7DxnscZdD,2364
2cEBfpAzqAMDMvbBXgi1f6UVnkANBDFdBEXPqUg9YDDo,2372
3pBBBnuVP7b6VxCZKbCSNUkesRh1TzQofFNSLzwRxUfz,2375
EXoLa5duMai3N8Z87N512AErw6qcnJ3pgTDXbBqu3ScJ,2360
2U8Pfukwf3pW1Y5rfk8dL1RzK9r8qvpVKgvZFf6rium9,2381
Cp93iW3QQ4tqDkJs5AoQEAzBq1yWYFT4QtveUdcbicNN,2383
HZGyqLxmgtov1VmgWpNhrFA6ABRFrjrNpMbtyqXVcEyy,391
C4E58SL5q2CpHCCjUMzuBy19cN1jCbenfSQtAzNGdkng,2371
4UF63VVZicaXxKhtDJTasLnGoYCYVfWFG8iFajYEPG6q,2380
D7bWsGrftfzqJQTYZR6KcjRyJ1ogKPsb5yV1BWS3gzn3,362
6hp9iN3vwXnvMDBiLH9hoW5eNpj12m52WYDFE16iKcNK,2395
EdwYib11CeYAyaXXw7Nggyqqy5GvGrb9iPUX17JPdd9v,2377
8BWbTT87s8Pj2n5v1j335TjCJG4SfStemZHBCTqWExRW,2391
3z4p53dJacjB4mP6V55HytBLUKZdjBAahs2d6tybFFe6,2354
7fH1PUcMVWsQTWAzpuNSgzhDKGwKFnji824tPuYJSNCW,2380
HreanXSkBChmhtG1BoCCW8b8SPRpPYQNaDCDnWZfiawK,2381
HJdo7kqqzciKATNUnh9FL3Nc78c7tGfce7aNRCvCYFBB,2394
92MVSVVnC4w6vKAaZAeEVSLbKqfbZESus4My8XWkWMPt,2388
AXFiqDhHYVKdQxmSg2Yzv6AoAPYG5Bx5ByhvgJt9yKMX,2368
Fh59BGqaBpDw95HaZZQrr53JtZKYT72yFRcYE656PhLs,2367
9BRyvMFkd5rxsHtMEbswoCrsUmRTut9KwsMzG8rHDfVK,2363
67VxtErAYwVQDSUG6YDaBdEcEDpXNRQXQjJXrVXkt5Wr,418
Afcx5LeJwyiBj3z9HXve9BSrYwfnDmhpXdccve739s3J,2385
Bh37FsQY9Qc1iUL316ybcjycY5Ao1ZGgv2bsEw38t5MK,2388
Cuex7taLd3r8DkF1jxyYtpeLVpR3ctBgPbVvGh4c3m7P,2374
85TJfNo2WZDuUVWkMHGQKh5p7Hi6LWxyE1b22WcnWP8z,2383
5kKBjAqHy5oQR77oyPRgV9VgDf2qv3xCf2QDhsYF1wVu,2384
HNwFbRFyHVdcPXbKdKLBSDhJq7D4scFwWLLvAHLJ5otV,2372
F8pHCvw1EpLD92x7aq1EQT7CvHzAz9yG9ji1ekgwEuv7,2387
BbKTLbyj1KhyJMBgyS6tkLGb7LKfABV2p2jdwqY3tMNk,2390
FDznbp1gNKjhbJNREe5iDrdGVH592Men5NGVfkkqZGBz,380
EavGkGFRAb6rDcsQ5ongs81eHjg3793hUrmFpfTHVnkv,2387
NrbEof5rhYFnVTLcZ5XQRyfdu3vkPHpkS4Vd1a5DNx5,2357
Dyu9qhPNCcDsUn4NaovuZaVUjX3DtZpTCU1kTwCywgyB,2372
4tTquAywWxbx4k3MLLed44D6zyV3pc7vDEJPTccXt65P,398
FdZ7xMkSKC3NUgfL4VGZhpVBSstYmMpEvYBDLXdRe2nA,2397
3RVNMJpGTtviP8NrQrfAT6Zp4rZb1kWgBSHS4yJ1UEax,2359
7HfbENqUWshaeiy6VGqJGt4KJxdmNv5p1CddUGYiJiCZ,2374
3Zqfu1iNCYgXsJuN1TMAs9cENEZMxikQduCMFfCKq8cR,378
6y8SJ52yhB58CJVtqBs1e8nDweqy3SJ16QF5ptfD4xov,395
gh5dgn52SEdivZK8savEfmzG9TYPZ9HtxXYDxF8PMrZ,439
FtcaJGiCN12KSmnjjw9PemA4DMpbyU8iEbwWay2Gqdnv,400
A7FyKLtoWNLPTbQ6YJHKNesVwhujBs1RN3WXJXqW8b3y,361
EfJFjJTJeaRHfjUg4imWpJT1cc9VV6B8LYzBckCgak6G,380
AYdmNmeCGwP9vDi2iybRU2kHL7K2oxG5NJscoPDLDmYi,2414
HbZNVk6XY9XbTBXHzYjWuNzfsCeNh5sD8BWMJo4KXnnk,2357
CdisPg5NqaFbUnr9v73vxzLk7dRxBhXvF21ZkTj4YRwQ,363
2B78gNaV6EQoVsBmQhyxRVLWADShqE7XSLekCBksP1if,410
7DX3roXDd694AeiYsw432R3efKcPmiJjQcnqv6Dh8Rj8,2419
CWL3gA6vpNa3oDGLBrsQ8562P8hnYsWukxDcqcYUqnfK,2436
sqWsd6ySvfisowWoa15ENTMXKLmRZti4fuNdWH8zNsa,379
GydnrDQwYCSe3AAHBcLyvuycykKj6ihidQdeh661iGRZ,389
Cdo34BjMa2K8CbYr8AUrQqh61x8Y3WywoX1ih6YLmPXg,423
C8MDvV9aRE4YWhXZV1MhZTFWucDvZvmnA3yA1hAmATKQ,345
4965fe3SEBbamCwYHrUrAMDaHm3kTwWzjgqbr8466WCb,334
B5teozUUaeoAnnpRqySQypVu2TxiZ3FiWhPWvC47NMiE,334
9Lcvt2h4z24DizmEMcz3eVmbD9xgUQyinkN8oNcD94Xw,377
CWRb6qTLUrD71rBqJYXx34i15GfGEAD7LYBfCBUuZEcH,2354
8qrbsqYfKEsNd7oSvQiT9yTaPQm9dYad6GBW5XA9Fipn,2367
3thE7KPM6C1rAVueGyYostfKYiVJc8TFxUayPLz9U74f,2352
E52fceCRCkEqHT3bMugkLS2WM323J1uVNgmDvfdS61YN,2346
7BXYMy9E4AZ7u1gFwvzyeRbbmqs4KDJPT1gq931UDCjK,2347
8RaMAWtfY91KcvdN9g4SAa1j5dkPHzDWWC6KzPqh9rtY,2383
9JpYuhikTeLeeZp5x5Kj7HnXjy2s9t9nJB1AQpLRXvuw,2358
9E4d9yFDwBJrsK2Nc1asf99LkdW2XNBMucCR1o2hLAmQ,369
BaDwwqo5Gt2x3jdcEFjSE3EdaSVALGbHpnsbFv3xwXtt,366
2VQX2nJh4zc2NA8aX34FvC4w5iRhQ6rM6K64URiyHWiC,361
3ERPnvfDNnriZgmK6p777Kt1FiTT4Xt3gDeYa9iSeWyJ,394
FdHGFQC2N3W2BgRUzq4S95VzZnu6LHRsgi2axMFwp5fP,2405
7j5dS5QjBvwrdY9coGUnMs6jRfeCmLESwUFJ9PNG8Nsm,396
HeTbquya7jo6uV7fPDY2rpcA1RHaNB4PonbY3eLfhKLN,427
5v6pbQTAmzcrttHV3qcH4V6VMPh5DMNQswd3qxsr23mJ,338
8F3DjTPKYuMHHQPQakpRpJXvs2WwtkHUKNsG6acmk15n,387
B4sDZ7z153zcLZEzMBtrRhrYaqZ92RFhHDnhGnS2vrnr,349
4ZWwRSmwHa69SWqKB2Q5xiuwSG1yEfUXZ3rWZ3betLRi,379
A3MS4nkUrgxuDdZjugQfjFD44dPo5ePp2aDRAi9Y7rv5,2357
2eYEFFRpMdy5tSvSL8unoezJnob7BHqbxUMyEcfLNxDH,2337
HTby3mCZvVnhBavYE79A9K5LgXFAbd8RQwKVrxikTxR8,2383
8ux5UaimN9r1SJBaQhZj3S5GptL9T7WnXzp9xWSMxLya,2410
GSWwENLB4WviSxgRjHynAT1B3zvRHRpwhpq2NvNUFgFp,2381
2H7kgQR8b3scEbRdpKfHttLjR6X86zH5NqL1GYAiqpxG,404
Ed9uzbmkSa3XdjJmPV73jJHstLTW8CfWhDSFPiSrqkuz,391
DBWJ6rCzdwQyWb4ntmLRnQXXSKSJskZmkDyN2usoG335,2363
48yY4qKvvbRezAskwYXZzU2QTCDMHPB6RASqVm4r4X4S,2379
48MrcfZN5Q5HEzupoVz8z2myoqPrynLxMAphJamDDftY,2363
fqZSG5sPBCvHXuXJuzA5URsvUP3rvsWMNyXenez9yAL,397
HK3qj8i7Urs5pYnPHgGXWm6vGQEiaVUkadKou5oVcu1E,2388
DmqyrbVpC5QxmXS4ADr8mYFY8iZHEneqosPkZWfubcCW,2368
D53sc5coSQVP5WnkZy55MC9i8VWGxdbwcSJgSgQzz5qo,2359
3VrDxpU6xWKJXhQkaR8tzfsLmHS5ejt7KYHQNSuoXwd2,2351
G3d5213pr777HWvfW8zsXCvFwyT714EXLKg6agCBG44S,377
5DfcMnaEd5WsMvPodm2WcQn5vWpkahw28AjmkranXMqv,384
CVtE6YrXMH9Bgrqi8VdyEYWeonJ9MdiBiHG3A2CTXdYZ,2363
E5NGg3JsgutTeQHDFpZ6tQqFWDy4C4ztvAFej7oahfCy,421
Eg1AAPh9hefkJ2kMDXSgXTZzUtc2AcydA245MYKqvycW,384
3cs6X4NnTxxEJbE9uCEGX2t3GK6rVrSs8fkVEPPFziyS,377
Ano61JzVjjhNodvxXHNuquyghNVMa4kCTbSbodouZZ5P,2412
45c1AXCefXEg6iMFpCqZgoTh3egx9cSYU6VmVoJKfbsW,2389
BvCBap4joQwSnEXURyfkXLr8Y6sXPR3sKV8ZqxgKfNET,2375
7E4vumDuy19mkaVgwcPTgoQ2iaMH8s86XN9SDESyvBuS,2405
4TqH2MwgWjFzjkwH6HQBKgvCf6WiV4VVFnnE5wBVFGh3,2390
HkdRRnr6smnVXKSFho6bBRmhgGG3tyub3hBjFQj9GvFa,2370
6NKSYTJPt7ZvNq3xhpeTHCRgCtNvRdXNNbAhssbeRxrG,398
58C3JMtra47X6CVYe7pPUve6bS4q7E43THMiMWGrSvWs,2355
5bwdVPMBUDXC7dYg7gCXAXzRgpWaFDftj8zMbaZjJo8f,2361
6A4s8M4Z3pF24P25eJiBLVHad7ZqBeuTkobZZJeuNWZK,2375
EvHVkk4QDP4b3dbRo6jZL5YMmPhhT97kyK1fZgZdPf4g,2422
3VadEk6s9kHzceGjQj3637vCzDSwBXkP7zGjkFw3hCyd,2365
25BSMDzCmb5YNS9QErBZPLPK3CJxEKHMFia9mtHqcdPT,393
E1yYk6HUsak59pUrmMGixf8euW1jpU1G74ujyhJsqxgJ,382
5UtTcLCXpBzJm85oi2wKFtTpquKS5SJE3n2X6R3tmE1Y,2391
9uhV1CAgaH7nTWxyrUH5fPHdtd28mt27JsRLP1zUrSyF,2400
8M4vLJK5ozicMQ87VqKvX1sMgBC2Mi3wvnmuB8pKo9m9,2390
7Q8zQvkJyamnXyaj7bZQcaKN9CZ1ySXWtFQrxz239DVt,2348
7yUHLsZrR9tYxcViViaZ5uKq6nrmkvhu1JGZ3HhNjg9i,2353
3qyve5hUKD9TQDQJjChxT5MsFfwtES4TFu11V28ezcHQ,2380
55XT92xzxNiFZMkGMBEKsCQCH2U2QsfcLd5n6GSVu2vy,399
6M8B5ZFZwAAfKUpP9g8Qi7TBT1vmYWZZ2eeKLTGaHbxE,416
6kbARCihWqrvzT77Z2izCDghMNumpYGcK8xgQpKSSXmE,433
6T4xyQWyUVauz4d25xeJFUkDvRJK5XCcLNe7twrUcLSC,2398
GkoZUk6bQq5RkzNahqGEqVQLjNMzaxiAZNAX8dPXinmQ,2384
4RCTthCLTCfQTJL3a3bnUuGuQ5LyVUxTq3d6pjwV7PVp,2397
weYercDpaDEBsTm9hVNA8bDq5J3c4PdB9wWtP1kFQsq,2394
9UfJuwQJZjUFsPFVjgqV9oLN94xq5VH3EpTc4qjKmjdr,2397
CmVSGKuudbd6qwJ9HU38EZsTkKEXPvRfzR6KL67SCCcB,382
FXEeLenoRNBeibkmjyUVTC8dgw5yRE4hYWwQot8d7gpK,2349
9awgtS4oQ9uCeucMuoidHNMWzDGyR4Xqa1cFzwEDGPvX,2375
FLqsBQEi4q6viu8YW3YNmwXhhXwpLurTDD8gdAooAvbg,2384
8afL9Yf3sGPR9ZrKXt9MHZQDeX3j1LNfQJpQRZXT9bcf,2383
9uxgW8aAruLeheKZ8gwPhFppjNv1CQjySoQFhwA8RrtZ,390
4wmf1GkijjgcTCvpNHX4ZNZvDnPfSBpDsFH8TcK7YhSP,376
GucyqBjKg7Hpxsg8Wxpc8AXBjzyKcYCXazpeQ88LQnmc,396
B3JePwnCMqSXWaowixeGcyZbkgmzeix2uD9Ak7s4iFrx,2375
7C6NDGDjvBs5eGAzJvuz65NX4WSx7Xq3uWWoyAqotqno,2394
85zMwDfy4dnfw99xAKqkygsAytbboK7fk3dbvhMJa5tg,2379
7Pq8EQV7Z4MgPW8Q5V2jJjnXj1tWevGw2zcs67WYg3XU,2399
3GV5iUW58aFNyDibFhhC5CfCw3XaXujpZtvbXsRyhv34,2347
4NPHQyNM3eMgExFYrmJv1GW9YxvdyPcDwG7w1bjejq7p,2395
GUY1Y9BTm7MJnnEhnnwtNjm6aLBbmBTm8jW1fje1Zo9G,367
6UxFb1fdNvcpYPwfoUwiWAtMW9vbN3WYMY81ukoHV63m,2389
CYMJT6ukPSGRCh7A41K53vfyBXonBxKSLRumVKk9Wzuf,2347
Hd1PucKqBorCedNGUhPknALaox7yQVNECqSzTf3ft27L,2366
E5PAZVPJjCVpfVP7i4D6h77porCPgHYipnL9sZ8ygnLW,2393
HEaKqbNoebnfofvKPqxZiEnAfWeEMuZuA2WHWfmhJNmm,2355
2HpxL9uTm7wZDcjN5ytYimUDpV7c43qz1zweKXVtzvu1,2347
EeaD5BLsY722qcEufRF7qEwGyMXrhnaYb6Ax88qPosnz,2401
BQxTPe7sLHqbozWPkWEJnuPzYdtthHZbre7ZVmLgoaYs,373
2G2JFujs9nSijjrgktETTNda5fAcC4FoqwGuXDJMMDyY,389
ByLRndUe2FPj1Po3GjiQSnXTG3R7B9RerT9PCGhRGijT,2355
5QgnD6BAcRRhRcAuJmAAnsaDyhyv3nkJU13jxmU56Xsd,2346
9ArtMyW8e3nhdf6p4WTaP13o5vooUDfs1iUb5hsbiFCU,2341
9rMagM2LbAFCQQ7gqjhDxKbm6K1iqgFAAaYFxShZTNaM,2353
7Y53yAcXJ1sg3xqDzVqKEJhSyLzxmZaKCc4kcFy43s78,2383
5JWa6XoJX5Dxktjg2qDxdfLc6HSyNsJWyeJVHLGHjzve,380
DtHJVGh6yVk2vqBW2gt9fhPhcW1WvfeGXQtehMAzXeau,362
DHNNfRvKda7QDMTUhXSjgTmZ7GkDnGRgUVEfnF4XmPqP,387
3nbgT1jJpGfBpkUrq58nmZoDK2gttkcxDJNxY6iWzcBo,377
59J4qHzfS6bh9Nd6JNd2UHYgAsoHw9GNYxuXMCqC1MHx,2432
2NQEWVgJvkVNccPi2AnRttJY7ArRD3uFUrLgtAZwnS4K,2346
HcMSVxMyojs6BhK6oeKzkLC5bPtB6T8WbamxWFjDaNMN,2354
2S2AF9NREK85VMfdw3iMvpxVFXCSSVR7VE5ku2ykRzmY,2374
A43fovVgzrdHfF7M3n72KEpegJdX1kCdYi7NdjDR4DR7,2382
9iU6Czc8ajErWTuzmCWrCzEzcT7NduTKzapgfVtDW12b,367
FghSg9K2NiAujiRRadAqJC9wKeHrSTSjvqzJdpCtZ4E2,359
GejaAABghhLJ8cz7rtPw2KsbNTUiboHKtfwxnYeRJmZS,2370
6H8mpKdN8LqyPjoCCWUKqedesFZMRX2i9wd4eevusstq,2353
WNyRDR3cpj8aVHbUBXEhsfYLz9itumuRDLzEVmPtqSZ,363
8Ex8t6Gjcv2ewjU6bDi6A8QZ3moxTa5BbyMPPMqxtbxc,398
dRREPwjTb8gkY7Gxs2grWfjr68iikF4hkQaSD62Nu2K,2389
4LeVxFDTFUojkbU9VtmzCXfitKX66tWT1ovrWRLU8b17,2359
AGZ7CX6JrraEDZLbEbMtdmwijnaxrid8CDecuRpD5xGW,2353
JCMRE92Qjs9ZtEso4eUv9z53iDa1Ey1FtvMqACWkZ9Wd,394
E3mkoqgFqYofrja25vbHGFGMfDb3VddE9kTWqTKMZtxr,2401
6FsFzwuQeRaYxm9Q3mVx4siPCiUsuxLgoTiyRwFv8BdL,356
5MrfvZHpGagqNtft82kMkc7x1qynt1RWdSYXrcBM82dy,384
9KPqu6jKFufrVgXZ518eygUcEKwrfvzC5uEuZ7NiSQVG,391
F7PGrYweVXb42vCktsyKk1GP1darkzi95WUXdruHbRUU,344
FqJX2oYKMG6QpmcuxXLQeToEPFUV2QENhoZ8VdLTLKoT,2401
6n2auQry5YAt2bMLQ2uMFaWj2WcBNcnbpaBaWvXJ8dnj,2363
6nQ5s4ggo2UZfzPonAAZGXqCdUqmy8nqDNETUTxus3v,2388
59YaR6RXhQWvHz3NyEdUMXVjVcytfvpuN5jBdNHEEQa6,408
EDkdn8WszPKCtmtsBd1HvC9ZKsDYrkwuSpV1B6VkN3w3,397
AJAZymHAgF1FAbgDYY9ivucuRpBbyMb5RmQpNgQJ6aid,408
41zAzpTfNxLzSkAARzCWFCdrz4RHzJ2MQC51pKVhWRq4,2399
2hWkj9FibXQoE98SNXP2tSEhAByP5EpoGiwytNgUbJwt,2380
2dRg3yBuvJ24dsA4mJKqpAaruUrisU5t3dYvN7HAxwq7,2349
BmqW2PqZDd1fXFUEyyMpHiN1W9fcuqeVqo48VgH8rbk1,2361
6GbUYpP9HP5CP6pDvrNJpZHYynfk4FAj7xTacYUmeeZ2,2363
3PVjN2V9Zwn8dzJeWkBrs1f7nuiu3WXidsbU8Eqi7ctP,2373
9zaxKHhHc2DH6GNAECCuLvmX71XNxqvEBV12TfvCoW53,2384
HpjUw1MfmeC1m74xoxUVzuZfiHhbQf7Zq3Vx5EfkVdcc,2373
GrFwmoN1hehT214QKSsrWyKARk1sDt5t8Xc2bUxjhUsH,2391
FRBGKHhhfU8feDtEY3uJfUw2NAJVoTpY2bDR5TgbNbV3,394
Dacv9D1nie7C9CjoajDC5D87987XjipRe37GiaaJghA7,415
7kFtQdxSJRL9tsbrb4ipw2iBEWT8zAPEcgrhcFEWdCyN,412
A5UPJt8B56k2btM5YZ5291YJE4YgDw9Y6V1FQPnKeNku,2400
3nQ1koQ3f6kwLRyTyzzgvaop1FZe7JRr3UvvaX52TnVW,2397
5vMsZcUkcKUQY5y1Dmekib3fLmQDwQZnz8d4BJDjW8uw,2356
CBXAWhjy9a4VqzC8rmRoD2mp4vB9rJZtMxZGjSNPbJGr,2348
54A4sS4F24J9DTgbQxF5GfqhvAtMmwgC3pP9e49ECbo3,2388
EoSuh7bgpFNkRbJZGPrp2B8E2h1s9CePQy8v3dp17LT9,2351
6jShyeXg9c36Y6fxynbJ6gQExE7c2BwTg99vQn9Mj2Wj,2358
5oft8bn4YTAxKfYSqvRA8csUvMn6dtWodYTpCTusMC8a,2412
AyPiyiWE4CXhp8gRpWZoT1TnHUefBDPVZW9SheH5avp5,2385
9G7YbwN4eUi8jcLva1wYbMtZWgMdLTj8F586im4tyKUs,2389
2u4bjfLzDs5qSURL4WVenLSJepArhYQdd9ELZb99XaAq,2373
EYLHSgbbdREhMj4xgYQrYrhxsMJorBDr7Bvm3txxtAGy,371
GL4ytKY8ZM1w6fcFAmfV88KyWoxgqEQpQ98orveb741J,364
CEyaYxFSKNtQArV73t186xMuFSArMrBE8F7umij2prUK,359
9X2hBzkfTb4yCv57ZuySJVWLZoTeoSiUUMr7GPua7s37,389
3qjrs8PMbkqV9neDP4uToCXRScpYdyj33d163fsqY9ZY,2382
78ZA4QY3VRRueSrpk6xo6Vzbp2cMjVDD4BhDyub9vH1p,2405
5Xaz7F3RWVTjkBHZWpeHecXFFg4sBJMP8KoNnBaKSR7L,2348
A4ZJ2vRV5MmBWDaU7mkjrm8iubWPy4MryroWjhujnK4F,2350
5GXL8iGCY5GF1M5rhRwNQ75FRCmYeAGhAVM6dHVEdfhx,423
8HRXiE5JcsMnqvKE2utYQLgeQLsPCa5Gfps3v9w3oKFf,398
9URjvBbjPvc6UcUKJzUFQjA2Xgfjec9eGGnJqtCAs48m,418
CrCA9n1GqqkEP6zuApsTJzVxDDBA8ZVfikk4d1jJfN7i,402
2idxWyjegi4ANbDdG5v1NcFXJLDYPCVCgWFZnwcLYxDP,424
47cSZeeLmTqroTDftn73p6murnTQFQ9Pdd9MfWnHZjeo,2362
4yv4dXUhXS8XfZAAaur1tAVTSgHL42PsYRPqeefH9GRw,2365
J4g2k3keUXSoMkxC8HZ9U1Mjv35vkdzZMAuCAyyDyEo9,2391
3zTbF1NyavhFcRWGimFUHnGPdgHFk55sYkRaWMJT6CaQ,2374
EnQ3TjZCqLUoDAaQ2JTAtxnRUHc9FogZjZWHqJG5sHtC,2379
6Vs4GhEbSs23qvqFTQYjV9a4JPGmJqCp378KrcmqDUe,2353
9yomAMoFMKQt328atgS6XJrtL2QQ4zLxCxEuZ16ruWA3,2356
BnUz1ywe5TDtvMzt18efY1M44CNRTrEJuBBuESbtHbdv,376
9BXtodUfaWe61yQEeq6PCGhzvSfP39tgD6vMfrGfdM6G,376
DRFjAiED8t3L9kgs72ffZqrxmZBDAycXnLGwURvQxhZk,381
8NMVxTRNCUNuC6xyPeE657Vtb6CxQACaU2jPyynUvVjT,404
2tNRc6hWdTyujUP49iMv7qZnuDPLy4K8H2UzPzxBWv3f,2400
36q9WNZ5zKNa7LgxXSrMTKE6gh1GkPo5LtPVSw7jpSbT,2386
72KqxNam6DPJXtj1FDQAJ8Vn7zuv4HrK6rd3LKZss3nX,2408
7Yrww5wPPgNxUb4gJsWRNv3TnWVMQMH7iNKN7hFAAepN,2401
B6PYjidVpPYdbBBivQpbTi2CKuD3WdX44awf8h9cEyJi,2436
GrzcQQLLGLSZZ5f1QWzr5FVdvFBX3p6jawcZEhRyxBjP,2383
Bn8Yyk8j2qFg9UY88XQqmU1kMb661kMjp9TPopN3fyqX,386
HWBkWixQtqgwWxN3m8Yk2c8kQMZ29zo6xP1fxhZm2Xs,417
BnGRAq9QAoYHhFwn5Z4GjcQ7SJv4zKFEHSPgEq2RoyxW,2391
6Q272z683Hv4AKTwLXnogwgiRaanJcSkdRjHLiyrDgfL,2372
41EUkJMSRXCTvj4nTt2yUy9ckP3qHR9VDNhhRMTUkhmC,2368
32dYSATynVVL1gZoDQESnQuVhyBtrfutQcWifd7jHTGS,2391
GJ6LpbdFrrXyAsh8QTV2r9cKYCzkuz3874nssfJ5PAYV,2357
4dB5PGh6yqrmmC5NCWCrLdXLr3hrcsK6B8oWERaEVPGB,388
9TU9ugGdP9f2ZucgR4s59cHhmke8s4B3jmbduTXB6ujy,2427
3eHLYv9zUzUYzjfsmzvkDTYkFEVJHVAHx122BLaVMeaR,2386
2LsHNdYLGD6PWJdzges8Nqukh1w7nVcLmG95jWN6U32w,2355
5BJ2tQsxygjd5q5n6Qpw2UmrT7qMAsTDMP3b1sgbyX86,2380
7m6LiejFf6z8DV3frXZN2nU1pjhWKUS6kk9Gw2GqoYNY,2372
EvXsC97kdmfYjNkhRHVhAfWKGFvjak9sLmQUy6uRLwVx,2398
78n8rjSpHEQc6py5K1gbbyQRuMEFqzu867Lw1EeaYtoD,2348
GJQ8gKHFbCLK5f2bSP4GreVD2rV549oHuvzt3JKLiUrN,2354
Gf1BoGf4hF3fazyg5Aw1djLzAs5yfF5vQkY5UTqSBLK1,2353
Eesu9ai3CdiTzLqTPEkMducxV7fdnF4iEfgeCDy1KrGa,2361
EsdHkU13fDL69kNCvBzEAb1vyMZZ7tdkTcrmD6gaaJWC,2361
8wKsFAhRySjLyjTX7Zh5wX7tFuuufiQ1Pz9qhuxBfGtz,2355
28uetAzjmhULjUT1qpASYeLnfZLzcAvxhvLxghZEpiFo,2375
GRxooH9j6zRHXcHF3MiqWkZHsuRy3nFH8jPW2LZCp57e,2336
B5ryZby5fi4tUiAm3X6b1EW4ePjGuipv12G9kf7nSct2,2379
7KcdVvxgeKa1Kiv8MgfTXsCddFRfSohyiJdfQWnrjmKQ,2349
Gir92KQGuRvHkzuZNuUxCnFjXXLNtUKC5iCdN55wFRuk,2338
EpvLHAtHBwgMauK1HMgY6kvxfHeQWf4pGki2Mb3GuEUc,2365
Fpsp1h4BPCymzo8YbsXEUGgQPf6xhHdYFCFHsg1iZNBN,2390
H878J21ZVGBaXaEH5nT568kgWBaoCaBnDkuG9YESu2Ub,2417
AxxAPsKfcXBqZWuHf3zEmwHn4CRpk5s59sLQdnYVTvNy,2407
Hu3tW9yK4WTrEByZKqvBEZSQ2gHHZCFMV8Wsq6fEfj7n,2405
H1qWKKfmHwFeSmemFfHHsETzZYuHivdj3euj1pk49zVY,2427
G5RaavcEY1Fxqg2ZtriMqnsFVWpJF4oD6cMt98BiqN2V,2346
8RjgZnzcCA3TbP5h1CzBtDZSNL3Sx8As6RJvzMAajWYF,2346
5JGhfkx7fTavhBdckgM74QWSwogr3dGix12sJsZ3MW4W,2342
G3SMJNHoRTh1qHtixpvV1dV1Gb3zNSbfeibwGBoad2qt,2364
BAAMBmct1HofPdjTT4MvDJrwjCkPxrc5xFQ8nhXYgAen,2372
Ce9r1qyGsnY61gERfFj63E38qQjVX64rAivavRoNgXV4,2359
ENT3Yw5MCf2jLwDM3Sur7UgvYNeHsV1fE9oVHTYhUNJP,2368
zR4W3hthciKJfFSzobKFVvmwXrA38BCp7vWvTmdX91T,2379
4RaXj4trHxKAXzDcHwf7RRRbwYe8wGzGsg5Yg1zppeTB,2367
GaKdTdSCaRoZyDxjC5EoS9peSVXUrYLocfcc6jMtof9T,2391
DcyhCUSxpq8vs5kpcjjGAY4NKhjSkYLacSc3wY45yZFu,2406
MXDcg7LwYDznmppm4fYbGxJnjaEwZ1qYZi2q2n5gviV,2354
4JGRUyr86V2WaVyqKvwuGXmD7C2uQpxtpCp7TNbur3SF,2352
3hTnWbGE1xQaAqSc2tYmNECX43wW1nWaAVVjcp4ZsAr8,2378
2mYzon4Ha4JLn3KqvZhxCMjhcmpApKt27m8Fq8n18aZV,2390
Apc2fFcw9JdH5him4bPDNZptjFxyxCUQg2U9qM1v4rY9,2365
2KzJWaLgxfswXTSywxovF7QX9YsnTEvtkRKKSTHbucEu,2377
WafHaFS9KXyt12bhYCiNkCgtGsG1EkMBx7Yyh5NyFMD,2352
2AfegqB25DD9hTqaqCEdM4ahwj2Vq6NGXfTcNeAnneGa,2382
5r9MJM7WoZBX7LccvAATsSKDcugU6W2i1kVRRZo9W2qp,2372
CrJG3DnTjDy3Jg33zKgNEKQFaAxZB8ZWsYG8pkRDzt4h,2382
GF62amJqMF63P88ZHyEXgTnLVRPnRkNCurvQR5hbPkVH,2365
7ZP3G4uUePG4SA9N6vftJagrwKDEwLFarCt6mMFuRm9n,2380
48oMQ9SaXjnjSix8JipxzoFerFo329Cs2uMNmQma4ERS,2372
4G4Vq3F3JKsQ7wnEjgx6i9RvSDj2gmooZc9ihDK2VF9m,2369
9fiN2nPAs9EcF27H574A89YVmjZYNM2iE2yQUaguRfN7,2417
ChMiUnFWjUNnrthUCBghD7RrQwMcp12PNNosB6LHay8P,2377
6yxFUDYNCb6fWnTSnswjfPDBBHGZhH4ttiV61q5bgeav,2398
HQPocjNgYyU47ynrXoqguKoQQ7vvh6zwtfJH55GNVSHq,2395
ByekzZusqE69N7AVVkW72uCUcpVyP5tBugkjX5hCwFoo,2424
9LPycN5H6ac3vYv8XznN6YTmZrXQt8SGFoJeZvM85iKS,2381
B4gU3Cikvt5rXXsh1ixvo6NfZJpZPQfHSih61vQ7GQLU,2384
8DF2tRoRh3ikbc6LFpeWG8heWifZiz42soNn4uqdMymD,2347
HQomcNVPM5oSYJfy7DWDRW24jLQzyHVJ79H4AicYdZz6,2377
GAKn3RP3QBxvVwLzHAjhvHrkmbAd5bd8EcwAs54mVGvU,2366
Ae7HBNSb1ZthKSkZkeEMFUxCKCzJLKKd96pCwsSdTqNM,2363
7GxXtqk31mVt4idEF9Hm4orvHwehkdqR7j5ZQeKgEhGg,386
6g1xVCwKLBYEApY5wr22qHm8BMiZNRWNrxG2etftanfF,371
59A2oq6W18VwUszsxZL3yQCvhtk3Q3hdefFaewrXQjmz,387
BU6uatkmkN8aJ6vbt87Y9zSJnTj8fqDGNbo34nD86tmG,394
3x9q3qrRN6kxhwPKmC1UXJFidmLnSfq964wgri11MFEq,2407
CKbUtQmx3aeR13Qix7f6t7yiVadi9oaEYp5wprAccGVM,2374
An2ibac2pKuR62KoJnRiWExMnZST9521LU2vAmUfJfso,3049
6WwQQjjwuUnKfuh5wCE6mXEHdgq1Qk64YFFsubFrUvWg,2631
8z9mKmnf6qu2uXzcENe4nfa72Q3ByhCbVquzVASoiVw9,2411
2DdPNgVdTtF5niCTQmUau8fezxTup9aWMsDtGQ8Mv32q,2626
5SJjiepw2egNramcwpVMCxpGtAdg8sxNQBTUg86hJjDr,3099
76B1HbcstZq635SeqUkYcE1SnaiaUN43ApXgdqHpSWxB,3129
66QHBgenWnQHzwCCNwh6kii9UcHtv7pHoywc7KA8Fcoe,2465
8fWQgStnGptPSgmnqADKqBbjAg4inUjrhRmpiWBPEu4t,3036
6HWUruTdKNWMBVEymvY2ni6Mp5TSW2Ba9PhoqHLYkSRK,2484
D7hs97M2fEdNBpK1obGKucH51Jn48H1LSC3VTyS7WrpW,2498
FDwxVD4S5nhTad3tLBJXpFoiGcpu3c23Go6GimLT6hV5,2582
HVURZGQ4vTcdEVcRQdDyfBvw7qu2nejGJcHLfXwSoEmz,2403
CXNAzru7riZoLH6vS4ccPMmmTAHGAaAEYf2GSsL2vjyn,2633
Fc4jVPuDN7DCpVayp366kGDtHpe2AkE9iWYxBfHik6hD,3121
96PhRTZstJ5nwRNiUVtnozeAKpZDyJvYoyRE5nTgHHzr,2477
2mo6oSRwUhCZioCss9zH495rPoZpTEVZunb4jGCyWgFh,2489
7wcrbPCK31LHGzphYasgHsJNQoLGRsQSSELvYhvb5MDC,2393
2eMYn3KG3refZy3bF4UQY8yEFDTYvMm9whySau7jrgw7,2378
DWhUcsTHrpxhgkikh1fU63jwzB1mKgMPQPY38hKk4TbF,3141
7vSiUM9jonzwfbuNqrPxoy7FkeWuWQydMap9UkxWnneR,3125
DTND9RkqJ3ciewh3XV8H5mUhJ81CP29koGEqV9tBAeFr,2377
H4UY8quzjuQ1iTSiQJECpce4k7yqAmLCn8uxsaorkzWo,2733
ELUZbCSBVY1qt2p957mpsvxF8NPyFuvG4znsh6z77yqw,3114
BUdnYtd2yNJuVv69PnnShLdQzpC7W5gQ1qCsaB7XUPyD,2464
5WfgJPmcT3f89azAbPvcEBzzhm8LTaSZ2j7cPnKLAg3w,2365
DvMpdzUtzJJryYS39RCoznamkSmUyo7MK4fcDZbcEd49,2969
2Sv52d5Wyn2AeXFvxYWVbqxLbQ78sEBF91jH4qzPsZQ1,3003
AxnBM4cYyhtcZXfNCzhpQaWYYCacyVNDFCTKE7e6xo9U,2576
E3dupirzBCEbJetV1kDGT181xw37hixtxbEQhjM3JGqP,2357
3fn7QKsVSbrz8JK899oProivVdnf63fWUbXmEKidyfAG,2373
Eq5wDjRHhJWTuBTU6aKrUErJTGVce5kA4PQ8gbDjCmsz,2359
FTJkV7RqRo4pQsdsdsqpc5EcRRH3pvNUGJdhw62ohfeh,2567
8Zi3wx1vscgC8P5fv9KD7Mm3eajdZ8ohuEqcUNAgvCGi,2367
2eSLDrir19j99RZEX8CtfcuMG8LMV1A4xk93utrmVp6t,2984
Az4ZQs2Dqop5wyqxsSAksyLLprz2Xg1NZeTDrMXaueM5,3005
CaR1PSaf9qpyw4wC8c6ZD634yeuNWG9C7njoa82rvdHy,2998
B5HEmjXGVwNYzMBuLryW8MDoYAgQ9HnJmmHhbZuFUWR5,3007
HwiPHs3mj1wZwgghtViAw32JDkc6XnWrC9unBWWBtaSk,2344
BVV8UN24E1Zc7HJQKTb8zpHNLX8vN8vT4A6wTUDdeduG,2999
FhDQcW4pjUXpu1gTjYAzEYR5FQgJsKEvexV3vxuhpP9r,2375
22Be3reQwxFGaVoCSYykRp5Y4Zv5hGxU2KNwCNE34zeh,3040
ExyEvYHHUQ6on2c1RZESqfVejA4THGNvJma17h2Lyim,3004
CN5qTUfUCpHJKoGm9BEF2sKdEf1BQuBqkDduqsPNJcAb,2367
CWp7iLJ8Q85aDoy6GD9TWPBBifoWFRB2YhyQkaMAjxrC,3000
9Jvs5hQoyWRgjnc2EkriDAfYtXG3rcNK9PuycCjyC5jd,2364
EXmxitxL2QfF3hV9hxQE3xuNCtgbcUpqxikBLhCp429S,2390
3TYMGiSXd8nMXtqNyjW38BuP1z7Hg7Xgq1HFF3Ekw5mo,2387
DytVYPUVyJ2Cz6NVqbtdNUGPVsZ6KK4jz99ACf5ek1U6,2406
6Zse7xjDMbhwYMsCVQ9uRD8DNShB4iuKLvRAqDbNZuGK,2412
2cGSexv1jWU2wVF7KSowtBFtSnUWJokjyjzoUswh5o85,2398
2n488jjUZx5thDp3w8mEgV5VsYqFbKaVEqdB8mhtCAjY,2393
GDre82kernXiDCG4H3bGM92KknDouhQmkCvz3ta6K7ZM,2409
B3wB31WGWStdMQVN1pax43hLU57bsSE85Lkn1xMBPFbL,2345
Fe2Wun8qjn18LTibY5TQMvrJat6JuPg77zwvgYvxy43S,2349
5XY6PJQ8YV4faptbfRhmZjFyuoBEpa7e13qcKMFyqMU,399
DX2GGB3m49riouySpw9acjBT47qdfWiVADMdxXY4jySi,360
DSV1vDXf9T4Y7HqPy3uRoTVstg5xxxUHfqtUd4ZMLHQW,358
757v6KHV66Ec6fwhEUzAwXHHT14u7jM5GrxVUyxirzPx,2378
27hpQb8k43yrfjzicxgn5Bqdou33T3uW3Tcn59ZQoFyE,2383
8ur3rh19gf2Np2wrozrYdzPAmpXKgzHronjPTQALmQ9s,2391
5EzuDSaCJsDF5fU9X4DMynQhTyeqJKyFZ1D4pBAWN52y,2347
3zAe543qyP15PosWRud2tV76KF9RmMdiVh6QLKZG1hqx,3781
cCtC3pPPAN65GoMAb7B6A94fmKu9ZQSrjbhoBXxmkh7,2349
3QLN3MGjn7Z6B5AGSqa6sDsEAMwMUMW1fmb53W9xPV4w,3798
Bd444wDbKi4eLdJNrBQiCYVxqQwEzXm67V1YkBjPc6bv,375
Bx4hPkiev9UeRniBoYtQmLLbwKStWc7K25VxvhBNVJnw,400
2kH7BUJWPdV99RSFrr5J8EyB1Rsku5y2ZQ6ToFEbCjUh,371
5npFxba2Zy1NWcxVL62CchGVc1tWjVqAoqmxQtnNq2M3,3822
2xfmf4qamJwSjtd3brZ9YwYvEe8RihZBpYyXgLD8kjmB,2389
42SVNN5YzMbpT6b8jLqAN5yPfJiiebsJb1mNiFFMxsB3,2415
4NuzzaWxLPeMb4tuqq2i2TXGNbU6mdBQ6zdqvCzqC3gW,2375
AEMNt51YEfmSvMCikvm6GSLhHLtiq9PzLUyfq8ZqHvRK,2388
BTNiwaEmd8hxf1PdYbNBsFnT6CPnoUwc3BWM6pE3LtUv,2385
Bw1fyU6jiuQ5iShxf8wkmNsSgBv5WL7yr5Rmf4ufndNW,2389
DR7SfHj4w2hh6ecfyYUi5HnwFGthDXQgnbur71Dk5ak6,3870
FgRgSAs7AQTjVGjBPFrXQ9PkP6zuQuRTeG2j9wRzd3fU,2405
BXY3Moff7BHjSfkW2rc1h7PW4YaMBXqp2SEk1aGNdaZK,2391
5HXuLfVsHVUu2GbPehiQywKPKf1AFXXeUE3AeQNf63QJ,2415
3cFUW36pz1vKc1L1t1ChNzRwhw4x1LLy7WAdxcxuDZeY,345
56G2C9hpXDvQh8QjMTc9W622MeSFJJ5GtzE5mXhJux8t,384
5qUSuPSx9AGetiVH4QpGedrLSgJPGejzUdYQ2d8AjfxJ,380
BUS3poenbGQdwNdEkGY8pfSMqQgtPU4QeVXZLd8bm7C2,2406
3orrmcb71DGY5uiGL7uAiiByH5Je5JLbW5U2Zcv9jFjc,2410
FnsvSn3CrAY6M9Ma3mH8TtsMzZVzfC2rJboktSH661ak,2364
Dxqd85VxF7D6yt8uMKLRFXYJ1A1AHB5yTWDAt1apeJE3,2353
4MTtEh4dpUcnu3G5HJiwUCbvFiKdDnjSwtZVQM4KvSph,2358
BN2qzkmtz1kHF9Boy3npwM8vnSnopcfD7phQPdR86t66,2366
GmoHcRLbDVffKkUhGaun759DKL2bq8R78Sct9oycNPQx,2371
C51weTKaTkYzVc18SAd45fP7jAJNCZKZevqpsE1fgyW2,386
4CdwfxtexQ75Jy3RDLJiZzZbWwGDP5YzVGB2WHFNUw5d,384
7UKji156Q6h1UYe5Zh1pg49f3vPYBaCQTiNMbrxNixtc,357
5jJKbg91AZ23GuKA8iy46keTgyzkFx6pG8qkuNSy2TU6,2414
HZ3iAf5ciqEcTDfFsBwKn9RUUntXNdg4BaH3m8WVn96B,2356
Uw61KYt8mtnCbXSxrZ8pM5sg7b2G4NtHRhXwjeRSDNw,355
A96tNyKqVxY3VcCDHZCweNpgYT1UjaWstBMURxa8nWxa,379
FSbSwbmEtuForf1BcZ6c1XgdSjgXPChGGeowUnGcZB1f,353
7cY94Ainfi9Mj4pkCQLHzysg1vdDajA9BtrcLgzYt4Gs,374
9Uey6wHZ5tKHWecyUNkGvMpRSypuiiAUhGDdCH6fzjmM,365
hU1BFBLjc61MycZUyVwRFo8XoRVJLhJxxxMfcKGjR2H,375
6gZ1EvSgsE2Hf8TRR3ycuh8qtQyGoJqxCHB4Bg3jQ5D9,2419
E1cj1SEFpbvLPQRLbqToBDsHPNe6S4xHJtN6AjgLc7Rv,379
E4YZs1cstyiuZBaMwMx2EbxWF7nBWDe17YVPN9afjiUp,2410
EbbfA7k4qMYyXWgJm7487ELjvcHtuS9kK1gErWj36nB8,367
4NF72hiawjMFe2KQLVaGp6SUYSFi18xCUNpUTCjb3hA6,386
5E8U88m2GKNRGJaCeAVeSTMpJBeg3vTZujHUWiBNAzxS,349
71q1arpb2b5BVwJ5X5NY38YTKHoB4bVVgYr8o4b8FN4E,2407
Ax6AGfc4qWz2tRV17bpZEMLRFTY5pSakDc2i3AYrqukh,2399
HeLrhrw88Gar8SzxrPZvHJGWdM6N1jR9czwUHcXWNbsT,2395
FAESS7NJc2VNSGwbuRhrqxnn87sWcF5RzT3cTFQERq1b,2396
7qsbDXDb6XTerY3PBumurLGsmUvs756ydMrszN29iScA,2381
EgYV9QATNLhwPXEokwpDDwFxz7TtEsFGeWi1uWyEgQVU,372
AFrKTMGWDx7ZzuUzdcxg35z4yffLpUPiApi1TBvHKnKS,2407
8XxSfLX75q1321tchqKKtcmmJhGL8TyV4P98vHVXtfaB,2361
Hk9z3mS6xvBf5XMtKTLx6cvUQCmDrWoiwZtvFH7EVHLk,362
CuQaPqkCv9415iaaVJuyrM6RGigGmyYY1tRRE14BYCTc,2388
7NDpC3v6Kou3HjDnNMUtnazBpatqacpnMcTKMQCpfWjZ,426
EBNbcJWJDYtpwQdCxyZQyjrfm4AZqmZfivbg2zZUmNac,2350
2jtmw9hNjVkBNY1huxeZQGaKaNxKhJftD2whf27oZg4U,2433
EJTxG1AdrCKxY5VUejq8fXP7EfGVQDQN8f1FAkyhtRfi,2412
EaFnwQqRhrNV1VNiu1kwzNFwmTbYs918ghPkBscCrJDb,362
ALj3Shdefk5Uc54GZJcg6GrWp46wxBXH9DuxqxHG28GN,387
FVbRMhdh1Z9evk28V9P2Qh2v9uRqqUTGy9iYJNrmLsVq,361
44yhLw3BYfPZ8Hmp9xM6ooSbAFoHFYZ4NFDDyuwUPJC3,2367
AQNMX6FuTLSmbNjEM5PkNuhs4KLMGtvyKGtu7RWJPyPP,418
Fp55Co5mSxVjdAkWa8zQbKx9vfT5hoARSFnMhUVihaQZ,372
EH22U4k6CUkgTcsfw8b9fU3eVHav61ZEMG2We2gC99ff,2408
4S7xL7h3vCQiCiEsLehGcAP4n9pgLJSad7rwVXxxbBzh,2395
4LCdA1yUjdJ8vUvFgGifVQKeXHSEk5CEZ3kUpw5snJyV,2395
emayKBZCGrSifmAc6tupNfrVaVFgSxRh9H7GUp8gA5D,406
8QAjQ7rYS6Lw6cHcvSRESQEVC7MD754PEkvZXBrGBAtF,398
4uoBNDq4fGjvYKLgw9LDeg34yRLX5FyQJPH8iS3dxFk9,2362
AWK5ydbptgxSe4cpUKMiz7LfUEeKbQxTVgFF1akzDeAo,2383
EXCcP5T4Qf2Cb3TFoCq55hJnATA7AZYRyZCmfGNrvjXz,393
9vCPNjVSS5vmXwdNJeafkvCAVzkGZ44ECcS39Ck2yPS3,397
DXeoWykqGrtDC5wn1qqh8Y4YooMpafLCVLXDpThvjQGx,395
5ZsTQWm1MPXSt7mF99HiZRGTu2wCPLcmF8s4k1FeJ3GX,364
4oC8J18WxpFK7MuDSZZgopzyUwdLvtwn3Ermkjj3ZeNR,2369
HMh6F7sb1jJDypWSoehe8MapUq3oJDrkWb1jrZqqtnhM,2380
9EuwpqbyLKECYVr9CwAvMJj6PxJKPpS8bQb9aNRvzw7w,2424
CBfiNSQwZnYYTGpFaUr1dDLS69nnDCzkopj3PDKK5t9j,2355
Car872FsCKhY6GRpWuLSHLXdvefNUpn6aAodJXrqz7Gs,2383
FNguycbPquM67ntkjvftWDtJ9booZqAjMkuJMeU3noH4,2388
G4Y8uERahc6iVCXY2Mshv9VbUqrmBnr55MPdcYiEwBJr,2351
Eem44Z6sVT8oF5X8bWsNQr72RbVxnhgmWsDfLX2FiUnb,2402
3acNkrPQH3aBnqqcswuHBSftTRufZ3HQoiszs48YhVBF,2378
CLDxZ5HfonATETV1ULnpZagsYetdq3gMdqyQceEg3e6o,2387
9C3an2i1rck3qdFu1FWRU7fR5jvYrRdwSPCaiPibvtVA,2363
4KHASZ8daoq5cZYVhYMj1UEHyiGhDcinQZTuoJC9PxvF,2386
EenvSeN46rLhfCTiWjTLYu7kv4m3XqQwXEAFQwss9pAH,2392
AMTAGVowG8mjQefRATbFGA6aLtZHMNkfBhAMxR8f3N3Q,2395
EXoBHU2RjuACEQYAAi5uUqquqYK3jaNusEsMahHQ9BFj,2375
7vCJaDLnJXo6z9PqgWCXJ1WLT4a1QV8sRUSLoDJBLsvR,2388
TBqgxsebxUBza5CJCgxkzerosdMy1nLqDshfGz3cyWN,2359
2LtibtamYpvbbWLULkNtTzhjoX9ZQXwkUg1ZWrCz5i9o,2365
39jYgw1hMTKdYXjmZnA1sw9bGe5ETj9LYj9st6oGwMoh,2375
GzPzkU5ggZ4mtAVRpskFSN2NQvbCv9GBTtXBz6Hun9hq,2364
2Dh3rMCq2wB6Bqo6SCCKCgrtRk4SxFMNRT8LAxgCYzeE,2358
4A7wJ7qgWurmf7io6boVSeDz26KCEYwLbeo88uDioWSE,360
Dyf8tJVypMLuPEFtzjUidxvsVyGp6FXL9vP7Ppmdi7ta,2393
28zwHaXA7z9JVmtGSN6BjbZRpfRNH4Zwda65fQ5zKhTx,2384
7eiaMv87BKKWoBxPdd3UQXxRBWLgFY5JRdjVp9dgBy1x,2382
6ATj849KBbHTqYnvpC7aiwQrjmznpmdFMxe1p23BDcK8,2356
2doUv6UR4jXupMG3wkGZsxvLLUzAKv3PuHi3pxAKNMCK,2362
5YVkB6yRXzHaLCHrhoCL34ExA1TpbpwZX7LitMx4jvci,2360
8F393GYs4F27A49F9hPzY3pzotu6NtCWZh5STn9Dcq3e,2350
DZT47ohTUALfyrWsyveBC4nab8BdTM1SidyTrtm8fGiP,2341
ka7GdaPtfW4eUauUwdwMrsBu7WBncyNFJKm9PbYP47g,2341
556YFPoLdoBAswRoqL5tgeC3dcZeYSusDZBBJhbnNiLM,2399
EJ4xMxLcZgw5w76dVomks8ArArVzNV4MnBmfBRbk8SxG,2397
jMtSdFnx1BhzFHSXzHxVcBjYEcZbjJ5fywtHSKsPkA4,2399
HuhDANZJd6dw3Nv1ZgjhYtiCK19AtaozTFBFiS8MBPen,2395
2wBd7L7MMSxL59EMB5p234Rq5doapU6qANvxMEoM7YGb,2375
3AHi3EMV9Y7omX6mKSsyMDnzFJmTkWbURCcsk7PCzBns,2388
7n7tqg4ajrcTc8hhKAfSpyc52MwfnL7jBeVoj6wjxxco,2377
EvR5ohH5GmKqd28tvac72waGse42e56SnTLpd6j8hf5A,410
GFzFoJ49De7pGazCyLhREP4PkVpkjYXKwM2DQChAmmJD,2388
9Y6ubEEFiEv95xqBwzvNfciAoze7mxaCF64T6zkQ7FPe,2378
8HqDZXuhY6kCRq7xkwep3QaNq5YdywDezwvayd8wXr5c,2359
AKjdRpjSCTdM3hAwNQFdZ4fh8GVM5v8YamqqgawAFuB3,2411
5fLqRH6GFsBYwFawirojeVUEaAbpP13nLxfgtEk4eDdq,2404
FPteAcMaRfVek1uq2hKRPN39hNnSjwjDHFzSpNY5qWcb,2409
9EXr3zJASFXgbHensBxg7Z55WFpVUd3PHeCUJxTEnA7E,2383
FWsuDuCadVtB6LYaqJMt42Codv257jqkijJbYwJP4Sqp,2387
3XEvMWHcFg6vdR8h37wK2gqpf16L8zVryJo3MqtJDR2A,2359
5a1G9VG9fFY4PuBFqwK3dTsuADJ5sciYaBnkFBtpLJgY,404
EtiaA2WZxufu1L3cdXonadhh5qbGDuWcEdLBiZEVeVNk,406
BGYrTKff2xDVDqhtpiNcxZjRFoaYCjbkDrAHkwMK7iVJ,377
2kP46yEayYWGdHJuLjVW86mwr7DQ1AtVUPhxqgxLCpCW,384
Az4D3a9YyQoApfxdZud2EC6sEdfouS1Xy79w38P6ukyp,2357
EymKvzEkbh8LHiGNtyFTNtobQsbWvAtMwNrWoqbAVWGo,2383
78o3DapB89U53FQJbGfKhP11FbqC6xDekit3F8op8TbX,2369
CjXgfNALesMUpWSohupkrKiN4uEwzfnNbHR9umzCwdKG,2382
2nnpemf5PTCQo5tj3XMz7rNTPfWX2YYCC8GAbDUb2cJi,2388
prZPbKLoyaPGEsN1WmwoSHqkqna365DtPu7mnR5T3wY,2376
DJm3w7obSLU6yCPxi4CYVYARAJfRbYKcBMwKgyccThzZ,398
J2zVq4Z531VoatK3KmcfBo8rGQPNy3Rp4U9uzmMsAsJB,354
9A3dUt19NqdxmPbWQkMK9KtCqfiECigbeXgMWjPoyXRh,369
By5zETsG1czUvc28fjcNfQmTPNAaVx6AYEbdoxPcRtzQ,385
94jy7MHtpgBzT84k4fGmW5odbEZdxpD1obiJ9cYDvdGq,359
EDDQsKRXTVDWeMjhtoRb4TDg1ZFycF6hauDAVJ9mHt5i,2412
BantpHFtfCwDjbR8WoyYSNipGZTVH3uWqzA4TM9TEsTe,2397
Bj1j9wNdpDe87KQ2Y9422yPmZmqMEYdPsz7zg8BG7td7,2422
2DHj8inFDv79xzSacvfgos2kMzc47PAMaR7mmBbRGxaG,2391
5UBmWyVCjR6yy3V3FHayr2RVSnsmXHM4CCqZihZrKDpu,2406
FkCQeDLMpPwdAAwWdRnuZN8U6fLQdDahy2uV8JdW5wqj,2416
CBFErihFbzdLNwWNNzApszZSXTrycoZb4EBcnTTymmyG,2406
3SaKGV6py3bVygQN7oaFYLTHAsaUi2kbEsc1yMDkyVA2,2354
CmcKGCsttkNBWcZYi7cghu6obxwQfbFhkkv37P2o1KSe,2416
7ejdcb2ZKSuzDiwjyfL2XFGbKJc5Rdpq8QnXYp2Au9Gc,2381
6N67oFM1h5aYsydhVqDXEYe3r2BLpM5PZvhBxvP5NQKn,2387
CiEoxY32HXKzUN55Awot1zaHDHfJkJwBLVEqS7bm6p7v,2388
6NfCZDLQkJEPrTMwYPwK6LRfHWhP6pbXVV9qv4hPUA3C,2356
CHH71fiPH91jZMunw27ZK2rfLnopALUAfxqREPbPUmjz,394
14sinNLxQoChSz54PA9xXQ2yTTgHGMFRkYJuSdW7w4xb,425
CKbbb92z7MxpoWs8eoo2Th7MLwGSTrJT85fHhnqcknws,392
cCkva1qNMWuKLduGLEYuhZxgsnRhgkqtL36cSVJb1iC,419
8mdngHfiEvVWvoeZLVfGBu4EZgf4YTERFsCPBJkUqASj,2382
ByoFHEAHRGfQPMCHsZgA361XvrtprY6WDNrhX1Es1UNb,2402
67YK9Nd9BN5qNAWqd7iHFfB6jVDtNCZn49ZEWoAYWsfx,2374
FF4eW4NGjj8Kn98fXxxSJTMXsu8V3Xms6xMSPVNvsgEu,2387
APXgDeiKu3PNP3M83Qykc8wN814Mwi8c7Nfb6X7mWgTj,2385
3gsoM29zzRnrKDKduu1XN524yXq3mk3AupSRKrydzzAX,2397
8GoCjEzHViCfXjJwwMC5AB9kGBTLMgGVcw963FvDBnnF,357
7cAGJrH13b9jjmnc3fj5LXoDHMccFf3KpknURNo6bWNq,356
74hr2pKmHX5vBfGcWYCsWFLHBxFw9rse8Yf1YGpUgG66,2367
HMwKucqXAqHGYWpMfvgimHSCDkwYQ5AmnbKW8VqfJgcR,2376
As4vsWVLEFnvxfyh6MRi6EgLwpGScYNsqRb8Jz7cXCs5,378
5LyJraxPkDDo7CYCvqD77EJEt6947bGEj7uwhJe6H7vS,364
Eypaf6rDPpq3GrhNmiYFPYX4LZL22841TtzLZkCAY6jq,343
HCwcHxdVAiptp4bC8vTbJd5jRpwrahyhQ7rVKGpV7yQZ,368
5BDKG2HSdWtcaPtD6B4gsX1reZ2Lp2HZGyzJSptYeQ7N,366
AmxgzFv4zgcAWY5vRvLT5adEPtAauLHmahH4nuVbKXkX,351
HG1vS6pkr13LnzwZ7RXp6o8go8CzYWGWkAxbmTQ3H9hA,2362
21JJvgdM8kWxS3og5NxhVR2mRUUngrPUHV1Hw1BmstbU,2375
H8wwBHGhBPKemdZanonnz8vqo5HLXn1s1ebqaNKnZXLA,2385
AfgXh3WMwZsuQzYHqyRZBLUcb3hxGQnnoGUYXtBykVty,398
2RZpTVMEa5t7C3iuFUKKjkYXAy1TkfEfx7yGJqcnxC1p,408
HfLPm9D86ccfQCNeHZJnUmamSamGYV4tuyzWdvLm8EVY,381
46p614pDGfPBq5QdhJvV6bgpi64fL6FguAT5cWXd5gUk,347
73eYtcxbPfWuMnKU7kTUqzg8eKHg6xENYvgVSSry5Es7,368
39vFD2KxBQDArao5gK5DLzMDHbpbrGQ91mnoEnjbepHk,383
AAEq2SMfvFWLhVkes8Qem1MuETMx9aqpDDrw8Zc4W67S,378
FGcS3PZVto9kRbhEXNtxzx4Bsc7S64SoAnJr2VBgmLzk,362
57myPAER2h4a2AQuiEBbKRCK3ifTtnoXx5v9mD6eynqK,2374
HhZ56vRzH61Wjbg16GVmY2maahUGAiDJkyqre249g27u,386
BP83mY2TiuDcgwYR7fL9xp6WWneCJgYhjvaM1PTHqnug,353
7YSF5JqGGhukfMS4h8KW7BxPqVLcqxJLEEEn7xFFozYA,2391
BTTKc6zbnwGtxj4nrcHepeqoNsTLR6xLQCscVhqT8zS8,382
AbyFViQAs3RGKXrYmxTcjKKMmBFKzeNhDXxPodNJ4FcQ,2434
8BuWtj3iSdhF6JpAxCNE4KGzxH4cfH2pNyhk41G2RyA5,2356
GiCEsZxWw4K47SzFRHW8yxaXZ498Tpaa6sSH637BEWdm,2381
F9c1Qk1F6ne7XnoVcmK8jqfmHAyYF9sokANsoJJviiz4,391
HfRWC9PZYB98xh8BuvtK4XeKYRbKxfBmCsr3mwefmKoy,363
HTHHYNBiegy1GeFpfCzSiv19BXdVNLEtXYzPtM6EqmvF,417
43bLfXmi8gAdqgdHY157WYtKNQTeEQHP4nXZR88kt1yJ,374
FXPPTXrPARMnXyDDZCiMseja3PKQfEh8aw4FbgEJwidk,365
BPYVvfbhin2e7QmF3ZgfamGiK85Mo3Hc9sJtQuvLNTsY,351
EXzxcEiVJ4u3seb3FdWiQiX5e2Troos9SDmkVdjnXpCA,337
DDg5DRxnwHugYKD6HbU8P42UpF1R6ziDHK827XG9o82Q,383
6c2gjSCsDR9cuFxQTP7WzBZfXqZky5pDuK9reW3kAZ9s,355
2Rue7ahUEMSzpW6vh1pmPrCvjtJviSfQ8mummWED23m9,387
9bVfmA6p8Lr46DDa3QAQpBZGDy17q6j8VvBqgqiPYyzH,2360
BMfxUSV9Q7dRFyvq5hKx4Su2XVHYE6bdXFaY9619qD5f,403
H8ytnAREmveQ5tdV2UW9t3z77X74e7CWUA8WZoHgHCVb,415
8rfbeD4e6DRjwCavZAQkLZ23tAmY7ozyRKCearyGvLyY,2376
7DjuHV8GQgeR7UL1WjsHxipPSsctY9NHcyVKA7j5AybN,353
AKupxnMuFEcGGi19STPoG8XTExkphGB9V5ogAJogQePN,386
7vPUNqgXco9LwWpZyAwXfgup1CkoWLJddFtoTK4SugXx,2404
2c2QYmjKbDZkuUq5VW2zQ44Xf5vVPZVTKupVPCPuHV8w,2428
CnfZtfBHherTtT9Jf1BedXw33fgjLFKmAmZjD1GJpw25,2353
EgxGuq1mm7zRojoMRPSKsBnuipk2ocD6tSntTFQmnSBX,2374
3b2go4qDtBNoLMs2acjawUkZqrZi3s8fJvCkWz2KaRpw,372
JBV1EgR8YQpVnNRL1YDU7tgiF4D9ev6XRmdkuEuuTyC9,2393
5Qr68JjDBe4RnKFaUBHX3zHycB4wh4N9HAnJdzUdmeLq,2389
7tvK1Lsnogbtp5kusuuKbb1DfqBLUPjbsR4QwKexjaNh,2404
4purpEXGZ9yqc75NRwk24q7w1xCJ7AdsULfLrTwHXwDw,2396
EXt9ZedhP2ZFkQuWkPdbtEBzTfUmhYoS5wN3m9BPfoJQ,2378
2sNg9CBSyFgMYn4GqHYE14RFKeAKLZ1wSS1Cg6umbiYJ,2402
AyWfkPpGFVqGnkRrBa3J5QLzzAadC1vLN8suy4eoLBXc,2393
jtj5cCDdh4rvDb5NwrkyoAGVJVbFyq7whcUUSox48cA,422
9S9yLXy5bSxBMa4yF8u2dw5q2kYb92Q1frfE7FzfRACu,368
FSb3sYgiMJefW99SeQRFpi9Fr9YyzJFmHND5zkJUrZ4f,395
6F8yjymKv9NMddBSeW6ZVngjJA9DQbB23WQen4VBxmrZ,2371
Cdx2j463XMa3p2y7SpkSxACDMApupDF3wqtxVKDmSyYq,2354
EokxjGmzAuXhEBhvrkRqZ4zf1YEmCsjEyogQa7nFghvG,2356
2UKetAQYZbiYm6DvKGw7jWKk2mZF4SZcgiqGZUmGrQZz,2354
44aUFzd1WyFp7qqLkudNMbKgSNukLMrY3TKEL7fP9fwp,2387
Gqo7PHz6pkFmD7Gup2APw23HR1tctdPQfWfy9H81i1gj,434
7jny8FxhxmVdfqcuCpUJi34VC4Qa2dYG3YgxnoFWXZSg,2358
avryCFH7XwQk74y8QieVV5dCg7p6H9SjK72c1zKzAxC,2368
EsjkGmbyxPv5Q8kjLGy5fSjZn5JZLGxAJhz5Va8rYoNS,2360
Gv5qKRChFBZXGcvrRHtLjsCVPDZovrCdeXT6yvEv2rL9,2402
4ZQB8o6iJVXPKiH8UsBCjkX78q8FUS57iS5Ft49ouA4H,2398
3Nn59NmuBvycMJuzUELPyCncw1zrZLsQJdPUAoUMZPpv,2357
BtBdHfkTk4XuKZJJ2HjhbaPFPG9DYjM6yzaG9h5SHao2,2391
DakoH4ta6hrBLpfUthQjy7Dn7EkaASs3KRjpzfREkXfx,2393
H268u6xhPEWQsfAS58vmS3rEQcnEmjZ6ftbGFZR8dLQa,2379
Dc3jNP6nmmQtt3eUNP4PmjBh3fQETdeQ33ipxAezqqzh,376
FujGajK3Tv7zAQR3csz3ZZbHQGrr6TXYhBdrPePRgY5Q,2365
7b9jPAPyxgBzUMr1FQdgNdcWe6TpYWRhDgEERi7DUB41,2394
55BbzGvQChn9bhAPZ4Juc3EiCYSbxVBcG6gbVgAzWsGH,2384
Dqpsv2UpFji9jQrNNJ9FvAyH3x4symGkLDHajVkCzG9e,2355
5wCfcWboE74QTqdSJWgtwqqFsQEbU2one28baqWVcGo3,2378
Ca5RWXu6Ea5EGqjd5v2HvZfC5fPvAS8K8GjY642yetkw,2353
GWMcvBvAX4vGDb2Pd37F9a4PMZygKy69acYjw4jYJ7Eu,2390
H85RagP8BFpp2uyDJLGLvk1gW7NjweazybxdmALNtexC,2376
GBuscnqoL6eJ1dge3uAARSVexcJrL244PtPTPhbCnFTi,2372
33cZjVzLzfSEaEMsGzcKsaT979H6YcT5coDjGTZrysgL,378
3FXjaruZ747FLfuAke27ZeoKE9PwW6TYzeyZxHmBjecA,367
7iYd7ba9gRUEdTNF3p8SgNFw5MA99NDENg58N51PjrSN,2357
8fjovWgQJWSukoDvACUT5tecWwHyFS7VFyAdr6gfSmo3,2390
HhzqiFgdPcaS6BA7YQVicjezgz8cgobFkdaUP7JQFB9D,358
4zoRynSK42AiuetiZS49MBCkuoFqKECaTXYd4jksgNb8,2385
Bu53pPTqRKcS9h8Twt4Q9GadCQwxqmHwHjxTGVHdk4hb,2349
3zncXgxpNLWNew27zyq3UeVYBXZS3c9bXHSNMpWmPJHj,2345
DF3bnHPrSqPZboTgC7MxmgyvHA7vjD3T7BBBMG9BJX9e,2372
59H7tbiAqMMgwtiwBzy9qxjstS43DA4NbNETyUNiZCPj,2361
E2dSmuyUWgTJRD5DANB9eRPQPQt8RgiCPCbQ8yzDSyD5,2363
7qPuP8H63xKxPdWUStdPLfDCyQUpF5Uorq2ua8tvVHxC,387
8VKyP8Uy9h5d1555ZjJmSNphfzrhwCdbxH6iKctRUWhC,2380
DouhHaaDktrDgLTCYTXhNygMr4rkwN3SLNhXaFQztLXy,2400
3HPCFkAEv6WUdD2Tb8hG4HuiLjfLXXiC9fXZsrP7jJV9,2420
GQZsC6mfEVwxr83ctBqiN1XYh11n8Q4FWLnHj2BJ3EXC,2406
G2FebD8XgoLN3fPtG1QhwND2kUsYAidi3vmgFvarnK3g,2384
9G4DLm9ANEMtc2quiiqqS6kiKZ9AMxqhHfVD9RR9vSut,2420
BFLp2McXpCdfF9eWk42qLm5zmUoZzwZLLVknrKk7vhoP,2387
A4yoZvqUUcBFqyuPoukjYXCpZMLcGFrsDphV6AMgFBkX,392
73kJzDXi2Vg9gqovBewk8F8NTwVzKka8y5RRNbxjVZoD,385
42RdtxsdzJVmt79MFtAdnJiSKf8id6WU9czpdh3F89Kv,435
AEMYY256BZCVw4unqi5m6pVRt7AnwLvUzQNutLLrQbA2,380
9k5nndxVuSujpUcR9RwPgNGzfXxnwxoDHDFjBSbSZR6j,2422
3PkmDdZJyqr6ibkQE6ZD4aUsPKeL92UctNmPVzPGuYqE,2428
AP9tfQYr2JXFBkxUnhWwr6o1aT6PHSoFien7PNuAhZNJ,2376
38yJp4sVzAifTJkWgiAX31nNtymSetpwp8e74dbw95yC,2391
Ay8tkuSEN5UHYUS66MTUAVBNS8AwrWgg75xTLCNGNJea,2381
FM71fR2Pc12yY4uR8nD7tTYEMqoT7cyrsYGrW2mRePiz,2368
9Ref751g3rDdbMe3zgEgs4QNWZygt44cmngKoMqBy1r9,363
6ykhBZdNWwrQZiFUKvd5iqK6kkx5sajvvDDwsaqgkP8W,403
4FTfKbuAwk9qygeo6QQistgq46ZxGFyvsDQHMFnUb2jt,373
9Ne3fcWAnWwrtL65wbr4XgoUwMVVMy42qParpVZTVc5T,384
4zHRasokihAJNx8wAqESFpk32fcBXjbt4aPjk786K2mq,2363
CE7mwmqaASUNUmd2Ui7dSC1mRUkVKSH71GGgiaEH28Wp,2384
55B8S6sn3VqqWFNcGPwvoUikhkVseebbfH63tXyr68QD,2388
6ByaUVZ16vM3nQobugPUPzWBPftNHAmJqwtXdNFPhULy,2394
KMWJztm6yABSfhDWgHG5DfqGenJidYc5CwVud1HaYyH,2380
FZK3iNSbrxp8wrxRiVxoRQH7FAAdD1p9uPjNt7b9fixG,409
D8PJCP7Sb3Bp9KUPWcRHr8PHbtyGwwu4hrVpfhXpjzZG,2338
Hd6aMJ1eqnengMJquadWWvQrctXJKyGdiYFb5BpwVuvZ,2375
BjJiTCUafSw2RahGXuDa6kw9tZbnq8HJwt3QYh3QKfQ9,2337
FTMCTci4gojAWR1wmzemg7kmPZ86kQmsruynfTTx2mh9,2393
EAQ4qKWq5u1fLJhgLrZGjLWFdTC6mrBHhGqhAZ1STmX1,2377
J3Vy548eaXh7ty1ztSTqGmwA7Bz51MnEHWQdCTSfdWYh,2370
4kACQf7LBMnAD5rtoUn1AzemoxQTVrKcBVSFk7C89NL4,2381
5nwGqYAweKXExpZxJ2VymvPEd1cdtzib5krop8nT8zPT,375
DLYGNytUTiBxpj2iGivE93addh5cUtGqLgnZpWRxcifC,366
BZUPoy6r9nRbFMzY7qnwqVrUGd3oLFe88rWxZyqQhPkq,2387
5Ltmh6a56FgVpo2k6xDLHy9TfTSeCLmg9vmBARnhrgA5,2404
3k5o2rVQ6noEAVVUhP3qBUrdQNwSTu218KKsvRoxhPwZ,2370
FzVoQ1Ymo2NwtY7whbKp7AWBt5goioFTg8rk2fDwyvLU,380
ChcLspNBJsQhaTG6rdZLSZeDK3dUUrU5WLyC5nFASHTW,405
A4PLicbTstmPSRx4bZuWRdpZwJSavuPv1Aq6YoSdz9Y7,388
EPmW7SYGnMUCnvGBsRAk5LbqWF1jnSXmcqHkcyh9eUSR,2391
9ZR7wRWkJ6nEAkheuESQ2nCcZiSg3fbF45QqgCJk7Xyi,2375
5Wkv5q8g1w5ErYoBJLd7qEtmwKQytRHMt4MtKrM8WGV6,2372
D79Sm9eRQWhNZMwEoWndbCqf9vSxpwp3xuuqvMWpvFdL,2389
5H2PTuLngG1DS2e9TyV82W38GvbSpVvHbreGKpKtouiY,2351
8gNjZB8G6mr51oTFPHxiYDu8TNBEPpCzESfvjyj26oQF,2398
CNJwvQWXnA3fe3yhh9sbe1krBPk1ghtyYR8JyhvyEDZd,2429
8oyjmqWiMCSJm2DzP4ivJWoh2MsL2VfUm6qZkRHJcq5f,2407
34SgZMrvy7sjwEDNt3zYZNvpWxWpVdXWxrPm2CGrh9Ci,2383
4X69UKpb6mgdrSW3TgAuxPvJzxPTyZE7xJuzvzaGmFVb,2339
H1WsLpoQatdrtayPeA7HXyacs68h91APAP4cFqYVwdQ,2346
52k2LEN5YXUU1Hu2U8Q6SwssdXGMTUwXNiUAMMSxM6de,2342
6uX5MKNzFBubpS5YzLG5ZSMahTY7fFeFvsB1DQQfhWMd,2354
ChNxPfiMQYBhGnhcrFoXTXjGenzinzPPXtC3fpi6gDqm,2443
F6tZCEsu8T2tb5tR2hf4rQBiDb5fThTzwDmijmK2NUXN,397
DxU6Q3DVRbrfK5nenN7v6e72V9KgrzVr25vdZsMJHhPU,2448
9mZdkFksEsJ4gnxFiKFMbhzjC26i6S15ZWgt7JqarMM6,2388
J62sYmaF2cnfSA8PQznJp8xt6oLuBeSptFPfrpSEuuZg,2417
3t5SGiw3aq5n1dkXTEjoUM6KiYvpcgk9vdCNRwTpG6zL,2410
GCXPhMCzKk9nAJFn1KEUN6rTDfDTNBKC2n7L1STXWbit,2400
9KzxyES3zYrxnJj4xB7fPsoUqxs9PKq2A5pJbkZUBQmj,2363
8RHqGhowoAbhnKYHvpp7fJE3BVwKbyfkvpV6tYHYe8iF,2395
5VK9eKHSqvDJM3oMUYcG7DgE7LsZ2UNM3mGjrSvrzoRc,385
E4Xv5ZqjuNjorGQwo9KasFdm7okZNebwsjqG68MdUHUt,433
Fe9wZ3bJ7vptpHHBycxcwFboBac1aeJ67ecCHUmvVioJ,2351
HSJVPEpM4x9JLZPRKvHzmFom8eXUVbqusQQdweQGPM2f,2365
8XN6EEJaa88xjfihVPqqEsYixaF3742e1KkypNqFaun,2394
8XBvgFrhQvhUVuzsBnLvULQHG1YsgoqHvuhsuop3msc6,2389
CdVYLFXiUvGcGgnA9fa1rJbtykhnzedwETYQybv5JunP,2375
44k3q5YT6gijFbhVWTny87TGewFdC8gg6gXtKckY885d,2433
4J7iyHgPCk7tdMJmBQny3Fpsmj6pigm5Gj5zKTWZ3e5n,2433
673gc5cpwxqmf9LPop6QhUvHAghdA7PtCKr9KKjc1YFD,2430
98HAS2SKxmYt3HmQH2JHHJ7zdTejjyuQ8CwCUVQKL1ee,2389
2bL4UCjjoSzxjkZee9dTiBACwfpSsPc4Y6qSB9hUCXB5,2354
ASrHmjpsGugTwNX7dJ5FV2KDE3WhS78tZHkkaUNr5CFy,2404
BTyDvBCqoZE5tL4frGcW6ATHHZ5rRoyDya3R45mRVFnu,2407
J1STdcZZJNYRs2wtNwQFMXvEk1w1idnJ4ZrKZCweGZgX,2380
77YqHafymLCADicH67t8wWL8pM3iVSBomsZXjMbviSrr,2385
8mXKCaDCkY4cux5BJTKqYndvCW5fyy4uRR7c9BYyTcXj,2395
DLXzEk68nKGttwhyK37bGfXXmrVcUkRySNvz4jmcob53,2408
C7UcYVdwG2J8nw4YZLXStGi29ajWqQiU3rWTa9f2zVHp,2381
GVTHKTWhMyVCrs6bKrWBPyFnsMs4VYEGWR1pKTuANsSf,2360
4q6GQo5W4N3JHiqVdrA7jUwT2R4PHCQqbfBPKD4S8agW,2343
GMxpT1eJeZBGpBCs8vuR9XAhZx262UHGn5Ks5ftTACkM,2395
7TTvQvLhG6DECGZdFSpYiFV4ZkcLJqvsGxpqzFgyZj1G,2384
ot1RU4g1FYX6icMUjrErF4cZZDpB7EyaHvrFNY1s2qE,2380
A4G3yAmT4NzeKnKeJfS526wiRUCr3CZxivCBvekRC726,2345
3om2cNcUVzV6DqLjxNJrigWdCF5Dt1UuMGdFKLhXo433,2338
Bf71qgDWnksrXtMmtKjCbMVGcFKWZSdDdVXWPSstWyjf,2343
9rqDKoWQDjtLbHRKGfXEnEAdFKWfahPEvWN1rzP7UFn3,2396
BTFd7tdg1DUyPspWL8qzEUL1zo1vSpJmdZ2vFpB3z3iA,2420
C4yXRnwJCPEvm9gqQvKN2duRNppuhdaRfSFFh3AsGutK,2383
GZTd5BpybD2pVfAzvddXPwBBT48mtYNL3FhRcYwkM9KF,2406
2WkRWJiRNWncPiTvpMh6p7o8EjDuRFmru5GzfSnPoJFh,2386
7qbvWRcDwqFWxDFXjAA52P9X6Xp3o8fv7kYA3RfgAfU3,2351
FrvSETe7YA5rvz9ca6KE9vTbbWtBL4GNSRbF1bBotN5N,2386
BpGG6eZq51g1akk4CLPBWpSZLN1zj3Uw5ZDYCAgudczn,2376
5T6JxF8g4KwydFG9TgZB2zPiPZ1BVDJ1cKVf8XugJZp8,2374
FDrcFkJmKGvssymiT7BKRaAhKpF1hjfK3Q64X2NHAfcQ,2390
F5SDasHpdtcnMjS9uPB7wBEgiSeAsnQBVdGBpygWpRHX,2408
XEtzjMVAnLADPkF9yF2mLD9DqsxpmyBq2tmSPvBe24m,2353
DndR8UjTPMrZhix4Vbo8d4HDi54bNWpgRLcbpVmEaNhS,2397
ALocUVeLV9xueueXuAvBVVRs19JFmAoKoZa5mhD6YAgM,2385
88pXDjvrdsAzfpFJJdgN4CLAx9czg6PVpb9iPZAETZdk,2369
GBcoVxMr2tUMesHCkCep3Yc7djUCyrhU9vvimZ7xa3VT,2357
BV1AsXS6ioMtt5gNSSKBRy9M12owe6zPBBYmwcLNNEk8,2396
36bUpSnL4e7AwGaDmRk8GwcdigdZzzGhwd7rYsk7gUwG,2459
FCB72x4eEVnTAAw9SgSsJZ31qiutXntktyx6spcHWcoQ,2420
7amyJsCbbW6XXKiRFfRin66Q3Tm7xQ8fEgUpfKKzk6az,2385
GSzfayfri3ZCdRzGRL9MGiDMHEaRBAALpGFYQhEKdCSu,2409
9df73JruC8PnB5QnQkwWeQL3TeSCDHYqwFJhKMFDSNJ9,2376
FugbwJkGSyhZGzdsPvksRixhqcMcBuBDUgDXA4akRRBJ,2355
FbomJw1Epdy8Mv2wGTwhZAdcFx5W8jPCNMf3KSthdNPz,2387
3cim3LccTcSDvNgohZQfJhuuLb2z2VPzFWWHcXMGdUkL,2382
6rKEDi3Xi95vQyvqbbneGsEsKMg34tpTazNVugsPc7k3,2349
FqdNzHmdBCFWaRKZoLCnbtcH9HdSiqjV9b52LbHNcSmb,2341
GdmkcuBRCfxSoTSA5HiH8tLGGLL1j7eiJGcziSgYxs92,2415
2ebUFdErmfiAn6eLc3wMSWWuTzpbuWjADqgogD9N1qBg,2378
5rfpbCZczfuoqViyMLEmL5XEWvzQtT6NvAwdvJYHYruo,2379
3hBuBk3Gt3zQQWmmUiGQgP68mpKXPmwSMg6LJYgvJPbr,2405
8ynzSdBMQU2WteyxNhCcLxPSf74ZQi1LiLVtFiY3jTwo,2343
