tx_hash,latency(ms)
xA42cMsU45jbqZKXseNAGYwfG9HZVfX6ZQQQ1Emzd2w,5345
Fw3EKz8Uc7N8cjpbh3EYto9VKgS8tZrWHx6eShcAAZMT,5346
2x8umn6qcmjAJsYT5FUKGUEmAddAjqkAh1fW2VnNTfuA,5335
7C36LWTfEPgrTduMt7WiSFkqwuX4D4xJkrWdBTq3khm1,5349
9REG6AbMGhHsN76WvXUNYgiuE7rXDfoC1f3mEJMv5JWp,5350
GMVQUizfPE35o6geY7CByLsJvqgVoWn7ajqbwJaz2wCj,5353
3sZTjG8xAKPwugZ423hj4Nka9V44Dr1XFPWSZkgNDUQE,5247
4fCv8dEe5UMdatMQ9iiFhdvdJbovcjxPyMhc3EUsetr1,5357
3qqs99QuwtnYJFRcbYe2PAbfuZyxikZSxjqnpjqW7kG5,5345
BNDxecsUECWKFwrCckWfoWYQ9tWQbVF69hWBsmEtSzB1,5349
GxvDPqpCYdoVqPgPB3pXavRyo8BriS6MMECjafFi83xg,5359
GjCFzst3icYs5NUCi5uMr7hxmHSE6YTaWcFeWAFHEXPw,5359
6viCMFDhRiEojoKLYnzyP3M3NvyhnqbUtAXNEQGGNMY7,5344
ncXuWqTQtBJUfSoAuwo6NwMKbW83zi1EF9nz5o9Eyuq,5359
B4i8Hcrq6EsKJ5KsAogfvxcS2hhhuj6cABJchLN6GYm,5350
HCkjhqWjiUiQDYprk4RFQr3DavKbwRgg887Z3Y8QJ2Nv,5368
73E1ZiQJqHMb2Jrtp81NvsGL8HBhG49cse9ys8f3MoMa,5363
46W2tUqY2qAHk4k15BaRv3SsQXLuw9fS4getXSBZxnU5,5354
5bZTis9wsrRFf3TBBCCQ25FGBrzNsehB3mECvXan6eSV,5369
7diHTEjdPGaiC9dyTHBYjv8LfGPQtjka8JjBxg6bQpma,5363
GxTUbQD8uzygikqpfYNXTyocKabHcrarxnw3VpkbiFo7,5359
FEFuXMaZUCeBLPLxdA99WqXEwq7g8s8Lxfo6sseamfem,5369
JDN4Fz2Wn3KZhLb9Zry8VZLS2LCTSerxu6LtHoamAy4D,5369
5mU5m3kAtC2L7EUamoHtyJrQdWoWEhEmUhJmZLsRMTVL,5364
BnY4qxXJnEhXvRjRiDmeBWTxxJobiqarYWgoUWr1ZXnS,5358
AHj8nvHfMNpGkQAqR7vZ8LZseSK666UZBoEe8iKfrzVN,5370
2wZyyUm1RDtigJeqsPuPJSA9dPL4djqyy6FNR4oyB9M5,5360
5f6vxCWNzwxjpYDGoNajQEKKiA3779FWNyZgiuwSPBY3,5370
DAXvf3zmbTvRbhZoSpeyLnErtW1dBwkiFe5nqjdUmbHz,5361
77KznRaLnYZXbzb5SSKCVXij3b2nhuPwEjLmCPKiR4Ly,5365
B8zPEuDpa8diK1vyiTRHnkp11aAYYQgCnkWVuFRHuA9R,5361
BRQVe5M7sRBZqCovyphNtKDFmUFfFyJTtUh7DFkKdvNP,5372
CULUpaSKi4gnMwmTJ57wkgLZbRD4JTpRGAQMoPgo66RL,5268
EELG95oTpMko3QUdjnV41bfHZ4wf7ZeYeyQBKVDUo2Si,5373
28An7eEPcgqv7ZWwgzvMkiPm9ZXHsvAyzP82MPbj6Fqp,5369
ETabZxmcUEeLyGRXPYm4UP8GKgX8shNhvih8hSyAWZ8X,5270
GjYBP1hwcGiF6etRVJqtbTvopW9K2sTBFf6NN5LNb5Ag,5366
AdRX92X8YqDvVdvhhSKRR8e2wSC4QdDes2vCZmmydsbD,5369
4QwH5ebLX2GymaruEbGW6aCFGgoi9QpF1za88kya97vh,5379
RvfggX1u3QQZtrW7JXJe7J25cg3APEHpm64XJ89Chvv,5375
EDznVofYNnW9YpKGWUqfZpbwoApxEXkkk58iD7ZvocMM,5380
CExZ78Z1BSvjhyuSETShkVkuh4NvFzECtRRzgXBofEgQ,5279
GHbmEywfZXzm28FjWvmzLsynAkvj7w8EcFWkur28xwQ9,5380
FCTDtDv4U7GZdAN2pMa4B4gsE885j98p9RRnygiVXPfa,5263
7uBCtP3HqQJQ1xfQQwsdCa3aKkAKAyQQmxqV2PeWensH,5279
FRyYFCAt2pmjMaJo3hV7pmQSDngKhnxnCnFVYtsdbVpj,5385
EjKzLLApnADTgMiaw1Ad97jBpR3Cq15jpk9twm2TcJc1,5381
T4f7PXEmG95YNCJseyborCsJD8fgtXksUBydA8jWwAC,5381
A1JAv6eG3ztKFM3mQJ2umyxZgEKGCcByiwB4mo6pEnKe,5382
DoSdHpcJpPHuUqpoGxjJ2Zt8cz7zijgrtSoRbYSPKGSB,5282
FTwEpB3eancPXkdk4gLKzjLmBSZnKZ493Q6fUTdevsFc,5382
2NzsDKWEcnfppTM1hQashLymkfZMTWvH7gr61ugpyXro,5387
FYjkTXb9J2PJz3qqafkawZnRs9aYdmo1oWkBCWBneuoo,5373
BkTLKNoWjCsL7a99iA7ay8pFCyFw92xJYUrGXu6bHMZA,5387
6zV7kf6FRRPeg1esWEJBmgbtcgDBG6i8gkqpkG5x8mk9,5372
5gFxAiJiCKhuhfjJa2bKMGtZsm9hY5gMmH5cT6ngMtM5,5279
HizAc8NnV3swf2wQMKP3a43eCU1h9sF4mdhrHLXS5eq1,5284
DpJTdFFF3zWwRCmCwsLHAQBXGJiRCWEajTnMTLKZWdgt,5279
8bEmoCEZLj6r19FXwhvKej1L9A2tF4aDp72SxndGMCCa,5279
Fi3MUPjc8UH4NBk1HBdKGxLj215GWoH3XfdZzbX6ZaV,5282
8vKdKF3dsr3bYKsYA2iwwGGuMgmMQyEkoq5JryVKvJ7L,5266
Fy1XbXkyLW249TTvhhyJPG2RH71L4B5kjVZwiSNbTYSk,5378
2Mciq61K75dU6L9VHoweJrPNf3Y95aMPLEryfbFXmd6p,5387
7NKhVJbyuU9gQCrKFTikzepEKJmHmBDQg7MatJeFWu1e,5387
187w9arknZ7KXUhxdYF7cbnQkZZw4BiWWZyx9SFoyW1,5285
F2h4ng6XvNGJq2wSJfYmnaEr6FesCNeG3ZGPhsq96Pmf,5382
CxiyvuiUn3r4QMVCZzKv35w3MkVADK9cZjdXVP4g1uqH,5265
5UHpLDBnxkBFBmstALfwBj4btK3XVB13NN1ySogtsEmS,5285
9SkuRNVmwLZzsSsUxvga3TsK3eGbA6v5a32Nyw1ktAAC,5383
gksMLDTTqqvfV1FSqjGhBC7UL5HX9F2kqnyQ7stYZAF,5281
FMTxex5DLW1H6iEPFNAw9Rc7kwZPHDHMjkjzmRzZVrev,5283
FLvUDEPMRRsb7FLiXybQt4WWzP8FneBDB5BYJwDJwbP8,5376
5hYJmARH8dd1RoK8kCZPCbtMGxS1Jepiy2Hp55GWGEZS,5388
6EiXdfxAJ1eaPe8mWobF97tMVn6tDHfkWZ6VDgphJbp9,5281
3P257Gc4eNgadk2ujSvDBLXPpJaM4q2vCRMe7d4FE9pp,5283
588KAnMmrt5XQSZhyyVSf6sARMQFb2cEKZTneSnZK82w,5269
C3aErERnY9aM228KaoizrwCe69FEFb1grGErWMeZfnuM,5377
4Dhtn3L1HjFF4VbU5s698ssBGmfdAYHdTzSSaVNKi5xz,5397
AgisYYsqVxajoF8ALkfWYAWG19iEjcENVsQQYY6hBUG2,5294
5ZgDHQ3Jhoo11WuPkZZahbTEDqQVJzFXT2R8nW29Jkka,5291
2SBuTACAZ3feS52UFHevu41ksv1ZYXXhwsb34N6n8y3m,5383
ACuZ9iR2uRVx5dBw7MYgZQifxm6GUw5YY9EGqHaJZeib,5396
6QZfiteYBFzY3a5Zk8hMgtC2sTT9cxFKzLinziDUyAH4,5292
AsLmz1fye1GDDdWQBPEj2WgfBmPZUTwCCUEBPwEH9h51,5271
HJkjxf6RdA49eoGczVUNiAFD17TbizCL35BrSTept5ow,5296
3eDq5EaNS2YhzmyGCBosRV24JeeeMFWmJrXou7at8hjJ,5383
24vZH9JdWkJ2nyVYAXb7RMoJTowHuqncYKry7oPNJL3Z,5297
CuA5BfNjXs2jZtKZTamVbRXpb25cSFW469kadze8C8MK,5272
5xvBMrD8M45BH7NSED8tWGE1ZxspicjFyGXdSHUNH1HY,5394
By1QG2oNzkJgGV924LYbDwdGjgXC5wXVwtv6F6puiQ6j,5399
HzYbjUJjEEUrintuRHvVVuJhaWNZLCJniLGWxKQi24vm,5297
9woE3anBCH4xLT6PppsSmLhkGWxHr7Y87geJmkawfHLQ,5390
HHNBDCyUq53nTF9rmvVVBYTuWQBitc7EokU8nSMMawDh,5297
EPDSuNMjyDpJzq8gSM1pzDtYwJ9QSvxamdgToDnaoWvt,5304
5TMokbWVcyyfTjucuYMNS4WreQtpeNxrAgeVTcZfyvHY,5406
EFDNEZoYkuCx96weSeAAWfTx8NnyqmUqtTCHvryPHE4m,5300
3z1Gnv7beGYcm7koXeXHq3aCaRWSgxoD8xLxRkUzitdQ,5304
43DhTL5meqtM8uKqyQKzKLubq3amWqjrms943sGTnpYG,5407
733h3U3WGuDsX7EATEsRnKLehKpN7S9QCucBT6FK3ksT,5407
9yHSZhCbxvFd2NRYk1LhBBTo5Nko828JVgsJa3YAmz6t,5396
Xkdg3eRmf6NcM2LanVbGc6MKnGCDdDkqKSEF5JBu4L4,5306
CSVRW1FTuBUE7oZLK1cGhu8ASPmmbA7h9nvhJFi3rkKA,5394
DE2vabMC64hjAxicDFf34js2M6JFfxQydJYKgmP4V8cC,5396
F4LWU9LyqwvKroraQ3AUj8sqHTPxX3GM5dJMTRZs5LBL,5305
9PbiciHv3eFMTiwtVFqGKdQDYhN2mzBD5aWrxyGMa26y,5302
7AzUAGWc8tnam3YZqq37sYbC5AWtR6hjncxk5hSiUUcr,5304
AWHocYvXZcLq4z2sWGURChYHJC8xkrHj13JA9NfGJTwD,5280
GV3GsweWX9KwZRwJ2iDmDnG8toMpRZh9DkTvPmicZuEJ,5307
BF6VQb79nDgCzbZXqzaSW4nY8XRQbKKmJaLrEHM5sVgf,5313
Df56SyxhFXXcMdRiYE845yoJuYLMYZmyrvXK8fCf8zPJ,5416
3FJ1pZXHN7iBQBnHJDrjMpYLX4WDeXcRJnHda9P4ien9,5311
5QPWvVMjTq8cMQMoJaxMASigfJxUTrRbpcn9ctffBbTZ,5311
7CVLZpVLBxTwKWkyjMA3Ad9K1ga5vV1Y6fwQFjApRkGn,5404
Cgk8iGWSNw77CknXcJGSfMTMR7YtF9jF22X6s3Ek3dn,5419
421hoYPRgYWg8WxGAtvjXLC9ViMy5cJZP6HcZy1GZonR,5415
9KRCV1aiCjeLYckPex6bbT9w5G4ijqhpiHCpaa3qHK1j,5418
GkFu1GyvLGZ7wZhRDXn5EiHEaUDiCwJNikkjw1NDyK47,5422
3Z9L69XQGiSXnm7yjyzdpfKCnztiVUXc8L5HFKFE62E1,5318
Fq1KjySUZ79uJWZB1R1QYoxxdzUUr8heW1FNZ8nSLTiA,5320
FEX3kCFK93uZz9ykGZvStYq6stWpGGbUodbbVkBePcV3,5419
dSjcgncbyCuXYJrPFt3oKrnhsZk2nZAFUWFNBvBH8vA,5410
7vp3kMz3VNpqc3zEowUHNYss7Qk35AbyF66ge4ohS3qL,5409
Dz5Gk216rmeuvAXFtiJjddbqoFcvCwj4dRnbyxZHUwZB,5321
ENvoxkJP91ZbwMnfUS3FxevjHsyeZvJUWQRbu9383126,5326
Dd5gt4rMzWpuzighbDXJyNdRrDD6vHMaR2gXLUtug5bd,5418
GCbkSjVJbJgFzKQsndWVcQd3Hoyvrd9efEwnw3edMyX2,5416
AYDebzsG2QYvuWHo4izdiUB1gaaQKVQx7NeGUcGyCG5H,5325
4xFed7R98YFFFpwmtKixNwUMvX8aqfa9yE5Ep3m1RWF8,5428
6hJTN85HkA6WmAfxvo67eievme21GRNpeJrWmiuYXtG6,5322
Gbg8mLjHjwxzQaCiq8X4k9FvHUhWjCMSza23WDEnZC8W,5428
FvcnB4ghuJsAeyk39kcnaZTAM2YFTG3XBkkSbP8oPTtJ,5321
BSrxLt7YhYeKWRmJFiQWSCSShCFmwZWuTFS6V9PPYLoZ,5307
HpjknMyrYLedYqF81iJykwmvYdJWLjNGtKdd53kruNEp,5429
4RwNZcBS9NEGaP1p8vEyfz8MjG4QqGGJVfHaDbW9TTJj,5429
2WLLFrUSHnmFHvfdxYEhkQ579Q2US3jCZt3E77kbwQWP,5325
8WZf8Zm6LWpfWdaeW7tySi4d68jqvKVXtkZhQyRWyiwx,5313
9Wx26s5n66wpLSfMi3sBrieUE7RrJeyPU3SA6Y9BwfBq,5439
3kSNbYmzYEBshxyHzsjZmstQviRnKX5VPekYDfxKvPBF,5439
A7ASi2VdqPYA1ZaVwxfFcz66xLmGCTcue7Dgo1pneMHU,5337
2BsBkxLjxWsTDpftUgq6XNoNg7UMC6uGP9z2FSqAdJg1,5424
AT8sZWDdT5paGM873eVLU1vsKNhbouTMzPDVQ4dxGPLu,5311
Rb4KAR27MATSCaN6oHU9jnHZdyLNsbrdgxUHQJoE4ZB,5337
HBv9eH7CNXWChknNku3deddEMhmetyYk3ULcmvCYvMmm,5429
F4Ptvs1S6aZM8JAfvy6c9ry8HongaF1YCCKDVktCGKV1,5337
HBqcWmq9RnkJUzo3sSTyKruiJELPVkf1gEahR5oJD3qh,5333
GmDRzMASXJRbTVJ8DL4f4CV1xBAWgt3FYU8TSmfNNTLj,5320
8vYzufbW1PmgH9ZMRXgE7F5VpZkaW4gqou1Tridsdp6o,5333
F4THX5ZboNrqDaLaZ8gkr3UgFYAdYbLcMom8nFeMBkQa,5320
7Xps9ps51h7Mkwpjg8GzsinLnyxJbvV9CaocJVNgk8j1,5337
Aec2HbJhcyqmSb7JZMaZ3xkgJbAbYioHUNYutFEwMr3L,5442
Acq1eKgNNGa6b7TJJ22A45AT9midWNb5Y2te42KPbKEj,5429
CnhaeQDPQ7jxGhSf8E2n1yy1wNaxjTHV3Av4kN56NCeU,5443
95anDhJCa6b2RTNykt1x2jEX9yb16TZdUM5WyjRCvM1a,5326
Drqd3x5mkqwgZsFG3WaX5ToyAuqNoYpQBQLxpzzadMvi,5435
FkixGzSg74mp2nt436xU1yWUE5DaFnYdLR8NTFLXU24m,5449
FU74YHpBFkTEZuRuBqWGiPPnSCqjcJgHUWCWvhH52Mb3,5454
5pcojiVW34DdRHLZh6n3MLDd3vv9GRUY5WANLvypqhBv,5455
5VxWLECdXzWjoR9hoBxFjSwE7dVuMQmxt5y5XQDGNHSe,5347
BLkWjx9eKcpSmXHu2eEtwpz7U1wc3NZB8XutYmWaDhD5,5350
5kosapwcTQcBVRZReXteQSSvpPZcDx1ZrRFFU3xnsLt9,5450
9VKAGmABjeapNH8TUjZ6skpzFn3Bs68P5jLk3vwhUsFc,5349
YZvUcWVAsvFrSUaQCqv4UFw3gn5tWaneDv22qrTtUjf,5455
DXqKDGRvxW6pBpuUYr7Zg3q2hYa7PEuykxQby5TibqXM,5445
8CfoSLt31B9L9MXBZXvf7wWLgkvgiZc8vREjdoa6ejYT,5453
GiYiBXmwSqjmfs9NdJwgwvFcNnpBTXTcDvqZUd3n7ueH,5354
3kai3iDuQukF7JHAuVfjWa4oFmr2Mrz8YXrDMb6yHM9w,5445
4ZaRv9UB7KykGeg25NMfyVRvZCt1AEmAH4VWus4sLEvP,5332
FvQtYw44GS55KzeN3oLoouGDVgFXaNFqEwjoVdFYE1Jh,5459
GWA1e24q34Qx8ngmPKGkrhAYKAM4ASjBoSnCtHDh58sz,5352
8AVbaGKVLNk2US2vbBCWQPCfau8SsRognbdpvYXFci3b,5449
uzLfz5zXeoAjj7V895Ev6e329F722RRXQD9zyHvCK1Z,5457
t5ezbZQXkaCEEUnWEE2beLHc7WFJ2uFmFkV3Ho5wHtw,5461
5wt73WqezksPgSE86mJFsW1erfcEdK1gHxLLrgef4LPH,5465
Br59BZS2RRdUbvWRRfxgyCaSNaTTwdAYtDx46JSgz8Uu,5338
DiZPNiWKgxqWZ6JoFvydqTFvk6gLrMRBuScNqxBZLzYf,5360
5YUChcWDLZR7EhZfCUcSmXVQ8QFmB4tJP9w1TnDTpQNC,5453
DYbJRVHX45VdPXSSiyT6b8Jk6tmnyxZ8msf1mDf5DLEz,5358
AhDo2TThakSeNwKPvHs7WkZsdJYS4uzF51tpq7aTrSTF,5465
7yCF2vKBufrMboH9XtHnXVUJuTvGN6614SbqCzYVBXyG,5455
8358ywrFP3GVGWwMUVGc8QsM1h4SsHGSGCeS2EMwvZk6,5455
FHGWpciBTbzJz32Msgu18o13YGoMArNGHLt2hJCCjg4c,5455
E1L3G4hLXmMPG8UkR96n6MARhngsnJoFPrFKLXLtcs7o,5455
HMjsPmhvT4ktqP9tP6eq9nMrTdvR1CfA93P4rUF332kA,5462
2YfvA345cSFmZLmpk46qm9pP471LcwphQTPyBAESNuTp,5458
Fviz9Y99vCJpXSh4c5B4zJpoMiTX1ehQkqPj7ZJSJYjQ,5370
8PubMhAgjxMukKqTKcfiaA8sFa5xCtBeALwZ7innPyqT,5370
FuTG7FD7u9FZPnnsCqCzjtke3Fc9fVb36DRuvncZxCM5,5469
AkqbMWLgD5ecPnQg4t5Fjy5ZJhQogfXTVYdRxE42cdRp,5475
GnftFwrBJ6yrNXQGcuVHg8q9BA6kCGU4QrNwNzEiSXaS,5374
ESdu99zdzisMJYmTs7VgV5yQGxS48MZ4Ge9n4fjabt83,5373
7kLs3b2kzWV6qC7k859n5AQVjxdJTov7zrZkCrfxeas4,5468
FbhBwieBS8sHaCZ8AdF978HuQ3mUye7VNQgHBZd5dN8T,5469
123QETkCmMA7kszYKmb2jUdJN7QwWJNTfn1NFoUUDMEn,5376
7QTjMWRHbstkSyGu9HjLhn53wyHviUCYPHCKhSEMXQyo,5378
BUKVsFozwN8Q66oBBaJCvpcKgbXxyUyKhHZchWQ1DUXa,5466
CXQfLmg6gtrb2rYo4T7DuZEfzVpYPeQYXZgEHDTwDSG1,5479
3ApmFa4jjVeZuQyVEEV7555KFqBgcdL1QATjbrXaRN4D,5469
CVRaiouHYfTiYZsvmc7SYUhLciVfVm3Vqgh8JoDrMBcu,5478
CtJA7mHk3M7mX8EzceUbDbtSTKNZnaQzs7qHpFWsyrrw,5474
EgfZ2iryogVVs68tiVAMA4eUnUMEuU9fFmH7ZGc6VQG3,5475
4fWkR2A9ekoByhR5JpLFrJ85HJGMDGzLM1stDyWPLkGZ,5470
ZrRC2CGZDJH9CWTbAKr1mcL9zuChsajR1j8NdKDXvDa,5378
DoiPJS8oAWK4UxRdYM7NpsN1pv4LKvmGRdrHvjnJdrLJ,5480
GpDJ3Fau7ZRi2XU9T78ntbVNko1Sj9wWJyx4QnxCpFK6,5481
HppmpDNwh22Dx56ZhXacfHDHB6R5jjBkFW3DSgJFdWpf,5383
D5oeh8RsZAwisxiAY3iMWuykL5yFGdw2B17vxcw99Jx7,5479
JR6n4RY2rCvm5h7ndtsteWsYPobVTHhnmGamtRXvrzv,5386
tK21qMgFgBgLXjbxd22WMXqriYPfMUTktdX5UTQ939d,5368
6o4ZDHEtL4yCv5EswjFJAMSBFMfmcRr8FNkoiDGYSBVo,5383
G8wuPsU2JxiTRDfB3QiDCawG9pN6rR3YQ7bS23SeGcvs,5475
FsmcMtYcRrHajyBrqD1jqATNwMNgMJKy6hdcBfvQcVMU,5475
5i5smQEwPpD9714kwHacyEKvs9NyFPfWLcjNGDL2qsYb,5492
8pt53J3gJz6oXTWWxgjP4dFyZ2WQeNH2HWDzroXzn82o,5495
45fhouxHCV7BN8L26L7acyeB17yfQBBq3ZjJoES6MzBw,5495
EdEYQAh8NasjuPywWbV4nzj4sVf5YVKPTZETEXrokN7S,5373
7wPiMxSeM9CRW8zYQfDAfNKXEcChPeETLNMHLXyQSkGG,5491
41jf4Fec5NFd3u3E6MerFbQLhUWgy3dFDb2XRQPAnLMe,5487
69T589rB4v5SWzQLhJXBuXYyQvWS3gyaxkJyUNMSwzL,5486
6sfTYMKykF4LNgXNBtvJwbah48ExFfj8H41fb2cBWoio,5497
9MW5zv7EiJtyimuRUz8fmdZprgZB2kxU1T7ygwQ3vsi2,5491
FCTBTUNdBzfXNAT28yGnyBDmm7fzf8A7xsuMocySB3PG,5492
2koTDuHKfGFPdkC9RM9grFgAsNoMZayALmhYvsJdn2d9,5498
ALyGbfikHH3gApS3CfKYcUmKSjeVRmmJ8DeZpMcAp5hC,5500
39vxYYM3yQMcc9gsF9th9BThTokieCj7QDA7bpVXk6P1,5504
E1XXhmMSjrjSrjJkC4qQxKxegq9ts7rDe3izY8PFqcUF,5494
7poxDg1nWpPQQrCLwcazdsdNKfR1ZFiyGTLsRhzvEsEz,5381
AcVccsxxfj4GgyrVWEAa4w9msNXVK8mqMmst6zeyeyQK,5500
CA7bpcaTwE11oZxduwGt6s3B2mceXuHfabWj9RfSJXjm,5498
3XCT4BXp6GE5qKWgpuWAVpdGBKcAwJ2sV9Nd8bybCRvD,5502
HqanvnoYdbGxvnq5LJ7B9Gd37E1zoNshVV4nT4WiVH4A,5495
rK8TbMSU7nxXdGqaWziHLsGTC5PqMBc83VA9bDtF6Us,5497
HF7sCAomV2o3SxZVX9MZZb1TF9BJcFHVxvo4nEo2pub5,5495
2nJhJBVbwLkaozQSGZ5JxcgyEuBKDVL88T614PPtgqFo,5504
6riBwchcpYbV39q8X42EPfrLxy2Xn1EvUmjNGVcBwTwa,5499
JCPjvU5aZn7h34dV3tYAgo85eLpFjt1XV9LJMr533C5U,5384
ERRwpziRubbPmrajzM7k3izZDbU14DsyfxfXQkeNdUgb,5501
9Lq7VLCbRTNT87wUML9C1jTosWe6bhpY1mFB6DpGbdgT,5405
89hQpgbL3zqxK3FfKxJDATcyoZoSbUkkr8j7LPHZw3WC,5497
24GnqG927MpvYi3cBG5LYanfKBeix13aLFCaFnPTSCHv,5496
DVuNd6dd4bVPV6VZNXhAqySWJHjmUjwdVrHwjnvxkywc,5500
F4GPj13jWzRLV1gizMU8atxa3Bcc3tJ2jVw38uJJ2yNi,5507
9f62pgAg4KxuVm27QzvXSHfQ2FTfcmjyAU7i6xTCKfpk,5507
2C1PwfLcpfJSqwnwB1aynee5KnUcipDg9fetoKWFtZWp,5514
41ayJ9Ley5qWC6pCXE5yemg6hfThmHgyTrrZPHxQCTov,5514
2HVFtXuAehUeCwJ6VrpWuMNPw8eAbB4z5buN2Sin71hG,5505
D9ycrsqFXJQUdAMAZY7CdY516ztzZtCa2onH9m7tQYuL,5509
Fbh6GyGUtndcnGUELf2tfSzED3FVPg2uacD2HgV7UHyA,5510
CH85hA8hzREuABWd9cGm6nBtefhMgobgCmc8vNM37hoj,5510
33PKoBok7fCpBsgYJJKsszDpkUAtkAu9M8S84TQgHfUD,5506
AfxwfTLDdHhCsZwjdNBXS2sLHxvLksLJFfEy3MosQH89,5519
EpEJeNxTs6iSPAxwkkBXDfWBtijPRsfoxp7HnaYUg5Tf,5519
EoKBGSNBDKUt1HMgzsKTtWT7K6G4Hn7vcQPz8T3NqGcN,5524
GTrRp5tHb7jpWjaofeSWqj5aVGD1JYwuYLM2qMtnF21v,5421
Ha12Dj64x8TBVAbsWQv12odUzyuTf9frpWQBZdVWsgiE,5519
y74bHHDngZ8gepm8i76i2V4EYtfNFhMY2yQxWizCxnE,5417
JA6PZ5dYesZ9g4dvndS1vMejcpBcArJHJa4beLGcMMar,5421
Dbn17b7SWUN8g9mxjPPmXvgxpWUGd47mzJcAXf9hXTwA,5519
DNNnecpgqfgQsfpySAh35M9orxAHhBYqPkEhVBGNno4,5515
4MmDiD6SC7vnxxNLasETFfn5kGRttP7SmtDNzaCcLVcT,5423
FKKiad8Q4rgR8fZzPhq1YCTU74akQZjTXMxaJsvbHsbF,5413
DhK7S3m2GrPyR1ir276k7fAvrCpXzts4x8bPpettnoGR,5517
3GtRGhkztx3bqVYen5YcFz4e7MtXFSBbpMuihVYnppym,5515
HRdQ7PtawYREZr4vZajwK9X2KQ2nKzZPm2X6NUKecgkf,5432
5aNGP6XfJcWByukecsk6y8iBNPhiip6f7uajbrapBFoc,5529
5QusgFDKJV7R7SbYx5qEWjZta9dQ2qKbJzCgREbGN8t5,5535
AbCL39KQWytELoLQLEdKU61h1ffWNvhV7M42bASknFwn,5432
DrLvpPSPerd6uPDNQySLwLah3bwJ7At4MKL9tZqii6C8,5413
Aw4XbNreHtyBHepBYQJAth6LYhGfkiJxSgRVjyHr6z7X,5429
8ta5ht7gieK57wKzQXLMDPYhPwL4txk96hydsn7c2HpY,5429
Ez27egcBwhWkavaGnRE9XRkCb2YHyBePUHFvr1hrSXZV,5529
4bUZKFTGmhb4bE67mVaMDu3ppGK3xTgXZKt3zXBwqW4C,5530
9YbCZuwRxhfQiyJW4sjjQbC7J5A2RNJYBBa398QMhrQT,5530
8oeSBwVPoLcy5Q4BDBPvpTaisyAdnrkF2b2D8pGHxGEj,5531
6NX2Z7e7aiUqTpBWL5PjBdBwgTRdmN26PyThU2NEidFN,5521
HFW8FdwKQUHbCcEcbEGmtaUc2cfboGbUz9BGL68i42N8,5432
2J7LUoRE4yVa73yFfZxg1TNJbRcgEXVhHfbZTnzkDoZK,5526
9qzL1oERBreV655xFStwLJMU3LjwwfoLJGsPSxMhK2vk,5540
3XfKwGuVxNG3dMyQScensTYmd3VhCXGN1NkesWzMZx9N,5413
BaDayH6Fief4WhhEsgRjao7P4YK7fCtftoGMd6mMonU3,5536
6J2nR3hGZ1gMRagVk6U86pBvQ3dBAmAepz99iQQrkZAX,5530
GgqSoDQs8uuUS8ZnRSU4wbVjizL2KYPZtJBNNnUtygdu,5539
7B3T6H4JgmMsH5S7SgSBZ4XkHCcJEDP2PNQ8yp6DR1du,5438
9iwwjoiNZUFFZPAEHm54gujTWkTJewE8hDm9Reg7hzje,5547
7uRtfG81HduKexaTb576fX74K1aq26PSWTDeGyVvgcdt,5547
7YVyrjssHusJKutsHd4xLxhsvGWAGsyMaPmA6K3vNuTi,5546
8xKgzn3f2n8FUFQ2JosPGsXsddpA3RYffgAATW7PznSE,5421
8NeXBGN7tzTtTtaToNzkVkAKVXcwwQEk4q8FwoeNQrX9,5532
3y7sK5pwAJgpMrm9San2fkH4v581sHDJTqxUsCZt1Cw4,5534
HY5hYeAQ3WLcRRnMc7NVZJ2fGhX1iuw7h1vniZmjTL5s,5543
5KvKGsMYD2RsD26XnpCDN6ZHSgJHRrzkvX2pCLkEEbUU,5544
BwaUbQixZLCWBHNfwVrLWJ2NSNpaJoaezUqaJAdBnW8d,5444
BNoLRRNjAH5BecRqqojZZDXEfeRenkXvAXC1GUYPbKLN,5457
FYU1KN2VFrFC8NRHRnkRQmnNBxfn8vmUW5HVUwm3ebN4,5457
5siG8CYjjMkWZhxQ2VeGKdyLJy83eK7BhjrXGNh6oWrj,5454
3uVRztTtJib35EtXvViGCm7TTRpmQEekzNL8wqfsqT9j,5550
8TnKTMrUhLbm5TxLBpZj14wEutqwPatczvgbPHq4GuwG,5455
TJrZcGMaEFHsGfxBx7ZBphWLMCoMuN8kCgXjNd6LGy3,5546
DnmnTk2WEDb45RR1A3GskABNmPQSoNXawrQTmBTB8nyH,5569
GX9woyNqQhtpQCMq1BPZHS4hB5SAJcJ1xMerv3eMubsT,5461
8JT9zcxP7uW6M1LF45pgyVL6vgVySKavk9DNQUZV46SL,5565
DbEQmTeKQnLFyJyiJK8yCmuddurruoVug5z1NVpSrp9x,5448
8haZ5L2yNCpf2KfK6JFKCn9Uyuwr9QcK5CZpkwZVtP6T,5568
H6bKV9GtZUEc5dNmqupFfCWJ7FECur3zJByH9fMFvDgq,5569
DqRjPRtFMTFrawmv2cVj1PZHuBVTMCoB52d18oj2w6ZV,5461
9RdkDWjtQKSd1Lk625AdLWZG99a6r6izonEthrJYrmoH,5467
BAT5em2ZaCFSqLJxBRx1TBWCexrfb1KAGKcwuFAQQVuq,5463
EEHsvRdL65G93BQpzZiDQn5bVdC537pdEiY4DUZWXcFH,5461
6tbA4vnCjWtazg2VrLapqmSyrhgXYra3DSY3JcHpPqbj,5554
554uEmHixQChuA9pphUJ9mWL9Cm4GYQFRjstKppfdhJt,5564
BCV1hSQ4U4o8bB5iZRjg2WouC4eixYJCydyj2RtQ1yuJ,5569
Df4EvLp2H6fjUjT2C7jDigiUJ5PTZyxGYoxf4AgiQJXM,5467
FiDV9tCVqAqwVEXqxCuxDTMTovDkTGR4zC3fwysKfU3y,5467
9EopbXG5LDfhgRmUYt5wGVedcCQd7meADnWcAdQmuZjx,5569
7UP8j2VCoMB9VoqNMjNcgnQK7i2KcKAu8ygyZW2C3qBf,5556
8CvFHrVto6zpDkrqNj6w6zYQhnJ5vLFmiri7Ju2TFVBj,5465
D1YdjTvUoUYETpBqhoF9aYK3DM1mkshbMNDay9WjUP7,5558
3CKKj4eMWr7dQRqCX97EWcuKyTvD5Y1cqQBvt7tZtecR,5470
DPjoFhg1aRtJ6gEnhwgUaU2WWBEUghYRGw6BLxXdrFdi,5560
GRKX4xfmBmduN75tudBnRCNBeQZMWJDYyNQKmDFAoyu2,5562
Eh3MdZwbCHBoivxZ3UUeYdSxsna3AwAX8353ypdeTjEA,5579
6yHtV4j1VLyexU7osruebXtA4KiD8WJ4cXweDzW2eU1F,5478
EBEfa39n3KoKoCSjrkNYjNBzsNGhC4JG3KwkeC8GMnUc,5588
39y7dH2NmMFTA2i1q7RYyYgXyhZniDx5qQNbskvq6nHx,5475
9toYp99z61f7evN2Ur1QeayA9UkojVX4S6HcQMmg5MA6,5583
EFWUZNujqEeWnbbFU6dfztNgv15D5CmP5vPfdZ69bgTc,5583
8ZfBN54ctDTBpPFxZPKDU5AJECMnJpiWBQbmKDxVEVK7,5594
E3ZNf8eYdtojpES57dvW2PpZMkwyVUVCC2z6FDFSYDDU,5588
EAb54wvqpr3Hamv8LVa2xB7LZoVntF381E4M4bDbtjiR,5585
DXAVCD4XNaT5hMERLTbQDEztE76W5KBuEMBzDGqSb4Aq,5598
EUZRk4UmGU6YmGCrSHEkB3sV3DfzXuzvqUv5876GGnZh,5477
748uD8KdHatec9RgkNnNyUipGumkPC9HS3PK2X9e1Pwo,5472
BiGeruieNWM77MFq3f5X8QFZpamzp3mJNZtRb24QkifC,5478
GqSh1tuxFwMBmXs8PcxGphhShEa9iN2i9LF8ceeKMMZb,5490
8JEHXHj63voXVwquk7apXvDsZy3vR7q2C2je5LQFhAsq,5594
7bvYhBsnvGNcyvNVqqKTp2hxrWBaXKAKn5q67P7A9zUX,5598
HBjBkaD7k3BP7azmdQXto37aPJmgdhiZPBNH9QUxK9Uy,5599
CAK74VKuukTjTmvbLgVBtwV1HEvNJA8nHgyJxDP1BdqH,5585
Fy8WLirLQDaEwQkXqB4KUkmLAdtcoVXchZmXMjJRhCnG,5585
7FrAWc5sjR3dNkp9qRqoFJ5AtEwsh9xPh2Nf3AgBFL9i,5596
9JcpnbTiuPDjuAAU6VfL1ZcVGewT7yDbMppLKcWUXCNB,5507
7TBeocjFCVaMHbPvjiWXeSrMvAiHtrXqfocvJfriv4Rp,5611
76yEwae5WS4k9exZfd7rDpLNSJXG1C9b3MmjZQXviWbV,5616
FE8qw25NjQTmtrZKPXULucjLzyxC8uZcxy6QW1czEDa4,5612
8rcwstH3KLEzXaTv1xJ4y519WsR1xithDFw8rMycu1LW,5611
D1wauZYTMqcViaMhMATVd1wbtXpKdNT6LBLvR68sv9uU,5607
4CFJdo3tzungSkdRtPjQX94GM3z7aUWfD8anmSJk9Rxh,5612
Fv4UT3ZT2iDYaHR9GoDZTUap4fhs5htkD6ZjqTxAEtGH,5515
3beUYx8YiasVWLL9pmmcoMevPMT9daJvTTFBrGXoFq6d,5609
CZBRtPRVRgB5GGpX7z5E4xHi7cauz7SJLVPyvLLj4umq,5492
ACQgYdVTdzFtEjmLjU6nq1Ei2pg2pusAVcTPiXEvHBV9,5609
2DZZ8U9KX1GWVmFVMMz7vreuRtNncKmFTVP1ahWGfghK,5517
DS659HaWv9cFxaQbbjMwTDTeUwExTuuVRtbKzGGt1pHn,5609
B5CvYbwvwhZycsStFhQ95GfF66qCbitscoXQoJce32F5,5619
8NZivCQCxwtXCeCFi6zSk46AxyeFLNyexEyYzMqNJc1K,5609
5FAVSCumCMt5CucKWCcdC8yNFDMuvnw3RkiUedfg9JA7,5511
8cwQHQKTpxorGvS3oQ4rtoS9tqumoPEhNaUHdYG31psM,5614
5HbW9izSoGiTMveWZvPYZDmZEHZGngQ2bHDpneaomz4H,5515
7adG1L4BvxS48kALoFroamcws9D6JQXsZh7j3Fdq1SmE,5615
8tuc6znqeHj1kd3idkkBLdqFGEi2TTAgC55kpNxJ3nej,5611
9V5Z2fWUjKTckc2G1ks1rxHFeeHndYLtDpsQMmd8hXjK,5619
GVTnkwAx6vibBKKHfqQXFkQKyQ7QNPVJxEqcp5tK8wXs,5609
CKLuRipYkFF7hDEEefyD4mVzJTejTeYgLnCVGmH3Hex,5611
24LA1DomZtAnCVEBRdcYoMSJiYhwUqgxaLAqf3b6GMj1,5615
7vaAmdbfqrZZ5s3Z2pjsm76dUKqJ2nP3u1rsxyH8C85n,5513
BtkVPwUm8PSJrn3jSNFvARirGpTyxaK1iXbWHSjcPNHj,5609
4qdgnQyd9QDKNEcssAYGwqa3j1zRgqBFCz4qAKdQXLsr,5606
FiJ7Ca4WbVAJ9PtyvSCnWRjLeKWLpLKAnMHYwqYnpxDA,5615
5js8yEtRm5pwjvYaoTPZxZ7qHojFHTzQ1JgQ6dtZVpXH,5611
AkJB8HAMySphKfhR5UHA5u4vbaXx6Z84N9iesxsB6QA4,5616
Fm9yeULZqGws1xf99fy3q4cjzZKhhS1AM56LQtwiZdCP,5611
B4gVef3fBk2BD7gamezth5cgd43jAg2L7vmJR5BMVTq4,5616
H72mZRa3MEJ2VTakueZRkVQei5qHmSTZipbcSqTGsgcf,5616
7XpLFou5CX5xACjnWEmuQyYfKci5vmTDU5UJNTtijV7e,5516
D1qj48DWBdXv1ViHGVAAWvVhLxEwutWqoJq4xD3Gsz9N,5613
nx6WCuRHJvqsv8qxT94ePVSLN7N2QueifqGqALt9fXr,5522
6L9NuAxyu9wH3RFMUKFaUwQNgxWxyW3FbTdTxsiN7bbH,5526
C2h4HF7vKdjMDmid8AWoM8QcbvwK1mKkeekvnwHyUJ5D,5617
BFWntK8kxyHv2xT6KEhLHehnRHjknEQXP3SEp1D6YXyg,5627
D966tCCs39WFBqx3rn6HGe5DaVEDDi8wbU16VuSjREpc,5635
G8xQvsRhnZ2CifuWNEfGxiW6umPLiHdcndRFz6proyQX,5625
98ogEfqnwDcSemV1ZwpMW7T63efZcLPkm7ieVbdwij1u,5516
5XJ7185Te5j7tnTJBAEpN56PyJxabYApfXgvo1gz11QL,5627
EzY3EEDGCPdNwGnsbVw41DMRroyoSvoPVJJ4Z8ZFHDG5,5627
HaXDMtjkxn4yuBgrC1neBD396DuH2C6i2YEk2rMRX7kE,5631
FdmunwBthMRaLitrNGMrC35Sk2bykNzdvgoeyd9AG4Qx,5627
J6gXf6VZnTLLN9mmA1YtoaJCubFncUduZsprfC49uMZr,5621
S2EEKpdk2aB6je5krysdGDnWVY9GSp8dNVSoBCujNzv,5624
93vYmogKFHQBj2kQxnNMkRZT71y6dqSPB5kziPLD1vB9,5534
6P6nnVCGrp6cXxDdqpUvXAoGqw9Mx42v6LdoyGZtLE5M,5626
GtWecYmdnM8ZfDsw6bHNeJAaYRdSLc9cCAGjZAx8wFoz,5630
3SiknfCKGAG2GxF3BJo3nZmr8WqomFZPGjTFXJnFB5QB,5639
4VF1h7Sb12Vwatx5qYqT1gUY6ht4cuNrmoem8bnuBykq,5631
Hvwc4xYD5bFogrwaeazXVcbCtGdpspSGgoXXYewkrfGt,5635
7k1ez2sHmrmAv3HajHmpqbyrcxscaZcnWS6LondqN37N,5625
2UFj8Jns3yRw7LTpPUzcsLnpWpet9AC9DUYN8aKkFroh,5633
9vjLJcw1znnyCcDEyyf4frzZKLK5sFb2v5YRxYBBoBBJ,5541
DMz9XqaBGnVz8hUxjpCSPuyderY8oW11dBC3yDGW5hgz,5538
B99FT43maLRCvhdCrrwzJbHCXbKUnCAe2V58SJ37c8Q9,5630
GLnZSzaooKicjq6WBh49f8f68RVmwCRxSePYxK6iLygy,5634
6EoQbCgGRchpVWVg8RfsmZ4UxTf9iJc3QYQn9SiLgXGo,5629
Cy1CQZjVWXhTjCTw2epm7QYA8aXoZUb3hXtF14gg3cNZ,5540
842LZJ5SE45oxfXhjTq9gjFzRVwrHomz3w4bmzDevkFB,5641
JVYy6MECPno7rpk2Y7PW6zAphYnVf99hq4qGNich2qC,5547
5FaLnRnSVCs9rDBV5BnFVaRSLsjoFXxurpdactjG8zWr,5658
8T22pmxgE1RBMqffBtHCWXdJjHsmWvniEDJU9uVeGoMC,5653
P1TNmx97pSYXFKRnwTM8CDmzxSFEeqwyJLX2NcvXebD,5649
4RmqGCkiMLAHPKk8xxizwboMZ7kZ7v3HKSWLKSwhBPpm,5649
8MrSizieXR7L4omb93RFSvRN4K4dUzCe18uWcFiJQ4x6,5646
9jgSd1NWtSMhgvtbLyuDxZYG2sJx8fLRPfScj4STB7PY,5555
szCJhhN91dreWPmirDxTYofiYti3KvQByEpVWa3Q4bS,5558
46oQjkau4FEqh4eFbdLLk8bdeAL9UcxWc216NR8zxATd,5657
HKCPkT1hZkatJ5Ur17JgRbehBec6mSHPgkjyjGiLzYS6,5661
8NBpt25ETgeKU6fkU2RSBxbW1QNp8HmnNPhe1iEudjdY,5665
suJ8aGDKKbXwMTGLY5FRsVXq8LYhS4zY5KJwgU5rNzd,5660
DUUgHum9kMsMN2A6g6ZzHn2cxQBZSPat4exyAYGrfRjX,5556
5xHVQLLtgNTVmgmDjqnUAemqbeHtY49dv9ezJUXMa3QX,5665
4ptdyZy5h8Hggf4bM4WtHpfTs6ZAAJKj5b5QCebghVK3,5543
J5fg31oQHWC9cN5e6xMfQvCTZop2itj37REDRbpQH9nR,5664
8cZdoicjcrsVaFowj766mrHeG6KQk5gLiT7oGudm5TwP,5651
HzVLVpJneceth5q9kJYMo9BFdPiaiGdH7nPFBBBoFVMA,5667
8d545w2zsExGAo9oxpkUBacdGZXnrDnEKNZp2oFaFrar,5565
C2ipGu6hSn3yGnyZQYSBT9vnFyqC7gPrhahGbKth4svV,5560
HBtUG6CawSETrV272xfHc5TQhvzZ2uqVwzALLyUY2N42,5560
4rnwn5Lr2R2BoHF4rxCVifyJbcdogedjgX6PAx7xe8ZR,5564
RXg8fECEjWGAzmyrVWe3ScxkSC6Tx56bRLescdhMfxh,5543
7LYhXgt4twUNvA7FFZTe2QH75yQksc3WpmTtRkH11W7d,5669
AbearxsnLqrYhidryjWxKcDBMs2zYQjAHZ61GB7ZMStX,5669
C9mqEdxvdzz1RZEmGXEFuGGnzQ3mSSULbkdnpxzR5CJe,5564
EKvuZbHLebZ5MFv3exkWim18pktUTesnGz5VGB7uVJ6N,5568
ATawjbebcaGSXLdzRHrkGeYwAEj1CvZaKC2wUftwMmaF,5550
Ayw758ut9GYt1DnnMEqQY2dj7LkYuxYwNWHn6SMbLkma,5672
G4778ojVgJBcNDtAKzdyn2T3Hd7pQJTncdyhzb5aMaDs,5671
4K9vgdzS89PKKZCdR9qgyqcPNJUohg1gTo2azgQH3jKK,5554
2a9Xrqq2H5jq5vzikZLdTwBWSF2jDvFJzW4BdvHcJt4g,5691
FjQz6qjK5ijPhpwWW7p2jyswzL3eT62AHnLEZCtNNPta,5585
3Nu8xj1RvCY7UotedZaeo1Ua6kiEQ8E5sNv543oGEr1d,5677
8DBZBY9eMTgyndFQBcKuQkEoFoyiPhS6xdMEeSohiefY,5587
8VkarXM2bY3JZWHB78D7B1buDB6fPTouApAKdKWD5fRo,5565
4JgoCQE1V4gHztzTEaCBneDd4oiUAJmHoxzRcZxdbEFg,5571
BcgwYSXizM5dDruAiipVyjBWTWSANQk5vetY6LUUBAR6,5588
AuuSZtXCcK8Q4dr3RKDXqMLHkv9XxfCZZ5he4tPoSBuz,5585
C3bKJhhuawemYbiPPYxqkutN6pxDdfsTeAVDu6pEd3HS,5678
FpddAgU1NBe1aRFc25nK8n725cdnCsfXMGuGgxCTuTi7,5583
C4gtxhLURECStGfmyAFf8y9GnUxbeWyHCcbbjWGuikgh,5589
6ZcxnrgPfxj4LcMLYgUECEv7BUdMNub5JkU3LWba6hrK,5583
97HzEWNkHhEW3SQzd2VB2rDiCh8ufwtUoqCzAt3p9Wyn,5692
CqTe346gnzRi8Uu6AKaX4VxWwGHZfjZNUN2K8FnfKxQu,5571
4nSfJ1PuRbuvWQSoGQqjTnZkZMjTEBM6TnWmJgSaLDsg,5586
3k3sovt4TqkWB8aQCBPnJWyuv5JTQQ14nDVYe7XwZ38k,5586
6DfFHF5vxhvPnqvsuLqnwXE2atjaFVKSwtTbYR6LeCwV,5680
DZ66NALUtYSnwidMKCCLh7iGnR2f5M4Nz73SrnH1ECGA,5572
3KAEFMpmiDfFmXkhc6ahb7rfT2cvSVUsiGhPFJxgVTVD,5573
BYHgR649A3cWXyJNqm4rz9rwSq73VFtEjxujvou44Sm1,5591
D9nZTpMZHUTWoA8Mt11Sw2emqHzWUtV9D6xE2mzJwmkS,5693
A6PcN1mW9MonNwSTTHny2zXsrAhxBgW6W4k8y3BWL7iD,5568
5sDRov1Dhk2fq3THCCVz4e9tPau4fHqKhYBe4C98VMo3,5691
9GxGbTH1JYbg8s79AMiu8vP5uQqLyjuyUwKzhRnV19ax,5591
Gow1y6epkdhKjptiswXeGEhf4TFrd61hCfo7auCV8Qoc,5575
E4KTevBKDbpn18kEiH5BDfa1U2wKLUfBWrQ3G2KEVXZc,5696
2ZcTZ54AqhxrfkUJpzZ6FKUcTV2FUqEd46e4MVN3tMEd,5695
7swvQ8hjeYtedMbCE5L8UnKeJo9zyKQXY5EhuNuXXFMk,5684
nbBUZcYZ7LKpeQZYDubtGnv3K9jvwWTwBAFAaS7mKSk,5569
Hz3Cv1FRFr3GngUGsKavmdPhmxt1x6ifEjmvRF7NAQU9,5702
BDGHLEgZviBkhKt7qnE7kcGG7WW3PqDovMwJsAGidASS,5697
BReEKtWPpJzieKPLSUjgs27Lxry9yhthUJW2b8kRn6EV,5603
5soPLxeMvCxrzQYNfDBNofzgXFDoRWM3wmzFaJswQ2Ab,5604
41vA8c57spqJtuDxVpeVoGhh1ct3koCXrF39NGqFJ9sv,5701
D5c84FpbY8WD1urfoYiv8Ah4Dpha8FrXLnUGtcsUud4V,5604
FVV11zvQR2qrMchqpPLxCcnu1tSebKyEp6frbJezSLgV,5693
6LHE6TuBK2Cg3WVfkxSW755Bp2vgsFyTkK9o3uqZinFR,5702
GF4dntP8KsXVwesm2ggxs9dNbkPp4vudvKoqC7yMb37C,5601
CfSXYQ6bungmVm1mhmbQVG55naLqkV39gn3ayY99DNFo,5710
4RsxthFh4WBN62onT6AK2CXRKHNKYUfCMnmuoJ9ZTTkA,5695
6obEhRSpRrHauVr1Ah2qRDS9B4yreiK2pgoPhnYWjQiC,5604
EMR8jMG2DUzF3vp9iLkVneSnW5GgStVHFerN31rT3VFw,5604
rBc6kPNxVEUPx4zs8XN7vSNyeZpbXKzVthRyHoG64Ss,5587
5XwwxWfxgXr6oAkPbbWtgo9FSpG7XWsx35qE9ma9ptxz,5609
2zs9QfHWJ3KxvQmRZfSshkD3Z4qzNq7t8gWXvcRYpMyJ,5583
FRsajyoXuemC68fiprUXEv3pFyJUpfotrUQr2gHTre7F,5700
GsaguUfkFd21MJm5ddbsBQm2rxsshLeLdaK8G84K5EQp,5587
54SuDrVrNhYhuVFkfKpsqfZmYw81UgUTM8AjaPzVE7ED,5592
FBQSVZCdvJLEuN9TGLC266vDTLafxh6uzbvDTTpHVQ6t,5613
XzgHAVWXJ21F4sEx9mMbYtZ7BpdMBCRB5nLsqxYFW2Q,5609
q8nCEeLX5THhzEF7LMS8yyKUVtjSPzbBC2iX82rA59v,5594
HMvfW5V9QY1CAHa9SHLyuXrb9h655ddoqzjkhzorMQNQ,5593
Cf2eHycTRCtzryh1QDBUDTcH9GE8iH3g7PwtS74kteNk,5608
2jHwaHtFue8LvkuurrbtVkFeZUZ3mHqx48dHaEnAjQvc,5595
4Jm36HtuhfE6jJ2D1YpktSPGkCo6KFbhYK3EtMTy41aV,5611
7czDP2HLsYBhZJeQE8Q7HECmgSQFedrT3p3ny5ysKmmE,5614
4tFytS1QCgkTTtvMGnPQcjS27T2tpFDoEUdw6HWWBR6p,5614
2LKwsGopPMsqg673Cqx5g3DViR1kAfYiiZYtdj3VegSp,5621
6MaXvDiEAXRTjJf9XnuDEHfV6yv1WGfuDd5mjGz6tV8G,5600
7PVwHYgmywLwByXZh6GCQjKWBKxoQdPNPGmqg4VKmAv5,5622
Ape8wzVgSVBWm9eT7YvqJwta1LQJhKqE9mWYFxLvrpCD,5619
HCxrvXTJRJ4CavHwYuNZFHaJVqPbmZHHKbZg8wejLt4L,5715
EeSp828pZfRRwrQmc365SYjpAfWPYDEpEqkex6i7u1Rk,5622
8J3AB5FpD5GrSX9cqhf2tMBgTecsLKAhR3444VFhaBvC,5714
6zpK1ynNdvShXxvPHPLGLQeTcu7ecM6NTYqmzZ4HfBEH,5633
GuA6YQkbQAFMSETWDLK61MRuq7PWdmWiv4S44811QWbf,5613
24sytqYpmWdfVJ2uqaHoxBLaGoq3dpJBsjFdTtMecj83,5735
9jMtwGuVH9WrVCK2LqozG4GyUCzFUVDxhv2VKjSD5byL,5721
BAnuAWewfFfHhSHMwiq18wajWWbaw8LM9pQwpwCVxZiS,5614
7TgnEmb7LWbwf6g6eXxvnFLPhcSh5KfmonDTyoqd8fyy,5631
8gcgpEgDyGpz1h7qsdY4YE1WjE4B181cexTeeEEW69qz,5613
AuqHgQScLdLQkSuquz8wLKjjXChLmBozBjbHLcDhhCVu,5615
3aFiw7gJDUAo2j2izYZW2pvzgWhTbesBNTsnpeDxGau1,5723
8rMepNgoMvpBUzdZuDRtNcu12awu26oEicaXp2j6EheG,5725
AzHxwHntLwFC3fxWYXZJ4dmAQRgVd69UVEuYvvMyYYL7,5635
BfhBfKCi319mG91WXEV38ZX3HyomtcN1MJwKp3ByVFev,5735
DRWXg1jY78tmuj4jVvZ9VFncihAyNoCugsmfwPLgyAog,5630
F7BtKevGKdY7VcyMT1YZUfCRuUSctohScwZGfMeKxdw2,5633
8CYng72q6KdFg7bTqDH5ccd4b9p4LzTKqQqFWo3R11pe,5734
GCeuYn2YCbB5Z7pKYDdof7sLKE3EMwi61p1jWTbqvJuK,5618
7nFxSQE8cBXHZtPQ9WsMqMMEaWXA7w3tqHMZRojaonzr,5725
2noTQSxEzMWeBqATMUN6jFpRqz44QgQDWsRWpCC25hpk,5736
6U38GCveNAvni5esr7H8byCtGHqVGvXvguyuYiZ8xBE7,5729
H5ZfMq3tHAY6Ggm9KomstRo37LqhGXqDxwAwarV5Vcm4,5638
FD8dxsTaoSvy9zZoobpkCY1nXi7jJy3tQQpV1CWRC3B5,5633
2Vzq9yNvuWJQQQEH8Q8BQfw7AA2xkVPNuW9JKnVqLchf,5740
FXEDcFwDFXhjufxTBkaCZyTCiqV5iKymskxSAPxWNrqu,5643
CBL5FsSgU7HBLbokjXEXVugzVABDnCzPgpKpRsNJU9uq,5741
KznWbEqH6Yje5KLQYTD4m8995BXPB5tLHK6K7HciB2E,5650
5oAQyDs3oM53X2GnagrKjgeDFdTcCLfmV4LzAAqW2xKK,5754
D8jZrTCNyn4kW64djXyCeR9Lw8mgfxBdkPhvFdYRQCPM,5755
HyFUBGpNThStqLk6mwcib75owXWJhB1RrkVcMRnqd5t6,5652
2rdTuJSJQeF92HdHYnh6QvgxDJ3ghk65JptXe1QhBGUs,5746
9Eug7yQdGKzuW7Q8VEtAYqSpDaX71aXZPBuk5VW3JxXC,5639
L2tgCcRtHfkbbTVkGGztDLirLEPV5NtR4RnjSisMcLa,5747
6g6nAHwQY8nt2Q7eZf9hkMnLpoescAGS1EGCReDJZ3Ur,5658
8hCh8be94esJdjHetreedk19D22ZQS5Cr3o6pB5fJLPP,5658
9NAMGrckARmd96AXDguwxvpct1VPpRjx8Cf1uH2Ze1jB,5661
9kqSuPdAtWphJrc3BZg7RixsTLExyGvMryrvkA8mrMe7,5657
GkqaAQHG63Zxr8FCsaqoEPCAa9twQGrbSh6X6PVGmHwS,5764
CcNXWtHX7txMcyksEagAptQdjyBzqTjpnfC1h7uZ46UH,5658
4xQtiKj7FBPMpwY7EQYS72pRtVFHxXcwBDDbfwyjRmGZ,5758
2BjnELXGnF3UaWPcYEynsbF6vGGD4ULEft8oSDbiVHT5,5760
HXBddqwxYEz9QuL5AHtQisjrgUpgnKSGiGrPnEt87nkw,5650
FkpDzRFtqUp3EjF1SAJttJw19LrswdUjM1j8tZY9mBik,5760
6EY8jefy3csXKHNxv2HjhxTSM4hvZC34E924HUJWnWEh,5667
Cd5zoCeXVy895DWsrg5uNz1H3rVQeNi6txWj9MbMQ7Jd,5670
JEPbPSmFNzomhywHHEsx2neEFoK8qBMb99QW7rV6Dis,5757
FLbpuQhnkZaLZq8M6FXrHZxgksnkdcWJm7WkefsWCBHa,5772
22FXPpSzH9xgCsUpGriiuaQtoRvjc1qH5kEFem168YSU,5644
As6G55vKRudNceVa4YpadmF4gchzBwcfzQ3z6QBKc3w5,5758
6UM6rf4HF8VtKL6NgsTyfGjHivRJqHCqtYnFYAXm4ggv,5651
53LTrv3U5L1nK2715NC6wLm4Sh9rrEZiZoJybkuu4vgW,5767
3veGmhs2bbXCHTCPf1PraWM8xwDNH7dgXWbmr6pHnwmS,5758
7Biw28RRFLui5SNnjKxLKJ6sU8FkauZFmUh73AktGhGd,5772
7W5sK68kgnGi1e2tcf2cssjLKt5s91tmMaxzKXhcxioj,5669
6z7nQaDmMUyAgNgU6EH2XQtuPT3UjJiWjqWEDD5S8kQt,5762
6ph5MJFT1Gc7RzGoNtu15BoeVotUDNRsvLsYxDytXFyV,5674
AT3AHYGmtm7hVuiSyDgeTmivjmjLKbk7WRt37zCeiRfz,5675
4zWswf8otcs251nKeJ3HESfAEgTLDxYDDyStjH3kAE8P,5768
DuGU4cpELjt6TjBGoyiccCZMqqLduQk7uKErmtNEy69L,5677
BgRktKbpZCY5LBHdjHDsTC1DJ65R3o1atVerHGQxKtBo,5679
2zhxm4xC5kPXanmMFe3e49cauwupqXNkFZk2gNkCH4Nj,5781
8xqQJA7AGzUQP6RvnLdt9WzBdYjQpZ1mBB2xrwJrWhuJ,5675
APL9jAoZmAm5SRUgLx2EGbbX9TDmQ6QyuQrgTSoQMPLD,5782
HUCSksVgqPdnc2APP9f2DeRuFXT7cK3qrKKzn9qwEFLh,5777
CwUL2yfJmnFyoP18dMhEagxdDTYspa9VqewtwRsTPtXd,5676
7o6Y5G6SuhoChdtHrFMpxa7nzVrwQKuuKWBHWDjLZE6L,5780
4gdyswHKiuUssb2hF9CQVXpZULn9xPTvEd9T6W3t1fBW,5675
39hjRxbKbpvLxEVmKTXhi9NWDr5ND2S636MJULnuQ6FJ,5782
5LxgBqVzekbiQHTijG4jnrT9s1CXPbuaEkm3GwL1cerr,5674
22ZCg5V1kktDyiA5vSXJ7MCrzZbnV4NMr8wwL9caupns,5783
335Rb7ANhmL3fx9i3zqvQtQYkUzttCH6vG7obHcRCmLU,5661
CJFB2gg6PDaVEenT3ucNBaNb3QGKgYxnnba2TrXPRZft,5780
B9BfpYUktCq9ZSr8yz53pkWcA21yUb7ZJWSMDucfKroQ,5774
5PwkW2AAj8kTXpERf5mcmMfUmU3GuziYhv2GHTP5vsvk,5785
GHR7gxka312Qt8CEuN5YfYL5z1yChUoBUAmpTyDCcFXr,5679
GXPDaKSZNhi8knz9EyWV2QN4bCn87fgsy52T7vWXrg2L,5678
GLpUJ9pcbCFtmSWopKQisdtpbBNWCkDiBWRjRngsdWdi,5683
8YVr5hYg4oYUJc88ZD3eWJ8duENVfFNwLnj7Vt89R7Jj,5798
3Z2jw12P6HuX5s69CiuSdFmTPY7CcCFURwasDo7PahK4,5679
9d5RMZe2dm2DxFynRqRAy2bCKNakjQY548gondkgvWw,5684
EUeyGzWcndFgh12GZZxz6MaBqpS1XG59kaRtwd6rtJwh,5703
BMRSvXMz7vXnDwzp1Dp2Q25skpa22TuNCqNatYNHx11u,5686
C2JxAxdghaHfU2kGp7EDCxQv5nd11B7sigfmwhcxbvAs,5806
6RcXNHvUydVFM3BrSodH8fP9Qcr2FXkoK2jM3MWg1gMc,5686
BRJi9Nv9VoND4HChmpLu2XoTLvWZVYXfpkEnHKYnsSy1,5703
2yGx9AgXTCSuf52PP14nmuyxbM9pnrinjFSjKHiEgyyN,5695
5FUnjfT82UXq2PG2tBG6dK57cGNMeWdtqTJgjBneeMSD,5804
DjBwyPZSwBPVU6Ae2MUmb3cW9rSY3KMrA38RpTSsseeQ,5804
2mCWdpATfpkFWY2LxyAJwydGsRHBbB8KQJQ3ALdAX8fZ,5710
HP2dDU61499k7s25Tn8RSud6K5enpCSnXSTecJ8qUeNg,5696
6G4NXd1LHDYbXzEbNntpgBx53WxWcUPP3ynHrhYjXBdr,5817
FHY7chVN24Kt5zX71UTepgFCD9qvnxwX9r3y1YvU7uQa,5818
BDpo9x2j7HNKTMFrteYN1mycHZAAZPmm9UARRi3ocPhX,5805
AqEhzFQCJX1JMomWqiKgVbCTHzYhMwFLNksis6qFa5Q6,5713
2XywYC2gZMcJ6HADYhhPC8VdqRm579DRHoFj1LFRPCRJ,5697
EQrDd1rrZTEAuqCFNTiU5iACVwJHxqhsjfAkCFrV6VyN,5713
4ipM51Fi2zNUarNHwWvA9LoVtM5sNd4MxUhfmQ171Qzn,5716
3RNuKWP2Q4WNnTQCSuMd1eXm5e4LVACZXhyr3aKxhvvH,5697
8vzTHaQpqN7ZhMwvSnGeqNx2Bf8XvLgCjsJZzSrV1WKH,5711
5y4MkVGPMqMRTL7nAJibrmXNbKXze4YproWdenCbrjuK,5818
3KvfukUPASwWtZyb9LouowDJR5CZNtE684Hf9vzqpUqE,5818
HsSszHZrvQGCstyg2jeD7a8Lq3Pc7J2yCsUQkwDGhbRS,5713
CD8yd8uZkGtSZy2NvbFgXFbzG7ZCGTXssVFjLd2w8n1S,5717
7gsZKM4pyVZzrNLjL87hZysSbzXaMg7NZHLpJbUg5f3G,5712
3U5i2Za1iZZCEMUxLN6Bks4h8Ap8QNCKDmEPARu99EQW,5818
9mnujU3tN94BBHb88VMST5zhz84jw4oCg5K4FDDG56iu,5815
G2QrFMgoNTyXNE3c1fN2hswgtZMffmgT9EzU4edd4hoX,5720
D7bPGTo9qdnCe8nCAwB3A3mABvScJhfcEwCjyRDji3LF,5817
97hVBsN7gvtYkzszHtZ7RW8vPCWqXPDv1zm71J7M8Fnn,5723
2k6biF6ViKRMV6jM7CVLenHDsEXDDA7WcKqGLaPQQKRU,5816
BemrVQoQvcDzTvdLHba2pmsLcmZQPSexZfrXY1AgXmi4,5725
54gF6WkzirGQxtuFNJukhF5xcXX4wRvjTywnHXVcHGqg,5726
65EcpDbPmxN3w1JLJ1Gm8kJq1fV1AWFCwkRn9mgdwnVg,5818
2iqZR9DfiGzn5So2BKN3Vrui2E4RDZKKLFUAde7xTwxB,5831
F2Yctqzy3YYn8JE18jmJQSvTKtDiL8TU8Z27gm2ymKXk,5710
CP5oFYjn4mfUK2oLvCNtmeoqq9dZ3uSNUBxFQ9Avi8Ao,5725
2P5L7y9CipsZxJuEiqsp5QNDR2G6HyvzVkhjyahWCNxr,5817
4Sz8xdgyspmphFzzHXMh6KbwGSZjDwJQ2M4MwddZjU4e,5827
C7PsgzkLkUhtFGkbphFADNe1ayD2W3Y8v87nzxgZtVie,5820
CG5gAzKWWpM5PwUXaZpFgGfjaBSR8WzN5pAncdh5WZF3,5725
4ivbPD8myhmMQDQMiGDi3mJ6tKyRiP6dET4yLeXqAbLi,5827
6kxxi19AMTL4G9sCP4DcgW1yXPxCB93aP55PPVqAmE7N,5827
94coGQqZ6KqZfE54Wg28NbA9qPpSZSYJRjP8iPF73pTr,5827
9WbzjjxyqQuYHkszboWyQieLMFRRoaQNuaa7Dxt2a91a,5823
CNhemgLgjVMBRxSVFC1ZV6HoLxPoBtEJAnBYuyLhWSL7,5710
4x4vpDvW6KQPBptzqLTyTzhV1MqbdiBwPCZNyXaJCT7F,5712
6grRfB5JD3kiLoYMYQqtV7nTRaV5NLeDjmi8a5oxtTUr,5725
8q7x9kx3Jnv8vBz3mPvZFoNZ6iJv9CVZY3cTvCLaBA15,5711
Hm3SKMg4Mg3ztdJvno1KQWHM8AcYd8C5ogZSM6CnwajZ,5837
CF58efuWyChoawUAYYsdK7sCUsMUjUiCZMTqTiGnB5HK,5842
EoAgqqtQikmwsN1UN535Bu7hnNSQUvC4AVFxPCD8ik5L,5849
9Z9u5WmLsKUz2mu14B2jtxura2C5428ua4TyyBSYqJ5t,5751
54iboboWVVShqXEHyc8XSyysG8Wb2bEiBtDvZzLfdPbk,5756
7zcNN6Tm4CDsfqCDBBpcBBouzpUtEBk414mtj6WFGu4D,5845
JAgHjuJK7zqGzhBxWFxjw4KegfUAgwQEeoTybJAvhqzF,5850
C6cke7rwi96WLFH7KXhjB62voTfvLVQK8CDfomSuUdrg,5850
43HRax4hJAXNddVUk5vgbtFTz2HAM3RRcgwWuJYkvrsP,5757
8jPqJ2D944GYJDxT3ZvPrQmETcRHT5r7rXU1TX1cD8rX,5852
GLLQQAMMzvwaUTz7PAmJGPkLEfh5XKXVEJ1oUNa8Evqz,5759
7o8A9UZVDDJ1CuCe2jUz7AJvH8Tyssc1ewaCWuizvNCE,5854
59kQxkpPdCMPmVRmbgS27VaAYNjNbpKLbfCgM8p2FNRf,5852
Hy9N6YJV5z2QFmKEtn9wgZMdKFPVtxE3mtXAcAKAegwZ,5856
8SU8fQzPbpn2rPAjDLzim6mSrRxxR765wBTdWuujUB6r,5759
4uKvLhA3XzqWJtjKMbH5jkRcimHJv9qhGUsumhDYHxQv,5758
2WfuoWaB8bxkAz8DKd46JbAeNWmwBqvgScUtLRVnx46g,5761
DGPUKJhBibMeh2GTWmShxzWGN9fEworwzWxa3LLAAcQ2,5767
2smBJ3q6xshoxAxQcdytLk1xNht66HtKGST1wVY4HJFW,5766
4vYqGjU1LbVfFALvvpSZWHd8XSyBSGPwUEHu3MX7Bnu7,5748
GVyRoETD74mKexk98GVEiY9N5kAkvWNUoE5vb5LQMT7Y,5762
A6vh3GTqcsGycx6nDYiD6tmcGUwyVwor8wds6DRHFdTd,5857
aCD8YpTSxPDZ5bSw3t2Wp9vDiFeeA2YrfnoeBG3KeCU,5857
73yPHDpxn5Tj6ReMwtL3HMXmfsVtqZpCJ2S4kqZDjqHL,5867
BzeLdAWwBhBYSRqzQvCGAvGhZ7sA4nVKD4jfm4sBsJf3,5876
5vGk7rbd1KztTd6jRN23DEnzw7qgakuXCkc9rYH2hs5p,5783
3YjqSheRJtQayxski8tAWW8VYo7G4o9Uiry2RFmZEqbx,5893
89kQEzKDFpzzhgSsudqqXedMmZaLpSGa4wbGHnJ8s9zT,5890
5CvX9yyGz6852LTdkMS7yx269XsFawGVmRpZtbpwQj7w,5789
2zDyLcGm5GPzug8KyefAfuL6RihV5zcVScQDGg9JFZSd,5881
DyGZAezH38axEQVcp721wiVpew7y4CVoZjn9JzFmsMz1,5795
4rKXExm2t6h8rPZubx8j75QCJJzZ8khceQMvDa1kXJiH,5801
GztZVdToHjpTFFQfCtdxJBmmRof2WqnSTWPEyYhZXaTY,5917
8RHK3Q8bQMHayKmNDp71NrGEaHumWya5obpLeDFeFZSK,5945
J9inUNCF1dfDQ9ykaBQ5Gz7UMqZGjfdtztkUimkbbiwH,5937
3gacP3Pmh9TWLZ7B33x4dWkPidALSuuBMLGZgByLPaED,5959
6uJdZjEHHNHxsdts9nB6c7J8FkUoR2X9BRFqyuxwTcJk,5838
3CzauTakjdBU6Kh2pGpC4W1LqsjW5cMTCoQF5GB5e496,5949
H3iyi1Uaqqy7tsuJPh1Ry84LFnqhpaHG1cjConLpBsr7,5862
D9LLqxLLbe167ki59XoXtnoWytZZHzSZxWwFoMXk4C8i,5869
54Dnd6ndDppsjfxsoFkKJtmUJAPtV8rDj9tw5oGBTAdZ,5974
28Y2dzmKBwEc3fiPQCMRNayYZQcdGNVrgrQ74tBnozSk,5980
8P276AmrzczNxMaqEXhdfGJoNvBohnRwTY9yLHnkj1G6,5874
Drd9tunGWopD4v2TTwgRYUYvUenFJjLxsabZw4t7faQC,5969
8nceDh63W3xMvFRhtA6Ldmo1uxZ9p47T4LS1nAFjKL3w,5876
FYeHLnKknYpQsk5mbUHKYuUUESCBjspLMtqA18KtZ4KR,5860
ETq5EwKMML6GDeMNqg6szHWuXHfgNTJX6cWmFcX2Mina,5869
7wshD3VyPKWsrZPZ3EbFBDHVC5FEnfGkNhmAoYtP8GiN,5969
2jqqKXBfD3yyiCKag7v4JhcnuWCDWpcgbo3i2haaNiHq,5875
2mWgzdRgZBuCpTQDB3fTZrFRKMQJHipZJwzSuLJArMov,5970
Fw832NwhkBRFui36urTSfB6eCauTTWEtfAedvPUbegc8,5985
6f2DBP367bq8LnsJ4BjcBKdxVC1eHaTZRZSeTPsQaCzF,5875
7uu6SCkViqAQ4tRSCC7xdpfzTudzF1e3jHoMuQeJLAAR,5873
DpPiudbZMMSTjCShgQNsX2RGey7ENHz7qtgtRkshQ7iV,5873
CN2kbmWPmKKtuFZVYk8qUoERZ5DcsoUYnED6z55Ji3iB,5987
3HwpTKquXCTPiYQ5d2EjYtoPMAgPZiUUTVfHu95hBf6j,5989
GEHymBD5hPyHVz5F6n9aSfCiw3xVBaS8rGmXz3X8WkZ9,5900
5yKktRceixXNjHvdpLruXt7F1uebxXmRDAnm4ccz2W91,5898
FgsXmvbagwz19tqtfnMYxapBJmrt4GUxnHaW1DMz3N9K,6009
1cqW4SML8DCDYy8J5LokpKf8RDkYc25LxTKvAnJ7HFh,6008
HS371aTDjfiNdiC27gbqxobyW4vymVJy1C21Vep1Wvef,5887
ErCYjztFGNY5UVZ5iQERsYjRukAVqYHApqyMGtMdwrQz,5888
GMZjBmKmU12eMg19TyV53QTcgEdr2PUiPnbBaaMFQmu,5892
J6QMfCXEMLHxF7tJcgWZ1UNWzLhBxYhRYuRJMMtvyjcf,5896
Ab7h6SXJosKwrXDpAFQmYL3sdK5TGWZngHfyND4EeaCe,5898
5mAQYrNXQnpnmdCkfBgdgeBRJN75qdAk3WYhjfxPA1LH,6011
DMzHLh7wWxoAVjdNnXVTVCemnhZmFtMpPvFe3ijnA3VP,5901
Rnh6t8dZ29SBBYVTdAJNVefZ1EBRcrNytaLAKGMerd6,6016
617boEvRufKqQgkMqi17XP7ZhoRTQmvbtPFu7DuqWabi,6031
2RkGnGbpn3Kjo5rmyrTWL5BqvUfNMBrKhR65V3c2ZkfP,6022
APFpXrY6gT3CYAgPKRthPH2wUvu8AhMFvTaRYeA5EaZr,5926
94mPwdM7UZDCekEyY97YutbrhTDFVwoCD6epBJadwYcF,6020
3NCtWEQYPhNu13sEwEF8zTecCuB1fttPrPq71q9UnEWy,6032
DKqJemNsiXQcLf56vtpn5EdKgShwpd5qdwGi1p7EHdS,5927
81gHfHWkDWid9Exk4Mkm31UJ4KMqd1DNtYJkRQLaSzqA,5910
BxA4eBZsddcJukhJPGpasQfzf9LJ8iLvUynBGq9DkC1K,6019
AoYmWAdJUsxexhgt4RDmp8GjXKMhTLU5eNYLruBBt41X,5907
GgsSXtRzPFPVQU1aZLwQ2xQaopq4fXiMm43gM5YNDirp,6023
6p3diMeouoPku28cMVY1Fjjakq1hTsAVZUpRFo8Dj8aw,6023
cSSUyGYQ9C8a7ZsgxAkh25AUUn9QqUUXqEZ9n5mnxMj,6034
ArVf9sudA9CYUYJijwS7Nr84Sro7bSVX3HQKJip1ehRk,6034
8zbQUhYStaycqS7zD4qaSJN7sD42QoWq3kL2oW4aegtW,5908
urHw8nVQc9x34iG4cu2a5LZbU1CkBxQ31sixrwhQ6f5,6035
FnZrUQf7SkHgzec5LWFhMxTZG3ZKYR5vdW7XAroMuHtL,6025
7yk6rWCExush2tEKHgi7vcpcfmaXZ9n3pzHucdiNiU1V,6023
FiSktmjqWpisswpKUdZADyCtGznBtdS7gDvjTmL8Jvoy,6032
BFJZ6ozw7nhFc5VxvRtXE5QZfP9xRR4jnB9Uu1nw7d6W,6036
CLZ7Gem28ABs56hRDgR627DGsws1wwqm33hx83hiuTuh,6024
8Up5H4GEpKtqMAym867uH9m3SQx2q3aHLq94Foy9e9oU,6024
EZMRN5bD7dYv1qLapXmrobiJfyXM6SNKF6dRkN6Vygwp,5930
Ad87AiqEe8xuuzYwKJq5BhUttRmefGGbiWc5jiab8kNW,6023
4iYw5TbqJZE6NF5UoT7k3iEPvSnqRw4QBSmP48SuDiV8,5930
2dweAFpfPAY9D7PQup4S1ieew6j5PPme3ocAY6bXgy2V,6023
EeUjdSXeX2ppWdSE9iaDNAaySPRGAKHY8s2o7diBrNRo,5913
