tx_hash,latency(ms)
6J7FrZhpkAVNGwKxs2T3knF3YNdvqzU9Bn8YFAK2TgPA,482
8WN3wbYxRVZMBJcW1rqtt6nTVWfu9B39yMzqf2yQFRcc,498
HZy7MFdmW7NCC2ba9vDGsZkeLJYwxxjcJJGCBvaRgVLX,497
H5ZyxaJ6r3Pnsn1fpTY3gLnDufZSQS5q7P9C38Znvpab,525
5eN4r1HYYweNSEUZYrdkQ9kdD5WMJ13W4jiZnQ7EsMcn,525
2g3RNVeUdpbSeSDKoNXpr5RRGnRTFxv7zQYVp2Rnbvx1,536
EjwENjU3FmPXU36LAZhpwY87N471mNUZBAk1hgwBbzms,538
6v93snZf7Q2MeBGaKfsVPn7HdCuaD3KUbS3cerh8YMx5,538
CARuTAch8yDUVf2ig9ENi4sgqQgsx9n2PT7QHJm7divv,544
5TqinYicP6rjZjjW79JoC27P4Yn8APQjXqgPh9MpJ95g,544
B9CUxu7q1zyCcrThSZQz4gkQqQSZHA8VYMtN4svpzXoF,544
8MK46jzsWq2hFobbuMmWaWC82MrSZqgj5zXspCopEuD6,544
A1v93ZLoZDeRUmsfFX2YwgLBRafkECtLBF58cbPfqCaJ,548
FQdxE8eUHAWLk8RHc7QgYy73Cp7CurVdWF1L3ontYFqj,548
BVaoaPktewgoJrYyAu2zdxeJvtkawndYbixeZbkyCTDA,549
8VFJgHMKeqkmBFoe9NoeyRZnekDn8LJaYck7txpNcxqS,555
BHg6FQh6qzcvRNStnfEhZx3ybVicPLb2MDrUGxiYkRre,555
51SCWQiDNP4TfUXnm7gXrRzTHMrgbZMJUnMfte1XGCJg,588
HiEWXS97a6gKtFgc1HspwMpt9QNxQYseNFta3KgYA6Vr,590
5tbebcSyT4cpvZC9bUtwBsUDdez2gwxRyzVGDc9vjNx5,590
6AyTPaZgXD5d5yprVFt7qeV5Zprg3Pf4EAs46Frtacjz,590
CZASgB3aN6tfnd1Ccm4REq6epMNoaZMTcPQHCs4nhKvU,591
Gy6rX5PTG8wShsLHXKVF82MXFD8MopJNP4EnkH6idSEo,592
6qp4mcS4r1JgZvQe3kbkCs2nGfHBB52JQbXunvUwSJsp,604
5HDR8MNbVdF3RBREafbRPUL7yvhDqBxfLtSaaEv8dZbL,604
BFZtTvSZFnGzyLmHiiefEu4LvQvgujjF9nvJMi7HkP1E,606
4oDdt9h3yNCm3u9DQP2YrsHSKExMypnsr7KKLCvtrs1h,607
3E4b4urHii9YqzDwz625Kn75QiXBenhfQ2SiEsT7JX6p,608
Ww3Ug1Q3iA16wzQSzygveH8WMJyuBdUWoeVYaLdLxmE,608
DHLkh2MyPBjeyG24LVfiRdr8RNw5mzxKiGBH6dW47Qzu,609
GcT1nP2PvakuigKM9v7SPeUCWydRznNA2xVjnUYCuPTs,609
Fu45Gs8k72gwFfQqZi2BHYzPkCP438DKeE7TbJZauriN,611
3mfDVrJpBTP3HZjmcttMgkV5Hzg5RhPDvxCSoSd7Hs8q,611
Bn8nFLXTuNy2Tfdh7LVQ85X4orbL2gx7qucbRWRr8dnq,630
AoV6NxR6yhoD2tBo9Kv8ZKbCzhfoFhhgQMh8EwTFseze,636
2RY3mgBa71f2VFwVae2PZg4KLCF2yUSc1BAueaWHkDCw,643
3sZL1NphgTGTXvCAwUzwqkMw8owQ8uHT76HgGMbJPiJu,644
9nZJX1MT7iCxppxv1S4EQT4KgqmtRBewfRdgmEGZE3Ky,644
GLAnMZYeKeH7cr1stKxv2v1yY8f7XJzyBYb8CbHYSGqN,644
EXB1ei5jMwtpyXoc9z4Ey7XxgxBVWvYsHnNbWBm8tdBJ,643
6jaH3GEJnqV97j4tzZZy9djdE6jVJ98WqC8YDbgLdbYQ,644
CHDuwoKU4ePUsEMT9mb1XuBjYjj7W1XQE7kNRourzNwN,644
DJVSCpsJGcc8SKfZcbX2LNEefGFqAPALVwN2qPskcdcm,929
5yDiPNNdaoMW6LBQHUW9nfaDaL3XUwCPDfyvxoJikgca,979
49fGrySJKiyW6EZ8Q7QWMZ9h9thaqmzmTQSBrXHGL6Sn,1089
Fx8T1hDB7YLFtaKuQeNWNb2cMZH1sjMo1VdUAnFHwnp4,995
1LXNPbuFVozgNE14M4jZbKpaGsWubbP7PdFwXSnBmZY,1002
DjoTPg6RGu5rDUFZyUNzatDunDrRnRb69bEHk2kX3yb6,1014
72YEEKiD2XFkmoPwHGft2CEfZQRifSNL6NTQmwdoQSdg,1008
G7sgZv2LMSi4uoBhFaQcXQ3rSEnpXQkGQvFgCDRynHqV,1019
6BunktvbgMsBGULk6c25o6PZePfkKZR1WTngnpUTJzsd,1027
3BmtRBjZFUiSv5pvuaLnKbcX1LhF4KbHvFT39qwP2pfQ,1109
3oxcGGMnrUTnzd6LpbDmWpv5d8vHDVbJdrjbLcSET7sc,1035
2kceizKvSJw98ZbnSsP6jCJQDDgi9T24AnYVySC2QrGz,1065
FPTW8G8Poj79zS7qjN9PvhxJZ5XdTuBpRNch2u5RurFs,1175
BokiEPMomXaEk8GQ8Cy2dfVpQtm4yZCtruLxUb7nFxpD,1093
J4AQ2WRGhkmj7YxAVhczxM7zp1jDpxoAAgNszw6g9NFF,1224
E3c1b5RCGaFK33x89h3M6D22tMxeJaDStYiy5gMe2n3x,1188
qEvq3MQXWAXZ3PPfsRvX1AyiydXmUzbapjUFSkF8VcS,1188
128ti7nCRi9rJnXeR7U8BiMMwTZANtaRNxa7JJP6k1gB,1194
Ae1oCZs9yZbaSrKZXs15qsx8YSKMHbPL1jKCVYbyxXrW,1191
HfBY5hYDViaQHhNviNz6GEmn8Y7WfQvfG84a49v7thGA,1274
Ctmtex28Wf1MAZo4K1wkWqYBUJG817TmHXednMT62CJS,1288
GqQv4CoTnzuHuoWMwHkKgeogsCvBrT2GVPG1T3gcCqr4,1197
Bhy9X94mZK1gtsaAGkfgpSV5LYhp9qZbvx6DZPrGoWwB,1297
FUpBHF8sGYn1G4RVx5ryv8EyvJbbwp54GJpoR32rd2Ke,1204
BzVaarREiLFJRYYHNYiYy9taLPcnNn4FAyStLmy8rkSv,1204
5NKrAWWFkgNU3iyHDNhBt46FeVXnHeMC8dhLhS75jsmr,1209
LDRSHdq95qcgCqywzbr1BN1WkUcxzQjaDFzr65aCduw,1302
Bhtudv99QkGUGvep7fz32xRNF2wUYwBxVg47dGRbCSth,1205
8AJLJ3v1zbgxFDStay4GnUSt2r9t5C6P7WG94EMKWtFc,1207
7bmyCL8QN9zCczgTjbrZDkAJwKfiPLMJLLJf64DitZqq,1222
FMPst7LYY8bec4nqgbzrkkeauwtxJuoa6rMPT3YjXMgi,1307
46HDWVuNBEa4ctx3yVWRmZEVeXVw8nZKkELJ1pgDDAqu,1305
F5aeqqn6aVwuZHDYoTgQH31K8VowupBEQM16a2xbv8nv,1224
ETdEUbYS4qQZn5pHGoDktVSCbzdDHQ9pt7Bq7pZm8YW4,1312
E3PANX77aYZRptQVawdm8KbTg781f7PmNZTHXQgtjYbM,1225
9mbZZshrtx6KL9XMvTcdA5FtmaCn9LLZwmrtyznGZd45,1313
4Y521vskGyEnKcNWnpCh32xk9GN8dCi6vhQWLtyoNJnd,1212
CVfXv9rrMKYmFvBDze5umd6qr2JWESeba6Xcm2iYzAbu,1209
CwL8iFH9VEbXePfFUuM8yCChuwZJ85N6FWJ8wpEVM93r,1232
3q8gzsqjm97cw2CaDi2S3qBjXnMiVRmYorA9aVcS6VcC,1216
6UntXcs5psmY3n4R52jkQZU7GN9K7TRCvtfU2m8R5txi,1327
CbHeMEZ17ctbBbSBEfz1xoE4kFGRbHC111L2k3X4c8y9,1323
8PzQEPMvBrXabaJdF2CFnhqPHJerjrrx5c31xWBhJ2b4,1236
4831KH48mx6FPfCDjTt3VnxNsEWSofe71vFJVEozysUk,1220
HBFCywk2DYqQnNikEZj25BRavL9RoBZHQGVvFkdi39b,1234
2JYLsZKaNn7uPU91KRNuE6rcDbWQemvfZ6944zBknYxN,1309
S6cXpUW2CCHrHT1exJNPj79XHom8Gw8W9BRKeaeyDcT,1335
8hGmkWmfvn3izmaNYoEwWGBtoAmXJ5WECoRaFfExZyXx,1316
8Hx85QTEAZVcSUCXvvCqAZXfRYNhqxew5715ff81PuFz,1330
7iVGJdmVjWcQzQt2vZLoykcVTZujBjeMKdmPfW18qobx,1238
H5CcWYfdifenq2pQURahxHQwTigGdBGSAqBLFGSSE9WZ,1246
3PVuhfRS3e2y3G761VSeEPetA1TFssbFwRC4uUbG4hDp,1330
D3L9iFttA6i5AeEcCru3x7XEFkxT67XjmYEUjXUHKFoo,1239
73gbJatHw1KsTrERfxaZyU5eeW91czAb6bxCzuDS2ugR,1233
EhZxjPv5kmoWdG1z6dFXmakiYnwD4feighQ5KePTVHcC,1249
GxGzxfSf3wLCF7jqRDWpjWk7x1nca9hVUy9dGMNNt6Mx,1253
AGPXA79eP3DKRGpp2hK5YSgebMfGwYeTyPkmmH3UxrUQ,1341
BFd1woaT6Ro42vxJK4QdgFQZhQa6kntsJ6i5NR3VDBow,1335
7XuNSUMuy4kyqopSJBk51b8T3yofdiuL8TUJcNUcR6Xu,1334
EpNDn9mDtjYuXi54SwRn1g5SvBPnwDDpUNLMXyZG8Buo,1328
9knrpJT1D77jcRpxgsZxrVCQoD668KL25H7oFCzX8FfX,1254
93mhQ3NXdromwJb8W4RZCgrkVAPB7giPz2xeghf2udMy,1250
2P4jCPtHVBH2H93zDfkTWo32wH2BirfdyT5RWDh86fck,1336
HHXmESuHuRRNoAhrFzQK1KF9kGzTev8b6WJhLn1NoXCN,1327
BFVSvp9aURtKpUVxmAX7LYsJEP2gHdHZVA3zUq7QaPYC,1250
6zt8hxNa2GFVFbGFV42XyfffRd5UTECMrZSmcpZTWMgF,1345
CTPoK1X85kewqM6DxLF7wwzYKx68MfwEYt7PBEJVguUq,1344
6TTS6fy4J6VQFgDSZXaawa7UCsx3BLNowyF2TBbKxbvQ,1259
4JEypbKDVUqrg421roZD7HWHeVZ1P2jMQANkZ8gLp65E,1345
EZrQKLNmF2KE67TfBfC1S6D7Xvf6sDh9rNLeEsJqWdWT,1261
AapLWmTLqQvvWkFB9U9nRtYkGKURe8RApLNfQd9XyhcB,1261
EpDdFWh27G4341n88RfkYFb8C8BB3mB9E7z8FVPMzsGo,1252
CTeGVwWvnuYxL8TfNW13a8D16M6hdboqMgFTNmK5xEVD,1262
AqzN1Rm22KR7orw6trEPYWj5aPWbr8BUAnU1gsNgKYZu,1249
9httsejDjTk46FU27R34Cd5kc39iCkbyKp3zH89RBiBs,1337
3jzeAXZXbF5S63NeyEAKtm9kTJoz7YWB9pLR7sstmJzz,1353
Hira3aqMbW7QD765pGYh8wHxsJh24HSSXMBnWJ4gPDQH,1261
xE6cjKsvkbEJLfTDCAkhqUCn5L6cFX9Q63gmaMVJBHy,1249
9A7tYzMCG2D5rtXv5czWgK2EhYbyB8vx2nbKqJjQGhXF,1260
9d9Je3Fcd9bHipuQgXUnXMhRZFjhGkr218JxcwcrAtAW,1260
FjuysKkUS9hdKwgQt97a9QFTCCEd1yR59de9YBvy3StJ,1259
7xLwcgJ1n4uy74kne86rU88ANoSzW5jzUB5um1RnuwfM,1340
DHHKRfCystv26tJ4ZeQWMrB4E7vAP3Km6duJRyS9hJvo,1363
A2G3yKaLgUtuGLBvkVMPnFtHxCtFbs3surAkf6K6wKgE,1270
6ZGsxKQf6Bh6ZW7LPoJVL6oWeRVFf27HcS3LbKBXtCPX,1269
CQPD1gGimw8bCkQvtU7vumzeondZRp6FXkghK2xBXwbo,1345
5LC56daiXrxsqoffNyTpX2aXJnRm53uJAHB5QUDJd1h2,1263
J4VNKC16Yd2fA8NrNzGc91hHwE9jwTahhMMPCBHiXCom,1347
5zRx36ockAQSUbdoxBGVi5heci2HKNMZfxUyZxfi15Vk,1265
46MPiucn3enwtPAE4unLokf2P29LAE4p9VwdamtA8nnb,1370
7JhYUCBnkRuNtPf1Y1x15dgbquwa1EHn83nBquVJTYxu,1351
84KNf4NYhDsCnAUkaZpo75HretiLbV4w6R8EXVd1xSH7,1352
rT8C4EA7EtcwpkNBWb4Znzy5ggmSeWwsxV4msmVbiQd,1371
CqnuuQ6WhEhZj5m2butSkXyNCrgb1kxDR6FU3pMrpid6,1366
CL1QsmEUJnSiScsRHacEXYv4iZVZzzrPackQdmKBYTQt,1262
5CcmUgqB8xppaiq4p73QEEvKYafr98zGsb2g8HnfWPcf,1381
J6MUJ1xSwntMiXkazzD879U12eUS6FYz4u73DzVqzEGW,1369
9pMmDmHNUEWqjBKP1SKCTbVqzo5NUBsNwR2pgxJ5ZQd3,1354
GZVkiKQLTztFTiUN2o8BoqTQxsi4n7728fn4mefUEmyX,1355
AbdaYsy8bn5Wr5VRTt67VKgeXt2fW2pwXyqn8GmqcyfE,1287
E7rCWWqCfB4FPMBgNoBDDw1HuXZrQn2qTrjPuR19vTvr,1274
937TJgdt57rU1i6oBih5Skj96VTCA137RxPESfnpvVV3,1373
H75yRv5Du7LxGGg26foPkUWAEFTcnzhiJ1tHu6tidSzj,1287
Hyp7gHWhshBzZMkKLuCPzecNtRCT2LakeoLEHrFFMdyg,1380
9pGpaExi6882vMrW7XeMjcufGZiazymtWWSzo4SoXyXY,1373
JEhAvPSgobQTPigr3eQf7nhPmXdEXyzwkcJzLSya8w4,1287
5Mv49G6rhUTDBLK6Mz5JX9EXkVDF2ZWMcFHvJ4qB1yJJ,1367
E4KXiAGb3apeGuXvCyY2TXaehoBic2DjhBD6NB5EQC4P,1384
EuhE5hQ57KSFhBfvm2afTqTRu57h6iB4gkr4cSZQkjRk,1374
M633on3hDnTudpHdYahoki958xPpAoACgamPE7e8U8r,1289
GMzgCaHpYrgj8AHmtUtepzYwzv7YeKxhNJBECDHdbqG,1371
EGYZvvpiuxifNaC3RPpZ7mxRLVM9NFkiV5svNkkhmEvt,1385
3JyeVLHbCZJfVzFwGi3iVUsMcsxNUsEwxawAdYfgv6Tt,1290
DWqePmsWPuPMs4HAvUbNJBK2wT46zWJ4wtsZpnktxZL5,1292
8VK92hq2WexpjEcxKemAVxVsaUtykqLPbaG1t8Fk9Qmw,1388
2qQN9eTYu1ZwPfnzNjACeLT3zeJvZ1oqiPSuHoALcJQQ,1301
7euzWG1xqts9L6NRquW9GYAWJgJwS4A5mQ93uupUq2LC,1391
CW4ADN2ZUBerEVKdpP3Wg315g6bLFgqE2U48TE5iQmt8,1379
9KcqW4aES8EoDGjzG5X83UZ4KjbU4jEZGYkpsfA1tChE,1397
H7qyaPALzPCiy24xX87mSLj7fZh5KUWjoC1Zq7j3Goqn,1378
5Poacd1AzgKvyYx8ZKP2a5rjNitPgmTesewNMyafpLis,1306
4kKu3vLrUKqzAb41cDMZJG5QXwurJHKBB8t7bVK4hyKc,1379
5N3NrfCHKyusvemkGq14Ce5BKiKBb63Y5kxDNwgsLR3N,1380
Ff5rfsJMRH5yBpkioj2x2rpPtMHhMJmREzQ1SJPiuu4p,1394
Ec59AmiK2mno9DYx5uUS8UjAMFdYRoiniGKz11Y2iYjL,1301
2BHe19FcDqNczhXrQ6C86Yn3LyknNARbqsxkWb4v4qSP,1386
56zsi9YTAkau5rgxuwKnRkC13bBjhn3TpXzpd4LY3J1P,1307
781ekL9p2ZATfTa2yGDsn4KzsQhtCxcizNCnwzBvLD6e,1386
7BySqiogsncDXRLYsHoxHMjLYr3wUhFpDPzEVqtpHRze,1380
DRAibaWpA11xTevLdiZEYMwE4kuLUDmYAL39HxFuhWaR,1382
213QNqV8HFoN89kCPUNfGh2fmCDLZXbebJJav2hRL1fs,1369
3eX8aMTumSCTuZLnYjb5PgeUih4fzvD6A6CSG8cBmAyr,1383
3kCxooWtRSMChdHqTz7xR5hRxqqujRA5TrkGFGbuZ13C,1382
HxvjAg5fbdfQDjwhD4us6ioyJW4xJivCtAifLzpwKpzQ,1390
6q9tSh6bu4LSUHDoEJ4UZUZcEaBTGe53JBnQBtbtsd4m,1397
G7rXJ9HmJHXbMG15MLkSmVaKxmkepACpJihk4P5r3Us3,1296
3m8BsDQSmfUshrGLTDjYkPiSkgGgNARwq56KNKGJ3AAc,1402
9ubX1A4W9mRZYv2edMkP4yekLEK6c6KCQCHgeep3ghjT,1384
8mpmvL1NC44U9w7vt6kbYdVxXivugeVw2zSm6jp4h7zn,1296
2cpaLDPpLTcxDcHEnzYkfhKBRxwDefW5BH1u5RFLuVK2,1395
7UaaU7mV23svUddswNxcnTitKASEFm8SLVmWL9VqVKpN,1413
HW3noXvNNMyBnQwKWmHUFt4mYP5wY5UXPBaRqrHUN6Sq,1306
9eufUAmYHiHKvHFX6MUngimknZxGXJJ2xzMyUj4JoWF6,1402
5UFDgxpQzAUKCKYR5GUBU3e6V7XUestdEgoEMme9xmvQ,1316
GUKa9V7aPo6zXLUL5CnfQtHZyhKpVXAZ5JSstdxWho5,1317
AAHgaHucQ8GEptc5zWzjCsmRTPh6Rcs24o7XSf3gQLzQ,1411
J4UZNtghWheKFFzj1E3FuoSRyzXRRX81eijHV41LrqV1,1332
2gP4sEQi32UY7mcofk1MzVNUXV6WSxZYGF9qFW9ox2tZ,1415
5H4cnMWgSSzNDhxh81HdJMHDseQ5hu3QRSYRjcuSab5r,1314
6eEpcSMmJJbRHxaxUKy18zJM8gpJps3ewwyRtr6NGPM4,1331
8nCgQqUbyY7Zeip6MDL3MSEhSFbHRKE5P4cyktgrF7Mi,1330
HaUDhfrgj91iFrkp9vMqDddZfNhEMZKJBAz2xZJp8p6j,1416
GEJaEYPsUE5Vg7uyT8y94Ua1XgVy4y6isva2DqWuqZMU,1333
HH1CuDo8VYo4HSZcc2EU86SgJkgGhrcS1D8dYbbQGVHD,1410
G9sEqu5w5FTd4oHm14XSD6dE7eHAUyBVbqJDi7yCUaXr,1420
3d75u3TSiHfS6rtV3wFyCVma4ZSHfTkgmwDTxY95kEHE,1323
5mYAYHK3oWyaxRTUTo7ZYMvCSSBAAcik455sJSEgAAEy,1337
H5o3Wndv2oSm57NxfXMeZ3Rs78Bcv3sFWwvsdRWKNCuK,1439
Hb3r6Dteez9NiiuT3WD4vdsh7zV5SocdyaxDFLVgR2Mc,1343
5Z6e1mmLUXgdCt8cmWHbiyeubutqFvGz2VpJC1rXJYJi,1346
2LcxJoCFp4CsTzEnZ3EEvFruP8sLm5DGP6izGa6kYnYX,1330
F7qfpA45nVCmKX9J9dKemWK6srYdxijDY8aFdud3EMeg,1441
BpVLnA2sTCTJ2smqyJheUsQ4K7JuNzvDRkdfyWdAFxv7,1350
8ygsi2MEa1SVf1bY4vDYizS69wJj724hG1fSXRNV3kJE,1427
9g2QsY2mLp4kp7QxAdbDTF5zbewJRfxqAesMErb1x8Pn,1445
BHATqcJSL1tokGmFjxzqw9F17NUkhxQ4ZWB6D68r7vCj,1440
7KVpuzVhsEAcHFnTeMeP6Cpgn6qqhP819aTy2VZQ6qoJ,1449
EPx8eTWVGfAuv9G3JDaCtm1qTbbYsPnM3h85onEzetxZ,1352
dbYdmHzvymjA1H2f89fLo4RMbaYb9mFohbFxb7TFjHC,1452
9LbkptAhZ8x5ovgbyYxSKCP3XNkroDswUqVgzs13mn9S,1433
9AcJziJZJja4N8SUnbtpLNicSc5pviBFJrbLR8Ebhkp9,1425
GNUAwtDG3JQTPxWjVnw4Bz9k95ZdY35NKppNuYoeaus3,1343
xRzzLQPGWg9sw2uGXzFEVxCF6QxyN4mfaSTeGLrq7bY,1362
CXGe3MDnYEq5Nsqe8jkkG5fYQC7LvVUdNopcL433HT1g,1362
Bk4XU4oEpCzTCPmPCFfzZB97i2PtpMtopt4HkMHLUMAC,1471
Ew42u3Kav3BKSga9JqKv37VmauLLCJnrnyyPyJ8VyEAF,1471
8VkqPmgvaDHkfTQiJPTZGFvqUrf9jxmJ3K2X9zwDE8A2,1402
2xxLgb6bhz4899q8UKerftvRHskaV8WzmmMPiCB5qwiQ,1390
Ft9CY734N6oSpmXXaNsPcxhPifQsAt1VJpRGi8QoR1qv,1397
3db8nbNgQPwKg8bsZmtNTD25TCxPauKP8NzEFXdhcJbu,1496
8NNBsMpbybf57FofJToCywzSkjcNZp2cMyu3wAnyRk1N,1390
Cnp8Q3q5rj4z2pUzSowg3PxzkWysfV7ij56Xa4jo7bwb,1478
3EJZUynyX8KwTmkSTLVJLYqVbTijoPQeLWxZzc2fegxB,1499
CJ8zkQoPeM8PrFmNKM8nJxC8Bn42EYv8bYk2L8h1ND3q,1492
Dy7s38zEKmWZ7QaZXx7jJpxHaFxR7jMSDCKuN5VSKrma,1395
3no9Yq3hUk1uwKo9QNQmmcLmSRfErtG8q1fGkPqfSYRx,1407
DusjVueQDURK72jHYmv71kCXVah9Dcqe6FGfgvH2RvRn,1394
9f8umGmtzuDGk6D8m1VJCv9tNM6Soe7vQvZQbbQmeJhW,1503
5ZdDcJ28pUbCucwnDvG7X5iL84FNkPW13Dstnzhr1GPF,1504
4RA3UdYxdwYW7CXAhNn9Gr76XM3pxKEUgxHMb6zaukMv,1492
E4cuunsJucgYpSpeDpeRdBdgCiGm7kX9zrpRhgjAgrTF,1396
Rr4csznohX1WkYWjpox5bVfmjXfg1uBL82MP2BipGre,1500
GvoUHvPYGFU7bES4j6peifKkwzT1MJgWgYgdrgsRSMPb,1412
GJNAv1iMDPwHPKeHtirfUY7B2qN8de2fjhKbj4x42Pay,1398
F6Ag71Yzj9fqoWfeZTMpzstezJPKGV1PULZysJxdMEKo,1507
AN1Y9C7oF8uChcVBiwhZcqkq9kZC1sbf8WwcANAPR58p,1491
2BYrzr98KMwHkH5x48sDDB8x3isFPW29CNJxMXosyRLH,1400
8EtHZJWWPBAgnaWVYDRdQhcJxtGunh1LBMdpNDNAoy4z,1497
4GC9Uwppb8nVnMuPBkh9zWwc7ZXok4DzY2aQA8ZsaHKK,1510
DQqU3rXo2miv753fCd8XWUeBQJwEVceVoVDwHg9v28c5,1497
8r4Yn9HZcftZyY34q33pg68z5ordLhbapVop5pN238SZ,1504
AkWR6wDk2ijxVzdWJk7SdgZCwYPJ38aXRW1w6bcK4s5h,1407
HzPqvKVCFdJ8MNUc4LoVffdTZ8tmDfetKjTn6vg18p53,1408
5rUbK9z1qwF25mtdsi3qSgWQ2D52vXQ2Sr1B87Pk5u2r,1394
DbrZAAfhRWU7wvakUrd4bAGFWixLtzvGeE8Hf2AmqfQ,1422
B36qvmRtJtueHxUp935eXrnrJUTA3uFgucshZaMQq8td,1517
2kKVf2DLy5oKSjPrZG9FqU7kworTui9ugqyxWCnwnvVw,1507
4Rnu5UNXuB5CpFxzsThyzcUK749wbCi7WtD9RxYNSWfV,1411
AFHCtsSNLNH9vKqP1qqRq835WgUasmcYEN8FB4y2nts6,1432
6wN76mTwAoto4SoGi17AU55hpPZUqbRq56ZG4MhGhwdv,1527
EunBViPw4DiqD3fgpo8r3tyUPAE4N8HtejSAWL8TLG5A,1516
AREULzGNTCU9H3bU6YFwqDV27RFZPJCM8QaC21p1MjA3,1419
HswJJPFoorikzebnKycEcr3PzwQopa14whns56g23m97,1418
AFwGxpTdtPrqpQCMrYdKhvcs76dEjX1GptdyFH4qnea3,1496
HZzorR55urhg6JHEV4ayH1ZQcCzwfsth9gA72x5TQjP1,1519
9thuoeETfPYsoy3rTtbPmmTC14bqkjE6KfMJvGg6HEwx,1517
51KVopr9uZeFX9rcSVuZD5Ho9Aby5Q8MVJdrG2YfZ2bt,1510
E875vJwjcD4GyU5ecs9vAURo9uZ2h7XXNtXYVosiLMXo,1422
41BHwtKgHPrjU6VvKsAjtAbZVGKUcezuCyCskecXUN1p,1430
2pofYY16S94jv1gRgnBJd4MQmomcCVaivcgZSbJiWVHn,1434
8WJbWpVy4s6c1T6pJgrJuZTpJhUHNAEGAPwvjuFEsgbg,1419
6snYCToe7nM47bhL14poVVgYALyUmtNyZMK4w5FVidRz,1528
kG1eRCwowVMtZxejE95ExxcbzLREn4VPM94pqxoAFTm,1424
G5cMLgE448EQ4demomg2p4KpLFFJKZPQFP8uGZKkLkAe,1424
29mKMFqZ8PjahbJc9Nce9mw4uMqvsmjUAQeKZNPT3yts,1517
CesVg9auP2Rvq7bvUczr8bicWBiQqKBs9zf8ELcLSnyA,1518
BgCWGVZQKtKkoCTeZMtNssMJ21DkiYZUjDFkq9sCG5du,1509
Dqsa5bLGsoKLSdPwWrpWRuD4RXPbzUgSHZ971FDPZQc2,1438
HgWtDFPLfyiA9AzQy3zkkSbGEXsbNAtjNDQU6Cwztrv2,1425
9AgfGh9qrUd67jRgZNGTfRjdN3bQvBQYrJ5VDC2UnqDG,1446
47C5hPKcFabRi5iL4BW7W3t2ie1DFMCQpUwGX44m1tft,1538
Fbo7H9nBW7C3Xg4hnDz7k1VtZNpetfP12rgWkoFs8SEL,1435
E8t3YNzrmJPm6PBydYWkbZN4TwsHeL1siNg6KmrKS9ck,1451
ASMV5iSimXvz1HwFqQPo9WwUdhkbPc2dC3X4wsjHPA2A,1535
ibi9Kbf6MLMMXFDfj3jbg75gYaVc1zwAkGCmyxkcdmM,1530
H1DGctDzq4zqxAHmFrgh9P64BCDZ9F1UrgRTyPuvrxuk,1547
23UDkXdSK7bb4PaKHjsuk6rGR2wDeDiTLyX9NcyJmJ8B,1543
CWbxKNdKKfN9yU5J6krSzgoWr82vVwZvMHfTE89uwPY8,1453
5Q4fu1Rkuv5StX8rRVcnVUfYWb8VqzgrWHgXbKKLpcwf,1537
CvMG3aEueXQmtQmdEHntgKyMtSVTCKfj2Sv2SLPgiC1f,1444
ANfgJ42cqctGdQib1JyqqWrPT8xajnJr4MrsW1ENp3DQ,1545
29x1StetZRmBYWR84BQCWXMpzTsfkW9h2FAwYkGiuHbD,1531
CzZdPJfhcAZQfJjMCNhVGotQhDFT8F1aB1JWDZpYPQEs,1443
EfwRVQR4rFvWPZjfu2u1AFsHAVbnmJkfuPb55BXut3Hi,1540
FS24TYxq8h2sNFQLUo4SCJuibxB6PkbRLsyGTtsSv8w4,1532
9R2zsebDjXa3oCBGN89iekXZhtTLoD4fHQdvSyjugx3t,1456
CG13nAczPhHoqFuGJx7hCEuPATwff8CobBv3SwGRr7LL,1543
2G8bEc478qs2r7Dchhg7FtZ5mtjj1e2xV8MA9gRQHyYb,1459
EGPYgwRcQKLkd3EqpvWtERYruArZH95UpLKctyQCAyk,1537
JhAMUYZjeE8zzEof8irxzEaur1zmr86Wg9oZWyjhGps,1458
3Kez8qDZfbnd7VVd6gT8aguHm3a6jVBuB48JEyCvywva,1457
Howw3Ny4AiPeeKU1R1MoYamBakCuTBfSSdCHj3A95A5n,1461
7PbknNJUx2UszhcduvMDCDrayg2UyB5w5ZT2qtGbpEtF,1539
9ES5J9GxWzuAGy9AjPD79w3y1eSjBF3NKSi6er16HeN6,1452
J2HMc6SnnyHTer9Y6s3bj6YnDgVAnBrp45uAHnspJiFR,1453
AMkGwWbnzyQit3MEEbvrJvUu3GcadMEGA9CcNbT7isK1,1461
BGPfHp3WH2HsNRqVBf2xJKf9pwRKuq1jW7EYZcYwQTyZ,1559
3ckxaw26vea6fRPDQFTaPhbJBfGf8yhLSxY8axziJwKj,1452
CPzUBMaokEHQQEXNWd9B92dMdXkY5DnZYP7a179zdS4Y,1451
EWtd7JvnjPNUUweGg1t8Jz58AM8nGjoZAxTMatxTRdMM,1465
95dXXRqahnJWEQCGaThEkSVSpMV4ZuWhGxsdgBEzR2f7,1542
9CywKKw2niBFH4JKjv8RqifduvpjKk1QxH8BgPrX554m,1506
H9JS827uUZCn3fJyvUQvFkBXM2G3UKU3Vek1VfiLQy2C,1508
Gug8mXzaUnSWXvvkrduNNHFxcLoF5LzYCDZG45iMAM4J,1507
AUnDuQLcoaNUN5UBTDPwFYFRpt435PfQ55AWSwBE69ad,1607
96VWyRRrK2t4qxdpJD5kEXGpMbL78ojMKxUkZ5q5a4KA,1514
GkEam9rWsGVWAnz6fMMXjUapCh9uzRMuSJW1gi3oNV7K,1498
5c3tsQSMwRgK5BKHLWN9vHmTPSSjk8RWT8C4Jg37r4fC,1624
6L6R8fKKVTtiiBfJ48QNbk5riVEt11ZXoYvsuchdgmC6,1628
D5TNRWNpEYWLCKYTxY6mpQg1hPdJjbBvi62wsJeEXT3B,1617
u4jcNe88zoQH9PXUAkZZGfu6U4BQZFSJwXFH1pNR4EU,1540
85M4RYws4MNnWx73pyppYr5zZVLuaTz8s4KYyGp2BP1v,1625
Aj2Wv44WLggCMYJSK6XtsrYPt5rjwvbsyZmzBuJazL5k,1528
5TguhF2XZFUuJUNgo1SmYRsg2KjwLTMqCraPex53gAqj,1533
AkoSbmNQZyqidh2bXnJk48VJ1LTgSasYwSWDdaprxBoT,1545
EbyWJNWZq1ct7CFDZG3Qfgtr6YUhDt929rjUnGT3P9Z7,1625
CnTzozJpZNYE5TJiS9Cbx9k7BeKmUFNgfeFgnFd32FPL,1633
D3zUHhBvtJoyqbWPHqGC9WpTvTwvvfNMPZKzf7VKrGQy,1625
9YsYJAYpWgn6EPw6iDxEvnTjseoiMBP5RngNKrK8bmyj,1633
4b2SjN1hpt4pozakBHvvw2npF9tLLWoanjBoVvXTJkwh,1543
D24SKPnFrNLnUZQ4tS3LsSntvkp6RAnGCo8kW6cEZGNG,1533
Efz4GMRh4qjjuLXDFHTMMrRkTdnxXaoWykEqYKt9aS2U,1636
nKJS7F6H4QYzfP4mUXjDqeHEuynW692RFba1nXVe9jC,1626
TE3KCMbDiH14hV2ptjD5iV8DFGhEcpUzmANekathAwp,1532
EvNPcuzCmMSwBU5iy97xhCCuorfqsKfAATMZLuDEbHxf,1540
FJxnQnWkMRteGH2vGLPLojuV5qMnxsGxux8Yebjwtvvg,1528
72CfEV19TdtRjcBJxMhgEL2ceBSo4JKQPCgTPeFV7B34,1533
8nakWPPEwCdszsNNh6KCjkLScfy8t8ueEqiF1GtBwkDw,1640
Ai7C6rmHhi3jn2SNsxdzsBnRTVNPhmM8m68aphwHAkaL,1622
AsmciYiJ3FZRMcFSAQDETkgJoY3Li9NJxhE7XNQ9Lbx,1530
2gKF7FLof39QEAhy78snXvbn88diiRfHhYKqgKbaKgev,1628
5guCjS66bqbVaJ5UFzn6VQosouRmKp8aFEmpREPygMzE,1543
DpTCq5EZvcqPffnbtXfTa5zECuZyA94D2beeBrWjusRa,1536
6tAGsBMmfsnaaA1sXPWRtXDgmf9hgNM9WHyfLHHhVnu1,1622
3DPE6VnMZpe5fZBbTsX8RkvptbVhn15pLZZXsoo8fYUw,1684
BVGh8c6ydK4MyHNhHZCTcSVBfxncR69prK4WsWCZx8fH,1591
776TJvza4FdkoEgjUgedmVKRRtRxT9M4jEGa2t8gKqVG,1667
GinxeM5sYYpYn5d98WRVbct3XCPnFdDxzuN3wa2ZJZ5j,1577
TH6bXK5tquVxMvfxrT1Yw6PiBNJ83aK3URMLPJMpKrC,1666
Hgqm3GyqSTUMuv3XSg9SSRq7LVMgZiYBNPpLmnk16M1i,1674
ENSYTBD9bVwvGNaHpWNpDFfhNvR3EJKn28fSt9gUGL2W,1686
Fg7Wz6crTCXLf5NNWyQcZSKQn5ryb7BpNYkRKdeZRzHQ,1592
8mHLhYu8oNytNP9ekD4gVT5uZKiXbyQN8LPtcu54jUPM,1686
6HsRBdzJBCPiKfbQwwVXMkQZDHBd5FCCjzuezxQKRaNW,1589
81xHzTWHsjnzQWDoZCFvVDk1eA5b9XoUKCxW398As6yU,1676
CHyciVeDBnMK2f1y6BZkBF9U3BAoNjh4KLedfLmZ6DwT,1576
2jMti6APW9ghZ4teCfWDWq22foSkQeecxxRdgqeFbjnW,1584
zzgAdtr5CcqMzLcwV2Ef59XKQiPa763b7YQ8A8jcABm,1584
CotS1jhTyXCY3MsNwspPG4v5ySRrR6JxWB6c61aLiTJ9,1591
4odRdtQxW7rBy3CLJb1QEAmnUCPCkpzKsNeuSTLopNSG,1670
3YtU7DpuRjvWwi9DsVykDz1ysz5fXkmMsFx5t5U8K1rg,1677
4H5d34ytsu57dutQExV9oNYkPCG9Qc68vWHUhRHKywtz,1689
9knz9M3SUjU8HFsdHqx8ZnBj2ysuehFhMhusQGSPB7FT,1597
ARPvZFMr4RWmuU8iDpoVrmX3PpCKsS1ZSjxhuPGwpgQr,1677
BfUrdA8oX4Sv5NHwJy5ykdpkF7BFg2cHBZ19kmXxsA8m,1580
D4E3yWXKYCuyu1A5YqoQsy915cVYQcMXMSjKgVwChjGu,1690
8deb3czATPG1YvF7ftKwNDgfkUpdrZ1LpiEXwpW8E3kj,1677
9vGkUoT2rBUCn2eets487gZYeefQjqa3gTNPS2JumQmL,1729
Df5Ks78EFhDX6vHV5acgzbBEojSAK49jee69jrFupoxr,1735
C184ntsRAiq2Pe1cX4EThyETia4vdEo7QshNGv2sLNyp,1632
3p7uJSR1824vbyTjgcNCtKwWht51m4sgVGYQYBDRFfwd,1731
D6Dm1oghgaoh9huMH8ANYfjNMsHBg5W8ZCJ3xSvf1RSW,1646
BcCtZb88Csir6YSdwuomWHWs5EBcJ4TzQXPpuvs65Dgm,1739
8Jq7qhjHzGnd6GRRBCLgZtQiRjESK5JwEtfDfYD4Nusg,1732
6VsyJbPMPFAD7a2kqWGB2AD157uCyj8aZUsyRAnRh7y,1652
BboRWMnArNMa6NwCdtfafZcR6sNqGp3Pu2C1Twnxd9eZ,1646
V4iVsuSPDSYTrs4cAW3shWCmZ4KoPzoda5SoZk5nd7X,1744
4opkf2pUQLhkL2djnyKJMWfN8VkXt6XHWPwQuxr6W5LN,1652
ALjBKTpKpDdnGWw2w9gxx7JccsNb1bJ49hFptv6tSMH6,1648
GwB81N2w69dhQ1RmR2eT68GZ1MUovL8c3tNMyDHhe8vx,1726
AFn3JRX3vb7DJqWHSGMWkho7quzCPL2TbTHWP8UTVGp2,1636
7nBiGAfeSmcK1Z1rxSUgRfXTo2C1NKxApGgY87TzW4dq,1728
DXPqfo4k6Dx9xixiKi1jvdM8B9gg6s1SZxEhyGEBLiT4,1637
HtL3pWnJAuzwjLeTNVBByh95YttS7Ud7EJSXC1LQs5ab,1643
2S1t4PPojT8ofJQQrmNoKcinJP39UbCst1caBnNibufi,1648
EYZvZ5xtmTkcgo33ykKPTQToB1F4pkXiHzhnazzFVqKT,1742
CahAYLEFpEpGNdEiNuFtYif4stKBE9SZJoQRKjjwpEdn,1738
7Xarztey5faz9XS7T613UnRVhdciFKJVHAZhw8qBsTnF,1728
4d1mMrdPDqu8AkSBFjBSFyGwNAPNCfXjEo6ethV9PDZT,1729
JAn5tRV9bT6iyKodAfEq14tS5iSbnpUwSZfCy9ZghBbA,1643
Ecst5iL88PhMr2PbLaRRpfepyrEEjm4WthQGjCZsxycM,1651
AuyY9b4N8PHkuzLYZPGt1rknkCLKv2oJwMEgm86crmNW,1753
Bq2FZBLf9sNmr8vi2PLXcB8jFMYmFmZVfKbc4M2NMPdZ,1862
J83UZdbGhnJgn4ieGu2GPFJCUuemu298m7CjvSzzH3Ad,1782
9pc9qGSmaGWP4gGRv1SFaHurmW7RkNDFwu9ChH2jyrRP,1884
3tg5ioCcR6Xc4oV6MYDBmbiA6UQJ6G2DYzygrmYvRVqH,1794
9uvf939NbQDhvHzMnhgK2QCGsjmqwe6mDe1zCbfrBUg4,1870
EVQSzEwJd3Jo1rRi2oXsjghTLVwKY8rm811ZmiZWNbKe,1798
5hZmMuYKqxyVeRuQsw5Kmh7cyqwskJvzwtYq51Qe8mC3,1900
3Y8ByFXFEtS2eVaxQHKKHE1ocvamiDh4tHwVcmDiMitg,1887
7PF5aqLYWwZD4bFkTwV23wFHFTisPkJLqJ1tUL4SaKQ5,1904
2YPBZvDiRzqD3oi9G8C1mmfZcxwERfMtunH73osXRdFr,1897
9wTj3fi3MbbMeXKxsa2Gr9QzqEK2tjGmJZCR9vVRBHXL,1910
9kPURkvqN9zfbyixjqtvB5t5mWdEjHNVXy2WMxaBHtLi,1816
8JSL78v7VJgnGdWPQdt7pX48mfCTLG2GnmvbaLsYdHFh,1818
9d76PUTGB483Uo7KJ7nJjiuErK7gwxDE36gZ7RQidcLT,1815
36bjXiy8sQ3sN4CWC1MyxEHu36dGBnzdxS2JeqLctKyn,1820
35ZXqeyYEPw6TnwikLxGApMUarjSo7ULMEusKoGqKh3G,1903
7wmBecCyotht6MPFHSbS3hsHi37hbrpQ7uj7ymPjYScS,1822
4zazHuWvfPQotjuFDQXHvyyPmEsheqSkN9ieRQK1HuZh,1822
DwqjNfsGQSFjC5FDzVdpfZaxa68Cko1DKjxkyNf8yZY1,1805
FEgNPCmSMMmeGquyyovy54TLbC4rphjx64a8Bo6eQQ7J,1806
BSBjoCpiA55pRwJiUyj5o2szpyfmzZnUHmeSY2mXYCVK,1904
2TjvM6ECKhdFXNopV4ckpbQvFcBYd6Mp2P5HLoiKHgH9,1818
FpxMvwW6F7qMmSg1QCkFn5ZFYyoLCLb7MxMcuEw8cNfF,1851
nhM83cTB9ZBut5DcX4HQRfXmBpS4k43SyTGKMrgSvTY,1836
ED16gMy62hpFQiKmnXaZiUjw7g3BXp791aVqiRULbjnS,1860
EiXDtAdouazUw7bK3AZCkzSCjmhjkWoD24XDcg4Kyvs2,1964
6yCvVffKWNtPt7pb1go3dQNo2bEPWv7onRqu5YWRHuBP,1853
E7ocfqgz3dWRA68gudMyXcPzZdQb99hVdrZuFhB9v9rU,1954
3Q6DVXA3r3jmHXrBqYf4pnnngeUGSTA8WrRsp8bvdAfB,1949
9MmBCFc2cBHvrZzzF19qWBzxv5wxLp4Bj5yaCWxNz3Ry,1871
2ZUUjLFKZmtZXBnCzCaYUYSDmrxaR6mehTFjTBt59HUA,1863
EZcXDj8yU1SxNEcqLUNymx4Yt6Mg5rjb57ywik1CW91D,1861
6ZBFTzjNjDtd2t6PVgeHXmPnybSqFgyrZcvmdj1eeb89,1870
2Fd4JNUmr15s8BXGeS9XFryGHs89ut2F61ZTq35VMaYo,1950
AxHRiEdL5XkZGHs6UDFzizo3uehoLCvHL91ykrHZyA2G,1957
HxaPHPzcnYZKJheqCWZ8fGcLiYGxiAhQgNk42L8bpxy2,1956
6vNjCoTwG7w2hJnZUv1q5c44irhHjazHZpPyfnFTfKC8,1871
FWfeixsVtK5GuARpTMLhQgairhop4r4XGCkjTyZZ7icb,1873
2gq15nsYXhXhBbh5LRHbaM6t3z4a7XkkCuYDwVF8DXLy,1957
4LMaJTLYpfkVnheCFNpuvZzMZ5U2BWoi5BBjTz928RsD,1876
2EMzfeeWNSG36GWvEuJR2QiVevTM2YCn3dqFFCQrCQin,2025
96E3YkQdCQJmGtS2pdvRSSbHDqDRsPouQFvvxChXFCKS,1948
9K1A23rc2dQ7bMwJ9WmwszoLE4MGjtPbbCWadmTSNbDS,1940
7HHTDL2yyBK2zSLLxVA9dZG2NBASTk4UVkDt8FP6bz6C,1952
G5NPRQ8ooUmE9FiPmyZgME9pNvnaFFzKJXVoLG44K59z,2048
8VC93zQMNej75Jfgc6uCKqdgto6t8WqpxVkTkYkqm4WG,1937
4LDuHxWHWcybfpmCCNEzTCGUQDSegn9a4i9PVKvcaiAU,1956
9Nsk44rVbBjjr4eijJxxt4rx4U7BZmA7AxSCH1DSJzYA,1944
737aVs8iCP49dXbnUwpQyMyfGZEYkcdhwvdk4NNL4mKG,1951
DSyyYKq7GBgb4CPrDhLd61CaEjEbE4X5fsSrSMUYgZgt,1952
2FdgdKV8LmVPFuapX1tJePgMm2KxNmAYeTNUbznfmC3f,1957
7trD1M22av4jJ6wbJT9n2rRwLURx8kvJ4mSMx8cjEXpq,1951
CZUtyrsXwoTA9XYtRnPDTSNSr6zkZS3n34dnkPV1YxwN,1927
4FQBksh91bt8DMgtivPf3SngGVAdSmqeVxHkbwrrJ4gG,1958
9J1TKv7fCNExVtug1jXZNKFWJ6JwrtqUY4bxKcvzJbXA,2003
365KWDQ3oFwuDokuZDr459qBbP6JJNJeVtd92Ayxy3v1,1988
6qDwBVd5dCnuxmZRML1a61jKxAwFig33bpiVS4LcJ7DY,2004
8NgLy5qw9bZSVrjaJvpQt3j1JHNDSN5fTLbqbivy3MnW,1998
77UJiSTCBFRynQ9qAt9t84gU5xeXEps4mxRuteECzLtU,2085
B9vb5m8TW7G5EdyG5W1SKBGgYZEKLuZCZLH5Jj9tAdbL,2001
6qXVCs71XRQtwDSAXEbdyf1r8dzMWqW5bQcjF7wdhg4,2093
2Hy6nNeU865c842rXVv3RRdpsKcjbsyWPXMvLWydWM2n,2087
wGqeGaSzRpLuRhQ8frty7gn59gEbNYoW8ZVyE4H1nBX,1990
6xJ4iKHkpMQDfZxDbhgwkejpnYubyoeGVKWsidbLeR2J,2147
A9eZ1HMRHUPzYK1BoPd6H2uPmfjunjASWwb58zpkfhkV,2138
6tAsoyiwZhbRvkT7uCC2fuF2QnLHnYPjr73SE6JuiYef,2123
6Kb6xN6JeQJNy4aj9i5HjRjtJ7XeP5fzuYQR9Cst6Vcc,2295
FHg8mPDsAbZDuxLkJ9fY8Z6PpLsGQtQNYJj5mcy3CucJ,2522
J9Zj8aFJs1bL2RAvTytuiwW7NoeHSw6GUtDSYns5nEjV,2522
HFueY4N3VUSnNyB2KxbUPNtRLxRYuTmizXDcDARUhFch,2525
2CnS2YP3469krzQqpJWEBrrkf6fFo4edtbSkcqZ22KqK,2567
6qaMUmRjc8z3V2fNwLcyyRHxNr8ztieNEcW2nRPZo6H8,2567
C5sEq2hAHXsB32mg9qnoFcv5A3pV8na3y2Ui4mZJCvBz,2567
6CyHLBRed8gDhuETU19Xf9vdQGoxjyLCcxFqX3GmxbRW,2574
5QMgSbiSWUsCju5qiNXmRi8QKHQy4GieJJGW8FUoaNFJ,2574
F2HJowkzGtTWoLY6ELp5uewkh6sJ1e3SBft7tBUR9R1c,2574
Hrswj8PHBTbp6rjDD7JqaNoLGS9kRER446wcffaJt9NJ,2575
3N5HUs8r1JTGPa7zqDxAVmmXN8fUQUTNLzw65U4Lr2tU,2575
9sa1pJMyqAcYbsd8tyGhVDytCWd6XAQevcAeorP19n36,2574
37rWnEqCYiCcRSjfGfj8cRvJk2b6E8jNV58vAC751B9F,2575
G51wAxmEm5PTkwHNPomUWmwJTN97g3M82Vxg5qfvXy7k,2575
6cC1KrsbdLF7ZVkAhsYfrimgbTiZ7wyyPkYWAZHgfG4c,2575
4v5psgRdDfSvsJDTafumkN3M5hyXXZ2spXBKM5czWKfB,2575
BhSM1jQAKwXa2UU7ZbeHW3z47MntZBhKuDxvCGvTQGbX,2585
ELNTiBYuJo1uRtr2zNrsECqd7mnZJXVfD9TNCs6zwm9Q,2585
4dAd4YnKt4B8gHtsGAuNZGgCdjXUpbACXfKRKeK2SdUp,2586
32WEh6f4dkQ4prWhYvdEhhGY4utj1tZCcD27f2Q1t3m4,2586
6TRxZSnTgpss1FDcMeQZiAPczQoy8JETAxVDpj7HfAoW,2585
C2nEQfF3nQ9VNcaXqzXLia155KBDUpHspr9moX6YNukQ,2585
7hfs5RyZ2BHad2wmghz87EsRveYU8741ZeFUrXPWfMQF,2586
9H7MTYpBWDqNbGuPQ7RQUXXhx6mk4PWpLPDx9YvNZcxs,2586
76W4zkCz7BLtdFLTsKrkkQnyZH497MPVfhuome4WeEEs,2587
5jieW7WRDzskwMANCfP9mMX98zSVDDpqyReenMRjLpLU,2573
Bohk2tZ1NGpL9YGjy3McnxV6RiUMSw8EiyfiMcQn9jgr,2590
2mXnbZp52zLoG2kPuSp8awe8BfaddsBWkxRrBtrXhLxQ,2590
Dntx8f6ufNtuA5r9EcaZNsKnn9Mxh54NoGg5jhcKyUrX,2593
FiQzy8DDFtYmvkgVY67AsYud8ZkghCYXpZjdTbmzgzFR,2604
EiHu3LUQhDqZ2pvVupvFcF8qhBW8ti3n2HWSFTs9nzhM,2604
AcK8xKHPigBKCBhHAPcHXBq4xXkmWiWGqtpqGn4KApQz,2603
G6bhcyoEGimAZokKSdWyg7qaD6EEP6Pv8ugb27ErSj1z,2501
CYgog6UQyEhmeeueuLWCwHBNeHgqpgbg4PwXK9Lg9Q8J,2608
B8UU8Fd65yMTwsLNEXyi3aqtLgL3NpA9urVHsvhoQuxK,2627
3xrcvWjbMv7Ujafmx4CaJgfKwU5TSdVUzPxp3uJqfodc,2617
55vLobzDJwsDeP2MoNNjaHXo1HkAaeMvdtWx6oFpGK9N,2635
HGzc86RRXywP3GMW8mp6imqTi8reCq8dKVaozLoSGW36,2648
7ebg7DxsiUiKDKCKCpn54cMnZcQHhBPmLaBenLB2AmfE,2666
rgXKNHDxFQ3XDDjJJtBJ269eft1eQ8XnapdcGsMZJw6,2674
CAjfwdbxcvZi82RxViQoKeaak9PULJWfSNKiZiG5GuC2,2674
Bza3hf5vbRREeMjpvq27DFWYNUvNgjky5pEBbPjRz3iy,2681
6Qn9vtrQiVJrYL9GeqQLFN5iobcR7CHMh4aDCtsdNsA9,2681
7LE485KTV78oQvcHdXPxxpU62Zhv2goXqjtm2JQSSovR,2579
HeeRV5nrPjTkPRHnQjvbvmJqpuNuPQoVmkoiabnQZHG7,2683
2EoP7je3QaXKZSTU49hV1jJypRNjn8TPLey4BU7CcoLR,2671
hHMAos1thgSK2uPpsmLBAo2RdV34eEVyYNXnNYhTbbA,2685
2ZeGiiBpxg2BSfdD4t59pDnDud37TbJFDRRX76xnvCxt,2687
BTMFUDwdo9K62YgPdLmN5um1Z1dUFMeRuZwmgp7JwZCz,2687
4MRSZzFVhXvJaJuJjdjD3FT6zxoNggoqAsSAPA4XBAdi,2691
DSB7bN7rEQNuyviFaq2iTJwb3SfrZrs52rj649NEjt2h,2699
EyypmVK9or2mUmM4FqdUky6ESbKTgTFFveCQyoxsUcYs,2682
Awz9QaB6Khjm6JVrUKX99LDJUtA3hNxwVNZwzYJBDA9,2608
eK4whjXAt257R1VrAge2gZP5uinxTqEWtweaCoxTdaw,2700
7YVRmGCECc1Av13nRoJWT5cAgoi1uc7uDGTU4NgJr4Sh,2700
3cVQtymrG9RYwGGWdA7T3188LTvTTVWBoqrKnSb9sNPc,2700
6mk97suDsxHrGRa8ktwc8KC9sRXr4K4xcE6Xf8PXh3Lb,2596
Br4mNVbGG1rhQ1UA5S9QeDQqc3XTvNtFPQzr3G9V9bwW,2610
9yXzG9PBVbufc8Lwc3cnui51NzgGMuu1uMvsEeWLndBu,2611
HEu7bVnW1BEtL1g3Lk3N4mbuzqV2sVGgxwRkz6EJ64ue,2704
7xYGbrLxtxXB5t9c5LrZaNNLi12wQdHwsx2ytdbbBYiH,2706
DDD6eeKTYg7p9FKcC4mpzshXD7ncA4nhARzfqfEGKV2Y,2705
B9X6J4N81rkKxLBTNKGQXWSTPiJ7EBqzmjGLaBmxZcLF,2706
5pW3dnAEtqeoVbua8Q2GZzL9D6ivn2WVvoBPLnghuSnt,2709
22SoDRQNcCUeK2LfiAcopKHqfQ9ayJTFQqv5XQCJ2ap6,2708
Ak1J4a2zy6pJrVCvpyZx8Nm27u3TktX9jNfzdzCv6RHY,2606
CtptN2onddpvhSFrj4YpoCoav98maY9KJZtEe4BCDwzh,2726
3J6xUeSRgpsS9Yxf38A9gdR3MAmnSMEa9fktHA3Tx5zP,2728
ATFmDD5H4w9YbJcxnc6ZAZbV8XCqDhtUADXpAuHunbMh,2730
2whiLSKfQSKkVRwAK6fY5fhLSw6iDhB9V6tF8uBP7ab9,2626
Gf1TMMKg2GCc4H7Xxo9Z4nJpJCktCpx2tCaxpiJ9tg2w,2627
5PsXxBYnYNVAqebstJYXoV1bF1zgc8Wn5udFMTFzkz2d,2645
6a7UzCUHtcHLgPxqLAKGA1v4VBM922aTzErwz66naizP,2746
GzAP8G4PZKa7GGLJN3LGm8x4mfmr31NNZoQqsAm9EMYy,2746
Ezoya7UivUAoKQvTjVojJiQpubcj3mRNcei43cKvMMHt,2751
BLQZieBykCSUbJbUYCEEWsSsEZqBUmD4N3Twg73bz7nz,2750
5Ha56re9w8FvQ6hMAbhKNNzjZ3Z1FjzQ8sRFNMox1cbq,2753
5uuomdv5Fd9h6hBgdoWoWTJCF3ZjyWPGm46La59ZmbPp,2757
F2x2UGHJu8MtaipEtetJ5HyE9fTMsbpM8zGjGgt9yYZV,2764
HYWEdDH2X9C6ci5oQSc3qhnbim37BCUbvhi36U2s9163,2671
8fW1fQqqpcuHDdf4Pv9nYZXeMib1ByHE6yT5JSLmS9Fm,2764
BG6UDCtipm8P8ALELJvSvEnKUoNG3JZgy2p3wqvFSm37,2674
HwuzyWvrsc7deg13g8iRYi26damyXKQVPNLwQdJNnzKt,2672
4v2fATAYmgUGSGF5in5JA96mmFsp2FRBmJXRqnwByypi,2805
HrVKTnZ1vw4MEgXjyL4VNGtF3fkUAhyX4nroX3ktVZcV,2726
8k1onoAjLx3PbqvMUeqrGa55fR2xaLTZsfaPoGmZpGRy,2819
Gk61anv1kjgmEvkHSzUC8QEbzaMD2En5HbjkMZRiGRxn,2741
FusZd5VsdzrrGfTbcqvc6sMxMTpuSQDUjLaJJLYxqE28,2827
3KTLaAN4UVLCbzHirFaTELMcKg7RB284nzX8VRYZEdzL,2953
7JsqhAoc9TLT8CyvmU7heCbMXdr827tciKL2AnzHAmkj,2983
JAYChs5CT7iyJDLtEz6fUMvzhvSGCNPUrYjWhCNicuQo,2997
BNoXe7SoEtczzwzx1Tg43Kr6zMXjhboJKVp5rv4xhc7d,3006
AD4i9w1tt59Up8Esoes5qnhcobNT75vd3hbvfPQhLC1W,2907
8z1SU7jHVCEUxpfcTdQQ2kvxVbgs3UbBDRWRxTcYj3EC,2933
CzWWioSCA6EyMw8YpLC9vjK1Gs1kDbrtnu1DJSVTE4TJ,2946
Gaoh2P2Xb6ywmTGYCJs4siJThT84kFrgMBWJpa8eDnRU,3042
FWTFAW8JHQWn8hhog87iRg9YypRMFENWTrmFjyfWZXUm,2944
Vr8VM7q5bPDBUnFJj2dFaUGUsAqTB4S8h7WxXNUt5US,3044
5pMnEQ7GzhrPaEXNpSG1JFMttRYf2zyQn7LuaLEptwgf,2956
E3nh3gx4mNKTgRMXrtTgBDkPuQCabZvudYoypbtxk4E,2943
CyAWi3divRaoq55hXZaFcMgKTuB7HoxrSde73WDmHbio,2956
J4zkRCZ9WgDX2vRwKkDGtyXjisPbxkzFaw1rhRDm8jdM,2950
54VpoZhboFEVkY7PizGxKAdYSW2Ckk9gPs83CaZuMij7,3056
66CMkQRASSMNyxz4eJ4hvP4tjzbkkKA8uMtmgMiQgjRA,2965
HCFJZQsndDQkwj13gSMsANudAZanFQNLvVnAEYASNZ3t,3077
AHmPXPfAt8YhTtKvfGBHWbnqXmUwzEgjD39fJddkiJzD,2974
D5v5nHxTdkiGEp4Wyek7ugmW46Tm32XwTS5f4tt3fDhA,3077
4oL8gks2r9e2eAoQ9cfjZd1KxGNeRyNCoGmnqahXbHRQ,3067
3n1deZjzBhe4LkXYpJqNSnCokCuxLN4bH1RUuX3W9wCS,3079
91z92aqpfcVhhChnzU22rFunaC7WvcqMMPuqs6eFWsU7,3080
C14h2qLsHNoNwjNZQ51EgyGKzpfSd5XCZTbaDBWRzGgr,2974
6uQZM5EnJy97uuugmd4VCLShdnSysC8buvwSmFJ3VDfA,2987
4vzjkHNuAQeU8muE14CxR24dmgM7UCYbPAFBuJEqmUcJ,3083
Fp898f72zvt5sHJTf1xPN8qTSYuWpcE2MAAtS2YmM294,2995
8kRqcE5SenThrWqKpW9Uh2U6JU5eN8rJYCoqJsPxPod,3087
4hq1A6EzADkTATruePRdB2XDQQS5V8MmMNUqMvtUZTe5,2993
GyhNkjCuzACr5Pina3Zr3z8sJVugHrMF5JSfQGJx8gSy,3075
CeDgRZjuADkeQoae7mLQA8mpkbV4GXzztUjRbvW5vqm8,3075
6sPHhw7wRECRaDG55qriyag1ajvKVk7V5kTy7jdUYPur,3087
6q1KhMEUi4VrVRNR9DBBHuzxK6BrCFkBk8uohy24mhbc,3075
GwJPK5gYgi7mMmWg2sMMAtQkbZd2xMyUqjXcbs2woxxH,3076
DeBvNJn1Gnqzbc2Da8kCs4DmNLvAaTbqgAorxoax1WVo,3069
5TduGiGL5zv3N3D6Dfpp7yb3FBar66SVUT3dxBD7ch84,3077
AaWSdVLxZZvmkKNso3M1tKr3YyX2FEnsiL2bUveyVFLC,2994
7ZDpaZpFNBEECjGrgooRb8bFgzVujMyFwQ5PV4nWninr,2994
2mU5Z5V1vLNpkQnHjid9swVHaieQoPyeqMTXFAkCXogN,3081
Q5TFPykn2492n66j1QJaJhbd7Vomk1x7TnBcy6nuAye,3073
TDnv3dSzCXFbSAWjqQXXY2uD8vBpLnkcLMatKjrsXXC,2992
6xj9NZ6Dm5TucE3vXppTCCpUuL4F7GBsLFR7wWWPMunH,3098
2eCtLU5GZ63QSwc5sgXZFBWWBpTbeQ6jHSLqxUUGqDYH,3099
EYcMwkhvLm1hPbofbkuoZyYde4Tq9iowNXFbndsqvpTY,3004
2avmvDzWczmh8LrLwGUECf9d55tXLzUY7NgT5iezgeVh,2999
D2iFgNWHP2CTokks7DHU6tb6o46nJkeamqS3uxDB1qbh,3078
HLydzriKAYZPugFLgQ2hvQE829d7ak8Qg2EBfKptnUme,3086
BM5LzCH9oMfSCTgf3Qt5A7RK1EbPgo6qMpYTSW2Rt6zz,3006
E5kWAP6fpox6RQ7ESb7V7WDKKf1UoX3ZSeWJXxvBunzP,3097
6gNYSxcZS4HTCazfqMeaFT9Ary6APsXnmZVnugpUPAov,3009
G1sjhzpYPqWWkHPtAZJfps1nwZw2Nb487Ybxn18ar26u,3085
E7GiqhY9jP31FHoyNckDA5mccwyTQET67saNrxy2GDFV,2998
GU4S3N1uRWyGDHEiaNHew4hrEmp4qG4MDqJ3rtpvNLwV,3013
GKJcho2mjmxozrsMJcQt57NspCzMaMYcW9HHQvewkjYv,2999
Euo6PUJ4BMm6QmbafQodiMU8YG6DdyvtmAUsWmmU2uAn,3004
EmJW2tXxTf7RdaBXyfZmsKJQjzuzyUJRgi91t8NTzYFJ,3017
Gu46qff9hGapupRqMUAjcHvdUetR7ZoWmdYhTSNHijiB,3005
Eknzkrr9abRbQpnjFtmYSzyyCn52WQ2tsWcoVNoiATe7,3113
6AVX1aeeb7mQvyvK83cRaU5Jkx12DU8ejVXQC2BGUHVP,3121
AMkhEKcounwzUmYgnQY4hxbvrCeAJZCMJ5tcwNQQA2SJ,3015
3rvshBVw34P9UX3HM3EPkSg3i15JDWRaE8howzN4jp6d,3110
HWZoBn19vX1qLFn6LUCXYTKyAyVB1eN5oakXZAaT7nuZ,3024
D9Qp9D1oB2p4BepEH96cQfjPBRJM5UyBZDcmS5EwKDrQ,3025
2y92ErxA61VgQFNnvMBmG8nQvZiHdrftMk2pfmACx14s,3110
5F32tADCi8jTvWdap8f87ZDncpUXV7JFNZ37iSrfCBwm,3127
4uM54qvxduhEtgsQnSyGHrpYDmFp7kskDv59NwNYGHZy,3134
36euQaKofw3wwtQ7Ud8wNZukrwSErjj9QC1WJyvWZB4C,3153
UR7mtdJ8KYkEs3j4sLSbnqDA1wK9qs1ZP14PUuYogrH,3142
GVbGdKmEvUJ4pWn2AQbGB5WQmicpaENp5jEWDFmbtG7M,3154
7j3hDPHQg1X5NuN63SLJqAo9uTchofkhVmh7AMuisAg2,3045
HL93yZEGKsbmhAQSNkfzkqEkaUzPKeoc7KmS8wVsULr,3153
2zuvm8vZcYJSLkJxe9dC2MZaQzfvLiVq263CC6PYyqDt,3142
DF97HszozC9MM6J9UbwkZpaP9UMFjHkhgk7A9RZVmTNW,3135
FLx3EayyBvXLNVV97XqvZZS6iJqDxwdw5Pr4NmY4YGKB,3135
2a88DL18q6zfRQ131CH12ur5JjWPRNo9YQgM6sxbXmNJ,3153
WRWJmVRLbAD9YJ6gT2121gX4BGVDPJTsg2Bqq4CmGxt,3045
9ry4s8BSHEQfphAktBHpYPjQFL7PomMq6ASxzSiCzu2p,3136
5RkCnLd5qrLvZ3dPbNLc7MKMsECe3fdm2nTdKAjUJoXJ,3060
7rszB1b3iTTzQtisMWqReoTQhBL3EExAFJ34SDBqYg5W,3156
2t3iQGpQ5tYmc2cJ1KrmMuJRtqXiCpNy2HzsNZJEprbA,3077
GNnMMm9BQ5AvZdxJ9MsVFgDEFA7QK7tYiYyfQ72rxp6a,3165
CTVxsrRHEL7MgWDortGFN2AbjfMX4H67LfjDM66Hanqf,3061
HCEut9z4UAC9EuzEn2tBMp4QadqVuQcq9KNRVKuVgPo6,3082
3nWzj3qEXrD9NggQSmBvNsa5HwwDRgfvppg2LEDiNWeK,3135
9Tc8AMpuwikDsuPhYnTvKik9hCz2NgCS64PsCkBJX4Cq,3224
6nG7UW8xs4kghsViGSWKYicBBtYhnte4bRpV4kYeo1bB,3240
5DqkAs7QhUvC29jKk5GSixqB7qeiXMztxPWVFpwLSeRk,3239
6fF9yipywxzVbjCPGxs42a87jaLEhzg68BR5gGSfzGCA,3234
3ERT7Zs5qYj3ekwBeh9E5Uhoifde3aTsWT8X7JgfT7wg,3148
2FjzjhrFTUpfFm3VWcdUdHqsmji2GhLJhf4Ey45zgpAZ,3245
CK2ULDMwiAMnm67c8NyHoWKs1XJXLQS11XN8YVkF4oB8,3152
5WB5yszo543346iCXqp9K2V8Ni5kSADbKFgcruVbVfeA,3172
7ozcScAXYjJfF2XfDnD8qvhe1kG1cnhtcEaJoFoY3haF,3273
3SK5FymMiCFzdCjxb1ddM9GGSLsdrREFy55G2f9iaA3W,3260
8dbQqMGt6FAnqqGZ8DsvNz89oFJje4E4kopm9he9GJsk,3260
Gsz7SySK55kGryZ92EnnwauV5QVHaWHBt7CN277nSmyn,3178
F2NGJyFzcMf6egVv69Pky7X15dccrCKRcDezo2NtXLtb,3288
3untSpGTCPVCHimAeMfBwfaFoe2gEcDCPezFt5LPh4Zv,3190
9DSqEC2v8ThDq1q4rdTDNkYqurhbjivNRxD39HzuCe1W,3288
78Zj6B2uLmnNgRraeafgM1kZSis4CXCZaDLRydG1441G,3190
8NK6jvVJsfkwmBHkMEtpLFrQDx66RBG8uQzMAtgV96H8,3184
HSdWZwseFQ9FXxBW3gnYmE5rxwzeYokVTqiRjAKBMsQN,3196
FdsFCkA6K3suEzaJo52aG4bDjNUAVRY9y6VkhmN4HzAK,3291
6BBZBFzrDMTSoHBMjrLFu7GZYtKuEBTnLPgEpmBnhP4g,3186
51PCXiYZ2y1SbfLtcw9JqvmSbK2JZjxGNcNHvFMPJnwR,3208
6BsuwTpT4kNZhX6XGPi2hRFTMxkS34LozQcanLMeSaUr,3284
BGFkCTShknXp3wqzVdD1ffcsEtsKaozpGfwPgDUagZ3b,3205
HpQuHaU5DTeSC2ZZCednhTa6udvkbu892ZFoSQdPJdBQ,3194
FWPdzJmRbbULcG83i5vbhMVj7NPz4qtPY9wRpMTATzJC,3284
GwgzKg1Jv3YYTnLA42ErBk9PbmshFb38F3zaTWst2eum,3198
H99PW9eH5TzDUfKszjwUTAiTwieDBMenNPHjmRVq3xwt,3197
28f8USZ16D64WbFYJyxPB8hGmMYGYxzu5xZSEbKoZPFy,3303
ATd79k4yaUopeYtSR9GKvw1HynR4Q49v3KYLL4tgVkXg,3305
FwTJdB9x6YSK9EgKfBw9FqFLmo18WtGPGtzd2rSPBHRJ,3305
4ttTw3tNUppHi3Y1XfqV1ZoXamdzfMipXsmcVnztht54,3318
3T5aFDmbazNk5cXUh6EAicRGYi2UfPYyceDydmVhy7DA,3213
FjCyx3xZTskCAXRA1t2vE4fs7TvJaDes5jRHu6SSAWDa,3229
8Az4xp7pZt7jizQ7ogZKNDNA86ywEQ4qw2mA5RW9H1st,3232
7M5SsCdkX39H8d55HHcgvHQ6wHn4mZDQgp4eF6w9ixQk,3316
9SkzGN2RfTXqUT9wCM9nVHo7HUVpfsadXN91hTRdE5r1,3488
8GtrTuEjwoMRgdgcwxWngZrfYn97WHEGfD5S4H2BZHNv,3580
6B1uu2kYif5M7Gnagm1naKgAr8S7VruvpGtcgqnZWQyq,3560
51CMtH4GoqRY1gcaJ9ubH6HNVNfCx3FL4BMFkb3NNvRQ,3500
2NshfY1G7rB66Q956vaF8MDDmjLJweEHTWLoiWowWaEs,3486
DwRrkWCZAYpvtbUpaiNZb1j9uw4NK5ji5N25QBWt4ZRX,3487
6xrrjkibAhCw9jpYi4Xxe1WHh7TEgKtjjuchy9YM4g6,3507
Dxua6b6AxBVk7ohD5jxVR4Tw7pa7CBH9T57ucDC8ox7B,3503
4nDjGmaj8jWihH1dsKVBauqzsoJVq6EDoThj2bi2gKyg,3495
2JJaKYZWwytBFSHK4juoNK841c1xqy7XA94MoBG3pzEa,3507
9HLNTA8bbV7cDCeiYYN94vi5M3QVX8L4F4hf5emj8nuy,3490
4eMzHnJSNQEZVGczkzKMvMDgq8geSbn7euGTkkRBaqbC,3490
BB8J8FL4LtS1bYCD9wrcKDQvALXorXD25TWkPQHbj3dR,3581
6sdqKS1EJDi51HNkRWEqcscfiwPeWXYac53Jn7jDURaK,3588
HzD6geMcUV4qCcfwiKMa6yhbkrM7jNUyUVdDbmxyBhcm,3490
7qL3AwU6V6JQTUsG1F6A673JrcrE5cGUKFUiriKND3sz,3491
3iKMsPJQ9tpj3k1TFBNjnY8MdvJCod6kA6trJyHDjXWj,3504
6YzaBMFg1E118N49SWUxFg4sVpACK9VYv7zhq33hQap1,3588
4ujpFZzBxu63RZg9AVGvQpJr8AKN2Ka9PYtMFxiJf4cy,3492
AHQHMMqgHr3JFDehDWCjKc22yFLxh8E9cxguQ662BJoh,3601
7wyms5b5Ycqf2R3oGW2etS9JTnGN4whpY7BMFKSYaAcQ,3503
DbR8L9eT2rNetG83pxPqpXdyaPdvYitbeXC6MiTLh3Ng,3596
HmZEGLxhdaKvg5ZmL8booPWEMWLDJvEDNusW2yWr59BV,3495
GLoMM8UxH2tCd54onJLG5i6YerAz79vxrx3iBgzVM2HS,3782
Dk7r1R7JYQuH5uN2xid8hsQEivL7sSG92qv965a5doSK,3680
HQp191q3cnQdXEMcRZYJpVYNHwxzhMMzTtXdZBsGpe5,3702
4Anqx62v3BwsR6Lynj7m6gLtipMqGKXKieZSUCkRcow8,3693
CzvV83aa5XzyYgi8QGyiQqoqvg7ETs5uiUimGfbgBVLH,3795
EKdVUapoaS14hmLGUANDfHPBdjV3m8pZLcDHmjmHaQxi,3704
GDGif2xQnjyW9w418Nnj9wqWCEMfBXKGwHZv5dP2WiNo,3704
FTxdbSSrgzwPkTRfSFbJATGSugUDyZECG8tpLWXoigyx,3709
CbUkQVp8sx62kK4BQMAb9xGPha1kGF5hZCTSXXF1PLWb,3705
8PGt68KfcP4pbFUirmPDVgME19ddojCPNf7s9e6B7hgP,3694
EhV8inKVNGZvabGkw8iboNfkYe62RF4hSNM7R3wYdLg8,3703
7ueQoGoezyukQ7QTZwFuwsCM1ybTZbTQtboVTSZBpPF4,3697
EJDwRoGskR5XWpsWzqQ8CR2ARhsRgFnCepT6cfk1UGTi,3801
B4G71VGBvAEEj3STqxFbNXt7CJakZBcXWkqeDcp6hXL9,3697
7iHpg7vsLdg6LF5DuLzEWySLLvCkBp399u1Wx7KUYdo3,3789
9Vk1hnenkvfAhGWtPpBWrTLxGz32gTyPEWCqYF3WBhXs,3705
8p31rCy2svmtpe7eE8CbvsSz5eo4Nhq8qLhGY46kjfX6,3790
4z6L1dBwC883ytJWF5WtXb8AB9z2X122kGsAU4q67MiB,3697
GYh5ivRC9owQLpwypWRtk5t8oFQvKmv8kapJEQVhxSzW,3800
DVAvTx7sxq2AeYvXR8h2KaRVC2xE117naHmmXFuzhXrb,3707
DqJsc5v9VUW13XVEYctwJEo7Tdb57c4wWM4xQ78TG4KC,3710
4hQ7Q3cK8NxbXdKTkHS9KY9ZpiTNhaDskLvwAeUM13fL,3801
GJKzEcEkgNCF3MzGMDriwTw7cLv5Dm1s1MPx6Vryp9L4,3794
6xMgi8yoMzPke4DFdXuvoQbgbRjP1zheKJKo3eXVycE2,3831
Af4iZHQEFdsaf2WVKoyJkQ6zjX11aWUGg4TMJr8UyzEm,3749
2LGPwrBg6rLVxFGiydSCbPAjP3z3EAGLKxUnywdBGXNk,3831
5zy5vo9zQXHyeY2rdt3NgF5RKbxNaLw5b44cDZCqHAdi,3747
BzSZvizDVdM3tVeSjq7x17PrFHL3JaDbXcudv4g3QUBL,3745
o3WCFcXJxPMaM6v95TTVejSjLNGxARWW5R3kvGBd8Mq,3751
FTyAL3ZVa23RXRFUi6ArL3DDmPxHnCuL9x4jxfhiUXrn,3823
FA5TbGRpuyS8ipwfQiGPAnfBj3paAENfJZfJDM3TiNLc,3752
47w3G8n2AJEkyt9EFXBUQaex1cw6t5dETYDz1w6E1Nqk,3825
H2xPzFXjQtGKpuBZ6aiaFwWw5Z3BudH65D1AAippu5Vc,3844
4Do9Yt3yDh4XFjuhDCJ3RJLS6wPVcjt4TjXfg1rAb386,3825
7n8XotFhYAsbTqnQP1LN2WXnoQX2ftQJFrWRAhZvHigg,3752
9tsLG6zDaYUyi1GmHTBy3FfbCLTpV36Hn6ofGjEJqKBQ,3750
4bsyuofK8yp33NVerMVgjHe2ZRcpDDvp4m5AuoZXCZgA,3832
DYVvwcXwtT9TrYmJktvjMVYemnppRmZxZUCZw1MoW47X,3750
2PcyGEyvwHJEmmd6PzP4jTg7QHB1SqcZegx8JvraBwwt,3751
9Mspb4rYCVFVkkqg1RSeoe6inSEJTV6dgobvTbNshU3e,3752
FYhwxeiPXVJU1mPrpsMBaBe9cts8nZW6Px7woJ5RVdfB,3994
6RB2V8ShH2fEAkwghJSSsaCyRhXCsZV6t354g4s7p6DR,3993
6HGPc8Cb558pCYQM4jm8EpX4GBjhRDzSTzAyXwR1ev7Y,4000
AVAkNiirARNvGF1WNDy7NTZTzEqNtWJMTd8GJfKTEmjP,3996
zDQQxvT34JESxRAY8iweSza5wVeoVFbwxqLb7zk4BrU,3890
EDo7RHiAnXgS1em2XsZLAVjwBDGyTVpTpfFGsTmptNDu,3892
9nw4tg4avwHSGj85g9mx5W9TzEALf2mEN1H6oWznyA3u,3910
Aw5y5g5x3PHi1WTKqmwheracJN4E5KYCkyRR9BBUc6kG,3988
HgAhLSdFzh6jVekCgTDj1VNFUBdQMBykdVCDR1oAhB6o,3990
9wA3hTJVduVtBZTPczfj4Uf2PvDRoxbaref6Wvk3rV5L,3915
FTEWfwSoKThXWbiRVYG2TQjbZcvTt2tzuvq2BesXEhtr,4006
DHyadjKC8yxWbeZtmJvut4Kbeqeqrkkpqe9sj5ziyxna,3990
BwTcckaGocPMgqL3FBnTqKSRvVnw3gBDzrRZuXxfqkr7,4003
765dGCW8EoQGgWyP7ZKLNPvsYnJWz7wtGLF7go9MhCT7,4000
FXQyDrs7Hnmtc27dZBjZmi4ezKJob5sGPTWmccRph3y7,4005
5AFcPKycT5huKxkvsQQsU9Cxhkse4bBap4v2GwsLJx79,3900
5bqCUFR6B4XZnvaSYywpBoSSoyN4s4TW3o2mut6mYXuP,3904
8RUH5yE1ygyRffPcBdiLD8XYca4fZwxzrJReYJpMbsT6,3992
