tx_hash,latency(ms)
9RJVJ7pa2iAdi1wHZGjrNuBt1iMxxURqufDwz3EAZTFc,429
2tr23Krmz8DJDGYiRa81gPEWK6i5Sjvo5CmTTnFxciCe,430
5D8cc6udV5HpzFVQFhHi7bQLUu5ceDAU1toCxUni2bJh,443
D8kH84yMF8t7fWwgWjsuSBxRX1ZqLYC3xGrdK7tU9Q2J,433
EcC8yfVW3HdcUy95zFr9mYAyPMHtkRkEYU6cHSDSAiFu,445
HGwDUvsVWpgUHNEr5EShpDmZaEHZYB9KL9pyHvhR9q5d,433
2yHXkpDPspqtqnp1qEvCKPnykqepUjb2THk8nfqvcjzy,454
72rUi3bDbrHqn11aDhnejaBHXBZnez9f99PFviVSxMDY,440
FgaGmwj9LZfxHMqS1z6523EwdtNYyCDfvT8dZzLshPpg,434
387oapdoNcZRBBtW9w8n1RJM7TDmdJY5mqZisxWZXTub,433
RBipxKF9eXQygV2Tk2XW9BWfNztukjFzWYwycjNvVWQ,450
8G5Zc3g6LGcD95WsTtaqRLsyTDhd4bz8qxtfY7iG8Zro,441
5Sn5bZ6evtD48SwRgeCdj1EoQoQi97rc9nntXMEFKDAo,444
7QzaU3SqFDxAQzAisAhyDJ7ENMFhwVnV2gnbBaEnk3tU,457
4MUTNUPn9usXVVNjCSPY9EyczLJn1TZuN3eoKBpexeUy,453
8BqhtHJ8JEhT1j2jiu5noJ6iDmhTxCzbCa1bMevSUCYT,439
Dp8ReUgknf4TuBeBp9fPjVBZotAe4GRLk51VMp8tgifo,457
99Kc17qdjcVRdrinv5Guwfj6jPiDFBoeiCSbL6Vssvhn,438
5Deb664pTCiHcqwf54ZSgurZ5UaQQS26krahQsbEfgLx,456
7S4EGc3biK8BS393bWtqzGU2zWhixQSz4YLQqM7LfD19,438
AH1Fqqz9yGHopeCZbqZeRJWiineavfUMcjmg5Q71Cwmc,439
D8HcbDjuFsZB1g9LDw2znABSFUoMbR8z6eHMxJ1KwaFh,441
HQ7TyZwJpAjuZfp4NHkqPg7RZuQmjxt1nUdrRWxZJPRq,446
58X2TpM1jqPRTE2DbVjZacnVxFLP1QMUWs7gGAiTsw9J,441
AUSvjWMYona8p6FivEte9PsoCHNCkPZ3i5CsRCpwoQWJ,438
35Vp2sRHZ7WGGk3XRpXX9ZKzYb3WwfNG17CnVV6Gxxee,448
DPkDJZWCMwuqnvaberecsyxcYFMpD7PAeGJP3NpJ9iYM,453
2MU9Uv6fp5xv5p78ivpnMWcdEDUvuQ6f62Dpup78NeCN,449
BZdQrM1B4JQMujSCz8fGdPBHM9sL6rG4GPGPY2gnxcco,453
AR4dTgGJhXJRHX88gSu8r2PwCecYmxtkH5GoG3GbcVWH,448
HCd14ag9GeFGzvfPTS2pyAkYu3dd3pYXM3G9SSCNzQys,460
BScJCY7GSBwQcNg6bRcY2DyXg46gDWrbtaBnPr8Lt31U,440
4rb8jPgqCV8ZEtrQMUuL7hoE48E4Ed2i7kuALaCjquSW,466
Gr3j6TE2HkJXhUGyHSdhXLvEn56ZgrLVbmT669G71mpF,459
3ZErntr3GiRoALRBwaw5HfC4roCt7N4FYzLxvK8LhyoU,448
61cneqeGyNTuf7xUTb3Bz9LRAAfCM5UZggq1pTqkDJuv,450
79e3FDnPCGmbKpFf57yW4TchpDgFp3oDPB9ovLrGc5sw,467
4zC7X5ree1EgX4Q7ptgrYpseRZc5Y3cN3CWsZDCSwUbM,334
7jsnkqTvSpGc8GpSvfwi2zT7kVLseAK2CTKD6YGTX3Ln,343
4J3vgpBqzcP84JSCwdaofnX3ZowK7v1TChP5dTTbkAu2,343
5xpwu5ASgYPCiHSh6t73HRbtjZvJ1SL39KRyr3QjmnpD,345
A9QpDoscrEa2qncLDzj4Zn2T2neRoWYrL1PwncQhwW1X,333
HDbnaJwzCNpscKDNB8uCnXRA62qLSbznn3HDmSUkAwkX,335
78T8ESyenrSGghGNLm8to1U3VnLG14o5Mppqt4hzunNr,341
D8F1vsk32fqoFz8WNuiRMcpirouJEstn6Wc5XmY71FXS,333
ESZLz5ivR4W7nwNuFJpzeoLDWFrFBzkd9xCcRCKr43XE,341
BQrFnmdQePu3wwNekwsrLv5EGrEXgKQQbda47kSCqBkA,342
5txeGZfaTMGNY3YoXSd5rh1uN15ECAsQwPDACSKtLQSP,347
Agair4P8xnw24KHxBJZn8G2gfvCWNT3N5PboEycJkiSB,346
3s8PLSNkwwaquj91Tib7LM3x8YXN8c5NPR4vSakShRaY,346
4z2jCxzjv6x7XUpzH8SJHqACfzwmzQFErQ976evVi3aA,344
436A18eP7smgKwy8Mz3Z4sqAn1dvLXiFiSaStXp9dtEr,335
6YKVTozJ1X6H1ghQevHTVZKTXm7ojgrRAt6Mreo4w4dx,342
8HgRQdGedNTPYBrmeMwfidbthzE9sVp2ZMwWaPfXafRQ,346
DqhsXPnDAzNnCo7dMxXT5aB6C7qeuZcWCkMeARQGcrXJ,339
DKKaCUbcDBXN3cU4ezSSNnyaniQsZj45ywHhiypumtC8,375
7MzW1PTB8kSToMFFexLjRT53qKU1fYJjWzH7Nd6Qgy7m,376
4H88NzC4tN1KbyoxsqU2ZckHECcytrQFcbvDsJdnCPXQ,376
GzkuG8PpNXomLz462o9gyujo814peLPX7H8KuQLTLXmw,375
3gno6EWuJ58LiHSRDKEsk2MftuFumrc8GKUPGV5tHkRX,377
jRhiBmocGd6QoXtkA7yMmwUu5GLUchryKfY6ePf1RiF,404
pDiKGCrfeofVRSHb76chcgrGyadsjQTu2CMeskJ4w47,405
2GVALAXnC7UVyaoQNYsQnt7VSbmmmz4FPy3FAMp4pZR8,405
CKiRFvp7rkH6Tib5AH1Fmi1pmxT82c43XvZqySaktQRx,405
8y2ZZaC8eLtwnbBzF61BUPTivepQ6Dhv9SCrLNhvRdgZ,406
AjC4nFpSKmH5XGM1CWPrWfPiW7pvRdDUMjXqvjyskjj3,406
E3qAzfPPZexgx12JyKpzGg3gUrQU4r8ErJBXE8yJ2Z8b,405
HX3Js2gJcyRdR4bSB2XgM7Befyx6GFTLkYc6aSvSVVe7,406
GM4ZaAapSLfamGV6WohpEx6txdcgG2UKfK1JM58Xxz5,406
AzD9qtza864VKNdU3amY4kU1VSorUX2HBxCodfQDuFCD,408
B4V6HpiFGMWPPhSFtwPyW7XALqXeuR5tMGXWX8cVAMXb,407
F9EWP3q525fFfX3zxZJg1FWYSzwdTFqCfmJAShZcowr1,408
6YSrFcixMNbFKHQeFAsPt8ygK1PeQzCShHZJ9M2CR3wT,403
6FdBfE38woNFShEvkzJ3PQZzibmhj1AHfkTZSatNsQ5e,407
3QmZj3T8j8DoTJgc4xzWSCSXZVc9LN2TovMocak6keoM,407
BtiziMKWHWo1eNyhCTpA9is1iUqAyBKcc5bZtNbiuF7N,408
6VR62UKKoX2EwgNUE3WRYMVXT7jke9zgseekAGGpuQfK,408
92tqm5449Vvycerymrcat1TVAQcAsHJrsso5qERUNLjT,408
MbkdHvb8P4eTsayLoyNqS2k8wNjzZkxNT1hBJLS7kv1,366
CVr9vLMgZFsMNNdXoiYqM5UM4LLDTLBi6QLLDg45BvRC,366
8TPsGFJX46EGo8kCdpAq5DtbdLR8hZSViYL2daEXtYcH,370
7uuMegkSoakPaNc7LjQhLPygCMJe2nneTuiidrWrN47b,370
Fd8mRRMKTC9DUq9xs9qn8fSN5ddwgMHU63M1gpPMSck5,372
CExmgowgeRarkaa5p41T85s91Qo3p9Rt4QcFhdQQs7Br,414
GRuHCN7Lv4p6qmT3nVk2Pw1rdvziQD735GBSi4vt3ATw,421
AXpbuWbkYfQHkVdKUSgmNE6CjpqxMdiSpBCF1ZtpBENR,423
9uVi6PfGostVzcry61Evpag6geekf247biY5accH4vgo,393
4LoPkL7zeAX55JMu7h53nKwS2UrQeHmTyAwtKkWr7Chq,395
F2Yf2WyRNgzBirRdFU92KTPzHJkeWozuCbVQTDcwk5Z,397
DnSAnkXRY76T5oPSJCxBLg6F6UKbvEc7SxJtJEZMHVta,2362
9HF64wtYErzByuLgRR9Wyg1jGincMhctae1tZqKfkRzH,2361
9iEeHDY2zRLkXaZ1s5SrrAcSNjT96QokyFc6cY3qXa44,2364
Es9w1p5cMeFYXwv5Bx4eY9CKSqyu3wmdXapMt4UT9BPX,2361
FSkYPdQt8viCC8KbhZnBJKxnQEAM138nAokS7MptL9kT,2367
4sqsPax5oXipS8rHmqj8WcX3dMYWXPaTPMbopQpothEj,2365
8ZCCQwv1Y7itQkNnpUphCVeXvVqh9kWa5mhbPeFerPPh,2366
2AmmmbU7d5JGhdAPN1hj6KqN5RC86ACXNCHvdb7m13g3,2369
AqoCGssGSyMHHGZBHTAiBq9LZaQgFe2R5gEqx8AmwYKZ,2366
FsbWrMc5B4rZqknRPzuzkXvyfU916Ls5iWpDB5GwMzBX,2368
3t51RXqvvgcyLBAzyRHAuXH6pBWAxXwjBpcmE8AEhmN1,2363
DhkxfZRi6bk7beExS8LodWXSDnB4Hc2zq4TgMCZpg2xW,2364
FWEo8kzXB3txsXudChqN3fakZEbCDjh362Bt2XVPvQot,2365
6Easj7rAqxiQ5Dgg94tM8abF9mWVuv88FREEHE7VJnjj,2360
7KzuNPa74e8Spz7tXwhYU1QhE9BxgEhn93VGHZso1Eq3,2362
6RyVxpxbe1WKaAJMERkpokja72zWYuZgYyj6Nq5NCTqK,2367
4JMxPwZZDCDpwEHMKNgpmU2u32VoGRi2S7MsZveNPQ96,2369
8JMKxsvMusb5j6mtb9i2JDwJUw7vNJSZyx3XdkYH9o5w,2369
r6N5xPEihXDCWzrJZMxewfqBi5JEY69ftQNx8mtBQAW,2368
EaZ3bYWZRJsHrqcqStnUuWAMDhcbEWZfg3Q2zioT3Jr8,2367
27H4vzgTzRKPaA5VfwiMBZvVLZwdzwiqdQddZ8gcPXrP,2367
Aa1UASn7Twnad1YJv4KRwJoSDewPjRqFaJAtD1wgee2m,2366
yFBCRmYvLdB7MaVjg1VB6GKnQhFz1Ha9AwU7aAhsEgn,2367
4NHC6NYmtbcs54NbBPEGMUMJdFrYcWxBVKoftCdY6m1d,2363
B4j5WY9rtUrD54c15qGdhu4EYdpGSvKBfJUBxe1RNscG,2367
HTBXtyCro3Cj54vcjMt3Nt2tzcMxAgBQz1MbHuPzKpEz,2355
dhoyUaUZpYrQQT54royYPCxE1EaJJuRLq9KFxX4qzZ1,2360
6xqgiTWTUmYLZo3H6JEgjMaTD4v9Pe17chfVE7fvyMUz,2366
HLXVgn1uXczuvyumZQKLqrbZhegTCi4LRFigZYf5aeEc,2366
DPd6KGbrR5hwjmWtZzLAnfYCKB9yWA7QZuHGUsg92UJc,2366
7gjwr4kah9sVQYnubLZRq4qkd1HB2a32WkFiCbxd1FRd,2366
9rM4DzLEvMJnFPcpddSn4CU332WGFKQ88sK3juU43mds,2357
7ChLHyyTYWQu9MAga33F1waPsYzXsy62xA23ahnLanHL,2357
APsUws68dZWaGAyQz8hxV26wr6UwY9txjMQKfEDceG48,2363
6Senbac6R6Jeidq73EoRiGVYU4y6pxhsYJFpfCuhMGgB,2357
3Pq9rrvDuZm2ZPE3JBxWNQ3X8uuk9edq8BBfJ41RCgin,2368
56dBEsTTjgbWdCogamQhJKz7jffB446itTZ3jZBusQW1,2363
3XmedPSoi3PSui8KUKtuQEDvxAjUjvZaVGXx9zfLRG2z,2361
49UXTu1tJ2cBwRcr9gX27Hzx8gxSKE7DBXBbixSfS5NM,2365
Eg93815m3WSXRr6QZMtEeHeQUgxzu6p3fqqA6rnXjAgD,2366
BSHLfb7QokXU72PRw8nRHA9PnJTdwZAWertG6jvRbp8,2366
HBVMmXmSKTRvK6nxfssWSgNgRdRB9g71iAG81qMiqLC8,2364
BTEib6yMMTfEh62j2gBxGo7PD4cDEVMojoi7ckEF3eHZ,2356
2xgko8vYTHfjHqCtFRbQmkAwVwmVQTDBhPZkS8qaiDxC,2368
8J4WB2eHpgWsNiF6JF2pJqd1f3p4usLFXE45reKTeAze,2359
2EVYw9s2oj1t2yVNJZNqp1PnYBceN5e2LbkCmZ3q9iu6,2356
7wPJ3y7M2MF6APvJGis7C5ev77yYiFwU8CmhFGEgrRTz,2366
EhyNuEZ5RQHHmL8NZs7eYe3DJ39SLc93NLhyQ5xJbnS4,2368
Cy37eEHAwUDfKos3bGZ5xya2MgnRriePGdZwoF7ZbWNb,2362
EuWfyTNyFpQ9Dxw2k6obYTkcBwzQ6VenShP9NuF1XFZa,2366
46sk4sN3vh3qdptxzH57RJtTUvA81W7jH2agYMv4co5k,2369
6udq2yR3L6rTofDSncFTHCmTkYnJx8Q7rzmMz7GwcXru,2364
8ZvNuUNVL47idRz9qzXuTBrDPZpS7FZYYFxbaEeGTnab,2364
4af7yq4nQ5P6WZh9EYC6aJZo4FqGZww83xr5oXak2qnT,2366
7ikk3WfzVKKS2bDk4TPrPaw9oeT6nxczBeVqFcNeefbq,2372
7RjNvodpG3sAAwirfYZ1GpG5HSoo1FoL9wVRFLuHsHnP,2370
4k4CNUPX7CHbmUzEZViQEP5moziujkXNCjgTXc4oXGu4,2364
FdosqaULFpHJiMnVfbhSrcbL7J3h4r8FKeEoRp2RA7cr,2368
FTQS1f4duLvxzXvPaH8sXcNWLC2ovN4n6gKFf3iC7HrS,2368
Bm3BedWcrjncXybvzKzwBoShzQd1LTytBokAmRNU4Mom,2371
FE7Pu2o69CbNQ6w8HmQz34DgczsrJjynrUzbh5fA9bhD,2365
9Z3isgPQmP7z2QXRWgz4PjVnxQ8v5hCbFNtNMLw6Zj7f,2372
CBKo1QcN96raZSWMu7F6XSrdqfE5X7ui4bNYdsqVbtkF,2368
8TPAxvdmGDoPsVarF7ha1g2ve6FUJFng8DEm8w42KWiz,2410
8TnUUNmEjvXbU12WhQnKth3drbdhVpuReUdMCEpLAQp5,2413
97J7Zy7iv7NkZk3cAeS5fznhW78viwQyP3vkG5SUZckt,2413
GTu638hV3jq8iUHVv3B5mVcXhAcWxfzRv1yE1SYEWsyc,2410
7MbVyJBwRqRYGePQByhPfZkkiFvZNEeUJpgRJEbYAqze,2410
JCoSs66uWUZBcuZ1bePpQNdpdRTCBt3dac4Lk9FK9Cnn,2410
58FSdZMnHUv2Gr1jerUo1Zw29fCcwi1TG7K3tN7wL9iL,2415
4vZKZhDAMNs6mFoyD36tpGLTRgUas4PpmHfYS47KGPKP,2414
79UPJ9SEV6T6SpnA8YXFoPabztD5U1geRxbxrXx2jKSn,2415
7joWxjoRR5BE4WVU1qGLeXSCFSbwxLkVXFTYqU2izz3F,2412
FHo14gxvaHzm6vVCubnNFbvREBj5ePatAuziResrT6Er,2417
62ASG4UH1iinzBhha1XD4nP585nJAPXkVY8fVZf2dwpF,2403
H3rfwQHkjJoXUFZ6c1SDYThp1zWNyZsuTXnfnyH5tdEQ,2409
ADE6LgTWrxxvt3hABdKSYitHtPpejPBeC7LRHJEbSCTH,2400
5havJzQYroynVpNwTb9ccT1QBXc7KciFLmUq41BULBGQ,2417
DAn386ppEpHUUnc2obnjnLp857mHXT8GDTR5qobGDfbB,2406
HywubM2JAvDgtFnbrtSTB1n6MGev1qs93mmdZJKLiKG2,2406
B5mwJysjwUUeKM53jyhpDCBuY7ZHHd8duyLPLhm1GARC,2413
BZBAhrspLq6ZqDFK9z2LMjbD3CSFDtHfmfgbAojekSwG,2414
EXUA4f6E6EhirUzPrUBqsWxRN9H1NaLwPKcsEJBMCxmW,2416
CWoEWneBeCPPSGa7A52FF2HyJPhnxHzJxhyuvW8TRYDB,2413
8VqPRGWgoSDi52DTYqBchCJcJkdVfnfPRwHgPyFdqKpB,2411
HN1wVtUPKnAzGq4Bx2CqjunMnLytXuXURyF177DUaz9h,2403
FwGWdNzzwtVBDNDa7kg5ZQpCvwpt5UAUwXrX9VxLtGgw,2414
8Do3tzPZdKB6VyHaUJ67vHHKZT7mXGpBApmnV3YQgPhL,2414
HvHaXAodsRkbQJpeoJRTptwvCPkXQ6T66dnpLHeVfvrB,2420
2iUQrcsCvWn9B7D7gnMfnYty6LaeUzmrAQNnY5txLPbj,2418
5miyDEaDnZJpaaXZBvfkUsGWVes6Pm6LWEp9aztC2yPM,2418
B9k7xzhgqS5ztuBM4PvThxrxAhzqcFGso2J4xb1i7Xqj,2417
Hvw7J5VqKvmmnNDZebA7uFi6fhRxLbqPVX9AGPjTdTx9,2405
DZUnZJcnDWU8LQGrGso3N4jGxiS26Vz19Sbgiwyd5LnN,2413
9QehiVptXJrqVmDAM5nz5vcP9HTY7GZb9RXjh3bz87fF,2413
EKEctpgQS6edeR2JTJ3Bns17kYdEvUCM3925viTLbCAx,2415
2dtbsjrfd1MKN4b4EWSqbDiaenuMYaLBfybayjSLSkTy,2424
8zgVtZYunkDTH7WkvhiMAygZ6Ayuom9niAHDY6gQziq5,2415
E1BY9Lg14aUNQZ99zkgUzoQ12mWBWkAzSf3pKGxmx8Lq,2423
5ZPnXxFNCvX75MFukQkaEFw1Fbsgux4mtdfFb7QeSTBT,2423
EXwpuNWMNNc2xiGVoF33sNfoL6G1foVdbT62Hx1Lhafv,2434
GrtymB3mLskeceSXbXwRUupKCVbiSQU9xrx3mdLgNxj8,2425
zixTSMqBQFqxUHT9PoJHB7JxKv2Lmy5MZd8GcLv11kX,2422
4oj4ytVe5KEfGpmuVwmGErx3jCBMzpzrNy5AtmW96XSy,2427
GJVj5zHXn9fcfaaLkfBgfMisbs9rc1YYAKpR5eD8eLcH,2429
E4tfUEqsGVTVRArnJxHptoXZvzbBpF623cySJrDvhxux,2436
D9Sy8YyVG5WD3G1ckLYwtjSwpp58qX1WMAkKpCi8sKpf,2402
EzdDpvsGsurKGFQN7u79uZE29YRCQ8X4DuXY2Y6UCejE,2429
5pNcdRKEYo3erkdbtggPBYGUaFE7wMFe93jG4epE2mn3,2423
5mkENjR9caZfgKcE5hMssijPotAc1c97LRqgwPv6kFXu,2425
D9DBWUJ9er5EA8QQBPt6KKCRoKTgUvVwMayLiBKzpCj6,2425
5s7occ7AEpBvzJyCnS195aAgkyEpEAhBC25sV6fEWUzg,2431
FKydvnvU19rYzQHFxGJoRRQiGxznBUEA9W8z5XA44Fop,2437
AzQ8bciHfSX3o98DZVn1rMsxNaYQjzrD57DvwVtQEWMb,2428
2FjvQ3hhydKWHUMWHgAN1L1QBh113yxVQRLfybzpE8RP,2420
FUYNZdafeFPMqpdoaVqr69m2juZZqGVBuGq3YPkAM3Ra,2427
9hNJHnbJiJw35mnxPoZvQUHrERbQFSfLA6Ntc6TCPRK2,2425
5e5tTuaTxxEmQANooyQq4VU9Bsnn9JeL3riuEwjQvo1B,2425
ZeN3XiZvyPyRahQV5HjT5JCQtV48tbYmGzL22FKE2xE,2422
B14PVreuAYz75YDCMyu8ASVMkAwQKUenJmjZzBni9mMQ,2436
c3UfsiPc3x6Txm285VNss2fKjDPoYoMZ8o8j6G9V6et,2434
DZmMLLVixJAZn9BXn9MN2k7sXxLYTC34uiXG3eoo6Z3L,2413
AknEdatk7PHgcAuPkSH6o2uW8YfkkFgRd3S838paGTzv,2437
H3RdCadRWzv1NZmTAsMy4vafUV9UawbC6Z4z1LAisf4U,2429
2THZJYwBSouviwcjGtCG2xQm3pZeX8PQFUMtW4CRDpZG,2435
BGZdsXkZSZ7Gxm35csusmdLhUDnJ39Hmwn8hiNsQEavC,2432
AASswLqjyCtb7UhEvEYkrNfMgH7wbisisG9yBT1aPwVN,2425
5KJ51btgdzH1iYQnabTnkrp5R3XuS7x6nL1w5t7kzV8u,2432
3BZRB51acYhSsxTSPt5jxDPG3an4U4tp9EMPVvPrejRs,2433
5nqSdcLpKL76trV3uMmXhTqCQNvaypRGp33DKmDBNYRM,2425
ETCpXZ45ekmP4qDmh81N8FuWBGE5r3dnFSp2oCKBWNQu,2412
G2Zfg6QoKQCAJTNjDFAgytN6p4b7CEdkYX6BtJgpKxsP,2440
CEXSHAho7gXerNnfC9HQyREqDwfbSUnY6wZdoEKwzuhc,2431
3D3F1vFz9KYf2MZ55gMzgrpxwSfSjuxVP9HZJe69FoUf,2438
EZ6D2XJW3wYYTpE3vFigAe1v9G8n4Nmt4GjLBZeWi34x,2436
7Egw4jQjyUE9poxdiNmifEmj5PgBdNLtunPBgC2qFnLj,2433
5Dbcf2V4sYqor3mG1SDZ5YQGgns7vT3HAxofixZD8srC,2428
yKUDVdjr9cbf8B3vJUfWpjpxmMMgwkDMN6H8KU7ymRq,2442
bGFy3ejUCgqwJzvq41pZZjseCgewHRdeDgeZjo4gMTD,2434
Ew3Et2fF9N82RsWpAkkGfJYyAXgf8Lw4MzB7F2qHtekr,2437
6XQNSzu88gA3cngktcgRQwmU3KTQ6iS3mjCAKXDKekTP,2445
3RWRBDdwDi9mUMo1Hnnt1JQoBFcdAafyc2PAkpedaPSY,2434
CAGiuxsnzN97Sf2s9E51C5V9HUZ9ink9qgBibKGEJmZh,2436
FpDep3wLyBPo2go19V2VUQmaDCs3pX5b7wiatPqgXabS,2436
4ByVpTnBQc7XfXFyAzTcVc4Auu3YDTdDEwTxi7LvaHsB,2425
5fm4kRtbTHkjwYPktMQXjGwaa1XuYN8TPwDA13fqNKM8,2440
HWJLER3QNpGLtzsEQLwJeadGFpouLuHzMV9XSKENoNYr,2436
887uZiv4RUqGRTyPimYPUS2G9DpXFjPUgSFfrVbKL4FE,2418
5p5zXkQrpB2zF75ETs67St4i9Fhhk6gTaaW9QMCxD1rH,2438
3tBZpqCJENra3tMaxnRnPqUqsnkrSV1PwSZo7CBnPUwU,2423
A4Gn2XSXeS4M5AUunc4ZNHirMgH1CggQmUaxezToUV69,2435
BRaua3H714rd19uJmcSksKz4HjVuPqy64ytMEyk2a1H1,2417
6nBe2Th37f2uAnsi3UEPM3kEe3fND6VcUCw6RPHH8ivh,2439
9FZSKvwUB2UjbB9zXdGQWLikiEEQTvqqexHTsexoM2re,414
6eaK26koqDY98aLDj3PP11SgyQAufwSWHoK25EijD7UG,2436
NTiH1bSbkUdzKoFX1um5eNzssVA4TfKoyiiKznsYfDQ,415
4b4GP8HvEZknZuGC7rQhdwwtwZDABgexbeMF41Jm8fHZ,2439
BQvxYXKbWfYfFjfCfMmrv9KwqZCyjUMugWnCr47kuRGG,415
9uW68SrKpFbinAxBy1JtN3YSbE1KVtd4fUWnuQtukaSQ,2438
EE9nDXogsqGuTrEnh66egcHxoNvmqn7iEFzVcsciYSpG,2423
9FfhdVQ2Mh6Jy1P9VqtccLbNh7dmM55qr6XTKBTRJBTe,2440
HtQK3XZ2d3AsAEcwiVmFFNen7T6N3oAg1e9Eb9TmA73o,2438
8XnWZWeN88hDdYB84cRuhuCbvkiCvRs9MtVkZFVFPyJ3,2433
EUjjZp25rDRxa8wiLvmE5bxxH1sMPEHSRM2vC2tiZQwT,2433
FQms2w5KJKdgoiXq74D74QRhEF85oS5Zvr1PGsFNjKak,2429
BPnLWPhLYRjsSb8xXVM2urLfMEmyBFcDNpnRpWoGFzGf,2431
KCjn878WcKMMgEwwTq3GJKQvjZTW1i3fpSVo17T21Kq,2420
9PKijbKPq5Km8WfrAJqQiw7KsjYfxnhg8XKbXt637CPq,2427
FeVmAEiLTdK8Hm5Niuw7shWRirRBrW66Uydffn5z31Yo,2424
8iYDgzCYj6yiofRRTNv7tUpfeaVLfHewsRYm44bCGyMb,2422
76AYeXEKKVvMJATvpRXHbR4wTgVYuxPDgSRbcaPRo9nB,2437
FiVzmirCF2g6heYM5uxwCr9c3s1sqgUUeLnDgjn7PNXr,2428
Byzb3mEetch3S5tvmnfA63Riwee3d547hGwZRWCNM4yt,2448
7dnEYAN2ANeT7wveVup2jinEi6qgJ4BL7iXyN77FEjth,2430
CBv63M1z1VxsCbtXH64Evbr6h38Bk6zoN1fXYnjQRGXo,2439
7MbuK3NRiurjevgZPZ8j7DSetQjN5VtZmdhRrYgPbjzf,2446
6t8F3xaZb86W6weNgpmczG27tbM2qxwVDGFLG36RdG8h,2440
8e5xSuHksSaesy7CXB2c86T21BuCiP795FwZrEt6S98T,2444
6aPM2Q5MLUWaAWG8jhBxXHMuGvTf5FSJ9RWHQ1uh3qLq,2439
8TU9T5Za5SBKZ2wkK9JHeHGijq2HKG5gxTgkt5ATDKoS,2442
AjBia5RNTPWP4poKYxpj1ghSwxpCVU2RrTCXVxKafqzC,2444
6NGSG3J93TVCD8tveHT4S1Kvw37CqhBcgNxENDsbBZDu,2435
6hkpVCGGqLmg5wQ3kgn5J5kczemJNJTRHutvdHxhqCWQ,2438
9rF1i2h883wCCdQSDKtGypCH33xvRRFrdpNAj4q1Eimz,2444
8e4jFy1Ny3xrJPrhiBiC14g2CPhUPN5Fh3agidM2ir3N,2438
DchSAQ9QTbPMVK4Du61N9L3AkdX9g1gCLBVFyrd2B72a,2431
2azzXc2oKfP3dLv63xpAvW3KQFiwoDCsQK4rqYdJvRgE,2436
4p7rovrZAwP2ZuzarN6iiz1Zk4ZqrqiX121n8vzbEE1L,2433
8BXroZ2sRtC9y2pCPMEs7SDf6Ha3yiTFkYBAG8BH2UKn,2442
8wtE2aM4EPZcU9NLqk7fo3HFFprNr41Aac3mG99aGaUG,2443
HXUD4Pep4PeRoTRSZKgDPFUpdtrSBveEF6HsiokVdvD,2446
Au7s1gVqLmMv68FqDC11SiCuJ4NCDdghNsdEKyDLAsxy,2432
FyeBtteRoQVnvZmo4PzLcsBV5ogbwBZEZZMiQwMinTfZ,2449
7iokhhj46y48KdwKNC5HBEcotDDBNaHS465T55LwnBVB,2439
HNS1JE4zUTDmXtGoWvLg6rMMr5df55npwYrvdv6GM6f9,2440
5jpcg3PM7BZjLhqmYucMfDCmKSEQZoWNmn1NcdJsCuvB,2433
As1JcpwtTR3azzx5fiFHANE9cZsBLb82ChXyNVg1xpZR,2434
4xRhSrffXjD1u2AefSNRj4rQjCdbxdB2nfXJ2iAMT3qs,2453
9HnoeFSU9Jrt5XtXcSbY2ePU1z4iZYs4xvebQHHqVWnU,2457
CNWxRDpNCoVKGuTyxmX73WVbchDSNAndewnAju2ABx8X,2436
Dcbrahab5EckeKnzJfF9zLQunp2v2WjrHrmtoptbgFt8,2456
3wzJhGwiskLN6U8u4JMwMhuEG4B1PN1JWW4qQ6FFgnU7,2430
Ho4uDJQVRXwP3PVPE98aJ5kHQnXdjDZ8bFpKvJ15upCX,2407
9WwiR9jdQxyNf1rbiVuTH4EV1F7UFepNxscoXskJfwir,2416
AJiSvWR1dMQTo91yPA65A9HhZFu3jj5VSDeiMTPX7siw,2450
yidrpB47M3HSBRCMx8CuR6dYWvD1zT94sMm6678gNzT,2455
F7crP31HmouBivUEKKWAmudLXzND3VFxaVMHQCBvxTTn,2417
6MUjUAdCZ2SbRUXMLaHZDuxKVQRD8akhcFF4Y8Uye8JE,2418
FXsD2dSzHkHUSazs7MCaGmc5koWQMuKF3MYtCeMUmcL7,2451
BDqkZkHDZSqX6jhaH7aSwrB8GXg3j35VhuHte424nZtC,2418
J6HkmxsTverbm2gYYJG9e288M7eK7h2XPH2qnu9TttR4,2443
2yqSRXHEpfDm82Lv3t2WEsQJkE1pbhsFqbjmYzBHSEDf,2418
FpE5J53VkHHCqVQtGzw2LU5yN9AfwqQv15jVYYKzq2Rc,2448
9mZS7bkNr2iz17cnw46MD6kz3GvXWzHbFWzqKuacSum3,2444
FCcgBNyNw4YNLKB63vtDDfUQSKLJEzLfL8w22ftibzGf,2419
GK6PWKwWsTYpYb9ULUHbrcRe9EYz5pv2fRxKe2xCptiM,2419
3UCV9tFLdbwDFdn2AXxNJndW15yEwAQuE3RLC8oYEaQ3,2419
3G6edJzWc32HZVwjwuj3DeB4qJ1sCngNzwHh4k75HF53,2419
2cmUVNYhyShEVEwM5ZLzvuvWChJN22eUYABfT8GXxdvC,2442
JBv2pCzGyUgvrhK8hZGgSd959R12Y5z1Bs7XeMmX93yC,2444
Gq2Dtxnuowq5sMCBLKneeU99yZgDq21mdTB423Srm2Vg,2445
HXPZ2wLBKrz9uyZovnchjUsonPgBhbnJ2d4coJVMb9KA,2445
SCzYT817Qj62daR66sjNrm9DBtbh1gTpSb9GXG7xTKK,2445
2DoCNqZFyVxXzPkqz175eeWbBmE5fuJp7vWidYVEtxFU,2420
FqwwgqhfsVZWnew893T7GSQpEpn5LW5K6EpAAwKWEv2a,2455
mHZYJEWGsxnY6Qcbx8i2u5EZxKTBbee6jMWn69K9y26,2471
d8u9tHi4j3ciLusuBpsej5R9H3niCyQLFnFRcjLWJfV,2451
83C2G1y4P578skXNCmVH4oun7oRQop9UGPTgtDnCZApj,2445
7GHMMqf7wXGzTGFD8NExYFvNXcgWV39wUq8AGErJ4KVr,2420
FmbMpTwGcjkHdm1DRyL6jevAfwsViAx72u94i26tcTkL,2448
J8nxQ89q8z93EWj4f2XuGQUiYQwpXSkp1oSa9mU7LNrD,2453
DksAu7A2N715M6vELxF8qqT1Fs8dJpLwwMraVjbPgvP8,2420
54McU61URRcxxpNUeak2Y8SDHBaQzcCn54NeDLoGRMVJ,2445
EG1hpJ1M1vm2o4ATCLDUZvGNQhHR4fB8tViTuEsvS2v5,2420
J6S7nEuM2ZD56jcbx1SjBiVGsexoge7b4XKtLs6XmeTF,2419
2bHHL5gB7RBXgEbKF7VhkU569vxr2G6aY64xYbJSjCaa,2420
J7LBb9fyyh1NtUBiKXS5yvHTREpG3n2Ah1cK55a545nf,2421
5wypMjFyypphaTq4CvwG4vqffYy8Cw8bPUMQWxmhQZTu,2447
4vBshE7LQi28sKmU61V8nPtRo2dLTD3hK6CuU1vk7rH9,2418
BBQMPVXJmXVTLRZeGtWGXm3NmYhjqaz7Mb9gctTot3W7,2423
CofUNDqnVs4YqwQ125VGTEoq4XFJ2x3qTYtFmsybqQQf,2423
433bQFgvjwF3bgG4LEAjqbDvPXgnaHcK8ZL3y6RYRkRB,2419
646AqR6TvrLWZbaw3u1Tq2eaX5gwAud4mG6gDi9RA3xA,2457
9789rHviGiBnf3NkJh5ZAork79XYcSzPpZMLAc9nfUBF,2423
2BF6vtuj4VEq9bq6TWB1HLt8QURrSFkaDheZewzfTUQu,2419
DbQyf7GtEspzqYrsKLU39eWL784B6FENz5K2FBu7iSLY,2423
HWFMzbFU9HJ8eJzJArGDLQwMsUf7ZXQhdDTKtHvCBCTd,2453
7fosLXtfkg8tarTjVHb28WF6fhDNcAuCNF34mtonuqUw,2423
7nZVrhYbvq7jFdsSJAa1ES64TVVVtGDwtUvyuZoyCaeE,2424
6tKAhPB5GdK9agUYWrmnU8xRdp2UQUZZUncKsTFoqif4,2424
DTaShofwC7XcF48B7gj91XnN5gwiHJQyytFjayhJwMNr,2423
CAYqX4fc9hrd7txQMovf2VmFb1w9Juk1yohVciR6at85,2424
H4sDxd1mpn9rRmMd8hpZvt8izo6iaibHdUTWDCaADFmU,2424
Gq3hD9Run15Qyvvvvg7uBc9cJMYYKeoNVsZ4264sW6gm,2424
CHeTCkJHtCydTAiHBT9DG6cRS7kmVgwrQ1aAoK3bi3Z6,2424
23Rkh51tsBChgsjxTWyhoYGntefrDW3bYCVfkrLhsN18,2454
4eAcyhCBHQTcm36f7s7YoXLjevTo3oVurG72P6rM2tcv,2424
4TG1EwURMrL5uA6hu3XbbGTc95hiBCeUXThaeXL6wNkm,2424
6TLGntMY7qfQaRHC35vJsg6h1QYGBzYrC7BjwMRXMEN9,2425
FWhHNyLuv81ufj1vFxSjHHWVW1HGJjRU8LwCPQFaeqMp,2420
Dx986nn91BqK68ZavmX4MwTASEJBq5GyNieEMgf9uQoP,2456
JE9RNnSR9FsRp9QrUGzyLbTDouGKTEuNBkuAMRHqagJ6,2425
ANUyLeuwAmBAHRfuB8DJDDuyw6TkL4HKrxNSQrh2GZ8k,2451
8BYtVUUZKS5nEMRzDK5vtc6aVtVbHJmLvMAyxbd8dZc7,2425
BTBq5EGJLXbhZNoUQMLL25RXC79jKWoZdhGMAKE8RSM3,2425
JC8n1DrFsAGYTrdP19uWg7zwCmxngpcdLjuQbk8jGR9N,2421
6Fhaqky1dK1BDDcMsNMkJTRwbFHjqUtixVFspDiLYeJA,2426
Cu9EtNHqZneWZiJCWFZyzsCbgG7j2gSNfrgkFtA8djXe,2425
2LemF7WnjXFw4Fj2VutrZjhWyxB7DvmVfn3eiYdnHoxx,2425
Eq8UEH4Lcpf8FPpXDeBg17SAxKpUT8LHLsq1Pt43juao,2426
EAwme6MrQ2Z6wqEnwYwADvdoY9i9bxd1ntzSozbKQQWG,2426
6QuTz9k4Lao4pmZqSMiy9oSiiQBWAdAFM4VWx6Zd7aRU,2457
GAGs9bRRYKyxhPyDMR328R6SeCa3weEqRPJfNAQJECG,2475
BfyDEL5ByFqrd2JibpRo7QArah96xd9k7x6EdZDBckJM,2426
AP8FT61Jr9jWGmBzsxBYTptVvpR5bwQ3qdcxr2qm1Wci,2426
GheJaVSrx1YTHrJuhMXWsfaEsiwkmmn664n4X3fi7eUN,2426
14VC13gPRs6VEiur2A4FeeqXVoaiXPZAg5LHCca6iqBB,2426
6Uzudo8ydo9k9gQMaWHLi3FMBFVqZrkCMLJrHFPGhz1,2422
E8YgpBcDYZNT4Gc1LUv8G2gV1whNvMiJxcgiikZDuacD,2427
GCNi2oPqHa9mWRhA2ryf1HGL5vKBtNqAt6QG24TXRfYp,2426
fhA3Fr9YJMiVQBhBAhqf77camX65FPhvxXpeec5Zxf3,2428
4dnX32QthK46n2BxshHXnd8Bh3w3dHRCdNDpWirE8npM,2423
DhmBFT4fp8b3X3fEswEte91DZmacfwpo7br3yBRRUZFn,2428
AZ65UwnquEFr2bsHRYqMiBSZpvKjZuyE6rKRzqYg8eos,2427
G5c7555emHu1kPY4td9815rgjwNwrYiog4WdYcvx229a,2428
EgWxoTLXrchPxJn1cgZ5kdZe9JWBVuHzjoDWkVmJw5pb,2428
7MkKMj5MeHq863LRhQ6An48vVdbHysAUkmV4Nx4Gv77k,2453
5MqeRKzz5NFvr2do7GQYRrw6fm29wNyn44bkqjdT5zLx,2428
2iWvt97Hufs4id4fxQtzRMyPjWH73bp3pqkeuVTeju3M,2429
HFPvihTfUSrKnAvBy1eCVDrEnmaH3qoDkvmUb7gHjZkM,2429
GGxk3KiELJz9gfin6NXuTWgEJgN8LWs2JeCdK6DgY8f3,2424
81ZrNQPeJ48GXpkHVHKqxV9abtXVhpBqanvxDL8vx2wW,2428
5ip4s1crFmCcTxM7nCV3CyhyYdFNGBpUEUE6ye8akEaX,2428
t3ZwJG3fidjE5GsymkxoJQ4dwevChKMD6tCrDX2Zp2q,2429
6jpk4v4MgJSxw1nvzGQ92HV6QNA6NJaXtfjDZ2tQsnTk,2429
D6jaX869Dhww1WcJGvTmoa9Lt8k62voxZuQyhbtXs42m,2425
3MFKw9HH5qvoiRwaezeLixMRd8c5koa2VTxFTieNDWh7,2426
8zrWVi3i4uogJbQ1vNRYxa9CHfZiuDD81hTpDCZZewVk,2430
3TYuq8nS9n2oGVB9AnXB3mjGSVfL3RsWW6LNQq7HBF4A,2426
3GKJeJUbZiAHAzCMjioA5GjpaPF2E9nQDt8HGJLc4zKC,2462
73bfp4g5MW6QkXvNEd4uGjTWnF4HFaGtByC1zu7CUF3T,2430
87bzv5ds4w3fFMjjVDLKU3m4fWMWuVjztQSH7SDNotrH,2427
816nsPj6ptwjrD7szoVeZVcUHsuy1bqoS3n1ZYTtstbR,2425
GSaEBFQWoxsmkndeSUcciiBPkTpWGooriuL8GWe8gzKQ,2422
BQNq5wHdKJS7rUXBEjSweMVaUS1s581J5Y2xmh5NQSeF,2421
EscqpfnBcdXaQC7jSEEd4DJcFXnwTuTQGSiv5jasaBoT,2432
7ktZKTTLTp4XCwS8UF6HBCxoFW7G5u1aZXMzNyfeddqw,2431
53peRE1ACohqjNxUDpiFXD2UCCXQgHc8pfYZ5inS3J5w,2428
Eio9Epry7b5R3hyyBFrxaYGxXAPY8VNNJWU5vEsrGRdv,2428
GMFyiMkfFyW8xH6fyKMCHQLGbbjHCyiNEQkQoiAW6A3z,2432
Fvk2P1ja6C9STaVXiPezJzDoDHeSKiKor16LAhsRoTkv,2433
8nxRhWRda6BqtKENG65EsfbWs8SYW3cL4JajqjjdfSJa,2426
HyNW86nkNaxKTnvvi3u7QTsBRb9HmRZTrVSPoHdw28ad,2428
8N8HLx7EC5Zb5nQd5zUj3sHpMX8eMH8EGo7gZwxruZPU,2433
qK2WJtkpxEMHY2SDydXFsk8oKYvdMj8ZNM6t24qTuTf,2430
EpLu7TTfCHVRQPiDRZ6wHEsGpE3vfGYr2BojTMXE6k84,2434
7w7VYqyttSm8F4HJYLbxHQnn6CPtX6NrgPLEHa4EoEZm,2434
BDTaAob1M8sqB8iLLEbFXQ6grxfcbc3iQvWdhjhfqVBE,2434
8nGP7RjDTNZ2cfsSYHtsxHzas54CBprJWXViqVb3MR7d,2423
GWN4gBNAb1cRD4fsbg8cWgyw4Ux1JM3JLhgYPXzvcd3B,2433
6Pha7LTHbmy4sggwAoayz548PbHX6yyBjfswoiaoZtah,2434
4NPmPHhoL8CoT9PwFXw5LfuKhjm5rgecGS5NqVrkJddN,2428
Gfuhp7BFBSc6NUi8RqN6V2D3Bjx9d1HhV9sHp97YRogi,2430
GHWxS5uLbpQFtR7YBVywJqt65ni6y4adhnbgay2MBALw,2430
Hvp2bPf3CYuVGNahVdXSQKWxnhA7oEbR8zp9QdAvpbDt,2434
BokUKAp9pRSCxBaVqUd4URgU9VoMR14xqnAeeGBHXQRR,2427
C9vjWPTsaYL3dq6UWkBUWmR686yzFhztWw5B7y63S5h8,2430
36GdWEFnTEEQQR7FmHhXvypVie8kv2k98gw2zQ3P5vWE,2426
AjocLnMs9hXjJ9VMjZpaepzF7o6jJvoBie5NeBaknWUt,2435
Cv59Z4WWJPbataUMeUQ7FexkNtgcJzqCZNJfRpPN7ZXd,2469
6sJaRefvYE7W6HKEGQKqjMxa6ekYTQxVpQrSftAQAVTz,2435
7etNZpBSuGQU1ifUtnRJmu8jzGiLwKp9QgMhmRSEtjQx,2435
33q4S1dHcajY9HkpimdjCMxFpma8Mmm263kSgW3dnnQv,2436
6PF5FvYqcmMXe6WyiBwN8Qfis5DJXAd755yY6y6iN5m4,2436
ACThtxueEyLGsghAwx6ztnEM9qaCxGRhgEm5CWGf1WXW,2428
5Tya1Ha8Pe99KppdAnqh8Dy4mWcwRHksiWu8HjVb3CY5,2435
HaiEdaNnWU4Hue2rTn4kmzdQrnpn4wNdakLsyBwBw5Yp,2435
CLWkHGpCfb6y3wJ9wTa6DAbZWuQhpYMUBuS2kvyj1Vsp,2436
Dp3R3Hn1xrVv8qHkwVgXzVZecoha9GRS8SZAxKbbWfrR,2427
5r8FRCDGyEHvhY82irWK1qPR3ouWnXPhtiSWGLBtEzDY,2419
5uwmgj9xjrqGJRHP84oVFbg5utqLA9KTrMq2HG6Hwios,2424
A3GoZ5qP1QbMjuXjAiP8QmmD3s73uArG462yuuXRxs1j,2460
BXq8EMqERA2wmM32fNfYyd5jfEqKRhfrVf9exMvw7MGp,2436
BhTGvt492G9TejwUkrePNaZoohSx7Ej4JP6f8EVUzzS9,2436
5FDkp4ESoWi3HLXEVUou4EuXY4q2Ass6NZ9et4F72ou4,2421
Eh4UBotRDNExsH9dcGdCVz3TM4tw2V5HS1LvuyLtgeMz,2441
36doeH1PLjfnaFk8wi28Ea7cQirNcJAcpfRTXxvphrbn,2435
TP3V9XxZQTpoj9MYMfhAzajrE8sphSGGKaLAAstufEK,2428
BUotXajqFpkySE8qR6r4wuvH5PLicWGVLHof8bNyytPV,2415
FvJ9rU4bLFpb58dMb34ytzFj1nXg7YkrjDpAMm7BW9N5,2432
7oURd49yg75zhCkypuoepCgne4zNk4w2LFwiK47dUEj8,2411
288JyB81d9pRRG89kzDRw9Hju2JQv9ekLxYaindpz4zS,2418
4qN2H3QVEwAx3f5E26wrJssS26cjLQadyn4g3PEA4VbU,2424
C47bttChjEQTGh9g1ULFB4Bz8Urf5YN2iC7iV467zK6K,2420
44c312a577EHrzf3JghuHsrdT2PoMhCmdw7SM94NCLM8,2442
3N2UdLRXuJDLWYGaAt4g4mtapytq7fg1c48oe4ZFHax7,2421
8FmEKHK4NJHPfU9XueYTQmFMi4mjW4Yx2aw4By8wwQey,2443
4M61MnMLLuNm1GYCL9zDrap6YKbziwcHxnhmivYD49CN,2414
V9rAt8wu7wWPEJH8ghmma2Tk4VQgB9A4TWGsaEQZ9D5,2428
2ojLSdotHq1Ee9gUijv5VMDFiRANeNcdXQBmxLf3BaAY,2428
CEJ1agFQZxi4f86pekwDhVav6AuSLmvSjLdAS5TdePai,2417
A2jwDrsX8t2WNRtehfTptMY7rqCUD33zfzKJPptRA769,2422
DkLVvoprxaQe5HR8ntLhcatzSbHYjvmRYr2XAWr3kimq,2422
8VN5TZL7pHpR2ejUX32fHtYBNPUuAJRxUviYdYBPWAz9,2440
4ALoaDvyHeiw2sxNwcskpV6UWXZKmSxJV2XQ1pyk3tCd,2416
tmK6R2EWiDaWp3oA2CsrJQUXjxj6Y29odNWbDyYeRyG,2468
9DvKSo9QEHcT31tcAGE4uEA7DHyDBYoxw1bNsN71NpYC,2434
G9jJwEup9QazVU4ZiAV7mnzMkVBiKMfxF6yriDX1VptC,2410
EA8CV1zUhKY4PkpWBWYFtQx8aJSatKoezd5yL5Y8Y4ys,2438
2WHya3Tbz4kj24veCcB2ZoP9JVG5wjbkCMpS3bK3Hdhh,2421
GTKzEE8N4ApFrv9foHGGWsQBLQa1ZMcJBWEubPGWAyMc,2426
CP8pj95VpdefSKnv7oSzQuFVn5cp9qfVk4PrabT9mneL,2424
FPUUUCnZ6stZ6HAo9LYyqQziMuseNiHVds9nJcxUWstr,2419
F4E8pTPmz7XdrnxkBNuJr9otpdUrx96TyHwCc3MaLaj1,2428
BDsXqPmGvmW9b3VXcVwsejCUespZoJ69yqKJcnZempV8,2445
H95VFZPqA1yU1YfaKCjKRcb5dLKBBG9hc7mQXXngaEQu,2441
6XHrXnjC8R2DmFmhzPKz364rqSho1MbaZTta2WuCH5N6,2445
2hsCJQoodfwMGTZHPaoNxSPrQkWJxr59ke5Ao9He52GN,2416
GNQ3NVHL6Ay8LxhPxGqzY6BhGaZ54a278Gmuo4p9FonF,2419
7ekftPfaSAowM1LDxUUXDebfrBTWSEAyrLaugceQeXqN,2432
HwmEJQjypegidbyWD7em4MwA5NX72HMticqQb3kTmPB3,2424
5UC6xRsQ1eiFurVxbSdGwCWfovbqGLnpCiE3TSB96AK6,2421
DQPzxSJxf4sv5DL3iyy2fQgeaPLwHRYzmex38F6avCLL,2410
6n99NCx7xZZ9n1jdJk1WYsW7hsJheWM62QEkWoFS58KW,2472
4HhNaxRFV3hr6AewFQCMHtNu1RreCWeQqtrD1mitNcKw,2422
3FS5GotpSR6wiX3tJpfiMK4CcKq6agjy1tR6PkrskaDy,2430
EzK41Mpiq727W1PqHTPf1JtHyzm547zX9RLfDayCVSjr,2434
DcpXr3hxXgFhAvpjYfG9EMwyr1PbxPzPJ8qaCzLXSj5R,2420
Em8k4SstAHH1aVaP5D3hvKu4r8EkmJYXxztgThxspgqL,2436
9vWV8V1iTEovAVRhJpZX9ARo8f3AFshUvaSzkswy3bSC,2424
EZKbbnjXzJSdmcRdFMpJYWqHeevXcJKYYqZPxC7u6X8C,2421
HdmNtXoMWQzhtLBvjMbSEuh5XSWMTvSYMoZD6D5jPoFQ,2478
2ysgCW3BwPZLcPZEzwh1GkDQUQKRu8eRNxdR93QjTX5S,2447
BtUFvGeE6zDMmvmKdn9q8KoXKB6cjfdWj5KgdQcriDJm,2417
2a3WWTdnBtpQwJRJpuaHDX4T7afJc6HaN95v8dTGEETR,2417
XhQT3ySwhRm9RjWqzGtFsnXe3dapbA8rbT7vc11j7zn,2433
8rUPBJvhDR2GwpMqLdfvibjTVqC6iM7xZWJxNUPbKoFp,2417
3rPX2CaRE1phVC1ima4qcHjEKTkNa7RRGFzzSKgVsdHb,2435
FxQe3escugg53Bai2JMQrd5zeojDgmz42dvAnbcTGkMm,2439
H3qiAXNawxko6GG953AWdNct8as6dmDJLKJxYcYZu6iQ,2447
FFosa6ivJMDdvpwLZnqEFbg7LTgL3GLXbYWGqXkPT3dw,2428
3FNu8VFpnUsYcFjpdW9m719QJX2HUW6LysFHBV8c1ms9,2428
5rhpQsJTnts5C5FY7zb7KwnAs38qpgt5H4dX2mr91iFC,2426
Cp8xzHz6yd43oPbY3anQe6jgaYxguY3RBxaBNDZiLJm,2447
HtWqNo3bWVdBxa6UorQxDXws6T9AxyTqg697KZEysaWV,2436
8t9i8wBTjrtZZvtcwPfTVvseGQs9L1fBhpPubY7FAuaV,2429
2VXMPN4d5ztj4UZ71kPUhYcdwbFkSAkMbZVYCikFj7J7,2476
9Bc3MGZdELmja4MdxdAzbUgGFjRRVZVAvhRf2V1xqtMc,2426
HbkzwhWZiN2MpcVcmcwDwY8CqfEZJz25Ux2cAgWZLCzb,2425
BFFV1o4iTixbqVJbQEbcfRinjv7jEjUvN56h9nf8yhn6,2436
4GLqwvttwnKMhXTqu9GH7QQR5oasBWHNm3KEEyeWRLw6,2424
GX28jM11d5tGyn1uD8oHwbhRn3asvmXHvqhmYV29VcFD,2432
2FADf268CEdE7fnHNRN74k5CPedKAdBspvNxAGG7bVW1,2427
CkAxDXyYZnJGejehaUmYoM1CkTKxp47obRKQ3EcQghU1,2437
51rnFRQPriBKyAoYc1hyqMuq5csBDE1yaSdrwZg7wCcr,2426
AMELwJBUobohwWby8JuYnG6yEjwRMpLe3fcucyQX2W8F,2442
5L6PEF6zfgrrhZiRpmqnTfXMzi4BWhHXTBaQpUfPAUem,2442
6NdoeMzwGSRzn6e9dTNmz4JpGfMB6eHSuKb4kRBKJ9xc,2440
9x4fKLymxcXiLDKgfAjYPZ3VoWPqGefB5zrzyyPFrn7h,2435
6Uzqo4zNhrHuiDC99UdHUycxa1tRMcysFhtrUeeewEBt,2438
J6tBcpzUT7hG4kJbWScpU4bPfxXfaAYUiiLyQFLBJCbn,2453
ATgj7rBDqrydKW441ceGtDkTWiw2mmKJxCeL8XTtDVMV,2432
9KMVwN2vifHr6a9qfwic64bMatzR2h24RRaPwB9nk9Jx,2432
DK8aHXSuYx1BNH4KKnA5Njcmmq3aAYdWmBvm9qDcr9yu,2445
5F3AroCW1hxmMSDkAmLEefXFZrW59q52UDsNdWBYZgcM,2440
2ZVjhdGXSTpyuHYkL1caWaphq8qt38XLgGLNhByVFKmk,2430
8L9wTCYoQE1jwYanBupDKTWbsk6PC8cc7qGDTBAeV8Gk,2435
FrBs1w43RCorYpVZdQDgfcchF49cYrsVe3e6CeBLeDA8,2429
4ckXgaCBRT1N1b9bXRaGPS1GEMmvjSWndEjJQUPLYQxp,2437
hdXm3zPxMv7PpzK54mivRJ1yk8422GpjVNotdApRXgS,2439
DdtQpdmb3jKGdpGFkks5uE5NVTwPE2RjUEPLoDMUnNA6,2429
79x2RhrZb6vZbpY2CXNRNaqR7tJ54i8pkQTAyXndRuZw,2427
4ZbSKDdcWQ7MD8juiujoxvjALfnKF14uZz5rW7SUwsNr,2423
BMNZu2G3YnZkk1ueV1TQhGZzRef6FTDUU1BxfV8HiL74,2435
47eY87thTsgbGN2apqiMGt7oACq5PPm3jAtZmLLTpMCC,2444
ALh97dihBsBoNWZRh8qwdiVmJCLZQZdgCr8VnHQHNh68,2447
G5ZL6AAsw4U91iZT7uKo3o9vueHqBKMc1FLUAXtoxFs,2441
4ucYnq3DuhpXcxn3XM5em6NyE22HBJZVJLiCQ7YsGJf9,2442
GmxUkroxGybdv6v7ko9XkTLmMzVVFgKzEA621eDfYQqy,2454
EWsVgmL9KGRnpPwXJDR3g4gN8uuW3DYd9HCUgF2CZhJV,2423
GCEWwvLBHd3ZU9AtNKgPZfftANApPkRcMXXqvpJqX6gp,2443
53fK4A2acd5vYK5q8SD2N2wwTFFwhgfFuHFJumnZ382i,2426
Byo2W2GQYbjwHnHYwW8H4Hj6mwNKZonHc2Jdwr3szSXt,2430
EPwSzSwY8gDQtrUJXWvUo2qPvUzRYCJNgTaGw8Wskx3w,2432
AZ9HgpGVYd2MYCUxkpkDZEoWxtnRc1KaSSq69WPSiKYs,2437
CLF87x4Vg2AEnqJrkzR9pLk5xwfde51qf2oryR76Zp8g,2447
25Nptx6dRXC4QPz5H2XU3TpXKF8f2ZvKVkHpvNa6jaJP,2434
DujwFSHZbGxSHJNZuJiey72MVSPfnGR4oFe4EALQ3W2F,2443
F2ZvMQjDKwePp6ZNzwVGuXow91VCgBUH2QRkTQqyRWh4,2435
Cy1Up6YGc74HvukVrc7VAZSzki9Sd2tYxcEPtZ8DfqmD,2427
GGNBdYc9TV7bmvhb9DdQmN7Ura4vxM3zAAZwiPGppvSg,2457
5ViBmrxSSp6Da9UWq9e5k2bmuCuhwgs3y23AustW15zD,2431
DHp8nihJXV3vPZANV8QJ6qvUynCqyJJ4w7A1WkLfi8pE,2442
v1NoNtzbPb5ccQk6uRXiYUoWEtyFFS8ar19ZafKzGTN,2429
2E6niV9jpGKp9qiuFZzG98GjCnA2Pyac3d7wEVyuwFHa,2440
2zEBjQ2R1jXHzWUCGp7k7FXaAaCtNG26vcFWpsmAH1TP,2422
ChNhUqUAB1ToPxEK3u9rvRUf8YmLzp6SymfgESgt6qqr,2445
EhkhVnPdYpjHhDfanvcNdb8GQ73knpfkzUSseebSpAhJ,2454
GWosQcjqkfwjy9E9PCWSzZReoUtEZV3Lx65YZTvCqNa6,2465
7LMt2LASNBCPjthSghXqdPyTJoC8cfmTCZnmg8R2WuaR,2465
9zfdbdo9s8EqjEcSzxkxFd31LiCJQAAhfikh2FZgFZjN,2470
BnYtn3Q4X1jGaEK8f8RjBhdTy7V7WJvcG5HcSYQmCBf7,2472
EwCPTFpwhtDpwamQAgsGCS4JbraA2Bj6v6ZWLZHaktbr,2432
9i9neDoxYF2EtD1CmbuEd5gqzjhfpa3j2RnpWD1qm9qD,2436
HU7T3xcNa7fs7oovNbPhPdPMBe7EG3aZ4fRNZydL7dbD,2474
CnGu4hSssbCbYKLUB9o8oCLX7upYoaBgYEvjp8AeuXKi,2474
97x814qBzxkFRL6XxPnD9PVTenyAzc2Pn4zHE9RtVCto,2379
BmnJsdYoAH3SnebYZvU8ZpzUjTYTfj8jmXaarKgdYzDV,2381
CVxWLEDUnghiuymFQbHK8RbcmSL68M4vrNedDVxXqwtm,2383
D2HcAfuaWgGhSBH5yxVB79Dn9t18YHATEmouQjzoM8Am,2377
376kikPNGKVG4ZGVQWhtWFqJWgtEKvv5PavFShF2ZGQ9,2386
FyXupG4APDzWvuHmS3LRZ7T3jqfYvCFASjCZP9kCccLM,2381
8aKbSWsTjetiN6pPzbJH2ZL4vVw6dgjbcPbRmXcB3W3X,2386
9YFUMYe7RLrwnvJZjVNwhSzGs43nfD2g97rTjVCoMvrk,2380
72S91QYQ4roTSE4iMrxpnwJqAqohi8Ei3QGbqPExYyL4,2386
9QHbuJWmiuXyKcqsEEAWgmPMV2zxL1BtFgvgYNDRi7By,2388
DvvUQAX7y4bcemSFTdfT4HUjHDTSYdurDsjsW9qqvarn,2388
AYRdyF4QM6BLLqM8r5KT5A2d7cbeFDG5smdznoPzjQwY,2380
Hu8LihyoybGS6UzPpcq84pdT8Gjzz3LAvaGrnCTuwK3U,2381
7fqeqKrPHXPete6ehkY428AKJDQkFwExTePoLEB1WzoA,2388
7Xb2fY5zn9N84RCwsMYWzfpv3qc7rYbF9M63FKcCa639,420
AtJJArrS9XGCQPzyezLQd1dEtyePUtB43QmuZVbymNMF,419
GuFLAb4sDQJYgT1EvbUHyxEojrTXu189YDYH4HHzGE88,396
8qFGxtV7FS715gtmACtEQSWcNbGPVwJ1D5cdJSxrJUUV,422
7zYstN69qy3UA1EXY1iab6CtWFjLGmkrNpdNwNM7gAKg,393
2LUgz5orKe4b6GE5KPZJ5tH55PjJTb516NcAFpjU7Rw6,403
8JVMYYTuXKyWCbwLmVNF9rWe4YKpugkK14DHTVqwAjbQ,401
E6w2vDZMNUrJoWr6UAcXDWhUFMhSKFU8sdFkg2LiAgxc,402
GYS34yxB8P7zdMTAaH93uZQppUGPSwb3X9H43ENkbpho,401
Cm3dHPjMUgJpnwmYpv5PNCopNHNzokpuHnGZUojFQUku,391
F6Y8nt9N2JJZJ6sQE6VSLNjJ6mSprQ2Gd1854pRh6z1U,399
4ztPCkgSQ9QBdnAVZTW5jVzELHaj9urKt2wGZvtSRzJn,398
CzVb3UW7RRB2p6iDQZKitpCzxhKkt1pbNSCUt1mvCKyc,403
Cjdz91Ru7H8foCCJhm9yD69GxqWM6FVsnTKSsajXiZMZ,403
9XZQfKHqZN8ke7t41ytN9n4z735rP5sLqaQqCHKP1Hj9,399
2iixUcxe5V2peeJZ2RdLT3GqYewyXesaH8ncKDxEGNSi,405
54tEenkQqgj8wYXkKB2e6S9ZYt6ZZpQopthKUWfrETjF,432
AVLx4SroN9U5wwzQahNFYUZUXetxeHsBVp6ibAnDtzrA,405
EzSPtaHec4RiqkuhE8X5UD7VBqtN8XnYU2zGVLycB3kE,400
ArS69TV9PxCVTUcZRC7idBDm6KyAPRxZ3sDARWcrJzMp,397
HJyUt5BrguAQ5MuRwpZhx8SwkeDvsvtKpdQHxDxP9nnu,402
72cdmWzd8dYYS8bYtHQvr4LiFeuzMJfcSt5RuTafyFa8,400
JDzmfrcX7wykEvvNJ4V4dv4hSv9QcyMemPDhNpiuBBqj,402
Sd9RMyLcBiLh3qWaLukxHtX4K874Aa15kFeUEZV4c4y,395
Cvbv18ksxp1nxeV6XXzwyKYZuUqBXKi2iXuEnMV6uaJ5,398
Az6DeJ9661shEFLMdCCtVo625gEvYd2tfj5n8hUjDwUw,400
AwFmdUFwXJB32NKX9bYHom1umXJjKcaW5Zb2SjSS4jEP,404
4uPHcv6fgAKBktEVW4m28ZWu3DZ4uT61BevixXn32tKu,403
RTvZTNYejFCyRGTVjgscteWTSebqc6vo3zk94WNLvEs,395
9uDvWEeThjrfkD5UWwaonmDHS227dfkHLARBRV7LhNbU,401
76fQeT2CixqgNSyjcj44S5mfTZSUs3ErsKPiEULq5Fwp,395
8DyERbTmVCxqqc2MAVyWpjGWWrqKzC739W1iubwguYSX,403
4M3MB1VjGUgKWHKwPDASFyGh9AGEhusNtk2m2a11x3uM,404
7K3Mz6zYUix4KeLbhzX89G1dM7Yo2apHDo2j2kfoT3TV,414
3rPntk31FmaqrRiCyPjm1HT33zupxQ9QKWtdXKQjwd8s,405
DdiA8RtDwm9RH94hv6JpkLoHvoh1uRadYJWDx44iA5fn,408
DwsY8h3ARvE5qqob5cUTxuxqt42hZo8fjWi9h8sekbCq,401
Bp1WvrXJgQLUsxRW7oj841t5YAR7a69w2FwkStb8RxEZ,410
5BuC4d8uR6UjLunW5FDkyEciqWuuwKUTRgh6XmY8MhD8,404
5KH6xfRWzZB8tresiD8JswkJeJcmuvZTsnsjPyZjUBG3,406
DHJv8H5Yo1ACQ8b8vWU37qbJDe6jppXcMmkytw89VtVf,409
BG4jGBSCJMZAgEsaqMc5UDTC1hCkT4v7Y6hXvZ9yv4cR,408
EMaiGnaY4VtukiivXCkajrxefTLRoeiVcnEiJ6NnVQQq,420
4nN7fy4ELTmy6FNXUAfKJW6x28pWuQUQmshuqihNTSpD,416
AJEVYC71eCfYQf4mR6RFF6BqmJ4rEmxwWyeWBGb9uKRE,421
Hdou1GvSXScJk5qADXYfaVw4j68hb3ztzJV1qzJFj8Co,421
FmDXWndWzxXrpuEWKaMYjZ6JrWfQmRBc5rmrSZ939FKu,546
6ogUWMB8jcwYP6eDrpwXHAVUCDmVSjdQncaPVukoWcjC,543
EPT84KrXxkZTD6WWn6p7D2ER4EzSj5ijmk1ShLykt2tp,559
2NM5ZUZDuEFd3AQrqyay9m6NcZCdwzGZDjXpYYQUSme5,554
Gbh7GzUWD1FLRAZoLu58EvoyN7uJ15LDhou5orPWFdVL,548
4aAkKqpyJoPUYvB5KNwBpKYmHQuaATkkYV14qYReGU9v,550
9ytNFNgvrXqTWRCyCM9kg4nA6groZpKaKicgii8jSJ2r,547
8bew6PDxJBGsd4fwZz9nrc8G3GmpVoBN2T9EK8UUCdB4,557
CQ6QRyBS2rSTppkAfsf9Qtkj7eJzf6WPHRhqrqMAAwKJ,550
FJGgxtkJUxyJPY9iqBeJVsspwNDDQNKrT62zSEGs9ZZ3,545
EuBqCETatHScrcTzVKXbPGgtLHMk3QRo5CkGhUwLBNXj,548
FVmFegEvWSTohoTEMZpcU3Pd9BaKKASj5KpSNQqbqX7s,554
2LbA3Q9fHbj9sEcepLHsH2eeCcgJGffMh5DrWpA7AHsC,554
EKZ7dXXEa4A81UuWcGK7nFCEduqE3fgLDCuaWtfTztkt,557
AhaJCo8A7S4RE141udzEHZkXFNPY3P7Adqr2ycCddSw9,548
CsARcK6bg4m1PZmiM5CreBpsdAZHZwjRBCLfjGhPnVqZ,566
F72Yue9WE3Umpv6yec2bajrvuFyVd5kT5URA6P3bjKKx,566
5HNjRnXcVcnaNvFF4U6i29Go1fdEdKru1EhkpT2zv8fY,543
7mW3WCUVQzx1YNysYcaoY2dtmNnwknjtrEeRp92uzCvT,548
CNbm5XS5MEQ5X9EF7q1N8Kq8bxBapHFYCM2bYCP1DSDy,544
8fMHdYdRQN4fBAhQ5HzJw6U9bGbN5NhRSN3PqTBAd9QC,557
Acpqa7nCMetxnv6oYyipjpKnT3r3jbssCWEsNCrndcSH,551
6ftr6Y9Av5hSXrvazQGwjcmgErZNTy3guBbN6E4vyLpK,549
5sjtDiU9SkMLERyRzjXRoxAQUscpSg516kYLWiMVxaLV,555
6aNSBt9CTe6mF5ETQJb79XFRYBya2FLHYLKyHQg5NydK,550
8hM9PqZhn3NH7CKeAGHdufgV6hqUw2ZGXV56PCN9YVFj,562
3zm4F1kFRtUQXGyAGDKcU7D12YwfMFA2pneKcLFc2RDc,751
94NNkqzQPKcJRYApWm4ZZVEU7NNBQXrqE4GsSzkc1Lvs,745
4T8vtCNtAyi4kAHEVFvK3bHhsUcC9GDyqb7DzoXegGPg,751
6iEDYKxN2svmjU6tC3v1XVjCTn1gMdwWvMqfSJnLUkde,405
4mfwxm1dyokXBgVoBL2RaDx3v9uWt7f8qDGT4Y8C6D5u,752
HSVDvXrhB8JvSVoNuEbSbEUcxmaByVT5a1SVvzs5NAGS,744
426cG3HHZavitS2SWC7DwGNUgCTC3gJK5ekWtMpzgMpd,759
H6P6XqJ38iWkfeXp2FXoXsuRE7Fq91Bs5L8a2xudXnsw,412
5uM69oyEAchXpdpDWGqenCGsETVQzJMVttxvGyvnW6k8,751
GmrHFsD7nbonfXZnM3BcEQJtDP6THuDR6chEVHrSKMor,413
Fsx3WL7ywn8JvedthkhpaVvrp7hvmdAe8yNG8mCA1ZBU,389
A43TFhV93MVUgUNkAk2NdbcqG9eiJRbx6yVy7PQNU9X5,387
8qknMc1TV1EgCcgH3bAfmtAtHfR9wP6BWraiHd7mg8GQ,388
9gZEmFW1PnAQBPH9E8P4dVXoZKNmEwVfakgcNz47ZAnc,391
7TRCfPhzP8rAwNKz8znBYTnVHwDi77sS11z1RFWvzbdh,765
3H4r3PxkLFuJyrwDETLfCLAwW8YwuuSirwswgYFmfYt5,712
BgcQSCFgrqagao9x4w29fKPNdUuNMEFQFFp3PADnFiF6,390
7VYgi4zaQAfvogSL2LRnyuCJS6Rfc1JXe31HAh129GAH,427
HguXSEZopZRtw3tjVrjs6QThZeRSc3Ge4sQSDVRkTief,422
E9Sas4JFvMSPyn6XfdAEBik6BXagc5hU4zksVnA8urp3,422
AnEvF1seettdDidhsfqXHMvHq1KmSs9dHo2qVMBxMoHr,422
CGTRug4VXmidZHqqqjqXov4rM6gBXbn4141aF3h96yGQ,767
83jSrBofjc8ZymJksyVmG9JWNkKdbn2vhCyvCp97HLUE,394
DcmQQ5n9gQesDCShRyEoeE5gg2PKuy48KpgjNmhA9Y49,392
BEVNhyG5owdjvprFTQ7eRHv5mEwywXujVWgCwK8CQjSR,763
2XizRDH1MfzbkZv3NfM3CVaHPh1S1YDFQ9WB5fZiERck,720
Gn9CYR3poM1sn82XqX7PtgR9LMTt6DgvBetNeY3HgoeH,769
Bui1YJjaFn6f6jk2LhCV3uCvkpJjZJarLNVf84wiHA3c,763
DieDcX4Xowr5LcDQA6hvXFw2VHMG18mUia6ZHoVk1GP9,765
AwTWzgDmVQ6TaVwMCYWSZP6umjruH6UtKtNd62fWB6zV,402
J7GaKEyUHt1qrVK5iBKfBxr3ogDi3trNJ6CHQa4hAffz,410
8Lfn2Hkzk5REmdHrLvmZZBAi6cpFpnRGRhT16tvD4atX,410
4ABAGsAK7hREvuUc6JN1xRm5uNEmMnR5mURPnmEVMn9c,2376
CttzWYMV5MTcnduG2W3vSy4D5P9oz2J1CHf3aKgmEwC1,2376
9wJzKkAXmRAeSQViiF7n4gB1TC5UALHurPBRYQBpAo7D,2377
H2heGDJfpgToiCxBVyeKutvdUWvL35RUrC1Ny6kYmYsF,2376
GxVWi8bUbVyZCGyjMU94UD3QKMdsa7CqTL7XGz3DpGk9,2379
8JdYpSUxgaBNvNn9h2x9bwycZcYd9Rov3dDvXgViyQfQ,2373
8BfJv1rGGb2WxUAfgNKxMHQBQPgnoaEavjDd4VQYetvH,2382
7yRKdRVNDtvkTrBFtzCfgDHmv1JvCnVzp74UDbraG9qP,2379
EuqkB3qt4fFaHEeHC5p8iZ3NKfZK9LLUYbFNqnSrXkJC,2382
GF2c7vS3Lxde7eC5gr8E4umnWQ9uJ8GthUSp7dzJs8TX,2383
7XwbXKmhwFSE2ttkchej8xQcXKTfHRakq4KXD2ApbhKJ,2381
9TrEZMhRAxsHUkisQ4vKsaDxp1axcgXorCphsTRvejEj,2383
9GRGPTaMFHq3cHrFMg78HzApKVi33UtXsqqNseL5dmkC,2379
Hmz9Bca1w11igHm1g6R7N7zfxUfT1JptiHo8HU5HGKio,2382
2UUfkJinKowbcFtjC6Kp1PWvanEK4h3GtdPgaahdxmYs,2382
a3DzF9ABMGGDYVW9HAx5kgUtmEQXZG5gjv8Zwo69MVX,2382
2JegkDjbjpMXrFwyo3g9vjAjNxqS5WAq6CGsd3ecSUoA,2381
Hqub1KCbhWKqtb1Se7Hnc77kidx8ErD2swDYkjwDG7R8,2381
73LSxhq2waKPeM5kqkh95q8UPc7kmQpJ8aR2gv6Z7uSP,2380
DFpB3RAw9xC8cxXykhcdJ98BmsZ4r586rUbobQWKU6ar,2378
CdaSR5L1X2bxGDJr3veB1T14xJT7j4Q9UviSSBWWpTVR,378
E2cTjY2PjgpQuoCR3QZLS3DFGn2puRKZiw5oCrsUCc31,376
FhJWUt6fLGSK9GBKYfu8zBkGVscazVRit2jcpwo9Lbvq,378
EWQL4b89mq9Rnxq68TcUKZcicGSUnU4BYtjcuAqfM91E,377
GwEsUc8RrxmfsAXxiwACmYTHVtoZ2wZ1cNwhPGqKLKK,362
AvGzpGtrh5WhGgF3nKrUj9TfDZV7HQ6rM1K8eQDoGaFd,362
C54oLemjkqjQwBP9U57gqUqC5qYw6V7vCDTdzfFDDXRJ,372
B3YmRK4bEWJLhbLm9rzvKyT3DixqAom2So4rjJvUdanv,374
6p2twToaoyfjVzrZb28QbxGG4y6mqxAZ6H6bLJzEFjsj,362
Cqqd7LHeRdZFrLG2CMjpg4ZoXSdY7fU5FSy5HXpa5bkT,365
8WVPovmAJDNGqxCDpDhxPToWt8GCBBLi6GpCE4pFMuDS,367
67zoEFkEC5oy4sbzxfNVBQPuNqPN5LjhQP94AtAVij9u,363
Djxm1AJeZvAGtgqs9sZe85vYBjUAcCPQwbiowme8wsZP,365
DAafGL3BpYJG2whSzgTvziZWwkMtaa28QQTTFxyySM4n,363
7PHCkRqn6b7GCCWCkYbkU5JhsvNxCyLPcykQA28An2SA,372
84Dd9wKp74jemNAq3WN9X1tSATqY7kFJx61okKTE2Sci,367
ApasCKUhMxie2g5XhF39G62jEE56CfR2xtt5u49Lt4SM,363
DJeBEwChfa5hW5b4wCETtZ8ft2eYGihUAGjnc3b8T7T4,380
7PNXcB9UKaYkTHKxmoqkcHuNLoMwgmvXBUtTnEH7bFwM,367
3CaXB3tQDRaP7mmNuCnkAP12ziJ2HRyxkR7ffMjhzkyf,380
7CNwyGSV2VAEbtmEFw8PzcDB5KobYNJgjHMC6jhiTsjs,400
7QaXApjaaU6QS5wRkHJXagcSKSuW7XQoW9qiZPGG4FFD,398
8rPjDJyeiC7fDB7v88Utyp45qDLUJ3C92qMaeASo61gR,398
3NPa2TPJHio8M1oEBsFTXQF6oQRfSD3jwhFKLZakGyDY,403
BgfZ2PzDZEEkchEZhtA4NrcgpeiE8StQCBA2g8eTqVLV,409
popgejxsnnM41nV1YEpqKyS44xB5Q56aGfWT7fopRui,404
CMbHwrNod7wWspnBnTkcS2rVYkowjUXM7kCymQksG7Zt,398
HWg7Pkw3VYKMgBAS1mHauztmQi81eZMW5nTqbt5QVL6Z,401
3rqwJUoeRDd3zqyADUgbhgEhrK9AKGBViC6J5LvWNAGP,401
6dpHrPAfQXuPTrMT6jHsq8T3GxuCEKwQDTHgBUHLNsF,2386
HnCtyxQM1KNgmT57gHdxZm7ggaNEkiMgFKGeZ1bKCHxX,2387
3BBCqsXZCBhQaDDuHmjUVk4T5DGbVGfvCXob7e8ut4ex,2384
72nKoYU52UkJJx75ZXUgs9H6GqvJsAndF6RrmStJMeoz,2382
BUWCFC2B9R79M5CrADhjns9dnPs8FGGs5ZEXUdAVgCAr,2383
28TrU6GnvQPPP6ozswY8Mqg4km4bWFqtuAvuxrCL72Mt,2385
GJg4JK9vARZmUmgAGLG7oBkMtDkaKQGBRJd5MRSo7Cqg,2387
9WTeJskEsY6J8jq5ZRFStZn4M1A2gKbTjpCNTMoZ3FJh,2384
8hKLACSY1WJDobaTWqY5CeHRAxeCo99q9pL1i3FCKrTY,2390
CJakGRk333BH6nWamqcsFcDvaXQNMj1xwvKnqHpMvbKq,2387
GwK8SWK23J4mJ9WKcScmz9xopC9ut2BMMSfWtjtAWFJV,2389
FyDBzZCYqNWxhx1tmD5HwvF1rr4qGDdH5ztYK6M9rcy1,2390
Fx6q8iC4ABq7b7c7eJ2Jtv24Y9C2gCwwSz8mbES7LVWy,2387
Gr68hZR1DjNYcbfetortSDzHteWE8x4PwwA3b59tzxen,2393
AZAiHr6wS12PpT4Y9vkqacjZuNPQSTWJG49R5Ark65t7,2388
E4pDVWggW1Zq7FxG5EyhFuQrsTJEnZ1Q6nFQe13rQjuz,2387
5xuG9JMee5P4vyUooex43TSTZk3W65VPGuvAgwd1rcXj,2391
HhiEt9X6rAuj5W1MkjLn2KHZshHnAFLdvrFqJon63fSu,2397
J13W6j9jMzg3bH5wCRhHZqvxeCHPhty9CzxgPzq5ct1o,2397
GDfqsnRVpo6mAeFns7dVP5wyETa1DCJx4kr9xs4p7kv9,2399
GnmXdyEgmZvEwom2mG71sYiGxd8ea8xxLG3iLPrpB9Er,2399
26e83dq36mZe7DxieDocGfA2udemH8bXqKVsVEQH69n4,2400
3DFy42LhKdGjgGezJnD44btKbN7onniUfLhfTDvG6jXF,2397
CcbAupsJzhrb7rHXjowXZpGWG6t8YZYgTieDSznkNgsn,2403
ByN3dC4p8BKAcxECLDyH7whFGVt4LD2A4gddjPEXDRb1,2403
HjR2JC34cFtoVmJuf2wPkyRi14ngX1N1hRheAYkGrtQw,2403
BTfSRveXBgecgVL6muDjEkVkzhmrmHwXmKbCsjDMtVCX,2396
4wQS4mnaVtbJxJq1iqm7ukvHiYEmuREgxQBN7faS24ZY,2405
GoeCjTYPZajcph2H4HjZdJ28EQfFTR5cCy5apwab1NpK,2405
8zwvPLpwq7qDbjbqwvRQ7fraC9AuvHn2x6nmx3ZBXN92,2408
BddgY3L4pUk4Z4WTu8ppzENBW1WWGG5hUBbpFA7ocbkx,2402
9Jf1nqoc5LBr1JFh6qdhhyHRib6TuJ6asHmfNLFP7y8V,2406
2e6dXq3i6BaSBWDXc65RzmH6adZaPxjsYMt8vT8gDKaj,2407
CGcYesyakvMcQ9h7LwctuTCZ29pASZkj46VkMUt7mvmv,2407
D5t44azEMifNBUbRZxsy5Gm1fkKhF7uJj6WfbnkpEQHK,2399
E3vqiATHVufbja7qb7ahw7AeuF2Z9Nhg77vBECULR543,2399
C52MPzMoE71yrr6Ggu8WFkr86x9WLKFKbPf8CN1ByCmp,2409
C3d3B95TSPfnLFm1UBbfFUEFgQDqH8S12kRi1c1FwXGC,2400
7WbfTYXGjynNxonntX1cMcobwE5zYMxbjokYeaRRzw9y,2409
3g4WeM6V6TdXuuxNAMm71J1ztuCVJ8dwW9k6xrto3oSa,2409
LT21WwfjG7jypdFEviqqj2wezEknfMtGHNUKU8yCxyN,2409
tnfQ4WY1y5VuQrbW2MKTh5uFabx3HGXHQipVuxFw39e,2410
6UE6v63dP8v6dfBe2iqe3wzJquoXdLHPoodfcN4ZnQbt,2413
984skXQcVFLf4dmDs9QLVmYACZRf1RD5NjarFLuEGtsX,2409
5ZezEDhzMM7PuusuFA7h34UpXqmtY4iqRtZHj5fA5Wmw,2410
94een7MiVgg1ZwXCkuuteRLUpvgVk2wkN7JJiHirPt2B,2411
GY36Mna2YaC8z8GBmqKA4if2QEZqWP8uxtDgNoap572J,2402
7KzJCaXKcq1x56bRhUYbLFFmFbgN2hD1AsMs9VHpTPyZ,2410
7HRrrzSigaSV9WnRK741GJmDBSecMu8BmSN9JdVXDPjt,2414
EoxaAsh5c9ZwzpHdqPstrehEEnDF6fZA6b9UtDsDoUfd,2412
2FSmJ83Jvvd5KLRYW6BwSRztXuPtDFwqSUxBiMjAeD4t,2412
6W3A6jA5hzhbwJ98Qo8GJw8NYigggUK3gxaL3dSdVcW7,2402
58tka8ZgEW5YkP7c55UykckqK7EBCKscXgvmgHWzsdMq,2404
Bu2GdnvPVv2zcHKtWw3e599tSdyvTD9ZfXhD1inALiTX,2412
89EnrbecczHV1eo47VjRY8GBzJ7pXLB2wWvaRj1b9hfP,2404
Cne3VGAqDVrVWYZLpjK5JhwngYg2mYUGTiTbk64ygB5z,2404
Ci5qVsvg1PRWuW1QJgHFNTahj9k1YJkotS2Dm4SUWFEG,2405
E2r6zEzkV4ZmXRTCFiMQDGsxStvi5eg2NvFqwDkkfahc,2409
6o48RjCQhL4wEL9y3NQUdFGRoBnYeDmhEYR9k3at52E4,2411
7UsiagKH2KTghEJ9qV7kY5Cxkxv4QbsbMkaRVAQDXUxP,2405
9MsuAyYBVcSJ8XJZ4avaoniiHjFZ2biMT5j56vUGag23,2415
8b59GCf38AendPCTVJKw3FF1Ap8pvA3pLaE3hxKzJQnH,2407
Hdj4X1XQtdKJHZfmRtnj9D9DvQ6DKXGRkiDaJm5JQGmh,2409
3NicrRXXfRUKJTo4yPj9EnaoXYDhGSyerNao2kBz7HbG,2360
FL6rGAuQ9hnh55HsgRhBZwyRaX3w5ZtebCcn5WZxK36G,2360
7BwLok7f1t9rttgk583Csm2p2bCMiEDDp5rspyhiX3zS,2360
GpDBrnFjj8urtPkhPZbxzm2EN54kf76yXfrzx2uJwDH9,2361
EEwAwvsCmhhnSBgV6VbV3XeFw3eyiGiTaeBm3CxuVjGz,2412
6QkaUhuqzufAm9Gg6PCQ31pUZGyNkAoj6J9N1QC1Ga5Y,2410
3zPcHMaZMJXu8XLPjUCAa8SdYbnNayBdkJy8S7fqVj67,2412
GwuSV4oFkQMdR8EmMe9MaQCKsyiMun54poNp4wmMbzVs,2418
59BXuHZyxTfCdCFAMgwXszjc7T8kFkjVEtfeax2UPAjS,2413
FDESq4tXEWeKwoaGKnbt4kshYgRf4A7towZawgghAj62,2414
2cFJgzTNuh9E4xaqHq7MgVpK3eB8dZJcDPoCodRRkQDp,2415
H9UiSyb5xYgyCSGr2q6eey3mhSZAxqTyaZSXHZJ59aJ9,2408
4W5Da1izNPqLjyLnrMnyFKNBgzrMMWVFURcepiVSTcSJ,2418
G8iJTeqcKJHh9qWDYAjedC7acoU5PVn9DZDjisuM6uKd,2414
A8cFRSba5bsBGxVwqHYXKa33DSc9zrQbu5NZiLfyoVsG,2420
5KB7ww3KQvci2uvPc6VDTdsGkSd1ZisgxgSstLN9Dsrb,2420
55DewG6wv33GVzcgtXMo579detdLjsRqew3JEnujihXG,2420
D3NwFpYQdm5dmYUcBdoPcZ4Pky7ufoWR5amoctkeJUMA,2416
5kjzBeU6DXFhzcwfZc4J1JtKg8ieSiBLEUYE8MfPqFHb,2394
FzKz7Ykn21Yhraf2VHVEYWBCugnDiBZevHbaLcSLWxJV,2420
2sEWGKG8mAwUAiTbnkAQCLiJmkBKkppxFzF6ceDRXT5k,2416
6ZUXKSEV2NpwqPoDibq1r9Y15LqhY2jjyUEARpBK4Fzj,2404
7y9c4aQc9x6k7aNnZ6SjijferjDjXB5wE9jHovq6s7v3,2431
9htSYERhTF4VKG8fEXVqnySXxMMgQj5yZfpr2ejKxbCi,2418
J71k8C9E4BBXmREqhPhVkPgbJtgfAoxwvjpWhMaW7nTD,2405
EJrZwXSttoEYY7VenMAyT3AJA6vnif4zxcFo42L3Rg2H,2424
Bsvp9i48vSwNzFB7gTXss2fVoieQWKjPtuW6mBUvEYut,2425
CTKiV5LkhLE2EZ5fhCQ6CDS7239ahpcF9DXKBmvyNg1f,2421
51cYiiFnsEaX44N8od1sAoEsaQssdrD6qt6RuEsLCXkw,2406
84FXE9i5qrUHrgLw17sS1c8Jce9XpjtXSyXzYbq7ZZ55,2422
BpfnRQZwt65UJWBWyoznfdGjd6oBkaqqmhaxEoAbx9iU,2429
EDQenphuV4SshiHjgxrVskWLrVzW7KJaUFWbmXNtetp7,2406
BgdED2jv7nfc9VQ6H2BrtokkRJ7YU9jEMErtRb1vZqaw,2398
LRTirUU8sqLrKCepmASqUPfaSEKQX1pkim5DgeL7gTQ,2396
26EnpjbyseTtXX9adbB4K59HfgAP8vsUL37p6nNmAWZX,2427
42Nn5VQyw1E3R5yfrDWVrJ5ZVY2pVxrCgxBSe6PQ9P4x,2407
DRKtgmAASF5xd42wTHRmgpeJ4nryueDhug26YRX74fEb,2403
8Z7YnpwcYGVa5Hq1E5cDHbDF6435Msi4dMLMkF4f8mQW,2426
2eCMk8VHyfZgDWfTTWPAMpRtH7C4oFsKgXJ5BoZMdrPu,2427
EQL2pnzJdKMPG53j7B1hQbKK3ZRt4x5bXzfSpRP2czZd,2428
j391BEaqL5UG3GafzjSXj6N4mqfwQqecanahih624TA,2397
5XzT3hFq47EwNKwb2sihX3j29crp5WrwAdFRDb28QRvz,2404
2ztPZGyNLvYaseGepsHk3jRCAEa64btrFwJycYN7o5Tc,2402
DrXdb3788tcFDZoyWU279FHoNaVRKJEVqzYSZpLLktzU,2405
7DEERwdNbnqxEeTidQsRCyfVnUPX286oTDhqiJTUokjD,2429
GPHX9sCspP4Xt9M3WcNFrHG3zyYtKytjpyZ8Xim8XUzq,2438
EkYJEYYnVRkjPavpQMjmZz3hg6nqG8z83yFvjcUoG6jE,2414
6nagyqRhQqsFKvw62dmWSe3PWWk4uHmQCKdfPSiYhKXv,2414
3vpszZ1WWU9tT2a2oPvXtbhftTgChw5HRPy5UAF4o6UT,2406
3mnrmGwWy1WG2oLn8ijdETFdVxaBgUJqxQFmKBfW5smr,2438
DDZT9VfzjcrEffX5iCRpY9B2Zio4tDZAT4szdxEpiwSB,2439
2u9BXb5zJFw7KeG7kKxiEveehoudwGnx6FND2aQLUTjg,2404
9R2zCbMCLe4FP1YJjz3MUqaPhsD4CLCTiRqYRWvLTpYj,2412
FUqejffphu3fCzPpVgZX9dsoNm1Wo3hfsTiLZpoodUbt,2414
BKueUY2PGV8Tu1EXzpfVUgXZjZB8bpYYBaS49cvZuj3h,2442
7Z2HUHjJ8nHDAUDPaWR9Mjkog4T98SDWEiSVA3Ryjykx,2405
FEqvAFk88nxqvSdWwRuKuCbVXgrPgbo3X6Ux9ZkyYAhW,2413
AGKpK9U1ctsVJaLoBk8UWNYTfmQ9kUJRHz9934YUAKGj,2417
HEfLHeR4RmaQApGo7jMdNBoWzxEFMLGdX5FZdgSTGjvx,2412
9NQUhYz2Z3fchkPBVtNqcbTPu6s5rBLh8CCNq8VJ3B9a,2400
2gdsAM5PuJWKxgGj7sxFSJHdVMZ4G2erugrF1PwWqnUA,2416
CMK7si5mf1YcLaApQ5wuDWwZixWmP2NRwr8b1FD1HnH2,2414
HGm3r73FE6Wr5iquQJxCiWkNraWkQsvttWyD5FmpEojE,2416
CoDVZ4MXfuikgPtkqdsVvYU5kRrV3WZdcjAzouZmrGDg,2418
tDee1YXqFdYrmrrebfS7gNRpPWnf5vqBYmFpLpZrjTm,2407
D6g6nyNxZg4N1H53aLfpDXiQZTsjr8YwN5EAb385XHVa,2407
GLs1Z94Bz33Sd7PWVtPm5KT5Caoc9rQTvcZMNaEjvTtL,2409
3EBBCvZkDD7ny4tx884pJzFyxFcHUuhM3LP1FU2K8syv,2401
HufiZCNj3btxeCKgfAuj7xe1QL9gouoVd6fK14RuMN8k,2416
7AdbjmEzcq8ViPraSy31qYvjKPQ8GdScvqJzx5jETbdx,2418
6ESMnY5C4qem5i2i88i8MEsNukAL9tQ2g3NKsLjyqjpc,2418
3bUqqJ61NqjrYoqkDz4zo5E7aBFpvp97egSEGAwZTQe8,2416
E84xukk3u2ru6nRse37N9twHwfcsqz2Et2963j3g19nr,2419
4XLHsqp1gumJYzmTMS2khgDGHQrqsF2tjxngwAH4VrU5,2419
5UdciUEGpf4CjvHY3tbd4mDbzg6PuD2kRcWGDo2MZax9,2408
DwDgRpUPnWF2vdD2WAz4Qg6sLiBaQ4uU7MsjG5K7iqf4,2406
ErYfvyjuQoLfXLwNNNnhVwWvsKgSPVrXKbGbFcDe2DQW,2398
5joaL8RZDYhRumtnocshkKpykNZ1GhKcFcabKuXX1Aq2,2406
4GNubT54akzjduK4ALbGV2ForiB33KJF3GW2E7e833AV,2415
HbLr3i5q747qMEpa3AS8bypRstKjz5UacGfsCK2qaNzp,2407
EVTKNKefbqhVCpMpsWPPRN6XRNyP8At5s9heq7F5YKu,2415
Ac4BMqvq9FiCy7r49iu2dYQwGF6g2xvtveoxs2tRCEAE,2413
AL2Cqa1dmPmA6MLQhhHgyEQRz27XF7krjmmJRBAu7EtC,2416
EnRqbDY9w2C92grnA5p9e1dJa925EQmrFRYvMSQzvX2R,2425
4QaGYNUtWtP2j4ULCira2rTpoeWJXJmGp7Kp8tTGqNfU,2409
EtSUp5LLUFnwEcLfrBGqL1pj4XR6UEoJzgct3bFpGY1N,2400
2pa93vxtiQzFhTknsFVksoK8ETZVJxpEKa38WncVpjLf,2420
DyEmPLnk9SR73UuKYGW9nf5mgAzw6fdGscMXLHzZHk9u,2426
4wcnHMnLNyFgKboSghyaZjz99tfcVmaZjt2NCLsi5RhN,2428
951eAFBZSwiAF7bcqJCfZGyjehxr9CSfTmpLSKfE9p9F,2430
GYMcLwF6Aj43MNpdHd51xHa4y5Ng2TfMQdkYTsjqQJtP,2402
2mi7vaWBpueCZL2W8cRUgbgkHGAWmq7rYSaoDt13TNXB,2419
2pLAg6jKdACrrBmmVQ9VaJCDn4z3aK8kQYoiHVWQa5JD,2419
7bWbqsfZZCGnuo1QmNpWfQcAhzdgzGbGMY7u8JpArqS2,2427
DxyDbwRjTihyQbPMKWWXEmXGWcSwziZNjZfbbHgwbABS,2404
7qqVjegVM1uwBwi3s7nMjsB4Pw9nxAAZxntRXrzThfBh,2429
FoAVePDedZ4BH7P8AzB2J2EeRLoGvHGRKaq8Vmi4L8Cz,2423
47VXvZo9iKntQBL6uirnxJ5GaeaZEDr9EtrsVWhNThph,2413
DyyQZSY8ky2W4x6Ksajy3A925paeLAfVL8vMPMSvbRQS,2421
EZ7fzqn2b61TNGnG9APfwAJr9TJk2pSJwLbAzE4uT3kn,2413
HW6m5y94VWuhE5LS92q5t1GvuaCYA8re2eF5X45b25b5,2420
BwmZYRFgVF7f7x4is8S9ZxTx53YQbEWdCs8x6qsdaL4u,2422
3outvor4bWGXFedSQQLGg5tXvQCZrrmPNzQQmWmEMcpF,2425
EfeQzyG9dLgm1kr3aQjWBJB9Lmq1y2YdphUvfDrVr5t3,2427
EwvwLxR7CoNF3yXMaTW1keXqwe4awrfDLYK9qN1CELai,2417
4zkF4SFwzqv5mda44nNn3NU2ZN2utEALuRb7cPuJBgc9,2408
Dyo7cgzvqsVjBg4EmShv6kquMkaByZamGNFY2o7nEeXt,2420
CTMgBb6eHKdhHjHFMrucEXmJ4J8xfHXGRVDSSzJJ9Cm7,2413
2BmDoFHigaAdqYt1JfJcuHeFJVYnHcQnSzHGX2GChZsv,2435
FK2gRvgcUpbfgUXJEviFj9B19GU5XBnRobfGnL3KK4eR,2414
7Ay6Hv3QkwmeBuDnvYdZvnJkdKpjP2gt4ERzcPtGBvJb,2414
Ay6LfmChnNMmBqMCVnZosnTPXwWuySmE9CLKdXttS3Sb,2416
GKZjEech2aLFKcMubSwxa7VYXc8zNEpHqkQdgugRVRip,2416
BZrrQMGSLvn2rN3HkqkFYtDShag2RbpRA5fkSiBDeZBU,2432
FC4APSfpPYJoYwAQBCtT13rb7FP6vEe4MTwFZPu5Vid2,2423
BZeNMBk5GmUM67PkqB6QQqE4KxheSALGax7KcgpfDyRy,2434
9EA1WDacANbCafYn9JArnpeYFUxbEWUkxkro412GkV2g,2426
AYTvmpqhDAsttdxSW44kqSeDYLMx7i9pYNtspUvHCBfA,2434
2ed8tvkVr1vrq22hHtPW3fAawGL3EbW87HSqXR4uSChA,2414
Do5ULxv72XewFPtnmkzvDFrcea2Q5Eh8FWL7aKTXFtky,2402
3Xu8MrYymMhz79azj1AqfMY2NDzwQRGm2DHxXT37sqvJ,2427
6S2sGaeNcBKXVetwr89GSxijybcZt9Y4aS3MVNnHWF9f,2403
A8U9r3QRyuacJp1QtPUqtHthcZadpuGpUt6kw8reVsJr,2435
GLkc3rYwGkGdS8DQjXoU8hVBeXC7ecDgssRJPD5MBwke,2403
B6ztVe1TZ4aAKJbDUaxgx3UysmuH9k56nSV9gnobnxWN,2400
DSyTernJx7XfaHkyBe8wd9VHqHF3gPAErs96GN3PpDHG,2396
J2gwBhP2tDb9E2EVfPxktJNZ4pBRgzjcm3nTREBa6mKd,2428
D3Ud62PQP9kcdJS7ca3XDrGGbwLKwzvGAuFvo5udVxRR,2395
4VMA3zs8PWHvtpm6pBPRL65s3oEQuWRLC41bqfeJeQeJ,2401
9gxB8Bvv1KM4HtPoK2c7GDUvrxN4hKUhRRCESNxwEQgC,2413
485GZK5wP934hdrHyEXLqLQSMPcSjnxQWqW7D7bYKHDg,2402
FEFWvG9JmNWnqug5DT98bzx8YFJJyQBbCftABdWDGv2q,2403
GBsUE3HnhpR755oLy54tZEFaqTYeQLQUVZ25oSyRa2Yz,2403
G8TanGdUDwGFVFrCC4gJ5hng6bUjU2vJDqxsjpZGp2S3,2429
FmRtsTmgw4D6Dgi8qUgy3STU45DxyFVqV9E9VzCW1nLj,2403
CWoi3DvPhF3TnaADmgGC4X8GNxM8MeoAXck4UjwozTvt,2398
2CxRXzaGw3LnXvmAn5vNPyDpovVci74NuCAXvEXMdEfv,2432
Dtf6etNoNWFxVvTzZRRidpeyn8nX9BGcLPHLA5eQ3SpV,2403
2LpJqkTdpsweN1jNqvuAzfdAjP6XA43QD1kxoWzwCcRU,2431
9RqPFErePSVgq5Mj5SgWaG8EvAph2Jc1gSUfaqDV9JTd,2391
3ZjJh2qQW361z9xMJxxWLTgrBRg8Zx8u4wwQuA2bJXGt,2401
BW8EKqS5PLsksGs9ZXEnY935QsdWSHDRgCzdFQ3tvjnP,2418
EfywTuuejWhJZo7W6Dnm3fT4RmHPHtHpbgSnr6DFzh51,2398
BDYqNY7drQYHN8Ym1vXbZqiU2uVTipHHuqNDhnCChLuk,2403
3VYLPX3a8nVpquLT2CWJuRHDsciYUQTyVsW1oAUKYnpM,2404
6bpqBfzHcs1XVDFvQN4HWwvr3RiVg2S86ytEgb7Q2CE2,2429
HNH1fky3w8AXpWX7R1GnxQfZjPcRdrj97PEgG1t1xQWK,2404
HMocnRmhZjSpqtPPmbiJ5yg6QfVLoR6ZCHBfqp7mND8o,2405
AzGFAZLVVnAu5TB5ADmyu6Z2qPXwEJ3wWd7wm6qxvPMi,2404
EaNSvv9zVvdQAMuPvy65istWkKJYnwaXSRgA6kGRUtnT,2428
E8Gj1mpjJQtRqDuiKmpyY1abFh2N52Kz65LZa4efKvg4,2400
3rzLQaxvdH9vgFtWWiZGPG5Ck5Pzfhdcp5SVt6ye3TqF,2416
GAoo8sb7Ngnhr7W2K1cqjVvLp73vp7A7gB5F6MhngcUT,2424
3WiaTbhSQh3GXzU6f3NigV2WwsR6mTtUtwnTcBZb7Bih,2416
Ey8FQWJXbhKM5wx4Hm9RNgpYSVqLX6KevnED7JKbYZEN,2431
5F3Y9yk44fgM7L8M8JSWDyzRnmxQxS3TzodP8EmxZVLH,2404
F95n6bMVfNjjG2cv6zu53LZacpqEQoi7dJ9n9F4aTi5J,2416
5JJc5VKbQP5PLF1M2SMBQsQjjo36nEpJznMyED6JNLLx,2398
ECQBHMgQ86XzmzDixE3F2ozqwPUiYNeZoZ5PzVi8YRiy,2400
EP6F3nAPHcyR93jpmbDKHaHUF1nyVdjgY1sGTZodNQiB,2431
78PndcHihecoE5iSCGo48dvokSWsAdKhDXXuHrZ3QqMb,2407
B7N4UpBWU2tf3fNoYLZCVmcAJa8oeKZ6JUKX2io99vBi,2405
EbkeUXsD51ncDbpYqcQgAiyFgCaBHmRjzC8md312Q9Yk,2405
3iRPXr2WR6i81LidMxc8i8uwmMLWGZY4CYou1pCB6qVi,2406
6NgYwS23JpPVEtoaoTairgMiXBN9QNYmJ7vjbwP3RsPf,2407
5C2AiEp2Lb4sHYDNQHbytqu9M5ve1hCXGgoDZ5umpLzx,2432
HurxsiXwBFvEcpLfpwi6FzmkwYwkD6amd8Dn9HpfRgxf,2398
AMnuXgkVw2P411TCiHFPrMaqUiW6D1nziZVWTCtZubVx,2397
ARYZTfBT5s8M12PPWXv9s19VFGgQ3Qx8ZL1NZamP8MW8,2398
67VKaT55NrvbD6EtsKau2Sewdwbfz8AkeuEUH1BCq22y,2401
AgrMcGtxaPCDv7uAKCbSbJmpfTFaBUysPjgPyG4gKDa8,2403
Hq8nkeXrH2HrCTaqoj1DRbBpcVQdLeVjVdJ9aLPmNn6D,2407
9MUksD1jcS14uRnQ9MYATfuTmk2vUj9cFgizWD56Dxp5,2401
GirzUv2bFtQLuZ5UD9obt6DEJLHpxmFVyJnikvUUXAZy,2399
9C7aCDfu7Y3ZHCruuBjhmHCtaj5uJnfgRNFawereWXMA,2405
2bTXYXFJxQVyAcssMz57nCim7KsLuHRhkZw9hfiSgC22,2408
BiePU7eL7d4nk4zRUsXHHJeqNZnLwMnW4x5sjsd8TDNW,2427
7itskG1HLxY7unWMdaef8KMhy3x3zF3cPPv27z6zN1xt,2417
H3EP7MnpeKBtWcYoe3LaY3EoskXLXmPhwigey8GtpBjs,2411
CNBNk9FXH9y9KSDiFD2qUJqs7Bwxw8hz2qTEMYiBazB6,2405
ErDDNsuNotuMqm1UdPx2F9k4Q5Xp3cFTR2geftdHJJVh,2420
6c3PD5NJRDuTFeXKyiAHfmreBzJwc4kj5UXyfCVPjAii,2415
HCW5XSm1JdF6ADDGhiTyoZBWJ7VcNsceCvjZodLCFb6G,2414
4gVtw9pDirU833YHeMkTGN9e8NLr8ga7HwAJw8enpAM1,2429
Gxp22YTqhqusR4nZZTYeqfkHhAR18cr6RvjWvfHRmuCf,2413
Cz8C9KgQ1sj8eUsKTbipe3FZXo6fbEm5bi55Z9T1AmYN,2413
2QnT8YQbxGb9P7aYWwXjuFwUnnfpGW4LcXxJ9imyFGFV,2418
C4y4ktXtiEd1Bbrp6Vi3mu4iXEXuEumVU84us1jPndNH,2424
DsZHMPGh4uTh9aAtwM2vEndaF3vCEPR3jhw1vpGifr6A,2422
5NE49go1BP4CSYpLDS9ccrhvwJj4h8DCWdJAD8n1MMXu,2424
H2BELhGcTNr7gHvKqGudN3kdcBAk2mCArLMW9u1a9htY,2464
iGusv6AHf55LxMGBbYy61qdySfBfweKYd4vUg8vbRzd,2469
EZfMgNB1y4GvSjUxuGaWoPp5gk5rMoCT2DcgQWP6jkQ,2473
4iZ7KbZ2XchuMoy6bYpE1KGbXd6sY9tuKRRTAmBrEqP9,2467
DKzjhw4E32d99rRdvjPQ3iSBLCYW3ime826ZNLRXVZPa,2471
3cKDBvVfQ8yHY3cpCRDFK3edyBbQNa8gvWU1FjS3hiFW,2466
QrkY9hvoWGUaDRPqyD3iMyuGvnQyGN8aCbjeyqAgq7T,2472
CB7XmKh1aBsNoeBQLsMNNRrDapSnafguw5SLiH88cii7,2476
6pWDjKpHk6X7KNMR5jamLucuagAybobhPMBYtyE7ZSFz,2471
FVJtWYeZKA4A4kaenzWofdoKZu629MQ76ngS1SPqwvmx,2472
F3ufcXjZcoJiLtK3kfwjfxLBgLrtjEJWjeNQVoC7Y8Fg,2475
5dpaWJqLpv71vwvNRW6u6fHzZEnE593q7a6HoMt1TWkY,2465
8AfaD172BzE9kH8arukQ4GLUDxFd7dSyDV1CcPb3BnrC,2482
AmXwmj1nULzB2Sfmn9cy2dB2dKQacbf4GXGx8ouAnyAy,2484
BgJYSYu3QfWMacmKVbXwfmh3nR9gjHeC9vweZ4uELV1e,2474
6nh5iXTFG1T6TYdJ7sqXyM6dzk8JfPqEk5K1KC9aJgs1,2482
GYjy26J2XBT2YDNjncepHTij1qHk2JLfHeTnxJDvos8b,2475
CoPZ91aS11oSFfctv3RPZ3zsrEmkFrr8h5XDWtiZoR71,2477
Hvk22gNkmv5RkrkoSqBZxKMsYjPvin9ZKMAQuQE2gPyY,2475
EJDCWzY4kH3Hmz3FfYXs1HVD75yHHCQYzhs3VpvNFXa2,2467
Dz154MgvTyHpHUji397raMytxthChRkosmeYfiJfKAYg,2475
DWJRtA64DG5Bi2pyfe34V7n4zRDKLVhTorifHsnts8tq,2478
CeGH86KSf4FGLKP3eZKXiaLYAiugr8c6ChSrZYCGevUZ,2478
2yp21DET1YpU2cNEpy2Pxj7pXLK2wmU93xaxpKrS57ye,2483
2mZACTSmcRNcxk1mFmfvEuzmrPc3y6LZPZjZKqRLs1US,2487
8Ay78Wop7UGYgNQsqeARnJwFTxvtk854s7k4Umgd6iec,2476
BieyiFPLfHhZt3WzfZSvC9HWBtnC9m5vMveMt8s1cAaF,2478
BZtFnvVgSsfkoTVPsb1U1G4W8iLGrd9MXyCt9vwEeSaP,2479
FLuPV3kxFeGYnHnrq5Whwqwu6buAzW13k8kNVEYpbheA,2477
85cEtZ1HzRitHrq8EYnHsrKTvPzTNXg92wHb6Vib3dYA,2479
G12ZBPk7DdXSVW9ksyaHX6jeGA7B6GvUvRPAkt3sguow,2476
EoQ6U1r5pGUVyLC2gNXXfmv58Z7QfNvn99DPxY8wCzTj,2477
QWJQDU1YrtaHBZsneMUHDNNZTx9WjMhZVrgFHe5VUvv,2482
63oxGYBw9zh8E4TYXCLydsb9Z5SUCjZFWwZS1yogceqf,2473
HteQpkGF2zbAJPBWWjtZSSLSU3LGEWdqsGseazk5nJwN,2513
EFdb36FpSpTD5wXF4qMawompVWEzBFb9P6fS8Y2gehUP,2534
HJnwY9ob2YeDAvagYtaJgbJop7chnZKbauM8PGUJRuYv,2540
7rbKrHdNxFWkaZhQSbgy6LSYAM5dhvxpDwEycexE7ijp,2533
C2R7fCfqu9RhQihJeNnUDx4MKNnevR9LRuw6EDmphm9a,2536
3aTm5VtEBNXDoe68mr1VkGRxW4hnnKpu8agibJhpUQdx,2526
FGsfRzSe3uLGfwnEqSZUVUciebTiXAPQhkHK9kVhDWJo,2523
8XwkeWcT6g33adi497hC8Vw1uQMrHpMUFNfFiPMXMiQg,2525
3PwNi9gGABEtxB8zN4Dd99J36mAchsgmpaQT2qh2eiuT,2519
EWcz2vfeEAAdz8a9ChKXyDhrA9ZUscH21M2HQf4c3Pop,2516
2DnAEEd4GY1FxjJcsmVL7TiBa7LSctwn1j8LaDWodLd4,2534
Br7f1oPPkEUPtLyFuLToCYpDCJf3HsR5TZL4jRDoXj7z,2534
CTZkNKwPbzWpS3uExBvXnxDry9P3TnpupNebpPp3podK,2535
3XNmZeRgEWjsUv7tmEo8M9p8oTD94SUVcWWXU4gRxYYE,2527
FAduvDH8cG5uhGcqyBdWwBpirp3EYuPSTAit2L2f2pXn,2534
Bpbe4RJs2B2febNJa1SpqRgU5qz8mja9SJXb8Rc9XHy5,2529
6JhJd4wEMWiGRUZUB6uVdSoEYv8Dtq41mJFSKhGcV47Z,2534
9HNJAdPycYmcixffPkTxyYzfcYynNLd6GnM6Pqz4nEgb,2523
ACYncwdgnFJPrqQTMv9BRGoJ5CAxQEewUZSjh2H5HR3r,2527
3bSBmE376aBoMoSAKjLWgRvLVb8r8cqbPjQVMMBmNYsk,2534
CX5BrNqG42D2M2Cwn8mHe3YS9y65ePWJre73wbSmM9n5,2529
5hjtH34Y9bPfGcGEstW2czaMVR92HXpgSpEXFPwKcJH1,2527
HZESn3z5Njfxzhvb6epEs3bGZHEaR5YSxZ7jFSHnjySg,2527
9X2QfQiqFuBQUiakbm5WDFCYzAB8TcCdUQsVBqj2cYdw,2529
C6KAyyPj77gHuRiBmphDqNbpqDvnoQ4bN3mPiJtHxHmd,2542
Cz4MDqwP9ZpU8HEx6dt1bCuudeynxUkAqFZ58x4CvjZK,2525
G3wWDminhSa5kCf3sfSpskSMtzHPWiQwkCiV6ic38bbd,2525
5inS9ed5UjudbXyQ1etNTiB4mR9uX14kNSuoLcSxrTzS,2527
DGUiDyoVghdrdNfATnti7JSr61mffYwKhb52hziHTWCH,374
DnGio3morCUhuV8D4ABUijWTZapML8YGBk9H7Bc4GFk7,2595
3Bv15QBKwowAJJMnMuT6buQ8igphyxt47zEZqvwBddUd,2591
4D44QwYwsY1QykfAx3hw2fmCjkcNKtNaemHiV6cTKS1m,2601
BE8CwuXCY6HXyBxz7hGzLuwXSKHLqa7YiRBSG5ninGCL,2606
47hknn7112Mqox8cqYkXJhzdyzEHJWKwmsbBeVWPFs4p,2595
68zxE7zMvWF1UhBQBSyJAis3zH55HFNBiUSzFWB6KjqV,2595
Hr7ZwcjhPygS9Dx1m9dTtxggCLs1PJ6KFYtaiR27sQLX,2595
ELEfVR6cB7e8i6sS2oLeXVMLGQQeiZFYxPKAtLw5yFjL,2595
42PUXqFwspKEY99zrV94DFGbrFmvLrDnRz1yrV8YbxVw,2605
2fiEZSXZFKjH8vVKh26WWWh87DSiAMW8dqMMJt24u5XS,2600
DTRKxGLDJWeEEt4d9nRYoNz2eMfWRGSxwJCKS6CZYZYr,2609
AeysZhdm7NUCfoPz6zNr3BeaxJh8Xcm9vB5DAFAmha1a,2599
427cVQrHmEad15kmF1tfB11gayVP3Aqi25ib83L9ANJP,2608
GYgmhD9M5C3N7KpmMJVJov4byM3d89WmcPj8aEt3w7Du,2599
4sdtPnxjteFHj1zV7bZEZTJeRW2BUB87Hydi3dHogKJs,2611
3zM7rEbiC2y3ZVUwsTsVj1r6VbNB7qqQmdAfVkBx6tSG,2610
B53pKyTgK91fN2iXsRWVkd2NTBKXsva3XhnqDbDyzzeK,2596
GdJwojLNPqB17vJ4c5hDv32uwjaBmRb2EnNvhS4MxRR2,2609
CTWvhf3Gk7i2VPZuAybsERQM6EuJ6eKG4YsEXrq8j2hH,2600
Cci5oAUsGgfthyiKCpNhffcGCY4kX5aqPTd5Npibyxan,2613
9GwGcPJNyvZgd63ZbdxbQpJDSuQ9iw3ZQV3tiG254UbF,2607
BfipWbx9K94HVogpUPMCkdustCaNHVkhZWqA5s5b4fqm,2609
DQm6smot7qmG71oZTCegysPbYL2yPUAymRB1dr7itpEA,2603
3j7DDeyonX7MEHKPAZEaUjJd3QGWPLyv7nGUugB8bzws,2608
7fZh88Kc8K6J488iYX9WR4FUinpUiPbYPAbzrBaLZufu,2612
7hKQCs2Xcpjf6DRh5jsZGkfHVcx2Aos4Hte2qfmTzdiW,2614
DneQhAekuSXjmvcRPaNwXdw4WqSEzRqRwi2sDBHbQN5J,393
4NZc5PefDvtHgga9fjKfhp995zFhmrvT9X11kG8gjLQF,403
BtnKjdjy4WueAvR4kWYEXFdSz1jKADfuW1mATgh7j9wV,399
BQ8uZv3n8WzxWTUZi54jHeKQpPprRY9oGpg4RkjrWT14,400
CiVPei6q9uXA685MhLpjDkyPwvHx3Vz3GAPGZp9GTXhp,397
7sYH7bmyheUcBTC7H18XtwU61wwmdNz2scmqAErmgg1k,385
7doa8EV4XkSGdq6WwxfgkaTQTNhNJSaAAVumtaovhzSw,388
HVG3CA8zq3cmDBgExMCyPmpsGhMHhmXiFMJXqkWDVLZG,377
41iibpYb6Lcnpj9LHC8g27D9sZZB5EtsziUiwwiD6ZGA,378
5fTH2R4RwWdyAYner9xZSBozteEyCrT93S6CkVCsNb1p,381
J4tYo8uDhaJ7dEPFUU3TwvM8WNf1edBhBUdtgKAbcTQU,377
577phFsmLYoFGYvzQqh6vST6WdhGTRxr19ts5dCMfiKi,368
AZfB7eJQX8NnJMzsD1gCWiMpKXZVmNTcmxJstkEBvBQT,399
CNE5AMXjuCAnyNGB7VcbtNBbbjHWdrUiuoAiNj2KJT7C,388
4HMMKUwPP8DfqPepYXKf5cHKmbie4hgUwbnzUmo2GHKW,371
46hvNqDysooLoUDy4K1yMiteh2ir2Hgp2RVtWzowD4Zo,370
8b33ABQDNsPfVrQaSMrWQyf17jyCiecuCbSSnf2XV3RW,378
b7DSCoj4iVyVXeyFE8N6mSSRSSq77jFuCVp3ERYqrFr,384
7aQgUX7fvSDb6HCB3K2pmiiSdKac1WM1eVcwX1Rc9Rnr,377
BbrRGkaQXwsQ4RCwaFaTzvaAJRsWRrdA13PPhRZtYBeU,403
DXacdMxP4oLpFoMtHWvKgVd6AdQSPnaoJo55iQ2B9Pr2,385
7wtcy7QXyKQXadCdJayjajJbkm7LWvMju4Wrzv8DrPPh,380
2eCQrghEXDpwwu9Jhs5C4UHmwyxR9ZjZY2rqougk3Ytu,400
78DXjcDc7fqsson6K8DhwmC3eVMePhEzHsWAEVSRdsrD,382
AfLkM6cdbgiSN9Kzshg5rQh1RbjcAT27i769RqLeash4,377
Dq1u8hY66QvXNbixgwEchjX8oVjhVtqYScUtFDPCzH3Q,382
8wuTq74FBJzDGQFfFnv4nmm7x7cE9BnrszRXga2e6eV7,368
BRQWXJRnZiETFT1uiSMiFvccqcy8jAbLAPx4ppecbm8s,374
CJQPjfTmaw397Yhx49bdUVR3f5CS6b6DSiCSYxNHGoEV,378
9Mt1Kwj1zrUyweyLQM9Dga9V2JDu88wyZKZsGcCsnGuL,376
Dgex7kxdpeaYkFM96qGZM5ZXEErArEMb5mJTotC1NwWf,382
9Nsky4MDvtC1n8YbJ7bJecZCR27yMBGnPXamFrTYbRkX,378
FJPPpraSXK9UYJxdBYnBvNzvcUwB4YuRYS2NPKm92bYR,390
2WCz4Ubo562oboHtGP52NnaGJ7Vndk3tnQPvu2Cxp7eA,379
2uj2yQ1hkMeAMxADBgMr3nJjXRRgqsE7MQGLLdtwkxbg,392
J7efHjya8s2nKotyh6juAs2dAiLN9Ro4dU8LV7h5HF6t,384
9wXoMZRRzQqXxjccw9TrUu8zZ9XQSSAWbao9qus6xfQh,385
BQKia48bWWuGGDWMpGiQscqfwgkJEzQBPGLVFYwiv9WM,402
7oFX8eLcp5XyizD9NCMpc71CwdwG3sFEPtRCZTK9MCS7,382
wqJZmzDKYRL4kATbR9EV84pnA2npQEgXjBSp6x84eCe,389
4q68ueRQyeXipUyAdHhgXBKciivus15Miu41ufcJp5Uj,410
wHMx9qYxJgqewBm8oq9hEcuU5XAe6pXHSvfdkJfsCda,407
B5FzaPHhZvS7rrZwvs4YHrBMAotTNmBdbgXGKpDsp8hm,411
DqzbpayJd3GpSGZry2tHTPBuENacf4yo8NnBVSMUy3b6,409
6j2h3gczkNijtmTPNbWWbGs75sxKPNxi6YjrkMKWVZPq,409
Fre69yKp5B4mdtMycApztCitt81UF2pLH2FyAjqx6c3g,401
FHWXnUWGjz5T6biALPjZfm3bYgVBWmL7ngmpv4VZ7JPL,2652
H3fFYQ8f4YfCqvojudFARpWC1NGvna4P1gHqMA6x5o5M,411
4Y15fqLSoFypqrFNfUr1SBYaceCcqbGK3i6Td9CywDic,2652
ApYFzPZRvj8d87DyjPs3sxi62NRXDiQppxagohrKtZzX,2658
82USYjRjacGY9cHdm2aZwA1Uh9cVD6AMFc1PkqpgTG2C,414
4mQw2AmyGSKWM7jqn2AjeeScvy3ctRrBWNqRCKLVQQuj,2652
8LYLxwYvcXfDAwwUsvZJsHCCR5m6VmtV2WhGXL8eB9Wq,415
8UAdcLqFipwP86GkP3XKCd8suMutKdKcM6eeaYLkiHuZ,410
jorMarzoCnja8RakxC5fBKScwokF5fHP4g4VLuCkk5X,415
jqCXtd6CzcJJcY4FZA2hpUARDeT9h18AMNz261TuPmU,414
8LyLtgiVvQW9Y2VpjseG6vhxb7abXhrrPjPFnEZtkgCT,411
2z6wgVgPYDnuVnyHVpNA2XCMHHGsrhA5oqcGs4MXrZXE,2657
GHiUU9u1oVcGqQzNw4vnRXMRBWTPrZJ5ZgbebDXC3LWC,2658
5XUXszZEjSzmr36mtKinPsufCNWxZ5u9Dn47FEYHsqSu,2646
CH8En9p4edGM8gmDSFhwNJ8C9gJxcXihB2Ds7FENGpru,406
9zRPCKkAiy1teVi6amJcqgtSt1Hq4DntnvRsJSQbh9N3,412
38hbPnJVFDDj8L8Dv4J5sNTovSNW3eQxWdSnSErXdyCP,413
B88WPJwEuBUoQf1c9ZkcDrDF4vqjYN52h1toT7Cy58Sk,411
FFCzPCjJ1R8DCfwDmPZg3ZoXBVa2YsmRBqkxFRBzokbc,411
Crn9FeoRA2Bu1GTwSGVcTXPy6tiQoVuFEYEzsA5p6PGW,420
CztXf3XtWBwTnKGBvFQ6mnnG4JJd8vsBYr32YU4XGaxW,2660
A8Y29hqj4xHqCW1wZtLxjMnHdYpX5ZiRFw6jN6QXc1EM,2652
F586Nzf8N6oeSXktrtb6s7ML6t2QWaWN1oJmU9bCaxiG,2661
53gANC37Yb55DNHUHnrCyRszn1P9WxbWQCz1nZTC49uE,2655
FAihyKHHGAeNR1of55ueRQtSacy3p93JXgaFs71mEJEn,2670
2jzqcfAzx7UgEaEfGB7ksQ1s4sCxKmW7DEokM6JnwjGb,2651
EJjUQoUqCndoxniPLfAiY64x9NjkNxB4XuTFZkGHevva,2655
C4kFbSZ28NHUNxRBhGv3TUV1GdRiYox2KSXzFPRLdDZq,2652
H2z32NXHMb5pkFLAgyk2s1hm98KePwUkd8o1Z1g7UwmR,2647
EPPAewUXiP1rWXACZ3QhEkUHvaF8tyCHVHkQFy1qh4XW,2664
DqNtJq6EckskQz5n225S9FpGt9xHiEtGCMTMLRcfBRbr,2670
6aooj5rrtaQxxNgs1nC3MKKRFokxJqNdunFdW5vJ23pF,2652
7J2xsKtfxmecWvjye3KyMNQzxFLwbbF5KkuUAhPMSuLL,2652
33YkNUGsofQqRnfMxD8537WfDFTThkWxuhhMFz6vv5EC,2655
A4nuny99M2byTcrpFGgQECuDbJZ5YieivyM4xH45ucgG,2692
3tiszkdcVAVY1ArEXBhXkyDrD4Uo6KYwvEe9R73DYa7N,2371
EB3ikz2TAYGTeDzzb2szoaoZeULtsKX1CzcrHgfK1JLN,2714
BGPYeXjkCvYp5r5yTe28XZx6scbeEhpL9PcqsUHGfr6J,2710
3gaQUjCDuh8jj4UBXUfCMx55CY5TW43YWMU28mnZ5NP3,2697
EWTQDE3acMVRqtWBCqecNXiVAyJs9CeE4XrfeBJ36SEN,2706
BHJJAszbCweEGZDv84rdsWRZGJtGcNSmB6aSqSaHb53n,2704
9PZsuktK7sfDfpgh5reu8HJkFEB7ZzKydAeufu768L4o,2700
FbdXrLJeZUNZZZqQgPDZkMRwCsV516eog7AFR8N89Nzk,2365
2a8hM13NEmfJ5uWnk7NneNv6fBEEzZjBGKCwKxbBtNXR,2700
HipCGdRFfH4rfivnFEShQKaFD1s2SP3RtcRKELurNSMR,2662
CumAboGK46EZLLSfwW94r81EcvEakPkXE9rcGojBoa5G,2707
FxeAv21ixXUh1jrHg1Gfd6BuiyGt64tP9jRQpmUHJXjn,2369
ATYk78yMmFkKWj2tFRo5YXgh4jd4xN4foXYwn3wBHrC7,2658
H8P3Tkh93eNVbBAkUfKx2dFTpZxRRzeDzLpFALmEXSQD,2658
9hE57LsfBrayM1AhYKoW2kLFkNZheXCq5yRhes99dHdz,2711
6YvrEUFKjF5BmNDjpdiWWX5eskBJXv4U9FE2YLrDLPkC,2658
B7AzfNNUPEzSbC6T2ZyE82hDh88zVvw4hbVjfvbm6XQh,2371
CvxKWX6ZVMEWoKckNu3af3PHSw6F9Qwhqb4mA1U1YHPx,2658
G7fDWCJPWmFe7VTKyG4rF5xXnWk8nrYP5CixEZV9uPQ4,2715
C7AbEs6KuS8XEaf8qGV2J1Cs4eggifkGeGkesZki8Ed9,2662
AbKoyWxFPXg8D9GvBiukXwN2TtNgvmZ2TFwBzBDmcKjJ,2436
359B43ARz8fSJUZmARE24UzaLt9zSat8ehz5AFmDgvBm,2423
A7YdjmiNvCAZajc4hXnNx9yovZpJCyvi4cfeJuNCFqFt,2463
Dy8zhwnGNoTApd4pEEh6Ne27sqPWUpfWRPWTW19Wh62u,2430
Eq8keyjRNBp7D3hsQaF3EaPrEnNsw9Tw8ydRbuCP3t4Q,2438
9qEzkR8fbV7NkwLqyGe9RyXK1Nt1FKhWJotwRKkeFQAF,2438
Bu9GVAVaznN8iWTBk9KTHEb6xZpot7QxYRtT6e3ZceMY,2429
E1K9hS5CqrPdpMFeQoj15ptDYywZP1cyPi3uiqfC7rMy,2439
7xuFX6hLRUYpB5owQJntrpo1dvxpYy3841KvqLqmgQuT,2441
93eELhciKq28CXQxGJtEq32vSH9jujwHafh8oRiSGZcr,2443
FmCj9UL4smKtbYMqcMoL9GvHFoB5idqiXP9gtnkM5aTe,2449
27VVn4ePFsBAFvUHFpzviWam1ufVodc3TWp8hqyPSELe,2431
CNWDcZFLd4ZqEhfg6pfnqEUNjmknERCGYET4bx6Kfg9b,2471
5Mb1QFUaoHxF9NGUJsd9TYmd88gK9KSmBrXqDKLfLu4k,2471
DnpNxu2wodxjGnHFt9vewE7UELRNAUtfigw8YwbaQfK7,2431
3joHYMLXuFzoJwj2TfTruy1MfJcrzTaWEqicNnr6GvGF,2437
8dJedMe5BCeRrABJbvcSCatZoPMKqLUrWRGJurGySKp8,2439
2JXAdo7SBDWxHc38Hu8wKC7eAhZMRUu5GG7TV2Nu5Xwb,2450
4xGRXWTp76ueHUyAdQnDqJqDLZWaYC1ZGyMajGb1SRqy,2441
FRwDtrydZbwfKvAoZcpX1ugBsUmELXAwXjua81zYWQ25,2473
7vh3k6fy9DyXt13UTYbPx4tHyQEMeCrR85aGUwaTJyrP,2474
E9hgdRCNxbAF2J8DEAF6x4gAQga3vWAF6dW27bgECTbU,2467
8TapUBoDCNxu73zEy4a4U27UumMAp1iWVJg67tBLttNe,2477
5rNZjzjUC9NT7yJrLovvjyvet5uYk6s9Je7PXVzXgTre,2477
7oWGYrEpkQZVMtW54jEYwS9dXRt74RzhV9hARGQ5rvF3,2480
3z1gCVyQgtYzJ1GDSgcNLL9271UgWSEb4Mew6M8pCPJC,2476
4HDv4PAqxb3tnfufGYWEykRhE8kSrgRcjf52FodRh1Wk,2480
2ifXKTfEP9SkcN7MBJvr3wcpUiF1ype7nxtJBceeCBpe,2480
CFee1wX1XyHHsXg4P63zuu9wTW7GbNciYPdrTjTsBHN8,2487
2UQjheArT6Qs1LYgS5oQbBnz3apSRNnGFX5iSsEKvZLe,2487
CYRia1MWBkFEVQWPAV3kqgmjCVA2de3CTExHFrENSZKN,2480
Cic16TBHUxaZSGcdvE1CV8wKN2QqNpf5j4cW8gvHLxfM,2482
A28aeGXiZ5BtXyFtuo89k2AeSHsaeWVd8Dqg8qb5WDJ6,2490
D35PPuEaSwpEa9sXRbiHPBjZa2kfhgPLezH4qAFFC3YB,2495
Dba9xpX6CmDf7eA5L9rK4Q6pGWsx7ooR5zvjw86Niz4y,2485
9XfSLvt6BBRZFU6aCvEk87h8VAqhPh9e5dw6KoUThva1,2469
4KEUQDRpgRCndvx3HJKwamcZ5KqELprSBofj6ctQEmLe,2497
r9MEt7as1qZiRwm6Vd5ijgKh44erRNoR33JrtKTx2fc,2472
8gyeQzdqgh34oyRqESMqi3ZEy8nHFoz2UAxBF2hzeHSA,2493
9ynuaV5qCzL3JKNAR5yLW4VcEEGeWHrEDdywGwjbRN5g,2540
9EHTch6qXd9Fbr8hPkD71tm4B8ZgN98v2kzgcaRLZFje,2373
BACwm8xSUVzZ3Fm43rZG36bZCzkddVLusMLv1owF1yng,2373
62WanwmekqPStzsXzNxfYW6dyELKs6wm3tQ2gjXp5Pd7,2372
Gd2p4E1BCHVyJp2Tak1XVDotujFUaxDNbmgaAEG14JYL,2375
FnodAa9Ah5LhL2kJXGuSpdwtWpMhJDutvhtmV2FqaznG,2377
9RVwa1ZF176UbRbWZdmY5HdKg2gw31cdYeahVsuSjwTo,2378
7SnDuko7SoetJfD5TeWtqFu2dp3rWVoHe2PRj2RVsrcF,2378
2ppJgRD1JxQD5fNhWyFzv939PKuBHwPGZ1YqVEcq6Ymp,2377
964TpCTYVJiHjQ77RWFh9bTMCo5socdUtSsPQKuihnRK,2378
5p3yR48ezq6bNX78qeBynxhBQebNUFNoASKsYKDn6zJH,2379
HffvC6dhM2F1ZrWifUgG9qnKGVDy2Aa3GBaqgvMcszng,2531
EWm5iGpG3gdBTH5e1US8UQVo9iV45e5AzTcGHjkaQVSg,2378
GoXobarDrKJYSZNmkTG4mNrfdgZMN2szs9EPbLKPx8dz,2380
GrJVZF5wV1bzZTocC3t4Qc2ahi8x6tmtZy7znNU1Q9r9,2378
3dRoQ6HFKpBEXsemSqeZQSZMUgHjm7JXRMRLRg4SWY1m,2379
CuSMhMQTYkDdANEFhwpEJvDWpPbEpckibfSbZFoX4Pdt,2379
8nULXDr4r2DLhYqSvsuMUGPrsgYGeWGWDb9fZZQiN7FU,2379
GnGPc7z9q1XL3kZ7uLo77285dUUxJ6Wyag9uvrD98Wfh,2379
AfesyvJMyy3DAwxs1RvmbQMFbqqARsMpiS3Eko6pnH32,2379
7y19LbbjDDLGkWMFhyisoP41Z5TKQVdGYB6m7UgSTjna,2532
HHD9waS9gfkGcA8jc8SY9Hxj6LAnPanfbKTeBPQ1Jv3X,2379
4VkCdPrzVetxTzuq8Zt1wYevxogYZyQv27rvb3g4GJZX,2379
4jbrmgYUkcSUJDAiuM3xYz71YaWPxLhRyCaGnBBHcTK4,2384
5qPQwC3CG8kmzWiQqtkztmQen5x4REZ1HjqTvyqp354q,2384
EbtyahiDkiFQx4H1mGffKmjiq6Z83s5qCMtA5h1W5wQi,2384
A7X4SEMu8gGZPAGoeAw9E1T9jQn9teN72bnAPKqu6z6x,409
Ed8TDykofQgSoFDRZnkoJKxSw6h7j5oQ1ZNrY68WnHDs,378
23FQEVHLcRAMCk4c45sb84hBEXg9MCgsWuA79GJPWxzg,378
sz9c7QW5cP5ZLaAYLYn4q8VKHoarbCTb4KwPzLgxXdk,377
4wavjVLMUzxGCP5ZitHy8f5gs422UbAkSEEAkVn2yFjT,384
7QuheLvauTBnjWhJpgL6rffCJVnVkzn5XWbZsLma2QDd,385
6qkJtWUb4oKLpVjk2YT8FV9NwnmiRE8wTMCBa56VjJm6,385
9s3oBhz4g8dPX3dvbokdUTyAkMTV7RrGD3nEoJNcMxCp,385
AcPysMggAMrZKMUpRYQr737fSmyfXMT4he78Jye9sYhv,381
F7HcvhWMWBhWKAhNbbNpu6JShpwHsx97uqR1LiBNcLYy,386
6PostU2MwSZXeihubWC4kR8S7gtjjef7ME7fM8PLgHMs,382
Fr9FZ6WWdGF35FJnxgzJga8j8tFCzEug7KDGGBMU1e3A,382
2GnDXh6YTEze5rhJQF6MRyExbpkBTDACBRPUi3Zc9PNa,382
29HjfAxpG5BRspyvQk9yh1nc3UVxmA5ny7G4cm7edXJG,381
39teRdcQYHn2mgkBgsN4dFCDxuE73vvY1E1JQjV9no4C,382
6Tw2EuDvdrFqKR9X4Bxc5Wa7DY2RPfXJCWYEJweAD3xf,381
7yeiMLNpjseRNPj7XxKjdFyMmDpJqPBbKnHg5ZADg9of,384
6w9NE77grKgpmymhsm39zQPpjUvDqiZWnCZ5ypuYswUH,385
8cEmspEmqKJyVtQfY23ChsdhEoCXTLtDLKbz42Weqq4U,385
6Rsj5vnNJupGH3THHWAzWnCXNXyeKgrtYSBvQBbyKYmS,386
6ASE5NsQQzeMNpj6vH3DQfUncGPhJmXJPpZyNXhFjTFK,386
4CDrZearWn4tpUZ6cmgcJ5LfXaMJwqBaHqrdqV83MAmt,387
Ga6sXzA4Z6kChgAhcZbBWQgisc8MTM3rQewhnzieRKm2,388
x8WkLiaZFHrqVSj1gPT4MSYbyLBQRVF47GH8X8UnNJr,387
AUtVdSFfVtDZD8bg6DUJ93EbbhMwopqTAt6fF7aYEe6H,385
4dH5FbNcSLXm5VM984S798w4SychUHijPn37eNuYX3Pt,387
BepC9nUGwUG2cmioiDJ12ao19Dcrrx1dUgMyyGeHbcKi,387
3sg64gqGgTLB1jBoE33VcdQew4QomPAsD1viDvLq6kPH,389
6Z7nJzHEPLAqUvEdZDivQD1uAh4XhBXy5GaC3EosLSRp,388
F6awYGEUBJfrCEazfsL72Xp7PE5qjch5b5xkpQvT4tgG,389
F7bzSHr1kC22HQ2p3Ke4HJQNZ3X3YWp8ZNVq2CavYMNm,387
oYakTx2Y7rnQedk7MUnm2kAvkCJ2ff7VTJGfmjbBq2Q,388
81kczRzN74FTgBeg2fSYW2GZ6QksJFBRBKswpnahRnJd,388
Cd2sq3dnp9P7JHzndzq78Qh5wpbFmmGargj6KtrsN2e4,388
8mnvjKYedFYoAw8gBNa81jmMR2XrSTRaJc7jzYz2pGZX,388
9YT7bBdHjSVEEkX9SBsGnzMVAXAVvEHNbQhiyQ6Vq67b,389
GYjZqqVNs7wUST1sShAPpcw8WfKqyBetfrbr3c5nMLjj,389
DecsCJSQPoRnDLtkmx1m6XwbnFSubbPELf3z64wjmFpU,391
82qs7a7pQ2NXdTZrmoNUgpCTJxeBaLBLvdSM72oFUDPi,389
GVX9foJtxBvPeXyYogZXXPRsuwPer1RnCYGNUJmg7kCr,390
Ga5s62XWvkUwzj6bfDKPGFEbrLHQtsuet8LWM4gobBji,377
CUoN5SzKitSxWtYQBRk25wkZtRxaZWLMe1sFMxATgTPE,371
61z4RGvmybe33bQF5UrsLRWz3p3iBStUQKyMtxC8ATWS,370
67tt8SQc2CKWCdbH4LgYackGra6XdoTdveHWYi93QBHn,376
BTe76oqj7w85TCRB8MEBUnkmYWU25pwtQggWk93A3NUC,376
Gi3QhrwXFTVtdzCgbN2LUnZs7tLhGDqAopTQ3aYhNThw,380
7dR9MDe71jKbkZrYRdL1GR7vifnmhUPoYWNP4revkAR1,367
By7xaWZUKYB7cApPeQ1N5BcLKkGdRUgH113LbkFbYbu8,385
Akpq2Yf2HT4VVKkU5aazEwsDKP8nsmmAZtUZPXRUU7Ci,368
9DBfBEdsgRAu9Pfu8PLu29P98gYA7tnwmXh363JyXtAK,373
2CnK2jjic4bogmr8b9Fkarpg62rSvLe1Gpijv2WqgPy9,374
D5Hzns7P4X5xG7f2x8nRavpqesPLpioTqhUSUyDotCgo,369
7MTsuHFoAFZSaxRmTQKoqcadcgQUGtbG8fFGJ2WZYQxQ,372
8jgS4BwTcap5ATkpVZtxp1WEw3ziZTmoCKZxsUiwXQcZ,374
4xiZ5diofjgVymPHVuW9Xk7bvwnVGAcRgu1Fh9D4aqDX,369
oLExLi6iqtzUf1cikZRS39BdKuBFZXYyu7Y9Vadqi8z,370
CBdiYHvr9NcgPcjpKRMMNqfzDLYmNTUh5YyKJuKRQez2,374
Fz1mRx9MQ8i2jFdumdmJefnzLbhiAKfwwgafQiGdwL1m,370
HiDBgJU2wPHgx74KxBeo3Uv7yRXaV7a79Gr7R27Dd2oN,372
AcXa3P82bxbbpK85Ckdi67QiDwDoGdmis7aZSYBxjqpj,370
Ap9WmGvAQPCD7HeqNST23GQSJUdaoC35hnDM4urpq4Ds,2371
zLXRd8WtRfk59YcVrYGiz3wkM1K4tywFAaw2SwLShRD,2369
FKNTiqZWBgtfeqFAUxuB3q7pvr5N14YTsj4Ly9k1wwBk,2371
9NesnYGaaVtA4z8smdXG8YUumkC6jcr58vweNdza8aXm,2394
4CMhBwMUb7azPCXMou29SYmriJ4pZDBCdyPDt87qVUr3,2395
EPMBpfsKau3Cc2mdgp6R84oiMFQ8Z23TCEhGTVTLQnVZ,2395
Dkfu7dBB5a7shjixRW8yzQghTfb9vSy1XpqDEP9d6n1t,2391
DNbS91mdChL5exSJMhQAXDkTQZfzFtwaswKZUR6JsASZ,2397
BXWFpWbYB2A694XFBTpns5RbpqFnP9HMc6hgCzN9jhi,2398
7mm6YWNFUBNKGQuNixQD95ka1zFXMZZMmbbJViXzRjcF,2397
GmhAvZAHZezptnLztYQignSvWNtYV1B8d4nFqbnkevsG,2403
7aztMfa6icUqSFnxmv5YnBRWLXaCUHvuyhpFdSht52ny,2408
XFmhF2MHpC1VVgrwiERQF4VjHt5BoAgcdtnaQY2rGWq,2409
6573usY24peHZpWkFZ1gxwRQw6TH9rqydKTFgZSJRu4M,2408
5tJrYsaGnW1k4FcuKcFYLhpKBLRLXK8W3UacXP9PjKTH,2355
HFzW6NshvDgqeV8zopZ71b8bFAWwgq7BTVcJGyHnfdDZ,2360
55pNtfFiEsdw3RSCTSPCcTwgR79jGDMevakwo1dWjN9e,2409
AKXG3dm9sdoHrhRKQaiTFPj4BeNjeYgyZAkqCXxRpQaE,2361
C5Mt4r782p67Vbri81Agsnkz54YAsU1KboinGG2DzHJ6,2362
3MfhaFJWTtZorRRjrQBpLifnjJ3PBBQsaaux3amws64e,2409
HqEAZWivQQqkRJpx7gT7dLDycr9ZcHjCpL2nnEHtGhVL,2409
FyuXEEig4dAb54xdwe81i1nuKL2KigJc3RXViirNsGuw,2410
3q1Pk7gDonwKKyr44XftCKDuNcyLkp9aivUFHiEkPKWV,2358
8r9ABieZH4PNAfapkq1jh4wWfy9jDq2MZfB4wPq8Q8S1,2411
DFXcnF2sQTcYjURdyRdZkbsEFNx9fGVzmoNZhnjkNuD6,2410
EX1G1iqJ1LMd5NwKKH2vi9LmAMsqrGerKm8cEBMCfD7g,2358
9ZT4HYhiuPCiod6FQKvXR6NTDhVMCzZiMWS7AEoDUstm,2358
3AUzRnvt55Z9q5zVkdrAaEgj3vQ5bAFb4YUBHYS3m5eU,2409
HvQz7eJBadVKZSmKNps2fTkB9QUEsNsqHb37oz6j4ZcT,2410
2WiW3fd4DUqxgbJMicA25E3gDvrZgWRwdxqFMqFKAoF9,2410
E9q1UBzhytemG3zLFV73fRbEBL9jcUsfsmFpD6PoXEMo,2361
HK9eo88sHoNe5GqSooFLSzjFpLhjETbcePGWN9AsvKFB,2361
EWYfuWwNRLR2H9nhYyS5G2P9u9Fct3W4C7f9iUquLUDQ,2361
7YTi681THf6MnfWU5NaZNcfW7vaM7QwS9NW7JZNVGXef,2361
Au38EphfP2rurpr2iiyjHn1mrbodQ5CmZn2cvVmoB2Tg,2362
BurSRcVHnt9imSARKrYoePJqdNoDSK5w7jvb3E19o5L,2362
C1MQKYnyHBNofEQBiKPCVBESPAohwsjU8YDJMsBkaq4A,2362
2mgmqoqjpaxWbeMvaENLVuV2siPg7GGwjzw3zpLPtwPa,2362
EqeDXQvyGFQz81BFAXxqWzvKeu2LHGhsujNGhSyHVuRR,2362
AkuxcD41TBSdVkJfPwSY95teTtAbj7qpn1pKVBwXcWCB,2366
CvAdoJYBuMXzrpR2CvzT52fkXxUmfM1XWqgGrddifKJt,2366
3FtZwZFJCz11iejb8qg6GgtQ676FfSvTVSR368Fs2hTs,2377
4NNByHbMZiRp8nT5cmj9ocq2bCRETSpv22xQiUGBz4Ez,2378
8angV5bmkoabww6GX3GNyhQ3BRHKtouaT7UdMddYox3g,2414
6MjpeQDrYy9smDFyDMDzRfSoeXNnQSUJFtYFzzbk1Ht7,2414
DBdWDbouMJZ6XcDaykGJS6yQVuBkocQQZo5p16RbM5AS,2414
4qsmgA9DNH4fv76sd2W91JaKJ12TgdCA97Ga5oZnqdAR,2379
EvuCtaZNMbPQA87zivjXHyrApSkfUKhmMw86tgdXxy3R,2378
7c4jQs1NdP7JgMZ5tWXiDnr6eVSLqMrnYhdD2hHmWR1y,2379
5fNnyfaxwEqqaPdi4PhBjvjosiyMJPFtkRAVXCAG9ZfY,2377
DAbZgRoQgg7ykaWVXizVBMceniTMKodpE7x6iLtktzC,2379
4SUQH5sptvSvP4nR5RSjzhmgMAfnDh45Rh5TNEKCAuC3,2377
9kRtXn9e1f9jakEpG825NYR6LQuM2reU2R4hWZ7T9Nsq,371
4u1EXoE2RxLwazDF2hoBtq1mtGdaVxssfipeXnT5m4Wg,400
2wYJC7ArU9FYB2ovR2VZgisU45uxrVcddSN4y5W5Nr83,383
6DqJsBWCxhABsGn5pyLPJK8fppwYUvjY3m5rgZmev98T,381
CxkXfu99TvdXpvRHSW2ufAo9tShbVudhGBEvRAzr7HbH,360
4TLGRrq5tTCC85zSm333bYgTTnLH3ND5Qdf1cSft8suS,368
sBy8SrKLnUyrSQotJ7hDwwDjghZfYdZwLwVjmidzurn,385
CyJsZZFo64uvVHVp4JCxYTpmHVEm9hBpz2Y2qGcSzsKb,367
EpEBczj3A27YboTz8Q39H2rQRqYZEqTmjJwDR2wMNidY,385
4VEPpAkqj4VyrtYESbrmyccRaaTgwemFXeWFwxrdi8Um,367
HiWhgmQRrUdMm77Us92gT21KqPZk2xbiEj8K7pzPzNrc,383
9JQFcjqgLKhNxg3XxyafgBDXHDYnVN2cPhy4JJsf4Kpd,367
GuRVacfRJ9khM63rHaN7pUu5cToBLctpnRpUNzFN3yNY,386
61dLGNmMc9srrE9CD2QycSWaXKdPm23kFxkcNefKMqpb,369
DSziEfqmb6DrVMLuTndto4RviwnGV3rSisVPKyGLqWn3,375
DcJ26TK4KJ3amqHn8sTEFgc8Pki2p6DfkAYmWTFUVyY7,364
43iJnBYwCAsDLqNansvwtEsEsnzcJUp8ssGxtKNHJ5Jm,369
Fb6aTwEQczvjiZxPv71GbtDCxXgCKR82FkKPCkoRJVko,369
5anvaexvusBPc9RfogVWNFz9J6iEt3oJhPk5jVWL2VTw,366
78GwHT9ddUoBhuXFWzrMrtu1uw1T44XJaMfSniafDVoL,371
HQUrfA35tfrF6C5LwYWpdwnZMK5TUm2TkmEbwdqgH5zJ,369
45sThstddZJsx28Pd9uzVyYNdd4fyDfUAVvngbMb8cjP,387
6woXRzhfPFx7C793JWJV5T7hhUfEDAvohrvKiaFg9wym,371
5FCfuTcR2WvwZ5pP3QVmZU8CJWthvmYLN3PJCM33Nsb8,371
82kJvqGHQCZNbHbQL9JswA4XsGZQ6JJcoTdX8wsZVC4J,368
CiFknCBrUFLJDy5WhZjqhaLFN5YZqUdEr4xznkzzoCdh,368
6Pq74NkND3sPPBYKgMWYGLAwgcyLoDQZBo4roGmQfjcx,374
4dbW8MnGjxSWjCsh1Enrn5nWVg7tNb6dquCKvsLQvdPQ,372
7RY7yeesUafFeNJBf3ZmwnEtuXEbZ5WVomsB5uDMpYve,367
FHs4fYWUGH4XZSqXqGvou6fwxMpYxiTCMtyphQkJeJKE,368
7Gawnm9XQex2DV1cxxdKsJrNxJQQh9sTPNe8kScCUBC6,371
BnFR635kLSezLX5L9hUdeUXBY1FQXDW2m2RCk5NsN54B,372
8NjQPyz38nPrNUVc9debqec9yBjZCkYmiCBxHFQJSiWd,368
9Hw1oBHU84yS1rxEFhBgxxBDxw9NtmGjBUYHHLAUkZXK,372
3sjisLMANafrpuk6pmvBx9V7KXmBKXgQ7yDk9fXZs3Au,367
GWwvCV7pi1qNA4zMEUov428U8DQJFyQMkWBG2oraSoUJ,374
5D2GsRaR3TgebyBzNjkSdcfTv4iY3dRueEr5SCDW4MFt,368
7SXcd1QWbCLmPru1uXZZyRTjiBFgxShKYffXcpvs7jLW,375
8D3BTh5Pss78LugM1i9z36yg6WYVbHERrQNkU8r6QywZ,378
EpgZBZ4uKNe2MAwd6aQ4ChYafd2daeEEtVWqb9NRPzce,406
Z6yyPjt8BKijhVVhkaN87vP12MFGKPDv4AUCkeMEePD,401
CJWrB7Kyp23A96ng6jJZVmgxjHupDXVNrCWzz9BrekMw,402
HzX7soXr5q28bBGwU8WFXCHReVPam6iTdViXL25GHHEM,402
HuXnBgvqY8K8DJjbsY3nVVZf7fKE3MXcSavaRFvBqWtz,402
8uTcFCdj3EakQU7D2y21z2mFJnJAKMrtpncNcpJtPSP,404
3rLiATgzJK6LTr8fhKHkFcYDz99ubJ2ftsQCquDasQQr,402
6jqqbRMWecah511k3skgprBThVsZL6yzPTsoptpcdT1j,402
E2DKZVrxbe3qFFNN5UTNuwaUr7TYYG6tJJHJNavUJf4R,402
F9VXtY1PBWSTqrZkAH3NzknqXvGvkGPtBXQQoqe9mNgF,406
H54KKYpAD6KAJq8ECtUFMhEUzc3DcT1QXLFHw3ce48TH,403
CGenxJNu3SVb1vS9My4JxP71cG6RYLtpKuSasKNDr1Dy,405
5SFXT4WW4zspjQcAATkaZPuBzYh8wyucQiZYjQW4qbcC,408
J3biRMevM4gaM9n6ohGXSV719x5Qq2iauRbcGyMzCiab,409
7DawHfhm6JRQyefc9Qe5jZCn6MDdyvfrYcyTSzwk7e5K,405
6mBhULVorpzQJHT5mVQuxT96e49kBWG3fWRLQKb4A4ze,407
3CvSWTS64eZovsiFuy6nzFEQF57YPcyJoa4hLU4SR5Xx,408
4jKSZ8jZqLK4TiS4TmsGGCYyNXhjC41jQZRNQMb62VFk,409
BzgtsSe9NoR38WFB4CtQrdrz7erGwF9mPr6pUKPvNruz,2353
BYwPwUKUN4C5geatJh1bDzv3xScGbBEKcZ3PHCRTgy4B,2360
9Qh7QNzLD9U1Lvetg8TG54vUhJUZcEqkK6UFRULi8Bg4,2355
zARzi6En1cUp41vrPFDbtWVy79xoPWra7nT5PhL4iyp,2362
Gru4saShT1ffkoQGPvQ4YNZk1dWcN9f5vfWEz3bdTicm,2364
GNFdw2reXTGj2p5eJ4WQeN5JSLFyVoVZoS73z4orTtqq,2366
DL6yMdEYLo1RHw2bu8U2Vpeje5xnX6dv9MZ35uziAo3D,2364
HEyi7tY3v4jUrWYBvFr463ucYxAQvbQ4W93qqzoWURNe,398
HjZp3FJhWSs48hRx5guXaB8hXQzpUgpsgKdDeKp6oMxU,399
6mQVjFBbAp6edHQ2VXomhHvbke46Fcg62g9nYmdmHJM,398
59z5oe57CxT3By6BvsVPCgUDY1c55Zn6YhmyH8wuQuYi,396
Cya7kCsHLGepE96yetom6tWKm5ZZX5YRtxkYBk1NdrtS,396
7PaTsWiYhCpvcKSEQkHfYgVZcWACYWndaUowPSVR2knH,393
HLHx9oU3n4KF8GFD2cwuuzz7FeLpAreGQvT7HiUQE9bi,400
CsKh9BXcbT3qBx2H7RPDNfcSJDkib2rm4HqqGY9EovEY,400
5gsC1PX7JjXh5Uat4pw4ngj2CyuTpAPXfepHxAnZgZnW,2357
8uG3Wta79BGuWoLMMN39GsWVhNNy32fc5vhH9RgpR6QV,400
Dtz3DipWcBsx2FkH4HxEci4aWoUyQ6UPVidErPq2WqNL,402
5gpCBn1nAkbrBc5iZp2vmyxPvWjt67D5s67nVcHkWD1D,395
3ZHVjsihRsG486T7by5gWVQjty9c9kuARNUqzEL78Um2,402
AotMFeZPBP4Jah5UXgjtvTrma5wHkFYTXYv1GMnbe58j,401
CNay7oQunYSs6sVWhhPDSfLDp4TtB9pQUcdF7L8X7Mw5,401
35JAfTd8hFMRKqTr2zk3RzdQNm5cmLPT97PCmzqm9CDS,401
8bsykERaaSkjQZhoLbtahgCKeYLpLSNoDErJhcRAUmYC,399
9iNc1uZXS8665mSSB9bGrW8RpLJcYuAeRLpzGv7tB3TH,401
D9sJp6ryGX2Ln7M2qFn43qqKgdErKHKrMScWKeoFE7Cs,2357
5pH9udir7bGoN3Q2QhHQPUkvQfHUPu5zeuBmabzufz99,402
9pec6XmboECv8xww9yBs3woGfTSYk3cm7642CsMfnXv,2418
GUWkqYVsfHGQwhT1RihCpzyHnG2LjK9dP8uexM3CempK,2411
3SJ5ThrpqnKprNXGwjwyZXSQWtDdfn4VkFdhkhp2qSEM,2413
HJK5hKtadRdoerV9TwwCKuVBAfnV4HrmyfQbGmvy2u66,2423
EP3GYpWrouBSDNrZDapdEJ56F7bfBFw5hLLwmisFZN2G,2429
AuUFdSvK2ryaWtAjd9D1hyfZiBakY5KFjYDtd6dT3ihq,2423
CeYf8r4GsWxPKhrMJzh6fQ1ziRmjcR8Q9V4gGzsBuPCW,2424
7hN49CX4ax8vm3a5H1hVcPhBuU7qMMzHxdXQn89UUkCD,2429
6kPkoPBPxrV17MuJGhWX9VgnsrhwqtmfCSVqeLVpELCC,2433
F43XgJey8qDHg2FYZwGoiWHRD2sgxgAfm3hLL1fYR9iE,2420
HSNxiQVmDBwnPgA5oCPFpxABaqcsYrB4CdqNBVQ2Xha4,2418
4YoGoJCjLAVZCgodrFnV9VRawpqsNHau4kxz4mvkCDYT,2434
EHCxteAh556D8GCqqML9q9A2dfh5yuKS3SBie2EyCy5J,2434
4mC2SzaEUcgFkas7C7SfNwswBLUEVwPn3sDY4Av6vyR4,2421
4aNSZzfjTzrRz6XsZVgaGjNZFLmM9jWostyGAVDWqPTH,2431
BbdALWWMeZFBNumWWrSshizs4rxJhHtdgJ7Y7mc8756z,2423
CCHbPBrxabG1vwue6KTPx1efh4jcBwHEPzxrcyp7cyfx,2422
3b5dSLRVYxkYEFeH3C19ybVQRK76CGg5ZJWSP8wXZGPn,2413
4hj57g5PzxKWbYqsFENPqyahjycjJMXc1GhrZ34zxP22,2422
EHybqrSqM13nHBVYdri8HdVoY2vWRpRj7zYmEGFBViks,2413
G7LAevjT9Z8PMmYdP2n8fyTrFgps42SWcJ7c6SLNze45,2414
A1wDmmUA2RrYWWo5LTipeDyyk5GgTp5jR5W5WAow7jhw,2409
EsZv6f2Pb8TuGkhXmc8R62arrDE5yc4MZavEQbUKPp4o,2437
5txR8j8vq9scrC1FKc4qbMqxhTnDvaQVTz8oSos2zQk5,2432
FBKBNpxATEmBvws4AmB9yasYHm5yeD9UK4ZtDumqmgUq,2415
DMG7qzgDdoLjsqfNZ7ntgCzE4WUVfLjh884uZAPqmmuA,2425
thbB6RZwVdfvtVBxn4Tb64rzosZ4PqTDxPnBZYfE3Pa,2412
ELuZADXouL5nCYxiMht381QpSR7TphsatcN41G2Mq4Q3,2424
BqpLqzGb9Z48ennd9bW7v6zUQnm2oXo82ENgrPJkZ5dW,2404
CihsXvLDvRbLM17c6hFmJ4D4TR8TuxWLFeT73UU4gHLc,2435
6Mx8kSZoSzDXW55EHGxKrNsnJrDWrk1zCeB7pVdibtDm,2426
2gx6FCoK4oiJJdfUCc5pZizyKgxN2ExG1QXeiZgQSTym,2416
A7BjxhjQ8xmsdn8uFrNfqoGq4k8jS5hD9homfjQHDpN8,2428
CwUCC8qhxpTX1fDf37d8E4ooECmmGynsBFgiuUCfFhEq,2407
27KApAQ9eFE9Zxe23JBsYhrNwRTXPbyYgmN51988we28,2417
81QzViAVioLN8xgCbrzh4w1mRPdrCPMxDDtXNKUaPfPm,2417
6s2FHjJLT5Vh44LH4wwbFkD8oNpDg9wFRFgW98FU7JZ7,2407
CtPyimEJFZRdXTYganz9xT9xncZJCDuLVTifkkptV6JF,2432
9JreHBocF7JjCq9QfWrCN8UwXwLD2ejApPWHusPii5xZ,2431
EKroUyy8FBBHh1FAHyiWCmmU6rJYc4XadAczqy4vrAHG,2407
A52vqvUfkbFrVAPoVGkEvURRbwQMW27yV6X8oerZMAjP,2430
GfkwecK6BcE9rdgc4QSgv7KpNdAyQq8NqvCdoegAPTHY,2422
CSBbn1vHWU4HxGF9A3Uo67gzZnkvXCXMCkFkW8QNcji1,2419
AdrBH7TaYh1Up2FV4ZEBdYLu4F21rarg81vZi1z46nwE,2412
H5oWVtxyWTwKEawKTZyQJuEs5ecFosjLzJ4m29nBsDVw,2421
HRTRoFh1go8JxAvLTXHmsfkaMGbpBMB97h9tPkHKvm1N,2407
GvBLgKPcB3YbUmBfwjxU1wKiQzB6utFVffu8cEm7NLVj,2407
J9nhfE6y8nzZ5HRzWvWfY7bdRLdbBNHVVM9Yfh6QkQ2j,2424
CrdLBnkgRX8Xi3ttgfoqo1p2WLS7Z33bjkbmV5hKz3ED,2413
EDjMQqTQKCYw1QCjCs8hBsukfx5kxgbXb5U7K21RxBZG,2404
4b9nYUUkEYTUBTCMGnR5A3KvUdVMn9qD5r2BeehceSJE,2443
C8rcC5pr1dGCiVQEmhi6QFwRhm1k5mvfzeKpX9toz7zi,2425
DGEiWkKMUfNM45BwJ9z3UPoVrmqB49xM7dR6YKvXMfH7,2425
3L4KdaGLcg5dTjM35ShSbhkx29GmUCrzXRHTq3suUZyR,2430
3xzN3TQxWeZ5Df4hD5wkLu9FunGe92bbJoDDrtx4FPtM,2419
7aBPGbmDCjjuJr4aw8tpM7WMgNUyrzVipwjMq8Y7rFZc,2442
DKQUgkDsUJQTCY32bjECMngM41N94p9zDndWrjCJJqZR,2428
GXH2cX8SDzbTMYUU5oEW1CQYeD2LrYtXyTCeFnhJtUcV,2440
7fVmfgiefTkfTYKxjTnEU4NBQxtmUWtTigj186rDFCFf,2432
HrBDzfMPNtXppBvnNWhudxvxnJo1C6Kwf9HaRrLjMFLS,2429
5mRySiumoGNpdxJoHKatBBTo9gUfqGFQP2SMGZMwGioc,2442
5CqYoUxUZNK1Fzo8SpEodm61sM51JMBE2ADGrNKFtUia,2428
FZfgAy2kzkytaineJsZPFaXxc3H7R52fpGzCH2vQ5ByA,2419
FhLPnhFJbNNaURykiXJ1nCB5vxm4KquMcqiEoAnsYk3E,2433
AWCkkm4MhBJ6N93E8PURyX3gvQp5zjCPjSdFZmTtyLZ9,2412
5eNSoqkfCSxNTMGiMSEVrtiVNTwk5zT4AYrpcCngRtdS,2430
ANxaYJS8TvyaWFwmehMkjXrMPL6LfHijjgP7moVGEZ9R,2452
Dwu22Q3mqsUeAwrjk7pLmGSkPpmgZ6zG2GLcuKSRZLTp,2433
6guwB2crm5nb4whb77G2HRFKfq8ivHCbNnUBqrkPyJBs,2418
AMWXdxvwkLj9SEt5rhovkF3zkqtubpRKUq2Rsq2wE9U8,2444
DBxsHqXv3aDr8cZyZDD9ndQXcbvyjVGAvQSth95FFLeK,2418
DnCH6Djb9m11HiuCEurQZ2Xjh2vuoMsTCRDe9W9rwRJq,2434
3JNC71pg59FSZAbHXuKZBMUn1rH7hgYVBT9ezxDL5Wph,2391
G9XAp9ZiuQB9KcFk7JifkKMMUvDEG31LBfvfJHQFpeKW,2409
4VDavNLwxgz4uiH9SK7JAFjkUP9sNf6xjJjNQMG4X663,2434
CpzeTLbydD12VsTNU7baTCRe72QW5jFXP5M6DJYQe8AU,2418
7ZJQjdtT6hmhPUASzmuPHdAsbKp2tkGj81fTMvf8jv1H,2417
ETZXJbSMntNkpLAozThsBvMZQG5RcaKJEmSaSKpXTGpg,2406
D4KTX3bUSJjDRum4jbA5yyWwK8kxAquG5X6gKLXPF22b,2434
3vM2Pb9wrTrFsFGrndJApXmb6MFngjzLK1kfVsrsYpbZ,2444
BPj8SfFFGnAP2yuUHsBcApYpS1C1YQ4bu9PVrmEGjqps,2419
CBMQ9JY9dUaX6eJbJExrxhvbwpcW4txyqtDWmPUXPsCh,2420
Abn2V8N2FeFG2QkNZYpV3wXnQd6wX4ANuCxL1FKfDN2R,2398
Gpuf6WcMULSMxtJc3rArjqN7e5ocxacnKt5AH24YrGHy,2432
7HLK3CVXJ3gZayJKJrvmYLD9NaTpNmogYyMsyG1mGw4u,2421
Grd8eSdtYSLvaP3xPrMWpi9QffpH7noxejoFvRaGcAkE,2419
GrTYQYkuRZR31vsDboL6fByvn7Go5P7BkXh72cidD9Wi,2422
HRMUkoVbt1zHYynEThAbaQmBNCkmuQNCLH8UrByyKCft,2433
6eyCwhCEpzZRRBJ4tXyMzG52mRC2nu7sG4xp3FbxNohF,2427
HDB53YN3SDTQjEjJoCMt7RaUFrf5VvHvHovpuX5bqSrW,2395
DA8HK6vvMGriANxonMZWSwRUbYW7kyEg6fkcqUr2sfZy,2398
Bu5sBas44M5SbxFgepybLnNQ1UVntU8TiJNDuR9d72PT,2403
GxpREdSMXK43rt6F2ReELLEEBCUz1RWBmkKaHJtiZXYC,2428
4WautTBd1KT6EtdQFdSQau33BHxVdeYn2Yi3Lmy42b9e,2420
CHSHKLgDYBiyoDMtHSVMsjZd7chkrn43mtif1tuL9ax9,2426
ABY3niQ1AympqUvs4op5rkk6RNgxA7JxDDVFtgPBBmqe,2396
AsM19eppPVdZMRiAFvvUVHCEbPDLouiBiA6sFL2dRpHa,2412
EzbwuYGcd6xZWhmFyo19Dw7QwKN4ABwqFT4oJedNULHY,2399
7y6UcGsaCoGSXgLdKe5Q66WZdzpTLoBL1sYchxKWqJgf,2399
38vVv5MYWqYuXshDDeG1XVh5k3iPzatR4DxS4LXk8XiS,2404
DPcwDmZ6P81WrexXfRfzzeR2V2RpQLCgFKypiTkwzLdX,2398
2BAGpDHRALi19xFwoUG7XwZDpeRsPFAV4F3Y6wrcbX1t,2403
58ifE7ZFx2UpyNcfL4XeCi5sN3U3VsJ38TPKC73MNTFL,2404
43GPrDphMGbA1FQRF1vCyNge7aq94WCHK5f2ekiXGSw8,2439
8dJR75qZP1xiV6GuF2BxgkVHKqqtBhUzhWAqKqnFsses,2443
C7hKBuB6dniUwqZDvSy3LN6NZAs1dwLgbPW7hpSRZ1sV,2443
6y3ZUyf46QSKxQ8SJ2VoBXkFKfc7fsz7qwXyCyz91y4g,2439
2UL6FPY5rhvyZ2DJyd6sWzyV8dMrkXJTFrVXkDJThTvp,2400
DtqrqbUZqYQYHH3HuoSyGBQcm61QVtq29o4PSxvgKsff,2404
4A53M9sHpRQDuiLwXDhfDm98q5GizW949yxwWwPRFVwy,2452
5wUUKbSfF6aC7P3gSXtLHx8z6ubeuPsVeFQknfviwW7p,2396
5GH3he5qLz4A4kGUBXkPLemnBCXe9AGmaXemEfWUzPQA,2416
sJ44xuM4xeS7tmYA8rqmt72dQhrtuvC7CiezQLX7Y4Q,2416
FtuzBuiStkjUKLboQ7hS9gj8G2tqmnz2SNLJpGAK2W9H,2445
H1hVtP61HDi9FzC4Xqc24Z1X5ExjgjRXt3tk2dr8e8gw,2399
h5nDkk42zznW8FAuKufX9szUS3kJha1SP1f8nCUbCnh,2402
CN14f4fyRyBL7JZCMVSdxteuBW7hjRTWz2efcq89kE5C,2406
7BC9xjdh3qjPqisgCMeMkNXW72y9kVWBhgbdaGf2YiLw,2403
3aGpqkJndixXobY24UAqrioAENxQkiFzkpVCiKtzcew4,2429
6maRSmbT6qWHaAj3vNDWMix6HD5RjrpCAeH7ZUQ2Z7Zc,2403
F5Ggp85tHuQotXm8eDFgbyUfp2TBZ1Ab6e412SC35avG,2417
CtSey79dWPD17h9twLCRHhwQ96JFWTLyRAQDNoNzMQ9x,2407
6jkSaM4wZbqrmeMTWNeZuwy7m1sDEQeQyYAv48ZZT2yf,2404
EoFR4d32DECVXuJ55RyboEX9ioCNBdL2zakfBAGKyUva,2400
29c223kQ8YbMtqDn1ZFjmkha2Gfn4Fa9V1cQ5oiEeZLH,2380
Ef1GUBg1LbA6ihwYzbD29rSf5TRRzPQJUVptswBjsLVW,2432
7BFzVdECBCBH8De85fJkWJcu9MVmQP6BSu5DKtLymXiB,2446
pHDLF6imsZ3vmGCeobAkVcWs8W6mwf1LAgTJoeWgztq,2405
2zGjr17sDcXq1FPtCD3beC6LMmpsATELiuq6Ud1mnXfv,2404
DSEwAwtKcNcTqgyEkUDF47Bs2KBsctJ6xSoqAJ12RdB2,2436
DpidWFDC3uBkgj6Db2GycsMZPNiJx1AnxFfaUYoAcrr9,2401
nk1S74Qq16PXSqNcKVvAYNAspY52aTqGS13nbx4551r,2405
2kPkBNoEw7peHePNKxM9AawXpYdkVRC1JT3fnhGX6cpp,2408
HYiNnFXcf9A7BKgULAbQqn7db75AQ1YFd1o6rs3m7PXB,2405
DThPhgjoz6RptHS2CTxQ8gdgDDQqzSgbQFeGEUHnomyu,2408
Fm1vVuz7DyHy36a7hviLvw3F2zrAH4BQLADeyTSt2M4T,2435
7bHx7Pha4cwvzcJisWHwQNrz2ok5rsMn6sAgwgFiTv5H,2410
BjT6SzVuPRLQzMbazXTPcpEwH8KjEwoRFRsnbde96kcA,2404
E17VXc4L437HMQb2T3gkLmxzrgeqsjKjcsa8iWnjNy5i,2408
AvHMwi5i31U46G3yQvJZBLfQkTxvq6azdJ4yKWUxcEZH,2421
7EEC7eJDTbhcg2uh1VvKfgPsPXEGJJUUQvdyEGAzLS7b,2408
CntRZQ9AuKKNMLUGofmyZxJsZzwC1PXyCjcTPkKFU4iN,2404
59WEsqDk8ceXjZwmCDjHG5f6FZeD3XzAAHtRqNbABbpc,2383
6xfLJ9hskdyWYvkfYbQk3LsjAzcUSDnUitLoxm8baKAY,2407
3bNUTLPBE8EuEZYCzjyCok2er8EMoU8NUMd67nkdbPuo,2381
F7kxVLnAzU8xnyx8CyLBG4b1Pd4Q31LNiZT9baVoAw3Y,2408
7dtRLV8eiqNJyn1BJCZEQsnFBfSTsGsPCvV3rdagvJeS,2411
9bcu8MdN1q2smMnhxexqWyEhpgGUv2QHsCZnSV8dUk9K,2411
72kqLh3ioNHnccQADzUXiKuracHmaMkqpk5S9FnBodrF,2385
M89E6HpgY3EUguKmrVPrfQzGbV81ghbW7ByK5SVqTe1,2429
ARLWJV5R1PhE1ERfkAa7pv2hJy6HAY7brvk6ZXPgkpGd,2409
J6brUtURZMa7aBekiDsEdBtKQF1L8qWEdsLGVEYVZZex,2409
3KrwZL5zzbDkYow4E8fHVPC5EkpdvqUtDvh3jGKtiqwH,2405
DftGSnFCRQ9SBZJsbNGzGEgr8tsLhZtYgD9rmgXibHL,2382
GwFkNTCMeMG7aMV6Kp1rHi9q8qRw26KVkxYs7TdQaDX1,2405
48SVKNFwroXhmiBFEYbe8BM4Sc9e3XANpKfZZKwkMevx,2405
A4nsVbTikmBsRpHXept4cgU6D9qQ3GP5MF45WR2WUGGm,2409
DM4Z545U79WScG2M6hymW4kJBSxrSr8AMUdmGfj71Ytw,2409
359s1VYu7jnf2vRZKiYhdXdo4DhphW3Dsknw5ykQZvSf,2409
Bm34R6ayayQ8Y9amihYcgZnPcHTeuyPL237XKUkKPiFP,2384
FyGa5oqAocuFnhtukNvGPdEYvY9r8in2tLpDkuhTEyhX,2382
FVYUavLvbhsmLgF4YVipixKrg2vsmrKTGpLnoBZFNwYu,2422
HNGEAm75BVwQXAMdFtHHJBXtBzGmBWXfKyCDiVno3sX8,2386
FvHeHpTPGyPCvSBhURWYRsXMTBdLeCPxApvjsFkv99gx,2384
BDfpWKf5TQGKUmyu95qAVMUbDxYp742YkYdUyMMs3VK9,2386
8d7fvFCeWY6iFu6qdbZ1S4rH546P5FU8ALuxtA7adLRS,2409
FW8nCQwpk124g7rLfYNpwcCW6eQXDtrrjeFE4tSCjaQQ,2410
FzXUbxnSSrwDVCh1KjS3HmmHedJqnbgAz7Dp6ZVTbsHP,2385
5ep342BtvW2K3PHvK6RtHwD2rR4oFDqymRfdXGTqGsKn,2410
FKziXj8ewWnAoMQwnurzBpX4KfCoq52ugYuibDowZiFd,2410
31whQYHHduQC4jPqoWeTaLHuim9JnKUgsMiheUBzyeJn,2416
HjjCKF12ixVNDcrKsiygj3UvHsGQkGH3HhUjjzrGUaPB,2414
EoPzyKaZGEApGooNLRcgERBFZn6R7K7jrcTHDyHBxLvM,2412
5TQhAWZL8BbsxF9GN6rmhjiX67K5cyjcwraVp9qcEeVt,2411
HAGwR8NemtFSdDQtU25rEeV7HnE9gC1yWDv2SSNSMBcL,2415
AsAoXn1Ffb2FLXTkBXFdDjZesVcXjUufXMGg4ytuWD9D,2412
4DeTwvkT1FJCL3MKtDr4sDWuJYhNUAR2xUcJ39pCA9SL,2415
DCAcmDFVu7gLHpHzE76Jz4tcRtJGij5zqxdbCGkayviM,2407
7kjb5j5anuFjPfTXMKJt1vhzziXiXVPrtcLVd22fUw8H,2413
B55BNeQs7LvHviKrcffcvBooX57zZr8zZJEPs1oKDEJG,2387
E8xnMybWAQ1RovgzNv3oir7oeoj1zi4YYk2fAvhPzEcM,2391
EdQRRcwy7afTxTjiKjzQLfkxyHPxqcJk2vLkXpM7UnXC,2415
GkYv4UHqEkkh8Z8As7BHmD6Lr8WygTJDmGd7zA8Nzm4z,2413
HMv8VHoWPSFY5vhfKyDBjyoyPXPCT9nMZKmL7L6UQRJ8,2361
F2CF7X1sHMqV2mgXVLTojPWHqzDLnF4FHFw9fC94nX41,2375
2Vh3CiUa9qPMCE9m1vgypPoVZNQeda4TWDwZ9eWgsKCs,2375
AcY3trubGS2HrQ7wSmZu7Wz4cEPa1wYA1jYcQgayBe7G,2369
CpD5KM7XGm3C2i7eeeXxAKnnaQAJNjGgj6H9coZu6B28,2424
AUQXEwndmBBx8Wjv9ggiD1JCB4vsX7Mq3K6jdunrZTCi,2359
32GnyNh4mR6cSk6qXFbxz88DwPoVKJJDiHhpsEhCUVwP,2375
2YVGAFCLENVRrFv3AMHxHm1nCwUNESDRd2oHeXu9vTjL,2361
9eVRNJGcqrvNUggadWkjzddFGYTCcp1iF2SWc9ZNoc69,2369
BiFui1PiQ6AWWfaaauqa7qgmzuMvqqMEXKS3ERMg6wYY,2382
4Rf9yfALiruRByVzfK1XM2xx4AugtsbV5r8sjcFqf8B4,2376
EqLZBzqfvuSBUME8x9eRchJNeoXdLoZN755AHqk15Kfc,2372
ETkQBqT6725XPPpArZpvZBG7kPAnUGgbLdegQGThUHis,2380
2hYCvsrkHTmtagsyPU7Z9AQGKDwM9zWQYjgeLcLYMoxu,2375
3MvfP4cNcF99X44cu9qnCgzGbaZVpv9m9NHJsZWZRKJG,2372
BCACeE4rAN4XavDxceZpQNUj1Kkk7Lz3CqUisCgVSdDS,2395
DLfE2q837n2ph6f3seTXN5qK5VmxP3G9PmP1DfdTDav3,2391
DWF61wyPvFEmxRUWhFrtu29MAqCKg4mf12UMX1pyH8WU,2376
2BGgAoj4qqxmS5XW2abaCTF7rj26Uwj9JHJVAPCs85i5,2379
4j3FREzizJWyqVs5S2VTpsqWfrttwt3CTUkoRZUvy9Ai,2381
3V6saqMxg4uPN3UDBTKvgfbdT8TWA2Km47e2C3sHuSMk,2386
7oNSAuKhh5ByMZFAwjPtTNrkF1Dyx4ZJSfR8Pmyr2n8V,2375
DXy6XFf7Cg3cHZ91d3GNcC4Y1Ad3Z2zsr7b9omu9r28E,2376
3UTZvLzdbU1UE72JjaWy878d5Dk5jwJJs8Vk74x5uALq,2377
ETLA67h75M9Y6mTeEEYdu4cLCjL9LnvWtHiiRvxUZjRw,2376
EmrPcA7xVDrGYmaskz32m83T1WmMJuDg1zacXDubjio,2376
Y8ktypKVfcxcUGGohYWRD4kMX1RTHHqJWaA5SB6kGip,2392
EUbpjejGAje6iHmfc36GDUsQj64jCRMLKaF8qAH8AKEn,2377
C9AhsUBraqnKzsFeUge6zvXHhaPSEPWzzFVeL2B4S657,2376
GREueHEfBr8NUTBSzjyavWcq4vjyJKHD4iYrRtT2hTxm,2377
J6YYMoYMgHfMMQ3BaEPM3upbXKMfKZ5LaCdnUFm7SBQD,2412
GvH7PoyKo8eJEkqT1WrZgXayMYZGezYcYJG9qn72U8eu,2417
G7qN26pbFHEXMK19DQGMYPEbuwmwWEmYFfcVdSee2CGM,2416
3rwBrmw3xriqCkxateacNPxTwA6VFRhmzNiZr3JG2sFu,2415
H7U814TkNZixGeh7CufrAuRTNKNRKB4aDhnWX6HCDjue,2423
EXaHoW4uwtXq9mdNTZ5ZvGAazJG8RuBkMpWjWZv34T8W,2403
EAP52SqgotEPtEUzdAdvts4hB8R1bgvvdHAJrUUbZNso,2396
4V8vMR51C3rNSGJaGujX7sRvotz6vjZhw7zxqHxLQGVF,2387
Eo6Eqam39HF1c7Lp3KR4C7pTbMAXi8D9TBb2ExkNEcXd,2388
GG5ppFWE6zbDYXXZUpsdLMbn823wFxUfAA9woxiDho4G,2408
51CKvogKhuZEbASA8oWKHUTX84BAMTJVKdPaD9ZG5WHC,2402
3yV7DCS9qER7dbyuQbKwNjM2Suxf4qEB5VC4d4KiHhbA,2390
BkA7iTGFrou3E8segBHNv1yTx8FE7zRPm2LRz3aQLwZ6,2357
H7pTxQHK4fFeotQuPi47qFbRHi9cYGY4ZDqHHkTZcPoU,2410
6WJVfM7guGs3sGLaJwjxNckr3ySyfeaJocYzbgoVxQLK,2409
CfWbjYY7pvJ7zDTCnC1qsrgHFNErtyzGSSivzTHweSpS,2400
3sH4QiZFn1SLjpF6DZpUSwXbRJERjDjdq8dgcau76iTh,2400
HfXyejoRn8BnroATL67jL99hXAHTFEz7bdKMwPE3NU8U,2415
4t11jWacE9rFvoNYPPnLdb3VTVVCmK5FDvdKgtgoHwxs,2396
BE3BiWCi2emKoNTrnRajkuyXAQurFST7Yhx7MDXoyyHL,2401
4s1AzgzZBP5PSUk14qXqvrPVDnoq8m2YWtQXPWm2sPfg,2399
Uex8c9oum2rhDcd1Zgg5H56KiiYM471M9xHGsG8GR8s,2399
AiVzS4BrxiyBvyCdgtPQBFXRxcV8xXmJu3BVBZGsi5E8,2421
J7h5Qk8B9c83a7cmcyoPcLSLCmYUWHqBQhJSWN3FxALY,2420
DFrvb2N3uSeh4Uo8KiwgmiPWuH2DeWeVqqLqXykmbxh5,2401
5khTgbBCmUf3W3bbY89Mk1VRWoENFRgEitT9mEqqrw8M,2401
7NteR29PhPUqCXLmkBeXC3RU1VrdYp6TRW2td9fZY2G4,2421
8o7mA8gxXSkgmRwqu1nArLjEScJerRHe4227a9ALEJpz,2364
5QozoqBTLxyHP3odz9ziV3KTSk6BjvuPSFpkVhtJMaa8,2421
3riwtfUkzciPQFiho3kHKJw246zWVyTrJdwmyKbvJwad,2394
GsJSHk2tAEDYdxuTB2cM6N2pmYpiFrYmcCwfvZu2QhSD,2401
5UepfsYpG3C94UB5EfJ3xV9ibMbf4RwXBAGg5Tot2Gix,2402
Awm13A6fvbKzxVuyfiu2ptd1419fq9JgFtNAxE7x28jP,2357
591Md4s87La3YZtu2KQitPhErcGaaDuAYSpf8R23zjMs,2379
3UGMsThtKUUGwqJBYsL8UkzJ7a4baH82jbsnz1GLZQUP,2379
2PDyPHiELYdDk615sc7ifNYgi4s76DVyLbLCCMH2UeRa,2384
Ho1mFCm5J6x7N4CbGTGhvWcGyu6C52kbrKdZmUBJJW49,2385
HXBGLMFcFTPp6oDd8DsNuDh3em6nmaKnUFHvTGzQUDDK,2386
HrRLr7hGEUUnvayY2SnofX7yb8zJBinb9RWRa8jpTsjZ,2383
fuEZac1hkk1DE2ETaADLhCphfb1stYCckcR1zr7Meii,2389
GgQxo47NNmnLdJDtkezvT2faZBC1zj35MWDpqzeSAjfF,2389
98WhBk4GM8UFPcE63vHZoR7GHd36t3rPWRAy9k6zxGPh,2386
BGFCiQFJTMtfK1EMR7C4X8KbsDwz9pFp8bcTbmfGnnyy,2384
5dpBeQMn4JjgWC4YM6TdAAVShMLKBH6uSknzHeFUjCbp,2386
3mpA8Wo7d1w894yvXjGDBVfvJDRKCwWpk4agEcEh1Lzz,2386
dSSuB9qpc8UNTM5UTpGSdRuQcoaC2Jkktd72AycRkb9,2386
GLd8m6YqvuCA72RgoyqwnJMC6ARujdpmvn75ndmDxqp8,2390
EtPyFbMDErZpZownYLUfVVScPCZ9tqLDMPkfiwUg7tgq,2389
EUzYQ9XESg5EnEPnSNYLhSbR6ZpKJruFQ6EBLkNjTYR2,2390
AoAUyo7CA6FgNEbPR3ABXy9ShZ1RPTH3A2CKqxybpFr8,2394
FkCm85gtjuVCJEK8qZQVDw8dpDEj9cE59SFXrwfic9Tx,2392
2j1R19T5BMnbQsGYRbU7xmKR8hTyVjiiGnGSHyNYWM4P,2380
7r4Xgpn93FuHsUWBJaKkeQYPBahv2bT2wR2Vo4Lk2uqg,2391
2edikD7KrdkP3ehPEiy5jx1huWFCcAKEu3evNXLLyq5F,2380
BHG1xWFri2LPsDDakDJMcwe4weSvAXM4T3P5LDXbBVtz,2397
CJk9uW2ko9GerY5B6ihdTsYsbsRWUNC7CoYDkxyQDrvq,2382
5QA1uLscdu1GrXJ7rpx8syfNxA9AuduTC8Cbg1m5hpjg,2385
8RSUB7v6VaFuzmMYL6mpbVbuRChHfaELbCczC3PtMXnc,2383
2RZChfk5kj7jMS8eMAG8WHyTdheXcpSbkXV5amDUzdX7,2381
E5Y4xXxp7CdHajrFBDjpt3E3W79a9zUjZ7ZzALH6TREJ,2396
Fk25vpnFwqHRiFMmCioT3ghZMuaCwEYivUJQ3Lvz4uoA,2397
DRnpzny474cQaBhycYEMydTkdSiQwzi6Q2NsXm7oBJTe,2394
E9htcHUunT7yWTSTYtP3EknHnCHWT94CW2PAfzzhp3E4,2396
Bt46ww44NPmF2xwxFsHqbEqz6ZJtwkkUoX8JHJHRe6Me,2382
21pBT56M2BpF2CvUoFpb2LhYziXAxpsvKy1fgc25dyCC,2383
HrCeYG4X4mJJAyHQdkpT2JN1VFgjCvNEEA9GhEkW2o4p,2383
5ZXRLSPyxYNPpNKBo9eUZPpN5hyfd5ENnpASBn4JHdu5,2397
45cU4TNMnnEpZ5xt3qqCVadLTY1DQsDzguVCCaZqtB4d,2396
BTQtvK8fzpZht8MntmqDZnBmsQVC6BkoJxRVBDvfzvk9,2383
4zho33QnbtMAYLD7GNHVvjyf9nrT5TF6TWQxU354478z,2383
BEVvVUzLc3sBfvqSWsfK7UB1rJ1kVnxAHLmh78PGzusb,2382
EqzB33phEEgsykFqgfxSj41hPh1vPVukUj7WyiGPHVeP,2392
2DrhFS9hbhohtLrnCxgwECkfseQCrxZzgx1NcKdyfMRR,2391
ARzcbWahKo36vqxwzVspbHwMADFpCA8fxHiHhJ13zPxS,2389
DDXGjEtE3nERPddXa7tFWx278YVjVUXfuE2CSX5LXY5y,2389
5n5hBrSDVV4FMVNUHGNEcexcodHCdhoXgXQUCfMMVqSx,2388
HvEZPGcYusjxwvKJyCgKpVDeXTRpFC42zFHqZmVEHouf,2394
8AuJSMkKgsrRpdU74fTFjbZa2ArwiazSeYs5wdjczUby,2396
5BvcaAGoztSGkoQAjCWCiVka8cdntx4zdh6jxMG28HGg,2393
DH7oJXT57gSn7a8pvUfWy9E978YQiHwcBW6LdKKNJqU,2393
F5b6gQkVAfpcnCQUwRFy9Na2eR7jmerCZw6AmyJRHDig,2393
DBtMjR1QJn8eaDHmpKKHaQXW4dQNzDWBTFzoUcVHtNMJ,2394
BWZzfhNQZiYbp3Amtpx6iJ3UaQRoXyytkkYugmJECPzA,2396
HbcoDSwYgbLJ2NUhHznCEPbFm67FHvPT34up9Yuvacjk,2400
EMAwkaqYq3iyevok7RchE81SUDTdj7s9QRCXcFBaUZU7,2395
34oXcvg7XvZKwP9foLQBwk3akwg59mZQ6xJnHDAhD64n,2395
6Sm4Lva6p9QmCeVUkcciU4KGtGhrFK1rmHEtUX1nMBhe,2402
HvFc2btMwhHfsaDvZGtsj2mU5ia84nnbeoV7kFSbErPt,2403
DXbStsNjEzzaiYgUdJ2vgKnrQbgSNhCSKdYWrVLqTjQb,2401
BR5R1DyRNs2FqgnCpVZM7RAfvkyafwn52kUFqoQ9Ls9a,2402
Dkb7cJEj36EgGhRL5mT186EM2YQ4s1kR66nDz7WamcRJ,2403
Eyzhbj5doruN6XWzpWrmuNijG2e3QF7Ww4Y8wVrY65Uw,2403
HdWqTZvYDhbGEJFW5RLHBU1HTxPZXUVZyqiTPWdn9Ko7,2407
CKxZ5oRZPCJTzaHRNK78YCXUPwHFmsZmbx25CGjyrphM,2402
FezrVpC2JHYQwWLDow4Uovcej7fNDmcfYd3WQqgWC764,2402
AUYHV5a2ucbidkZAR3msdmKNxXZ6wDDgYwLDucCBVfe3,2403
HdxChfbW1WqrK6Y3ZCNDmfagY8onLb2LywhFNEPi4UhV,2404
HURogWtyRrxCCZnoMDB7ebKf98XAS44KvNx4b2gaxMXq,2404
Au1pZfhpMzBCro3HHw7oBSyUc9Zsq1cQg35sXeLzj9Bz,2387
2gHJxJoFMauHK4aS43Ps3ZhjCN2mhvsi1GGXUAsZhDwP,2366
21TfTpehxWS4bgY4Zy8QNhUs4H4gCqTSm68YPXnosCDy,2366
E6KbFRyxWQV4gf6NCPFYuPXDiPZRXrvYKBWaeb4UJmPM,2361
BD2UfxxZEY7773oLFqozweZFaouroAjiXXzn8wUAi9u5,2366
6afDjsi3mp5NuEVt1CURrpPR2f7fdfaefdd9peehSKWp,2567
HeRq4EaAaiTPiQyDKYb3PQ4xZqCUmHEM4yKgumXMLFBb,413
Ea2pf4Mu86qcnUV4ZZWAwVmGsDCvpMKjjurpNg6exL5a,415
FoF43kgoPsZ4Lbxk4ApXjrYhS5Y1WH1uxpdc9ZpW9X1y,2368
GowFQgSjPSJRhR2MoESXnpzwfS4hvMdWmFASFCaxEgFo,2369
4tHenf5UivPhdqH8nRg4FFDxyzqEvWEgso8CuygL7MEp,2369
J566nMhBxKgN8zWVpQKvUUsTJ4Fq82sbNL35VLmNEEMX,2368
D15kQPVhRSR7Nw3EKdmaZa1zqYwpCmdkqVApa1yHH2Y6,2382
DidymDE3dHwJxVKPxDacetUBv7CAsMHZzf6h11yN2wmo,2368
xu5WzySUNm2qHPmtrimiELmz2xuLVkfPDS4pEcvL369,2368
HZWSWd1Gxc2RQM8AgPFSFyd1wG5C9xqCEFUVZUBiLmry,2369
8QbB9PzgpFGS5pigLpncurZ3n6cWje2D8xk4t6XzzaRF,2368
9KDzQYDeCjvNHBmLcFKp28kJsaLr8tzK1Fa9zjfL5A4U,413
Ao4K4GH25QsKgnQjeVHUumsnp4aGUxizKaeAiFk5YuKh,2370
5T49w1VppXBVUiUPf13wNbqZmaQi7qGmdZskpHc7Tpxt,2369
CYoH972hcbLTz6VKi54PPkzkFd6Cj92i6RHvx9xwm6Pe,417
BvjnuPhfygUQkE1R4b7TMqsGAKLqd5AE1a6bd1ykZtop,416
4STVRqn5sMad132vQ6bzojUAYHtNNiNHu4fRBa7noYpa,2369
6pzWapFvKpjs2wUEYKuQfLuZQ17Jpxha9NUufxVVCVEz,417
GzNiZSbsdN1ZiDzFYrHHsCGdTM3hW1FDf4xHLF5b48Cp,414
3SUs3VNGED5iGuyWGnAmrNMqZMAXBqDYpb8jModtrASA,415
E3fNTADVXeq3rwvXSgXCWt1J4Ytb1prtVL5VxMC1eipw,417
3S2AhEXARDM6sTH5ZeGUpFY2EsLVfrbtKcPs35JJr4Ty,416
5CxJuCjzcmHkVrXmoB6gDPrZCNCeepuLo7qKPNy8QNuy,2369
53mpuDds7RwgBLagqX6W2Kuna9pgqhsYRkd5Kjwk57fe,416
DM9cS1GFq2xEY1CwxfYC5ALyxv5QKzYKdQMFxtVunEtL,415
EHQLcuJqLgqwafARWQhhuH8XG6ffMxJsvFrci6CoWCK3,418
5L28tH6B7bs7Joxrf2wqXfwW2i6AmRjFm8aLGkk1Znki,415
Gtv8hrdLPo14PZunAgrjTHGGEWADFTdNvTVnyCZkpTbL,416
CyQF95Mf1AZb1BK86UjwPtUvPreNvRKjuLMq4Uswtic5,415
2f2bbGhFeDJBLZEtpFT8pTR1wk1mzHPKUGeV4X3fknGL,2371
HgKDHVJCGFNjGmdApGAChJuzVjA4qQskyLewGYEEs6Rh,418
4dHLBmZwwr1j6eTMf6ydQQDPRs1a6Pdr5euAqrcPZGCn,2371
Gxv9roWBRA4Rjt69VPBegbGssGEjYWd1WaAP1UQh5Qc5,417
GQyQjT6Nq8vC1Z9TYctwHcdFFxgA7ogy7THRHhySMnHP,415
G9He6b7MHE3LVqinu8evokz1bbKDgwXJygmFRxVqjtAX,2366
Bg2FP6kJcrSPHZgBNq2pna4xsExybSw8ZW9Bo1rn5q1z,415
DtV1g9QbZyayNRSm34cMCcMe4KPUD5QeVPvNzSeq9Tu6,2370
HpRueymknJRuWwkBuWnrp5LS2EkMxyZ1jmmU6KcsR4Fe,2374
B9bmVHCLFqbhPDYHVkkTC2EZNGaaFm21UQMy2nWLWtMt,2376
AN8EabDtgkN6D2KjjC58C1ZiNs9mvpKq6zVrPMKCWSLg,2375
7kWh462aQ6dFAi7Le4Dw92asrCznhosr2Jcr2cuRdWsJ,2375
HziRp9H6jQTBRNPPqf2Wdwhy4rzwBRhpus2xts1MnCnv,2375
2YJFm2oE2d8reUNJHcUtHkmXDEweiWHgNEKTEBdZTvGC,2375
8kuyxm4EAsBruKZ1TbaR8uZxpAgmsmkmfmvbFYNrfJKy,2385
6pR3R1kNcLtZo9dwUQFjDrK11HfkKADHRmi2GebLZDHY,2380
5mJpjYB7mKHF8WHHnnix9zLQVwhmUrZptioLyrgg46mN,2379
4HxE9vpZKnDjhuZizY3hg1LGiR91MKDbUimQ5UGAQfSX,2378
CBGKDUNoFp4uJnguJvPUbK1PUWyBhH3YEzETQDmNKDuy,2387
H12TkQPyB5dPnwnU9NVg1YP9FeoM7QiP8qjxydyWzRSE,2387
9kYeq6KixMckVcktbkG7PA4pL1wbbTYfXQ8uB3Yk4nQS,2379
8aCXfn6vL52imbpaKL9XtHexrNMks6hNoyadx3oBxqsP,2381
7s3wZ1wZmUxG4QnqWUCQ69jq6w9VJ15L3Xigj3QkFHbQ,2381
C6XhatWjvsqsBKJFMYaK1wLy4UagshENCf92Xt9pHRVm,2382
HiLxNycryWoxKWf1f58g6WmtR2JLoea5KH7dWxkGsXu2,2387
ATj5hLaPXK3RhNhnHXmv1krLv4emxBokEes93smoVuoV,2383
J9HvhauYhWzW8MaxTc87bwa4qMi2bA81okEd5jnJ1EtB,2386
5xheCJdb8AhSakyyfKzFNxmmcsrNVbHp6P4NdDodDAmf,2357
DZTHU1wQtEp6navuwMD6Dr4o38kaoY8FkgRHF96rYtQt,2357
CPm2Vd54D3iAfu99LEfhGMPzkBFXRRjxtUrWLf6su96J,2351
HmSyGNHWWThkfZHqytJrrXzbj1CnaYxUoUxPPdXCre6r,2364
GGrafmN5KFaXaiSSGcQMFpvqFiGAAHNUh9rmyG3bHJKu,2353
B5T6rTSHZD8udVucPYG2GS5W7asGTEadn2T4jHNcWxFH,2354
JnBsdG6zmTvH8RxvJk1NvipmbL8gGDk4diWm3ToF8ZY,2353
HEQhJ8V7TvMj1GWNG3g6Mh12CA7b1337Ui6tTx7zQZvj,2353
4Reg5Ryzm2U8DtixW2tY1QcoeYZ4sT8JUpaJpbGMDmp1,2348
Ey6e4vXteVBF4H9N32BrXgFy2LKDGEV9r9j65hgNSkmp,2355
AsQfMBnZZd9e4rWCKdi4zadTJ2Mzd5QFYcCmRdsYDKpS,2354
5XhGc9gJYfwyn57jrWKRVyaDJDcWAf3zcPzQ98HWW98H,2354
7pb61QywUXKTrKhiY4yegYewv8brh2YTBU3hJyzFnxQ6,2354
3tEHRtpnWr3egXYvEcKrnCVk3i8e9vY76pamr4PVHwST,2354
Ef46nc8WsP98EzJcMajQ6KccwWAR3sMdUnY5mBR51yJV,2361
CseXzVaSBoUq1kVWdAnz79QYKzr6GN61nws9Jva4riFy,2354
8nxNgiM8fw1UzZVrc6aBDiFZBfAFRyn3RaSojwUFN5Uh,2353
2JjTeNLRknzHxAJu2z6uYpoezwnoWdW9ayr984Rs9PTj,2355
83LcApt1xPWV7i5AE1mnQ1LPxFNe1S7f2vG5s9JHfcyG,2349
32Yy2yAqYt24qroKsAKWqgMuMFXHZYvJrSSEC5zmWTCK,2355
CoxKGQUSzQkt6tifkBq3j7Y7zdutVWfzgxcjLsRXYfC3,2354
DZgSCWQ7dwfPbGxLKkLDajWaXHsCZds5w3gZhe8xYLZ5,2355
8MptfHmdzpbq2nWhcmsvCWSiitvRmmPYDsEv9T6NcGiW,2400
BTH2RzgaS1gFCbyHvTUcTgSN8e4jnVk6HEhPCfWdBtg4,2401
Djg8SFaRciuf7puaW7wfB4bL5BGkjoSQjVxzzApe4vAe,2403
CtCGwt42hU9Eb2V8iQDHbjmAENFJ8wdQQQZddvaXpq1p,2396
GLEkMMWvULoSrK6JVc1rAwRYKgZvKJGGGV3FHEuzjLai,2356
3rfjDXWKWFv9K15xX4a4mfrhZzLpFiFhPkuzodmgjnqF,2353
9Jj7gMB3cRtt3gxCbTge9kMnk3xWEAYpZEjfsTTprWTQ,2350
F74ZjdZQqXM2vYWmTPwzcRs8hWK31W3e3JGrwYAzSKo,2360
HRDbJbf2iRLw797hNRqVkUwKFsBM8AwJDJq9cBMCfVmg,2353
D3CS6fyWvSLa4tSFh9wCC8SrxDdJEfGTH9jj54R4uYa5,2358
7ztLNeX2WsXDoiviSAB82H1Fmz9BPqosxpkA1stLXHVW,2365
6KC4qx1NJeRXqZqHSRcCpYTMzuGDLQagCLEbm1k3wydz,2361
7q2B1WX4Mm93NsiGJehir9kHn2DWrGzsjBZTJxSHTwqp,2364
GpuuEcpfTQEYoUDP6VnGs8PA48UYnTdBPQxHpd3uBqCA,2362
GVSjkgcMssrQWRGPgb3WdPcft87WqfwzjPWbdzKTS8r4,2359
2yJGHacf8unAutAdvuuTRJ5ZHatUDR79XDM4kC1E372P,2379
DagZgcR15vPcA3JtNqaGUFjog8kZukXj2e9P4ALgc4hL,2366
ARLHP3oJs4tDRP4SmCJ1KKfRFWRrBKKq5bK9p2CS4gtY,2361
FPsvtvYHUTSPRvuSMQveuZL2xDu5L6MgC7qgLxFZHHGb,2356
5EJMHZuVFPGH3yNpPidXSJ1hTGz9Xp7Q6bHPC23tQUbw,2363
4E6Abu2cKwwgdTiGnBnSaYp5MqUDWSZmRn2VukxN2k3o,2362
GPU8f69JNkpuJyeDrtLJ5LZ7YvGxY1kEDr34obCaUZCq,2356
AvLQ7AXjRthgESXRQEA67deQb9HBMC84TsJBDECAwwgc,2356
EqGbBXptVt4ECdpbh3hpzT3dfUYz6CEGQ5dqX2t2FoMX,2356
8iVX9PBsC3bChqd5p1C3WR2LbkPE8rhsqzQM3UJ7qfJ9,2362
3baPgjq4SuC2FJVYht9j2ihs7YjvNVu6t59SZR2JAGY8,2363
7YQtBwwBq1DDGzuea7XtxTTEwBJYCrWBvfJK4LhnAGcK,2356
21hPKEJ7eU5nKpJViPopw1sb2MWznmn53nNba4Cu86Xy,2353
5EEnPD1itC5ZKB3HbgkKQBMSd61ec2b2MetZGGewxjRx,2358
CNXKdrtfkKdVu7BrijonUJSEQPvux1PMpdDhCEuyFE98,2362
Fegs721zph3Lbj4C2mSQvMV7NHnMvAkuXkav84Mue4wC,2355
8cAJC9gJXhLAjnt7Pjzy7wVEDq2vkYagzwXKzm9XE4GY,2366
G3jjLvMYp5SJuT6kLPREHGFFoxdwuqiMTeYC39FXNpUw,2358
B8rawtUPHPokHe3rHWiag1EcgHMbiuA8r4cqQB91HpTx,2356
AxcFAn7bESDzsUbhUhZzdYAXTAjGdqRX5YXi4oBb3wtC,2355
HhndsMUfF2RVAKYzmnxqLvfJXcSFki7en3J7zQ3wVKNX,2356
2oF55f7ZYoLdrAg7Qu3H2vhTFdTW4bsrUhQMxEbSRBC6,2356
7seVhFPuLwS1co8rhBkXJffm4EWt1p2r8TnB9hfwYRyC,2362
Bq5LKTS3KmQ1eJYdiKT9oF7bERQw87Ao21QwA68E9L4w,2357
B1hmLtUY5obfgFii8ecG2moGnFHEJqnAdyRxu4cYTzYQ,2358
8eU5j1KWWCdrrHWJ2STuVcEesfUV7eyB4oyc7nCUwYYN,2359
DMVveiqTpiB3oVGnajrvUfJy654EYa3VyWZhuhSXZbzY,2363
5eSF1UoSFej7RPkEKf1vqSoEn3XwZRyCYjmBcvPnrkN8,2356
5uTYuzwfA4aJR6qEPEMVrZegXpyQoxJDXzMHZ5Pbg5r3,2360
6MZ19rf5pPnHEejRUMh3gkruVGR6ALJ2A4K6MNt9DoEj,2363
88wQsYn6h3RQFYhF4PQXYrqkuenB5CRMDcKgt7Y2RFkz,2361
ABDHWgbibDcgJwRMYiFWSkgCJtmqjHExUH2ZXKdRg7xj,2373
5qWQsZ2cEMfkQurg3zyprASZDd9nGW35oFp4bUYGdJE5,2365
AnVVdQybN8DA3FPtoT8Lnumfa79twvfuA6PTRMURNSpN,2364
7LBYQmRBenETBuTojJjsUyGwXoqS4LQEPvrz7DAySkH4,2372
ASxWxR7a1czNVe4vwyUSKotcTp8d82qqU2e5CHUKyf1g,2372
2ruABtRTkD2JFha8d4YSPLfSTXu4kAa5FqLcy9not4oh,2365
ESMsnHfwN5rwTV7Ksmn8i2z6MMxrau1FjoYGdmGfpoWA,2371
GM5MC8qMQs2MuKUPWsfDc5yysBv7vzYHck9vaJ2CT87q,2364
BCZGbfDwLLUEgDYDCk5q2noCSDVsrXdjDHmShwub9RxN,2366
CC4PbpN18zyX3iCtnt15szgKrnaL1VYYPgj97USE7Ha3,2372
48eFy68io7DdVCLiE5fLWW9H54ZPWzpPazdzAag2BWHm,2365
EmCfxBikbnKqbGV5rgSRfCVJBwLDwmVExAiXvWgfN69W,2364
jvPTdrQ5tfXMAr2Auf4AJACNPLpmSuxUsJSPwL3oTGJ,2364
6hibHu1dUd7XLL4BLZJPVV8CfiK5vzD7ZYfQT7MBHusV,2361
8Q5hfVHAf6UFTuvGDVKfuKs6zmo28EPB6HQExHR8V2t3,2374
HvmbRrZJXNKMKesmjxrvKHepBytMsgC7PFn1CpvRtPYS,2365
G1hcaVfrAymnEi1jud23HD38GY8nNKCqB5pjZEX25iW8,2362
BwaFXHWJreuxK4Yi9qv8jWmAwhrDsrDEsySJPRnVnVeE,2362
12ENHX7wo27yNvaKnY3C2uiG3zkr2rYbwWc31VmFbvVK,2363
EnDD96Q6E5F8mpAcjyYVptED2xNESZzsyRmWfoD1mGSL,2412
7V8QS7D4c3V9kYTiUwJQjdBaKREeKT9PnAqKh58fKkgw,2402
FT7fyEu6okShDgrdLXUtknA8pKCRdHZDB6nrWztbiETc,2402
J7buqQkN1yfNwxn1knjJGWgdTvuZdTUYbTW9TXD24X28,2403
7hjveQMhAEsEmjMDLHHYHURTNXroNqyTkXyTch1n1ysU,2404
GgX6eVP5bLgzCnPQpYEvUGnobSeweFUpkSZgarV8mRRJ,2402
7ybQgiBQY2KYrcxgXNRD9xMM8csaTGHhbchnb1x1ZNSS,2406
FqTx6aog6eK7D5NpBbgdL5FDMj3sLDQd7vYW3ZyrEqEY,2413
GyUtdjqHw1qart8wR1GUz9W4mpSBZiwfhnEJiWNYBUfa,2355
2ku1XKGZUXpgySXwps6QuNe9sBgXPuAN2CXjqisXnkAr,2414
8F4CAD5HquyfvzKduU474uR5WsKZ8t3oqHiu7jVjdXsD,2414
FfuaW23ksVvuxFLYPYAFoGZD6QZR9Zj9uWE8QSFvoJvs,2414
BkCHn8Y48F3kEC5hQXAiaxDHBLsupS9TAddz15ekVcjP,2414
Cy9igaZUZGvkj4wM3DiQKRozNqvpmJBYKLxESDfzYLZz,2361
3o9Va1qH6BHDbYMg1HZothmeXEEz165GU3hDi25iwas3,2355
45SL4qCG1q4yLBwqVRTLreAU1nFBM5pwRYfmchGFa13i,2360
6pCVuU3LSRVzKJAmSfAJNf3Dumg8rTywX8euzb28UWfM,2361
3WYyL7QUNTbJSxB32JYedqCmcMx8UVWfHLUU4G18RJhx,2359
5AfnGFw3PFed91ohGNqpVPYVcQuakNK7cSQfqKduoK5w,2363
FwvQ112vB7amYRCish3Xn1avsoRe5ZMyxePiSVM1RaJb,2361
DpWd1EJcXei3JR8eUCQix4r5qsGSgkJwVUMjRY1i4bWV,2363
8AWtbnjSrzdKqfW6mzZW6ZGDYRZiRiRgMqPNeQNaViJi,2363
6hioEnFV3aTVqEsGKUb7FFUz7N1sTfm5QwVjnPLbxUK3,2356
9pSZDNLfeYvM3JP7xdstwHaMZz6qYiDUTgvhBzNvsiGN,2356
5NiAaRQR4obBnKao3u3rVqTDhZobiu8eHdDrY81DfSzP,2356
GeogxiDDyyRDSiq34aM4bVGexKgY2S8ArDdbYBzi7WWN,2361
GiDXciPBqUQpQpsahQfSbZhuSYBRhkZHMredB2ukZNqT,2359
EbNJP8SCVABc6e7LBdmCGCsQFxWa69b3DkoTRLfjgcib,2362
9f8r8MBqiwte9jXVANmn4ZpxuAqDxorBtN4gLiJ1krQj,2351
HfsssfaiVR1iePvkL8araRTdqV2Xs7Y9KpSFZTTzwn6Q,2361
7FNqN9YXbsUy4rX1Aw7PcDE8UKoPesZS5NGCiGh5VUdH,2357
6pKxQDqvfZ3LjDHdHjxZT6CtF8UY5mVd8GT9xePHoAXv,2360
4PSNRKJwGZhP7LvEkCLweYyV5Jfi3jVs7hhaq2aYAiCd,2353
2bdNbd87ZtF6nDDwcP5g6zMWbpJJFH442sE4rKLaM6FJ,2362
7M3VYMVERgsvDvCfCcJhtYS7EsMPWcmhTDaUrDZeBqrq,2370
5HqUXB19DVnjNi1Di9cno9uzeX7jqdAHARDwPzadhJ24,2372
9wuHdiLQo5cUoh2416jXTtExAmxWvqsHRPbkUyNm8zhU,2367
hoS2RrRPDyQB1N98FAfAuSutQpSZCemdji2Xi6noi1W,2369
7sx6nuB5Gh6hQWDRaEFkounHY8p1DUXj1Zg7cZsvAt42,2376
58P7J9k65GVEWiY7D1kGxLqfUU75KyRJF1nxZFcX41jd,2373
GCWEY5WjfRmaixq41NWdBfAyg6X87xRuB5ibi72nAC35,2402
FMVfWWDEZhnivGthKSJ5cbLdiBXSEezvsWkXKG2FQqaa,2395
DamPXJHd4Vd52wR2A8N2vrXAtobHktbr9nyQ9RhvtVfM,2403
F489NT4WsDwWwW8dxPY8evB5NtP945JPoT3zVPtxDohH,2413
4cNzs43C8jE1V9hAZE57H9FMNW8kuJ6umtpNoJyHd9zd,2403
GXQwfZ9GCEe9UDSpqez7RRhfFfUxHW7hVNW8bCkubQaQ,2396
HaZh8FTFWUMfW7XW3F1PQZQgjRvjmy1buUZX4naitWMR,2403
2jyThe8LHE2RqQxddVsFmFq85BjRsNNyCcWKwTQsch12,2407
7qWivLCHPAov4yqJ1skYhmDa7uxJF3ozVzhNo6jA2oJn,2405
GxS5AMBwbEukvt1Yw2C3T1jVy1s9dENXUZ35EXnodwmP,2416
6vnC3vtbNsFVezHNrxsaBPg5QLLmEPvFNPHADmcWWT9c,2410
6FjaDoWPUZrqXn6cpvEe75Dsbx3qiKeQrrbHK5x4L91n,2419
36tuwr7Xh5yPw9rK2oCQGsoKD7HY4BeuaSGmPdVG9MXY,2415
FDZ5rYZXWFJxpnzSgDiVpyiB8BDvvGDEAdGyXiuRicCu,2403
8RVJDWvKyFQr1qyuWQunTrAzesyBxk2jXbJyXRQoR6AE,2400
HkWoYy64E4fA4rxTVJYsw7ximvVjwZ8ESD8bwHETF8g2,2411
2PbWgTVijdovEp6t51h7VyYNTgkVLDJPG7bGSBCLSMcP,2416
8HbFxG59zCPhb2V7aU6N9bePa1dbJ8NWYMQ5LY7GrZKg,2409
CZp82DbBX7kWtxbnFSs7cetjBdzWcbHnWq73ygKKistR,2399
FWWpaGVeYu2Rzv5np2NshqBL1WJp88biSDCvykov54QU,2418
9b659UpSiWjMRGqVNHJ9jwjDkYCWnZuoqRmGLbVthRCE,2410
8YSfhPqbxYXZfKmD2FjBvhaV51Y1ubbjNL5J1qh7EDTc,2410
Ajt4dbR4D3Nu8sXqhPf214bVvP3shZSPoHazSZS6UsGf,2409
3RprjkQwmDk1B3pR18CW2kGBqJrP3HzgSbFjrjtjJ4me,2405
CDju5MYwm5gbN1mVTV39zRNnrFFiEFUMcUkjRiJsuAgv,2414
HiyKbR3YBGfA3gKahbyngr57EW6q17wKjBWEz6xxU7gL,2411
7wsKwuSSmWkZvt2diDSY7GNyGFXYYPMdhomQth72ynVW,2405
G9Z8DdLnzF8ULbNXYzg8BijrLyPNW4vAFQnvom6tSntZ,2404
EfrEL5dEAeDAkztZvSFVKdL8HPXLbcxa521caDVkSMRj,2413
EeMVZ8ki8m5193YegCEa6qHjZGx8Jj48Yq15LUvkRx1H,2403
Ha17WhpdRQmZS1v8R68aaLJv3oohgb9K16GfuXqYfu9q,2412
BEL4UZdJ5ZbQBHk1XVdgtLgrG1vyEDGroijnyDR5GHej,2417
4o1ejRm3jt6HBsiVJU2TK8E8tTFfMrXaMR3BBHAExKRr,2421
AVsTceZEj9D7dFp3TRjDkvtW7ceovkzsib1dWMhm5SBC,2413
6wdGTa5sq9T8agcTfaZEtT6NtPHGXbVNYc3jCqRmkknW,2405
C3ADv9FrhGrcjf4nwGMePcjaeb4hnvR8Qbzsh2bdHENz,2420
GDxCw9yaj8KakScfp4s9wPR5Sabmnf5CUovcW4DEjBWa,2406
7ggyFLN1EM7Muxea1r5fxMhreR9u684c6ThuvURwB3pk,2408
9wQjsM5huV5uhYvgFjAZZXG4QETeBaudRn3oPRRee3Y,2419
Dq7fvFyS7eoknXL2Lv5SG6GoEgAU6jSqNKMxkoGaPHDf,2410
6Lbo7vbLYUm8EgCGZgpJAPfiPPMxPithMzK8fjVBpsgu,2415
5J4Ksv9SKUNp3DUGPHzTLwZAkcQfYbgPAK7LKQUkzfD6,2411
4Zb9UXNfPB4pq9gyrDdEHXbSoWZdk6Bzq8HoMVtCsHZG,2412
5kdqLdnd5vbkNTTYjqX8vMah4BtPpB36ydtjVQy2K9hk,2412
FPEaL6Zic59xtZ7wrToRhRrSVFs6pYwr88UDvxTyUpo4,2408
CJcgxqQuDXvd4ymHdzkh8NkjEyrs8N97FABRR2kdwJ12,2409
CvY8MKVJjALs73yCSH96uLQFuMkxKnackpVcGzEdVGUP,2415
HwECZWA1nQKQkuUP34bSPAdoszRHeKNSpYL8MieAkxFw,2410
HPqrpYnf9jjQr3m4RjKxE2CTR8xrHN2Sbpmr8HmaqNEC,2416
8tD9voYeGE3WBwzKXQWQmiBXrbXMW79TPZXNn5CumkQa,2421
5ngshy2mgHaXmWAA6bTkAmVvPDdg1K77h2ZUkTp5gzyd,2420
8kpD1pXpQid9xb23hQmrBHA2CP359dxpTznDv9DgGcJG,2416
E6jJ7hCzRthQzXWRqU4B1fkSaPKd9bVh1vT2n9J3CxTY,2423
9wzPAd76AjuG99E5rkxAg8aoWQ6Z2rzguVMq1xmZQoEd,2421
2M4M1MWV7r1QejKLTsuwY6uF8Ycpph4M2qzA3dc2xHJK,2419
