tx_hash,latency(ms)
ZRMph7wja62jchbu4SkfznEo4LQKxeuFCaQkjFfiZoa,650
EWWYxUHwpSFfH2iNGrTmo1Y4zjzufcmL1z3KdwLfVzVM,646
4ogLLTtEmqHyVadSqsc9Dq4ic7ii4GZVUzrETn2dHTbv,646
3ySmnLef3pWtn3FmqZSzva31HQjGcSvhMrfsSUmTkqZu,647
Drv4UJ8cGC4yXtg5A92Er3DTtwNLxCfN478sCPT5FL6D,647
AKgRbzQn45H8X7WR4BmDQQVpBVqoG7Kxbwe6UUjJUa9c,647
6usoBbXtVyrqXzXqedgbeYhu537SYjzq5Lqb9eLnxuhn,646
29ZjrdPBg1B525idh38HA3m3qkeKYbDFJLfyc3i9AKuT,647
H1mey57s9URWhxQZiN12nUN6MeDTxmZU7AGhLh2catMA,650
GTAW13bkUF6BkivyYmtr6211kRnTMXerDeq8a5BVx1xh,650
EGa8EG9P4duon7G31QcA5Q94bU4TeNXkyQDdxDRuA6Ph,648
FGw2efv4ejKNFGUJBuX4J3xZ6KuC17UABaiMB6NVMDmt,649
8eW7Cz3kZpATBaENbzTiaep5pkGDrDvEk8bFqwaSi4Ur,650
9EzNXSy38XUx7PQRmaRwwes3s2LNgzE4iAR7wErkG2uH,724
9U3CUM8H46FqwYCrJyAHx3J4PP7QNpwLWo343ymNFK6p,650
4bgUKuxwjDmPjAt7yVMY3Nr4RzVWAK9dqgZ6FPdhgDGb,653
BYF2ebM3mYRK93hAyNV5tFbXL1kXaQp24DVE9fQK3yfe,727
2rXqYN2sQYbvedqwfPJsjduZHD5HB7zJgjD8DoPNDNAP,655
3vx7u4DkBTEc393ci9mmifHvh9iPseqLCRYoAdyRC3Np,667
F487GJhirek8mfyPUXa5hSUD5eSWMG8mqeec8HinLyiN,716
2yF9svqX2Fi1emscusMQFjCYxY5CYue41XPWUbEXXJxi,804
9zbFBk5SYWabqQARGLvs6tdAZUwgonYJkePDUwjqgniK,716
7Nqnba1qtLVjJyTzD3M9s3ttxanob5G4hvx5dgntKm5h,715
3Wia6joLBGAQBVr97RkWQEeVeGraRxZ2iBJXxbgs2R1h,853
5Zdjt3wtr1jy11sGY2w4M1Cbe33cg8MuW8Ps9dyiFHfJ,708
8dT3Axzy7NzWnC3p4QgbMXvVs6JrWwpYsyGsxrXj8zK5,711
GqLdzT8dtu5h3xJ1zGUjNXivkz1y8g5uz3PF8zYYznHL,853
AtsA5vUDNRDtHwytwzqgU7giGo4oN7ZsE1NcAJBNzp8V,711
G38z3B98u5NHSTXLFbBDGFBw63VFZ8wrGzBxPg2thHjk,853
AAQ8rYifFCp4uXL5GQGccdZkgAMisAoHDCxmAiTzaH5e,707
823F8FHuHHid7XEEs23ixBoNZokn3qc8fPBgaKvikrH9,707
9gUMjg7wBh4XUoLehkfV462bQNYL7s4oJQAKnged2UY1,763
AArbqeEDcETVqeFScGhpbYcubcjzaeZigLYxh6dASyxm,853
5SEdpbfMuye73xe4UAo1Wvvqkbny3EcjQgejJxHz5oG1,707
6UbjYJxm9HEbyaYWzqACWgGcoJ8FHzGgbpkhVSz2Dfth,853
9s69GVfY4cjnmLe2ZoQntj8Y6aZXZFcUbdXGmF537vSm,709
CQa3o3MQRjsrQTzPV2zBpwgpcCCV6YZjCyr9GtC4Vgss,854
GZc2zNKQdyBGrEF8znkMKHtWB3beUoNqCStLHmgEJUN9,854
GmfvgfZrv9CGZmNc45VLQNAa9j59bAmeNCyBVf2jeWba,854
8HPUBG39pqmt6bQuBwsSZQP7bV42uno2VcRXrbCSnA4S,853
7xc7RxaTFCtaXysGb6FuVYhwh38e2wVKfwJZtKRw7oPB,713
4AwdFdhx7ZZdKxw62hcQMttt3Dtvy6eGXsBRx2nHoek3,854
FptY2yX4pjnYRedSAdT7vpsENEbYojpCuZXbXESm2RsZ,706
9DFEPBSYebnkg5ZNMGfwWWbRdAQFysmaXy6XR6hAtm5y,710
5mFvgQAE6D8uvrDQC3hbFZbugVEh4ZPPepKJm766wXFo,708
92viNJMcq42pNPSScWGC3B19tswVdzmjXqRYLaphjShg,926
7KEg6ZzEmXEXPAMUtrC1SkK2eN9Vtcce4pwFUnxbDrZJ,854
5biiAVE3DatX6fKs594QpJ6YygWoBBFPFXhpw8tCqsmo,764
6AqxFZGhxX1NkB9uwjk3eaFdpZaVp6h4FtE7EGi4MKhm,845
E9ZTVG1F4YEzYhsYfy5ms7v8QWZ3ZpLxKkhzx8kAgAc2,707
A5d5s5tfpvymbgrPErktRV9LsfZVfPH5afKgKE9XJZLW,856
EuMeddezGYfHfVp66XXKVHbS3tj6M2nHNxHkChszZxHu,853
7Hwrgun3z7d4F2repYYUw9HnWFFTAox6bu66enWiAuHw,854
3EssbZYk5fV2zGfUqGgxAXzdxe5JqfSVYwLfFh2m6uio,848
3qChgGv9aNDXxuE33waL5uPF1rfJwMW38aGKeUeFBpJR,707
HNm2nn2J1FSPqZCw2uRC7RfMZm9LeodpBoSgGLK6QUSV,768
5EB6PTa3bU3nUbsB5fjgrdnCwDThFqXTh4AkLSnhXcKk,855
BzmqF8og1RcMEF5ec3YJQs9E8hQAYt5LW8RLDBnxiwzt,711
C3UNxaKq3AvK8iMBs92SWvvrSJhbz2LJKQGRN6FdE1nn,854
6AY6N9RgKkqHGwxofpxCizTEkxdFAWqrk62B7P7VAhhi,919
EgFkNBmvGHnKMvqWkYF3ZFL5fijJEwNi3Fq1dd85yJKV,861
CrpbQZzafVcjXEX6H99Nh78E7yztpDiHL4SKVt5NYpCg,856
CCwwcpgEhV59sJJD7pFCx8jEgmgMSNp4NT3yTPqx619R,918
GAJDWn5U8vE6Ht7hUyCQpeyBTd3YA939sYuhs9g63kvh,856
3ffuzTyHjeCQpYqipiZ92suDwoME9wFcQWfpUML3rBUc,859
94D1ccjQ6zjP1RtPtkcic8uv9fC5Deeo5sCH4T1jSKmR,919
B2xF7Z7kR8qmS8bvRTCuVVMWJSSLq1MZYEc85hLpq3ZA,861
A8fsyWHpCNPgzbGqvQkNwpcfqEmWNaCqrwKRwFjBPoex,929
7D8jsUHcE2NNLFQC6cM3QwSd5i7QZA3ZuyGXJ6fV5aYy,869
6yvmxTY9hAzamucCX2RPjXNKhvLNH7J1YRdq9pv5oQpW,869
9fywkPTm4kfn21VpZ52PMaCho9Vms8F4RX8w86J6uSJQ,866
EqkH22Ghd7CiCa36dWmtfb5C566edkEG4ZhUyU6xWKYe,872
8nbiR2mSTgZtzgaXgHEvbfwCVgEjkfUwP6Ke4LMeHuBQ,869
JDvXQckUvnG7KsZCvPAZheJW5M4Te6WUK1iUyJixfJ4x,875
pmbHduerfkHQpr94NPpGxxLsE9VzjpVrbk8L1c4JGEa,866
B9MW7vfu65BAvreF7sozwTxnctmvQxaTHuxK79Uis8uz,873
F2U9twtfntKrzTXMVXvJ5S5GiSZdyFtCM9fs7L5eDbuM,871
E2fGSL1HLinLjUVfe5WaLv8336wNXLaofEKmHRdZ59nF,870
BBg2aHsW4myGEV3mGtTssztZCqC126bQYtB5vToYcWMC,873
9oFQJgsXDUT3mLEnKMRJn1DqM968UNncSedkW1Gen2Cc,873
3iKrUasnA4Dwq4wg9NNJsc9RRSrPQ1BbaSt1ao1vg5wq,1283
3b8NgkRv74gKUzUjwHdrz6sBQHVd35KLuoaiiCd9MUG2,1277
FqSRce3fd9XYhs7caWhJnDq79MvNLL6meuGYKzE9hyjY,1288
GPNJCs5vs4ZKonooUFY5pQyioqZVP7swxMx95ZT2aFDW,1277
CJNn4kRo32uZqzjff26PWCumeB7muDWuqfNDd9UZGbvT,1277
6z1Pn3AMbr8e6vtaFLF7YJ6v3ZyRxyCX25JaoSssiRZd,1276
G8moarJAjekX6dMh3DVe6u8DUZcJoZHgKq6Q44MK8iDY,1294
5oYPs3hXTBGykhCGFCShve4mNjhKocErdjzKbFqio1AP,1284
BdX8uKkTmi8wywwFSF7aktTbbe2WfsBHB8147TeahsRu,1293
FoHWA87JcEig9PcsAATXDdoz4whnUfErtSyu7YczT1yR,1288
ku1MQW7TjAkGM4s6R79iccmiJwRcZipfwR6wR17nonf,1282
7Gzzg6k8a97GyMW4XZSXQ3opf4rxhTYiuUaCAiW2X1Nd,1277
DtHHk1yj2dAUGh7UtXxg4BJSc8Rz9L1mWhEGncRuyQoF,1284
HY5ij9NKJ9RvT4K3RUj2pA7PxgZcK6Xy3ZvEbCxouqgJ,1290
C6XnTjue3ypAaXXT3jHNL6v8kEsPCZPxdhkNcXEpCKM8,1284
7s6ap3YSEnhv4SpVbKPAY4bLCVKHSvtyA7D5aUoUn3rG,1277
7N8Q353D9BPH9MV83GRrn98R8MydcMRfRtsnV1NX1FNq,1292
6RZ7orJACbxWcgAsJBNfjEd9HjRNMy3nPaSu8CE38o41,1295
2K9YfZU2B2WCP11KcY5UqJ6zgPXFAR6se2Eace5oFR1u,1285
A577T2xVzW4aVnAvkfBQV29AXLzP1poihfakFyTiEeDe,1451
H1MfjWTv2ZjfP5Mh8UNMjyRzBLh4D5m4rpUQQHYX7rzL,1371
H3Vnqa7stGZ93uSfqFYwRryzTTMJthQT51V8J9GCVVUw,1383
4x1LztnN2rR26PWW3PE2n7DLz11MrU4x5V9uzQFLML51,1377
8AC6NhVm1KXFyVgRhDFn1MaksjSbZDNc796FzerQBKof,1449
EAH7fiWKVubyptHNQ7W9NovXqPnKp3jNGvRWCSkczL9y,1383
8827NvoCeYMzJCp45PidRbVdkeC8MbecnJwSkcMbXDKJ,1401
Ev48rBw6FYFLYczwqyiBc3uyW1JyE4TYGVBnaeSFEgGG,1383
FA9FcFkbqjYqKtrNXx3ZhCg41TUYbTQuaBfeWiLgQ23m,1406
3v8rR3Q3RHZBmSsELwx1pFxxmycZ3P3guuB5J4Arqin2,1400
5FsoTX8c1tRLpNxBaNPCmj4crko1YMCV7HDhZ2EPTQfU,1381
BqzQuQ7apPRXN2WHGpMopuSgR7q8jYGdGjMADQikUQm2,1384
UCesBmUJFxkqtAh9D5qPPdPKPdAVoS8ciQUXvpyZDXk,1396
X2TVJmzWojSPddH93ML2jvN7HggDu4Azr3pagxuh2qi,1375
6deQJWrBUqhgFo3VFCG1wxUQ71Eian1oQc23nQzWePjf,1396
4JPUvRmeRN3UFoQSu63fHTwr5H9kpGv8k2PtVzAT97bY,1405
C6G3XkgBEk5oyBSicQYfybL9W1xGvSQnUh2s75Lv7q6Q,1412
7EYnsenGGtkpUBi71voMnUarF9dE8c2CvdeG1sGmbunJ,1473
Gz2Pw3Jqt1yGqSSAX8E1bfVnzxBEuP7zEExBJgWTXHbP,1369
4d7EVxcnxrpPK1NPccCqMsXM2t7sTewHxnRXDRjndQXm,1394
HiK5RvE5379YAakPKxQAsR4nC7YyMgUPma1zYdTHSpSA,1469
26TcGuAJs3YQtxs47V7cNQqj3cdUEEpaLw88oiabtpsT,1475
DUbSxWYYD277zocoJJUwYoQgs4K9RxoFJYQmxqX8XWAt,1415
8q5YmXMB55FHBdrtuVMDD92Zkg1QNr8WFf3245UwPecU,1398
HYBJh3wKZj9qo8SegSFZMWemmDTqxRd8Tjg5ny7sj88T,1400
5PvtA391inGPvfYmkV8H1tow9Fzt9xA3qdjXrLwB6Fwp,1409
Hhx9cmBY6B3qufVauRxmpwb5dLECMsvz5VnRCZAdREC1,1473
8GLSjnrisQ5Dt1UaZtu5jzg7MSVKZu1F5PMJ7QfEbYj9,1474
En4tE7GyDqaVbWiZhLTCmczviiveDeS8zctfXVYVBoQQ,1401
E5heFVAdTCk8LYXkRXTpDCkyRWezzRMXSSJecvceMep7,1404
6fNX29fmNqeSzKWqKJS2kcF83iyjDEsdBWbEMZqnLit8,1575
9oi4Sur8eketaCYz6JLxMYf5zr165iXU8MqqfkaKhwxW,1624
3soxVhNHsFMdrfzGeijWpHySpSNty6ghWDNe81ygBGPJ,1569
GzzPdfKc5jCLSSy7byoyp243PZe94deGEhwGYGxjPwUg,1577
CUe1fUC6UEXFgZmS8BZ8HZLEVVaEHLG1pEA2mMGrkGgE,1574
3qYrBSGFDgtpXEpfquLSgFyUATT21xjUaVPm6H8mHs18,1560
7QsxhcMrAJLwBp4P6na2n7warrgsEPhr64s4Ge1q2VW8,1626
FnBo8KrMZP9vMPyBGVyD46swjPW71S8DnA5KMF6X5JN3,1567
2JBCZdWrfWmqnjXtp2qggi5bGGiRuhzYw4uHCwWH5WMg,1565
8RNxkfwnn9wWj1oiFhXTZazCGgkZ54M5Xjj7ubSMyo5n,1576
HrnTv4wrJR2G6V6bwshUoszMYwSznGxr9148BPxAYDk7,1549
4fbBrgDSz1eMMC3r1AcgDoRxT4GTXR5S2s9eA15oKAo2,1567
TY943LkenvjRnCFYJe9oj1uM8MWbwr8sj3D7SAesToL,1583
5HyGibf17zCAyoz7V8xxs8V19AWNNgz46zzNYX2mfrPa,1576
5U6W5Zy9VtuMgKM4PmS9YjRhH9BJU7VXmM7FqqcD13RH,1547
EwkPb22U8UDckJBg37N8nLEmS5KkCf5EjiEnMDYywaDh,1553
BkRAV4zA1yjVwM8d3w7BDupKTagWha3NFKzfN8Xv1CxZ,1552
7uM4K1Dqmtu4zALnktGvbwa4zt88chjnW2oz3Tvu3Y4h,1567
ChFoYEhUJsZ9M2U9sTefSxzYbpMK7zgzjSeF5SDx7Hzi,1550
E4PbcBnFUB7ELebwbC48H7pYCuQjrFvmMeZMyHpi64b,1626
Eu34Bo7JueJYpQw4Rc3nNhzRYn9UixQJVH5snPZ5QvVB,2386
DrPQGmLatb9TBDGwVXT7JWYFRk9tSLytchq8d8grLfhc,2384
9WUx6eTNAahr827LFCHWkgLcm53rEau6u55JYcE6a9oZ,2398
9wt1nLtQWxmqCZi6XcbiMqhSsyQNsBvRQbGoqFVYomPs,2388
rWzuGyx4xYHAsxNtrMJicaXEc6W8XPr5JkkGz3NHWAs,2393
6mTCMBjz94oKQstWZSUwErZXUktATWRJZhLVBF8eGqdK,2388
Dzmimy66x1mnm7PVrEzRVGjSp1QxYAwAKFPNnbwBtjvi,2384
J4TrgV3YLaZtKkoCmYrY8hvQyheeMnCSXhpJEvmX9GDN,2389
4at8rsBdr1NumZ814u3VfYofaDcYAC6jrWKnDD2JNkDj,2388
8RSXViMnTcdwRiABKoQEUwgRLaLc5reczFbGZ4MuEgo4,2388
8VyVtoyYYunAiovpUzBHoPCBgyPSEwiYit6dNPScTccs,2389
2ghzad12sqUvqPpNVUhTawkaazPGL5PtLAxZR6ChUjvY,2389
4Bjk1weZVgndSfuJvmp8LqAdCApEKwrZnwqjpqhaj1zM,2392
HadJXGq2b5D9NEGUZ4sY92YdK1fpsjqiwYXJ7eePswwW,2394
73MPHZE5Lpr9KjeiQdf8yGSCBHrs3j5X83RfWDgxXhLJ,2385
En7hA4JHx8vYoZAAzMw5HWPWAaUg3Hn8pWYGt1jvXqi1,2394
7rBNaMxV1Yhv3mZx84UnA996TygBupe8VYTcJEqz9JHm,2389
GQ2rJw8seefyyEu8hRwqusBLGdompFDcQL2RU4LY8Z5j,2395
FXPp9J8qFJeUHay8vohQTubw3FmUSur49pf282HExy9b,2401
5QWjkuFgHSwhFdvxcWdMraSTpQwGjrkGKoQ5i9PLMgnk,2389
5UffyVu2BrS2pMV76z91HHfRg1xNE8k2jEywB5LLX1e3,2405
2r29L5devYgUwNfsnHxapASh4rGBZsd32d72yPv3g58i,2403
HbWCJx1y2f3EoB77gvtLE6uwPtNEbVU9VrAtfNZRpSNU,2393
AF1sDN4oRi5jbsx9N8yfYbh1kSbSjF65GeAdMMvCTatD,2394
DuDKZCYzE9vggkUeoEM8njFhtd8NrikTXQbadFLBQy6R,2388
94pCRYQw384cnNaYNrgV7vhoiYkUwMUknhLUghFr72bW,2401
6jj7ALS1BDu8c1pmG6j7ECAPsxRYKdfLfymG6aZRfwhg,2393
BfhQT3yxTZrsHCj8sDKfzAsJ9xGArJnUDfxgSKFLuDDc,2389
HJEmcyKwXUCZsiBDFh2uSm8bn8ZQZp7j7VMnQPE4TyEq,2399
6qSvf1RyeMe9TFVFebbzE56Hxes7gh4UXobxXoAXNGw7,2397
GpQefFQpWt1hn1qQ5wEZtmwBf7X6QD9Fisj5F3g1S1Kr,2389
HGRbYdDHDTRvPuZTPpNCAqTge87eaKCBHQ3e1GZyCagW,2406
45xxSrUvPQxPQfhLyt7zmanb2J1NpFGERTnKACCSgeo4,2400
Yhih5cq5B75EWJDrPC6FFbRNPnqQdSTEYbq7CqkjFzk,2390
izmQ4nzWQSuKBvro6ujaW8BRqHj3uSSMDeRdTNmd9ab,2386
BgEYw6kxhk4XKAjpWoWt5W7vtagqPHgxc6F3mFJKRELD,2401
5LELWDrELQZtc9qL736AQC8bWtRWfMXAUrPvhqj1iX5h,2400
ByFUuX954io5MthXKge8huZdsQ3jFeTcmMt1mqAtE4iN,2406
DNPxyfxY8bQ3QwNnd6AUfS8Lwi8xTyL5W26jzm6fWYi,2405
85f8MK2XfWaNCX1dTEQxTPC4z1EbBihwj5X2KAF16b3J,2403
Awgp9uvXzB1dnurJ29ztZ81GQZZ96PwQJygyVwcECd9g,2400
HXQ6AtJ6nemHKXxvVQXwZDQAWdnCGYrG7ekmf6hc8oo5,2395
DnGf1t2oYN5gqC3k7q2KZ6oDXVhCPxY3kcK2YQaVn3t3,2400
FBnriYmc3gVcSUKVA6d8akCrMrkT2eupWDSCsYY7JiGh,2395
JAiv8hVt5VQUgHLi47NPkNnCHdAYrX4g2k11UgJo9mXQ,2400
iRW6DYCJea6zrTQmsMvo1LpnYrbCnefh2iARfGUUhnL,2405
8Dix47Gsh9DkMLXAJDaAJE7A1Rs7AwnTh7Tx2rL6u4nX,2395
D5hhFXUS5VZ6JiT42P8QE2aHZvBWMPdL1Nhio9hHgXrD,2402
6ERNKVpB9jCD6aGm5kdQZagascZgYZAaLkhmqUhhvdPf,2405
5D3va2yc9pcqpT2T8CkVEeDJUWBL6SNSY2ppbgspoZ8y,2402
DZ36rNUJmjbm7Czn9HNRaQago2FSzesWGNEKm3uHUyf2,2400
H9mYWqicNkV1C5k9E5QNkFm539PdZRe8APXMAZV6uHgY,2405
5TKCR65DvU8YkTFj3oRSoH812AzxfA44P72rSkmn7uMK,2395
5axRgH62BFbzATawbLsrXkAPA7aTUtC9NkLwmym6AVs9,2405
75wuGxpDFuMvUGNprh3Licgqup3JheF7qntyafMGPcuX,2396
3BDMHs6zZCrz4sAX3zik77cpzt75o5ELtAouXFjp2GiC,2394
Hxf6vGoy5YtdSZXmWZsa36msvjrfFDHExm6PyJsbRo4A,2400
7QStC6yMH2quF42jpHjQjXV9ZAAWwfjx9VUsSts5dEye,2390
Bq9B7h2jVRpq8xJGR6Mcu6hux7vTsK4xp9LXs172FU3e,2396
7FytXfvyZSrMSj4ge2naB61YefdYjpih6mv6shaTAoe9,2399
C4cMePaUyWCzdd7yeHxeYtfkuCiToKpZayJpBXQHVg4Q,2400
9E598rLUpHwkJkWD1YqRJrRErkiLygpsj9umWNH9cY8H,2394
7yGpK7G19Wkfzhsqr2eZYAFRuL1AfQdKNuoa2nJbshWf,2390
GEsFPPsfGyCBWKpPMoP5P7n6fKmGGm132Yx4HxTyavWy,2400
EUMosTC2vtVH3kx4GxCNYaRSZ8FE4pxW58ERQHoEgLV9,2405
53tmAka1Ex4Jd8PTrd14maX5XjZZJKAVYsy4KyEMCWtV,2400
4VhorjsqUr4szahPc3oT4PidT8XaLR7U53s9PjE4iMz9,2397
HGT8e3cpcWmbCJQMp5SxBApc9dCLXsNVGzMg58c7ULq7,2394
GJEgtdZsMWVhmRxg2P45MqPTzWLcw8d9tm531uk6PJ9T,2396
2SMYorYmwhuCeawwREVdeSTzhRXWKQR1NxqD4Xe7chRq,2402
DFPAkNmyHwZqeuuRBNEKpsZLsfAvJSAasope7N1zdbUJ,2407
VAjP6bKnRVS7NKEGtpVMGWLaLASy5P95m6JnKkRv4zf,2387
CS1v7uJnfFiLsvjVsPXrogUeZ3yMWtoyTcNpMvnmrkow,2387
HguwXhVcPaE55Nae5HoJwf75g4vGk6CCbyGHjzvbL5rN,2396
4oh9MXa18xtcFWuu8tDdmKAaKYCBAgi5keZXTBXUEKsp,2391
BDBe9Hp8zyh7BxE1NMtsYrp7gVFm6TQEXz1Kb63WYK1n,2401
2iX9adtLPcGZ4XhZMyRcVNoBokYWAL4psScaCmZ8JamM,2391
CdtsKPPFdWEWEUjfGKLVW19rnJnxhe4hnhtpB7myEKjJ,2399
74RRittQ2JS8LpboM4DRi7n5VnKU21T3BgR5TBNEkD8f,2406
3Cdw5J7tGZJuaLPzmHpqseac7uocxF62MVCcuD6AGDtV,2399
Evk9W5a5qHUmDjwYVqK3KZWUBQMnjRog52fyyXXo43P1,2391
7CmSbbrEVnonKQWLXvH4m47YzC1aaZPasyFUg9zJ9FgE,2406
9F5c6EHDGYTtEEA2vW6CiCqqCEJgbz3mxvU77e9UXUSF,2401
6JyznYD6MbQEQngZ29qMh35fTiUcfCbwq7eay9Q8CVAK,2399
8rYddfrRHLqzs3NkBakpCgbkReKdL9xKUzMWYWR9ihcd,2409
HUXtxz5mNgBsFoxNGXaQBUHsA91PmU3phTEBDaYaXT4b,2400
FLMgrkihDtWuy4wVe6zVWdqzVrb3jtLYZWVDu1Rv1Kx2,2407
WsfZxKqF4sAYeneA24GEP3z8dzckrwuQhDaUPLJodyA,2413
GNyTUBMWH636XV84h8o2BPfUmbLHnmLuVpTCoawJb9aL,2421
9e3XwybtvDjYBPgibgFmuV9VmHJXwP5Virtczd9HtR7Z,2419
Hc4CzBYu4vw5Eia59T7wCqbp9JSHndG3MNLhNUNeqfb2,2419
91XswpJBi7yaJUuR72uT28cciUEn1BknXXHa27k3kVjc,2423
9VthdK1881sVQcysbCj81iFwqDRC9o2DiZ1K7WUSJge3,2408
F87nywucH2gRF1RAXEvHxkgXqqXZD9Y6rc51vVgXX9dK,2409
DyYyhfatXXXbgtE4JADinhUWZMVfDdeaK6Bv7HYVtEu8,2419
2CrJSa7geXDNFA2ESUSeZUjhFEz27SQq9LdMUehJnkF4,2425
4tVRLDwXuF3m4aTHSuakacCx3wA7iSybKfmVRosgrskY,2408
FuAv6C8vr1JXhnJL2TuhdPAT6rvrqDrcmFhyyz56SwU3,2414
BV6RHvEC8rqjPqRk665339E99JhHiSsKZgnKN9EFE1gq,2421
BT8cvQkU7BBBEfAcxst8MXLYKQepjWUGK6md3GKtDzMH,2412
8nj59RtQVTCK5u4SAou8MX1v5jHvt13qf14oT47c3HFX,2416
9R3gCZdeMt5ZZYyHjEFf7QyPPyPhFTRZoDZ79kqR7TmR,2421
3VYCXTEtxarRrQ9ykuScxUGpq8X2A7ENsj39qNmfPoH3,2411
Cn15SjAuBRUwsV7dkuFurFR6gqMnqPe6p1AFLkf37rEK,2415
5RUJTgNkErVg8xoSVAzGZ2JWzienBGJxXET9vA3pceyY,2413
2urjMdjKAsHMJacrU5mpebRzZq4yCSp7jhGgJbwGpG64,2415
7VrPcSeDxhjfTp4Ueu5YtsBRBUo6dmyp6nmv34YdHJnC,2424
HqmKgXJHjFJNSNvmMCDdvTf2nGvrB8yn1CMmoqoH29Mc,2417
AH7in46qmj5jDksXrq8RdWVvQCPBtjTv2mJRt8NzD9V6,2423
6EwCHsqthAw8aP51Qi9PFubn8xSV1MYkspvVCcuDJitG,2426
AgQNwzwb7MJu8xw842Vj4RLU6tuL5XL1Vks7NuKQU9aQ,2429
4SsccD11Tb4nY9ULAQkzpqj1uKjdTH6FzeQzC4koGjiJ,2431
2uhPcstJw8dPZgzoWhYnztqNb7kvsrL7D1j3hzHKr5rh,2415
3hEFbU77frKqAJWXkxfc3U85YEocGRaY4YW4wYmCEdBt,2441
5V8sPfDa8fpMNdRCLhDEZxGXXgyQBLcrHpNJWDdXPjBc,2425
2ENNpdy4eAZZeTYopgEHJzLvkxMG2izbzYPYehhKRGGJ,2432
EidEuhCbvLFS7JUEg9YUpoq39w7xtHPgoXADqfbv6FtP,2431
6RrmHzPdfYUmfjfErGjgyvwBjt4nyQcQpSDD6MMSaXZ2,2435
4kAMkkXSYxMm3y6rvVA8UUfpY8g9FjQ8rE3ow2UX5NUp,2430
8LubDbRwAMqtqdyKdJos2ustHzqYx3Mrj7j7SzEnkMz3,2413
EmdJ7g3czkzJHvJcRsoM5bQvCUvjGRutGapbaATyaSA9,2435
3BqA2R6QK12JhmHWxmgnM7AHejLMEFriB3GEqMa4f6mz,2426
ERBvgHEMpeZrtp1uCYfRNJ5LM2ouWqFkow6jL7NmtNp7,2432
DrEQyixvnTnsvAu6bZXQaWcD8RWFySMA7R6hbC7sSw2w,2438
DUY7JwxKYW4HEc7vgzCFLYfVsFs16TUwhhqwoZcRc1hr,2426
7AHrGPDYbTsu8y57W23uo2D8yAdkR3tjKRq11P2zvuk8,2432
3tkJHz9FCqRKUribABVuQWHhqaDkbeNWahtNQVZsKLpB,2409
Hg2thWx6RLNkA3JvW9yXrVk41N8EboUcRpHKMt8qtDVe,2433
2AZpyECWQMbnsACKQB9uu2qVaxAidYxZ77TTYTiS2Bb4,2428
CByvTFE9xNSj4bpTMY4ZyVCeHSCxopAbFyg38BZz43Ve,2435
6oPes3u6ANRDszSFB74Hkj7qhGbfA14wymBy1hpJHYjb,2427
61wnzdut1JnZV6hAC8dJd5x67vDjomFkmD7LFBSkbxEK,2415
5bzPhQqwx8P3gqTpEBU2ej2roMeoGr5YZYrH6sd1gHWo,2433
BUZyDeWCEFnpCs5YfwbfNfCkvoyqdqeSNtXv5F5DEcCy,2433
CbVuHjrg6cxYHLU8wSzfhSis1v2Doufc2agHbELrrv3i,2423
1LjKrNFb1Z7FBuPHEsScrEPYDC8ChS6Kk8Y55Fg3Xwq,2433
F9Nx66SnY488VN6TAcA8rdz8aMbUtbZHiHLQH68UPFMQ,2410
6WERRnzAGDDyrdFz2fU2ocNGAMAkxAMK7s3PzPksEjzk,2414
DBMPrZ7wf1zp981rPHdYD4zNjAGdW94XAWgoXm9RmBWi,2423
Hoz9vNcLuHxsL4qcTiFxqJAKrRWAoXFw8eVx6zmXJLzU,2438
GTzujUR92jfo1y5Fdk6nizS1bdmHadsm9mYm8rS18VEw,2415
3vnjgeYYtuowUv6RVbsdaCFBxrwPUZtAKNFeyAbGWeTz,2424
4PTbPHncQsyeYCQgeuYPdAK7WMUPBSjG3L983Gcow9Mo,2441
EEqeg1avE92MJM7bVDtgioLaoBNDKAAZNtbFDSwguL26,2408
7E8rgwjpqJ7FzXd5381rjELTWLrSNcDR6WN5RPyDXDbP,2414
Df1ZSyDq2A8vZiPxWxuu9KyP3Q1AqZdemwW1zqFjXHqd,2426
9qp7vb8STvySjKojA3XPjcmoAgQGXQqVtLWkXPvcFBbW,2431
DjUJUEXrkbdUjjqTnD8o68qRhSDzz8XLMGTaDpaxPEm9,2448
AV6cn4KULnCrJobqT39VNJFyaa4mqPeitoYXBsGk7HdA,2448
2KA8CM5MLtQZ5XMqSsPmu2n3x3eEExjKtk1TiYbSCVLC,2431
6CGymuMDUDEndchfoBUDnojm9qC4gz4CjjsMCnbcekJW,2422
56Aj1rUC77muDRrFqucFLKCx1MkKDhsdj4uvnMVnYDND,2417
5BWcTfJ82x8fQbjDa1c6LvgoNa5yHDP7aZQYUiZ8tJQP,2425
6z8K6aeEAFa5Mn62JVTSp8gUc8obcH2doZu9EAovrd3A,2447
FydzLrF2GN9C4ewXZov7GsoCKeXoJtAdGt9qTX9Azq5t,2416
FeWoHtRknbXKQXvyqAmLQt5do14iKzK2NpXNmejanMhn,2426
9cjDsbSTwq9hEcvcvecaHU7dTXUCLsjcrAkBKDSXmGiu,2439
8f3mtKb3YRAFxvEtr55QrAh1Ey1rJ9AaqR6F6Ge21tAe,2445
4xTonuUR7wX7pLg1xHRnGsTT7o2ARZ9A8iFBxBr2yMbF,2431
AYyPA7T8d5wKxjMiTvJjvdu4xRvYj4suDExKA3XsVo7c,2411
BuAG4aBEtbU88YSMtjCZwVAyD1tZ5YyZjHiCthZkM1vM,2449
GbDkp3LNi2rdDTwrk2F67Bs2YseMaqkUHoNUiEsBomKb,2449
6ynMYFwCTt5D5F1FSGCSzesYMyN4L6HSfw6BqiuPjG4m,2437
Ha9UDMXLz8WtF9hPHShUSaJyUitmyTVGwFTs86BXU3UE,2419
63QvmKWGfyp9A47dcQkSZ1uyYptzGgzLSQNGfs3r34o6,2441
Fk7zZLNEDNvSv31noe8wDTjgXtE31ydtFnCjTBggRU2i,2437
DXGSJZ9H4Z5QrxY3c12bneefM6BWQaohXwmJ3cDyqikK,2444
GBvHAxW32q2fz36rWDyvsyRu3JbgbhbMrnWzFWRtnCK3,2428
81sw2Q9wZQWUSR6GjF4oDPiYug2uz3NxxScRP3ScT8Ms,2428
HZeMvkvJjXicGnctP3sLUyxvKBQJm18bca5F24QWyaeN,2424
7pVTdND954njEbPAjLqmDMKCd4HFNhktAkaVgoNR5h39,2423
7Yvw7wBSWivezrY7tWk7AVwMULSb4iqZ6wKb2XYm2JaJ,2418
ENbrbpT7dHtKTohvFxPeGqz9k7gvJ27j2bwsKkqoDDi2,2434
5i27Da6c93KgXHJheTBs8h4TzBVtUC3gGd8QBV8d29Hz,2427
EbVL75JTbPZzR2dp5vNsLPuoLgYFfrNTL3zPMdH22D4T,2423
94jqhrzhMKd3fnSmgL8BwPMBA8y5Q3Hf4FM9fDxpCcDy,2435
dULPHfNW5KJrBGr1AbqpMc4DAS5QmDkQcF6mhodnvnc,2436
8Xkiui4VJEktps3x8ebfR3fk6NWz9LRrGkZvBme9WYLx,2423
21ao4KnQS5bCFj7wZf44FXtbSNvLvahCHWBdxjfXhp9r,2439
8ez1VzC3NK3qcdkKeixbAt69g1CrX8c2C3LM91DH9Mi5,2421
J8jsN2a7Y2LuMjoXwrBCrXDjrer4HG7QUw1QLtAetHmG,2425
EVREuvZXqdAUFmbUV16D1B2immyByZrn4Wd3vfodzm6c,2422
AdnbbvPEme7Lcg7PZCDEV7it6VMXjxbpnkynipkhg4C1,2448
45toAS6qr6om37dcckUBoBoGMFeFwmjUteTBUHBnEdAV,2432
4hjAknZ1jG54mm6mbuJAv6QgiqqgnXdFwapeZjiGgxiH,2432
2ZkSVwWURNu8pwSW6aReLg9fcJP1yDr7wAZYu1KCoNDm,2428
FcXfJeaweT4kXEQZev43zm8bVXgG8wwfZh2kb4dnLe2w,2425
GtmrFqnxK79XhCeKXAgoW66pdrKrhuxyRWwpykUQ7YvS,2432
3jEYx1MLy6NZmv4Vt86myhRtozus2m5U6YnvReC6xXAJ,2422
4MSH5foWxs2qT6rFTVK4N3vGiAe3nAAednApkTPBNbsa,2432
4ypJZ1Connswo5PqtpxouiRtRyxM8kkH3CRHdZKXui3c,2426
J6LiVoctUEsTEsfEYUT9dxJu6QCTPx8CexgU3tQmUzoa,2432
A9QLqKKbpi57DSkg8aprMNXzFGcQPdE1zCKXv7MKbYuc,2425
gyyUfFfqGMrdWfAAGhjGx1kALcSmoxTNR7Mkr2PVZTB,2437
5zr4Z4ThFYDSR6J2Jm3jRgENEzPrJhrgQ8D6Fz7ipMVG,2429
Cmq134mNT97TWEnrXp1vhRbWLC5RBvd9M1VpWGoJSm4q,2424
3gE1wKGWa8mUmazj4quM8aRuvmmkZ1n7ofJVqS7dURn3,2436
HEvgwHLhuNWPVqEvRtCbKRLQgLDYJ7HXaLeJPGLy65mt,2421
D8GHjMvV9o2CkSXHtpGECsVgYtD6YGRbotc9mVWjYimH,2451
BZm7Q5CuG4TCBR3kh1DwJxJbpNQaMNQ5EFiR9jgZH2pB,2427
D4dKUxKwQGmKULDH7s8VHXhL8yt9isv8ooj99Cgz16EG,2440
45qmdMU79a5R38viU4WJaRatYmz2KtqANqdf9SuwAVnK,2431
9ewXxdCTypUuvqDFWiGbqE3gerMHcmepeSeraL8hD1VY,2423
HKyCsJ9kS6i9RsGPxDMtTTY9DawRfktX2WrzMwVU58en,2446
9VNQU1upc8Tk5JSDFUQgZwxTZtsKRvBziLUtg9DXgQP8,2423
34cTGhrzXQsy8SpXbSFrbr42bXLWYYFJs68JNv8wSbCk,2426
C3vzgg5KerEbXK3fdrCoEpjgQD4xsBdQNXpQfijZGqJY,2428
9sdFRT6r7GAk6oET6DUCUCRxHC69t6URwtLFTyfLhAMD,2433
5iNRUafkgYzygQMJAHd9LhJG2Qsf9q74THE7vBa1PK3j,2431
Ar1YJgF3UpbAnDMwCWT1eXuHs3W8MD9dJBytoFBc9R7c,2423
HEhmQZoGmVBFhxqmTwJuwZyouue4VcmbPBv5pEDrTYsW,2430
C3j2NYeyKdZZsYnY83CF6UwnCMFn9yf5onFhtqUMCXnM,2438
98iVArFL7yqewAyC6E2H7fV3SMUPRwFADV2dcaBJ3RAt,2433
HrFsm11HbKhhYiKXFM7kkFJGfjEVVviji4mrYro4Dbkp,2426
HsYoUJkuP4g56bhMiwxG4Vna7nR4wLuSGUodMrmwmYhe,2423
6D3998jewpkQBMD83rwXX61RDvvsvc3ffTGHixQj5s2,2429
EXH6Dx94qGUsFKiMnbZR5FGUdwX1TPMG9seJNXfD5DCj,2423
8Bbaeftsdxx4m3zrVV9R6ueXxgSRLysqrG7mBcdfRGt9,2429
H4nvdH6qA2zNUmjsuz7RWYfLVTMqhNBdSTvKgbuwrZVt,2427
Cas7Rk8LTgskTnWEghmhoFBvdKc3LChBWqqxscd4DZhL,2427
Bo1FAha958Tv5Ah5TKaRLZAg8AHoEHhszpZu59CWn7ow,2438
7YqXHZ4fa3uS99Lchqzuq2eXAKpoXfUh8ZL56z7M5GMd,2430
9bAmDCSTBQDkogedPXkJpe7bdKHdv8tNrjQ2QqmLyfMN,2428
4ePsWhKEzKGsD82rxgUm82SJQZiqT3A1dZKcbYUvy7Lv,2430
78xq57Uphwjzxb6bLRyfN52Fz1tEBYhREiuptXdTmfRn,2429
ELBy2EqcutoQoWkUPGaWuPkCfS4fa68Bz8hsz7hr7qid,2424
3iUn6gb7n5mrhGsa4gpcZJXPDxouTuRUuHFKFxbzWjnC,2434
9h3XUxJAnHYNE8ps8e5pGxfUHNwJeoz8mzYir6aCPt4Y,2461
DmMNHeqCvVkS8yGmn6M7zWvissDKVAPMaAmp4x22rc7W,2463
5R6W2zFZ1eEomqkTbdonknPYhHKwrKkgFgKy4GeEetsw,2465
2JZYihpYWEiQxDkNet6HA2cLneqNezLdkRZsbCs9HAZi,2496
BLyoVXXfQKyXCimNyBbqqJLBfhpq8LXoWwdVmKDEM4eG,2465
DRcBzcYkubxiqZ8CyaqAKB53W9rADVxgGJmgkBFCA3cS,2453
8ppo6uQUVgBWrsPP9Z12ZTUh4DoaYoS4MC18q6JEMjNb,2465
2NW8eY9tsSFnqnGzapqDNPjnxkJwmySLKLF9iVL77RoB,2500
B8FqYCnrGbELBKxV9sBDr2Li9XDMthsK1iVqPmWFBkqR,2460
EEKdki7gA1S3bMm6Uk32DjpKvk9jZ8ToqUw6N9SCZ6Jc,2465
5Sii9vzVNFVcS2AcRHjpSRbTNoqCQDZ46KkFDHpd7SDN,2465
4ojWPTDGJfere6yxN2hnWAhLPRHAEDARiEnGKYeV5VJM,2501
12sMyU1SbMPGQ1Pdrq6UHg19yCiwKwmecwJViEavkJhZ,2465
8S7aD2a3Wz1M2LQoFsao8fuzzs3QcTLVkcH81iykD3Fw,2465
C8shm3VCXLwLAJ6jmAgD6BsiQYnkvPCDK936DFeY3TPK,2503
3Kx6kfnYuEdd5MsNiJ6bka6oxesYBNeGj2S1vG3E1ckg,2507
J6XJKwnsSFJfYBrcTpDx6c4fGAEUZ5rNrNswAM8gsJWq,2448
3bNcEE73jhqQQ7TUsee9rcdBwmnVieiqFCjW2d4JGoJE,2461
Chd6uWbG3T76AvaAAfSXttAgt3FUjZfqQLh8tMjt982u,2466
FszVccbxjhc1BPi9jJwy4mYKAKDGMEY2hHxkr6v16yNV,2461
43GDxBCmKiRM3yDwc2ozAE5qbmB6uzwrvXJhpDuTmReK,2466
2yjUX3acT4TUQ6nyUZdXHod2JxjKVVeaWGj46gNXgmb5,2500
8W3MXw67D71LeVVPEzcFmbAWN9eXSjy3L3yKAcXKNwiC,2466
AG7hyuD193fuqcejhysqN8ku2op93SgiRFo1U9znQtFC,2506
7qf4eTMhGy1gquBjFvZVhPuWtyagaRYDiZdDMXxcAzhK,2448
7pky6HquUnaG8BhiExT3wtj86seoT5LB9b6cELQ9MJxP,2463
3Z7zr9PxcHMJHU3RJAQnmtkPpE5gWpzu1WJrYrL14SsS,2467
7HwrvTBxyy38wYb4RjLyXyctNEqKF3cTzQ71dLkDVjdF,2468
D9BX6fUXxENEZsugHdZUKrYpSFnEge4sTsrynTXiP8Gw,2461
3PcmBJVFCsCdjX5CcCLp5bzj1rcw61TyrLbND2YPZ4uH,2501
Gg2TkdePqNzM1t5dLYDPvGYMMHvMxvpupyy7odUAXJa7,2467
D9rvx2QUgpj3kfPi82iGB8akE28U1HBX5RM3GeqAe7cs,2447
97u6Gstqiy2BoiwQNjWrLsTzpBKQPURhfPPnKWkVKuhx,2461
HmF42EnaMC9BoJfQZxAsHEuJafU28BhXzmAhbMSQFeyq,2466
6Vf7jaFc72ikhoVYxAq2kSTJaguwXA1pMyFyDBz6Thqp,2467
F5dU6wq4WGGYYcC7AbGE6wsUGVc5Z1pTHfLr7FXaePr7,2467
DmRDSs3v5mYtHK8rgJeXtGKHUcBRVzikaKvBdarzkdz5,2467
7mjVU4mpvNHXW5NzrxnKekgGzFeYBVaKAFzvqTwKEA8Z,2467
4HBjnK5BedAfYciYbtQEF4TTzSx6e2tPkrKCu5Ni4g2W,2467
7ehfjXWE2AG2j49PfagpnJ5LU2yMHp89g3gmrsPxF67q,2468
3v7T5Bdkb38TMpuNKPqTBtoEfokijDE9f7NuQkyL6hMB,2461
AV7BvpumMpfrwThqQxrxqFUDytTfKqTNfYPnJdyFoZV5,2467
4CMy4cPy9ZrZmDTMZFWUKfJvvUFEa1P86MdkW2Vornwo,2460
DZ9jLKDp1EqaHiCHqpN2DJF87MfvvHpWf8wfCBtQJVZ6,2496
AiYNZaZbBAPaQPjRdXGa2yXdYfAgJL8nwx4vjhQKamjS,2467
HsVSCZBhwyjrj8NTvyaRqbaNQjjBatj6vnG9cFayUefj,2467
GsHobZKSRXrZRroKEchDrVAVpJMBrF5FBbumdgTfN7Gr,2465
51F4uXRCWtBr6s8Xvo65HvVACwuN4sse5xFdThwQWRur,2457
H6fN8sJn81o3Rmnr1CTLzTD9csSoYhTBT9u71REYhuAY,2467
3sBUmgoKtx1CQ1NgYgmyaSp5ZbhVfDHCmvAzSMVETuRf,2505
2dhPi2b8J6dhPcCPYJd66Ntnu9nA2PxoiLd5zY4STQqQ,2468
D4MzhAznmiqKaUHbiH53LqpvCPqxHvnCV5N7yu3ag9Zb,2468
FWU6zTRAfxaJnGu82wLA5L2xmtFJFJ1B8HRhrSqQh8qe,2454
2B1HqjrdvXm8xrRL231K9ZwhoW5Y48xEvqw8A9wujCR1,2454
5n5MgfXAJE4ScgFsr4XFRLCTovTNzvoAP8o6rSfqS64D,2458
5nmmY4u87KAnRKAGCdcGkEiH9JkP6jsqFXBMkYxvnaXA,2451
EiEhFgxRvo643qZDkBfBpSgjLAeZpM3sj9LBQ1Gsxk8k,2465
Bq6ugn8eHHtq6PUAR8MdTfEdGw6nKsskVHEm2Dt3Zox9,2468
6b2RpFbYxq44KC84ruCp7s9jKfqh5iZ9BHK9cfFhAraE,2468
EYTyYkKoM8nZ9Yc5jtQD6pSnRwYbP6dA6xCdYo91xV3p,2468
FacsUwK5xMmUjTb4vRCoxGJv8Bqf1cE5CWQs7au7TqT4,2468
rMCW2HyQezLYkKDjF4fYq2DCk71R8KvtCsjBZbtM2ME,2499
BUY5tFeQ8K4j184dEjrRJ6hgd9Kq4fhE3fCN4pBYEUac,2465
Uv5PzG7jvuRn9Xhh38XB42oFDxJs73TjuiZrJ8nBuL3,2465
DDGTsijdsiT37cWudAr5Czn2GM4njwtWvZB1vMTHLMCJ,2468
CtKUDqBRoSHd8Kv7QyUFcKjfJAKq2uvcddVZPs6SrGzE,2466
CwFtw533Uz4qJuFo9wGcGgeWCEb2NWiuVPerigdgdfy1,2469
4yv5VE26o5KAQYNaxAhnxJrdrySSZBdKBAxCNrRcpjdC,2466
7cnvCtQWpXdY1dTQqJUjt5g2cmDMYofVf96ZS5Ydn6z9,2469
3cLt4GPVQtBkuTU2Be2NHRpkDvxi7eYAHoepgioF8qKm,2469
J7kP84V6JDsJMcLvuxRzdspQK6UcqbdnjYBdDyYd3juk,2470
CDwnurHvJh5QGWUXQuUGoZDji7dZLPHjPW6mGboLLpVS,2464
DY4CqachE4cyGkcWKqb3YZKjXHMHsmawMDrPtTp2VrP1,2469
Ah8SV8WmBkhr2msnJa65oNMLVEqpVRk6EMNW7UQ1joWb,2470
ABqrA5SqcZKBFZXyvoUq57jGXceEkHmtLi9VJbrpFNCX,2501
3ojqzUgX5YTrCq8acMgnts4HessuSLXFma81BsGGTe5r,2470
3d2c1Mx8LqVzJPFNpXx9PAKXUJtNhqnfVVoPx5C1J99N,2468
2kTVtS6PAKCmb9vPn2e1PRuMW8vHyNnzUXgagVr4rohg,2471
DznUJSz2e4R9z36X3DJM3GfK2iBbxMok66dXEKTE3Abw,2450
HiD8u6XDjjr8hGvyn1AjE3mBZ1e4UEEV5Z1jsiPMFiG5,2470
39MTBKsoMe5oqVEvXwx27drNty7Zx6JMxL3sCv5jr5ik,2471
7SHZaP5Xseu16bQFGDdT3ks7mnZsnvpyvvJ7G9rzUFvt,2457
EdHG5yXkngN9dY8fN2uuW5BJPrjdEupoSd8CSDzwKME5,2471
J1MfxhL3ueAwjQAgJSQZ2gan7ctfsRgtJf96GJ5926GA,2470
DYgtpTjXjxfCDvRxfTa3AHZuiQPmyvVquWDum9MvS7ht,2471
mJvhTtRkiSyCRWGjy6m9VP7zWWmbrDrJw1h85JewPzu,2500
C6xAstM1YXwj74BrKNufie3FnditnW6hTMi1vnswPvPt,2471
FnSKXCA7aSqskhxwYNaiNwk7dSFi2FgRGM1KZzSMQjkt,2453
7rSCYn4WJxda2eaQU2VfXm9dnviXvjPgWfdS3U5Nf2Kj,2471
GaY9qS5cff85ZksRyEa2DVR9xbfk5d4Z75EynWXypBgG,2471
CE1cSKQn3QdXdMuPD3nvdY42HUW8h28YadQRz9Lw4TKX,2472
cK5kZg7E5AfEtmikyY9A7XbtWAjte9hCQ8B8TMocZsQ,2471
ACqxgxgUSAXJUcJCkb5jFoqzVktw8FXRQmSe4uNB7QAT,2472
3Q4D4xRa4iwnjB6AwYf9nD68Tswjf9w1inw3FL3CBiJ3,2468
13rXQSRhgTGhHaUj2J7oH8ccpcjBVuTyXim8zon3kTcX,2503
BFfzXFc7hFgVrs741wbvCGbrB4Q6mDeAjHfbcNWUQhmk,2472
3iuZQUpRCb3yR1BPLw1yKPZr5NqG8Rf3aoSYBjHV6YHB,2472
GVs5FxYXNmXDQdAJ6xjD5btkxdzUov7Syr8FKeNfDv7y,2466
9jECVCuu1jJi8FkJh26WpcegbcMpMktKmRUeXYG4FeLi,2472
DyLAr55SBsP6FvZqubeU8SCMhbS25m2MdFc2SuJNFpBS,2503
Hg7WE5H7nV9Q9X5ZwEpr47RuySrN2ucMwooq9dknBSFD,2465
5imnvDpUaenkJ2Rj9vH94sAxLVCeWKUcp7YZ9KbNMJjm,2468
AWQd5gmXy78ofBqmcjFRD9S8w5iLeQirafbJC8qS9QdT,2473
AXQTJVM8NL6UCX77rR1FGinTsqzuTEjrMifwSkxaU4ZP,2473
8geqdAc9WMkoeJThVdZUqoZPoW9tTYNvVamrBfUBMagi,2510
GULxf1cBv7ezSy1JhuHu9rGsxs1oqTuu7JfEoMxuSABi,2473
FtQE2rnsCkvJw9iLS6bQsoJTAKWTd72KiqRLRnbRTZoz,2474
7BihZbFc9BdrFaTcLHXXT1P3UZxwAEb2PcmxLCx8f9g3,2463
9kBJCqGjys1TSeo8JcJQsmBUj8eKkeRVDXdTAZxTv2QG,2467
79kBFJRSethqwXN6HQBumPuxeQU5fjhWVvCp7HyEVWiH,2502
57cf8vxu3mXdR7aVxpSJUvxZ8R6qbWmkXX776AGSHdkd,2455
DEHKahsVDmj8wHC1MxdVydvg6hq97r2cY4rsMcpaiL8k,2466
HZTScHWYnuwwB3c6LfsSkMSPgpF1EdBNetW2XtHRFrfN,2456
9Gz8unx1W224a7YEJ3kv9AGGSqFSwM4yQMB9V4jXMq6A,2473
3kTkgjKFWNuFJSLEB7xsMcNxhYyKX5JeJjjJa54Jfv9S,2462
HiobUhCzLeLMBBALUgFu96qKwELrzLrxZqmWUFM5pK8T,2475
8Gwk7zur5q2oGs9E4aPtsgX2dNNsBYNBnAFAo1QVxH3q,2474
BKSkMy3ayVsT7eAvmQFQ1Qg1UT83ZWLTE8DT9xGepreM,2454
EWdt62yD3VeVXDsrZYrF3kTh1bBxib1zfGrQvKzq5wYc,2472
576jbJpT1FhyYQhDLa4n9BjkbaeYmydi4cJ3onUjTeC6,2474
3Jc34JzkjQB9AcgkSvfF2TyePF8rZqTdkPBxXaMcspGZ,2474
GRrKGxAa3KbyocrCrhHpGjq9AxVyoUCTAtWz2YHADbP3,2504
JC7FgKGv9oHF5gUhCJfLDBuyHMxtceWbzxaX6QuJqBia,2474
y86J4znCTXdgzmw67xy2y2HnNFojYZZSaKAm7uTGsh2,2475
HR47jgsWSsQXgQcsDEasfJZYNHpAcQPnCYedUbeM77qE,2461
7JoSNZXUvg7g9RiWMx97YfvKMYwwB1dEuyJxPRKygDEL,2475
AtrjtcPFNd8WcvfMfQrudJp5Kiix5cFuGYAo8DkZebcv,2474
3c1CEXyugaW3QRAbnwHKdFfZuPKkDTZspTsYe15Ywe6D,2474
3yhFo3RQkbCa4qdNmrWwiKq3zC33XKvENTuMNqFiQH9K,2458
3Pab2nZ8w2k6m2pA2FzEkfg9LNgAG2oGv2PvLYr8WJqw,2476
BxTsCZc6Z9K97J5JqiAuum97CjDSZPpNLyNxyB44fs3G,2475
9926dCzJfKC4T8CYM3RZuW2LHsC34DuWAPrtHHX86xdz,2475
7MMAAc2i5Bo29ov6S66iqUiBJ17hDJsp4KY8VMfbHttu,2475
FEqWaUk241rmkXxSLrdmTDiV5NAkKb2wk4i3189b5P9J,2475
G46buuK6kyuF9Jw8TcX5cCyDFdjnja5aWYmH3br3zDti,2455
C6YQ4qbw8GZsQsbtFXzJHs7g9DsyVALUDjnMD4nPujBL,2475
3nZy96aqFfLor553VTnAkMjnyL73X2ZgBhYPZJk7TxhU,2465
E2nRdssY45fUK4RXjzFbyJ8nwwcgZcZxWyVtHxd5MYDv,2475
4jBNfTjSaVvqckPeDQ6cV79UfHLy8pvQb4Tmo65RzRuf,2462
4bhj3GBYB66zNfVbmhqnb3bysg813gSUpPKjJmTaEdUU,2475
2tiJ3T5UGY1k7b2GT5tiu9csH8FFTE4oHuKzPGDBdFFd,2476
5CxFUn7267F5pYLWrU8U3fXrK5EoSsjohJAA1dVksjcq,2464
EGXstfjnQr6j6GneK4tmJ6H7UYy44nguKUsGV16yAWSS,2473
7pkgjoXfxBz12FcDS3Ez2j4LzBAzdUdR5zBwe1z4bMqQ,2475
7HjhTKuQ3b2NQdgZ76gjsnPuxejSBW1CzYTnhd9DQFN8,2475
GJAkuJFmsaHmvVi5uNUG3XidzgBGjHvq76cqNhbAzJzy,2507
H3Sk4QH8igG5rtwaAAGffdp7WPQQaGAHhtTZuRXxyFHj,2476
8fYEMWq8Sp4MopLe65zEVazgYwVcLEkNZejLL6GgqLg,2475
3L5qKzcmGY1QCeTy7hpfBAY7MVkQiYNqtEqZFmMY7td1,2463
FredgNBGi9U8dMD1SDsGeGtSMMNJtwHdAmWLKp8Z1395,2465
BMwkoXjunfNfh1FjNWurVNxeEUpaLd96RCKk2kUP2Dwv,2510
8psp6QFfUPvsxaULAZR8CD5rLgEcHUANhmJvZco5hTmF,2466
9p1xSxckZy3Qb3pbEFNHsVwX6DKGYJMPNSxMZn7Gpzfh,2475
34ebadbn4jZd9pBhtqU7xyv89gQhN49DszQP3ueJLYD8,2471
BGEMxyQC7bTuEBqvzQsPTaXUJqJVa3oR19gyaPc4t8uJ,2517
Dm7nqFD9jGLg2qzRJSyZ9rgXBRvH146JzCyr4S1vFgtt,2475
4KypXnBhty5rKpMH3z287XzbCHs19nioNthiZfkrcLpx,2466
3DQjjkRbTKAZwq8fENfrxoY7cyDyNHPkHk4hc7xFUvkY,2476
B8g4ZDbMxSynzPMGj2vc9GUjS9CGnNrA4Ny1vUSmy7gH,2463
B1kfRW2fsoQ4u8m6qkD4HRRqbXqCgnfCNXpmegtcb1J9,2476
DF9C332Edftr55T53mqvnN2DBt6ewFucmS65dz28rxgV,2477
5tE6wXQjFNkoxRD1Aqa8Wkgqi2kgA36cuDvkT3MXDNod,2476
FZYSzbjRHBjnS5Dbf8ME7ZHzV1oF7H9LRT3J4MDsGD1E,2476
7NjEb8AqKRjrz7Ly1imLwSDieRgFRz8xoVazVQQMHTA5,2471
3Z7o9jtps5pqrpGWDS5V31WEiWJiqoiFRseEv2C6qNuY,2475
7fut5RuFKjgeQByoTTcJKB9H3PFhixaVk3nN1RiQYteY,2476
H7TA4hrEL72RhSJs9g8ka3uYWJdyqW4dSotwd1cqmt5s,2476
3s21KRaaYkRT7HfyhuYgtF4N1YK99fhADDyEos7ikEpo,2457
6k5JqY75rVLGeaMJ8KnJMZ4uWMWVYtidW6W7RJF9gpSN,2506
He7wscj3kArQekrB5TfTgkCmvhhfgq2BVR36qfwY7ifp,2476
C9VHVY4NXWLShkbhLT9ybcyrjb9VCF1bJRcVpQGpCRL8,2476
HaiFogmsq6XvxwBH47sGiFxbWMRZv5nHjjbry1ozRNpc,2477
AXaUA941bwNdJsMpMWkvkeC1pEGjbgVS196wtxh1im3D,2476
AmfEPqyJj588B9WCQsS1QMU5pEsWAu61yfKLMwBMggNS,2477
1NfvtXgCTgtVk6perPBViQ5zextqFQa19FGUfwRuRJD,2506
G2AvnyRk2B7oUwDDhSTQXEW4qLCZpKoj1yHhJ7t3uEqz,2476
735Lt2ydNxARMea1FmZAYTvsfVfaLRcA5nskMqj8NJF3,2477
BAjH1bK7qF3uMyeVh8FX6gr32nzvaUoR7XC3zgbPqGoT,2477
6mZxCHE1kheyKcByQgi7dFMsH5oVa5342Ra9BEXrBU8E,2477
6YrpqBXnekXBAGpjAtFx2AMDW2feXT3JnxELE6fYQewN,2459
2twTtKmXaDRyvhgZjQnGR21sgoyeexM9eHx75ZMjNfuD,2459
E3mqvxwdsZoH78E38qs6vkmnVxZxgSBAc1ATfFRTzNVR,2477
CHQyMz3k7EdkLoVpsDpykNzPcnPCN588koxaZQQAVPEK,2468
4BYJeFq1MCDn73YS3ikbr7MzukCNwjcRi3fj2wKkW28Y,2508
5MjqTmfjtoKFKTrfGkTqoDo62LvhXqsy4G6j4iR4NCba,2508
7MutgbUQER2cCjiqwRLGALCi1dVA2PReenNqz5Xc7R7J,2477
8ex7jG7WgJHsNeyDL3MH4NacEnBwXhvVDN9MVkNAvPYN,2477
54UcvtCXXM9zLWyc5vvvZMybA7v5fYJMga8ipNijCk4m,2471
Ac3SHUHrPSGeRdKtzq5wT9eimMESBMybDP2apeBDRibg,2469
5UJA1vwrJLSQDKY3n89jfX4hXrxrrvKLpmyYimzq4ytR,2475
5SQ7VumQjjFh9qEZZccK9g64GwHmsfPzCveb8PJfEPgT,2477
83mxXHxcT6zWEnaEt3v4GqZfYb4hg1aKWQdh1zHi3Sfw,2476
CsFX3LXrxgKCcVekKASMy6RCN6VHy13Joahtzp2xhmdJ,2477
DmRig4ToxsueQF3bpGExcWEUZFxDGmNwL3BhGwqMJ3p6,2477
GMA1qM4T9Aqxvq24QXkYi5jX5yqH51oAkfQvaUWwaVnM,2465
FGFu5cx3gPJ69zuQi63dWtR4wzgA81wDTucvMFML7JxW,2475
Ac4EGkcx3XM6aVjKsDeUjEu9Cnm2R8ynnA6aoABue9cu,2468
HjEptAcd51fEA7bT9STg3742BvALpU6WBmCmqt5TK6DW,2477
B7y89YTDM3FArE1aqv3YhhLjASjzeXyEbW2oa874biV4,2465
9qpsPRTcfXPTUFxyTiPdi2DWvXcFr4mRoouFcRcJAicm,2460
9S7qp4XavbCPh5Kjc8dA6eayhM2LNNwsHdrz1FyC3uYt,2470
HKbQeo3r9HqGCCJWoMpRWXjAbx61j6EGam1HDufsjLVc,2475
CWL8MPLWBJbJci3ppXPkoM3LFJ4Bxv9ASUgqwgAaSV9L,2478
4ykEWb8xweHUj9dBxbRwPiukL9sMxHDeCqRnhfT2g3BK,2477
HTEhmJu49M8bzL44psoGxjBXxohVuyRruZtzYVynucYy,2478
7oMGa8p73Q3ziuYaNoBzC6oZHJHZRDVBHgFBxaJUAtZr,2465
6Puw7fTgAHvpyMYPCov8JBLSzPtL25H4vfMKMt64wpGx,2459
3c3hJkXTAYbdBKzDcQ41hkM54jvb8EqPtLMatQsHiU11,2477
CxD9ttKfibqgidHZbsFwH2oQJsYsJqX43dqQBh9ysqek,2478
AGq6UHx1qfLew6Gc3447qAK5hJXg9wpQ8v6DPoxLa347,2457
DCpdXdtKf3S14yd2xg143xNEEMMCPh7ty7Dr6DdZNdnL,2458
8SKwKKawqE6Q4bvgargs3Z2JMuS1hcvnRPMTYs4dU7RB,2478
CTPeX2p5Cua9xnbCAsN8fNB3skV7Cs5Dgk8gL3DYENHi,2477
BgmfiVdoXV5FCsYLGJhFZUhEu4QoZ34T5L9L2WBgriRU,2509
AakoanBgKyXZ9KREw6iTDGsh9XsWaM33JUs6H8Rf2nqS,2464
39BaSV9CzUeyRQJ1MwpHTqAwBYPSW52VuTEH6c4NJnyQ,2478
HADLEHNg2ozfK6ifZjkcWSz7R2FbgARkkjb8fACWKrQo,2466
9skX1XEbJ6nnW67s39uVjQ9m7NtvPjT2GkHYWt7CywPZ,2466
3okYpNHiYVVJhxpB9GBo6tRhcA3sqdiDv87Gy5sFJn8H,2478
4LFQ1UidW6cQqHjkwYwiESnzt2JDdC1Bvw4zi6VquxY7,2478
35h1LJm6X2ZgDRf7rCx4BGxFfiF3uCPGdjWvrng6SviJ,2477
qJrphVnn9339g5EHUGcgMNVERspFhdB7dYjSPeDU2yG,2478
EhVk2oxgnu2M7Y2rDPeeXQVbBPPB5pMoBSFR6ZKmkWsv,2478
9AdkW5Jf3RArmkuHzTLbySbie44pZiq4WxFsoponbNv5,2478
9jXH7uWprAVca4XKA5qYdjYnvVDxTDsppow6f9PjyfgF,2511
8oCcH3Y33E8VfoXWrfWB2LvguZW8489VfLWU2h5wNiCi,2469
DVjBdGJFSki6qKCHwWssLnprGv2D6tKCaW2TqZ4njSAH,2508
F9ptiupyMf3uPbU2kqkHQnnnQNnUp6s6npzkiJdW25ng,2480
Bk4nkZRvKdrAzkb7VUrDyaLTMp3JtTtUzEtALDYVVsrp,2462
7Di96aU7sVAPNasL7Ro9ZWM33syy1a6uR9WK3h4dSGxg,2475
NfofZFaT2oXDLhubWeU4PhacEaHLeGXPNgJ5zdR8ZBf,2480
8QTs1vAXGPLhrXdh85yPDzqzkLshTyeUHwxi7nbuuRNF,2473
AW1BskiDoTa6YMALEZG2ETSygn6ZZLQ7EpUm92s4kxLZ,2462
6jjVqaKrdGZptmjpGETVt78ms1svK1G5ZmHHESnwWw4E,2477
5ivEfnkQyyC68YZvbjbSSGGAF2tFtedNYztFM5xGdTSh,2479
8dpApx2mWupZZF2rRoXdZaR8wvNx2R7yMnqtMipJ5kEL,2479
6hdBEHMZgFCCfWi93ygDeG97YaKFR7H7Z2Xohj4H9duy,2511
3CJXMTjaRB44Kp6yZAYTkfEBcszw5YBRg93X5jJdvwZn,2480
xN4nSssdcBVUrmxU8kjDuqZhPPmjaqwcPhQXsorkXs9,2465
jwVQX8HJz8VErxvcBoJqgWEuz7zJY34Lafssozz5yFo,2480
8qSD8s1VzBLifBMBu2THd6ZJ8LEjLhDSpQtKcursZqbb,2511
Fkp3uNLagtt5PfHfwwNrq1yuQZuhHQWWEMJCh5vvAV22,2470
4p5j9vByR6jCgSj9eyXvgi7FtNX26ZA67m5i5ELN1xLH,2480
ELEWJ4ndi5PeWuCgWbHZX3gEgiqoPhfDd8YKvhnyZo1w,2480
3ASmwDBqM6r6TvpndYcHTqVJEVUjCnymFjgBLUSmwLF9,2471
DzbSAuwkcrtmw7xZZrv52EE6KtxnKXmqo7M5xdgmr391,2480
G138zNzKKBhF9BkMJUfGqW8NTLWupPEHxx9h8qxVBER8,2480
4shjiPTgGWF4RFtRQDyxtbbcc63NE1XVuXbE5DWYYB5e,2481
6nY4hvvfHn2WoDFbNdSRFQZCRbTq2kVPw1jfxtRDUGXA,2470
ePay3ZKzhefsJ3APDSk6nvktfKCz7sDGUwhe7xpvGZ7,2480
3JD2Z44TENTzXuSFPpkrv758AReooyg3npqUT7ixVqXS,2480
2xGzAopSw57yScdAoiuhxdJ8ZAqtHw5Rkp5tzDy1Kky1,2481
CtxHkR4HMqa2Z8zgKx18scaZarHPPkDA9fhbTTuZKEMx,2464
9hrjWK8AySn2X38mQJ87DfvQRpqcuxG9KzAiCrR9TV8w,2481
8sNLcD6enDb23E37Zzk3paa56LPacSCeX1Q2zzTdFaLs,2470
95txn1Kxpg2YBLuBxp1f4gbawsPE9zDH6oAE4ptVQgsp,2469
2sbGwkyVp3nhGZyqeS5p6H8mbYvUHG3WgzhayE5krsAc,2479
FVvzux8GM1JjgcmQMoyReWCMZFXr4Gr9gRxKBGULiezU,2467
G673YVYTJ9XB9tJp7DzL5nB8QxLUiJ51gGdyj61JEEPu,2468
6BT5hiHnSav6qvtB5QrdvAiFoxfM1S36BNfXkSrTggR3,2475
ENK4Ws1KY1A3cSkr6NWR2DTsZrrHmynq72yWC5NaeiWG,2479
5NnuGAGXmyDX1cx5RvxVdbEb7nQc191LGQqU8DDaXCci,2473
AfGfnUWmKuhKnfCqYLn722viTCMeSJ13HgojQ3fg5HdC,2485
E5zfAdP6w2t4mn5m2oxkiMBVUjdbxpFfTNG3UwauYbwH,2486
2jNeFaCN5CDdHGhP95mLgNqHhkoMakFgZQiE7y29bc6s,2488
34bnsCqKBDWaaLb9muxyJ4kHdqc7bqzarN3zE1npiSRh,2484
2tTVbKmCCtY4SU7Mq485Mccfy95N53BN5ZKh2JQqjxNF,2527
4YMSup2F6xPpZcNtrymEnvv7u4LLyHLhQcp4ahmH3J4N,2449
5LzR4unEgM67qEGap9LmEZUJ1LxJPVHqgsDrmCACpXVK,2520
E3bjgmVskdKEw1VvE2F7WBKjE6NSeN34xMqQ164yz1wb,2449
H8RLzsLKfY8nMaay9GUWEAjeZVZPnap1vPG6NraTa9hM,2449
CtFdAFWs8NSh3aSMp4Ta8sz1vSyRRW9axvWJTtQh5Fu5,2523
CVafVrSGMWqrKvgrfUeaXWco6nKZbvTPV51ssux8DTwj,2520
6XgdS4yAHjzp3voGraN8FvYjReVxjKVizXFskvofThRv,2520
99K3XCe5oq5Hs5EPNaeqpT2FuC3hhXgNCe1m2CMuwQg5,2450
CTJn7HiRMRxAnDDGW8GyHenpftCdUvxgjZtCg2CeRgVa,2450
8G5z2YpBqVK4LRgaMHJ7jLLNa76Hn5i5hdHiSRhNGHWX,2453
8CPzDZMvdo9jo5qnARbSpb9E7XuUqjxzQKBA6wL23u1B,2521
3U7kGUJogfqiyRovXwA6KLAFC8F5K1pfTGwSte7Kyt52,2454
4eQuGJWcEoCtsLPHyazuhUjLPZtzgVfAdjSm3u4xqByy,2453
ASyqGrbtiU4akQ26BRLnMYN2DPnSzJkgQgNUAEp4Zfb9,2454
BsSczp3csfNkNZFFv4megoVrGNm7hGnzKaDxGdiioSJe,2455
9zfg2gBd7TEMschy6QnETNvTNy9axgYdEp186Jf5fnY5,2455
4p4C4eVNfSnrDnG48jGjrVtyo6z6zEJZb3M2RrGRxUcb,2455
5fTy2QBMxAXczKZnEG6w4b5vLFsHVWd21xUQd7KbNdFz,2525
9y8A32SUS1abhhkryV9tjZGUy6M2Svro7YJxC5dVTvxu,2456
2mJ91DpDMRfL9fCPjrGCkrwN6sXxyAeo7h9Ez7x2y4MZ,2456
FQWhBsj1Q1nyTS3DVin1pKnXe3myiR6pHaYQviSoXXvY,2457
9dJGADf2i4BKCs8S5BWWYmykq4WuWPB5iPE8HQmAekGC,2471
5uo5NC1Q5Hx64PDwGw7d7nQYSZyMqG1pZoPb2JFgc6KW,2477
F5GCjAdKGihy9QPNxeAKY9mFjrB8a2oUpy5UXg8hLH5W,2491
4JZXoNUWmKeh6Do11EUtGGxcBzWJZkGsQLWHbuJtkFHz,2492
6EC1JLdGKab8Az5BXBwwi8PYznTMiK6jFoX87uao9yXe,2494
EXBdEBKokWCjke1eNMED9kEdhbL2NgZbs22ThJM9xT6Z,2564
4XXb1jm476Myq7Sr1Hk7zbV6ZiJuAxBKtUow15nr69pd,2568
CyptWCCLiy5N8KJab5BqU43jqmzpWKZBqSRCb1KixKQu,2569
EBgrL1nacSKMjUpjJG9bTv3VVdqMdNFnaG39CYEoeMFY,2502
FzxM7pE49S6SmKdvBepGi21tyT6MwzzTLHEUET9ZWynG,2517
3CwNsW6vWANvwtfdJS75u47JiqtHg58sAAykVuVXrYRx,2517
DjzonxBE3mEuBCK69XUByqBeqLjEzud6Vob4WxhuRjiK,2519
BT4ztLwYaTxgq8PLWLPsoZeFaKXg1Fkq54T1KYoq5Bn2,2595
D5njRVyXhiJHvwgvuU4AQf9xeGri2MZGcUfvsA5wrERu,2528
3n16p1d4nY8SGHqakvfMZ7VZhsRLnyA13MsnMmCmLULa,2542
6XbsDb65wtroTQKsPV1Qt7sBeCQ5yJAnAKU3WFRpD9Wd,2541
HDc3VrKs3t8yT55VQmxFpfrUyKkNjAJFWdkcy1eaYwyf,2543
BkSVFSatFJbDzpRmUUCiV5Aa7a7Jii4dcGbTwtC2bCDs,2540
CVcQaPwbRKAXNavuvpaS9fd2dNSCLTjUgFd13uqc2CcX,2613
HdEkY97Wke5zrw9M1YjUHHJXPNxMnHypMutN4Y9BqR9H,2546
DxNZ1rG3zPnysGv3L6Ec7KCZ13HHHxChLc2nxcZPUPAf,2617
8Pt8y2sQ97jUbuqsPNaonJcC79Kr3w4VP3a5iMFXd4T6,2550
5HrvHv4TE5CHE8s9WB3XXLTPV6956iyGwqauLqaJFuFX,2551
63tkGxfpkpdrKq7C1QskhQNDTdM4EonUR2sMS2kWqT8Z,2565
AM5iVaxQReg3DLGTSrpuMjUH2GEBZ7NJzSnNb8cAdHJ3,2642
4XxUXR5AsQzrF8nxWFR6faxfpPFnk3BJXegXA7SEoHNd,2572
BDLEd651qgdGmxtBRYm823NSUG2TVQSZzXTFCiDApqah,2567
BG5hPtgM1FTWNhb61Ghu9pE6v1TJAJCwR3bPyMorNpuC,2576
5vp2t2Qjj9XxJZcQRLwjFejo6sVv4U64ZkbGbivAzYcM,2578
2mk4TTYnhRwguQTmX8DpNwa8s3iL2NTDDcRiRnVaCWsL,2647
BHr1LQu6odFc4A8261YbCbQrbrFgnF7MA2HnExZ7fFr2,2578
866EaGHTi9PaFMQPL5HbXKDxqbHqB2tBcaoEaiZFBTB9,2584
AeeDcCwkdoJkyWNDkkt4AwDy9GkMAnSvUqy4aktoU7y,2653
wzbUBXfCNc7Pt4yyir7bpzz5bHsxcofxnj5uoDaC36X,2587
7MUWWBEZsDgycxkmUGzRwc2xTvk6axfhw1pJ56Quonok,2659
EvrcETvpjQBB9gPTRHHZgxFmdMAHMKPsVMtyAvvkk5HZ,2597
BHGXUS21A9QqYrequHpkF1Ke9UxY9LvdgazKAHUyCaug,2598
8hpehNUBwoYqEk9WJcHoABp466QFJHG1H3snPJFE2HL4,2601
ARA7VPtZU7hhdEKSqghgxKEgUiSKvthipTLpKYFHgRNq,2602
8aovETBHWM7FxR5JnbbKdQydZgrrK33wttLjJQWDu3k4,2603
GPtemoecwga8UniGiZUxdHanw6x3rCNAtKKSC2Q7HDSz,2606
2CNLi4GFpVkK7oUkyftdYv9bLZokZnNhkvis5B5rtjJA,2608
BwhMQSv1RFzo9S9WXnkH89AdPu8RaKWMwCi56dHWaF43,2611
HM6QxJEXPZ6zeVGsmNgFttPJasfdKfX9XfDqWhwa4PLo,2613
9YRAE9RkrJ2cLYLGssT5PjnfCUjmAbwTNct1BkYWciEx,2748
BKAYwufwqtHkskfmPY8bTiC6p63BuFezP6A5zg1vJFLr,2676
5jTJFNfy28B8iDHbJu6gKcA769z78EmhGUtiuN3zT6UP,2676
5G82VAH7R7iSUHh74UuRDwXPMvpN242vqh8eEsgmbrNV,2676
G1mShNVrYMuJ1FqqT8aeVJpGYTmLKHayXzSjAyfzCjAU,2687
JAyJAAuczAzY5MT8x22JBB964MfVaRPCsYUcKYAWhkMM,2684
9sMLq5iDR5KtLnNy8CJXHMZpDbUvQCf8FRjLLDjDf7Ak,2673
GSWLFx4mVMvw21RmEaXgeVjhpAYFjk9mubu6ENSDptC1,2754
BHxa6vamvBHb2JshMjhCwusBs7ziffMSQHrsrh4MyqPS,2686
DkwwZM74YcMrxiRNakALyjPRCyfmUzPVainLBknTjXQq,2689
9dfhLR1iWquAgvw7bAZd1m4ET7WopMzqjJAzDfHU15pF,2679
429Red9TVVCkDAXB5j2Z8G1m9BaUBGd9XoEHcYwLNXyY,2692
Ez9Yi85pLJygmtocMD4avyJPQsobXYofcrRjADmWyxLa,2763
GNujzrEiT4NT3svQ3CGfYU4G5RZPKC6CqScK9ZXXEwky,2691
24wLGCd41uyqnsAi3eMWSBWugZyUb4oNiB2R78eMwZSC,2694
CWRgkE9uVKL3EWi5Czp6bvWpgCks2cWDsS2chz7Jbotd,2696
HTUXz2VA7BRLnmYhQuqq5zkf8nR6brTczPxqRnGXdSf7,2696
D2S7YFzK86A3JZeCSpQDAstjx2MRtvBrpxPhbiiFobXQ,2768
51jKXdXyY9vsjNe1KaLYnsrgVs4hJCG7SDSyXdDu2DqG,2698
C2ZYqsEDdHXe7UNR2SidXRktwkkUcPCbGZzN6cRzAswt,2786
6frZnm6w9751WzGjXaRJB5pg4gxe6iRxWxbryb7qRoEs,2714
6ZwxAkwSfprSmoZs2ojrtVPuTTyu1fzrAgSnrbUKnkyP,2712
cjxytqe9df86fzmzBNkZZ4EBhaYswKjuyyaK7k1Ci3E,2782
GtxNpdVHxvb8ZBxcrjSomvgAZWVom7brpPRT72G5iu6h,2714
BqUYNrMrvGnUcCudUJTBKQVXgMHueTwMRfTdjpC3QBnn,2785
Crv91ME1mR6RokHd7NJ6aiFQ7tHo9KP1fqXG9Led1Vpe,2709
FLJBKcxPACXJ1dBXYnBErs9hWbujZDSwVvBQd23H3URg,2714
9hch3xbTvEb5oSfb2niSJuwYs3fm4QTvkvsKhX6Z3GAN,2713
EfKCTuV3q4Qdg7mrgSyzH25Mk8fywDsU452Q9CBfq7h3,2717
9QgRMjXR5G3DrWJrftJpeZJX8ZrEo4nVEdTdpMJqVj7C,2717
7KqudbS5h3xoPzzoWXj1PdbiYE5aX1wzqwV4HwqmWUVS,2714
2SkVUJ5VCzANEFwTZH6H3cFYyvC75T9fMCyVMQMzXdxX,2718
FJyk24rHDMmS5L2jP1gFa7g2bZ1xTGQKvxZMz7nFq282,2717
CGC3UrciN9cdXKnvumHmFasf4MfXiHDex9jRT6LcKuvy,2718
B6ay9xkivDp573PGi4jM3TRNQ7dyZQ4bfiPN2hTGKR9X,2717
HFBTViN9T4nrEEC9Moy1nVGKb9wbNDacH1N1skRbkiju,2717
HwJMKzyEhyc2tGADsbcRrWapahVZKTLG9osSUGLHmsr3,2718
HsopKfGafFBsuokjNiTgVTZVhJENe5AEQJRpGCFMNquf,2697
8LbtsjKKgJ22WkYsoRBkqQobQa35LptrBbSizVQZtsAQ,2718
6q4sVbpj2vJcxY6q8t4hocJLtacF9evqHAGGPAgKJdBN,2904
FAC7xdLnaQqU1ergHAzgXEbiHmKhPfybt6Bm3XTzjd9g,2905
G5Ey94FT77TM3DAEtQ6TBVFL7Syj25dMuauV9jh3WogN,2761
9dnx2hQr4gLUgLpVuhjgVKwSd9QBc3PGW7W8rXL8ztLc,2873
EM8hVmRLX2Uczg553LkhVt7vGJ59dRHtZxyYqw7sQCQD,2758
5mozd8rSrvQ7i8XRNYNTxtdRLoGJktvmSsFcv9cUimnc,2758
DuEsXzFcJu1QvsS2cyBs3FvBr7TBQoirF45vGEaA2W6q,2817
2GXyaAkQPB41MmaBfJZuuRaPZDJijNATvS357QueuDyZ,2977
E4XzFLhQwWUd1NiNsM6HzG835cGg8GN75jtPZTXsyoLi,2904
ChXDs56u7r1NWDTU22dAF4EhcQH6z34WPjktgkW8uFWX,2904
DPcKS83brNQ352f3x7FVAxaj3p21VUns6HUvZcmfjktj,2758
3yXK72BiRWCo8MFK7pCqoRpTD7oNe5ZxfY1Csp38DAb5,2816
BP2BwhmgwhVDYp3rMic7tGd7W6CZ3VrDQqrDQ8yquST5,2758
ELUBovVugcPr5GqUFgojVt5C3R6p1RBazTTLPUBgsSnz,2760
DXnXe811PhWjNsbYGqXNNLE7jeJLp7hXnhnEEW6CYtwH,2761
37snAEBGEjfWv2NGbUWfi9rvQ6MAh6poiFdC2vhEUMj5,2902
6wCXH3PzyCKoKRcF7maEHzEcAroNDHyaXkXgSupMfpFe,2905
7QFgPuy9ypLKCtUKQMrJkDqBgdFcAPH7sKfRDxe8SQzz,2906
EYXEcK9bHvt8KGAWhVP7J1hdZ9nb8GPbBs1qQGLb7X3o,2761
FKATKDErHqxqbtWT2gnp27HaxycN528EyLHcM1U2vAVo,2819
45wLj5uHPqfC9qqDm7MFLqYzP2pxLmPtzZVB57QkEa91,2760
7psXuU9wbhHgtV4grPZ66erWJNzBjyjuCMr9H4ZCbuJh,2757
CNLeLGA5VBxYqpKAkJf8qCbycZmGJpprsxmSgwrDo14M,2759
8y5fyWq1XvWCxMiZp7QhCTQaMaF58YpJsB5CXpbyw4nR,2759
DnTsenxcNGrgHh2KyG7RT1KmoM8Uycb4Wq6JhizVF5xJ,2762
J6768mCceRNuYRMchY3tNXZvPnnW21oDNDLCSMLEVr2T,2759
8ZDjzS369x3UoSxuqZFnLobsFoNL9YWSvx7ZBuA89vkp,2896
Cz9qFie6Wjaq6wSnyc1Btw6crYkFTJyWahUBA8WC8nCJ,2760
3xnj7Tmjee7LtZCMuw729wCTPtpj64JMxGd99whGBDix,2760
4xFYLWeEaw2g8UgcYw7xTNJRBThzrFM9UpRyBdfjprV2,2891
BQictdhqYUDigif82JA8tHWRb6vPow6S6LGAyGRPPukd,2906
MdmWCyewoeC8wwQmkwuyioruyG6jVWEZKgAEVtciRdE,2760
E23pmEPaFxX9Qo7XWfJHJngDJPds9G5djz7bB7QUyptJ,2762
GPCocvVoRynerTuzQxy6WWv7BhYfLXsXQ9xvbDGqmopE,2759
9LkpsyybCx7ZDRxQrpTSpvAyMwFXRVVBqkJpdTmv7MDt,2759
B7qMYq47T5FL7WgL9ZFaVRZTGZYyg84zAtwPVjq6kNcN,2976
FuETAby86oRQpuaF8qrWzG1BRJGNYkTDHFVpsSR13bUb,2762
H6ySEUSGr1uTpxYE7FqcG9YjW6cbFrAUms7Xssy73e19,2820
76uF9KjBcPdyc41tjgVYmNd5zvDRJVNU3cDczvXUivMo,2820
6WSseMf8RhMcXnjpmK62TCKQKwiqvbpjeCjKzzS2TpUg,2822
AyPu9H8P9dQ6J8oX9mQ8rmjbfNcdXrL2u8kWcEU8Jj6f,2810
4fViqeCfSVpvJfnojgEnbxtooxruXUSFLip42bNqVamH,2807
CZxVy7xM3obLtdE8rnjdRR43b25uN7Si9qtL8sat79xy,2807
76gpaN5XoVtGUD4WYbGDcf5Ckg4Kae7ExizzA7YLYhz9,2803
C2mVKrSUDGXZfpBshua7EXdTNMrKoP9inR6YarhYxsqr,2806
Gy17NqCxrrdnaj3HvASYL5fy3ANTD4uvuGhwXuYgJe8F,2806
5nqgzLnt2G3igRzFmyS5w2DPQmiTFSCrbggpsoA8XgAz,2867
GsLJbH6hrgNDRdurYt59FEDn8nWGBGsgL2SL36TLYtHo,2812
BupahKEoNTHMTf3JzXGx4PaE1QoGwiPNDsFwrh5J1KN5,2806
EKMopzm73joonrkjTx4KoSHdUmPZqU7cTpznZ8Vt4jHw,2809
8orjx8FYAVoPcWgdwUPPdDrQS3v4bMg1kqBcyPutDNCW,2957
BSBgUS6jDzJnSvtjXVKWSSizj1qz4jMNxujBKpwpWMBk,2809
FQLhNFjhU6PbQNdiLvex9w3BvC8jTnZnTEfgYd3wkDjD,2808
BRX1hu5qqMEubfbPQr876uGmfwT2fjHosFLJQTJ7iSEe,2807
8X96fAaW4VNY7B3Bxvbg24vsQJy7AaMt8f6WGwRhkKTj,2806
E5uuAo7VdzwRvZSBgSmKpbBFFGUgE8QRWk95NzRxHbrj,2811
5uNnyBfnkxY935r8SzQZ4QE8CX28z7kjTr3zPq6VtrtR,2809
HnpChieaVHqXpftPdHQz39BX393w1yjq1UHwiAnbxfao,2956
Cq5FG2aa2eVTXx4JYL1WWfxZnXTwi7w3tgJR93V4MSVJ,2943
2iKezq7xscY5EHVDYdqypcZBjMn6gEP5BXHVnbadb71x,2815
5HUC8nNrQ4bHp6NZieqMMWn6vepXZimTSME4KHm4w1dt,2920
4oW1CnoVoVLEam7tm93EmkYq1qU8c7E2SNSyZfNBVkkp,2920
FDHTNvFf7n5JEZbgkNQv8PTaq9P2wRUh7MDaW61LSekV,2925
GEXyWHFaXoa6G9QQBhApFwtqSH39MRey7KXWK8EHN5ZA,2922
H4rps3ApiA1XFi84uu6faH1C7xnMpdodzpuRfTUA4awk,2982
2a3UGMQBhbo2tStucMKWWucuu4kXguqm1jqMbW2ceoxQ,2926
6sRF98WTdUZHHZBnVTGEB9Ah38GtKq5KAmKe9wo2a8at,2926
C6LgamMFYZRiSnrCpaXZ4nw38w85Sotnps8W1vqXtZYH,2927
CaTJ3jy1zjB2dj2ARCWwUbjCXqMbccK2nGHbRJDJL2LM,2926
GtTsn3Vkf7yDZGrBRB64qfo5FGVLQuPLLFnq3oUD9bSL,2929
ArxP43ohb85J4Wt7z7eXpU8kK6x48g8fdAj6SiY3qpr6,2927
HSPGww11QYAcHPYAV11fDPMb1baHSQuu83EMPegnRrNj,2928
ASLcvuMN5fqmNwMSoUw1sstrvNccJi9DCXpwCwrFx7UR,2928
BEvkNCMoTeXCeb1hvn7KpWfm6rgdLganHMbrotiDicvz,2988
Gm7WwMKJs3N96vVnhFtdkW1wpTYjDvihTDp3ibyJbPFV,2989
GQuTxFqe2dEig2Bv4pQ96JvE3DncMeCu4KcznJrKkwf8,2932
HGAvH4gcKNsU2mkzZcfjWXjznnKhSS5b3GfPC5p6Hiar,2927
DbXg12nPv8afvnfbSkcGmxtQxci8enaxqdkYhuQXMZne,2932
9xBk1414ikZvHpjppg3qCPAK8qjkaWRjHVaXjUBpduUR,2937
aVEez5ejfAB987rZ5kXxXSMAh9GLrU682BuRp81gYMc,2930
8d9P3mwFXpZKhTCLktTBLxR3mDrTXK83SCeu2eBQ9G3H,2966
ELWQFNUPYynfDShNwLgsggpaMUmns6fMZc21EsZZGaot,3031
E57VWBgnfUFEPagRh6Qh32KaWurb2NP7fNgsBSPrnTJa,2973
4txW44jgT1PjffHiPBkhwprKFQB1J4ywW8m58YUCRWmy,2971
CkMVM8H1TMjiAUoRaxjoyVgtHz6TKSgdoLqFW59XF1Ha,2974
23jgur7HgQ5T86oJqpBPzZzxSTDPMqGk1isW4YueftaJ,2974
H37AmBQuzJqkawBsiYpuC7HmEkjNT95wzVLk8T63B2oY,2977
5qNxPF6jQpxkptrpz3L4bHmGkWH2hRbigS1SPN6FWrgm,2977
2u1VTWaESBNsV4t1CLNFz6xuwwAVugmnPBh8wTvRU6gt,2973
CQ5m3MiowUvqep8AfwWQ4UWZbRRKF8M1fnkbMQ3cC2U6,2976
6284zzxgQMDp9pAs77Fq9baruwBMpr9PdsaNHGrnRcQG,2981
HdABuDjexZqrBPfTuf7eBnrQ4Sp7GwdYYfm7xNvSW17N,2978
CwNhVZYezqtgiwRPEbot1sNZVuvukUeSTg1nYCw2zBWY,2985
Bv7ywMSuW6k9L1cMg9CsTXxbJgri65rby1LCBx9z8QFc,2982
8yLHCE4mnNCJgnEVnwCYcJTd3ua8uoKm7HG2LKEP12Es,2981
yWoBxfJwLCu4efabNf2zAod3DPMcyunXcmV749q6pQy,2979
4jQ47YLyh4QxP7W9P7QB3dGyACYNHU9U2L2jVZ9poii8,2981
EcNHHkqbR1UHHAtGabWFQsPndcPjkb1jKnybCVCuHys5,2982
7B42VDvrYF9qtWdkrGxF3EZMGbuBURf2nRvaZHdeKH2J,2985
7YMwQD8qjaAmGpJ3EFUnXdbfAV4Bzo3Z6Fd3AHzQ6BkP,3019
GGyvtBo7CfzyPj3nZqBhviCBcgAwqjepuQFqTf7sDEmW,3023
8DC6qJs5JTKH4NgPa4Z48nYsFzBVS1iyNJKEuAQ9kpsf,3027
2Mev6GFiR7GDfSxeCEXwdqnNuEqzKPpU1m4idKzLVzbU,3037
FCA6FDxsGWJcjMq9pA5o9Fu76JqNXHGnoN31sPFhNBDw,3041
6gNHyEA856Ww7goJJVjZuEB42T2VN91zoAz3KcP3zA44,3046
6wW7KmrreHW6P8aHLnnR1yyUZ8MZmFe5rTpTSsdrS1zT,3044
GJT2BXBSSbQ1JZbSeX8XxL4G3GRERCuo1N2dxALwjMX1,3047
NLMShsuQRsx3evAiqUUexfhcPLkfSHagEXfca8KR33p,3046
9TFJb9bwPUVtECdSauqirwxbxqQuJjPj5ykinMA4btEb,3048
2ASrZzrGYsQjgvZidrwFqBsCfQSs6z22dkD7cpvCBfLZ,3047
4BoDbv5BzX17qAHqwnYVx8kcfNJGAcVR1xtbxWHRR6Tr,3051
HyAgemwDHjnAPNKryEyybRTbYN1aGqsm3FpDnuFwYoyT,3051
34xrfroAYLmR6m5247zgVuwAcRuugbQyxcHX8mrpJFKu,3049
CFpZtwsqSXdUrLivYH4N4LnYbCikubX4B9cAchjUJWFZ,3049
4BsUbgBz31rE2UM9ArRHiikmnPsp5wj9GHPpWYcvWJDw,3052
GRyqnZJv7b9gNyZFowLrYc2Qeg3ZeQmgXZ1wRK34JD43,3050
2TFWeNZHzZ9H39PEsZLn8MAjTHFauaBqw9tT2ETNUqfr,3110
8AaQVxe8YnfvH3vVZou5StUcJnrpdSJG8QmNuwjSXw52,3078
AwYoCnhWLqWP4B9sbmDBjfVEj5sZkUtcnREQV3Gko4Va,3074
Fh5zvxc8cXLG8SFNfs1ttJ3ejKZkoA2RC1oZwABMoYY2,3107
G4B7gVfHi5SeLwSj3tKCbCkNKHjwU6siy2HoNMobo6P9,3097
DzZGFzvv3z8g53DFZ7qdsn6hxz4dftHJWLYjreNA3X7A,3102
HCiWPaHjgovqWELBebZF4C5F6b7cinoEmQ9eAC2FVQee,3110
22U1W7XaFmsc1n4PP8jQELJLtZL3f7M9mBGRFcE58Vni,3129
6J25MtqRAkW6sQMcb1kZyJxajciz58kU7Q8pUekYzuRQ,3173
8YkrNNCFYcv37BCBXojKV74G4TJJGjsxZYV8Lii9wspJ,3173
3C8sxFsauy3J7CyFk7sf1q5PKmzm3rykeKkXdzT6GH8U,3144
BRDCmkzNrbEzuEF754n5Emrsfp2L3MwPxN5GeX4qbxmQ,3146
3jcxHEvjSuRHmR22jMdePqsSmeHPsgQiLVCpqEUjYMHL,3142
G28tkmorhSex4KGDkHa8P5gzZxufq7Qk96cXwh6omWJf,3096
HbsY97DiyFAZng96ogV2sAgagJoZHANu3JNBob9Dm5C,3173
CZm3TjuPFQDT7rs96dPgonyY4oXxGzFbadu73kFZVVc7,3128
7CkTHJ3KtacPmR55aEivZ9be8kug48EeevbuDug9icGh,3148
6RYvF9xWvkwe8vibtYG2SwjFLjpgf5NWxkGRAEPskSGX,3169
HMzCGpy7F1VYqyTw3oLFyd94DRuM9TWctL7LX1ymHYRQ,3167
E5f9eWKYzPCCrzYnV8Tq6vnUoSg5noKeKiVdDRte3m9Z,3152
EMc55GB2TUKAK3XyrAxEYnELXcRHvYRoytvG7saN37rR,3178
Cex6aXtJwm2gPUZueqZLGvVoHBcgFdzd26dWCFnqPH9T,3166
9Yx1qaYPEjr5HPaeqS2VrHU6pYpexZWi3FRCn6Y1RCZK,3162
35PbsrPQUCWaM8wosm9XhjL7d5KvzkkD2ojDRgk5VpNe,3126
HcVMdeLzhzrR3nuqfWpBpazgwNnf8LVpAvJw4Cb6dy73,3215
CR7bfg27TuzJfMihG3PmLYidxq14e2YGJSJaGD98e4bv,3384
Bd3gX2WvsNmgdYbuj8KN1F7t9H4u5F1fbzWxYJNuXvWL,3411
DqfiWQFAUjecipPPqsiK74rwEctNcr2KFLSndiR93d8C,3557
JBRZ1zvYp6q21h5Mz9jfjB4mAZRgT5eGKqDSy2H6F43J,3267
68uSydFqEtK6LHJN9BiokqjezzJVJBj5MGxsKP22GvNy,3587
2sMdnvZF4tAWCzzEy3vipcR8dFG7numNyR5tyco1G7Dm,3585
7MM1ig1U4hbmr73uziYZEYvPaCVBxpEVF3EbWwsqW7a7,3379
E9w3wney2FeLFvY211Edxrf6ipQ1vqeFzQUJ1sGwonwM,3417
4mUwsunSLj4SA2EdXzoEWekuMiKKcdAqraXUT87nTwNU,3341
FtMZYbeep2xSykxTZk8FTbpvLCnQKtixEDdbBWZKA7jM,3368
9k7JATBRFQXrMx2g5zFtJMbmgfw2do6rp5A35qETqutZ,3477
4co8vK5xeWbz5GT22NFYrwij3fHXbaWXV6LXjeAhKnE6,3345
8aoQK96UaEsE1kfp3JJkHsZ3tyvB4jcDmDsr5aZEbvJX,3375
J5yjf3G92kvwbwBJSBLK43ZbwS9mD9EodvMfU1Vhhy94,3284
8eomHcFrgfdVAtc7sjZp6E3SxoCqhkGCyKWsWebxBwo3,3628
BmRb4Vs1AjA37CWPj169ZNbgZPQQhTUtRJygb3VSP32Z,3182
B9QyFhtpbNhgWhyAbzZ8yn9vBQYuZvRhCUpR8CVd6Y4h,3177
8mbEvhAa86A8SjM7vthuSek1wwNTJFtMAmoMsUQfLB4x,3616
meTTLQnT943cfLKF29i6Qs1wmVadh2iLFZyb8xoAdG8,3274
EJ8xarntREGbDQpZ7iU8dsE1WXCM1z4VZGFHi4GiPNqJ,3273
9hPH6BzYJDciVbjzo6j5uobdxh3UrixLESPiU4ozmmxB,3361
H1ArLnDGRgiQyouM8KKVkXhxGXHQPBvhBXou9TUx2xHm,3174
AMpernnfXMY2bSRQfSp3jneEL2kvAubtBz1MnRPYSwzJ,3182
4jTPLqux4V7Sgum6vTiXuNpqQoz4QR6Pwwk34WiD12di,3254
Tfy28HCAc6rtYubWoj6yMKzZsxVJB3aySxgLdiCQ5oT,3440
4qfkQ5UxEVYF6edmFbro3YNJzG6pjJPtyUXvDU6x4j4R,3188
3QykaE9EV3Lb761WH96RSG1xPqxjZNM6D5yHayeNAczw,3266
kMb2cndx3fx6EczsKKXuqtQRURzQdiojgyTQ2wVRCMY,3243
GS3UmHeTaDE2FvpSxF9viYzWmc7z4Uj3FkbLwRQ3ptmw,3345
CVMXCSZBj6Zu1bYdeVTmLo4H4rrDUATLfoWS2BSpgsYj,3185
8g4SswnTyqWFh7YcpBzzuDxndBCyQ1nr6bgRDR3sfgEY,3486
F33ahQLMqnY5Nnxwsp19JhZxyKaGsWwEu4HQVJ6jYAAx,3625
HpBg8MDUBDv17uuNrFAgTurfvVeF78Rkw6R2SULuh3CY,3182
KyjFPAvUZuEwNDAYHChpiPgcrRMJ5Nk9ZiGuK1uF8s2,3189
Cxz7227jpKc7eNaFfbZ6J8g1GmRR6eWWkZ7sgJpmqg2k,3190
8YgBFKs1cxkyjWbfxggdj8feFBAzGZQBVvVbv7ACnvdL,3247
3AAszknXBikWPNaNS2B7hXrGBKM33nhB5p3tM252npJx,3184
5X5k4KwmqvkBfF3yxNEedzNYVa6qtNCu8z8qmJHp2z6S,3187
Abfydvf3RmVaujJoJqLmJ3Jfa6rN49DJajRS4c1DLLJu,3189
FhwLXCKq1H4Eh4uMogJLErWaHP1933zCxjEaUFKtvotn,3186
BxdmvB6JXX6ux9KArBp2d2sSiMBsxdVpjaZSsoxEUozd,3248
BERU3D1yQ5t2q87AyxmJMw23rN1UT3JT4A6MWm9vnzwZ,3191
FdmkzoFf6eM6cVqRC9PZipSBPo7HRcPxf9LjiSodUZZ1,3231
A7KKCyG2cUN9cJeq4yTRj5Dm2sgE2U4XBUSP92uUnbT1,3347
CQpCURhzUfvBV9Ktb44rk3MH51HPaany1S3EQuthmhNg,3190
3v8EJueEhXKfvDnpk45QK5G8sadwUP4wV1XTjFJ2PY9P,3269
HTNdrvPcSjniZ8mvrs96RuXExHnmW7thjN6pNpai1JxM,3287
FFJVYTmSVifwWWKtKrfz3bzVTWQDYBePuxxX3uKGnmYL,3282
6ZCkFT99ewHv58gTB2D9J38YLJeavVgj3rPdNBHGb1vQ,3264
H87Qpt3RNL2Ap7Cv8YobKdYiSHznNHmScewGTfttpK8b,3257
6gMpXXfergk1aYYDm6gBNvacdfxutFfiFsaWJtSv43Xz,3242
8tvefDYvaMhonyb8Fh7kj9RaC5RzCsJWox1XSEUx1sQx,3182
8rgPMDnHkeufkggeb4ftXpa9oG2XXpeuPjB2372pTpQo,3248
CjxpsZQ8RzGRZabgR6oyp6SBNzJ8ZpF9vAZa7u9mwPkR,3193
nC1NSyhQYhUT1cGRJSRBcxChCQNkjL71kw5yPpY1hAA,3189
J89c9vcgcEiGqnGwhwERnX2tgnUbqA2bK9Uo22dTSnKi,3181
A4Zd2uivNuzQgaBPDZToxKsMvuKJtZPpmGDtyLaNrG8K,3188
CcXAmKzHKyd9ZHXR1rHkvqcNcGUoh2Mj96xpem5HhoCB,3186
7zR2vpexkxTmAb93cHDFqSNRwtjtV91GQjeP1FBkWReZ,3192
ChWyfrNpXnr1VPpV91HYDbSgb8w1HMbs8mbpUKi2z8dn,3193
GKazBKdBmVUAr19TRNXRk5NmD34aDosJa1FFEoQEEXvD,3185
DZiGyv7r2pzmBgtmmGwPSqfJo5UW9n7NCzDNYP1ATJFU,3259
9DnvVaxTBDwAhDgSmwvMmia5tBVFeEXHEus8yp5NuKHm,3192
5hNtAbekKqA1CHduoLas1LoBExSMviWGG9EBLUMLxoRk,3243
6zoC4C8n6F9rKkxM5pcyVj2zZQLqeqFBDzCAD58x9dsD,3242
7uM1hz1P28K4L9pAx5DZaoNBVMkwUGhqkyuYy9NNYV6J,3187
CVjaQsxAZgBwqzR1rqUnkTcVnfnv26Qw4gpaASwkvSZE,3196
B3c4LC5bciCPHKwT9B57YCzyCNbpMyQRCAtPE8TEwjvp,3184
H5aWzG1Aux3d1wQaBXQwxNEcvpW7TKMkqKhJjJdn1pfJ,3240
DWa7Z8SEs8WekFfvGYhJzHMJFeLjNaCrokfg1coj7vxi,3199
GvyZAozPrzaFWDwxd3yjWPndmDf5Xyaa6JFNoNnMLaVt,3430
JB1BJdxqQDgCsTUuUAqjvqXpNiHARaCmUH1HMKh1o9uF,3329
3fKxppN2uPRWWfKwZj68EkK3pqxUEpFGqE4xQkzxfQrA,3188
5Acy5Kv7tZhqfsHL2a711wQZjD2ER7RkeDa7e6rvMnrT,3300
EqA36q4RimyoPYccfnbB3LjFUAVkf6aTSSFV5YNEnE1i,3303
4Wj47YnonoU87yZm9PLkjirLP9sD2tXThnCbYqhvs5Rk,3185
4DAFeJ4wqCdaFqDM8jpMU4Dc4VhNP7sR7WM2dmqzMTEh,3199
EKA7DpLYepHQr6xczhfMQVV99RTrhNK1jz4vRmonpJHY,3249
9mBoghb9oqkhECqtgpSRFmWmBX7af46bdRawgX17FZk1,3380
32CLyWZd6d1tnbkXbNX1dKKRAc8voqe4izfoacQLYxeS,3199
4BYKcoAL3kpXvXS2azNyRd6V9fhrwNioFFDHiSXct1cp,3193
9o3WY9Nf87oV1Hiai7Lomzd3DXsG6hZ69ifwnnzBLBDC,3193
DmKdGs8s31wQ4njra4DxSMv3Kdeuga4HR2tS7dHE9ti2,3195
8Sz8vGXJuxGepe5p13HwmU9GxzRcMLprh8gWLCKwRP5b,3336
5SuKJXUzuPH9x7cbD5dzPVRYBR4LNhHHZWQXBZTwJy4p,3249
8aEG6z9vat5U9Uo8C3xdwgTraTj94r44CjgBq8D7d3UX,3250
HKRhFkW1QKF6eV9JxMRNrra4d9SXRdrEznU7wm8n3Zuq,3200
78ac2eNz9zRKim8UH33pcombZQLy42vUAu93AdnwbpSB,3200
zwoYLBv77R5BjCDGvU6fWkT7jDUHCRsUVSU56Dfvu12,3201
AB2ugBs2dEpC9r6X2SHY2kLMRQmmHnqEcPVA4kgtzKjJ,3190
7XUq5w4mevzMT3XnTDT9EocQP2J91WpgnCPVdnW5oN5f,3195
2huxgAoot9ku6FEW6n9ptzmT2CQqATfrbdkqiLcZoUUq,3202
7d4rXWLCos9nkyZuDL81gdqm5eKsY2MqVjQsK2fPdnP6,3199
FgFJgopv9CgJTewWwep8h3qg7bUWFRcz3qQHhHZLiTYW,3203
9QQPpV5os7DpAqXi9TPYmtUPwzWJ4Q3N5tBZtYPBjKHb,3203
8mUMtNNMNBiymEzsvrKdf98afZ6M7iq8t3H6ENmjDHc6,3199
HgnCRapDh3y6h1yyys9294rUV2RdD9ufCpGm3sSEn9u3,3300
AzcqgxtCBBFYMZtgAsFXJsQHLQJcdPSD2g6VbAdKVLYN,3204
FiymYNDc5rPyTpedvqL2bBDvLzb3aFcaK2sSdzqptPda,3204
8YBkAAqhEHoP9dziVoXRFSmt5Q8PFhonHjaQ4yStyDts,3197
ByYiRrP5bHtUFzbg33RyrK2L2DJ81zcgAReb19MdTnHx,3193
6GUv9kviX1kxw1kkw3q6nSALAxax444u3n8kPPJ61LCZ,3203
Bxs7SPRafD4gCDP2egXWWB4Ci9uQvKJu3cdL8yLXWEA2,3197
4FuGVSUBaRPis7EW8MTFEpcA6wgq2c5CVto6GWxogWfw,3286
D2WAScC5pchcH6Xu57cDT3wmzdAefxMr481Eds6dHXZy,3347
4DrVnhx12pofivP6SmWpJRUxkoJKDhbdbLPEMKFQgMvW,3194
FL6cDKx7KMkKiSXEgHJ7puS7S6EsAGVfPG4TNb6aerRe,3341
FqGh7Pp8YXbszyvqjvs1AGxXxe6ofcJSQYfKsmgSApu3,3321
CAGwdHeihHXoNpbMxox9b3Mh9MY2ZhcSPhhnP1KHKBU7,3210
7Vs4Cf6rYxjq2m7ps1HXtkUtoLLuJh1Qsbq7Eh9TsqDr,3208
4hjynXGP4txot2M2YxUDg4jr1mfrs9cvdr1okiaNL5x2,3207
87iiyAhNCtCyYohRyRXr7TWEJJcHdVnS8qejLTgXFQbk,3261
Avq7hcFzuYZskXAoKxQjq6rTiHRQy8oKMWbETMgwi9bg,3205
53Yaiu8iUDDgWYCYZcYUhSnqWi2Pg48YDodjYhYNRyMe,3204
FsnVttkxZ83rvecBFcJWSGSJTq4aDCjed26wbV6gMgCa,3200
3prhuwJhLdNsCwyq7vae5svmnq4ue71xYmVfTTamELvC,3217
53Xmaxz259yAgZa4ysgy7P4a1chTrp8uArGmCqFfiHiQ,3653
263MzRYVbyM7QZWU4rSE8EmnpiaHWNqwhFNvUicZLema,3219
4E5KCq9T7bpjUJZ1CND1pGJ1gTyANF2DJjazRxr8dYhn,3215
7gJP3VfCbn3ikq2twTD2tZDewRv7jdsvBZPu3EtGoCop,3207
HHzmHCrNh26xeMrbXHvrAbZZsBQvT33AqX3aL8mMhKm8,3221
EHGLahLdLFJxjpL9WAjsgNwbaYB7GoT2GaPGafdAFmJd,3210
DpFUFfY16jrM4dyU5PXNKUPao3h35w9RhTMFh4D6HMxt,3220
4ijgxEhyBFFjPLB9Y5KpkGLmPaqioNXMGG4eC1g7R5AJ,3219
8gJXYGsDaccUpvh4HvqnvhTtuicuvVPrKLJM9J1UQ4zU,3339
2ivpM41CLifmcd24QVsF7XG8aTcvqi3ePTHhdBBzmsbS,3465
5qGetqKXzc52Myr2c2tzcmy5bV25ELUvNQ71HKoqTiFx,3411
EUGpCEjBcpuM1TyRT5yDf5RomFvycEKLVxcbaGnrMWZC,3282
EEv7QSqNMAECfBGzs8en6AYjrhGvaTv7a4fDpEwqiHDt,3312
BXg5Yd6nS4qNfQn2tpmzNLdTeU1e2pn9K3iduZfpEi1f,3309
8WccsTcVPJXEqEFnXwf6YgqijTFBN5Meg2eUyFBSZgsY,3328
CyztmMX1razGdprX5JAMYRRzQP1tf6yH7Xyr6NueKndV,3334
51FfBodx758TB5jHkxMrEj3qn8QK5JFwEiix8ZxaryA8,3333
8Xmv9QoSJ8onPejpGkone7f1jSVHBDho2zCMziiRobZx,3320
BZGkt2BdJPfSQknp6mm4bAKiYQVWAJcwamTzdpsnvHWw,3335
6gWgRtMJWgzeWCqeBpAeA4nF2YXt1N1tDUSThotDNLqx,3336
36o2Xj1VYQeaZpfrJqVtmRpjX2Qw3yvgZeFkWEJV2Uf2,3342
HJYuA9N5jj22RZC3w8VwKHkQbNkiqmLWRi8Sq4VFB3V6,3341
DuwpYmCpVE9EHADvk6WyN2eKuhPXYnK92Ci6B8nsvVgT,3392
5DXuXSHU1BaShww3bNobY4VFDCFRa2TkkuHntVkTrimA,3323
JuAmRfxodnPdX5gcbKVPPRbxAhW8Z4rNGQnr5vqFcT4,3332
2QKGeongdm6Sz5NB9W6vRUajwRWAPzmc7MF7biQwpx34,3328
4n9XJr4rmLimWAZrdzDUr1fDDjVjuMXpSGaTr4f1Kesu,3390
A52VaTzX17u164da5DFeTtkxjZadfShJbpWhSkhHJeYJ,3327
2ZJCifHv7bBzWrAMuWT4NU7Y5GfgpRJfGHBoGtUKegH5,3332
GyQyaAyZCXLv4kv22ESWJZ1fmfLedjogx874XjikGZF8,3333
22mFmPMopCFckA8DZGSetXttfu6zHBCuTg6vS5D8x7KE,3347
CetRRHt6sJiz9rUaAfo2DMGzYnsZoU4e4JLF5iwrzCVE,3395
2pWCJf5DqY25WTEfT74qpAz4cXMECVedFfHtUe44U8ns,3347
E6Ec5b5xi8yKyMBsDjQy9wtexcoGS1ugDTVc1XbezhzE,3329
9F3vhMVwjWF2GHfvj1YyA98ZxeU4JxYGfDenG84VeUY1,3323
9DZHUjFxxBDpLsXNQrXSFXN5hT63ZSMSWbPPqZCCmbHt,3348
DB74NBwUYRC1jDs1UCiXrhZSJrSNApjCP5Fq4BRPoTEJ,3331
FPgaUzGoY2HY9dLtHMrUmdi9ysR3YpTgnYefy3aSV8TY,3323
6cRaZSY8ggYNPjnReCq8ARqp1BvkVN4QSYniuvHb9Aab,3348
EpRWqFG662jikruPbGnYADZW5UzVkwTS5BZuUkJkkgpU,3397
5SFHgjyc2NLTNFhSx5Sb462yxQ2wZ69pYFrtaSh6fULo,3395
EuyrN8m7KrB9HAu3VwpE8Bh27DHfhDyLX5XZboTcyAKB,3328
F9pnKmrSGn3sshzDexnMN2enEn2Wnvja5ncFqx8dmAai,3333
AVYV6u4Ud8ezrwdQHk3S1Hcb5NdxgaExvt5SGTugX9Pj,3330
HExXrESgT9a9RcQzqVTYC6x39jsDeG8srqgDm32vnsiU,3330
4QyuYBohe6VskK9UtrEaT4bk1iLxWwVcPq86urBwsELE,3396
97SQKqqhvwzrjLdkm7UmknDsAkyz8W3Qer3SbPnvtcdT,3344
D8SMGsiQpJNnMW78rzrrfuqbrcty3ysB5kJ8fdbbzA7M,3393
GnPmJ4gdP5vvLUK5LBD9YQPzDwAF4YNuov2885BBZBsG,3335
DA4kGi7MXtzNkwQV9kUKERqB227GfrUaTyVxLkpsVSZY,3334
CvHEBZiifMDvfDcwEgKtaPCvtfmeZA8PodxUcakyCrqf,3352
3qGaDbtzNjCb4888AZLQGoD47i1FAPLcTBmssqiapiRL,3343
6xFEQGUy4nfxNEmi4FiCmY5dtfPpbgU8LAknKLkipeAQ,3407
DXMLXr5hTCYkQyMW3ap7kJpVybFDh94LpL9a41MsUTxg,3408
8PATVS2ryLrBbcDweBvAcrYmTTczkwWPRdwkiaTXQFYQ,3411
69Utj74SnA11bxdT26XCyLwebAh2Kmbf8ERkyHsEiESU,3368
4Wjdd48po7w2cKNY9uWT37NyMTvvpTBVaMZkZ9drF9i2,3347
D1gu5KCaUge3XgWnS2o8ZpzyZaNcuZeLhxWGNEC1TLcF,3336
A9K3PrSLxqZw2aCwumCczSmtso77N2T6xzGUxeZJ6qUT,3373
5QBZtUPnsbXpMBJesQrUeThfZf9sxoerGPKu31fkDKqv,3457
8myxjnfuSUxG79ffzKGABha89H9Mz3w1iZFFrqDAhUKh,3431
6VYbnzctKVs23J8rzLxqtod2Up6S24mJteZhK7HCAFtP,3526
vd8kDtz9BLiBbqANAth9KWhudv9NxqtHRPbvkgW2Dw4,3448
271B9frk47fVCrtw4YMuSoQAoFrxrCahr3nc6YrFx45w,3452
4JP2DANzzCEmgeoE2jXjzYnGWNgWT2CKrPVaUwVqsGqM,3439
DhEpLJGheeDCcgumJqxJ25vK8Um6QLbwzuvtKyaXeTG4,3446
2Fx2FkDVNqubsAHRFvGwafxNcvbdRZTEAgKQfPQYCqmv,3441
2HauS3q3LYrTW3TxM1GmY4fC1igzncoEt6FnGYVfXhhH,3458
BVbhDuVouQBG18m2tyq9fXwLax3PQF2k125RRbMhAPLv,3438
5Mrt3AvH5EZRYzTF42nN43m9DBTF84n6583kC1KL5TDf,3436
7KH8zukZR72HnpyqFjA5RoeA24FFpe7J1dirgCiiaYFR,3438
HyP74mCPzcGCCoMdGhkZKKz31iq1n1f4pZzp1MDxXyai,3455
BM3HBno4n5cMqWNVLMfcMRWR3G5TMBnkZUkbzG9SNWn6,3456
GZJm73k9en5raLmpK1UKsYYxH7oQYsBWdEW58h58KuxC,3459
4ztFxKMmQoyP6pmsiH1eZw2FSPdxDNUGyFnGdyb4QRZp,3459
6BXsCPg21pRqKnDTu5UC8VBheNjmCYPBSNVeYDvt6ChQ,3448
GM4GT73vQXCyoigdZZcvfzes6bdYsLRuXmVKQpfKLxBB,3438
5tzsouhRibRbREbT1HdhUztTk23Hbai3Vb6yBtiG5xie,3441
5SL62Pu1vnPcaLwLiksAMavdvZA7c2A7LyD6fZEy6sCk,3441
31w41qFzoV6f9beBVtLPkYVRzU9UXTUrJC6Q4GZDK17W,3511
5FLUY8iLfBonjn2zYCYLTfk8HGXayxLuRwd2aoPbjpWm,3514
4HWLaXJEFHBoL2oBzKfRzrcmHfqz7BrpT3K9x5iDNYvF,3496
21PZc2j3DJNC1apfcqDvLdebr5HAMAg3cyr8J5DFBR8h,3507
3qH1yNsQXdJMxELJxp9cSJP3ME9Ns6kpTfWviz8TNbfj,3496
A36hUqXRjLJZx6jhgKgrpKxep2swRAWaYEY9uAmMM3AT,3503
2VeUi7c398djyLsqXmrYecoxMJE3fsqhawZyAyWbQ7d3,3592
B5riS2bukSLbyS3kh8akBPoAvyKJBEq8d2BSBQD8JUga,3505
CKmLFn62gQsbpdXAF8itcvQeKNDJBS3FzRcQ9EaSbYmz,3535
CDuvxt3ZKsaKTBfCX939bMbGUnnzN6NSpR1tN3gSNbSs,3521
hA3HypP7edUcmmtoAs3TiQ93EN3uXRCcN5AbkiaGtKg,3501
BtmU2tqFC7xKdyYncor2ehdKdv3Vzfnvwp2UqES9Vdzs,3522
5Zy5hMra2cqnBmfgcZE9CX3W8VsRYUEYiNqzaB9TqQJM,3503
GKEPpByQTajyNwnJRTgLF2kdj62DJoM63dqwJWAFnmda,3593
21XAaUwQUEqZwrusuaowrSULicbBz8L8p6KDm1BFFrJH,3510
8LktcpFyn6imy7ErAWR91U3QhdsJ4jr7n5f7B1P9qF5Y,3598
5fW5Q4VqyTVnVnUwvy9hLNcYu9KGfCeQcw7CyxjcLnTH,3505
CzducMFizAS2vADhtPpbNPRovjxkXxRek8sqvLSQCFRN,3526
4Z6Xix9i1j8dNtKdM6z2nEak2Mq3MmCTsK752XLwZmde,3594
Ctj8zhEWSMA5JTYQxMrdtiCUuqAd99GsYoX72Eh3aJ4u,3508
DZAoGjBAgQ6pDvDPCXQoc8Fbp5trmjxHBfyi8BdNbu9g,3574
Bg6wgf2C3uwtQw5FRpQRswfuymNTDhivZ1e14ugoohQm,3528
6yeSSVLtg6v75SBuLeeRAwWnGcpBeDuCWGYf8QmgYdKX,3521
7kPTSyBHem682dshv2aiwcSNqZJY3mW9cf7Wp7EtcjbH,3519
BAHQsfPjPNsqnrttYRBeNdDekeE67tn83ccrX5ttbrZV,3520
74nwrwoBVh9ojgKshkRaFNhhvfJHRbNLr3KjjcZLD671,3527
eZTvmuyk2VjdjajZmTUy4NL3CPLH6qUPN5hVXNXzuoH,3520
H9xNVLtGsx5xWZjK8SQCVBiWbvt6JFcBWeaH5nPUrkrv,3517
3MkfgapwAZ3ZrD6oby92Sbrbnx3vTXWcRuf9vzoaoDEE,3524
35izpzFUeqSosdto4VFpeAqthckUhJ5c3RQ7iwdPhUXh,3520
7Avh6aK4KBtf8iDD8LbF67HTCoYtPDSdTUZxJcb4yEMd,3519
7fJX7R4aBKJ5mLgrEbdYq8FWtWi5aXqqMmbVCSWfh9Xd,3577
5wVuP36k71EjctwNiwVzBY7GbSmmGMZUNhLQr1m95jBx,3534
8WXV7gQKLXA71MdjrgB4B5kBXsEk9M2ABsPwZtdLxTN2,3534
2AezU4diByDMUeAfPKTcDsJQfot6tFgDKzxnUUvjydQ7,3529
6LvXeQDDT2UyPFAztXZJ1bZyGs5fG25GAfBAHk1M21ig,3522
79DFnsD3e27Z7ckPub45EA5Bs85mGxFByGZvSGKrhW9P,3531
589kxBhTei4LMfD6FSv1e7DodmBudX94kvQDJ8RXVShv,3521
459mRNgJFFAX86SnHga2WgnFVqegV6DwoPSn1VLVteko,3525
6JUv8GjSDJD5ajJk6bmxVXpEJkp23yai7H3H9pckeb1K,3522
BapRzUxbJ6NuPuue7RXS9zED7B2BvqKgxYcCfwcm478b,3616
FNkX3qUFEd4jmpNxgu2r3eUnNdBKZW8EEwAUekYnLygD,3615
DsrN8dUGibTpe5HZskFVFFVgyiuTf2KcCbMhuQTJxNjY,3600
BAdjPxRwpcL91KpEUYfUn5JsfRpFHHUpHUik5NP8yude,3622
3MU4vtCXpJ7oZtyCgfBEerWXBPbwdbgUzhKKq1QiRJMv,3604
7nPJB3BmjeCMpvk6Q2jFmedW9PsFaDsReaF8otqoXkJw,3598
E7G1uiHqvRyDbvykmWCMmK15LkQHSvbSAJ8b69bBwpN6,3618
GE15bsBgJPWEgsTdd2qcxchAq3sahrD9vmUpQKkSCRVX,3682
CUJX6Ykckryt1L4RdoUMS7oDr1rTQYKyPCWKupjayGDU,3608
ANjgo9hn12aDRLh8WMGgAPm9o3VyudSaKQTLj7FNjFvE,3609
3LnELB3ohdZJSNa6bkRnF6vaDvt5DY1wvqJZnRWc7Eff,3621
DiZSJHH3GhMx1hRhWgUT5nKHSbUowqmQveq1Uh2iPLzB,3622
GtkD9yhAfGSrpBoiv1miAZcLDiJr5AfCTfN2Uyy7NwV6,3622
JAGiMpqvF4uCsoYxscARtf7tb4FtKKGVQqJpFdMxXxuB,3685
BSmki2cVzUQpex1QD3WFnW8oPV8772EonGTEu1spj65S,3625
63bMcUabQvc2oXhv6ex1ffJzqAkqWWNx6XtQ3UAg17Fj,3612
2Yk5EwyrBEZQbBwusxFgtfZo35ZDTj6Favff2kxqLxBM,3688
2vtGdF9pMdahbw1sw1uAWxBsczjGmNxsENgx2HPhbz5r,3609
H99ND5FcTGqxoZ8RbJWFaXaNdsUNtLnYjZYmLVhh37As,3687
38TCHJwySZvHNpNZ5DdTg6qdJwFht9ncvmAZdE9NhXKj,3729
8PLHJMo1kAqnGHM62ssiynig9UN6aBk6UEzVJmTajwts,3664
D2Nu8ZQeWEdPmobRu9C9r7cYxvmsgwHyH55Z3dPHvw1A,3656
DrCK922zHhxGuuYYJKTPJ7L6PJWUeJrfRJ7i6GFUJggn,3656
Ad1WT6P4pWFW4mcH8Ntqqyne7nXi3gx41mXUdBFUVJnN,3659
j7G7a6iqVqZsGvLPAriEKkFReWUGeyL6B4qu6s1jL7u,3655
2kQPaGRfHHtExJ4vxf7fr3MU84TiGMgS7BY3yagsDPk7,3731
CPNmhu7Mr8iWFL2ZN7j4wDDvdd7rd7nMR6pWmMiVLYNN,3670
FFq2HdujgCZ9XJQDkDLTmm8zs1qR9AbMm1zbXceTm7JJ,3665
89rhAi4P9gfdWkNyJXAweQmPLGwkGA2eurHvV5RbVzaZ,3652
CQhgYSYPTd5NUrhnsjiMUGu3setPnbqZsYP9t3MLt4rD,3663
2FyXGqLEkvwA8zQ9LyTHkj7ZnFhkmHkkhkVvSAguBGwD,3661
CxnxUhRUPwgoeqsp22BAwqg6cDBiSfkfWZkvpKSR3PTT,3662
E3okc9QLk6bMAisrZFwzW9r4ZAtyUhZBXFPEHYxoVosX,3671
EnkzcaoAmvecTUd69gWCkiP4AxtF4cYpggGjNox81f7b,3734
3HvxwowvNVD6wmnLUUaykMXjZUCXt28mdwZKobbuZdaa,3732
8fVrJY95itPXBi4VWqtT4uPkBfFF1ZitTu93q3oRwSYn,3733
CraXyrPVRacDHnvn4Jqoweh4FsTBANUzaSSBudWhhAmJ,3653
GEFvHoyAzB6ZC6wiopJdT4RbYK6JKa6LWaffFsCMxGHQ,3733
CFJHP1TMuyQXfpNEJxRp4PVZJjHo6CKZSiWqaakNmhjH,3664
2aQruMWh6pb5aXHny82jU3eoQeHyXRdD3RKpgCYVjXyA,3686
BVLVMSpas8SEaxv84ebq9nFhrSHM4mK5gzNAxw8RZjDr,3671
6AWrhD4gCSA3LeJN9pEj5KUF3SAqQ6L6EHuUokMmHaKS,3686
59GRBPmnMPeSC5pEkXWpTaMBNy4XByCTyTz69epEAAyU,3686
H1qbgSxb7KRhRXJ7Jxm4qGA1fj1ZAB11JQZJrkJ2Uedu,3695
DuSqZnEFwi8N8F6hA1YBiaJEfYDvxbC94oixb6B3W1VM,3675
6iYiGddsb9XphGfTh3CnvWtfUU88gDyndwVBxoUAfsND,3691
E5gXRiBChouP4vqHcp8EnZLpWwAbdWRPwZMhtKmqEq1E,3692
9z5fGqWvLiRzFrY2ZqiWrJWygLncdXvMfh7NaaMZPYV4,3698
2oupw4KEfqSXKyGVKW1po6QmJ34YRDRUyXtHn5TZcziu,3693
C43XqgD1jYoaR2WMGmW67SaHiW4Xm1bKbwwqdJFBgLK8,3688
s5YCsUTMs8wYktqJyptqA4KPwV8CCSEuoXoTRSGjPKZ,3691
DnPdUJ9uhd14meX5rdGkoLDayrjPwi1PvmxK9ynou7GH,3692
FZNUzmNYhbqjynYUUH6GJ6kXKyBhUEhCR3Rogup1jJ5S,3701
FHdoykUJUek82sTk9p63L5u4aaMN4UKeNTFne8w93pn9,3600
FznFVjRZKYJCEcSaS6EK6PRnWcSpEWTt1wMSeQRKTcr8,3700
H4LbT8aPjaSdEYUUXM92d9ySWebX8mwqXVqPifjQ3Lad,3694
F92n1Lnsk41aZ1QoSmm2XFoZjhYPACWHZFEH5LumXsCz,3674
4P7nfDFc8K5QSLHRTpDbFtkx3MaRJYUViPV4GgvfyK3S,3700
7SoSfS6kHFCrzuuVybZcyjYtGch3tjV7Mj6Qdc43ke1o,3690
Cbpf3CGXiR5rYPPBLMaHkDQ4fHTDrEvN938iWdjDP7Af,3724
9C93ZRb6K51uMYizqCuvMuiE7u3zZBLnCKVbvVZ7sTGZ,3704
EZG8wUnZVGd1TUzuXSaQ3PtriwPsD7iXBvZMF8CK519H,3714
4vkFTaySFUNsG1Sjem2rzw4wgZ4jvQo5PfmEAiXUrJ11,3723
8mXzF2Dn95YJ9dAKGj5vVNMMrAa8ZckpcuD8TVPpsnJs,3730
73nKmfHNaQupPUP81j3qq9FcFjJU6UYqyFr8ndncpkH9,3655
7xU2S7B9WmeQMEsUvC9H23G4mYpSfn51t1A2nYhqLXKq,3727
FCwbXMxig6zDiWq4HngvQ3GbLCYbryJjVz3M1SPixHi,3659
6xAXwjSVLqkeMQxeRymfSKyyL7aQJEeYu6VeJhXt3e1T,3732
3MXsBMZAGr5qhnZ3KaXpHZ4HPfdBZhWvN6apGsdSzPF9,3739
z9XcjzjQthetJU928F8Bb9brNp2DmsmnhFwFVsb6mEk,3740
ADtWcRuRTznRUS23rzK2mHARKmBYLMPZpjhKRYbu5JgN,3735
CvdPngDSggocam9vLLp1GGinU9pwJzao6JkdV8Ubauda,3730
2PqztvBfuoPB19diA9DDzXTuTwpx6V6g7d1Fjeo1hNzT,3735
3z6S938YMFK4yGtGiYH5i8TjZMszWzzqF3WpdM681D5S,3755
J8PkdD2srGACQeN6FoYCXKuiapPsBLCMpMzezQA4Xogg,3740
3s32UCpsTubTxbtHGKtMxSTF6XnRPBEZFXQ6ZHjvMiQ4,3730
DykxNwKwmrTegza4FHjkL94FYsCftniHyXauisV8fC65,3721
Gnxo166dSst1fVFtUsR8ZWKnm7RZCEmp4jeosaGnM9ki,3760
DYwcyA7nhGWJVJKzY8Pgf6DnpmSiPmL6phcZY2WF9zNR,3764
5HrhKP9Vc6t3MzRXMqqs6CZNG23V5FKXFdDRgNejaZwc,3745
8pUNX5Rh9HSLpFbbsEXgR3dAXoHKaWk7zQHduodM2SvS,3746
AheLHsk2qx5dMMyDYDinLmgTF1aPGCexrB19mrzpNDR3,3760
DmLaJfbCfRtLiA8G6mhYpon11hsMb1XmtYoLwVdBXMW1,3765
99ZuuGscCDfHsfvQTo1Y3VPVfKPUxvAvfwwfSMdbjAJ1,3760
2LsTBVoi8JWQkVg5StTUeCVzw3KxnaPEWZFnBmS3GjHF,3749
3ompCaBwqWX2HkknqVR4JYEqK9NjXXsm43sRvu4kqvhg,3768
GARRQNHUUcXxMYQrEBRmd7NgRq5h3bGGWjgJftB61oWr,3760
8u6CDHRijTYWpgXvi4FiVpx19bQvFPLXQtN4aDazbhAe,3748
DbuTo7HK4tftW1Lvq9QrmQ2yWiryaW1dsUJY6uB2YtYB,3755
s2QuDqFYDKba99zCyKkRV1wqAs5PqNyqvx8uDhiy271,3762
41648EhF5AE2vwstRZcSKH27nYkMAgCteAEaBT8b3hLM,3763
4Uo6y2F1tnF1ZmQPpaqSr29x5NW4q2nHgaTSC2fbpuct,3761
6dqK9FvXQTeju7Hr3Y1aer3DixKnxNbQsGH9zd9P9Sxg,3770
J1wuQC2s6K5Rcf352UPHjuk5uJsXmFdq1kw82v77N2Am,3771
3X7vrVQSETBk8CcHheRWRfjQWDZEWwBrm1ata94Qc825,3770
HmTH9zGepeN1aLRufnKmonap1HfFSuKd6Y2FhReFVqvG,3761
EARHiHvu4UsGQAk4U2Xex3EFnufJZD2H87bFZQoA4mxJ,3855
Gxgrkam4SU8WauEy2pAmBY6nqFzxvJjWRWQ8SYoVt4Jf,3834
B93hutusT2M7usxe3GbejSRrA5FA6yWXosSFLUUKZ8FF,3867
Fz8p9qVujChdSgBDuzhpdhiJaTK5NQUTm5ypyfp1XTWV,3844
26jYqhESoyvBXNR2N7qebTHksWRGGPcspaPryeaDNzcc,3925
6oXkw2mChCNtAnaebJazefJKbLjksiv3kH9y8rvRzUQ6,3891
982q9TZNJAnXJkqizpYWMSEb3hiCd3byjUYbhutc3NzW,3914
Bxfzw832azonjjEYUSwHEEasBTHorZxF6zr8zzjFrwsP,3900
HSFtpgXfRx9zqaVYZWFNZETuT7URUZCbfLmcwCaF8CWc,3880
HzohtfTak4QDqhJYoHNvBbrhxaSuZL9RebuSzAbGP2to,3904
36qkzufGVu6KxJkgkUcEAPFpp2xrYchm6u3hW6Gw2LU9,3819
EZScCehyQs8tTkkzhLkHrznWfoPh3xBbqikVDLQoQXGJ,3814
7txpRGg6bbbXKeHRhPve78ijGwkYytbbF1yWvsnmkL5g,3889
HMPcry8zJZU8gq4wiWwVLZsAf4936F3rh7QjVG5wiLZy,3895
DhoEfwkL2kPfzrUfSrkQhCX8MfSwMhaaEC4Pw1hP31Aa,3904
6ifazJb6qLf45Edi8M49GGK172XEX37HXuUbM6efsUdh,3828
CUxSFEBwBoHCtW9AcGBMeTNvkLTjYkRb2KgePCphYGkK,3890
CUGLTEkqKKFYU4iUFtLHUkyct5mWp4M58Ci6t94U8je4,3835
5hTH3pXbL52L2c6BBi4osBwar4YgTbYLT5FhpbouKJm8,3834
9ddr47obus3Ex4VEkMww13ykojLRLoKGz3xHPRcRDnkw,3872
68ew5AKxSuWR6Ug7Kx2uUMTFgi8EvH1S8K8Z2GHtBBn3,3852
6Z3UXNpuWEEg6hv6KUs8jQV5axNyZnZt3gzqigEnQz6Y,3769
7ZCPHeTeeV3DiL9fWaMEsxN5aTcpzPLAvWx3ngzG4TJe,3914
6JGrofT3gjPrskY7XHkrSLwykeQ4RYAvxWpyH9Lc6nMr,3834
9cG5v2eEE9kvsmqWZkMY74uyq6nyB2WZ71mMK9XhaHuK,3841
7qH4KUvJ8uGkTiGMu8nJ4wFjenaJzwWXFdaNkyNJhPAX,3970
4vETKWyL4e75yzgyp5u6Kkvxyk7GS6otTMAZWhgBbfCi,3872
As3Gov9dgPHsm9ACEtN1GTs6YRJe3auSHW5atAZBdBWJ,3892
2wZdKWt9oxcN8pMfx9iDyhvusETVZjpnQXx7ZKziHQgH,3868
6WtNWB5ZYE8C2WtcB56S8M7Sw9LmW5qZ1yr42d2E8Qf1,3877
2ft8BUoaPNbprV3rou8Bz7ZJn2p4mS17Cqz3xwNxBKUF,3960
GdERrWjiRyfCLrNhdZ9WuBjWEUUxm7Np8Ke193t5cvab,3806
EaT11wNXaahbV3UKu8ntmcFegdGddgpVUm9MuVwngvbU,3841
4S6FvRMkaZ5ghLrbmRp4fm2qkHoiN1oB37itp3JhW82N,3826
7ExykymMk5VM94nEG8uJKi8e25y3FZFJChZwir6HafMi,3855
48AkMxxb6CZWPSK4ePkhhth7CfK4S2yGYEdgD24hX7GG,3875
Dvu4kC6PM3d7xRjFyfag2QTH5HvmkHVaLh3nUznYThaz,3972
HxVYm1i5kzTWJyg5VfVuyBHcPWhAQDnMJVMWBsLKUSg5,3975
B4WcuFnhZ5PH5dtWeLnE8MqTxY4vNDwT7fw84xH5mZp5,3832
GrFFGA6LNrZbQ21AJHi3auP9DwzQE3Wkc4R9MLtHxiTW,3819
F22SxRp83MPjZRWcHAhY1JnkGZyuXAodkhx6E4MwXgod,3899
SgbZ466AnmoCbnChkdYz5UCrnUPcXo5GVMk2Nwbtxbv,3843
9ax7gcvUgC3mhy6FGME2bch7bgJJx2Mcx1xHE2NGHgcP,3927
DYUh3Y1JY2SeSC1LjuoBzu1owK6xDjTKpUuxUeKxV98s,3989
3rLpftryGuZwE1j8cjgCThTTr7JZo46nMRaZc1426Kvz,3824
5McgiBWFfGiU9GYErvktirKCt8ZErVZhQyMjRNyS5nJ6,3844
9rL4Y1AmBmrB32Rw9DFpoodETgjHjJfs2GY1waBjSxu5,3835
7fCx2mnGZRdbKHi9aKFREMZPMrfVd4EAseNp7cRApydK,4029
HEKQKnFHDbq5SNGrNV5EaehxCP27MjY8hC7mMUsy2g2Q,3851
72FkAfQ4ScVPMUAcTfzrPPCAMcoi3C89nHreWrq74ma,3818
5xc86UnKum6hSbMJu6ayv45gv6VziAgUjpWqRug6wogH,3813
AabnRFFW4rxqcFwTFSQsRQuAcSaCdzagVr5cpD8j77fk,3842
6yrCpXaCfMobdvnVogPPMQxCdnButDxhZSgpYz7fFdfc,3852
GybuRSWWaGdW3Fd9C4deWSvyZhmWxhvFQPqjBTu1Zf28,3841
E47H416URCcJFvQ5vEr6BkQpXoiL8adR7W7tGhXb7zDN,3888
FbPonaUWQ83pT8WbsdC1PW8CykMtsehhFAt8DaUoMDbX,3844
