tx_hash,latency(ms)
CaX62za87jGijK5ztWhTTVHQjWfNHdjo4skkgyNUchEj,373
CSscwdsHW92eTtDUFh734M6vT94eogDgcvxEJsH4qDNv,370
4TiCGB2fZ2EhCfGMrK3XgvH3DiW3i9RKJWbKdHqmLxku,379
F8bW71DcBc7C9ZQSBXsfWRyaZp9bWxKT1nyPm4tSbMqV,400
9oAuWexduibjufrefEDJQs2KXB1KM5Etu4epU5SimjXu,362
EpQ9Rq2nC5Eh9R8k7JY3qcCX8Gnps8hM7Yi12qiTWrUK,357
7hJzn2V3yma7ki9RiXAge5UVRbJ7DSymXDodHyPAvpvm,372
3sNfsXq52sjHWGrADnEgjV7mnrRUEHdv5MthgiPmNo3Q,403
88o4qFSCYctFAkNuLDENV2m2wJwg7hqzpdVvYLpzVAaJ,409
EsUgsKjmvHTbzaGZxW6ZNvL9hCkLwzgeJdkno3Qr89LD,385
p5r2qVZwVUkU2WmtZwnHdzN2pt6toCKgrADZQMjks2A,370
4zkyBKkms6YS2xQBrE89uBoxwbdBg7DLaginWhK7P6d9,379
ENr4XESCamif1TyfBcy1szg2SBwSUkRn4hbi4qgYMYbE,384
9EnnvpPAT5XJvyhQQUt2AadVBWWwq35FukDcs5itVpFy,374
AyqZF3oVmCyeygSHiXSsWwpQVPiViFYkQ3ikqS2AWKrx,380
6M3xdKyJTTUrYMHdaw3hKhorsNJmAmPFyTfrxKKQW4Lq,370
GsD725YKdpe5d2fbNUka7TR8m63LwTqia1iS6V9cRdL9,374
HHdq2cSkrmfUUfNda2KsP9J17V7KgPZeHXF3wUcJWYT5,364
5zzYFMuXtxf6sMVKsf4GegDy7ZXdRgoYyr84FdSjgzT8,348
B5cxsbyP8HP7c66jNmWDxcP4PHMJs6YeLDcc7q1yAbV5,377
9qzjjT7dqqkT7FrYdxERnDEpxErbyAXerwMuhRYBXT52,391
EaW6KjK1DQB6shnXR4DrZqXxHkAJfFTrb2t96PhjEg3W,368
3xquaB93w789jSNVwfC5err6hzsxAT1dciqKwnNLUyKM,391
BGsc21CZDW1co3t4i6TX1QkYkDZXZZ1nKgbSQay98Zpr,363
DHCttRTbBY4XCQEjxs6o6E8iPg7kan7XYsgKYx1jVUua,348
74WVrMEhwXMXEYgpL2d9zovP6fnnTsadApaBRhXYTcfY,349
7Hn8k7HVGmZpWKfyET4FSNnSvjVJESxJjFjmTU9wMViN,362
4HABmbNgLQHKv66gX25tKkCMAgsuUVoDXUf9SeBPvJTb,432
4CUnLJEQmnJJYa1SN6RJBzHRmhDxMWKqvPpyNQSgo5Vc,390
FYC3zDnr4DKnSQEHzbG6GkDg4JFjgJMtf3mpes84Nby5,425
3yTAGhmQUPrKvHANLfydZCgmQMnKZP2p4fnwquoaWg5c,395
5N4JzkohFUqT5in6cBTVkJzbg7XZvSeRMKESku38J8te,431
9Lsqd7H7sJqVXo5baaNbhq798EFqbxYv4bgvo9h5Lj5H,431
Dw8UcmwD977tcdjB1iFxmhQvfJpV7N7dDv7uuhiwBunW,394
4hAqUn9gGsMHge5Ma4o9DdcZDUm3WcTgPatwQ1pSHZdA,390
BQw4qQQaxqPr5pEYULQV1sADrutzZ9nELVFndxv3sE6Q,364
4LMwetDsr6sH7YQMeaKxXuDxQgdkbV5oYAZCAUcpgKY8,416
EHUwHDnGDx4VhAk9kp5X7QGDDnJjWnhoLyFcL8DQ8icW,2362
9Z2aEEvgynisoYRU4AnRKAsJmwcrJ8t1ByssCk6iYCP6,2360
Epo6JyKZysiJMnybHVM8qW8R5WGWmPgbmjDtgcM45UhD,2394
6yK8WAc8NMRxZ7Gqe7MtEgYnPkwZ2sgrPK2nZn9vwfqb,2383
BpXeVDFoLE7Bu4iUfRpokjgxk3BBc78Kh6oUTX6auf7Q,2382
C9ZRTohs7FAn6Y9sJ9y4zpq6yML8LkWF7hKcRwtXjUFL,2379
J94WabwHAy2AGqwbs5n1cCxkD5tfDAw38usqqSREMzTs,2375
9gjT3UxALLMud7R1fkPc61YMWg5kc1LgBR3aspgWA39Y,2421
C6PdWruXEcZGA6NEoi3qXGVzKJwhqFpddmkYGKqbhzHg,2418
3gFgPYHaRmwCtQCtnADYgMkkTGVrAuBtuJX4BWzAViJQ,2379
4yjmjJgD52aGXbXQVKoWJDfjeX1XA8X6ek176EH8Yebg,2392
3GAfHQ6iYs9uFACbK6HDEqKndAt9BGJ3N24NAAnKtpiw,2357
7nqUC3FPGpJnSEb9mwCXyk1k9pLK8apRxViRP1Fkf5ds,2356
A2KcjTULK8cSADaEfko98rHKqaZwcvATJRXA8sVCGScv,2369
BDYagwCcivepwgzSazCfGe4xUwDLGoRk8DYH6SvoHoPR,2342
DtXzaanZ9AXiXzcR7hJfptDUck2hwUB7SKUDHrZWouRg,381
97A2wn2R9mkhoGnce9KN1FZ7TkyN2j2CG5AaHAN1ZskJ,2380
4Aksg1aY7m7yArk2MecD2fiHrmcJZsrARzrBdP1hw1VU,2391
DjfqJSJf21F1CyBJXJms9fMbeDNunUisBCPE6cLiDKdb,2368
HfZQX9EuLvBkg8TZzJH5EohhLcsfTLz2YdBMNqciEjQz,2359
ABhTdPWcPHmynC1ToCwqZXB22mUxB9qJKairCpKnxSy5,2374
48BRuGHqhQAth2YzCKj2TeezxidnCB13gqE5o4ucEcj4,2399
BjjNkRa8v3NRZMdJEJq3J8wK6jpF5M1vSRz96dwg24BY,2361
4TXeKAJb6FGqxDFSXChBFQSH6qWwERxVaSkoJufZyXzJ,2362
9Mv3HdQ687Ks5ipFw2DEHwyzFYYK5iyBj8Ah58YUN7Lx,2359
8dQgAQWT3KwGW38RGAoKjadkkyHAqFuFdVeSpAzQH7j7,2362
GqhPnZ7yavhh7dpMgxr7RLxqemWaUhRyrEzBPUqiuyU1,2406
bdy7kGT8ZuNamnjfvGmoMwear1BuxXVrvkWkzProDR8,2381
6ruYYkGVCaoX7EKyYmH4u7W138XZGghKzAdJ6VRg5N6V,2399
jP9CczCzrM1P3eHWviZB47RYkaEz5xr9EFgTKiZApQN,2381
CgKLkRRyhSERb376gfNuXRtW4yZibxiVt4Tcm7qjkouy,2373
7aEAh9E9u8ione6g1woZs3gEvEHV8y6nq7Pg8afwqGpA,2358
BV5KAhtcV15UnUobPfbRwN7XFAMBqTeruKU8hq8AB7gK,2371
2BZi95hDfEixea5K1r561PvqqgvvxoqPTedJRhf16vfD,2366
6TQM3ci3oizhpcXYcybPCBbbZDmRVLLVfqZFcShrG9r7,2370
atCopfA26ZhULwi8MvDwUxwiG4tbhuDmCL2Ri5uEtbE,2366
AajF1mzHLbzGfvWmWephtCcqpYdiUHzCwJ587umasx52,2358
5KBJV9CEVCZskwEDRNUufNX9Pk86ZH6Z79D6HcuS4Gi7,2358
5EGyrUbsPhUkJkNJ9JLJ7fHn81EzqAc3aTgT5JtJTEpz,2351
DUj4mTTp8xpagUWwBciPyJF8RBJRFPjt31Fjh3Jsg1rb,372
z4Cmz94JiF5K6jeXS16nCbKHAErJQGjbZi5imghkHqb,2373
FC7qzJ3iCUXgD44f5dzVym8CpM7QPTk37D91j5QMW9r5,2394
HM2eQWQzSUcaToUYX8uayFxivvfucGHfq9UCWyrSv4ht,2398
EFNd4gDYXg7ZdeiL6ir9njEWyQYE47WbXmbLfqLFmZqZ,2392
2gYyQNPFVfzgRKXiVihrGJHpBXiA9PwKiCtEv6CEh2JV,2361
HVvej65kQt6BUaRY2csXeghLXBMZZmx8pwAZQmdv5wCq,2365
3RK7mYyvrkizCTKqFAQ68SiwapCfvqYVJAeFrBxFiUq1,363
2nchKU2ypwNdCPcGeQygdvgDg9QK95ZFEWTwuvqRQHPB,2388
874tx7aAk9JkzEhH5QXqM17FKZ4sromoTCqJ5aJLUBJZ,2361
333MeF6udrVAydFrpHwszkdtxvUXxqLTmHt6WD5859Zw,2381
GGPLsVb8CBJgXiijd75VnUMXcSCdueGB3wnFQyUU1SP6,2378
J7KEeNeefCPs96zjbT49avKzWUYjfAPQ9Ty1cWygY8CN,2380
9EgmdoEx5BYYoXHB4UZ26wrsqqxKPDzLyDbGTr1tvyyc,2393
8P38J5C9hwRzFtFqXpYBkcgHtsJAP8E29CYb7aWzhbGE,2359
BW6FwUojDiaJnm6ChgxGEtRWAhndkmUWbRdFAMHV7Rgm,2362
CsT5X8fdSB6U9QDTi95kQDnHW1VAEUVHDBYarcfEJV4,2375
Gs4TuTNzwyocKrfyFTquosU2ZPCkz6UGEa9jDG9Yi8iB,2352
Fj2Wi8EMVaFKGBJpKi7B94nUzr4iHuvXiMp5CMczJXZc,2352
GgmmJ1xeKtB3JqNQUxP3SGPp5nLL6MsDw2ks9QqiLjDc,2351
AFda3YnmKW5Sq4cowX6cXLTYfv2dRHPDn36fUkJ8U7S6,2367
6NmQNTYm9Qv8dNbpbP5bHtczz35yufqNzoVZFoJBa2VK,2392
5kZhjwEFtbJRdAucaumZnfN4QQ3Ly89ZtjbK7fJdaqNY,2371
9AzZSmP5YzctHvjZQCTr9gRZJc2XZCMqXrU1Sx33fgi9,2373
4zmcxmdkjC6urqEGJCqMB8wCNs7wbQ8h5zzwp8CGUQim,2384
Cbb7NbFoYSx2SBC8VDmDq2GAvCQqNyCAngYnDcvv7HwS,2382
EbhXoZAnx1tNsyjMtzMxXeTDtNFwspsxzVwo1LEZiBp4,2362
Aec3iezgSKhT1k8yWssYEuJ2Tapo4ghzVbQhSe4tKGM7,2396
75tfuGw2rKqyb4tMb7uEXtEjLo7Q9yNjU73AGKmZPKs,2360
Fha1Dt2bmzhvfKchti3WzTL9RKv41zje2UMEXDLxkz3J,380
FRAWjfNsLNydanm8nQv7PoP1poyYYrBrynnnm93QTjck,413
8BUUhD2wNAULpwSkbsjBMSdxikimWWtTayEigGDJAYHA,2362
H6JiAbx6qFNjGipsoPfV3fjHxqD1iSku12SnFvWwCMkz,2389
3g4SxDzxXkRqvHPS8AgyaBeFXuQLpediXNwJ8xwou8GD,2386
DCGiJZHsyPjwcTgGJK3hFNGQtTuv9yAmUHCGLAJF38yQ,2376
9e3gF3Qw7thNauzLQcVztnzVtRM4WkbpYpfUiWJF6ipX,2393
68FnmAxKE4tpVt1bSoJc5j3oZeGE2G2ZHPw7xHzLvFQ8,2392
5JTQ7Lj4F4cNeqx68xPbzFEZN5HJEanX1cBYz2MYLASm,2364
99jhYAeSbW8NaYCc98sfQvPZTEHHRbtAiJyQKCJdMecq,2369
6KXTQuMU8aTQRf7GxQor9hVwrjP5H1Faa4zAgmiegg5u,2376
7tbcNP4qgQBa5nPv4LTtbdnx3FihcUyL4w42wjGRp6KR,2356
GsS3MfPSevZmSnoLcScqZyrLHQ4j9vX9KUxBPhGz2cUr,2368
BLfxoQ42DvovvB3kPvhKtTQVGWFoBeHJqsUtAM32Q8Hh,2353
2QwrpeuMUZ9THdFfrryPj1vZDVgrus1bcbvWPYD3pizB,345
ELYtY3LqjsyWdDMkhQgJu7akunMU7XNibM7yN8khr7Zv,396
5MwKXBWKKzE3fkHVcnPN3h5epPeSX1cbz6TZM5NwUros,388
BbFDTKnKHkcDrFbvPPHbQihTNSszo2AUwYrMEqQqMfLm,360
49oTwGgDL8DMxAXJH5hnpzfqqsyicicNiHs9yQwKUMiB,2353
9b4z85S7MqppgL4eyXat9FtB3uZU7eTevnELj2FY71A4,398
917Mq38TzsSs5bbApjLdUo7RJQYdLwdeun46nPj18zkJ,2403
6APsY4MgC3VvWfkXDobo4Cz9kmTz4nvUDE7dC1Tr7nCr,2394
G2PYaidXPvm8Vn3SU7be4kisN42sJqbgua5y2MmxTY8h,2353
H6WY4NgjsJ4fUEmzgzWtyX9MLm3fnX7bjJxZX9ZqBiAS,2360
DPophxChGH3oxeGpcdWwKjcj7eFPp3yoJqHRRavPFkkb,364
3LqSUVpXHikg4cvFnNKtYeGpLSws2HFgccs5nf8pScgu,353
4cVkyszjGuPogmbqZamsNcL6guqpSihDxi9vGjEUeoe7,379
5AbwpPmSPU4rjzQTzfMc4MUK4RHgmiURa7EdZfKjUNry,396
uJS8SaU2Kt9QQMHU16XS53HojXs5TZajdDSTh4TAvAM,379
6Tpn5HCgkKqL6s7bzLKTNJXGtwn835oTXisBjc7ar9KK,2414
AiWK5DFNmZ3Qwzmfrwrkq6eWkqsMX5moUtHEywS7s77K,2372
BkDsEjT9GFtCsCekS1TLrntzRr4tuk5z7Qp9BxGpWDxF,2370
3zy5nsmCQJJeS3wNuwBV84PmhTXC2mXvK3HXafd6TU11,2360
2X1a5DTJjcH3KuuJJ7sUrM1FXwGuV4tsXcAUHH8ZrsLB,418
C74gWJWgfv7QkaZnXFCDA42Jj9pnQwtLHnFRzPtVp6YH,389
CogtuAvPEfqzcGt3DJyYt23cKqgt3S1PH39BuhSXhvmb,373
86UgpffLBhv8Pau68oZG2SPFKz7ZCkJVMtSwxTDCfrqZ,381
5K1ec1pSxYKRwYddHCzgCi3uCBu2HSVLHcFxx6CNDw83,375
DTdddLq3f7RNJoJLxC4gvE9nDWXawMPbzQ48jQQAv4v4,2380
Gad1xoJEoS3QYngUCp5MbkUV7eqWdSVQbNLEcw9Fqjve,2382
ASK9t4mzHd96ra1Go5J1s9izh9KLnPWKXUBCkZqFKq3U,2360
6gQfrPArMUob1j8UwnDDT4HZE1md8kFxUWW2Fdx9KPRr,405
BNFHttqQSjB4W5tNzF8QDf6RSLqewBTCKFwDN7bJeUKM,406
GBc65SRvfckfnjn1v7q74jGhviv7apVUBe7x2T1RJAoH,388
4w9M83d4PMBA1LFBYRgPwZXRa4HydkHQan5HiGVF4JJb,379
3FfqhhGhAyn4ttSRKhPjwrLisf81iE5NrtCcBxvPE1bb,381
GEwhSu2WPnFydjqaJhhZc4AyyYwKbSJ1XY7J9QeovoY7,379
7Tduj1Z6ejEisxTeWvRbKafx4PVZorm7uCMB4Mxnc9Lq,394
AYhmi5hdVjD6mtZfHQyWaGGu4VYzQt1meVmehJVw1FgL,418
Dezs5eqkuxKk7BvqBNJ7seYgxk1rfjgoXiVmPZVT83qy,398
AiicYj5PSdKysxt7K4J2uyHPk9YFNt41TMKZPpnJeG61,2395
FkzPpJ6V1maTGNn1PBqSv7AhBmDS9kZ1pDS2eMGchtDB,377
CyocVeQf9fWqZqapsZukaa3CHLb6BgYzgTKa76MQSLCq,362
CFinHcyD3FeLvmzvVW875U7Rj5w4tKVnSw2yqroSS7S3,404
3Sie3SpYdej6ucgBaNpZaLhZSpeQdjCGkSSRAMtsA71R,374
9Ty7EE7SUSQcPShRkjXPcy31mQe6rDuxPL2fxaEDaxxv,395
69W5PP9JBbN9U2qCY2SNTHZf99i5mSPYeLpnuJE9XdMt,379
apaxWhW3owt5k8YZHxZ3KwXCpSF2RKoorbeY3yCDHN7,381
GnA4LRb3pCU8pQMVKiCSgJvC1JsrpwTBizh5Qqmn6djd,2370
FPmpQBobLuM18KnuZqZGcC3SibLNCtv19x3bDoUFkm5p,2391
BGDoy6pZN7Cao9ERddr34YyKVCyY8BdSjHmkCTgKaSo9,2370
8a75jqkHjr3fofpHA2tJVgryKRBG5L8nxQkshUrBkfid,2391
4G5gBzju1EyJktZQHDS9bMvPZHHTKvTAqy3ychXYTTdx,2359
7hKFpsvHyAwk6tKsmGM53hX2bRxfMMoaqFYX1EVEGpFB,370
J9t3GsTpMPBLstKn3KN2MeHsqcJapzdoXoTa5AdeGy2v,405
H7yjysgQzi66cnR8L6Q9rmHZwcoUq1tCTWSPAtgWBG4w,375
62FbP7xVvXFxZ9jR9bemDTXTwdJsRdQnnokQfJCWLxrG,2422
6J5X6oBSH5ZWdJouwaAmhGna1aGywkviPiZaKzDKkzV5,2388
GLzzhaJN97y5Ms7qGETo1RssndXx1re3ugDZr7r5w4sQ,2368
41FPP5k92xZgsuAwhUEeTjWpR651iJBZQCZiPQTV9JUA,2364
C7yACHkigKbRWgLkXqZMK9f5sWDcXHtPpeSWio97eJ39,2386
AsU4o8TCk13ZZmmC3Nozo6asnvghCvJfW26CQgQ9Hd6R,373
Z14cgj71E5QcjYUp3frxQXL94oFeviaFMJyGbD9BSph,406
3gWZzeXgnTJXjgWHUQcbaEnX3hd9qhh5LBbrw1GPpj2Y,369
GgL6oKebUJBSKqi7Qz3pzT8LdykKjN8szzngSEdRH6rA,393
6URRZhR1N7kEkqPwd8AVAeZ3W2P9bPXk6FaKYPLveoGm,389
6peEqHW1xpKyHkyLEpZkcQ9w1vSmrHaoASoUY55v6TET,2421
HkafZjVTMuGCm6Ud8kERxu8AFYUi5GsQvroPBh1pS4Sq,2423
G6yfaF3ijz6zLVz5YGmcUAfcE1Ui5RLd2pvKiHG71yV2,2387
6hsvN6WnVyqeGRpc6fQyDGfcqhuTSR9anYRtz8S6QYqs,2398
BM3N3fgubiW88odBmjyPxn6tvjDjm3gqYk9p1brePtVr,2370
CH7dYkFhHsM78XVEPuet5787jvEJhodHoGrVa2DSuqTv,351
7Kcf32cy8PCE1eWmC9gEVGzWeZggvfFMx5W5ArDDZQzj,2395
2fXs8dMVkSDt2JyFUxPQNJnWKZ2zgPavw99XFMJmkq9D,2362
Abm8hhTQ3Pq87dcsN6zF6wNZKAa33r2sYZfZ2ZtCSWa7,2366
Do32Ye4RcTTWMPj14uWKxN9abbtz9JZQyr4wkaWdQEvx,2376
DYRxCRrMEKLKnN53M4hg7uKzo8Da5XqLDkpZGYRr8WMH,409
5BWj6hWvZPVABrTpviwBbfWLbzzcnHDZP8E3KdQRZDJa,420
7aBDtof1888P2Dn2xzMEAwuCjhqn79DqjLDuu9NkoYMw,406
5uERpSoekuUf13K7PCvG8Qv3HpFnhzcUPhYoPNqe1CHY,392
4xMcQAuMT64zuppPyKcqSf53Wk4wy5rMWuyqD6hhCuEA,379
38spt4m1FwTqVWMBG4aGuEgaYY4iUrDoXai3AtHfPHUb,374
zpBG5HGjzqwtW2ngXcYcdDSNKTC11aZbYA6oFvHcTFu,2420
AgHQsyZgzvzq7VzAZaRuMtgidcKftEBbyFLy6z8ASs73,2430
B99Dsmzmk5vTJ26s4xGHzWyBhMQzVMEAt4ysWPJiyp39,2394
3SNrszxfMmEi745zS37mnnqVcexhWZYdMa6utEHqwttS,2354
3HJurwFQM2L5ZE7JuDZkEnXEcTUqR9wfa3UtqKMq2gBo,2382
25A2N4T7o3cYenAC9B4dkXN4uyJSuhzBQLQeEYJXgi1y,2374
ACYxkM3HuVEp5VVtVeP5vd5izZ7de2wbphrferDMCKRu,2380
FZZ3zxMH28FfBF9PsrfLYmz9Qok4QeAyBYc7B8WBjMgG,2360
BFDjyLYMSwRKqVmCCApVNfn37KH1YNhYxjVQnjfRzZVf,2422
CwvQqVAH8VVwgfAydsovA7fMwUcZS4T44LgzFFuqa1Cm,2399
G84aqWPiH3LFuTB1bAUSbszk13j2FLWNmmp3xjTWqtDa,2430
ENL1rCmAKpFTSP2mT7tfuELkYrUDs3WkCUbUjviwYQKU,2359
xE8zKwfmnMmycKeM38PWVGbHZLsSToYdBNqMQDWkygK,2373
AwdfkWxZrR9hvGDCjKm9oo8KpFJiY8JeisZtawoGtggQ,2401
Fc12PNy3iE3bnSFczBcguijEE9Jca6LnB6jC5Nig2x4T,2389
4xwKzHQhBiN3XWBxGp7CpuP9k7YSu5f6FLYwGFxmapGJ,2350
4aYWExukAFd3SZUas7qQRNJxwFwqmWGtSoz8pSJpQLuf,2376
3UBtihEM6WEbk76UNaAjYraApDFR1unrHFEfB3Yewr7N,2383
AXqyqot5jMdmX66QioVV8m71fNpy1nuLKA5xMpffNAE6,359
2ugfGKsQCaRsEq5Pqm8dcPqM8tieUQckt6dBfNQQKAEH,409
7Q2NZMTTE4v6rh2EuRnJAop4o2KWHP17B2ztntaeHdYv,2366
3oV5TsJc1fMWcKz7ULWkAySsynrKMjTWgnE3om8yepjt,2345
usdTjycrGNmQ63AjSCX4HnSzTcdXubaxUND185tvkwE,2374
GZvtfWWMrGiNEYfpdxqsQeYiDCRpLgoRSWfe9M2QCi8Z,2336
Hn5xX39RDDYZbfSjeS5tAyXP234nURceSaQK91qqGtD6,2370
FjoiYFSanP2i8eGmLp98t3r1zXQkFHqNzfmkEqwM1cyU,2380
Gjyb32Cd7F9ixwpDxJMDhnvHcRHfTELLs1Q62TRPqNcz,2338
EGSfk3KkXy1UG6C9ni8x94ZimTtjkGrSdDdrpghUbxDi,2354
HpvGtKJxChN3CCJoH8QZBgQV5K8rG7ubRxnRhoXLi1Wm,366
3463NseysqQ45ioJXQCNkBKRhEHjdc5Qzg4XhHX7RZ7G,363
GXuhc3KVM1XTXKbZ4RKz5G6n4CWapX5ecRLe27DGgpdk,2394
C4sdQ36cYXazryZtN1zkaxpmhjwsKfscjh4t9dZeoi9D,2363
2SRh41jNWfqNFL1rRJLa7GKsfLnfcVPxcFPeZSwjaU6L,2391
FSu8X4oMjk3BZzVLNbA4PL4agKeGFp7WWd9q8KveBZEd,2383
7BL6md4j9rL3px4ZEG8fJzgJDyjzRdPNu9SPSHLwEpcB,2362
HbyfMg5UgdMZKKSvYQWHT3Pvtn7qCWqh6gZiNFFnWUjC,402
2GtbMB75WM1n5y4zdepMD4SfB7XfATCd67U86wVtNcxV,416
A9bAzKqxwJ748frZhR5U2rPznLxe25r2cEgcgp68xgZ,397
BsqyRYaaW4cp7vj5saVQUHnaTnpJyHPiK8GmSpn9DDqT,2346
9uEyLXg1k5SCo4pt6BgTbPref9ZeWJ6Zo2SAL5Gx9K2B,2385
4NThz4Au96YtxFHLviJt7YdYdw5kQifXi2RcQSrZQeDt,2397
Cbsyq3RnjdvyDD95nbqFTQDBbVfftGvnp9btiDpV6dzn,2372
29p7t3H6WfiRm3Uxxp3AGwgFYbFqvf7CKobcCVw8tv8G,2360
K5sEbi5xShnH4nPVyd6WvvfaahFYfhAatvQ8gY7QjvA,429
5aVFnAxjFgcvEwUsBW2kspzsjUwmNjM9CffCzXYCgaxs,434
EDjMd7qyaT8gVS4y5xv2WkdbsbUYTfC7HRfF6T3SrFRH,2348
8oDazkzZdKkwALnQ55MFqLL6NvrLGxrYRn6zmQR3wk1f,2338
42afveEUecuxvPw7U7ByBVKniNCyi62JPX2uRmJAMMbm,348
HZAFzT7TQwcfqXnfgPzEtse65sy25t9HCREkiFCzkYNj,395
5Fk1pYzvirtg6d6wVwjn8ZN5bEM65gR8zBJchbPRrh2E,397
Hmg2sGzH1oezrCBhFgJnqvFpD7nsm22t5qEii8CyJaTu,2350
GUtSnyvKUgkYJsieeqhEH4HBW7896tDACVCvANoCwLMR,2345
mqdFJNuythVVW6sW8KYD1EhhNNNYoyx9w97kRwW5Fe8,2397
GThrLLfZuTCpyCNAThi4Bpscdf1DpfSFviGitsAfU1h6,387
FQ2FiUVxz9QkaAsaT9BMVdz93MU4w9w7vdHZGv2AtWPk,344
4TRqosBnxsedGZn7usHeB6WKM73c5BHqBYU8oRedfBhd,2363
48DPKGE3u3Ab1vSos9RfTtCZo9vdupiZiCefKisnuYKH,2386
HhYchvw4hv9Tm4jeagWCjoxXcDiWHYhEWmmccwSgB46E,379
79VaKMM8zcocuVdLqtXoFDeoNE2jDjm3GNkTmF1s5Pdu,391
teLkWJ6qk81H4kj9izHxV37v6A4WJixgAFDFjThqfuD,377
3GMQr4F8gSMFshfjyVjwoXy1haRVCnQZXxLyXhhAQoMa,2360
HffWEZUqjDcCGxgZHGD6VmjRa4SmBGwmw7WRjQq95xpM,2406
27ikypD8sVPen1Pjzy8vyyns5ojBkuSMPwyEM57CbqQ8,2395
JBGcG5SEpreMExFCzDAAyEUwzrxxepfuVTEMdXsyoWFe,2395
NFSXdRfg2BJB5t2qeH3J1bMqzJMER7tEbFGTHHsKhRg,2397
82frDeMurLRtCubec3HpdtxC2MxRAQhNvQxaVzVMvsbh,388
2dYZKnKbnMhnu5q9DTwUA4QjnBQ2r3rM7WhBqPTekeNB,387
AKFLcX4xVCz9zsw7aiAvrN9aqxrLyNKrRzPYGkRRETww,381
2EZbezfn2kEdfRdAEwE6RacwyMk3ggWCM1kxEixoEh3k,390
HNYdaAFB24Mf1izJ31ZrLHw6RPyM68D9AQ1nCUTnAiDC,373
BE3t2p4an1t2MLuoZrqLpi5BUR75a2y72JKaEUfNVG6F,358
FxPQZ8fh2kjzLy6X6i2v6BFv1L5wueqAsiprjoycTWUw,2397
DVsNU4MeJjTC1qkSxNtBTp961DjRQ13GfqDFEZ96jfnJ,2387
Gx9Nj3qJZ2tcgrMwmriJMgB63Pkm6QTZFvbVBoSYVQHD,2373
Dew5CYYQUeZj3y9c6imvV6VLnA9Pbe1pzdgi2a87jDST,2409
9dM1it1p1LooLEtyUkfTKuZ6ycULX9gRCdBrQk9Dk7rp,2383
6essnKZutgpysmGPqjPQuSZeeN69T1kZWSTsF9w4iEHf,390
5U4rFT6D5s4dcHT3Z8rrD2j74EJxw4fJjQn7fAqkaP8d,386
7xbNgch361BecRJP4V9zhHSP7X38d126akLnWvNJT4it,398
Bt3vRCztTKx4Mo8Fhzth2inFyPTvoy3SNpgoMSrZsXuf,428
7zGkn5gFbVDw1AgJ8AuTmgv1qGpfsg2gFqcFwBLiQmXJ,411
6jzsky8mAzhATZrS9swm7y9bgqSKxUXQAyDAFMHw24xd,378
7VfgVatKaQMhNUJaiY4M18XhoDBHactqxL6Ji4sCi4wp,367
b8o3uErV8tuEpJS3XkgrJ9mcoj7y6Ln13qWFQk6HLgY,2411
A9s83g2P2haEzxWuxQShH7iNxvfZqmezXSbDZBijuL55,2390
BZw2vuvmZRJWjnjM9AxEPKauqc5ChVTSeBkzBskvW8Em,2364
9bX7BRd3wMHANSAgpTQL1jaMiUpAXNd1U2zXxu8zMKZi,2346
7T3d6NZgzTX7HSGL97nt4BM5J1V4o63erAGXxHxVenYd,398
Etd25Pz2s6ptGo4G1bhyviWKQ8DQVzZfEAT8CPCtwCxU,389
DEqUgLcVvZA51bs2gCMno4S5w4Y99eCmcP9MEnivZd5J,404
BseTvhHMihaWK385UmvQsxtYxKAJXuk26TABEtmiuXeF,397
D5Xaa5gPmojNkMqKtCFuQhYCd9zzmkeBMKHV6aci5c6b,405
24pDdt2GG3WV97bAA9w4XpsBbWdvwL8MPPWKHMaoikGZ,2364
BSDiSAiKHpjAKr2pMbGg2PQdK3neJP5yuvhF2pV9NqoX,2371
7txraNMarwNTUfon43yj7qU8TKBDxN1zmSK2YbwhKqKC,2362
DyD26nLfc9okTgvbq8YFfy6j2zKrnTmh8qiRMBz8xuZ9,388
7DypprSZktDUjxBWoAerp3SB5NckKAtocvdyVSB86Yr6,2364
Cn5cAzsjGkBDx7izEpz8xBy9RpVpSHfuBaXa5Mm5mzJ7,2355
HwqiKM7zmzGM9VRL3BcdR2892udQQUs1jHon1g7AXy54,2362
2q4s28S97xkuNQ78U7Zk5QzpCxZMehQBEDiad77aYhoW,2340
33v8CN7RC1mAL5Wma8XUUY9Hwc5th42ayk2rKQd1QxDj,2361
5WFYtnTTcJ3KeKBTLyTuDneQzjTX6yJVeh9jJESDewcd,2338
8aVedcrvF2ekBVbtvHosfGpFeJ2wisa7ZbYkFXNybdTM,2361
6tTi4dyX35x4q2YaVioM8kKHSFhQ2FumfyBGDjnvg4WC,2399
3yS7Rx4TVrXzEaNN9aFpCFDaY9tb5Bsgt37qKQQHopFS,2386
98qXouX2b5BrVJJ6g6wYmtQxAhx4WHjTuxwjjh6Fo72n,381
DMNM82qT39D27XnDYu6SY9hWVKWHYkBiJRaEZiwCpENZ,378
D9fZCmj1NwrZAr2Qys4aFub9GCF9DLevQbXocVn8QnD1,360
BUuAN9BUsSmRSosEaTs9mrgcTZzRFaqsgfrZ6X1Ej9U4,363
8cFP2w4AKZFjrTqEoyjCo3F7Ye9xoizUTxHaaGHQnz2U,357
64suwSowbpdP2iow7orms5wZkyEKL7Ygq4Cd4dkaAa4M,368
4uQVP74gJ1yaMw6RRoiJ6pbeCqnpDxCv1wSJsn2ZjC3H,2399
ACbQQgKR4tARsuarTpBijECsanyeFkbgE4Wt8fAXfTwL,2365
iiFeyZiv49YKZ9Su9GBfgfqS4ipEVkcojs49qNEYTTb,2391
DY7pceqos5bFVevT1SRatoJ8UK2ZNk22yPHYa6wbZb1C,393
DRW9mZBFt3KL2awhJ7TUcK1Hzt3Rsh9KfmYXvS28Mr5d,374
FqsSNNtkaLVyDwFKuuPJnAxoJ2niRrifBwVq8sKhL2MM,381
H1c3ArwqvznMv5ARWAeHthSn2XPVPsn2J28PKUWXcyYf,2418
F1NZ5McrSobuUFQ4qQvH6TWCGLwUEXB2Nc7cgXYWEJGF,2386
3FjDM7q8wwDeFBn1RLYNh3oXh1ZWAa41AQvykTYZaLrd,2436
434ccDfL2HZM2Wa1g65iKgzAtRw6tUNtRydj8CpcdbP1,2365
4Yc3FmKtKaJVrbXoxKUmeTjLwEW14qBvVmJP1QCjGT81,390
6yjZ5FMocsX5kSkTCwex3YZPPB4acrRB96yiCjwUJv3W,403
7uKPhoNFFDCAzLeGzdP649RxGLDkf1bc5xcBbiAXeee5,391
D4EtGyaWTmPTeS6bSBYNjtJaXaUPKMTCAFx84rBi1KGy,368
CRxhponNE3CNVaXRqLcrvji7ZaeUCdTZjtHCPMz4bmqC,390
4BqqnMpsagDPWDBoJW2rpmUsa6i92oXz5n4iyNLDLZKo,368
6Jv4mHyP44JkhTK8iZ2jFPS62ed6D6hgwhdUZCRgnpoE,2428
6uAA91oJcEBJJBHjagQdzfijNejw21v7RT6GrKScwo9D,2355
7Q1SGwx74wH7LYLxvmGMMc3LXQfnN9AivvL79b7g8EYy,392
FViFVX1BYiP43ZSq7VD2HHUX8hWtubiknLgtWpURMMwX,357
5B4dgf9wv1tMs7Mfvd2pJG5mBx4Fu4aQFKjs4DSSVHHM,376
8XK9NideYaoU5TPNTNnqWAjQiSgt7JHUa3SocnuKj8vp,373
CMdZoj6xoJU2pZSVnnKRJMJWvFoFKcYyfuGFBT6qhuoW,2352
98aytzdC7ZT28tXCs4vECuPaJ6aJ5sRTCHaKLmHcXzTD,2352
CSCJiWyNM62oK7EQqEsoP8uk61AebYGv2sALrk9z2YFF,2379
GYCsJxeY7Jy6akA2EXTNnC77hVqzZUdS4wWKWezkSmGi,2378
2viFCF5n92uoUDdZTuj6YJjptKfyrySgXXapLdAqAdmW,396
J7Htxp8hRJnMd3HTzoT7U3V5EU8ZeThpmPVwSzyEu4pt,2394
AfztPrsmQdon8LM65sGzDvW2KiV2vPy4CdYGUyCiNmsx,2360
D3YDL2kpbwFnvFoGLssLV1KKnNxT1vhQNwpiJYQHwA7L,2383
6tEuGJLfFZM7HQbyfPzLYryQ6AyXsXVK6YwbpLVCK8rM,2375
71rXomnnaNXVrYtScByLAMo7dYJ7pu297MvJd5EDcpJw,2370
BCRdLhuDdC9fdo8ZCgGbU6jQfzwjTPrR4BjbnwSp9wua,378
6tT2SbezXHyLSUKa3DVwDuDFNJqdRmDD7M8CmcfdLgsa,369
FLE3ageaXyZAPAeffmtXcMd7NzHHeR9qBwgBFqLmcqDs,358
DaBBjWZLx2GGq9SoYRM4NvmXQfg9HEJ3mbPhH8YNwY5Y,379
3GR2MnfBsqRAcGjWwCNXyqNbgmXrFktDuKAxafsr6V37,353
2bAZNf1rcRHDh324QXT9bbd3ZjYVPHNZjW3kuUVGaU6C,391
7UPovhHAn6TsCCnJJPq3QfjKPdDrYxfXajW56gFCWoXL,387
A4dMf8ETCvrXANBCtAKkMuGLwz2LoX5inDaba3vyFNzk,2370
2p2VGoD3JmrXPyG35d3KXPk8RjmL7xP46y1Wc6AkUVGD,2384
9sFoNif518xCyi5Cia5QVKGJHFTAShFGJqcTHihgL4jr,2374
8Nc6ZHx285WLyJkVUNDYUy3ZZxAuzx8QDGt6J8HeA14a,2382
AtS4o3xCs2n4FeqGJ7jWHcCNSM4TKUfr1hsST2cgtQv,2393
8yDpjybW83hbBkeTviXS2HVPUNSuBTpge5z2iLmkuWFq,2361
6YhBNTMYYnN4ZVQE2Ng6TTCQbtxqeJ8iyiiZny1oXQMo,2360
BVBXfymTwSACk7Yfw4S9Ac7QKnSzNtSpAKeuA39SXiH6,418
7od7BFZ3UCXWLTBYvBjwTd1EPWachadPrhBXbwvG2KgU,388
Ecp1uMYM1Q8Tw13CQR64Nz4ZQZGzTcbF6Z6E7hLeFrFu,389
BgnCsusenCD93EnKCzVx1pTJdYAe4qRwrxUVZWAkfRMA,2384
HsGfGrrT2r6rHFKkRj2Lro3siRbQzB4m3ZNUZT52YTvx,2348
C9RmQoPeqvPxNcSfhEs6fgJrSGQLJKMfkPv9HwDM8CJe,2391
6E8KtsBmjSJSHUmmFFN7SCRixaAgo5C3kzADH4pePtL5,2395
Cku2mQn5CSz2uGKi6d991a4g5TL7gK3kBJyVT4ob29rM,2375
HrqaH7T6BCwC6pZ6n8iyFeDsEPUnvxDYyEHXEQBb5chu,2345
7zFRM3M7SH3bZKofg2bZrgGxC2QpHTM4q8qR1UKKvfCJ,2363
GCDUKF6xwfjo5JZ32X1Jd5UYFQ8UdoKk7FzHuTWzBmET,2347
9ZryRKXNTCU7iksirJxtxwWvmdsqByRSNKw4wJTixuCC,350
6kCYkicdABqaptJgs7z9Bai4CxM8uhd5PmebMfNGw6TA,2382
Es3s19JKAQ4zyg4TH8c2iEpjseU62sYArd1SShrjg71y,2364
4MQ1urX9X4sjxefuRLdgEWWFxA7EPytCR4rS9KobrgRD,373
DCxAsSJ9eZFDoqzoPX9cpTxvMrkAMzwKxkA13MmjvYHu,349
Dop8bmf1qRNbJWGA9N6YFRBE2sHTHuG8JTNP5pDZGWzP,382
9TBUFjE1tA1tVvTYXvHtKvJkrQb5Bhuio3EhnrAQC1sD,2391
4rV3LspGARvbeLbhgTKaFZU9kpx2a69k7AnEWhe3xWxV,2384
GjhLP8nBhxz4PjyfW6ewtx4Xo3D7GGuk7pGwW3qSoZpo,2379
EyAgJv4mS1okxNaSwGtfAuqoy4vDQeHthvSWPTNKijv3,2367
8wuB97U15v8f4DGLMGwtLXiB7CthUaSQGn8XJyXqT27t,360
5MJzk6zRw6ZmM2ZTm2JmB6ZhefCZgqS6trbxN8P4XheS,2379
7eFxd3Ga7etafrsfHQ7ejBv36vfbgJHTAxzLUpek8hEa,2347
EqBt2PXhaUb4DELYuLBAa77zkTXpGyrT3AMKuGTEGwvZ,2350
HxnzqmXhUMaqSZH5EdhwpZ3XGhEtUDzupqEmAnJLSdWC,2382
H55zg9rxzyPNdBgLmCNQpppg4Hqqd1m38xf6TMsiuVuX,382
8v7ixgpdYJtQwY4LovMh37jeEN7jBW4niRgEZnqSpzwR,384
3A2BEqedA5kXpv7XpduQEKu3CBvRd93A8gyxu3GmBfnp,361
HHQfEALHDyZXtkBCdKPvUAm5EqrBAVPp4RnU4RHBzhVw,2390
HgyMtYmJT9N4911eCkmRStjLpbnbyrKbQDGEtZK68KDm,2414
CQMEs35H4vFswtgFysp3Bn9PqsdufEuVh4ciFgSGeerk,2414
9cQVnKtwNK6v71fJy9pLHZP5ZC8YZdzhUCdCMuEG2g5,2359
5PRJSD66mYVpRSGmDiHp8d1snYo3B73uu82B9f4aQFGA,2394
AGvtbhnZQcDtMQtq7LQUNf73kRQXdspd8mn9jiRe47Lj,2374
A3byp4wdNzwYjvrxvPoQHBdyBVw2pMVSmRRvigUxHRcW,2400
5xH8V2c9NNhfKSmqiWqoEMcRESCia1mZTvRqFA17E4iT,2359
42wNw3Z9uKGT39cCMGkT98aPCLhirVqprvw1kMWe8b6v,2379
5esEACWkm9XixLJoeVpzo4Yx2LYhxFQip3t16c92uqZ5,2380
BEneUoojniiUP29EjtVXbSs58pWqGe7cQ7yPyVRY8WBN,2350
FauMCgJbcupu38Lk7owiCTKwP8fw8rY3z4n9AkJr9kYt,2366
3Crjg57DeNNn7QaLYhPRo243ZTnoTC41z7wMABB4n7q6,2365
FGMSxPpDXytQKcqjKqLFgksa1ro9u8mfbA5hxveBHPGy,371
6jmET9wins5aJy6F8aUa1zQLPZwZ7AixJdDP6SiKaaKv,409
21Z6wtQL8FY4EzPo48knhFd9qxDesaNP2RoZobyFxian,368
EmnNTGhZEAeQyzsP1u1PGSpgVBUkj6Zr8uEnVZVy2xnQ,427
53fCDeEvhR8XtZ1HnUm5aEX7fNkpgq2tv3EHJzNAHYgw,2356
BA9obEdazRTjju8Bz1R6JDTx8vBra3W5Gb2yLJ5zkUyF,2396
6xxPCkGmUmdVfHrmxpbCozyqve3ZmhKR4noPv1GjB5nX,2398
GFZgxcekNyN6smP8nskYbYhoqN2AkLvpeueak62dg8jd,2389
4ujdCYf4D2RwnihABW9gtHTuoWtyJfKW8oGqLQT1mHuT,2391
CABGz9VTw5FDYy8HHuoY8vTCizGLWjSE24rrFmVSoKmf,2351
81sn53hHL4mCCqKo9Q6sWgwXSqVBRtJ5TTewf7qC4jvD,2390
HJZ3cugfDW3La2j689dvEGhDQucDKmFtb73w4fiWQSxE,2369
5fcBCQCkPJqL9snBjQGS4Sc3i4wZNo5HdL3WJYjyhUEi,402
GjGvVQbyrW1iKQdg4CwR7tvQUzc4H9hzjcWEHpiGBmef,2407
4MNPCcHYqPDoPvs5czBgvBgceHSdKy5Bs3dxkAXMXSW6,2411
5UuCpLtZZZBTu9CWCpPFFZTr6KFu3ToZFWzUnb2Gxs5m,2408
3TZeYqjePav4nhofCWb1rCCmsuFkwq3CGoXoXZQMxifi,2358
99zcPBP27KL7JY6tmTFhzeqrKpfB7XvrxG9gSqZE8B1D,2378
4uPYm53nDa499enBv7qRWLvrs4TEUPHNCVV4T95Kne3p,398
EXVUqCkNs8KtuD844aJTbkbn8HXd6zN8bKmzYJsGU5mF,364
3DDRFbGf32ayaegiPVJDATXk2mfPZnpUiSUFgNiWjy7Q,2414
H5ZXZPwQFmdXtGpHLmRNceYEdsJKr4K8JUwvujicFJD7,2416
FuTYcWqMTZfsVLyXnSHUuRzXfZtqjTDEVftPApRzR1ww,2428
9UMJYB8mttuNiLboajWXMEciVtWQV1xJVbWMQ9Jjdcqq,2367
8JEUoJ9YAGMXLAtjqeMfc7mQj3LWp18aeDaDavst42Yf,2419
EUL5TU4WKY5Gx9Sq6ozB3kydRyv65QkLKf3ypAQygQDh,2359
3KqiAAk8EY8NY3pdzwkGemmdWdHesDdvFmDR56QeD2BF,2389
zTEur6NQ4RTcux1jHP2sDbFEWSiFoedNCxjTx6seBKK,2389
F1jXVHBhSBHxZFKfpZ298D8DjrTnNH2kFdTshbSx5seP,2391
63xaMod6JZXmg5dLG4yBDKNZxuzVtNrD8p5ho7rns7hG,417
GYyvELvCpfixuyj3ejvnac1feuWJ5Azdduk847unz8Sc,2420
5pUFa3cnnXdqJ74JwvC6JAN1kaSsFvEX6hUaT277sSuj,2418
J43bA5rAgztnRvofM6ftusg2pmcWJiwW1sGAWWiyMg21,2418
3Lwqq6W6mhRtFxZyNr9qhx9J9FnM1DqnDEnhzuppSpX2,2404
H5DMJU9pRxnpskcDY7kxu1ANoSizc9QsdHrTV6HLWNzu,2416
GF96B5KtscuFz96xN757DSiFc7nkARi8WPLLmjQP65ce,2387
89iTbRunXAcruyqbx2JcxLKYPo9pGr6mVyGCZEmvPExZ,2377
9gHsk3T2rSxE3agf4dYH39rp9dV6Md2XCDouysWbgMiV,2346
FN1zS3H8fxtcfgDgkeUi9DKUEgBiJUd4TbEBa2jksFR4,2346
Gq3v5RjHvoLWduZc2KY19JRGSd8orp6iUUquxbG6wbAK,380
5KDFwNBxUxq6erGFfvzkLHqZKPNuF4P8WYfTh941HZCY,380
BUJB4PRiBwWWtzzzDyV6WVwGZjfovZPvbWq361LtY6xU,356
AiHKqQSpTmQ4nDrBFbKPtCu7Q4142Q1gpu7ZzoJGhpSo,2374
3HAouARHte4NcX7iY74Z2pL8Lo1Gw9v89kDMgGPSC2Cn,354
G3bs7rDHqEzwpzV5A5krMPuAyrPb7N6ChwjJ7vCm1qZh,357
8itoU6tewpUvBLtkr6QGSq8XBK948qdVZ6mcUT5X1Z1j,2376
J6rhrBPKPuZhwJbLZNAFUVVCY7vCHrHzXinxdp9qqybw,2357
3KDAeVZXXgs9u5uEctE2eBDp6nsU68eTWvS7hA5hWMzK,380
2BsWTypkLfPVRkn7SutBXf95CqfUJnGPuH9jFhwyeKsN,2360
86YoE6Z7hB9XcKXkBTBZxqgHaDQo2cFQRrLJ91W3d3sS,2354
ZXADSxQmsRJXin2XJdQ3K25Cp2rQuzrM6XA5tqEtLgA,2364
7f7URnkGLsMRG9WTRxmXadvtxWzwtuUTu6oV3yaJsF2Z,2390
FZmzF5zWobefeFvp8rCQm29snLPRD32q8XFPyMuzKn19,2398
DiCzYtmVHBW27qAVou2FN5LPrU7BUfxi8HeWMQcs6ZzJ,417
2wtF64Le2eeQNT2sgSqSMymps51oZLyrxinnYhAb4tXk,387
79nHFS15KyF8hFG86trM2Y5ygNngC3wQq9iTdfbtv7ke,382
9qrn9RhMMZba2S77MkP8ktogqsxRMYPYyjYoMh3tN1z5,2422
kAkrFMPzk9zkphkVUPtvo7quWACt8mbpopt6Go84zCM,2416
BFq2W7wmujumZ2F8MVCEJVa1RjXym6iXaHFVuRit5s4d,2362
HcWk1zAL7McU4cYkdChiisTjhvG9Ly5CWsuMPkGw7FFQ,416
2z9GKVEZkodeSpQE1VSWPcMGVD3RV1mS5EWZM9xKQAqr,456
EF2LJjTLU3wWPsf7NsPVCURMhrrY9avUg5UXAjqSF4NB,432
7MKELPZgA2YNab8fTFiaSaVqHoeU9kNtb94gKp8bPhYr,374
7xe6FXvbeNAKSdwXLd3JeZ4Z9no1UDHecC57Ss3fgV1v,355
C7yYAtiK81rfa7rCwWSHomcTfHhFdh8jffebnkFCS5Q5,350
BZtKUqpC4WM6kezuo8pJVd9TL2g4xguKfrUAb6gcJbtQ,371
DMucwTfQ3Qcz4gG9LDkTiTBboNFngt4qzXY2oaC2fDCp,2394
D4CpSQUEDnZoxcSkpdXnn1ZCvwujh3N3jbEdpZ2xEdaZ,2400
BQDWc5ufvED94RJHEVKPoK1DAJUy2uNnmzn9M27SVgA7,2444
4oEpZ5cmGpBApwxsv94oC5Y9DxwwEz48Hj6uYTuKRsih,2406
VG9mdsWjSqCweZzZmhybzg6HZ8d63NMUUHjPpNRQ2nj,2374
63FCH1Sg9oih5YF7aXE17kiYXjkNcTAerViMZp8Y7uQh,2407
8DmKhK7xVwbmCuVCSrjsSu4QUcP8RTSFP5cwndRuGMcf,2364
s8XK3oPTCoyqznRzq2vDaF6CDtw9YVA9URYzqxYNAtM,2381
Cxy7Yu5UyvJGK1zKxVGTfeP9GqYhJb382gwYN7grBbdy,390
1RMnMSMFhdGTk2p4XEnBdFDpLPfaSjpgCfsuYEJfwaS,389
BFPnWLeYDieqfY6MYsoZiKQdYDAQwd6hfCr634PL3HLf,379
9VrqFoBb527apSdMugoF5rcy8yC5Wiohdk45frAvC5fX,2390
E4Ww2AN9ydTuUxseVWoerRJw6DMNoEMTAUD7Li8cR21U,2388
3k1i33AUnQyvGKj83sK7XFNTeqzkiBoN8WvKiSxD9JPj,2353
HW12i7wd66hSXs7QFoP9sWd1aCPSutUSqXk6dVSmKHq4,2404
Bg7J58BxoYLr3hMHuwb5dy4pozNMhC8VhjPGABNwhRsf,424
GiLNDYdu54Xmtn9aSqtYTeQ5LxqKExuAzFDm5zUE3mq7,422
FR7dU7SXuSZJxZv83gSRV4QifdAJuagBieDtCiW4EbXR,410
82B4GBQvj12JcdhVppH39o1eNLaqJH21ixUYJMsG8sgw,408
6ZHNeZHqWBtagndnryaRgZ9ojpmZDQsDQHNbc3hhbF3Z,348
CbyyZJ9BSqdTUYYjKcZdhYJZ8Pri5W91jiMgVkdv4c5M,2395
6FT2RZ4B47FPBExtKF4mardtso1bwuw3LroEijAoshyC,2429
89FpCWLTPxxLGZmTL8ppURKdb2TzjUnAc2dbs3acMqSz,2357
ByrwJwM5CFEJG5AnJCRzw52LbvhVa5nCVJuhsrFY54fj,2362
Dxi7Wbr76FAuW2nZ6pHJNmZaX73WueP4NDjvSBAzucho,2394
4PeikxDbzyMUKCnw4oGjiDh4dvubVLZW2aEnwUiwePQa,2360
CQt7dTxSpyxkRyULxWTTRRQ1o67MXxn5mZv6fkBWGEet,2360
34XxM7vDm6Wg749Nr7oHBTi78PgX5YwJ6pKh35aBAtEZ,384
3G8uq8Riaes16TWuUAWEkkGraQQkGA4DuScA2ssphwRX,2427
GLNkjmumzgnjD5c9YWpxcPUUeM7xrNXpidVoKrD5D76o,2420
D5hWe97WWVQRG6ZSEYWjQZQp68eezg3U8u9FerrvQYjb,2380
2qt2XNgMP9jSQDoESRf2b24rDi3nRxuQgNusygdGnK3L,2416
5cArPH6WTRwrgtwF8nPqN838QzenQm7Z93xA1CCVcscd,2416
3YqtXRA3NE7TwbqtJtBfZyPRPEdKXVgEW4EA7Q1pAdV9,2385
Dp1iSdGjqnmjNEnmEHXn9wYvv9kpCG3TiMHjhdaYrr7S,397
6AurvWB8i3Q5LALNhT1ceDyRWFZXjaZ7YwBr2tZFPAUD,388
9nEYvC9Qfnggy4gB5zbpo4XHFE7CwDQprwSvc5mwiR8Q,421
6u7voi5DuMyV1py43iAaAooQUuh6puNeVaTRSbVoRwGa,2344
Fwd549QHQcxEbWfSxKUkKEcQFdgwsXzW1G7osStEmesa,2366
3pVwmJNTDTgafMYnkEU3V1kZP6QXZVdqAki1TzpDDVJb,2355
DbnRcvUecEbvVW1J7xVv9coaAeiLAFBdSgmAYqeNJ42J,396
Fq8vkMLPZkMj8PjVnt7fvFygkMRJcgMzkSskYnn5kRM7,380
CsNi2Nhpgr26CGnL5u63BEMfdaJhF4CDrCM6ZhVUc2W6,362
FZbHgEwwNNrh3KaUWp9bmQFffR95S9BWE2ejnxJqymz5,381
z6yJr9nYm21VDNn1v1EsvBtGhpFgWhWt9m3N9AtfzFg,386
4tYWu3bery84x7X1AkM7N12KYidr6zkMBUh677mi5Ho4,2396
bXjVvLewcbuWFA5foUrp95RDdzFhYb2QiEXHZfqFFLV,2383
DYhABe8aGsgRXdaiA2osRwvCMVFvXqNjDXh4RLRqhQDc,2413
27me2e6BbdsDJ9WFdFGrVPQdf3CHm8yQLE7rKy84kpGH,2413
68hZXoiGvhd9K2yAmrWXBzJ2Ns4VvJorRznqjoxosMCW,2429
4XbqzeSqeFTvsCX692MCyAG9LRHJgWZuzdgGsMX9UXqE,2387
9k87z8rT755hVo9aJN4xrTEb4Bv7V3SVRv9KyCdpLFPF,2353
HHTpKurHrfiunsAAewwvfiTNqGA77M7tdvMgdF8W4MMk,2385
BGE4pkakHFJKawGDSJe5tMAjeY89cMxAAyJMAsoC84SL,2385
2DH9okDtHv9QUVcaikif2DEhNSh5sWuA7ND5ch5DSAWK,409
6DxWHa2ocUMauugTiuHu1YTUvYD3wi435gXcryby2H6w,396
EhKheUuq3Ur1qo4q1KZ1msDktHYnTkCxf4UtMMCkRYPj,384
ESJC7rL5nnAbDSQ6eUY5LUjoGkYxMZcSuFenxNbPrVqn,2391
BFKLiRdst2UzLwngsfAqAktZhqYWpcNaaVTmhapkRhZG,2393
B8VhXJnjUacY8S4Dg7LZFhX2yUFMEG4m2AHVivgE4aVC,2407
oK5EWAiiEBwPJ4hXuWBMUTp9ARWHTnPbZKLH7n7ZWJc,2398
Fhr9zZuENjjoyvdvdesYC6xRbAUWM3CpBCa3gpse8atS,2383
BuLTqzCTFiEnC18kNWHXjjiMWTNWBej6UHaoRjfKkHeD,2374
J2EJr1Uz9ZHiMQsEhJmNEMD2jwPVAHpEUU7Meu8NvaW4,2378
BTpMCvQGTT6ZNyuwYgCCTmaxeFHyLsDVg42Uf44BK6En,2387
GCUunXbTsJ33KCn9jfdwEfQZqeo7FfMnVj7Z17kRv3d1,371
5FAor3Tz2pMmBXCVtFtvFTkr31YxwrgiEKGoKTdk5UUB,2379
GMzQ28ACejHVbaYAKXYfHNMebdLXadacXtxdjn8SQxn2,2341
3DM9WRosxcsjzKLUg8AwEF5G4fqYkZpkLFULCfhdmh8s,2390
HKwQYQrvTa4vNzRshEhCTfPyKTvasF8F7ryJKPVDjgPY,2357
Fmqomu75oqa2MKynFjZzHsJZR6oPeuqCdbKZ32MvNZ4y,2410
EtbeE6AZG8Z7hUZkmwn4SEFm6aXw9GytG4W3E79HbYhT,2422
GAPFnPFjjEchefeY7Fh66atvnkkV2jriuCsHrhzRwj7j,2365
GvLVBXTo4PSrMgSWmHPoACHFfE3RU4yG8FZuHeymEF2,2351
otwU2AwMP81dH7nkVreyBhF9TM3EfATnskAEuB319zH,2396
9sBUz8h8hstv7bG4cb4MZA2SABV9sUyc5PateNwZZeb6,378
34RxdUcVrCH4DimoofHXDWUAN7dHgJCBN7GCwLhWosiY,2345
d2kbFdWnQuAktUH49rN1ae7ugUziBXEbmpyhG8HBSkR,2353
6zz9AjG8WNLG4vVgbchUQxnUzHX2YrjKNDTsf8SGwURe,2368
GZ9hVmyVJjUSQKVTnPCCS3BAExC9LCrTK68Y7D2Tu359,2376
2EyeEeGEtBCKobNvGswQFL5beGakmPWHVV3ETXEpWYax,2369
8evQN5HqAxdMcFGS7MspwwDuXhs1oHos22rxb2B6971H,2355
ArLUCYSH4NY1ejpwTiCc2gdL1TPoqTJhUjxVMBqS6jgF,2370
442wg4g7wvokpxpv9HbjhZo9CLGq7YS64vwiU9PHmVGm,362
EzngxD3Fd3EfDQoffYrWFqfcbk9w6xZXup23gskY7611,381
FuG683zt1URfEndTbQL95jEy13n9awjVFLsYFd3PMn5,2396
Gormzf4C7nmabrB4YFCkRPR9yMhPq82XEKLWndZQv4Xv,2396
AXXTVfYNDVTRHqke9U434KJt4Cqcie4vyuEyGg31iQba,395
3KZKvxiU231uPhgY8xqUKxLE9uVKor4g54EyfCx1W8o4,373
8RKhfJiu1tNcvCtqmmQdNFmgBVvwC1PzGjYAxuaNEGAM,373
BAvdvHKBhAWTbSpCiCngbgHRQCh89GihqSHkgnoPWM1A,363
CnHxQSFRBAnBVxuVgpaYyQUCrzUsarSpyyR7Dk3G3uiV,2405
HJSnysX4BvXvV3Jnx7Wako3f9rPWFXaDrG2xZnqdYFs8,2399
A4PBMyvCkseahxUpWTdStsA4fcyDSEmFUpoJyB8Z2aXE,2384
BiZnf7dgB2fC7zscxMnH4HEgRETs55gNDW8RsEp4zF7h,2348
GjZHjs3gnRkNy7ogv1ZaVEFZSAUjZDexRZNY6bmvow9Z,366
5mxzf4Ur6KSjW6rZvmRipioQbhJPV3Ppb3TMZXUUjBUd,399
CuPqq8DoghBKKYjCFa5tZqUKdh6NAz8wJ5FFooBLUMqW,373
9J74ZNFye1W9r2zm4Fob15WpfhEzEF1uBemF9nZEySUc,371
94KtEznvPNvGSakZghTKyYzgbizpkrQi8qnsnFpckgwk,2405
AdCr6vfSkP3Smo2HNfTKEhvE6rTc869jcD88AjNeut2w,375
4FehL919afAdZJ5bQN19cyXfiF6rzFdwtNmvnnMzsdVv,2365
DTeyymqpDQM1FaXKvasRadsfnUmjPPAh6A9zN8vmmK1o,2356
HGwzMPYsSFCSNKv8PFWNnuf4AbAUp5j1Guztr7FZxq29,2367
8sRSVzqgzmnMVUGw6hCHTHktuS5mCDriQaDiiL44nQ9u,2350
936W1Zq3Gkpoa22zbuzNoKmhg4jDL9CMkkrfjDo1XKg1,2354
3JPJ5thqRKHPZwyognJGfXdY42Bxu7PG1vSRdLFU2DMN,352
66koBEVxakweBvSZftpZyGCFLAcCXd5eBNXTXaR8iV3y,405
Dxrov9WrhELJawWsY3P3sYGdrjGsVNeHMcYzsx7BqcUa,2391
5ZVnZGUEgEi41WzadoymswgU6yWfYCAsYg1qYJruC24U,2380
FG4RcrNzis3ZiRBBWt4H5PdPsrqbcYzSgR3c3bPCw7cC,2403
AfZeWV1QawugrWnUoq5WVUvoLHftmVDiazQTxPLmn6i3,2343
A4a7ebEBdg783sGJVYypp19RHFeDwVPwu3t1n8wJe1pY,407
6Rx8ccMEgE3n33QL2cGHauhwQaY352pSXX4fSh1abZoV,369
6rgSLEcheC8xbDbbi2jCvdgiW5tpfQFMqY5tAUPV8ZGj,415
HxEdnxbTpKstvig7vyQuuhqq2WYxmnjbG5Wyzg7vEhUG,2367
Ejge9K249M4spKD1iGJaWxXimsNo545CGCv69GLUdyd8,2385
GA38mQ4HFV2n2HYF8k57eS2xYzetJtUpdDVutMw6XKSL,2358
5BkcMUzB2uGkq5m8FbKaffDsJVML1ESpSvv34DEZu9Ds,346
9gLVPb7LhD4iEF4gmhm26jvZHHfg2DkvxUCHahPLjieX,338
CQxcRX7Ttx9WZe425HtT9soEmtrXUgHCBbXzmmHUfbTs,2412
9AjCG7FGCQJCVCdreSjF4qApw78TyXwhQiQnT63dpqpE,2365
Gce7xHM6quzx5jKoJayXA6uG8DEkYzwEVbSXRGPnzQR5,2376
DFEsAVjR9mMM9xaJn6eK7CzMiiwqDXcK1YcMJgXwjqqR,2358
FuingubDRJq5mC12yfrDsB96g2RUBwdd8nQC6pJdwno4,2389
9S6RvcvfnranPojwuAKK2gsQh6vPDU7gbAf4wMFDPha5,377
HPyVKL33y2eRFuCFLfhZH4eJVpcD3QzKy1ZdveVfzoxe,395
3Xfw92qT1HfaE1dUQ2FUJXgNVZZ5jiwQ6g5nbzGoQimn,2358
X8Ef7516aVSGzXntcLGLX2BMKqEphjnR6keE7xWnCNV,2381
93WvuYyRrL9GRrPDD4JfUrABqWrQQQoa1Gfrg93YNoU7,2367
5QCaLWeRXG9FzRA3snyu1uAzphFrcbnEdQaeBponiCE1,2394
FiAEAoy6yNWMUp3yfZdUjDJTA993196PbEycSpDf8Qcc,2384
748yXX6Bj22xnk3XjWhWHkq3FH1GbwEk4KjcXFPGozuM,399
riR4pSdxBViCtHJZ4huEaBPx118bzbNwX74i47GJDmD,2397
EoG5HnxE1Za9e92i5YpvgqF5PBZSjdFAtVFbCWoi6HAZ,2440
7V28pgHTZCvBiXxmuvNvWCnMQpBrx7ErgGGs7N1AiQ67,2391
2WZX4utRoXCJ9U9yBn8EM5kgy6swwJZRUyx4s17mjLmr,2350
4CVsZkfEpwgr5uD7AY4HvKMDTygBrNjzBioij6rC9xgs,2358
7aNTZjFbRsLcUEaTkNnQAtZ5uCAVS32Ng9JjnCzP1qzu,2370
3VPUEavsucTA78vcNmtiTWebR8PMbi5KG8NbM4fwLjs5,398
CSdn3DEfsXgeey7gtu5f1WcNzvAPECHgXE5LoHDog4rL,2403
DtSx9vx7teoxf3E577Bpct5oB9qgVZj6CPgRwGgpBGCS,409
BX7mrP5sXUAF6xj7a5HweznRfg1Pzewe37G59REfR1nM,413
6dQE1C7tFPfXA3JYKkUgW8RGcvoaf5eS15h2wMVw2j1T,2394
5i4p6pqeQSKLhkhekRDmQf17StngJQWrSNV2MsTD7Y66,2399
62i17KnhwPqkG7NbfY7hjm1bp5Y3GKx8kCm7mE9xjRBk,2458
GQ9UkaHsyvTeR6mfY6B9sAUdHGGHBNHyyWY6pdXHsSrB,2391
94ve2RXR6c8UboNiroU8iVS2P3skDxVWcv8ecVuw86dE,2384
EXT68BDTFQqyRZMBrDYoP6ZnD4t3DBKQksVkdLKRc4UJ,2384
GnwVqhPJWdeBaTHTmeQbcAmx6Ka1nxr1n63Vq31uzmZJ,402
DoTQvcBwHZAJ7Q8Kx6apcwMWiskqvu2qdqfRF33MwSzi,2374
7oprkW64XyazpWGbN42mYk6QR7qmUtBasxr4DoeSSFBW,2356
EvuLBnN5BFFGJq3Psr1yy32hdi5nha2bQunkA4nVkhfG,2370
5sCgkVxNo2ozPuo2675ccbUoSkoBqTW9xoNRYhxkt9RS,2353
Cy3UEEM8G6enxJyWV511Yq3bkE6fdVtqcyX849U6t2ZR,2337
HVMCtLvPCRdUymxvZs5c3YuSNNSF5ArdN5SVKtQZ6FeU,2362
5esefTEtFVGc2YrQ4HoqcPoKzWRS5hdmubVHqYfASxGx,2348
2MAN3QB99CrV9rJkYDdGbTqSfRNnJv6Y3V8KQGEKLDkA,2373
HdbpZkcZfDmFodHBXN2UACxhEG4UmZoRJq7M68TzX45q,2357
CRuz2nzDWU7y1qK3pUSxBUuugDYzNhepm4ssj4ttZvcY,383
3LTi8T6KgyRcFQLVjg3yD7MotTssqyJG46HdgVKCK555,2368
HtxiYeA2c8mcUXp2usvybzG4fvbL3P9xwse47eEqwSek,2351
5xE1ebTaKzkXL1nCoE4tSWG5Pv93CttoevsWMouW7x3n,389
6fsQWQoUABh5d4cNDSe84zR6wyUw2vvvinH5snXEGZXQ,365
9hgWwCtvJASJAkqKfcDjyuMDy86EkK1E62fjtDjs7x79,355
2WN6dbiHbk9rKireGRn6ttZ1NMtLyh9u1BLm9ARJ8wpm,2388
4XAHFW7hbrNNQs95Df9npcMMYUXujgVnos4hMLw65NRg,2389
CB8DoxLaYKW9PakguQuok2UmfSm46tUgmDPS6L1kJ9z2,2364
7qKMdckadLpbL974A1nt2WNpjrKQDy9vjUtDN3F5gAHP,2354
FBK5DAUFhi5hTieNEodE6QhCKK5wB8NDNWVqcFHDGKsh,2357
9Rbt5QuJ9R7MRUWNLaYEEwQdBck5k78ajHMwbPLRoXhk,2383
5HPEEDQguxKcu7e8Bi2qWAZu78fByp745KpSEaXyvhDa,2394
AR1bMuZvjeKDWYU7NfFSQKfLmKLUBoBP238aFJvXffBv,2373
4NXrwyBqD3c4eVwPWN7T8QerZV9cYcEEXrxem2mF7wuP,2362
12w74eYXV696yChdB9PR2rhkfSh2fFm6mxEUQSvGQWV2,2359
G4QACx9BWJMav68rVwMZFdA7VVctgr6La7cEgk9kC8sp,2363
dQpZygf212e7z9MyAqet6Pkd9PYcnP57GAYZnNjHsaH,2377
HgPwQSKCDwxhnNNKA16F4oKjLMygftar3Ndt5caTCDu4,2365
8doRdUeftPJ9HGvRpuk8arJyfJ4vBKrnUJGXcYzWAK5H,2353
Ay3YpHf3XGrjn2prpujpwo7mNZhHSzAqqAWmVtNghXpD,2357
85AVvZBRRvdNd3snwtmJKXEX5Tp5i3t6oWV2xfw5Q6Sw,2390
Ht2V2NNJkd8ocXigviipPbJr7MbBC8MpqH5FGUGTGq89,2360
BUQ8XeSn91jz2gjTGN7NEHDdLuJADeyd67kfgbBLKuYo,2358
EcLUNw5o2QnyZwP78VPnXTqTTsfTk8r6e1G7iFGy7Ei7,2396
5hcfrXe4jwMDMpr8xQtZAZ2bJ5utZe8rEc7JRsgkbvU7,396
BogrqjhocuAHomDQQVt53F5uCcVPGUqjQ6izDPRUJRuH,391
8mS1JuMKbimFhF3QDwvNXBU9gk88r9LbiC1MpYdfeVo4,391
DFy9ojmhGNvRR27UcbdeXBRG2pWcGDsk7jgDbZUzb5MP,391
Dy83vK6Hax6foqNSR5UzoRGYV7PVdBQv1z9a7QZkBh2v,2372
ALQb2PJdDyy3DjvJXRWYAdndQVsvrbVrM1rX9aag4MXA,380
H7ddULYABUKQUhM7k7HtkW6PHjwFBHJfgZrdvkgkoiUG,368
97MqiFhFWEGcZ7JaioHiNbLrp233cGuqERFtNTfG7unr,2385
6XrtZgws2ZmbSmv9pMc3KCrY2Tpd77geFdeoxHMtRYDR,374
4eWkeaRyZmiypFKqobPmkc6CoMaF9k8BKWirhDXPZAgB,354
DnMzmRa3JpmZZcVeZLN5NsysUGV7RJmkhGV782YXDAnd,361
A5TkztWACgWGRLLTghHq5f22N2PHn5P2gVKf6cBf6n4K,368
CAUDCDEwgkudsVV8BkzjTwugFUia2VoyYW1jHsLrcwi2,2414
3gTzKEgysh7dYVAFfDTXhbPxkcCSexDh77TVoqxXQebU,2384
2zPwmzpJTXS7m17wRTxGfuTxsnDnYyKypBzXvjTFER3d,418
JD4Max2npX3aDJQbzGfzq9kwJmTJ6UBPSdUsGSzSQ7Ay,415
Dm7reEgMHaE3YRrdZ491d4vVwbbBoQN1a2tFLkwhY41C,385
9VWtyRAuLezZShqs76bmTRoFTdPuQtbocbiX9uFB26Wa,418
6YNTE1yZ2p4Qskg57LUwDA4wUxFBqCeocBm7nWb3eyMh,399
Exg9bdAqd8dLiQebdmhsmnHtB6j3Ky66mnvWEjDh9W6a,364
Hy6DRJxouvB7vw8WhnV8wfUYYJeimyJX7FBZgrxmnYKP,2397
7cd6R2xzZpv3XNCKNzt3DcpanBuNkB2Ske3jEwzBnRvh,2382
Hs9S6ZpmwLBsepsH4TMSedWokoBgpEyZzh4VkZ7trAqP,2349
47vbC5YAY788Y21EZ3KueQDGvJWWrTnoF4XxrKdHkSxg,2342
GwPC1mGxB4ZoCXbvLXS8jnxgQuRZB3BLaVvodrdD1xCx,2385
2KEjmGt5xLGzJhs3BZhWNnp39FxYanEQJdkqMSrMqtXz,428
HpbbWvtXHyhcEepoR2DzUk4LPRMEKMfeyDQT4NvthnCs,432
42Ykxu54t1MqNQHh8baJghzmpnnW2CK24gUqw6oiHKsL,430
33EytnX9f7hZpMvFF7HacTAGmsZbzpRnd4GzursJtF74,386
49LPBxoQoq75SVEE73DzLJPHa53oBeabM4ovYfY8H4ER,376
2vAeWTQToxaRcHRSTMKQAxsWQ61uj6YzENC7Ht7gR8eu,2371
9gUzJwJ4B9Q9Wza3TuekCxJ481vGQDqoEv98s7zBUjZZ,2376
DsKRDiTyGMhJJMtxdFP24BCQS9NgX5FisXRdRmpdHedi,2392
FLddSuEwrdFt3PKMNG4FZ7WFDG2C7bGJFeSHMx8iWKwq,2391
4ytQjW7FzGoPUp1HSiecXDPzwM7iWmVeft1rgeGopxtC,2425
3st9uGnG2udH2GT33Harhuvs1tQeNHx5aJsUAAHkV5bt,2370
4wcUBR3iCpcf1Sgsy7kR7nDYH66w9LZi88rUWtUP3Kwo,2386
254RYZj4c6c4y9W1aNEBPxnUR2CQif8F3fYX5gwMmLF5,2354
2x1A4NmPUCtjquaw4YPqskHnuHqynd3et35hXWYWBRBy,357
6etivGPLscQ1vdAQZKqBHjzEDJVgHX8MgN6qU8G3WRE5,375
Gg7yn3rePbncV61SWaxCa66zwoc7jgp2AbWGhqTfBotN,362
bz5aEFbCmLUatuecoXGoGFZTX3d2PeRwgpGcKmbLids,354
6N8JjccvXZNsQaaDHQ56bmvndhMMhrWFmw16VWb9jTkm,2370
AnjhyqFaFdXX88RoNqvaaKdrBr3mTFeMCKPjGP7Tg2fF,2385
1qKQeVZwLQhQ1wwcfyKihqn6zKyRRYDQrz3wWwPjTZg,350
5sbpE62PteTGmzJgTbeSe8jBZhtiskf3CJ3immB2eNLK,2355
37Tebp1SfWqYj5CJx3fPrjvWifDohq9g1d9tsjrKcAzJ,2389
5DLEgPm8RJbNZw7hT8s5v7FdQK1VM2JSdAQ7R6o8DcBE,2360
2HQtxXah5uHtGUqiJ5uTutTvgeW7j2cJ7szBgkmFEZnW,2346
AfsshSoj7JS6UQfb9n7HefnAG1cFFrN53JGCbf7z57Ru,2363
933pzpeN5KrnYdt8rwQsQ2337bvHG7gRKN1nL5U29dvz,2382
ADwcvESqh5PdG9bPr7xrytDD5x1o7Sp686tNhght5pGy,362
3quqmcTEqzpUPVYvn8epq4cm96nCASUgkJxVApmwkzvQ,343
GpMroJhqoPCVe9EcXJvi5yyZMHbKoxfoedpp2xj4J1U3,371
CjRcQ6mUUHXVpQJxvazdD2fRMCdLUrjqbPspAwfGUt2d,379
Eh6sxwx6jwifcXUr5T8kRsmnHtHN2A1e3TtzMtx19vxE,2398
APppAKdYEWFX1NJfUgEvGXD2QySKyKDprgBWcnJkbsZi,2413
4ab2RAzZfqVAyUn4RCah55cu6Wt51t6P61vk1h8Jwkdi,394
AEgxPmLFnP4kjXydMCiVVU1XxrU296iJaVB4yESioFo8,406
99nfKWauvRzVjrEDyxSTPdtXoLCfmEFEjRtHwLrXLn7Z,2383
2JArMA69UxBj7qpST62NfJQA7ZpNRLv9NLGqa6RtZJu4,2381
6VYLiHsXgsdwBMjkZN7DUh4ocZyk3GuK7gm8bYcL8Lkc,2355
2dcKvv2nErTXQFAJ1bxcakmJ6KYbDtsUGUnXP84bCHME,424
BDbVrhfArdg5t8XUxGDSihQxuwnzdvzJoE2M6MFP5oVG,2401
ESFr2FeMmk2x7oUAAw5meo8PoWYhCntTSUJrSsXYjz1E,2384
7ioSc7gbU6CN6unCFMMrt7v3Qncabh3ddEfxz5Ba9Wi7,2391
A7XwvHDnkxsmdYaQVpmioUuiDHvdPeNjYFZ82Aq7wWi6,2381
gsFbpwGfPqz3g54F6TAfPXMV5ZH6CkZDQj6JV6DX531,2425
fCYSHTrj5HdXUTFX13QKdFFKdfBvkvoDRTvBpb4T2Tz,2409
2x5NvqkE4Rgbft9e9NQFLVzFoh7HdPVnQxiuET3rwGS7,2379
2qzx9qzmQVQedqoNGd26Aw5FJpEew8xVLehm35K1iWcQ,2371
42FkFpmTstNKPVgsxDdd76NiM2S8jshfN3AJK47wfByN,2397
8tBFM6ifqujm6ijUVmLxq25Cj6rse98bnyMTbewN5GGR,2355
ABYNVcWCZ7sv1CEn79tSpCJ5cHGAmiNRJZmawUpRWgYZ,2353
42SDfnGceLQJLMnqV43APEpoNfkLnV26Sjzfir1SueAH,2392
CYTPmPWHYv7Q8gJn3RgEPwS35tVuYpuD9YUG32BirYgK,2399
DKu7rzW5j4o8gSzb4bhwUX6yjut7DodDzhPMsXF9h3V,2366
FwhiaRdGwDvmz8YLP1Tz3Zqh94fTyT5pSyVBJCv3aMBK,2379
13fS4iTBf5PdcM7z8xM2DEcKVzJ72BtmY4vTCi4mrUhE,2392
CNGWbW71pBKpkGtbCYzzJMZez4vK7wu1RyHW7FwVLJjm,2381
FraEdhdytPcPtzyXrv2rHrSY64UdVHtv74NGiKV7PoeM,2391
CjWA76QzxNxEN2wgWnK2hdFHT2ocDgf5mXV4vcfVm4DW,2389
EZmj2gXZDdzuACHckvbYKYPZAqC68RZRQVvFLTWuf4FW,2384
Hsy6jydHna6RHSd4afShR5JEBwvwBUps2YwiFYDZojxc,2363
3ivR9odTNukxoDuCbC3shSWSRrP6SXr5oH7EytQB4ADo,2371
4QZxZ4CaWDW4sQUUA9QtA3Fg8BJc6Lkx2XhNFYkMBPfk,2379
3dDDjpRmFawTQKmuwkMSMQfP6X8SrKrNZXfXwMjQQxXX,2363
BXysWLZasSuTnNnQLFirrv1Ao3mvNd3nTUeC5dkvYydr,2362
E7CrWEQHcDUZ5BtkrU4SaKoUzQcpZxS7bYbWBFyKeqNW,2364
AmAoyvgXgFj3N6BpGnckXBxrguSutWnKe8s1Bc5UQ4Pt,2397
HD646BGZNuRTBpfSUR8dNK8jRRpHmKgezh6PMRxD5prb,2400
J5Ngn971aq1tbJEHFn49GM9pTK6Q1w459VywnqZuhVPR,2393
8JKTcTNUBAYNieVfpnojFvhkwYERjSGAr7ymao1vph4n,2410
7ACwSZmc7zYPqL5qHRA1ZmSaK4z76XF5q6ZyXuu6GHCS,2399
BdRvCJ7pcN5BjnGkkaEECKvFQdHcoSwhTswvfGkz1gxA,2380
HVA2vxubjsaxd76Hgq5yJtyauLuvBxbiPnx73EQU25ws,2367
48Y7qrmQVSCZXcL5moXwC76y7ehhUMDer4zMKavzcjza,2380
ES53MM3NQ9V2rAnVbW2rYrVzmpG7eyfMKW6TKTx5tfeb,2391
6znA7HRPuifiimSrznKEd2FVZRPxLh4Q5Du17YeuEaZB,2361
4QvpzR2T3TaKPkXtT8yEGcRkv3ZqnX4YWtgFq4Wj58FQ,2394
BrT91Cuk2FRRVjEP8tzRFUPCw2hEvo4PTXrB61y28K7v,2384
CgzccaYSKcenxwtd9iRv7Du537YYNeN5bEPGjdQAyb77,2399
B4bc3EGmXkCw8QZWMhWE2mMbPr1vnkyrxUaCsYQ56twW,2375
FvkMBfqSYADNVnPMjsGYYsqWekqAwZKft5dpBTxggmwC,2381
F2DfJTbbTj223hXGw5fuyykQjAAy9SvaRYgN3zxHoVYq,2369
34bdJuNoNF6CF6p3vPoJPFA5DqGNNVJ7AuytfWfXXjuH,2361
CcBHrAWiycAXuyfLKs6FPxHU7bcgqwKefyFFLWo1eMze,2353
GmVWTfw2NHCWmUzocSbDSgekUQkNFPr8SKseCaiSvrdP,2355
7NLHuL9TnmYo3KUk8Fzv3R66DNmLNA9GKmCx6xgmt46Y,2366
3UFQo4GnhQfms2xJtoNZxYGoYTbj2jZ7Mt6j77doy53W,2376
739ry4ZE8foEQPoAUzhK4nxSCCzmbWbNeqWtZaH6PRav,2350
3PRToonpr1gEieVotE5XrGxvrqgYpUxDcLJF8N1CveHz,2354
AR9vauVwUxF83f3u1qwynBUDrFAKnHCdPUoTk47MHzty,2339
7A3kz7cJoeTUcoQaWoadXb3VycXEAMeVXcnTq4RG5Gm,2349
5PbSxyFqL3qQLoXAg45dg8V8PBtZH4xXXmQKMR5LMSwr,387
EhX8Gt97vU6MR3jUJ6qLDLuahVkobj1uxwX5YV4akrsn,380
BE4jNpT3XwrQPGpdaJ61oAuTBYPLeN9BGg1WxKX7Pv6N,351
iytgJbG9uNRhVoSPVmRhYdEkLm7iU4iEW831E8byo38,338
5UKiog2k4VJqmEcNs8TwXETyiHqajwZQLXehsvc6jprm,3022
HifmNqWs7Gaw1tvRAL4BW2GTGGq5Kc7z8nGMygtGbFqy,3017
9uo7ZyBZZZT8jtPg2xUsyx5ibJoQf4X4vjx71ds8hTmV,2574
F9AAm1o4S2uYQZ5HrBYXHJHeK5M6hhVkwRVGkWS3Tq7E,2624
EJkXSMAvKm76E7swUiwTTZGYg6QSc3h4H2xs7Mw3UBw,3045
5B9cBJMcKTa8LtL7fSXHeYVHYFGiRZcLVzTjLvHuCNsQ,2629
7yD19MPTD35vc93RNfzLNS8N3BCy1WyFDPAgHKpzXHht,2407
J4wj4ooGt3ABWwtvB6FMohRaUMVLu9s1Go2LkG4PbjNk,3021
7Dh1suEXanXKbMnDtZMGPuQCqdFm18HhvjPuzySixnoR,3017
Fvdc3tQGPpm9mD3R9Zezs5mfEd4h7S9qjK2ijtdvrndV,3111
7GLyTKtmPni2AH6rWstcyU2ieyS1EB9iUv4iy3E4Typa,3030
4o7BdjLimmK7LoreYDRGLByZpmZ785o8rx8UEa7QgocH,2502
37GUbmMyo1gYyWnwTrMCisQMBMvpfif81m1avXRUc1uC,2633
6zwThngXF8Gbn2sngwpgNqm99zJ1uoouXvFVAfrVCfSD,3147
D3xaizmwgKN4EhGhGgXhzr67Ca5LsXRsLEAMHqJRsa8k,3152
EPVCdoRFuKBGnA9ARGtmx3gjxropF9nphkRC6SY9ikAL,2485
5tZKukAiYAm3S1qC6S6Mv55aktrtBpJh92c3qYFXRB48,2715
BCafDgSW9SZoNTuo5Qj6XYvzAQaEGP1GpQNis5BJrQ3A,2740
GQiN9UuHjTYXJrzNmQcy21EbX6wy4421mKLboufYziEY,2746
E2JeidKLD5wigFALgbvUH8yT9Tb2AzGKUkBybX4RZWRE,3147
HKudTyiLToonDWiDXJREnULvMBCakFQZ2zoktMabESLY,3122
EbePbCvUYArcmmVuoPnM4Gz89YZABRiDBvChFtJNDUTa,2627
4sF8ZLtFbNTNg9QywvKETtKJs4GezaZ1wuoa2oWVrYxK,2562
N3BnenF2LqqYrJfs765bGzE6JeyaCpUCuBneRhkCnKm,2649
6hmxfiyCSuLq85pZQ2xhR1i3GwXQz4aELjGG8EtLHrqr,2994
AzFvXhDCECYUQFjD3qjfV3C85ybhusrqLMs3mZPeizoU,2554
86YhtZqXWDnkW2juUD1jydtMcXekXFWP4f6bE9gHzCwh,2989
HnfFD2XnZ7ApbQKQjdD51JXTHFutAVL2morpWyiFXkKg,2658
EYiC9hP9aNoq2BGHrKxWokUM6GVFDLQRfYCxVqSakLu7,2360
4QWeRAKaKU67JnMHrJjSFmPkUthLTNP5z8Z1xyE6MRL1,2357
Hh28hHYkERnqN4Zvqu8CeF4eSTCFsLi1tCNNXrXYBE2W,2375
JEaibGyacY8eoecBMFEbQyR9qsAZvtjXmr8EX8uyyPv,2992
Fv5LRunmZP9a2YC7ijdZSfdAJYRsVfxtvGWfun6xhcdJ,2351
CzqXnsrZ4YCaSARbAvRGkHiTnC6HTyemuEYsPYLQeatr,2998
3e1UgXXUQ9g2vD8c8gwrVzYAk1YY8cdcYdeLqKUJhCX4,2354
5Kz8FayfU8sVs1b38yZB5EUx7BZfvFEyGtTm38FP2cVy,2348
2Ymj23Qd21Q7oKH2k7JiKRWqKTgRg9v2cERa4nC96HEi,2977
H25iewu1Kdp2Pyk4AkhK8KRELFLhZG1pAeo6Rm4T47Ts,3000
8eW3epH1ivx6nisWLW7RKiewNuxVi9FRWvP7qV5dVkKD,2995
9Zp4Yai819UTf71P5GZPhnd2nCrphHLfTPTa7qikUH3Q,2998
J9DCatbcSNznNhwf1WsjFnNYms5J831w4oU5oBmT7cEd,2987
FR4yYrqeYZv6BnHdMebADnrW1T6n9YvguZUZp1xdBRTb,2985
b5gg5pwdP4twy3zscXozipM8LuFFPx85eFzKtx48DqU,2977
3iQGyCtDjaxLrbqospcFGnRcA6JL73fDVfnZo99WkzGh,391
CGAWAC3s9UETTwYfoVQhJ5RWx2eaWn3uZKHNYhRC4q94,421
74eYtUbxfhv1aax7JorbYZ5RzRvBU76X2gWvHVVW4igB,3018
8m3RvLsXEMkzJXrUv5QngAgzVYMqDpXPnVYgmk3TmB2K,3028
DeQfGLvMLfd4rmzMzuRyeQRY8ffgFjUSNd5qt1Lr4nsF,3052
CGqsqCZ5cC1yRsKmqArcccTmJpicjWreR2ALssUbL4f1,2379
5BKDXX5iJhPL1epwgk4syfK2yQB9Wyjg8HysRMBUCGJi,2377
43sYioyhmHnUd7tDXiDhFfizQ8MkwA1YTAYFkVEoSZux,2369
EVTZ3dyFxjbosR2t2uSCdfKh3vvWxJeAGRkLwWn9nqwF,2380
2kpU1N8fC6QHSpYMQs1hEymuWb1YQ4LLgZBGJXq4ennt,2370
GvK6HVV2KRvLBtwKpFnzzqkQanmuWA7uHZL1YF8mx1Nz,2374
3g3ByXp5KReV95oEtQWYBR8Bb7dxZhZmgMCnL1Pjmnq2,2351
AZhzkXWh9YQuZTqA6c5VGiggRDx94DMVv5o17kvncd7f,2405
9Q9wHx933xP6T97K15bULveT9dMhXkLzZYfdW1NGsyAr,2403
93J4oBaNhnKHUmehfRtZSpNRQngWSEeJmYg9NwZck57x,387
DGfpuuP6c5GeYS5iA6PvCubevVSZ7hs8YRM52T1sU8Rk,386
6n7rJt5T2qm32Eg8J2BJVpkehnLCnEzYTeRVbQHEKWkC,407
F794rahTnBiju2L8oKD8DCNMCHacMidTaXFm9aamyu3G,2345
CdQJNbPXP1RKXvDUVvy2siVAuMuA6UcBN3GrsDTzhR1p,2389
BfSaZWe5jkH5gE18TyYQVwzDN4NuE2JzEUYPWqjBwq8h,2334
KJjP6oTwTYLPwB4bCo72vkgJJLdjUbqndQCBzB3U5af,3807
9zwFp7pv4cKSmBp4PLQGkHMU8hEnQ9qXdhWqwxD8QCRA,2384
8juS6qzgS44HEf2MsLxa4NSqVRU7zpqRkuvs5FncsUvn,3786
6iFTe1p1aT46R6jaCReW7X35ex1P3puDtzxCANjwxk3X,2347
Ggj3SFLZgVNSif5tF46jVAD17VM5gf2KQW9X5oQpPVRc,2364
HGDz485FzGmNfEPZb92NAZjL535mGca4LpVz419PNvCb,2375
ERQWSu9HJ67XsVDS1TKnd7KqxWQL63vTP1MmRVcbxZbG,381
14UW7KcTVJWFw4KKrSUTniQn75wBCWKE3cTiDsER5xTW,360
3ZP4GdCH5vhnfq9fBnTvvYBtAjFeL3QnCXBAk3Ke5NF5,376
CyT7GknMFeMnaGVoGNY6ZA3hUfvpwFxDowww29U6kzda,358
71QeojUMoE6q58BPb4KrZjicQpvErYzfWcmRzkAobbiE,358
6mkPA65WjAjgGbgTVifrZKHTh4FwkXh2euUL5FNF4331,2403
CqHwHHhUDVNrT2QY6xA26UzHWJTn2L7TMj986YqruTsJ,2379
5ugX5zzGtPFPgusKyr1pvv5dPXm4qK963hmk7oKXM7ij,2376
DVSJRqVF3CS4D5uR76BbNAJ3ARbrvEPSK6CDvkLH1TN8,2405
HW34yY87ebKELnKnKR9dTtHStU9RbqUCYQWnWJhQKuku,2386
BxYkFAo2AjLyq4nT8J3SA5KYG6WV92A1M127XWJ1dnPC,2375
ELcV1Le3viqiyjET8SnGn2i8KofWVcjbh6KZsMF1Hh8e,2389
8ppt7GDb5PF93Ah4G41raPehXbn41cLrzLV8fEQU1d6s,2398
E2QwcFyn8BgnZRW5eSFM1LRDn16Lvqxj3bdFdbj8xxxU,370
AHVx9EwjrWHPpMv52JfPmyc9nbxfwHP1d1tpyxFsiGZ6,362
tLPnGz6sSPH8r7ydEXsvdXuVdrtHwpbgTbWgXoXh5Bu,335
EUevJj4KV5Dk86Lm5JWN5jCBTaURRi8d9wMMxWYUQ682,357
CerBctbsZ18Ktq5sz3kR3cz8oroxDvtaAtuURQMzoDR6,384
Go2F3MBuehnynVK1xVEi6AEr4fEm9wT8zpbwWxP8GLyE,377
8Ak8JS8e9yPCMzvjEypierQtahGvuWbCZCAMvyYYdkP5,2409
DZDiL7cVCMstJB6knSCka58mjuW2Mq8LB4xfpseazXrT,2368
FR4CZ1DtRSWjR49ePMvkG51evKLAm8z1fZwkwWp4UTpN,2344
8uTRANyobrv44grDxYMRH1W9soSxcF32myqQjNRmtKMo,2376
BH5HsbCf8xFCbnvcoAcXwqxMe832wuXhpaovEpmpwF5K,2374
DywEtY2RGtwsPL5J87dLz4unkBhdbHZRduJdNNMufxmg,391
AB3TkfKnRjnmXwnHmWFe3WDQiKWPjdvUgvpyy71UKDu1,368
2U4XQGfFMvZUw6ce3zh8q16q2uMnxGsNASEgLhuJGSQu,378
CatzM1qQFxvYTpuhWbyENo2JM9UdUNPDmitm1kMcjzXz,2386
6F1VDtJnPmN8muu7nVbuBKVY4RVnubu1QFMMFhSGFfyg,2381
Gvcgx4fADa2MWsQE81qZmSqh3pCSFBa4vR3EH2v792xJ,2380
Hh8raK4v1jqKnVgSTPGNsS8kZX79YUi7u6TQG5CVzuBo,2385
DG78mpBQuKBTo9dfpLAeacqzzuVANAszfJaRHGRmzWiK,2358
8sQxBXKEgeCacNoqnvoFNomNJrZCrcyZuMk3V2jySPKa,343
5cyxaA8CtN3j9hXp7KCwRHGuzkV1xdnGv25FsZv9ih9R,345
BLeRGTpRn5sVa6nax4qWAKqW6jfjLK6ko5UxxewEJVv7,350
2YrHtB6A8Le8BmzXtpgdgNxACED3JfyscLjWZC9V2uAA,368
2AzksG53dLfoyCh8i6AuoEVKGym5HFaNVd1GoREJWGH8,2410
GBUR1qxqMdsjfdv38GJyLv3UjSPHxWEy2XnXhGvRCQxq,2366
5wwqF5TBER4Dw7UG8ZPwgCgEq9CP12MH3v6Y4aVSnYGC,2376
4Z1LzdGemfqy8E7YTAPSinsKuXtxmqgC9iSHDiSnYkpD,2350
85k9M3Z1wwHAVZAuWBuPsSNGZqmNUZwv1YicyNWT7rrc,2389
66y8VnvDkV7GQMMUQmWKvYsLCz1fB56Cm1G81JqHuVqU,373
DLUBrg5U5pyfBiAucex2VL5f5XmVdd8iwyjjQADR8rSM,375
HmsDLKsCeGap5QLmt76z7Db2kiMfvrRGPvnSdYbUyP1L,350
E8mdDd5r2GhaAXN3DbNHLr9JjRMVGAHHCfCqyGeAXwzn,2357
GeavxPkFtiwjAXdDmN9i1BbLe9zUoBBWoJWz1DYscVLX,354
GZYzR5nN6wcmsNRANfyK1XUNJWCFjHhesGJpCrW3HXW6,358
8Gxj6rcYRHoRzewqZSUJXx3Lwsc7MfXrLSVKByYam1Z3,2385
HNtP7TE7LmzcqVBdrAKvbYauwpAyzuCPuPHUmGTHt2NL,2376
3ZY7UB1AdfvXmQN3A7qADn9RfyW41ZpgGjhs5L3xggTB,377
A3jdgMxGgptiTv1dUPCNkdPQDitETWaDQMCXWqQT46NJ,356
7TGtt3j61wwBFHiZzWJctSTcMJ8KGawBavkbuHeFr6iq,345
3xPPXXQHcDAy97cpb3hvJDL1frtGax3Sh71ty7yHtW2G,359
CpveyNNtyienoPB4vddFiqp1bThnUWccicrWWzggTM2N,2367
FedQSixqMJSgsPGrKTUWNotNLGMDbRFhvqWpMoDZPHM,369
5E4MNq55kqaCAQ2sGPqXvL7TX3TDBqMXMwfLG5RSSBTH,2388
7DfHcLsDhn8qLkSjzB4eqKa4MM8HW2e8pLvjBQkoupHG,376
3RiL1dyWaajXkoFyq56VryYkzFaoQzcz2HvScnoaHS5g,2387
3W2gjkiQpTNn3yMpnZquXcPfuVPkBVarBxxQWNeh2JZm,2356
BtSVAjrKR13Qh55aR7Z5WvVRrcSkf9MMvcowdxAv77A7,390
4zvc4HZ4s7H3gfaDmo5DKyPhLqVN4ZvYkAYb7AK8r7rn,2376
5YtycP1JhvgijkMmjGMPqykyhsdc7k52n5k4kAkiK55e,2383
3RzXNKhzAm8egzxAztJvadpqyJnEkeQoCNaKSRjf3CNW,375
F3yKyod4FY9uHhxnkmqwJcH4zfc9zADjDpfzLF6MEPfJ,389
6SHjD9QFvS143Nqy2cLz2c3tv6sobQsASEktNVdjWAVd,416
4DhpzZ9JNmWV7aurUvUTvH3ULwiCMvGHDfi4ooESqPjS,2379
5YwUgSaLY3nSAmM8cjt1Gv5omUwFB91FMysX2JbvLcif,2364
93yb6TBLNEfdHhemCHJozsru4eF4Wv3N4XYBYVUegQXZ,2385
84mMFGKAtopvEy6Y5DpHXj8MVkKzWfr1gmNADtzDiwCd,2374
8gpqRqaQ78T9U4NupvieUoxuEz7koKP14N4EP5xw1Uzb,2388
JC4ek8nJDRAjXvQg6yeAEYCR7zHGuUnCzDfdDWEQN4QP,417
EWycPCGqS4F4nzHQwtpXFA6vVNzRw9vCFehijgDSzC9e,2364
7gqtjivyVKxdfkuqdfyyNkVwANFDk53JX9ChGNGA5XVA,2343
BSSsCUuJtpKngwkDw52kwrAj48QGiQuBW9cQfRRsPLkQ,385
GkXt2dBRTEtTQPoxsrbiGqDsBppjGiYQYH9kswTGA5fv,2380
ALzRCEXsivqnoqx9bUVnFeuX2b6wr8ZWAg27esW49dK2,2359
EUEDU5H96YzhbhtxpSmzvcinbhQWNaZT8yc4W54Sr9Hc,2380
5Ma2iwDziKHW6S5hTLFL4g4F4Bpd8JApv4JwGN8y28YF,2374
FKvZ3SbVvpYd2AATYk6SuwHXrpA5Qpb7BEkcacZyRoqh,2394
29J2GF4J2hTomPGXmh8hHn9c7UaJGyKyKXHMXt55NyZK,2393
GWUjSWLcWvGkbqsNQPTJeKPX18qysqyUk6kxihR4dTJi,2355
HAWLuL1kniEGwz7NtWYxTfVUoB53ARkNF8AJEMhGX86p,2380
93DbJjymDqrvhPDVRiriMkvmc6heew9m7M232bWAKj5L,2354
72agMWRX7bZkKmJT8Soo3RDSumixYtdFoZZzExadvDKs,2372
E1REmNJFEhHRjZJqJwWHtaA8hzq5BX5cF4KbHHWtLZxN,396
A734U8ysSFrqKxRGQbr4bswVZLS9CdstAjnU4aepABkp,2379
BoChQ4P3Zo7futifP3BSZoWFoYftG41mXjK8asvTVqtQ,2371
8TtyzeFqXJGotPo973EajTse75Rps61iFyMmSB2Wm31Q,2389
8uHCVj4mFBh8yY9z1qXZy2kziUacEuMyapbKDB8fLCih,2394
FBSB1xbn2yr7bRi3YkkiVxZzVCJwtzwFEkdUPVC3tQAY,2360
D1xfa8GCDK7GHEtc6ubA1gccfm28zYUK7sXckw7afCQD,2377
FKwbg95iE7HBxsszWyx32uZEehTnqrhvYdmHvt4s6NrN,2363
JC5g7wBicfFSivxNuk7QQpJGNvoY2ahvgyv5V3q7XwGM,420
6SETPiRjp5dy1KUjPoDoLhmZii9DVuCJSEUF3gUuaoBU,387
87FCR4YDm1UycVK1q1Ya95gJe6v8WEBqgBC1LxuK5Zwz,2385
5bKQYmyJS5QxrooT4imTpDmnwTukZvv9kMfYMdqauHrM,2416
8WwxWFwucoyTwRSu3EX2k7RUoUUVpa1i3QT4fRES8VQc,2408
8gzgGRSC55cn2beQT5z9X7omZyoaxN7LS4sR2jiSCTt8,2406
Ay1JzsN274fvk8DTRGxTLQ4rWzMt6EsRMXgoQs66SQPR,2360
7sJdTCyUKGiqCvVyDSrtjxdf8MhnH5sdYg9gZxD4oQhN,2373
Br3GzpHFwtLjSeKi9eeXHvqkNWsn1dwBwJMoVNpAHqr7,412
6ZgmgJep7AGo8TppzKPiajHBtkoW9fWG1Y2XKNsiAqjv,384
6tdQncGZ4wbjtJctyFVNwSVgNr46BwmS8p87P6KoBo2y,2378
CiZoKKy1M2hejC1NPmXuGHdUUCmg2QHKU9MJ3jm9YmRs,2386
Aqvu9nDT2G5PUPQ1aSAoTmtGLBfk7q5jVFFkgQkYFom5,2354
asChV7Ho3w5UtguJa1yQa8uZW4uiVWAnskyD2mEvM6P,2361
Hev7RbVyzqMmiVpGCopmRd6urWaPc8VYJbxA9EhS4gwb,2371
8SXmCt1PQBjsdhBhMieS9tVoDMMEuKfMzqzng8PdKJUd,2353
BD5uT8NAYAhEex359UM7qz4Cq8SwhdasuTnaUw31dATN,2348
8Z5Fj7FctVxte4ykG8BTMed2vNokWUiEfYEXcyEPV21Y,2337
GoXTt1Acrb29oWv2AMP8r1x2soKmYZY6v8hY7jaSZMDB,2367
3beqE8682yRyGqNRYbpa6UNQeguScZiX4QbCmqtdjEVC,2344
HA85tgk3wJddpveD6mHi4rzuLFSB2DodyYPpA2iQ6kJH,399
3RXGPckHZiBPN6DLuDk6YExUJVGay5UsvthNs5AT6NMe,426
4sxNapDtP3fExFxk9N1yjMiPmim4BdTDc9kCvdEbwXEZ,2376
A47CYEptJok4hremZBdm2nH28qteJptEvEMfF82UZsXu,2369
NMUUXkC9MpWBabaKks4Zv5HmnBzbNdBJuQpakRPSKiK,2397
A3Qa9MowTm5WvLtHoi9czg1TV92DjukWSA8zcF5LZ8aH,2397
9wcXzWZFyGXae2FQRBvkwjWeysuyroxVL3yRyHumxSYH,2383
3o37sDYKkQ6arRHzBFZHU6QPxoUYmHSU89op5UHtdhEh,2370
6GbgqikSmya6G4H4wu9KpTNffGC382jRvYK8jp9w3G4y,2382
4qA8D3X9PNsxXBsH3DqrrSze5Pmwoqfad1G15Esz3B2s,2369
HwaYH4acqLJ4psjyA47uDKvY6qzHxVWcJAx3uJxej7MF,438
Euc32UUQxf3x55jaJAbSYJ6YmKQTZS85KJBUmrQQ2V6E,348
F7mqKmAgNV2aLm8yoc6iw1pvYpSbsVHQLEKuqZEAthpr,2396
BShKuLT56TmxV1jpTdWY53PVED5whUj6bgVRVQf7LYu2,2362
BVGTU66kZzHKcRQaTZUHycmRAox7vhcx88FFNGh2Rwj9,2373
8qpVSh9RWhrFxqQrrNFXkBeqr5B1kKonhNtvX3m6DacU,2360
CaRd8j9rRoa7CJGvmEMDAy83hNx5BiauYztAsKY5itL4,395
BUnfyCdJxxjJ578RvBRxWmi6Bz8AxDMvsPQoPJuXuUh6,2379
HW15MUV8XQ6cb9A6Ld6yeqkBUHgDG9YKqLYoJ29eCEVG,349
8k5dFF2KBR4odSLDhoAiBWjhn1fPNfFdf3Aaxe3kzEHP,2386
5Mb6Pkn1KxELdoz9atvVjKT6nHByEDoPnvo5aPKtmWi1,2369
BtToKNEZZzEWhiS6Q3iGHYt1hiN8ZGLxSBTP3N1tWrE2,2377
Ba8zwqcJdv5RSKLctEXmgTe7dxDzJMx5JEaQdt5R1j3W,2410
8LmGmGRbJEge4yj6JbQcoxuxn1RSDkuJwEvSk1jK2vQF,2393
E43TLbfNVCMDWwwCd9NEHFFx92pbM6MYCoD2PVXcJ2YD,2403
217t41mJ7DZqGUHCBej2iU5ff4DgYxVZj9FwdpfunYvZ,2376
2fecrdhV2x2VQ2Fgj9MjRSTvrQWKG8TmqpbwyoVDsWQM,2374
At97nK3aNjUTRpijDXXNkJEWb5DKip7Epi1tJLpUuLLK,2365
AY68gLH6rRuZVvrWQXSFxs5LUJbRq5217j1kZgGcRaed,2394
Dqm1EyTbc8ZwzaCk4WMN9ma4fwJXhx4QgSSkNHpcnzBt,2354
6PxX1NRWPDj1jFzhonQdkDiqMrAZqphxxop6ybmJmSfP,2371
AyT3LUCcMr7S2Zntqr3tV8Ax85vxDqhEHt82MvghJE1m,2374
2m8CngoaXFxFwjp7nupzH3MHveKsBq6HK56gRmuND41q,2393
9hEa5T5tnvQD5gBA5Ku2ZaSt6wHZAk95p6j2CtM2uGbs,2367
A2FDw8tthsXp7aFNEtEFozZWtFJxunLt8XV2MNK3EmyK,2424
3JrbVAcEGtvyeosieTY36sUPHofzkMaatZxtjEbwCuNA,2378
FvsHC1h3EGvntNNYAn2fBfb4QQk5uDRZb7AqrfarqTf3,2351
2P2DbAvoXsfbZshAYnD6LW5Qg88yxrNKZVh4ZReu954J,2351
C5u2qtTqPKntrqMEi47AXVuQioeodfeA73rSFr8WgR8t,2413
8EUcLpYTQXq21bNzwVFHoU2C6vFME9wwKKSDeqohA5As,2380
7PwH76i8dkPojHxAUBxfyzHSTQGHas5Q7GDTRV9z552,2378
TeYgHtViBnGCXmeN4TPJepbK5JtZYeL9dEuGP871Ptx,2396
9qZP7wmg3ULHBX7VC6ShaXSAWaVZRhASo1Cw753vBvNF,2381
jC9AQ1VGFKUSU9uVGREhUVjb4KuRdXG8jDnFHNQDVbe,2348
427CgvVkAG4obNEzNBmLBZdETBycPD3x9APbeuuR5W1D,2380
EyW81hfd5qSDsuZQjxL5WNCbsGgVhFUVgxH3xumJV5B4,2352
GYi8o7gVDtLbrEiCx5RGHtk2GLza2X7ZXmsuMX42LqN5,2374
4YBfY3639nsnoguSJmCe8hsVXwockHgv1CjWCvfF6oAu,2403
9yaRpL8oyiTth2Y1BMUsgEeegw1HUvDYCCFFMyFVFubF,2392
3gUMPa5CCBPGmxwCKdhKi44QwfmGe1dPF7h4TwHCKUkN,2379
HPYwzxDZYsjyKEm9tSjbPDHKEKZTqNVTvPQnt9EcRg7M,2373
DXetJsNFExeWn4J5YSJCwfenW9UjKw46AA42atR8VHUF,2401
EGUeNcUNJ2gVrG2SxcQKxjGPUtd1B9jjFS7PKvxrJrPB,2431
Aw6VP55dV4mnGgm2wvwocBpeNRtaKtaWJER6ghJjgCo6,2388
CNQz7ikFv67Rt43pd7UdSbPdvByic32UmdUdzDVPgtiv,2394
