tx_hash,latency(ms)
CjnS2tL8HLpCzd3D4Zpsb9wm1ekPhtZv2udKHsxMRxj3,498
EZ3bEQpxJAPj799zPUY92RkVPKGeNfVBqATznkXUMKXM,499
3S66staHdeLDoEwbYzxGpSAvpeB3RQDuEf7THVsmuaWG,501
8j2eE7nZ2Lq4UhGFHNY3iCqDpg2WGikR13DcVHw6V7XK,502
XruVzFkGHsyfvwsYA2bwJzVHYLcWeKJeXNZhvoQWX7V,503
8o1GhgqfDaVp7JAhZExvkqCcPYcaSdF43W36KmhzAz6N,508
CGcveNCDqNhqUgncYvuwLsScfLEAKVQqJuZtvMMTWKer,508
EsXFFj7FbqQVY9CX9QzW23LCd6z9NjhXeBdng43CjWF6,511
FUwg6eFEFH3zcU81ALY4KSNWAaf9FFCQYvRUixu76aCT,511
6tmk5TkXdzd39sinEnR4jSDBnLK6TjxuPpkNQAXVQb7D,512
772WWGd1zSNbjttM2rEZdbtcW52Qj6V6XEz5yjvoD5EE,513
7LDwvJmkZXxdwxiqJVXbPw5ukzqsxMw4uV2cLRE2QF8j,514
HAtsKx31BZNqgQNJayaaoEnSYaQ6vUyvkSBN3yx8istm,516
BdgDc4PB1P8EF6Np4f1dZcmqHmYNTBNmC7RWfu6XPazC,517
52MN8F7LVRnfHoYpLiPQSePT8P72G38v5qT21f1wMEE,517
554cxPHZzt9f2nBL3TtvWpEcYdeBCwy99rNGRYK7vCnW,518
H6DShFLbdsyzNUbWuHDGXt6pA2xSerMLusk9FJB17Jj6,518
5v92JNGnZ2KEm5G7C77MDyXEJ8kdQVwkK9cF4RZHsLq8,519
4FK5cv1NdED9meb5jzfgM8PFCxY4qVisDVBQCK9aRDTX,520
GADWqGzjA9dh8MXPPnouKLZ3dYcA3QNtizT38B6cAqMF,520
9UAkbjLVArxu3qyAkXxEh9mHhLRt3E7nWmj1SCfxwDqR,520
4zPD9RvhJ3M5i7GmekAQootbFm3gs24BMq4ytFggzdwY,533
69DRpn5C6gtfcYp1HJjrw44NLwQmqNzBXonvo3fhfBqL,534
5agDWFkjKq8vDTjJSP3VnDE9huKuUxLFfJFBExMECTSX,535
3kWaxipeHfcwgNkic39zUumG3NSNKDZAuHh2Lef4iVwG,535
GMdK6A8H25cb42zTx7pJQu2PptSzsZ5jaaurixoJFjp,536
GgM4CpJdwTgBedfN91nDED8ZMvCJBnZ9WtaA7KCyZkLX,542
HyUNwJbt8HfPcgtrGGZaNNuZ4SWhzshqyRzBWCjk7dfY,543
EQtaqtds1pT2wM4xtt7kNx5dyXcEQH4V3KQescDFFy5i,543
2h2fcggvBMEBihYbsM8NiXNXKNsg28YVbvFN3mLhRw66,550
CJFCnac9aGQnadTLxxk6ZtMR9DcanurG5Ps7KSNvzENk,553
7zwCrvLH9KaHMSWd3PUAY8iZdbkjVMWbkAX4ukbgoG4F,559
3d9z8feZgW35XRPnn9wPnSSxZTZHW59GsBKZiYrgguDt,560
5REfvssGcX3h8P7gPM1pRyw7EoDStdMxE7Q3PVAhQ6kd,564
AdQC25WBdc8Go8NKT4ebXaRsdXksRGXLd1ozTh36QCDk,565
YwSFXG3VsAwR3MdAGmURMWa6GKPtuoyJVSsdQ5t4bSF,573
EzwRMx5e1dxP74uPPG9NFSfPzcVASrhwTt3cSQzkZx2z,574
8hNXu1g54CobQVqSUsdvYVGsqgEENrdQmfMx3YZC8Yew,574
8yAkzhCXV9kQVRNiLw6gHCkDvi3UQW7eXWUckyNEC3fh,574
39hscHSK5LWUxtdTFkWMiJ5Gg4SMPjJ7qgG7fC866rj1,583
C9DVFGSVWQskYXU9V8EaBsyvxnCAEatUnxQQoLY7HoiA,583
HzSoFJcQZ6AxLYhjnRMYPp5WEkBrGHSnoHizkpedQJbw,583
8wLbffkxtjU28qhs9a3TEz7m4Pzy4U7XbUPyY4ig914F,583
EHsi8ixLK3JnjZNwUhNQQLLfHFrsFxwPyyWCGR4Hb3dg,593
7puURy4kVS6ALkWXEAvbRUAiMJD8v1txUX2zL643iPoL,594
3kJH7AmBQkyRduXawo6G5mE3NurhFtA3V5Wxy8NbmZ2z,595
9oGCqFqrMahB5yMEdm2k9wBeTkixEH843uTFQzuQdP7d,595
9Rpue6DPQHuh2TzaeP99J6XhpB9HahckpxJLumuaMJ1v,595
4KrqvubhUgqtrDfrPJgGtJiFJkdsmAcov1PFYiiCGsnB,600
6LsCp2hjAhdSGDAHKVG8C5v1JrHzGeePPsTVwiMehqeY,555
59hhVVFqUe4TZ6ssUTGrMkrwNgzGaiWQ5iyBAq5xvf23,542
CePAFQRjVrW3f9UyepiA6KaJzNFHbqvsevA9Q9qWDVgv,617
3Dxd6rRCLb1NZugkfAif3vZFBQVNgbk2VENesT38rPUn,641
AW21QLPiGGXFLXupe3bjpwAMVpRtvys2jbbwJ8QdVLxi,566
3C3CrgCiAvjFM9wHPGqTmRp1917N5JQxm1HvPyW684id,641
HScnyPeT4QH7vLsgoG9ZGCzG8rj8ELzitq2ecYvgqJRU,642
FzU2JvMvLT3sh4VtEfYTNUHL8wKXFAEhrCA6r3BLaTPM,642
8AEz9rQYMGbHwiT9tgAqtR4jGXas1JakBbiE4qVhyr58,642
GHGCMd6FgrbvWGBZwD8BrCJ9GhfLPDeagiFRvwvSFK2T,644
9B5HBKFtBhi1SQkZ3rZUx9hry6F5RUDHFpzVCTZ4iN1Q,645
3rw7DQCQPvjgGBjRiT8VFmSw4AzbxPLPK75ebxGNB5Jw,578
DTsThNSXfMKut3xNGZCqUKrDbZUqhbiD3ZVigdPUpDGU,601
2rekYvz7aN8pEsRaiCDrNaoJbsiNxHPVvsNHR58yBANe,588
9P2puFAK5xxopiae1bApVYbB8zbWfSHHbZS4ukVfM4bP,599
84BZmfdT9cScX3HhKtx5bT4HGBJNG8bRmbNV4rZ1gCjT,605
ARAqdNsxq1wkQFLf2DWG6pA8pao1XYjnnLRbYvCX9xBx,610
CE1Sv7dBoJWNq4Giv2MRDjoyEXCfNa7nbf8ceZmr7np6,622
GpWvtEdZqLZfCiXR5SBDtqvkw7wPqzi7LiiL2QQ7SY8o,682
6MAMoEwPZ6pcNsSBZWnYyHV5TNfnbPBDamjsQiomzXZW,640
CMKga8CaJyURyfQdt5xbFWgz6VQBJFukvYYEWVj6e29Q,684
7gAQrjpLHDJ8wZyq4RBNwRAWGRiaPGA24Eu4Y4hAMzqf,693
HQaCGNjX4nvqE2bY4BKDUnmq3vvpQkkvJajct6HbrsDH,662
AGz4v15hhbZ4c2z3jeFLpkuAcb9V7AaNSR3BYtu9kgUU,634
F2yLeKLrkrvWbki5p61PMYvLSDkW1TF1G5wgYHNUK3eT,647
2MXFPJH1YwhhA6CUmdsFaW5QSgprn35RzYjFNkpJhwyR,641
2p8teFow7ySYYBwskhw8dEy3qxCM2rYR6cTm8Jdac1rh,707
XTEEgL4o3BEvNdPbQM4h7sWJYmXyrguG2zFn2JS2jvA,719
4xEsynxC24YHeVn17FYsU9pxz49DBbjJbvYgxgC4feJh,723
23SgUaXjtetRf2f9KEBbQWqkYBq8TNiKGKkdFQw7Q9YP,735
9HhRcqb9CuQAgKr3n57zUwcx3CiGEat8eCw7cHbM37Dt,1385
DNofZXbgufDK6qJWF95Bv8r1XwttACQ68KSRrx3knZFR,1592
Epe4wvmCpHpmDXV1iXzHp4vynQrn6jpK5CeyRKAFaiKc,1448
HgbHfCpA9BxQS7ey4xk6Eh55g3nj5Hp4E9thBrpRVUGX,1453
43J33iGesyxVE1SS2NiiQa3wuaWWkcvELVNTbMC1htkj,1602
4P63AB6MrQVFPJ2WNYm2KY9upLo9bgPzkovHHhThRwsC,1451
J7VHtmAXUUEPrPvjMGdG3S8sWBEYMrSzbMsAiatEPWnD,1587
BgFEmXsQxhPFwjKZtWExHPKGxYgPayWPW7h48QNjmQR,1452
8NbyDofJQeFV5SumEEUkLM4pQBk7RGx3nuUt8XEh2Mfo,1591
F8g3DxJNtfRKJJ8BVQViCfxxoWZXn4xmAkbtLTTQMpNk,1638
2XGxZpVWAJUg9qvBfxrtUemFsLKpB4UneEdEWSLqUK9i,1651
ESJ2TPokfdZpQwd9dud7QG5dUiDYziubnqXcF2P22kXK,1456
HYadnkfe4HgXs2Zkmifws9UgkRmtrd4WyrSHxbpWxL9a,1469
5UhdAwS3VR8rzqoRfikrFXDm26pfgGkgyo4b6EfTpE8t,1470
8B8gPZFJP19U8YTvYSHq2v3rgQ8VLBywsg4KZpMv7B59,1492
4GjqasTZYF6pfAVJGf9ZmcqSH6hYjhtr1mnXCfBdUUJa,1504
7wqfW7Q1ZgApb8ufpfYBtStUWSiHCsUD6FgoGsAsfQDs,1505
4McaypWtfXPv8MsCV457fkMujeWgDsFar3JAFi8H2d5t,1504
BJB1Wj2CQcGS1GMiUxqMJTqSoSAuWYXxxDTp74GomYkA,1692
6ogrQeQzrRXXupTwRQpZJkaVjS5GpXYGKkiKx4VZoJzt,1509
uYB7LdNEaz1YN6De173dRWpsvhBXDFLKVUcm9uvH7eE,1654
4ngvBgru7NXDSMKYzUhxR4qj3erU26bsoLQcAcMb3Cf3,1700
Ef8VpLjUWBMZiRsxmMJjfHWQmBPsTtJAhJ2y6NCbXqoX,1510
JBmVeepo3tKSJmXC8FX1Hji2mf8pC9aJ1bHhC6QHJDsB,1642
CHX4S8JYm6KYU9wPgjB2GBKJWTB8DVMC77i6VkbQzcV6,1694
42owigyFAT3VxmgJu88qrJdE5oFRfEpZezm1ukPU5ZRK,1512
2uVi17BHaRiqqUYhExZsKpdY1Muc326sx9dCZKXGvaCU,1696
Ez2exRZ6YQ2VuVc2DBVdRCjmpRJezd8UhpbdngwoxsEe,1699
FqhfNDtvNtzfoxoZ4F2u3cqwsGaw8N53bUDH1c3o42tK,1504
yP4N9gTUTHx8k5vjtLeAu7u1B7CWa3neLFyrNFHkkXw,1703
HMaMs3oUyeeAHnvm5AHWuab8UW9K6qZHysbM3iaiVUKF,1704
GDJVAmxZHTeyb5yru8WyoPsM6wMCC85e1KcPrnnNc3JZ,1713
Ak6FhjjySt5dwRS5iKtN7fED7JnDPZPugSpUHFfZ8wio,1714
99fWpwb8A3zjbnRrrfHxmWUxAzSmf9onTnaTmZCCXpMQ,1714
99fcPv8mx7kqoiA1ABa8Vk5QLKiF4xy39LG5T8xrgCRu,1563
AbLucKkSPfzNoPu4vH3gL7cc4cUD5d3oJzAdXH7nBq5y,1531
8mL2rdwXoXD3ASr84CKJmn1DekURFa1kxabZupuHbCeG,1716
48zdBzyn858Ub3WjNaGBVz7HYQooou47AmktphRegtx5,2413
98BJiE1V7yKsEJAr5aVGXN9WPou7prvYmBjt6DUY58df,2438
AuqLhu4KsxoVuvYvHgS2tBWxaf32jN8CNqbgB34fTAbu,2499
BfVTeaZW1W932tDvm7YzaYtTjN3TGYTa3gE7NJAvg5v3,2499
DmmbaBmEV6uxUwE3JrW29PxtZhM8gDauRkemw8iRPX3x,2499
79u3fgTv72byu8xSnW4eJvLBzgdkwmbwUnBgyz6H74jf,2499
F7rYvGKghpZ6G1n69sjSLtQ78rmihkCcssYX2pk1x15Z,2499
AnD22P73SZv6zn7K9oNGuQdvH265pE5u59px6iGfXLDz,2499
7eK8sJh45ASPgKgFHswtBUohxzjXGeyNTzqcP6Y2e3ax,2499
7hDthxToNiesCTZekrTc225fbWReVU2g98C1RfRpN8yw,2322
5btUuT6dUroLRpjD46dBpkVp4jmDcfb5rf2PuSxvJsLT,2281
JKqWfs8PAaiJgb487t7mNRreDfN1ht9UQr4dF6jXRdA,2500
Fy771ESbZhJoHq1o6vcGcnrHxFpBRqNmZZtkrrDkERk,2500
4LQhULE2KavkyXC7zEeTuszGNj45cmFe7trtKFB3Euoh,2319
5BrNMJEcz6w6XmyVmLoYufCbzYcnAFcJ4GzJMdf9vpHF,2463
FPPhSFS2TwT8V9eVzor8evqob2rzmkzRFcUwnBWTEPEX,2284
8uftCtKNM9tkEPVxncVmgoDkKq1KZ786PUv9TDqCy2K7,2448
EbZtY85YEfHP51LYkCKKtyLkTJWeBZEbTQGNMjBKPse8,2303
HLujHtkJ2B1ySL2LjoEFeiTLxDTyerhez5XXE2Gr6eob,2507
DN9E7p2Up3iP7MUyr7V8PdALSsRt9RAwehYeinkBNKf9,2332
6xm8jARD31jiiLr3NZanPAtUqSHZJRpTdGALykgs2YWM,2327
4r92xgHrBKgrakKiBMsHaXavvLCrLrqHhfy6QfDB2HBQ,2508
GgQrK6F4tTxzs1kt1dc4Nm9etKUnBxiVQnCj5oZGV5Xs,2328
76YyAhyx286PDmzw4WKCjHAEfc4rbwum5gY3rXtz5f2U,2510
BFeeg9XDXeeBcgYbwaipscYUiCQbkHwE72tZ9AGqMQ1c,2438
CixtwBr6Ffr8Eqyy4nTTw2xTYD4SkuLgekQn7fMoB3Y5,2432
PqcYLJ7psi57mwsXmdFGHyuFz3Yyo3K3JzRXGonknrr,2301
33ZdKxXzZArPP8e5J6CaLLL1ZUS3gJzPZsZRS22KKVWA,2449
8MnniNHaX4aoMsGgLfbW1GLqSuuJuG2AFX2mjB6LjTq8,2457
7WRCLmMc52sxKgSmp7NTcuJEEoqJnjPD35DVnhLeCJR4,2457
BjHqUDbZEb2ZmxtQrs9Uq3W4kA2TPuzQxR8dDQraVSES,2439
6pCqAJqsLY9L4dr8em41APgfLFhUAz7XkmP2eJ3HdE8E,2513
GA1adBeoaVCoJkctSLpnX8nTsVt3rYeyrh1tPQteszNM,2490
Bakfe9ECFK7qjSVY1LmUvohHtTEw9QQcPTrp68dG5RGd,2314
4F78GRLv91noPcvYXMHX79UguavCjvaDPZLFusYypgKu,2333
EGBCM5J3hu56VjEQQLaP4fcPdTkX1iHrvLjgomaLRcgJ,2463
5gdYLouWP691ywrAE8Le1L5p8y5SRkyAZyDfiKXxPzH8,2317
4jpEMLEJPQAUvjkvF49bieb8mr576E4nt5WSanxYWaSj,2465
Ekev1JPt5fWNf54uStNAo9ZbCfr4PcGTjb2ndvD7BHd5,2449
GYCsaSamFtoPUxmDjfoJNSbehPJX5gWGwXdSYYH6LJuq,2438
FHJBSpXi5d2C7441nkBJH79MuANATtbiBrHPbLguFndS,2460
DeR4L99MFB5NL38MNpLShKXTBTnSCDycwcE7QVn9LLBB,2499
CFJWW1tPG4aWLUXwfbuAAXrkeQHWuSutQ9DfeC1mjC6e,2345
5BVTWW74HWDbekSp15dSCd2RWZ1Zxs8BWyLxwSr7tBgb,2467
DHzEfzLPLXRbyynuZyZqN4C8eYFyiMRBwXLz8rrNp7ij,2352
14S6k4gpGAewEbUSb9H5JA86TQSkJumMiFLfXVQ53yER,2327
236wFsBHK1oPMiQzdyJDmrydkbtko52rtHxGQUxZKRCm,2497
EDRzcGrnnFunn5XZ29fJoaMS24fNgJqRxfspv2ydHqrH,2317
HZjx67oMrvnUPcUqDJ2SAPMFLMEqhwSACQaxpGiMzkpc,2463
HhS2xTN3TcwAi7f3q18HvrfJZfLe1FR82d2hb1NbXHae,2468
GLgsa2Brfm9x5ecikse1pUeBSCRVvDyVY5ZJPjhiDfGw,2333
8yRWut53TqNb6Lmk5MAcxod4nU7nb8dkwDZqmZ8AH7RR,2524
BSXMyiqPE7v4gWyH3mcAFQDURbSXp4nsJEdBuvipg3zK,2469
GSatkUUthsbCzjJJos19x6UkkFX3B63bzjFGAGN8D98K,2542
GZN9ua5Yh72RzuNiBrniXnFMVLtHkJT7bn9guyLqJ4Bn,2278
EKG3xS5MR9FMi7DmKvk3nUH5P4Bak7mbiV5GfGBH7T9H,2329
HE5nzjhUccLfyFzJzYy2idGJbQp1K8b6niqYb7yXBU16,2477
EtgbcSwYTjZfWiPXdfmq7u7Yb3mt5PhLysVhVdCFJxHH,2346
2r3AVJ1jENeuDBWE7pZWPoP1TpbzsFeJ89vLUpKQx1HA,2332
kqL22B7NygMqKwGTcGq2pQfhczZv3gHLCpo4SDibP2w,2363
3aiMRaySLjtHZr5FYSaE2xV3Npibbw15QiUnjgDeoNek,2363
J1V2xh6bj4iCZZDoMEmFL5H8R7mY2sMbJs6tzzDnYXR9,2363
89WxzMR1r24Yq1cVjcQP7548zdUgd9EKe7LZYRxCKTUc,2468
3oWVEhtdZYPKTDXQYkex829KU86u6qvneVKX5DFYATmQ,2467
FMidQ34Y1Md4pLAwLUmathhim6DgEaQnHVrG5VkWnAHA,2369
8RX5ewjXzSYCS4nJbqLgZM4NNjERabXGN7KQ8oxhDGss,2330
CCxX6raqHtGkumSLf4QnJUfGSjVkNJBqATpXhokEB6KD,2307
4gCZGJpycu2GWZ5kpxpShATNCpMdEo2pfjisXtXVW8gK,2552
CAUAqLEVWdVqXEaEKuchm6J3J7ak4erHs63DkBKa1TBi,2320
8p1d25NfoL4DcJjyDVaZdGa27YoaJLmcNPf9TrDVBRQZ,2468
4cRrhsqsK8Ur1CnVea6D5LMhvy5ZrHdZGaZvVTrRuQ7a,2487
sGBox22Zr33zTwYzZRoGb6oSYvhTpYRyf85Ur4S6Vd2,2336
L95J8m8tr3H2MU8JG9fmf7hFp3iG67jDYDses3FpuP7,2351
ENj7SRBcCwXdsTmd9FabfP1AUQ3nqCtZQNXF6CfoMZZS,2379
5ZgUkRDn3mP87VD9LEdUYR4t6diXJgiArPetx2gjsQJ9,2328
71eZ1p7j2KgbfgTi8Fz7Q3iYCbUSXDtXaGuD47Fgrfvo,2504
46MohM3svanXdwGjSVzkQgA1FphwAgEQaxN5gT5UCXhn,2352
2W5vXm219LMNRRqMB9ULYdcWLA9eUSjb3d4APn98dn9u,2474
7KMCbmHxdBazaSr7NJgf2fDMrWgPro1aCovhzDyqaGg7,2314
ECoB1dDX5TLpDAMFupk9oHRy78yDRVMXH84AyFumAqkm,2374
3Jh7KvCKphqcYrQEUkT6pVAsty5FDJrSPhwGkZqjoCag,2536
DRFtHvPbMcivQ3EzKLBXct6yV4oZVdTXUt8xy9owV38R,2382
9spjjqBchsDBNS16sjLEogyEDMGHV3RLpsJQZm5y4aMD,2289
5DPujxhz86ooED1RYT4qsoKkMaHx1qWQHvkJewt6Abug,2475
GyH844gKZzmrNat9kc3PYsZLUjq19ca67rxDJrdGaxjM,2291
HaVD4CnYH4fKLLPdimgXNgnCnsKuYefqEQZyRCUHji2V,2357
iugMgyVB9RZiMu21amhNaEckLWUwcdKxA7ahn6i1peg,2490
7FnCLE6dQei3jumXEFmZCR8r9Z4v2Ag7gTQ64wrwwvPS,2341
8g8huSb5hC9sPsAP4357p2HvQqjnYvrERMwM4cZmBDao,2342
6Qa4YgTiFSnMyV8pP2rAkbWa1j8daLSCq7vj3S21CXaG,2516
8m3SJvKEhQLthVdN24TcmRiWRuGis2nJ1hoPkRM1p2Ci,2342
Cc63yuMZzsFUe3Wb9LmcxEcxBAGajRLKAgbpEFycofGe,2498
8qLHKFVRG2R4iQNNuXUpGEGGePX3bebAcJAMJ16C5BGp,2574
8zqZVWkSEj3jRzZFZtAZKg9ZKRUqprm4BSTVTvEzakfZ,2397
DyubmpYKN6xLB8RTdzVwZAkn3b8RCfV1UyYAjBrmMQvM,2368
7P4FXbcmPYpZLY6nPTv4KXAutXobGPCLoE6mEtbNoAaR,2399
A5eiEoy6WKaD71gMLrFev7xykxiYCZFtRHyREf1tXs3v,2364
8mxBcq56gvFb9BH7ZAKZuCGUUQbTDXhYVwQTiJpnb9Qv,2504
HqUYAzHHAoE6e82PLdXUw77DGAt55T2wz8CZryrpcKWq,2524
3Bu4um8AA49WnUbVz2tipoNCsuSaEvRtELhV8r9j2vM4,2300
Bf3dFKAaYAEFDhZT4oDsRfSfiz3uQoPxUntXpJifYC99,2406
DgiN2feGtVZMGcQvaADX8buiRwnpf1iL3vuQsUerTxns,2364
3StfNvgEwKRoXfMVwBV4AXUQwH7BHhxUhzMnMAE8CZpt,2400
9jJZCed6cdHLvf9HpSJv2uzbCvTvq6xUE331i3eRX7VU,2366
8RvcEtFqiVaYDNXee9HhBNB4L4BAyLChFnC44NTuEcFZ,2385
EHyp9HG8871eiz7CGdYGvbi4f6bWPUrqhccBW3NRvRcD,2516
AB4MyT5oBoUPhW2BDUamfo3HzRnJfWL3c3cVCpQyjiVe,2590
2gvamFkRPLdqs9dYQoCvc7gFzwc6Dc8y6TAfJQAPJ2tf,2516
Bi5bKVJUDXynAYiKzc1gGEFsWaiqhuVaS9N6EvseXTX1,2531
5PeyTvjXuSPmSnrHvoH49LCgRk73HDXK32DJQQrjCA8H,2383
5qxiG9r77hCoJr8vxksrpEJqKXEpxMqoAvyuVS7oihnk,2518
Di8R4r7fNAHNs4uN4h2Gv6RYkWkKQxKyPxNrE3aL1wgr,2513
GGL3gfxgRBvkBsgKyyJs4VdQNDCTy9ATgGbLUiRdtTLZ,2388
DHfnVxCEF3ieFxKBoVT7WDRJNPvbfJX4NXtBYBWDukqi,2579
Ff176bHRwUJEuRbrhaVJEbhg6yBgdno1ChB8AsnmAFDf,2394
HeFTwFK4kRF8MzXdCrc7Tz33jS1uFUQMZGqndkmuGvaB,2427
6cioQdqYzra6kas6hspUhJFjy8TCiHhTCUoLheytcHW3,2429
6BGFPT6xvkDtiwNeQy81X6nr7uFUkUsvJ9g1YG2BA9Yh,2383
E17rAxdkoSDBSWvEbnSjduKv6MFqLXdkYAStBZrjzDmp,2401
9eFAMP3tpdSLEny5DTjY9pXachPD3jFJPEaUMXGefFkL,2374
85gDVADknss62cNBQgBvAMkCHXDAyQAD3scicsqxxdX1,2428
JAD7tuvg83tcjSsrEi8KjdDSqnXSW3pPF3NNDFGFZmwE,2386
EhN2rPQE8pYhEKD96HVz89RYnBtscFpkC6USsZMHTt9C,2429
EfBEGJceqxm13J56y3BdJ8XhRxQhWZGiQSHVvvJ1NcPV,2553
3NVVYtAAQnsB6HhvuB3tTpJ2oFTQUjfyHKVpVfpb2J7M,2405
6wrMn7pSxfKi8akthvVYpBe7oGwuhR3NV4bzmcigyfpm,2431
4JeF5gurYrM3cztRSguCvm8uPvYWW7K8EDevXfas8TFU,2609
EMZVHgipDL62cDZPbSDCNzWW4s6F7xa1ZgNrH1EA62Cu,2404
CEDVeu49bJb4h5rf45tkoUzTQwpVLYSktF4qi7LkRTfs,2383
GWcHgMyxGaJQPrLLsk2C2H4vfrmzPsRnwfwCPuK9LAZx,2549
CQ8S8VjQ9VWh5dTAAidr7K1kKL5LyM75sKE8F6gNYEnu,2424
4i6zNvLqUAXf4E8q1Jvfd6iPs6zrAg4Xe4jx5B8W6CQA,2407
A6JSGcWyns2qY2yqFete5cBca3BgYdZWbaz4wbeQA2kR,2393
62MAkGXuXKUTCrhqvSotwbZCfSesX6KmPPKDspgwLzCu,2343
Buuv64YYbtyxDyatZTa7G91B499zhhHdM24y9Q7XvMmB,2402
bJ6PYx5GfYU9SXa16Qwg747G4x3ufqX6wg9Qazcw2ji,2566
3UzeR943uaPzCQscXGryk6t1CsH3WM6tfsN335vdXyRo,2621
CG3VS4yLYgL8kWFD8wDrmRyaPSWR6jp9YqtKvyJTTKVF,2566
6yYG8TrQidem3rRMeVNhhgwpZGq4v5p4bd8JNdmW3j8b,2391
EihBRXdzms5eu9hBCwWsabocqkfioR4nUh6jBD7opJyv,2400
5DBJjXw54kw7xwDaQWBmJK8Nzy1Todi8mRrD9kgRkufy,2418
39dcDwkokXFn5uA6pJpzxUJa75GHBNyQpZFMJN2yLFMZ,2548
3Us8xvG9196MCe2f1D4sjT4TyeYGnjzXpEQXfL2dmhE1,2445
FsA2Bb7Vc69ksohu1Hs3o1n9hRdm4844tGd7xPi4m7cC,2399
GiWR69Ks8RQm5jnnUoq77uAhBZyod7BgVjkdURoNMvzm,2401
AV1nC4namc2c4cNNy8iQB8iezfiFfiTC6sqz7n8pyR1N,2549
Egr91A4Mkym7gKEE7joXUZRCSHyFKnax7919swxPwNBZ,2568
EnYGcVYeJ9Jk7dkAVXVqog2aD8ZvzrSHk2U7pzbByGia,2399
6q9fci9oQeK4UPT26QJtTVbcskFDdyL9U6nEtVuu7dRZ,2547
EwY68RqxM1zk6zZf2vuJG2MYCYRwXP3FUTEtaeF3Vx8a,2415
GuReDPzS3CbiuUU9HZDX17FA4HeW1MFbq8Rta55G9Z5k,2442
8ndz6sB2aZJ1KGHfQ1XNuPbTjFV9YmhJU7vpR9mwwZsn,2433
3GCntH3uAhTGES1PydwNjMdRvq9PeowBNF9QcLeSU74K,2438
8SHeZiuzURRtbT1izDnSfxN1dx3GSbyScbr5QeRzwDng,2444
DZzs7ucvowAKkqCcEQavo6nB1arndurYjaxrLUsnJj4k,2550
3oLJwTbg2vYNPLxqUi2QypPUze5YQNqaGRjWxwUBUZwm,2393
EVzkJeDc4J94XSQNxyTiwVaPdJnmqzjKGiTMYuqjDyZz,2566
ENXUbuHU7KGuiD3naTZw6ob7ELLpUYqzCmrxuDV5uvWp,2571
2iwMQwkbWQ7Q8SwxkqKgnnttzC12cg7kQ5cubWGk2BBt,2470
EzYDmXdaeFwJa9mjik2D5k62iAUixGf4LjPRRoeaVSkk,2402
h9KzcutQTfih5FJWLJbFGf24KmwUgqVVjarR542VwgZ,2470
6qjbqQStziEwxDXp5JsWivu5oj8ddHAmuKhvAQAsWktu,2443
CydZvTHTCBJqQ4JzPRFvJTHuDxtWRMic4p3Edkt7qcXi,2444
BEazFa2JZM8e55s3BMGBnap7Uw8H51fGoUnyUpfEPL1k,2592
2HYid84qX2drDqoUKtpPvSjtcoo6oA8JP3WAfiZ77z4b,2633
GmkjwbquscK3HK4tbZSPH9QFC8GtfbXYTaQq23cfMo8Z,2445
EKM7UPB5w9Z6Sa9hDtMx45PzMjoXX1zLK8aCgtrUBvgS,2580
DHYCqBVsR7uutcuQNm1BNzpUCrryoncT3MkbwL7U51iM,2467
DoMVDiBL5QNSrcwk8N1EAPAw3NrEMykJB4Xkp5k4za2N,2579
FxR7UQSZw2mDCMMckGsdTnkQWHfk1iJfwAVAH1dNtLCM,2571
ELtnUzxHskSRToPT6jUo4dXG8HPtNeLCr51QUyd8VMtQ,2602
7JHZHAddYqaPzKbC284F5YTHNseMULbXq4mEzd6eq5Yw,2477
7ybpVuSwnpa7QzvjyRRRsGKU5jn6eLp6AAXzQG5KHaoq,2584
2fV4PUuoJDg3H8UvKwFVU1WLLXr3hL43KAVfiDjjn2zZ,2578
77w2ichJ4UNKib9Ch6BBDneYdE4dRMg35o5N7UfEF4DD,2583
CzvunwU7r9LXky4TL9Ky4f2Ykqovoand1hD8JvdFJmJh,2593
AcRJgySeN7JMFWFeCSLksNMG3qxZrYQq88vWJdA1JBR9,2451
J3vH6mV65fVUtSuVHGU4C2X3dXik7HuhZt3J5Frf56S6,2602
7vqbqw1AA1cRgpP92PC5UJVyfxXF8JrGVY7TkTu3WpFm,2375
2jRiWFS7PYdpw4aCPB5Q9wnTFSemi6FqPbNZrUHPhe4a,2481
Bwrg67xwZXSX3gPFi4oaDSKPFzRCWdm99LBCosGmPyUv,2425
DerQmeFfvvRorjvfRYRY6umEBhvu9xVSViR1eWAcRVhU,2479
5ibJNBgM3zVVzru3aUTWdskQ7V38apJiKJwM8eVQWKgG,2478
2ANrJdkujUgPLFyW7awQfaxNuSjToNQjMAoiXFT22bX2,2478
5NAaLxXM7ttZwQbRiPoLyQTqPC7fLuuJjGb5RyV7RkLo,2603
5mhHZwixBKMSLeQ6s7ZJnfPjTq34dL6ojnqz7dgcwncQ,2403
6wnayXdUJz7BNyoL4KDhjB1nZoFoHSCToPbTD1jKEJqX,2592
AsQDcFk8u7tHP1sft4jNM2kBuwvV9yK7e9aDxh1AYWHq,2435
6WdjpsHrrMPhP5SaDDSkbv24BmMnFZyw8Ta4ix8c3bxq,2478
97oTsMPRyn5Ve8hUnymFt99sRWpCZN3BphNviobUFbUH,2584
Bxwp6TNjdpHiD4GvhLPyuofhUNfCRHrZrsjJ7FXCgNAE,2616
3SehetfJCnMZXVm9TBSzKBiMMijv2SJHwBsG66b5c2ZW,2613
2qx33iqCKYVxjddzhutBz2AW2aiesagZwjRzeUcD7JgV,2589
6WybJG8Cw4YgFfKmR72aztKGswc4vwA6W4qzxeJ4HGEL,2472
843UfJXF9VVufCC2d9dKpRQ8T2gj8cEzBudA7HvonCtb,2612
4M2L3enm9So6YFgaKjzXrqYfpkaGRZvyHG2JiNGTUCbg,2434
AxBWEk1PnTb3KF8XLhBfVHzERNcEuerhNgcqDoK5zgR8,2606
C3DFTK7Wp4tqHUnEJeSohid9Bc3JeXJNe5UVzzCxpvum,2405
3NyvWivmSpPJGkPkw1qL7HqCyfQqy5nus1fMMSgynzvT,2513
rpf7ArUovZig82WE4f7kKQYPyC7PohvNQNRq2HXQzDG,2417
9pqT5KspGKHb9BzCCd5CgNwEHHgSxyKmsQarWPoLahZx,2625
7jYHjYZDH5xEWqDeRQ3gtptCNrWYRypvaMwz4XzQEeJV,2672
DnyftqcFLDXpMYhUsZyTz7T5wJL1SnKDpzYCu6yri4SL,2617
9rnJbN1pEgQjr1tDhY9Kfh8X2wpsqckB6mdYqvKsr12F,2468
J9KaJSAgMdgx1SD6H4xNw3KbVXEg8BxzbRxCLxjaUwb5,2605
2i6nawiPZmiQ4n6GkWYAnLqSwvzXqMB3WrYSmyVeFxuM,2633
6d7NFdqRKhzviAyUmVPBnFeNaKAVbd4DezJzxJsnc2Sz,2635
3rBC624eCuG2NtnVrzAm9EeRNe55kfzWsoxgFxQXN829,2637
CA8qYUAJxbQaGEgNBCSknGwZ8KeH8iLXrnZQzCGbxmC2,2503
C7LNteotsQRTbmwNoxxLhU6nZmdpnAnfzCstd1ZHv2Xn,2675
H2BtvVaQdnAPfSkNRqq5keTysVf21EPdbvsHddecHxMQ,2467
CpLRTJVsJeYX1gb5BYpFonLN1WyyvZVmqWceaVu5qeXE,2621
Cy4UTDBMA7bkZfhbpYP5ByQAB2Hfn556bARSP3WQfHPY,2608
C1KhW3f7FAhifyvNgeZDrHgEP5cw52HMDRLmr3v9ndRG,2693
7vbPk6KBUofSbNszZwybVTjvKVY2J3UUjPRNa2LBgeJL,2635
9h6oqNvYyxwzQMVLZwRjYvadRknNdo7xFuLM6uejj5AR,2464
EYbVwV1AMWipx8YQMuFef8AnnL9y5i4f74YX7mQ17JEZ,2490
A6W8MKyAoJk6fd1nwLV7YCyG8M2L9yLbT9KE9w7NxhJi,2640
F2ApxsHfp6nVaWjZfxzqGUEAwpqWeY8dE49428onSfcn,2623
D1Jzragqm3biNSdttQDdecZGmVr1EotVTyw5imbkoj4i,2620
9invszoC9B8Ryu3CBfoeC5gs2Bys4QgBUoi4Nsp2czGK,2524
5aaP3G5ExHFKRSpSRnymunCbC2BRzxn4SnYNP8Q7ZMaf,2618
CDNvHRnEERxUGyshJo15QNEmvpuPAtEwVNz8tWQVRsbc,2632
EufNu9c8gXzxa6Gq7J9EFL1CsU9zuvptv44NERmTvpij,2649
2HUkPiPNH7rTTsLzXqjj47jQsWS68zD8BDqMj86Wc6e6,2641
9QmPQHTwYXM3y1tXonDnzDbCcy8LqdbpxU8xjg3Zxw3u,2634
5cbVV6hHggQaAEAuKkmQRAasbNe7RFL3iVQTxKcvBGRY,2424
7jJDxYqZ8vbrbK6d9gvaq9B5ESbV4b1niD3LHpZ3rkuw,2630
5m5psNTFNXVdVnN2XNotcuK9kn4Q4r8xeQXmVUsqVXEv,2474
EvomopobyPPsqSHLNK2FzdXcxm6FcNiRitmhwm6i6fQy,2651
FXxmK4XJeCB5hWLwDHBWHd4FiRYbCSkxBTr59zUNYDs5,2658
CZThwzpYvQMiV3LuhypBNSYgqQm6fbTkCAe1ZoB73cf4,2639
F9nqctVnKMerMsF3PL8xRPqKgihj2xesrn4N9QPW2nJd,2663
4E59kDV9sH81pNectLjtbXyUrRHNQhWh1fcruVFCDxFH,2702
9j9sXJu2npBpDEHqj9coesHiccwXwCzbeLYcPVbaBsYu,2721
4DDrAHhAZoJckSxxmBQacMpQ3XZoHh7rthCCz6cHZoaj,2649
4197g1Ps58zTpPq8VHKSHLh5CqynqXYbyCr7G726xFcV,2548
7XPaGf1R8MEZ45iQC7LigSUjXzbjfrvdi13w45UWyXsr,2668
7vqP4Vjt9x1VuYeQ68V5HMEBCKyxbpEZPL5tAx9UFAuf,2662
Adivu8e3w131NCVE6Lvrits6DWUoTvmD3RUyf11u3FXu,2553
6aLFPZmkGyQzBDP8ESeLbMTKLfpCyrfwhrdR5rTa4CHN,2706
FeKHGuCgFdZf8iSz5PGRFaAPJzUWvAc7kNx825dR4xz9,2553
EUWDbSRMZHLGyoGcciRzu3zS8QoX8uq8rBuu1QxHgDJF,2663
DTtsXvMcvv4uqoA7MAgod8KAGjd1n8FQ4xcBrYvSAuHh,2645
GoW6UudheiX8Ag9pkQke31pFXi33NXe9K8XRK3Z99trh,2715
GfT1y2LsFD86G2Wj6BxBr92DcfeYUEnCS4szQCAfTCjR,2519
HyNq6wHFu38uKiFDjsbKLJkJpgzHjHMc6S9PTrdqFSMC,2657
7LrdxwA8xJ7NA9RebUVy41nNWfBqbe694XxgcNTk2LAM,2523
GVRimZmUtDAVoj3jQeN7BKXXQZbZfGPx4T9GNhNGR46k,2717
FbbWEicRYW7hY8Qw2oFeW3XMKaXzRmiJ8AFtzPw2x3PG,2658
ALemcoYJ4ANVo6w7tX2MWvJLGTVBkAo9ZBfYhKmHoUug,2524
13EFds4xKJHqRfyWLiS5bpcrRUq1VJFka2kN7z1BP92W,2731
Gqfh8UjeWGuTvdC4mKTAb9iQY427Kau7TGbdmikxFdaf,2512
frdgk1NAPMYao9cN1xb7ym1HF71XjcqwePA8g9Y7RZZ,2558
2UEhc7kr6fjVAu1BTXfbhgTxoP1cf5JyWNrPtjaaUqdn,2659
6MhmxntCwH9i2mBB1svDQndQn7M7pxQF5zCDDY14GpoG,2678
CcWu2jMozrmaD461JArTRgf6sSMbwnvwgojwKUAFTJKX,2680
PSxWGzDuQtAtf1uyudwc7B8moxfab4M9zh7EzTzACEG,2673
HXPEbtsbpht1eYMoUcufCBKoNEbsWBcQ9X87asSoawvp,2659
8kzYVBdyAcJw4xJx4mFgtwayVrDrJhDmmTqeR9YXnbwi,2736
J1znKAmSxPEG2oX65UddnPoKJz5XZJBi8SUUTFnXTZ87,2530
8eSJ75fve8vLLxZWp7dsBfDFMkzjxh45fWytS8fhEFQv,2530
D12ayoWqPdmJSiQ6tToKwMssBQNh9sURWTKHH2ixruVz,2559
FSPQoAJECvTxDodFexok25RxFLCquH2e6H1e44h4stge,2662
BbEgoW5QsBvyA4qXDTcjphmxJ7Mw9LZmvK9mnk3DmdY5,2696
HmRJWhno5NUnV5qjKizTdUXWoCuHwv66SiSujjP42FZQ,2677
4GmjN1Vqu4TcRWQUzdDTJKd8rp7ftk8rtDiLbBpZQFJv,2563
EjXF7bqWKRpovUdcDeh2zaXdEfk93TMeeAk8RBN2Wb6E,2667
3DRvf8jzdKCG1v9CChXuzzbWPNacetkFpaWtqDihhqzc,2536
9Wwg75cRhSfRwFrwMD7GkRaYfALVFKZaVZfc1uxYDVaN,2717
DQwtKtK7soDbVHJENBtJ2pTSztkhMBvthcXpTF8THLUF,2668
3DQevnh9nhjy2G17nfP5N33vAsobphGuJvKfQCzBogYC,2534
4ZUaJLkHYWdhX832kYpJu2pGjaUeBV3DL6PQPBAkna3w,2741
GL8aGAzxALcmqFb3511D7Wp96y3QeBSfmVk7UePpoWW3,2725
8eFTxAEk2uVzof66kywmqNmzaK8KkFNuCfGxDJXHwNjE,2685
6qqtvedPVpopv9zSuqvLSFMu2QmZbnocmHHE4nMggVt8,2678
72eY8ydqiHDpv6bb4DNxFxTDMcZGnAKwS4J5KepSFk1s,2538
7R4stkWZruJ9m3J3MXW2oyc2vXCgAhy2wwZB9bFUcf3M,2490
7XifsBSBJVYFwoUjfxZvsM8KYbZkfH8nGZHZcmU4npz1,2711
GD32N66UHxfLvYCkA7xeRvnxAnFUpJj3SHh1nMZ8RCpe,2669
BWjsPDgSMGUc7ac3NxeTrwChRG7qrCz999z3ij2pAEun,2537
4rG6q9cUrW9So4h4vxaWrdnjiva46LT3FdEkMAgs8Mjt,2536
J5VdtwQh6TLKcLihRHbzg5hSJAcWAA54UkxoyS62NsZW,2540
FMtUd8hS2kMzaWdwES4aVAUtRgjtqZDHcRDC4FQMKG3a,2672
5DaFMMLiK5b7MpHcL6atqvRiouMkwFqH72z1YjHCsTrM,2729
4uhnjCbfX3HpJDtv4RG7RxoaH89K3R6Et1574kNegCnG,2475
BfM4KvNTKUh9hbgcb5i9YhCrsvPVYy8LXympEwhjDkUr,2745
3axoxhoqoKCygswzoFMBoRv9EwMbZ95UiJS7epv6D5uf,2473
FhVyVeegeCBMj18USSNr1jn7FDXH59yVnqmh2wHQua1x,2571
3RANUL1d1vLHWBTkF72paiAYATa5LeMsqXu9Tki7TsPf,2573
BaWWYdgaCwRz9sDRySJqwYYxqn5fk5cFGpwCuJWsjrdb,2693
DCgrcX1g9sittEwNQdfMp7vGfmAnoPXe13LGKmvShPG3,2547
A8xZrsJWd6t3zz1rjvh6Wi2xpfoh13ypYxwL1xQwDZC3,2737
Ck6g6qJCZcwcQaifsYGpqzSXNMSJxV4xacd6dWiydduR,2737
2uBaqxmg8Y4LH74R4ksim6bXo1j1eSXwd5q339rtDQAo,2521
J4BdY8E9Q9fGKKJePNXC65C511oMoFBBcjgw5pMVV6ha,2482
BvNk1P4638Z1A4T8vm7PicJSek44HBnYvGCpgEBZP9jV,2546
Bf7EWA5hkc5dRJ49BNeqGkuG8NtRpm4ZrBsjbbK6aWNd,2699
AhuYQC2CVQLCDqxf8SejHE2m2YqYh7RX23BM3Y2dLVZ4,2682
EUdj9qiqP48Uc38tAW2Nd7JzA1H7XVqsixHqm3Wxvrsm,2683
6fDzoqjKLzQvyi95YuSBNejB31Wo7cojkVQpUtzrN9jW,2571
J13cGDXJ1y2m8gH8rtrRb7hMpNNMTHo3ojc7SkXhwg5L,2700
Cx69MkXvoUpec8uR2SWYBH98EmbxHGnT3Fjq4YyeZ7bW,2685
GZRPi7cy7ZuiQyanvvWeN7CzdXCYnX63dUKPLu8WQKhh,2579
9vXzBhdf6RVh6CEjMq689sommsUm8DvMiWR845AUJTng,2535
7D45t9K2edFestntAiJm8oArJmr8xEKVk2pRijugXroS,2685
Do4Z13KfEvYCCscTvB6zMxPSQrcVGjst7x8Lo6pDsQZm,2743
58BDzxJRZ2oR6H8EBG35ybdxxTd9HtoZ2JPix7StsPER,2514
4zYRM6hn3UXowwN6gZsDYarQwL9aRoGbivT5sCfdkxNd,2523
uAheSe53bL39ZYbmeDvBfXj4cS2NC1RzfdK8GtkZHBy,2558
4PzdT75DVZT3BjfPhDJSRRhJ8Ktu9uvgm8No6Nr1KqYr,2705
C3kutBzf6HiC1V2GfmaZGaJKp2WYECh1uivsg4bxBaGc,2725
FTnWPWVisodD11yA8MaohTWtGs9A9TPzTYCHyswumx36,2550
4NRiv1urPvfyJ3pXA5miYziTsK92xEp2UnU7CurBrBui,2705
aq1TyhfDwTXPQy1F33XHAgaqU3sKucPgwafQZ76LYyk,2547
GEYUVpNPtLEMzxN6WTjUA2GeRY5sT4KP23MudQQhrDku,2597
AbEQ8WpCGs2NLgXHfnVo6ecutXAvYcmHEYste674u1Nk,2547
12hGtPmSNMW51TycAViBSnhxCxSsac2jZXK4kafGYR5v,2708
7dDUwuEtbz4Kg89RW6FS2i74Nufk7uTd84bLkzVFht5,2575
5DEV5CFhteyoy4ccQSXkaMqpx9YCBjF4wLShuazF98e,2709
7cpfjt14WvvCi4Ui4pYnZhP8F1XBgTYWaYf7oJuJD68B,2727
GhTtuRJXqd1w8ZzrvppTG6i1BmozcRo76fgWXWrYg4oh,2697
FXWDH3PU9V17CmFmbAJGjV8PrhSAFHutqQ528Zh2ptt8,2607
4WwRuREz4iCcFsMaReKPRxjmRiXKP6sdMDQbwF27FUXu,2710
9Tnmbbfjy35ou4M92gbw2wyt8Pzc5nMkkR5M3Z8HGcjw,2702
FTo7qpd4r8UyJcooGzatWwFMjtUwnRE1semd2HrHZeXo,2614
GF8Rp8MYgJoHb7wtRBEd1Cp89qQnbFUEMsavLywFnDrC,2767
4SXg7FnzBMiCjBjsrjiZLjdRWZZNgJrQhNj9iuDe2dwk,2756
9yfQfj1YnMXPSxcNecyyLsYn5EugFSvtfHxAT5DaeKiF,2764
7uc8Mww7PFRnxVuBx6TYkYWWhaeA7J68kPnoPg3Ggo3i,2763
3A6izn4oyzcwGeq1UNHHGdsk1etLaK8B3ZvBT76VXQi6,2657
DXjFGMb65Cgq5aJ38fLNkKUon9mgzJKWhbg8UokRvub,2767
4tVGbK62bqZA3fzBKBBuDBKfbcGsgaU8Kf1REnuuCZ5i,2786
FWFgxL89XgZn2hsW7yo7Ltk6FvaEHE4x27qGWrPk9TQv,2665
2vthbnXukWt3gBB1Vrm2nowQ957jNM9Yxmrs9Z5hPaHR,2641
6YPMEsA12ZPnGRN39VJ9siiYGJmx9fxxi3Ar5U653ncY,2635
8bsDqzfbMU76KHihFuUWeL1piPGq46xhWytYeEeneJV8,2625
5FWEG4UtkjT9D7N7v74DaaYfy9vtPpdHQAL5aHuHRiEC,2834
HC2eJbmnTVJ6tNEu11crXZayUzBkhwt15FBS4r47u9Vw,2585
HpnDavetHwa7fYGmttG7RBnFauSR58JkoaQpG2UxGLk7,2637
CVPJH1Nu9rdmikQCfqXpsZMU1m57w6jAeS6ApuAHDcyH,2774
E4FcwNvGQBCe6SVnR6UnoTs4hdHSdw3fn4T495wVkMHy,2651
8BBTpLksgBcYqLTo5cpHsrNbwZfmxd6RwPFiVPDRB1pe,2600
BsdGCPEyBpvS8TW91zUNygVk5sbBis3L19rPY9W5RNeM,2670
BQsM8kGJ8WppSM8Dh92fAfG5MQbm5Ep9aS8VYWuaM6Fh,2641
FbEGSgKZ2WWSBZuDRKojEuF4525m1KUsfp7VvM3azQQd,2776
6pMgmW5F4Vvow1GdVMXVzjCuMWmV6ZhKH3crL9rwK5Vx,2804
3FujHGUa5UrUf1foZ2iBjFMWmghzYUDRmpdCcwKdc9xo,2681
2nTrX7JDsyzXCP1VBZfvtY8BgrY1j5cmV96HKpcwmV2U,2653
FNVHiEKWpxEP4kgBzvgUaHfB1AqEa87gwDfeiy5a3YnA,2653
D2JqfeptaLTFm2YmVvs2PgoAPbydWmq7dNebXP7TUVGv,2788
6SKY7BFucpTcWLUa9HjQnYZYaXBEB1C4Siq6ksBE4eP4,2653
DVsPsbtrvHfeFxDnDepzCJj59R25TLngpkAcjuf55m55,2801
FZ93gbxpL8W9f6Dqywj1DPcvqdM452Z4RpktkfGTDNR5,2657
649ivvcCxWUEicwvYVMNYAzVRWhAo7uvp6N7RCxurT9d,2792
H6jLgU1jUPY6MiRBFPtJ8R9VPJgoBB6VV5NcW4RQ1YYR,2644
JD2YjVPaENNq9QrxqHTbpSMp2zDM99LCZAfXijdCVoNL,2666
7Pxa7aF9prTs17DRBrshCpTU6A3da3ViJddudUpYp47k,2666
CyzB2VHgaTGZVfkT7UZHLiDcyCbhQy5tWJghC1KAe2hM,2874
DAceSTgrgFFarsSG75qcESdsZHas5CUmTNHXvZiFDVVf,2702
6Jfidpbw6BJkJZu2ohkkKaECh6NCgyd3fS2mD4PhbCZg,2657
Hh7k7qiPFcrkksYPN2967fUC7uwf9EKq6eSvKxZjzjYA,2671
5nUopmUcbuzebYZAKz9Tp7femGtaBmzR2gktVgq4jKZ,2708
2m35kgQ1EFLwCVxaV2dwvy9gVPULvNXcpBiHZwgTN2tp,2822
2Hrsdn3HjQNweXDm46cJwtfpzzf2t6k6gatm9QD8sv9Q,2683
ChK5vRY6ohk86rvyGyd7GGqCk5HbJgY6UKwk9xRU3pWB,2684
E3GhfyaJfjkUpWM2vR54DwBVcpBggusywRqf8RgknK4L,2684
4rCy51xx7UkS4vSyEZLexQwshPeWcCte6R8szrUuZ222,2685
BegKsMdx6y4KmCQtCru9SpudLi4yqnayrpm3a2o8o7M8,2685
7MmLtRqiE4ZsnQiHqNU4f6op5nLkxhKtsrFLzcHNheLo,2691
ADVv47YSY4L2tyvZ71jvwFwn2E38i5f23bGqMzXVQhZs,2693
AGsFDd5hYZFL9nZjNf9jnJtSYDvuxXr2ChUbqg56hKMJ,3021
ESNbu49dN8WJgsj1huomqf6S9h3jvvx7XdPMhuj4CBoF,3053
Ct1QYTi58bsoWEmkHeLdhQgEVhpBSVrvkbRdGRJn9Rwk,3062
GYY8xBZDV3YhbA9k77B7nhHmV4JxwFhu7Wwnk5RfqigH,3040
5P7CE7XtBHb5ntHBE6wAMCVvtxN4xS9vWuWsnD9zn1Jb,2881
H7cjBAytxHC7v1Y9B78CnxnA25bfmGi5Gwm8Vi2MLnz6,3071
AidSLVKuPd3XgXSNZeVByniuhGoC5TL2dyXmb1PoAMGU,2920
D4DrUB2Pw1fAMJsf3hREuHwWtz1obr27iTSvpRDGnh5h,2926
8mduyLPycQrSatoLKPP9bhFPpdU4iXXwa3SfV8pYzZso,2859
8RoAW4qYsJtERyDMHHnWPhe1ufscm1TZBiokhn5hPrf1,3076
8vBKQn9VoyBzVT3yjbEgrUijKdohmiJyiA8EFXnoaLNF,2893
HPh6kKPAyuEbiBJuZkQinhoGWaGDaSseydC5rz1D5R83,2955
3MhYpeqBktRNdS6MnhJEsfk4hHWr4wqf6Z2bdvBhU2RE,2926
7gEvZcLcfVjxyqtv3MmNB8Nggk5zUvRC6BuRhZWXXHPi,3012
ByBuj4KASrMBSNTyDCAh42GagGpfzDji8DYtJX4jqvy7,2937
5yArWRLMFGhhgbDrKyjqoVWLG2HzMccJktK7vLS9bpYY,3144
4BVwXAb7AQEPYHthgjiqqAWEHHQkrEjdNxJqPx9yFCKx,3128
J77G7tV6UCgAmCQtxHjMvx4VgD5SivJkhX3vsxHP3bgW,2937
3LsEuXSc4F3nYNa1P57wsrvXqexzmz47uxjai6pXYVcX,2979
8w6ED9X9wPRjCiDN2SpEsXzNtNGnwsZGaBfQTKZ8ub3M,2990
A32nfYiLV5DWZExcHagsG1DdqDHSQ3mayWBsBotsVoAs,3016
BQBny6mRCe4n73NWJZN1sZLuuVZouiugXKSxAAToZTx5,3040
9tjaJBeSpGuSCByDDSDwuPg1koRP6gNxwfQngMx2D7sH,3198
8KrjjMKpkAWUgW2TiEdWn3aVbW6rP74Eft4oYh3swh73,3031
2N8dvCSna3T2b4DBJmk2BxAedB7Uafq17MFzSxBVXMAD,3204
8be2a14nAoAWKJJPfhyjcgYxd3FJ6CtPcv9nUEx8fgNc,3000
91mnfGxnjCfXF6QjmaqerLCfYHBqJXZkG6hJbLSnbHgb,3198
9MZbNEZjKP4nRBvmmB8SGst1LbKy1dw4VLtEeVFHN3zs,3018
DZfHfwDvqyxm7d2hnM4Z6Wca95LdVaqtmbpbXyoofbsp,3018
Bk6wSp4tiVDqHuVQqP6JhvQL1ZhmGBH7e5eb3BhTb8hH,3016
5TvmzUe2XrTZB6pmjqD4js27PgCBEbCuwUHd2y3GV8cP,3209
8wNbZzhc2zEPvahNBg1yQMRDU5PTtChsq8TZ1kY2xLzT,2984
Bt6QL9yTbiwd7fKBb1Q6fhAQ2r5LQLp6zYb6Z5pHobTQ,3151
26Yqt9SGzYDk88ZjV3zqQUZNdzEs8bK7SHGzGVRcXETv,2998
89GT8CtvuB1jm2NQhdfnt9dNKua8t8MoBW1pQQRJjNCU,3140
H7SkvZaVhpUB9wHr4CKXKx2XJErGims9SWaHy3zYJdPf,2984
HQjM26VdNFTjBAso5JzPEZ1MaoqdBg3Lv46oTPHFpRMs,3036
Hhwi9UrmxX7P3G1izP5Csas38bgsCmuc4P51LAhsqyu1,3168
5XTsDzRNVGLBWQN74mv3cgLrs8viL2kxhj43x6dMqhN9,3149
3KuuJsh2zPPn9vmwSpUUg7AvLZF5aTghtRQuGmJ4kctt,2994
358Jy33CdNa2bg8tmunVSUdyL2GBG7SnaR91whPT42ze,3170
9Ru9emof5v46NccPBJyyhNtiw8eprStJjeDN25GA2P1i,3022
FAkve5Y4vD3QZUVBsaoR82gF3P4TQkFjhR2g9wWhNiSc,3141
2ztLoaVxDtLkQcmv5zJdADPvg4E3WXDDX4mwZyp5s8hR,2986
9DMz9Nx8scZmSnTLAQ3QtepF1Mna7WaLwrXsMTw51mvj,3142
J45Gvyz7vuDyi5UXp8mwLEZAJgV2d8tRg8RrZCremMUT,3141
9fmd25ypd56DecowLvkLG7UxiFMhePSaPo5sFsGYvUgp,2997
4LkP9nnUXTj7Xx8EJpubK31Pvt9enjC1z3gcqsrPP5Wh,3143
3k6Br9WkoSNJrdeyLQTbquXkKAfRgoLKgNEPoRdwd5wY,2957
6mJfKKithPyDAKy691areyo1TpUfpNRi2pjgb82K2qTv,3024
7eoKB4dYSSrsCxPcBwB3PuZqTdr7XhkuhiaHZSeSMSJy,3169
HnEGKjA3DABxUWxcSrQFkZPDnist9J3EP3jPDPE6cTpE,3174
5623MaJE2tfTvfAMcG4FgHgsi1WhK6gbHCZN6ZwF8qwh,3174
5ABYi7UjUDUqbMjerLaf3rVJdijNWrUPj6ECfX5xupAa,3006
yWVfQX2VdGjtJ2uGsbiCCDXB71FwiH1jUG7UVoo2vLd,3151
A2ggpA5CxrQuiyqe3aSM9NqaKZDHenGKbRVRSViGawuC,3172
5ZtxN2J7MuxNEFBwMTsDYRiTrPzSRrEBcYMDfhTi8hU3,3175
BF2S77AvwwvCEagCAgWpEhqUTjNkJUb5CyxKq8NWf7ZE,3175
5wvKhdh9j3yBSKHFSS29Czxm7Trsif7ewhW29Ca3gGfs,2960
6yyTsSx2NoNA4t7AqKSwx1FR5fQFQMjZiDXLJLkABo5K,3174
AAuuLQyLXKhYwBb52HJVwr1rECF1b4SGwRvMxDJDVpev,3051
7hxNnKQG6t4DrgAGsttGZYWxHb7HQYdKES9Q4BABWeyf,3056
AKaPBZVJGChh5XBNxW61yxKGQUttsiJ5QyuqknPhv9D2,3048
9rZ1vc4VsgxzTtMX7eAdewr23NwwBiCEpMCpn7bHziWs,3048
BWmPYt16vso2y39Grv5PQNYjFiHagnqqSghmKor7U1QF,3056
GPMczK2KGFkAXuERTrMtBuvcVguzuS17CFfxNLjuFCda,3161
9eEHXiZep2JDeQFznQc1Z32hrRxs8RYaJrJhmK3qjfHW,3003
HNPRmhxjuEmihWza3fm5KtQSPTmWaxnwbeGyRVf5PbUR,3003
Hzuckd1FaAM1uM4q6wdQ23qBVWkvnSt5G4pbEsykyQKw,3180
BcdHZ1w93yR4TkeFJJmNmABvFQnSxH6ZgnYCfzchkZME,3158
DLeqazHAx2YMVEHqJ9KoKGy63k78v6SVahf3fqKbc8dU,3014
6RijuhgzTzX5iW3DDpur7TRaHEBUPuwZaAFdJ8SpYJb5,3178
2Ht8DTcUqk9wNJsLZG1owmVKHuAaVorK8pxFBPnXJVpP,3156
GThCTEjJzYJwdion7Wdr4wodXbZd2CgbqwSRatxQhMni,3163
AHPM4qdkDaUd6WB5zKj8nwna9gp9XsaZdv53Dykoc8XD,3010
9Egsh8mMVb8dacuFE2Bw5zcAUH39h59o5qkSCQ7Rvp4f,3157
3Nv5zzQb9hRoRgdimSCJJ4E54QRRNUtJQn8BAcWTA6QZ,3059
3ArGcXwxYyaBbv3XYaSzYT7H1DEnY7cQrGSukEZt8twP,3005
ErcnrJ1WS4fUezSW9xLf5foS3T4eUFRRVEiyS4mE5ki,2964
6BbEizBkY7RLzYxr6SvjrTY9j8KPwFcbyiKX29ZCzMYj,2963
EMHdAjhD17Ca4GU4zTbvKJys7H57LPA9H7pU4TQggfCg,3013
3Xmqb8UvM4zGKsDSqNk2GwttnqtFXK3JHqsMRiLoTk6t,3170
C2XWy5tysSP6wZLutUEx1BV8ymhY3DW9Q4KiUn5minKB,3160
2ZRGcJQEQKvsGHf4GwS7qrtxtNJdBPXX4Q4EBo97UMrN,3006
BJch5ZhxsFVtCrqScofUBwbqcJbT8Wg6fqkcFKzu6VYP,3160
5wRxYHy2h5MbAAUQVQNtohxcaRyVcgKqhFZpmv4ZksiD,3164
Easiu5fx5SKiG65wTTK16xdWzzUUpdbeu6UE5kotkqb,3159
FV1rc6G66QbwQnUCXqos5aKfEiDLmiNGuoTrob6UW43u,3183
8hY8wdfVRgpoFYa6bPmhSVikizswNh5L8NEnAd2k6Qe6,3183
Hf7XQZzPkJozjybDn1gu9pTqxPLqGrTGa8ZFGBwR4755,3014
FfnycssXHvRyKM45a1JTLnEuzia2pJwARhC9hqiZ1oFx,3215
78teE8tyn9ohyDTg4BtyHKvUnrdybnRRB6N2sWbFPUCu,2967
FTkHipD2hBRGtv6TYhibJDYWXNEHZrQ494Y5KHFyhGwh,3034
DJk3Gx14eGCy5rR2Xj2zsXD2oQm7ysuZ76X4KffmA4ao,3155
5PZzZnfQMdUteppQULWmre3QgQH4VHx9pyzNEqRRh9G9,3156
6kBuKtM9VuAE9b12aDzS3AL8DajjXRBhMjsFRKViEjpA,3159
CWaCCXMZJaTjtLeHtPLP6pZmTMwVJmMHu1ykqU8ZMBd8,3066
5CCtecbrvNcU1Bpna8GWeLj8eEwWZuEue7LkJTqqSy14,3189
GfjPfFaRKHKSDukYu7Tx1f8bc4tcgySEfCLLU5rPH2cS,3006
4pKb9QHjceNrvGNLKLsSQyTs1e6bQUqTVwvjZib4azYE,3172
HoDy1AGx64jg7SdnsDXMR4gqmUVERfXiVnBCiE8UesEn,3015
HGt3dMvQ2Yfxxyy3RbWi4pFBR9dEBV9bKwTLPe3cRskE,3191
84Znvgx1ihgb4V7uoKiQsARG3f9QaXPU4sRnb8rdctgs,3183
CoGvNK8gZPWifmYpAQ1poDTQMJqMB7JzLeotpg9CjGCh,2976
BWQoU5ys5jUrtvUoWJZfexwkMt1J3B4tRnRsiEMhaeFv,3060
7gNfGSXDQoVyKQboEf8sLFva7ZUX5M3GeDWX5LanysRN,2995
G2kMUajG2Kfx6qkthxif4Ce6G8Hm9YuZS7GRotGpFM3E,3020
GvdcNfAQChrH8ADnahJZF8y2a4TxMSxh6P1QvdVC7XTj,3071
BbNTykiz8D4k43txRt1tne6WYKHo3GfPmHwcn6nFMgui,3200
3Ge49RRkNHvyyrizKKxLm2GS6D3cRycXKqkJAMMZo5UR,3199
BEZmZKExDuPf2XCkECFdJm6YfNP8LHhR1MyrXDCnWh9z,3200
GJ9B1JhwRaAiiSdRD7kfPUdHtR9Rh9fJQJTNjQtit8HT,3074
ArogRffpT7MgetWHoSx6GFzbmib74YxvgLoYrooGxmrd,3173
8mVRNqyQEH6dvxTAk1UE9DLYXxgHKY9TTfC9UAdQABHz,3201
EYrTQ8ps4XZo3GvMQr1Hg2tvS5KyqgSvLdhBoqcKxi9V,3076
DRtsRJu3Ci2SW6JbRFNJAKBXoD91gvU929GPgY7wu4y5,3235
8Yrzgb8N9rQmTNhr5hp8LN7ZW54PrMsoqJn1P1EM3jjK,3240
2s7UHyjAWzE2TPoRuPbSnpZw2RvcJEnUNQGNGrTDdSHS,3082
AcqSjdMvmjkRidYWg7xamWHRqrbg7UWWWZYMvu6ZnoNo,3082
Dn9f3TVHgByz5SyEMYpqjbSuYJVinRUcfKVYy86DmVoV,3237
JCMHnTWvMUKCQRPdY5gpLE2D4mdSKjwTSGUD1nv56WYF,3056
FfRx346LLs5s7XA3RKzQKj2Tv3UXnLQdPeV15EJeRJKd,3030
9T8YzfassyPs21iYiTGJJc7k1UwprtoZXGbjRVerC9YV,3072
CF3tNUu7VfY7KEhhdw3YGc2LJrKJzchkXui5czRZ8Uj2,3077
HtLQDPvyPqgQrWQBgTgd7kedEoBPnxxJaJf6ZnVqx18Q,3086
9X4aaFu2UzUn6XGqLPBatE8W4PPEQfTt4kJ7rBbi6cCp,3185
48wWmfrjZQwW7sht6HPmmsPveudjBJemuaZ35JAaxxjN,3200
GWvuJ41oCZhL8Ds3t9Z2GfJ9KG9momMbzbBW7NLnEZak,3219
4TbShaULfFEMqHnk5NsgfKrF3dvxS6cY3LiNa1oBrzq1,3009
HGsJqAASfLpDaEqFq4P6iwHYDf1uHrM2kNNhVXqhopVK,3051
78Kv5DmeU86hBMRZkytkH4Uit26zfxbkgwqi1dwKbPuR,3025
T9WonK2oydA7Dn35cHvghLjh3GJnQsHpk3FPuBTpefJ,3066
FaGVMoqPTcxt7cazy3nmxpxtxbWeuDbrGFtKdCUwqGTq,3093
9iedx6qSNu1W1xykJbb55SmczoEx4svqwCBXGiyvESV8,3257
DjsUUmEMWWnzR7vxPgsBA4uovFtUph4FpcyEdNk383Xq,3199
7yvXgqTPW3ufUSrPN5Ch4h9bCNM14yaAo5dV3soyd6Nv,3218
Gztz9cofDFun9truQj72Ldbawg4nqoFYCrKsqsV7Cv9L,3188
DnKS86ZxsJjfTCo7zKvPNyW59jFLxcKyssj43V7Zpkjx,3216
GrzZebvAxW2YPfu8mi6ybRXVzwGv2te5p241Uh1iPYru,3088
Gmu5rYdPNDYnszNvtF3ZU3jvt2Ri51dJVyi37QLS4rTn,3257
J9LF1yZsc6df6igL53Uzhr8ypLpYFwXKm8Ai3Qc4yWx8,3054
Ts4M31s21gjvuGZKzP8gtCmvrEQNbicKzyrNDtRUDTN,3196
GyeK3LjjTbB24wRUCATjJuGq8NXBmKcE75eqiFh3rgXi,3001
BNJLzbER7oZt8qn7uc6kXnMzgsw479Mj1iMfNbTnrh3j,3268
3d33rBpW5MJTKTNKru8cK8UBVKJGYE5APriHYSpsd2Nt,3028
Bg23Fr8KsVoPbe2VhHSQEoVoUZppgWLzt3QJiv58xmh9,3094
5U96hHKag3SdFeb6J8E911Nc7BfKqEiyuumY1mRvxxfk,3053
7HDpCSEfNBbghtCLiYTQsMTHLDFM5FAqeHtBZT4wNQ4R,3191
DtaRgBMWnvgr4C57GXVhRwmN4CbcgyS6m4i5HKFG9S4W,3052
H1KdqpFGypbJyYjW218ZqoN66s1MUeF2UjQ4zW2Yfwo1,3221
2pd7Nxhm8i1BZvNEbLpCUmqdNq5kFHtsHq9UfE9Q7xmT,3083
HCzpprMS6FWQrNAG2RypvS5fDbE8UoJqZSfXTm9sF7LP,3044
CWAKmkqFGfVw2ByajXiJ2EPJDnWapgoUSzxrGBSaUaCx,3013
A6YqGrepqqXinLUo1BkyskDYAaiYJMB2fMTjydzkpsTU,3099
GBpoMKQxEnRffC7ZMJCvUp3sx49aXo387hroUT8LGuD5,3192
B35Pz8TTjWtR1V2qkDRzsn9jkdACN94uoRd41wUdwhtp,3005
7KjTxb7FMbdfeVQJNejVecCnepTHz8kC6mArYLztWnuJ,3071
8eUddWKa9N5M7jP497bN2km1kxTRkepZkB7gR1M57Lft,3221
Cbiyfqw7sXQ3n7Qy9VYu8ddvv1WqTgQ7o5oEs88BULxT,3100
5JQTkWgXQKFmsgUzN38hcR8BRfnp9BqMrPjTbegJjcAj,3221
9LdCDTzGjLvJtZf7WZDAmqb5gncGxyecY6JvjGQNZGoz,3220
5cgQCgJSLhw9Mk3UXasLNYeR1Pmew3R3UFy13gM5o4Ss,3102
Hw4QMo9tTDsV7noeZWtfRfQWezyykL6iLQDyq7SVVog7,3266
V1Mybg2CfJCgeEgFzEHVrxjPNziqr45WsXBweLoMAhX,3060
HMg3EzuBSLJeAVwHJWtk5WAjZf41PfciNfLVbLWEqobV,3207
3u89YbtRAJKfa8o97m7w13Z22eMM2jBkdwHVmwit2ENi,3084
7Z38i9fCU6hYxrUiRRvJDbVufFw254HuEP6Uv8vKmBo2,3098
DrtMQ2PpqQEr5eBWTr7LsjMiGba2D1MD775CQ9JAjZNn,3211
ELU18iBk1PNLfCaXt5BHXz2otU71ZsUnLmPUk5XunfSy,3083
FpTiLh3fzCR77yKiaE3UtQLpvvZ2ks7DfSFziYoJu5p7,3097
2iWgTkeidRk5otav8AEpongoUyuXzQuRwPe5Af1ZyjM7,3214
HcqbEPgK3gH6616sSxmJy6imAMdckvtj55mg1v4Dk7xo,3065
GuzHjPZWThKvRyPhPzHYh6E4D9yyaD5PFSxJNF4JjCQn,3008
5gzB3tSaZzKztQ4VavL71oWhEupFDyDT8f5aEv6okecX,3068
G1XzJkimLK4Hxgv7pLKp2Z5sNvY3a8HDP8HLRD4aGcz6,3083
94hCVxexHJsNH6cp9eLDGRsFcn7KHBqL35LBo7nPatcw,3234
E9SGoz4zNNiBHJ8xRvvHDbnDUXTysCsp5D9Uv9HunDBq,3072
DwpKuxey2oS9jE7Cfm6znkXzztz2azh2LYssy8XzaWqU,3105
6oXVRfCAk2uZEgTwKUkcU5bwTJv3GQ11CCduYaWH1BzT,3071
3aGo8NBY3WKHawCpDrygWfwvcFDLBmp2HZpXBRZBQa5u,3114
TSs1yFsKQNmrmErJ2faX9yMscxx95UE4BYbibmgzmf3,3224
G3RXuhJFeK7msz1sfGZc35dHeUn3mVVYq3bDUfK8rtt2,3212
6W2sxLUWPD5LcWedTjztUCHhQpkN2wAKQsfh26vUCoEo,3026
RtLQ83gXW57msDTSvk2t4CJbjQB8XtGqyUaesHycQf6,3213
8iyt91G6CtHggfafrwnszxXiF64oA7Wf9EFBbsKyakjP,3278
71HZqbXcvUz8euZnWc9KM3WSFExqWFSZSqLUUwbPG9Y2,3030
2YzUhC352JyBjoe65dWi5EA1UP8HXZY52nGuBUjeJ59p,3095
5iG8sZJKHj6TF8amWg2nC9ESxVcLogR66P2o7xiKcJtV,3118
FETs2YSdMYqUmAkSRF7XFgzq6mWQMi7dDHiC7DcMcgRd,3216
HoMhNRtVqCfTyM7xd9347FGbf5tFxDYwZohYAnjqdqgG,3100
HsFLbtTo4ww3Hg4FMcmng4GoG37PS1iguzB9mWKJnPNm,3304
AuYi6rbbECEqdu54xcBg8LsjxsvCekvZitEEoUTRUMSe,3250
C1qi6DxYfeHtXBhu1USDdcSnszRmvhQn1tQ2Vmzj1UBU,3221
2EqaaZ6P2UFeMcAVASF8SL8NTKZhpv1Nsd6GkBsJHeCF,3035
7jVt6a1QZU3GDYfpHeC4nuBm6VzcXWaPyDB1tgCeAgtw,3128
ExsYdnvjTXJEiCCAFs6KQjYxCdPWPTpgMjGLDqmt6QoX,3052
uaM6PzeKMtaSRYV2bUkxHN4HozjWZAyMP1tK2jDcDqD,3251
BEwJjXR7D1A1cJCJTxso5ePHgdcGwMsZy4hnAfuF94dL,3251
6JzoWb1sHpSEyskXCGxHz4FpTB685nRYma6eJQQYnKmk,3222
APrqirYMGiUHB4GvWcS58waViFimqGqTrNBq7NGxa9zq,3253
3PaX3hmoz7ndiMCGoU9UTGANfNeYPFw7QgWTwyUrysRt,3230
GPV4r27e3LW26RUBLmTNmr3pXH5Ghy8dJ8DSqUPdCnX7,3254
3ffW3CJ9cAfU8xYWdTENMZca2P46kAaYFXHsfPvYGWXG,3307
65fnspuWAEzFjpQrtwvYnt57VqUJb5BCyuxc96HSXHea,3085
4zEVwNykc3g4KsqbU1oXnHGt3uUB5kq8xkJNcjg4XyNe,3097
8nbkAgo9QaLhNmkJVacH63uyioR4oojE77x2jY8Cwg31,3037
DpBh2jXMUrg7JzossrNimAq1s5wDNrc68xHiNG2GkZxH,3078
GfzwJaenpV31dkCGYqRKytDy1hFAgtdwG4JKHBCreCTh,3132
6zEjQLavBksWq1tvRKMgZ39Zy3pkKw8fsTNfViFeQvog,3092
691z1dY8qBQi1K3nVQq1Rn8TDk9uFYkRA3Vy7zhpchTV,3081
8Q8rN497HPYxPF1zwUrcUX67iRHcX2oS1WgJsYywkdqJ,3260
7BRborR9CN4QE8EGGxyroytL9DSmWze8sN9bWwDv1dZt,3263
2okWK5vVPtdovjDYWmQDJ2gPkM9Xsiox51BxAm6GCDwB,3261
6sKbUWxnxiJKsLFXb5DtBwwspo94F55cFgc5RMWEnZ8o,3264
9oTfu4bhNqMm1yfP2QJ8nmG5irY6JyCEKBFtiV63iVRy,3120
G1fPsB6uciJWedyvp5pJiGgaWL8Hkbm4TcnK7m1ZZ4DQ,3251
H77o87XUFPpRoXTbLzr4bdxHJ259zz8o2f6MkjJ2DnRj,3147
8BGT939JwhAxvi7vKLwBzRJBbcCZP1QymJ4KHLxDHrHN,3271
Ceo7ihxhzUKkjj2SNuUtXrPXnXThRf6YHxfGRmSzLuJt,3251
7wjnAgZ6SwKTGjCBqxnaF8hdm33ZRyS6s8tVTLabqeG1,3150
3a9jAjuYYuxaH53shjLYih3dyBZVeuBTwbhKS1cr7ezk,3302
GsPR4DCDe9CzNPrmZQuQEuh2rMfo7npuyksVydTx5eA5,3137
FchLBFyDfz5H56QX848pNFZmdVE7eGbsD3u2FyPwhrie,3240
2gm8YwZH3XNzWUVDnPAJFfbGfWLqa43tgJvKBQHw9dTP,3253
7nNSuiDKmmopMzg3VPDWdSAgGN1irowRbv2tvy5chMu6,3143
84xrZEa35y3rYWhDgNQw5XbGPtwgrNoLjpfSFnYNmowN,3054
2ctqe2iQfbE9KTGnt5566S8iAsEcoNhpvSXw1f7VRKN6,3081
8VbQpoqAV4bLu2SyP9XQNuByumbxXCW9LkWp44YVChaG,3261
2tvYyv5cbp2kgejdULvwcwoqBrcy2ZXesumDoZtBkJQJ,3055
3FSNdy4TcxrTWBY27bMSehPpxCuKrDbJ4EM73exvr4Zw,3264
5pqXVckRB57Nf39HLgRDs8ZuJEphREeeqs6cGtv7mskC,3250
D5soLUj5EHhDgY79b8wD47m1PaNMxpYZBqYmwoV3JKRN,3058
HnrBUFYNjXpkch9W2hcCh1XL42pvL5JfLZYcgCYGCVTa,3251
3CKcJVpZSrFWtUKJMbt2TfwRHb8srdztDR7kfpbNdUDD,3267
7oUwDjxD9ML2KaAqceDdBPpCaVWCS6vSajJS3VfkzHpa,3070
EvAgcE6dn4TN84gy1xLqxqy9jbJLPK4pwXe6KzH7SY1Z,3103
93Nmb3Gktpcr7XeX8XNMBXYZNbatZQwzYvVBAhxqgLo6,3136
A3dUUMm6tZf1KdeNteiLMtzXA6jd1BZouRnLttt1Y2iT,3267
4mFvnzFdi8YQjxnxcwLQEyAWEkkLPnkV8Rwv1eo5DtWM,3276
4Y73tQH7M2oGgtxZGYsbmytH3A1SuBffhPPCWpx8T2YP,3131
BXHQS21tmvpd9wmjmDVxyosSBS4qpRSdh4nSHmqrG1x,3118
5yZoJJ5iA9NHEhvH24BQVuvA8MdS7DBor4cWU1dVb6iF,3118
7hRUJ19cHWeYiaCRqm54C5Lsix7JKM46FFrKT6f5JfuY,3277
9VjT5tinZ2s9R7kdkMkq1yn9Bot7VmS8QWHFaGfhBjnt,3135
3rdrV2Kpz6aC6Nwq4Ftv1Nur1NRd4LAxTXAFsp2CqvnU,3123
C3GVdb3jXw9Aan8TmZNoGHQM292Rf1VU7KRnZ1PRzYDQ,3286
DBpA8DhUgs84JDn1byeVcetQuY2iECgRgjxeWm2hLKCr,3074
5xQuNXHxu2a2ZYaH5zsaQLdS2BdtLqpqgYTdwret3NkE,3322
3QvVCBTKyNbBZ9K8aqUiWx2cFv9xMMaPnX6P6RjazZ5a,3170
A7wMucLzg3Bx2euCa2NGDgu1S6ifwsxkgZuQCuvUpaS7,3260
DWrCCPn7rxRouMTza4VzN48NW5Gk2XTDV9KfzdTCuojq,3292
7Esp43ztxTm54F5fyLZyMJz51yePmoJuJqoaag3qCyJY,3073
9AYMqWMjBh9Z9N2EfLxdho1HnpNb98ZR9ch8ntoh9fH5,3164
5D6sFCGNPcT4zJ7qXhYvK9PNVeFa59nijEnZEdATF4NF,3141
Dd8XptZA7eTouRLGc9x8ZByZQcM9H4H86Eh5R72mA4y1,3149
7F3ZhvuiUsov7Go714tioToFZYE2vneCcdiqyZZj66AG,3281
4bp1LXEbVBdEjbkq8vjGYNaHkkRxNGRXZsTcRv2FqoPF,3344
AhQ7pgg6evnGWZuzFgbHjHyehYA8v8GHxHAn4tJo3mxS,3160
2amHDujMmz3svPieYaSzv6MpMWUyDX3qXceFBB3XFdC7,3099
3TPMjftYAb3KRbU7cwD8FWrF6SuzMkV5qpg1oMexx2cN,3290
EQ7hpCB56CUkFbx3BmN9JAdZoDZEZfFUhfgAAetSWJPG,3188
B8kEyrSxZvpvbKvLKeD8s1nZXGTs3cBV3PBgp5S186gx,3188
H61E7e7nev7fPkff7sLvT4JeQBYUqBUWvxtZway6Ctqu,3192
5RZY6yYadFM93gABffSqsihvPJq8QcFbu1KtcJfCjfhj,3350
92TjWVeRkvk4Wm7hbewrm7LCrw6YTUDwY46wRGK4Vbsv,3184
FntCqEHjniCZfDyHY16gMgLNRnJYN7fa4HsQG2hdQN9D,3350
3dqMGG34pXamuqsi6MKS2kqn3VVCA7bWBAQEGBSDJQFw,3370
6zEQxwQ1DDK3bNmFvqS7tSyehygjhb81Qdw7wxgQd8Nt,3303
3FDYZXVZxwrxjH2Np4C3RS4v63ksVfwUqobuxzrPh9Nh,3131
ARTtTfaBCeEih8L7qM4ApADBDq6zseoqKVBpDc2p56qd,3175
CnNTq5PoFCX9LqyrNuhk7gJXt9rbGaZUq7zemWrBQeAg,3324
6yKQvB4TTJb8QsEsUahQ8Cv8z5ccYZNpuhEJ1uStNgN8,3158
FAP3Bzb6CqJAPRXrCx8rfivr6xixUa4h7z63BVKnwprB,3221
HJA4zKvuKgeE3bpouqgjPJjdUsJkRmRx86NRavYr4cA7,3339
AdDuGKJaw1y3FMny5Hi7ffp6qvWiiBs7YxBuWQ8hPjqM,3174
BCWYaWhxS2pLA6TSSHx9Ko6QBJdFcT8AUwKukqysdeHw,3397
5exmkgfNDecnhTH1neYBtRQa8UjEQFtLXVRs3BNZiMjM,3321
Hfpqmh1kSAbaJNKB1jr253mR6xpNinnre2h2L6GcmQLo,3351
6HiovxTm9bGNczdh5giLZyaFojRvGGnE1ABdGp6G8MZ9,3231
5MeirB8dTuSVnADDEkQbtQacXfzB6YfRysSyDrXcRxbZ,3136
3xVw2aFGTbtYTPWrsb43qqVMRsHouZ5rKHpSthL6NGaG,3323
3yfX8ks9UMbq6hTopAjk8qthWpqzU6H9msn9LSVwRB4J,3331
3LCy1MhmNLCzEhdrKxt1ZhSuoEp84rXEk9dALNSo9JHi,3326
HMuWouah4nVpdFHmAZJPNiyKhgPH9dhSsF287RjCuBLc,3235
7ANcMg6MykXUHqLZHjZKUopA1JJUhg778GtJtENcaBoz,3354
7C29jhesDPhh8hrGG6fYjiP4yUABeKTn9RzPZJwjGhFL,3357
FMsCaSSm8U3yYpK53fk3Xjh9T44sFby34VBQLHbFivas,3339
79gPH1nT9vATe9Z9itBsqNX1D4h8xixNTMpYwqK529ve,3357
FB9RzQuXtJw6a8bbL4rx3b7dcNn41atp1XXzoKwhTiyt,3238
77HkLBzCFSpRr1PmKbbDS4GMm3P99sV3wZ2v1QeK1SMq,3210
92gntbdN7GJ7bhn3UsrbwtdsLJWvnhhTAdrhS32fnkCQ,3132
6cg4SbWioDNK8gdipXQZkMaqr7TU46znqkM7t9Pkp5a8,3339
6pscNWAousz6HmyVFZorm1CPjc4YCd4LC3v8Z8qisoNv,3370
2oHAySpnJ5x67thYd1PTJKhQRwPTM9RuivZhDvq8F2DS,3258
6NtnafjNx9zpcep8v1JiFLALse1BjbxfRVjNk1wXfwLk,3354
8ZJjw8ERd34VUeNxW9FrQ31QViLXuGoUk5woaEyrtvqT,3262
73gERPjddye5WerHAA4WXLZ2Hk1V2coKj5RQoq2R9g1Y,3415
6GAc19khZeAyzMCsWQYfQDUeLsdDgQt2x5cTH1BsNxmg,3264
EngSt3Lt6vBEj6ag7e6fSHUGsRkFBCmoSVNHDcTwtNd1,3236
7q5QX4hSE78Uub8BDBiRyZD13fDnvSDhkefCpz1P5CQp,3382
6dG1t5Pn5k7DNoep5LtUwnpwf2qbYWuFaqekoiQ9RNFa,3264
AJeRPM8s5MzBb42KP7933NnzrfpkxoHJapf57fvgzwgy,3260
YtB3U2f5Vn4XVVNqmiei4iVuJRjEkNMC8ToZL7G5Xse,3260
2T6fDxSLCiPRRE7enkziAQGRHKPaHACZVeEYLT7Sj8Um,3362
3u7KfY4oqXcPhhvjsJBaDHWbTDk6wk2qw7wsDkGmES98,3233
933eV9wX8ojhoHmuVTpks6kom8hYqMSNb32sUh6bSS9o,3158
2Ezj6aJaaTj3rs3442yeUc7Jsui2zRcuuqvNQ1WGkr3S,3220
ABEPnwAUbj39TtSHTLPZXiLYHQkjwYabfvaNvCCnWhrs,3383
2d4bWQGdW9KfVSkCZ1eEF5aBYCqYSz2zkDkmE3wLTsjf,3169
4AM53xbZfGxV1gvUE4FrkWzncwNN8SgZUd42Vzb9jKtu,3368
HGZBBmByJ667ANhg44BMGWHvzh8x9dDxS9HcqEDNRQ2J,3382
WD5tNBEHb7p3FYyRgKQyVxkNLNxXBZBMzDRNdi7tJga,3405
AWG7HnC7f8QhgX5mMQveuhBFZzY4ourKgi1fsrFY4JuD,3230
6GESeYm4pFaewmdMqn4BR3oNiwjixsrpyPebSdebyWBo,3383
E13ZEe9dEtSDgLwGgqxvnnTaowZz53TKLg3h96p8uaZU,3251
5KoAPvQYhD5WeH38BBvz6PF8WMXdWcB5L34T4vcR8PNC,3455
4B5B453hVa1JBL4pseju1ooduUQbvh6EEMGyczsFKFt4,3291
HSb1Xot3xgrn9NEeqkzfAh3iFNTaGA13pzNNgvr4gDS4,3431
6kT84dAbZqAt4okJ2PKYEGztkveysiPXSe9vkF1c1j5R,3317
FKWDsi8LSqmNXK4FLPTYJmNm1PWb1S6g63KTqFHiP94P,3281
4eD7n3RTs1GVHPEGP5xzuT2oMtb9kFzKMfXoqegHKgb8,3324
PGFwFh3nRScTy5ErKzSDbShFH8tSAdUuur3aMfix1gb,3325
CaM8uZbZQYeZH55Z58ZZj9QU6u7tUnSjspa9GsrgFFvy,3506
3YpVcheDNoCrYiigxsPnwN2W6Q3fv84ffyE1uRwfBFoc,3423
GyPp3TksfCtYHBSGkrmho4eQV3umWCUg1FxoqbyRSNAe,3452
Km8vkqjKAuWtnByMj9eHK1ax3866ErDigqj6EvJVMuM,3298
EAYkQuqZ3eyTn8ZmLxa5EsNkDeCanCphLAKQ1wD5asFE,3432
6UsqcTzubcsX8tgRXvzEZTzoGEeBd1tMDgkvRPwACW8G,3277
DX5MZrKHK78nQJDunqk81eUW4P9dNEkFTjVvrwFMqjbu,3331
79tuXuKfgZTrBH9EwRf88iZ6KBZVYyPmE136iopKfLnR,3455
4mKxsYL44mCBtzvcGWyZXJZB5K5U78fdztMeWE7igJ4n,3228
8CfWXjyQ1voSC5WbCdzr5eawSdYWh7Afmctf6xnQ3ZpS,3455
HLn9kiAH1gHBQ2XVMGQfBgWA4Ku93ouy3PpxEAUQbC5B,3434
DELp7KXG6fY5jPNwKc5MCGoU7a94Yh11GwsitBqUPezR,3308
Cn3uWDKWDYzGMQo15BhDeWLW8iUBCm8hJhFhpqTZ2ywz,3306
EZYwHKtmvvN8yvAJDxBgfZ69P3uJu1TWKpoFSXVDNw5o,3323
8VZVN59Pq1zfTi72TmnsJ9XsoiV3TrMbFrGcScGs4i4G,3514
FtRaqdeiunzsVKBoN449ho4PY9vX7r7dxHAxL9Kd3FZm,3441
AKRckCpZ7ZfvKYT3GMDD86bHLnYPickQ6FbzBFaEjgmU,3278
C7VGdcsRhssgAbA3NQtL2QJab4LMXY9S6NnmrzwWk237,3459
32Xu1N4Br4Fm23MiW8ojBCBfVf7r9b4nUyZTifjoQrAx,3439
46CxrPBZm32e4iXPh6oycQEUpJcv2Vt2sLeipjj5uoaw,3513
44GXq5yqiVZAGfoc5ivAETTADX3XH34d6L79CCrZUB6Z,3323
EB9hrgxL1DSJQ4sp8RYiZTiJNSoDsZVkCUoQBxkXX3zV,3469
G1LzHifaqb8DcfySjW5sSiSjd84FerLhazdNiAJf22Xg,3306
9FjWqqncip6EC56yhRvvq2qDXvvs3eVZsjKKUdCxQgbG,3505
E2StboEVmGiZD134QD6bcKVXar8otqiiBUAcS9LjNpHs,3316
59DEmy5jC7dKQWqDhHtSFX8Lf2cftATSXffJJ52KsqCf,3306
335jzengrVVABgV6ZcvsDoZ7Gby3RirUKMq5fx3FytHJ,3474
6oY9mrZAhcZ4buLWG686scPRKxQaHCvPtFa6PYV3ypbr,3460
AXLm7aH3wjAUzDSz2822a8tTVTkmU4Pai8Gbh8NR4zVJ,3534
2pLZCEv9hWZn7nasghQgrz5KXKcupfSgA7rxAy4VgPut,3355
9es1rCdepqbz66yPgAKWCzihp4zBi7vY8Cq8zbU9JVEw,3521
KY8g7REFA3YKjPu14iJ3esiRwtXBCW6gExbBmZSXGuw,3450
AYs9x5qzuAAzLePZkL2NiFo1NmsRqEKbwzYFiHqgJQ7m,3463
AzXNTEwb8TCajEDatyPUs4VFnfUPCSHebjozoz1uT7Rm,3308
B1FnzfcdnHuPmEcTsYDf3TePbGwVLSthwyha3KnqoYKj,3269
9CriBhhpXFYYiNXVDyDAVokQqEuDJ8T29371sH8WZCGo,3339
F1GwvvWfUN3rYUzEt4mTwqEk1ntt1td1Lrepf9CKGGGN,3524
6jVrbYokuHZraHQ8uZmkmXNrvWL9T99MoqhS69o6sADs,3529
525omvCXRXCQFvYyNMoDnTGt5KT7jSrWtE9ERd2nBsn4,3375
2LAn99bA25A1qaanHkuHz4yincyy8qV4VYuK9HBj4B1L,3529
AmyK8hTe64oPZs7WCUKGCdW5NYe2LYLzNVNmQ6ydHDny,3321
gGmwiYGkYDRSUtMDV9cChoj6XbLF3NEyqU5oeAb9Lpu,3312
96pDtcb46uAvjhMpA6Mm4Zy8YLskNY8XhDC7FBiKzw1G,3281
BdydQhnPqV26XY9dQ8r8Ab3aGvXMSbiLkosxmHbjPz8d,3496
K1yRCzax5gsjuUu3nbea9RKs5YpQz9xFAypTKtGzHv6,3308
8HjHP2pdC1vntHhCjZAh6oa2JVvqUqFtc42wYzjPjQXg,3347
3ZDbWEc2rWXukprTeBxWMnFBRN4WSGyscdDvkBDCDYqP,3498
BZpgDvusiGnoizSi71xU76KfyKex6M2Er2yfS5zDCMWs,3468
4fXRL2W2o9ThijrZfc9gLqeAakx3ZEijFWSvNDTSVkbq,3291
9dRYfdeN4v1SneLQdmCf95eBxjKobVZojas6SdRZWCzW,3535
DpBpzRDyToXqyicpYh23zScPuufLWPJTY1qL8eQVcccN,3495
2SpncU8CSwHJsDF41rPp7YitfsEVqp7d2JzqAAnicEps,3498
E8eZ1pcdPgGrZ3jRPV7yBpGquTPQ8fHWdaDBvdUXoa4z,3330
GJ2ra1J1GUJvCVbaRPUE5DWfjZ3hGbZNqH1rHNwULRjR,3535
2LAamEUF9CjxMeFC69C1AV63jaS9jnMVsghAs5bBR88i,3499
7NJooU5M4VuGGTaUoWpo4bVftEtxbqwRmZfZSiPhZd97,3350
AGMamoTNrfFY4K5Pj22P1F78g8q5zXBYN6uALZvGFUTk,3541
9Svo4D9udp5Pgiv2pUPLzWMJhemSRjv7Pm35VwUYWWQq,3377
GyUV1HASWB3Z1mYMNHqsAzhsxHYgC9SzpBPKKC78Up3r,3335
GXCQsqG4nvbzK4wmsGnFP7cQ9g2HmEEV2uoM4ShP2KoF,3498
7EYd1PUsV5jWusbYPGNJosBC1ja4kaW9YJybPFT6e3sM,3371
BidRABd2hUQrXZWys2cHxrGoigrr4KhK5gAjikJb39WD,3504
9QVgvaJtsYeCLmLqiPujHfUtVqcqp2Hjy5LneVk5BYp,3284
9hg8t5jBmYqB5er9WZHtXAXKWPAj7XvHGUfat5JDqCbL,3476
AC7V5osSMcppABCxhtuS2CWcVy453bK96JMea79rZdjn,3306
BNALswVtyQXprDm8SoEkxWcDkrCWhib5Zk9DMjiqn8mV,3331
BFWZA1UjFNp9PRYoY2wR2bi8Tm98ENzgoDP25G4kJDkk,3481
Ay88rDsp3FxZKfFGGZ5KshimrcTEphRbuRQRsFSgEe7,3487
GaCM48NA4VYhwx7oMHtEVPqZZ3PBStCTJBwqxdhmEtBy,3492
EbEa7uHAbvFZ3ebxG8SVvAzcgUFcdA4aihkRzNfUiqrZ,3494
FRYn6GJndSRGaF4BGxS7WB4i7oy3evpXha1erVDGRfrR,3358
6x5MqVtnsjW6ynAYbo1KjazwdCNyebAToP5NkVM3Y63W,3358
H5cgB2eEHuxL5EfhxPRkUYAY2sXRUrDhb36rCY6MBEMd,3503
DUztyHLT4WJed4FBLhYmKakA7whSC9aojrnvHjsiQG9X,3362
2sCBcM6Mf1AcLgiQWiNGeGWA7W7Vb8kwQPCf5T2JaVQU,3308
BBF9Z5PUPtiJzsx3TuuVSGUnHNvdd4wBqW1CZaKxQkXj,3494
F1PeBmApnwKS99pnqrsrKUCDJWep9MkX9WA9aJdsiJ6h,3513
CRjq862JoGoLtNLgobup6i6PjMeDK2LomrGvwTMaP1Ed,3484
9HSd8Bowg4Q9NRCPzP3PNe1eVYfU3MDY9m9N672nsunj,3511
GDhMf9sTey4T6jvMzUPuhEG6gXFUHyZ9YfGPxXsGfC98,3361
HKaSM3KmjjABobn7sYHkYxhBmyxkMAKdBHkPZA2SFDcr,3362
7CtSi5orWyqU9oEt4Rygg5zcGLPqG4dVRGrmx4HrGrvq,3496
4BzQ2UnAojwHj9TqfTJvGiBEgwwdq1CPvM3EDxhnuvRr,3518
ARnW8G2ixNQfRQ45NwnG4KfSTF4xgihZZTWL55Mk8dka,3583
9svKkB5fNsbVYbuneyxfXW6UpQE4sBxAz2DfHMiH5S2F,3410
Bv3YwnGEn3vdvzv97SW9KSWsQfWHZyh33cTbpEKjEYmq,3573
7woFLCCCVYZcLs3KGypdEZoHjwzV69BWppNBr9oBTCuU,3425
CRqXiZaVPHr35VHpdE2jhm1jeM7vPaYPNNK3dDrPKRQF,3421
37ZqbZ2dJQ7KFLMY2UBVwRSwwFswT715CBfh6jCtHRbL,3648
3HGr4dLPd3Eoj8XJT2XPQZgonP2C1AAKxsGkC8qBUARZ,3675
R3nZzht4Tnrb6k236NM8iSaEkLdbURFJSn29HjJCk2S,3659
AurPhptEy1TVxQFDwGnRoqV77qQyKzRM6RzdJCmacxnq,3500
FcqjF8YN4mF2SdvBNtyuNnniymHP3ih5LwbBrT1dJGDP,3457
94Nki3frMxRKCnb8UZJ8neytfB1K4HGnvHCpZpqqccD4,3651
dJ8rJ8cfkGtHyscEQ91bhqmBCizsXWsq6us7iiBFcrt,3454
GM3YXjP79E6NzpzMJYHrKGVGGcTaRPVf1xNmQSYYwQQe,3655
8cvJHnfCFn3Y7iHowrzgCmnar6RQi6wjm41ddXyYstR6,3604
HvQRN5BNNiWSdyDW3rdNBfdAXWM1r6zdYgyMCrbLxJjS,3540
9AcoZ4aDujWNwR8s7azmENJdx8NdBU3NXwTK1yNB8vJn,3701
ELMMGz6buz6YT7pNGTvtZqgqr68uLu6KRskEGGCuuqJc,3653
2nzP2aSTXU1bDWaLGUKwxyqpU2UYcydu2HufU8wdworJ,3504
771f7f9w3rr6jqXWYswv3jBxXijaxzLexPs2e4RaLLAq,3700
G3EvXShGrj4N4Uer6pA84JiHweARuoAvPcrTiWs89kzQ,3521
FNWqeQ6bDgTW7q3h6kQ3zKaJzo9XYmEzzXcYQmBf79y6,3708
ENSaZ42AxHHSBfR6wFYGpyEUM5f5d378AF3jFmC1XRoP,3701
Fca7UyukgxNEED8JCjMLkX5oYhyxJf85JWHeSVsqXb9R,3664
DkaWfJEQVartATRdg56Vj4LmugXYDXjkefYjDNQsp9FY,3497
HQpNJnuizWH6bGYvQDiviXg26j1CPRcA4Dnk9fg1JjjQ,3544
69DZaeX5xEBN8sSjCLL3TNySkSk6PDkZM7nVRMYSwkZW,3483
6keynrrrB6arqJXSrGxWFTrLdKxb9auC4cPCV9YbnxRt,3518
6KUZ53jvfNhhErHaZnQkqMfSzQjWPLgZW2TsFghjVBuW,3552
9szoPJqLG82bBDyTn7sgaSu5HvgLCu4FAodgKnLbGGq9,3539
7RksLuJPXuAQA9CDYpCHjhY7bDjPRNysL5Pm8KXGbVnL,3524
HzRzqqur4KLah1LKsmt8ADy91qwhky1WSj68zzyYWnPT,3656
DZq4Ahik1aEQis4Us8F7DQZhY99JpMxo3Fx2Qgp9sALP,3489
BwJk2Gv5zgFSrKZV4W7oud34n1RBFFpLm4XHYAYa6mte,3675
8U1cKQEf3TD16ZEE8Ly33EwpNQ7onwpW6LHrV7sU4uWc,3497
6uX9hWpEzPKNvXSJdKeQEb1Hf64vyX35mr3SASxkMSsA,3458
8146AjPoQzgyEob4xRMLAbLHBSf2A8AsiRYUvzhJ4LNP,3483
2gYMgrw91xtkctJN8npnwgW3wDcfqnzU8CUDC84qYpNU,3651
3Y3hmbFQoG28mQhuZZ1EkXW481G4aEdrafvZ3c9SrVfP,3684
HWgcumr8ZTx8kQYdxTiQnRiY5MPhp3SQxQeMs6cdgRcQ,3550
AgNVe7qfwuEeQHFaetAYJbqhFLZvZv9W2E7jRsEVHqxK,3645
5ekzxSdWmegf7tCd1RZuPPwFwwY3KesNvhnBtcUULEKM,3654
up5NzKTGCr2siQy8aGRrxGJznYYoh7enqfYgbmj6F7a,3704
GKbCi26PyUUDA7uK7GaDGkgkfRogL3swih2fTycQri13,3507
9nqASHxKXLmD68NfuZwpcaoyJanmcQ5Y55MF3kdLVbQm,3459
C1J8TmRUEPjeovTdcV75qWeDTLZ37bdDNnZdSFQDY6au,3553
9X4b1ccTsYLY25m5aJea2eeHsPGaz9nJv6CHZ4XZvwB8,3709
2QLWQeuXNkGfuwJGexpL3UckweWtLWhW4qH3MBuvtsiz,3733
99jAeWKw2hqz4jn11Fo7A4G2puHHtjPvyRFHU7oKwj5S,3662
3xmp66ex9xqFQHKwxYdZobrv9HdFGP7iCdCthmMCWzGR,3658
2DUS3vMD6fUiEeyyBMv17E27MKeZwyv17TnVASZiiQmW,3530
CE3w69kPspTa6YgCSo7XYGPuQWseedcfUZ1yay7CxPaT,3709
3KeQxie9KN2wx77DbRYPPAU7SiVeKG9m3NaChe2sHBys,3649
CU4P9kcw153JSKJ3rnvCz7EhMYGkHLm6G1HhX3JxhnHw,3518
5xtzyq6mHdUy5SpD8wEA6rxgwFLYaaHkK9pR65y1z8TT,3681
9LaG3Ar6T3U6McoAAezPYMtgZRvCqTPHheoVbrkJcwMN,3719
2FnDDZb78BVSjbYDGoCaeKSBYWNXZJqwT7T3ASnJCs2P,3536
9xj91H4mpLvfCbVAmrfPJg7WLwa2crYaAuFmhQY5j97m,3566
12A9Jre9ZXDsjwpG7uqMBJPCvY8L8TMpjM54RW61zZhU,3559
6AHbeJs2nZEcaMgRjSy4TwFK8aViiQJVe6JZpfgGyicz,3480
2vnXWKL1V9n52KDE7viA3e6hVrjwTgQLAWyVDAXm1DWY,3521
4ntrVr7cST2NRdY7AigGnAVyYcmT9rHDUuvaaZ31hLw6,3754
BUGtPAwggG9dmYqg1Ems7dasgcSwsuN7JzBBQdrhtwxV,3670
HvraLmNb8KGgYzwqsoNZdfRcS4F3BTYfUG24kDpbY9V4,3700
6aiuFNKbak8H52GzgTgjSVqcsk6LbMUcnNE29XzcWT6Z,3678
5LxpLkoV8rMD6xcVDvcCwVJwuGG3zR6Gr77YTa1aQob7,3683
DiSu3bq2B8U85f4BLXbB1N982iLgRmCH416sMhbSDz1K,3685
HsumK7xSvqvh3NuRo8H8WxQ4QLd5UyGViFeApoNKgsjB,3674
GjGfAT9QrXJg97qPZD3yGzrXzZwUbBg29RijGhY56BqU,3514
2sXvumVdzF8RUvkenXeriez5bXS6EG3i6GFgPwLQynsX,3679
5kd3AsECbyKGkzhUhc5sHAGmqc2dY9XDNSha1mKqi1aP,3678
3qjHw4cpWe6vkbxHs9CpfziB5WA8DUtYjWFqUnr2fcjm,3533
DJmRzUNQprzukN5rmJitcNyrX1DR58t3mtLssvW6hjWF,3574
AEqGMXnP5Coh42caDBjNiMUz19TxBjvgSVPxfePczhDp,3710
5zccStthHMkm2fYVieEsbC6Do8DfH9dYAscYECduBFDA,3687
52JJrhF6eJ3dgWDEsRVAwHWRCvn9yjpW6mQ4brtMrxiH,3537
9ZLmPsvjS9mMepHVofdnHLkGoLmSbJEH7XFM5ENGh4HF,3563
CS8mMsYPuDtoTwgersdvQ1hU66qZfEbS2aPcdFpGCQ6E,3696
5MCzkbFuaWA5tiF6EBAtD5NWhjCAmSWy3onRB14GAhnX,3687
Hs7PW4dm6SDSFP99qeLoQRXTTP9G79uU9CeqTP2saW26,3696
C5VvLqiHduXt31tT5R51PjHPo1Hqtb3BeH3PpiiBnM9e,3589
Z1or5ebdHHBxtzakDsmbWCDwjac7HFCB9VPhUp7i5id,3700
2F75EYS2puuzysFHGc9TsyS3mtuCbzzqQJKBuPHSeF6n,3553
AC57p2hcisXkVqrAup9uMtEuyMYd6FNRPUiVeH2ZQhn9,3554
HJFt3f76enzAsjeYSRxiUJ2t1kdYwGjv6QHeqVjTcV3V,3596
BxxMVsnwGXMCNLwpYyVWqYhMnTGD9MCBqByqzkZaEQSS,3700
58wjHRyDpUPZFpWnmzHvfm1vrwUwsxgZEV3YKdMs5dc5,3722
GbTKsLsPoAdKrEd8RZ3Tp2QAakXc43sAzQZ3kSNqLAB4,3692
Db6u9RFFWSg2w1oDJbz6o7MeDHLNCJoPzDwpipJrJHLP,3720
CkhcAdsA4iGoRrhwjbSdTbMfCCEjQDGC5CgqzCPkMJCn,3546
Hb1pB6CycRfL621Hi84h4xoumK2XVMWcPe3XXP5mK5Yw,3763
4wJKaRG446atFxkkATMwMyf7oLgrvWKnCn6kTfJFCHR6,3741
3QZZnCMDFchMPWz4PpEQJNstW3zwHo6BYFAaduWri8AA,3742
C2J1L5xmoKxoppk7gS77CWkRWaowiPLoBRfGcTK6nmUs,3744
6zUGUacgRUXUcxNwkVExiZJPQP2eajRM9Th2dYJ5BUhP,3620
3HnwXE1yXqbAugfZ5pEQZyVD7SsB5JWPd5Bdjz826EVP,3655
818roj1iN3iMFJbg35gKzmxWCDheHcXvF49M3puYmEhf,3623
GcpDGYh82iEJXAyWxk2sSj8AWvQQ67tqB4Y7mrYutoqh,3817
HGM3Cr2MV2AwTyqn7nDeaimbkzZwt1csrLMEqSW4mQbu,3778
6tQmiqZLVnES2zKM69GRhFSaxVPGzfKM8GvGZgfg5tGN,3892
CS61uGTdwyiB4kvddUSqy6f5kZhjWEpcAVBrpo4thaV4,3741
HDsxhxsDahmxMVgogtF3SCRyNjKxHD3R1ioLzPWgPqnC,3879
HjMyi4vvWDNYQAnirRR8Q5KK3iWh8ar2dKP9mnM35yX8,3902
DgGaefHZt64u1kic9udWWWHRkue3oNUEsc3s63dwMbhM,3856
9oheH98hw6tcYYHP7R4mJAy6r687cde3aGJ1cJujiRK3,3710
CtqCmsjdq8oCQnjqtGVcNUgD196qKyKJ3NSkVL9un6aV,3885
4EpUwYFmVj8PbGE354RTV5NmRdpzDDqY4jpwnFygrNKj,3856
BEXEsVcaQH8G14Ah8tJCwQgGdscpMd5goP2MMS4BD6L,3895
FjuzPk8rmYm7yeMaMUvMqN7PG7QxUfRjF3sBV4Ho3cat,3698
2wpc4XBg4MAUoP4jbjAd7TJ7iBAtvpmJwig8dViUdN6q,3710
ECcMbmqGV8r657z3SRGxL9sKBWe67o3LXwUoFyqxyskL,3869
6ap6FMoujvc9QHU5Fm124dCm4xWcP1w5r8iB9xwwXT5K,3709
3xR6xVBNemEcGT39WrFV1AvfzwaUz5dJHg9UrCAkUi3r,3881
GNHRXwswpLZ7u4WnxmQh5Yeoa67qqnGTG1zxk41yj5y1,3881
FLT9r3xN1NNPVBbSw2BfZqQHb7WUza1rJGkgim12DFXF,3903
49v4VYbU6MB5UyFzcjHWh21BgZZKRBF3wGudP7oauL6C,3702
99Bv4Mjgg1w6kUkTuqZm5QQswBc9f9NAn18hrBh5X9rL,3713
FUjZh6hfXABE3qoAMJ51FcDvxgsztoA1ifk8YVwWgKzx,3885
C9HdjnkAzorABsgzWK9QHjFrWBFPccDwUaXBkt6Q8f6C,3897
2oeePdTU3L2C8nPEPew6bp4Pnsdwingo9APEhicxEAVw,3892
HaPuEZom92dZmb4jyX7N2wTdEuyxcuVSWAa2iHmdYCk4,3752
H3LFuWKWBaBPrmJchxY28DY4JQkc7WjNRzM2YZpa5cFn,3864
3s7iPu9cUXgA7ND2TLjyMrGFeKkqxrRKNT61S2egBFD7,3879
H6dGioHsHhqy1zZkQFjLCtAGLA7RqDvWDFrSvQWbRAT,3733
44ng9ZSZpxjX5sBsg2uVg4FXqqLgk6GYE8Zk76apmJ19,3674
2mVKJubyxAu7c8bsZ1jWkswwFcjGcLUax9KaKdTePNbH,3693
DdjGrXkn96EaXtA5ommJqa3r4qE2e8LJd67i2yQo4t6h,3676
A5Li4VtqrChdakSkYagUXwJdGHSjzkQySBQyzmUXnxQq,3874
2GmbVLAQZjBuuvqm9cRvPZv3YiDNmXGRJyZZHP6tqmwx,3677
2E5L7jERjV5frL6o1AREFp7ksDJFZV1Y7QCZXvmKpnmz,3741
EvXR4SVdruWe5J5wS6Lk5R6FRSP5HwFdDs6k98X9Gtmm,3771
GfPfkiumo1Myq1LYyZieeVMSA1v8RqTarYFrrpiiwD5f,3759
nw9mJJ9B6dRYof7LkKRNbxUBmQcmDGEsc6cQyca5FRM,3914
4BHDq2qRUPhNad42D4PNVjDwAuiNfF9exAJ8RsrEFVB1,3725
E4QeUcim6saE5xUPWhCxBTsMVc2MUNianHrLC9kXjNeD,3885
4vbPx5SFevuKJphv7QsbYyd55XKyqMfdxCQ5iFoyA543,3892
CfmPUqUPxudVb7FDmA4mXQocGeSRV5msbWNyQHfXJ8ck,3885
AXfGhCHPT7Asn7NuJTYKoCgoX2fexBGGQT72Ur4WMepb,3676
BFHVyNYwqAKLPjr6RquLehaU6ZadUyrA3NQt6h9oM9oK,3759
EfXkJqTktq8vGvYon1iwrVWEoxVrfk6YHbnmE3QT3QcF,3893
75FGrmSu3U8u9xrbeRWnB3e78BCFT9CWPNSWfZMzj8DL,3894
9D4ed1Ncuzp4NC8659552Enkt2kpDzcxKrYE6gBCgN8J,3772
8wMpQFpCdbpxpz8tZSKxXrczXuHVD8Vs7fqyzPGy2TTy,3887
3ivHxACpYwpdh89MeWdtXXvLsG3VG3B4cLW6eCqrR1F3,3746
LGUco34jhhu2FxmaakW79vyjMmMkDnd9Zup6mhr6kG4,3878
5h76gfQmhFiY939zDdcq7TctzjvnRyVoQR9yABpDAFH6,3768
EV2r4md6Wpi5SR6tQZJe5hHGRgRwXSsxCNTg9ep4mCC5,3907
HPMUrapV77b51QM1cDGfFNowurPCqhzmD5u1R3HcYbfE,3729
D8U8TyGN5FSjgoFD8in65Lmu1NEz7m3xyGydmAcEmnDy,3936
2pdhXRTUjg4mfKsAodhL2mb7p8JE7ftCU1kJSkhftrT7,3897
5LBjUyXbTL9oTU8sbmv6S8ddQy4h1xTA2yqwGE2WPsZX,3891
3Yg5Wn9RzdFVG9suSaaLLWoTHqb8zuARGU9zf5oWVPJP,3770
6YVvkoGK2YgQmvMZygTaFbQbynetSUApuqnTtwWeSdLo,3723
EBVMxDSwcogDdpR5Emt4H7sZRbXTenduHpgkpy1BeKDW,3878
DtdNLwbPPhrYphqtFpES4J5Z62puiMR7vk1Ru682MnZ,3765
7awdHwuEYLcPo5NCCxkyVBQJNwQojiXXcJx3SKR89Hrg,3700
2e2DNpfY5yupt3xuDLxLfQHvHhxi8zYhdfA7sg6iysMS,3941
83iVayryKa8ukdENw3DsawGjpq23yAHNBF3PJ59HA1Ak,3724
2uQd1BgtKStUsMdsmdRegP4G39FkGQBrre48Jjf2X6gn,3774
BWBzgibiKmXWajHnJU21P6a9UeFHiM88SHWesvTNa389,3771
9nLwmCzn3pqsMfTtRLfbGogn3kqGmEA5z7WGh3fJ1SRA,3901
7TRaSWJ6Wb7R1S9cREReUjmzN7Cdpg5HirST94D3nLk2,3773
FHybNWiyg3R5nD8n3RERCuCF3LdhoERymXEFcUx79kGc,3713
6siBnTcPei6WQAz1BiRZojtjJqwxBLGCrLHi1cCqJvxL,3747
DH11qTsd76QL6fHMmaU3eFTgUzez8BvXuU8eoQ3hDDVP,3884
CUEbz2xAWwtv6QwBju8tdkJhTXEYJghwJZvx85f67QkF,3884
D3oxrYaBdvhF1V8JCkbyT9bqtnio62f8vJjTB2koZ2US,3782
DVdFko1WJZncbPByKKqD1yXsyTMNCHwSDaxarX2xTvSG,3689
4vkajxHXk9bSMLgb1bJ38JkvqYYL3wSGJmN3pjvrpooo,3736
3WpeqxxAAWWbBkDYH3WpDGiqXiVpi5LR7V2ibEBATUEC,3876
KD8R2S8Ti2NzeMrX2xedmjA9kJCAqLKNUQd76NTgRte,3877
A5c7oDNKEhKLQsMVdnpUajBWB7t2ENeTR1uPKaXwSsRm,3907
SzQHNoKjRJDhZx2JexZ6PSJzW3xquPDssFMcF8H4mCj,3902
B1Ky9TSdsQBbVAgcuoJ9YYSRYgsYzxVPaeFMugH789xr,3889
Bzog2igUApSfSg8QSdqXsxmjdMWeNFBKr1aVYcbw3NWU,3692
2vHKbSaLtjuJXahFSd3BFREhL8z6txTQiLCsLan1muWE,3888
byFeoVFfXtnsGBP9Eawo9jQnfpfL2o4rmLjizAsqh4p,3731
HTphF7HA2GLwBazLzw2rQ5Zwb4bMGZjP2tMG1h1G1k3b,3761
1guCzNrBzm6HF4S1Q9xnHv2zNs4HgcExmZGfc8kp7SJ,3910
BAnsHRvNHR1aJp76WvmnHhzbPdXyxRPurVTK4AzuAGjw,3893
B3oGXjcG81DVPbGsCY8zEYDprRp4iSpaRoLP57jvDkfG,3684
99cnCtzFKtVtSJ95SftCKvegRkLKbMWCtYcSFXqRE95w,3903
EYwb2VrHqVySiHQBCCAEkJbPjNEer2g7ZvcgQgFohyT5,3895
7597jVzXnpJrXhFA8ZA3UM92oo59b25CxhEhdSfwGxR8,3747
5UD2Guoupkjbwf5bnW4gfzxUfDR8yWubCzCfUaKNe1x2,3910
4qwRF225RphXNa7MFG11pCYPRhgbABquvxdCgQph7Wqa,3887
9pDCXJ6ELjqBDy3BUW7nFUNetyrw2avMVD5kBgszCpSo,3893
Go32xmNWgMRtdJZTLYd2aiAS67fsoDBLj4xM11h9ve33,3729
BT9VUAX478XR6dTV1tBiPHSQgBtRHZ3dLucNVqfyLpC,3792
2eywdZ5VuRp2J2VfRe5DzPC5qKT91B8cnhg5yPtXvBeR,3898
5aNv4EFbPecH3mUwKT5VDKkQ5aN5T9mVnLbpLpsLcMqk,3907
5Rm9pkPvkxLynFgd74r7fM5RRS6UFCRdaywSZejWUtxz,3908
2AUL5xxxuRJopJ1t63eQt96dMV1koURP7FYuc6Lqc3QQ,3887
4Em7xVMgcxGPtaYntKoGxeQBgCfpaRvNeLc4vx6PWUzm,3910
6pANYmMPP9McSujkoTwN4nGXmSMM9uDjdxaj7esJ7d4Y,3900
AR9ZWJVpaqQ4wcdxCRpYUjn8dxsr9PmtMgW78uUd9Ruw,3971
J8ZjnrUe36YoxxKGP9ZngvNUZe1evFkUXifAG1sodBxV,3790
9AqGcdwW12GhUsZ6S1ETq6qPk2QYTtTbyMuCAtFKzGpb,3938
HvBiCmDt5cqX1yhBDnxhUHTxt3pUEChB1shs5ATQESMM,3824
J3TVgZKK4eCHJrt1bebB5vfJvzMi82wJKm4R6jYGWHbW,3927
Crv8Y1XRMhPqVojP9paNYjYbhsBhb4XeWcjurULC2pT6,3802
HbRGYVCyqNDNrb22ifR5fQuT62juVsDE7vgGWfc9e19T,3984
BsxnEtQNoBnAX7jy1PGM1Tscuyh641mHcn17gEksBdYY,3949
GjyGLq3uExHB8SL24faw3kvu3p2yJ88e9AoSFhodbBTp,3974
Fa7aKvvzEyG7wZ8Qwh6VeqpPsssycSFVrCinBF1Ki3xg,3995
BvxMuUDsxVkvP2mCjobi5NWTtbwM1cdQ6PT7DP4v9CX,4006
EkFKue8TV6FDgFPXEvfrS7kYm19Sb8ZQnCBFsPyzCKEf,3991
9j53VphYsncHRFVY5GkMMVPLVbopSEN28sRh7vtEvZYu,4003
9NzmCUCAsbgoepLEi6vqfjpXhbMz3PzQeqqUd8rz4BdW,3978
8UsxPM2fbbwmjBoPBjnD1DiZZVoqeLRhEHquCuimRhPK,3827
J57yvxmkmeER2FBJFBzohpmuzbhc13DXAkEkjL2TZxRw,3827
EZPa4DAJTFPeN53MK11EfDjv2DHbV1m8eCZWeLnd1UwS,3827
APcR3KEa5TEAZ61cNDjbEsvrTKhD9PyqfPrzJPgjk299,3828
7xnsi18LhBxDvknNdUaW9697GUVDZ8egmoTQfv8nDcae,3966
3vynZUzJoLe7XuQQ5ppXgR6SNgYUuuMgHXDcPtayqRfo,4024
5J5M51QARbiSKSc6V8etbL2aEgGVbSELrvYUaS8NJHz3,4022
3N9BV6NBBNqRonisqiWkiwRh3fMtMzvcZfj5yfkRMczh,3835
CkQmmUUveY4gCwWehwjGNUyRc2Pw4Y5HzwrBJ981nrmC,3981
7TzA6Lpa9uCJbU7rfq8PYr1fgXknNCAQRriGvaQgdRUp,3822
BBspHH32NFBbP6aiAsyGFq3EpexurS6aZ2NyThcrjdEf,3869
3uTQPtqhkyTXcRZSMSQUXBxenQM6dAEAZVCEST2BS7pZ,3838
7BBf1nLz1HALhzTfNRLyvuSr6aHgVtvDgZBxuHcor4Pi,3859
FQ7pDF3Fojo17EyEsHaeP9d9LvKLzcXNAdpWmkx7bunw,4012
39Bzh95XP1P8Axn4z9ZPoRPfY1KptzcV9wksFVA1R9mz,4007
CZpxei4kTQiYGbC2kwKNbS87xoPQnzSmH9wj4kpGh52h,4013
2REwHFVEAHfcG7j9MyHYra6yiCHRRL2zmj7DhFpcpiM6,3876
8nrmfY7P7SHNxqCEXGjsZVorRFF7uEj3NW53EFhGA6Rq,3846
7y5HYavuvsPjnh1ZhdJ52rvMLgKePvLfYkSxDWiw3Bec,3833
57Pn4u1VvfEL6ZB3u3Xvasqzwnd9nJtp8qcvduRBvL3M,3890
FajKevTnDugjLt4iskEBpzQLJAaUmtN2ZYvszYbDTJ1f,3858
GChmPwLFjnWrhULtemTmwCgHC36L5H5pRoakNcB2xJk7,3993
JBMfsNB6wV7PGtqUUefXmiFnioSh3uyzX4UHBu6ExrDv,3858
C78rTXtSbW7ugvPUA8NDFL75cdPZR9h5QrfZg8qwbQMG,3844
GQ3hkFjt8hMH8a5oqkWskrmUypK8SQwNkbE1KexiraWh,3878
6T6CLB94jWkc6tbAUFBW5ZfZrgtWb3G1QYzEZMAa7vqp,4052
GmXD9tycxSMQ1FMMD5zFiaeDcR5ukkjL65ziou7U1vMY,3994
HXiE1y4dpHZnjT9jdeZUodHczmNcqcMU4uK5Nsckvec4,3993
77xMNu4u5MvMCaMx8fy4Be1c2134XSfPTZEERTt677PE,3858
6LezDHwHWUX8rnxjMLLnBYGbTdwBugtKgFsN8YCfszMm,3891
Hp3uaofZojEPLVmBv5Asf16gfkvKyM4G48dVT8TvGr9V,3994
6j4jDHiu2ZcZUYWAxaNuNWT4GAPM7uSYtLWoREEsN984,3858
CeHd4bjjUjwfYGZrsgiyaU57MoZGzEHSQbZP8qjFLZZG,4042
BSygirP7ix4gpRffHhxxw3GYofvtpt2tsPkCX87yBfzW,3892
Gpr8iDZbkUqbsodFcZBQuv2fTNuk1cFtpkAUYEVEYGze,3992
5Z8iG6N7bzueEqJhcBcDjJePaNeuBTWGUxa79FqduKD,4033
J1vcdjehXZtepazf7AsrbgWuuqM7KcyoUkGYCbN8qEMa,3839
6g7XCdkBkLTTpS9oUVDLdkHjFXFgoLrReAKQ9ojfxw6L,4005
5KXc7KuPipQQVEnPV3VD2RrLPTCPYo4L1ydRoc12KGfD,4070
9q9roUrJpjp8srfSsGDdM15W5ggH7Ss9tcky3VHiB9sY,4017
HAiqDVdSHT3NfnFqTqn4yanTdphNQZFLp13kh3EqqQnR,3867
84sPGwDHyChtDdpC3dBhWpi8W2Ns7dyCuZMVEiPAH7sQ,3864
A8UKTBjhS9RHpCmwXEDkGuBQDTJPJoqvF25ya3a6jceb,4022
BRxyA43ywjbcKceAGT2CCxKHsMZ9vdZwhQFzp4K5vGTP,3895
8jv7YSwNZ1Yebyn2amvJK5VMeDhqLkoaGbkNMaCuG4ij,4041
BEYeSvsw8Ed82aWgLjyfpgQe2WvKzeTGUuKMbnfgVj3m,3863
FauS2BdUtyanHZdosSwz9xMR13hm3VzUBiUzZsi5e8Kg,4005
51aqWwnJm9WYjcnVvn9pDgFhrx81d28PYVervpHuG95Z,3875
4TYyEET3KBnnbjeoHoJv5h5dxPiYYhc28QsuBBrNwNM2,3871
ApfE3s3UNbWNc4aCS4qnM4m8gwXNSivhkvUJDRzss61t,3874
H1VgdumTJmU3F7SQLpZZ1nJZkRPhKFxKnAWERtxDLq2R,3879
E73mR62moeKBnV4NW9C2t4TidPW6tMeindVZy8vahWvH,3869
AnSCXvweCoDDnBbirccjHqtBmFn21XPAaEb21szdZNVG,3878
GDpeGzHthiR8WavfcNS9ifs6x16KLzWiE9DvDpQoQwj4,4062
7evycSX4i1EW7DpRxh4wueKEsUFU57SszUCZUVG1Lf5n,4100
DWUjoFqqNxxqgVBjrszUezhDNgyytkZ2ZFMKPsSBgw95,3891
GnptJXtkCye2kCqEvhGWrghjkbTj814y53vjB8JPRx3b,4045
3W32ufnFQqSKUhQd5dWvf5vVd5o7NJq93U4FMGQ4rkjv,3913
BBcuHRVPtoqiJ9tUqfQiY5ZrEZCtbbLztZxfUZLS1zeX,3872
6TTtWesginH68nqDiUyJjRtRid9Jb5QeKtXjoV756vDz,3887
AWV9aymzAQxS7NcBQa5dHv7o8CwR9eLUJDwKgbpd4SqK,3929
7MVh1dKm3BXgyUghrgJpSVReBA2ohJACVGLDXiWVszQA,4061
7rahNYm5eoc7ey2ntEwg6nV2MWg4rnYgNYWfRhyCgafZ,3900
3oHTzdwiqnwZ11vrAmZ5bGp9TuhfKYyp5oXrUSm5aMK2,4036
8wi5nQbRAmnh37K6RZp9qUfFc3WJZ2UeVVRehM45w94s,4053
3QMLtLk9FuVcpf4xtZhZnxXxAsqxW1N2ij459KYZXp7u,4048
HHfEhoGe1E3uf9t9713awpDdcayPdPzBGtXZYi7xWMkC,4038
DEA2PvWmrYP2cHrSKAjqvR8eCJVS2CuhTaRqGkZ8nkon,4048
E5GQpM75iAYbnymANbij6oMC6RCjP2Zk6ZFwxLeTPmSi,4072
5fUkKyFKyriy8R5R9JFn7mkSBBMDPZoiLrxfx4GNX4ss,3929
FsNqHM9GJ86FXFAFr3pS3Kuo4d77DtTCUYC2SREri4MQ,3925
AYnKvk67tkuTrdwnHT98i2gijWQPqfL6de3TKdYJYDqH,4058
7YNUcDQtS7Q3Z5wKfSPgFzn7YjrSGVjvFFyouUuytXXQ,4037
5bPk69gjq7Kh4R2uaTUj9MsKBtjiuEBYGWePBBtkxY54,3894
3CfPizSRX4azWW4KKapG9fLoLPjnse9nibATTuqcSgwx,3895
EWN8MeeXBCXitofaSPwcmHgKfXXSXSeHcG7LwaUMQZ3R,4053
GNab5dzPkA3BRDi3PehVGn9DoC5XVxLnsA4FiqtgtLq2,4097
2LMGSWmL3ds6yBgMzoiUFJFpbkqAdHhbf8N9bS8th4p4,3933
GPWmahohNn5MaZYyVKX1yKWYyrsM1kZ9yr5FNZvnhZiG,3898
4YZwdQUDAU2aSgJTtUNqpPekHiEeGMYJYYBCADMSbotS,4042
FkHcjR5JdNTGdkt6depdTPqC5EqJZ6ZxhV4epDD5XEPP,4046
9uzbHp2hAwjKctdSMV4REFvVKA5HZnGPR1QrMqbJWNdH,3896
HkyFkMQLztz5fyki6Tfg66wceL1ExZEjD3urTJtWEpTw,4120
3XqrCeaDE8P7V9PQvEv7pKXCHjLPzpFbxiH2UaFiJkoA,4043
DtNKfygjxBvhKp3z4gwz35Jr546uVqb38X8MdmCdSE4F,3847
5EXbFo79igJEJxVwQxSZ34iRq5yvP6VSbBVPGRMthXnv,3901
HVZpeRxwekaXcJmD6ahPM75DcHtnWxYGCZXKg3UyTEx3,4070
9Sfrgaj6pQaAQ4EKsXXmvcBtpNz8otn5eG2wFDY94vmm,3949
FdxLKuiZd5FnUufjwrHVr3MhkKE97EXKcvibFzF4tbSW,4098
6FvEHG3t4Muc2zY6UDYnnLW2S6pxh8iZtoRjQBABXG5T,4050
37MtqVQsimriRjvwdUqEZJ8y9xBt2M2MPV7Yc2LBTrup,4069
7gFBnTfvwFgzhAiBYgMynPbJ2HXh5ntjQjqfFvKL2NAE,3904
A942sW3zz3AW9xLafJgYshi6SAFHFCPBAnMBh6yaGcfS,3897
DqFVqBZpdenBAZCPdUGa4PcYkwaq7Bc5ji7Ac4xigAxw,3907
4TjozRAfnzjSZ51Dp7EArfZaKV2sp2sNEqsg6qZCBjm6,4057
Fn2ibbUpsWGU6TucavhHqKQN7cEnhW1RBdzn8X9J5e1F,4054
8LEnohPyMt52jqRRqGNjhvYwqdci4VBkwQraqQfBCZTN,3905
6fPUttaK9CjYxbQcUdrccQjtDEQTJhtqMaxCS7vUCy3K,4057
3vyDLFW1PmjXfaBDTp31owD9XNFokbjzaeamCZuRvCdo,3908
CLghYnTmfo4F2vFuuVoResYcrQRU7uCVF3njU1gtcZby,3920
An1oW14XPDwty5PiUxrUb3quz6AqZJDGFhfFTBwafQPd,4117
Foh6BxJ86fohRzT4Y21G7tpfvWzFRwZYdsHch7qKtqNw,4056
CMhj3fnmqaFwKqj5w64AjxpVyybk9bZavymAN4uPvNh6,3911
Az4FNNwePRsWkeMBSQ7r98amtJnBHe6cMc8Jf9NbFdfp,3926
E7rGRMPeJksGsUn7ZZmWGh8uxrF243WjsgDE8opYHPb6,4107
4CBYL49QxxVXGqFhJ7HTFXK1DE9mrkhCEA6U12GmsGvN,4079
Ff9fNCHT9kvok3MZVd2YNfJLuz1CoZ7uEURZdfThrxDQ,4104
14fPnSsNX8ai9uKsaB3nGnsvScA8dAvDgxgG6XGutEsT,4144
BpiNHzT1b94M4Kkp9huaYRjhi2gwksYDkdBXEswMXTEz,3879
Dwty6H2HVYduarp48dXXyWtW6dqXqpA1dTVxUTwDyDrY,4111
5Ybk999dszWD4nbh3mCjZy32cVBLqa4K7h9QfaKWXsdB,4088
9mBpwXnFBpnR4usdaGog3hBTnxtBpbUEZZrsfBKPyx1M,4086
5Moky1BYdEiKEMFH24DnGnG9QmxS6iDn5ghhe6d4gjr9,3879
FP8MN6FomtV95kpS2WUZoEEC9B9GwoXs323vbKpxnrVs,3929
JCSPvBukiUVMQsW7XBFRvq6XvdykdxjDGinc5BLWCbLY,4134
6dHLGwYwFQBzqnxJdUPYrtegecBVzoNsvgCUZV1W6Cwp,3930
DSj3Aqtx96TMMcFBdziUhfF2tpH2xoz8dqXwU844vMHp,4145
BfuhyLFs7A2rhuLEMiTnecYrb3W27skGa5XhcXsVvhs9,4090
8qnTiawdVpnZDjTZYUXsUKwLBXhxUErJhGjsRxKWnyXE,4109
CgZKAS9Z5yhrDgX1EaR1vhJkoqo5v5TH9QJ1R9szRLZt,3952
CNZhkej4tu7ufGcuRAQ2ud1oKXaDemaWkasgravFqQsP,4118
5gMk5oKjck9bHzpibLewsFrK5L5zPVFW1b269YB4g3fZ,4142
C1YfhsnhAiooj51aCt2buYgEffihrWSsUrdCrugbDwbX,3952
DeRp5DwyqKiHRkExSmeV2hHLEnfMbxHguGLWpPY5CpZY,4158
AkLUyyemgqd3jRef6THGLxKuGexVUKMN1RPxky5iL8s8,4158
EkYptLpG1kG3cx2Kej99qC99AgJ14dmVJNaT4NbSJkhT,3946
9hypsWrVsoboxiXd1tk71WBgNvtShFK5RNrffKgKLuPe,4120
HZYh9KCEBUoVpQaPS6wjciS9gShpcKJckurQUuZnpH9S,4102
9FdCmiYx8Zb4gdtt4M8Vfh6EPTAC7zPP2pPhymqUVd2q,3954
994PJhK8B7Sf1NfkPkUea74BzWbAfTgPfG7hdGf2jpAN,4119
4DhzwWMPsM6MZ1PACxBFDNayBoiCYZe8ZYZM3wpZEtDu,3965
B3wiXYcocPiYjHxrqeQffr7My1NuGjvLTx8VbzNeiAxD,4112
EKzYdD6FCWdQJR5McwSS4MK9dJsz18aujpUEvhkNoeoD,4137
9XaHqcm9xZgwD9R76MSJyMQ2NNzw7nsDMynBM9YuetxK,4176
2Pwi3oi8vkRBU9TEobxmPGnBGftPVBAxAGVpU2ceG8TT,3973
HiVhtVk868a5feUjjZqEC2mLoxnfhpc1dbVzEo87VEkq,4001
1vgocZqU9vAgB5rSXDR6KoZWL7sigZLJnPfigHKkdrj,4125
4qLxQdgVmVgT63s1wXjCdh4Gp2CP4gMzNb94icDCkSkw,4106
FfBonyyjGPkgHpHBHp48TebwQLDThqJGr5puFJpXzzi,3972
AkLuNCXMVvcZUgy3MEa3TAt5s92a2wX6FtYZBLxDYj5R,4181
8HwvuXP2x9HScH9tYwXYKBatZTmHraDy1drvKebnoJjN,3977
4nbmAB5kye8JTC2hcuQEVBiKtWjjoALVLTckBJ7NPL6u,3972
47muVC8Mxg8bk5ggcH2onVVxmuXcgrJaP1V8Nvow6Ana,3993
6J35oXvQ4M1qE4AgnEC3DCwHrpGMbRK2q9FRUrwHgLi4,4165
5GEKR6vy8Fg5yALwzDpQvCjuW8CRc5or7tZrq67L9Uwt,3972
8DXQgxbwYceuhvYf73qM3eweQPVi91oS7wQymzjcpp4J,3973
7T7WUZE4aaNo6vkptL7cLUkYD3ntJhjzD5tZ8J1wEMty,4109
BskEahf9UCThKWqTjUk126UgVZaYGNfNmv8zrPbuRV4J,3997
92Tfo7TJnXPJD5Zo8Y3hPnJe4VmrUiXfRa32yScfS231,4114
8meaMS3Du36cT5njkCpuTmuUCDggCyGsZAyZrn1vofT8,4131
2QnwUUEoBF76r9eoVjBzkMWDPfbqELpMB1YhrBuKBUx2,4164
AxQR9i7frFY5Yfw8S3bEXnk6tMsUx2jQGhXV9J6vcktq,4139
Eveh69ALLJ7TCzBuhuPdvc1PwuuUogN3YEhW5WcWUQN9,4014
9fJ2o4mnmdifDJh2gNNwojFpLB83p6QVXBX6QEGGMv4k,4117
9q9rXKBDch2d5jXN8dPZVy1kuvi1f4dWxwbDVyWVzh1x,4169
8sTJR5EoVcxWke3WgwnvY6o51ww8FT7FgXgyCukaKQWJ,3975
E32FqVpvMBc6aALZ1ATA2iLA7qQzGYRD54uNxU4Ff3wa,4169
4SMT67JHVaqewgQhQg3tkjZFYnzGTYLshMvScZzFwSWd,4172
J3kbxXLdN4wdLwRmkZSTQH3vtT1geuwwp2BTjXPej6vu,4125
FiSC7nMxkEfxPvwdJzhBxwpHvm3fpYoMVXCc6KLpArVF,4121
FbSCzfrDA3AP87E3puxFUna2Cb3BckatDXTZVhY6WEuZ,4177
DB6MxoaH7XaJuGHJvNtXxKj9w5upXQAi3kY7Xqa5yLpg,3972
7xoPTtjLQDJ7rDPEYz2jxF9bA6Mxt3asxPaLeXdVMsgc,4135
TvdCqfP2Xsii9CPi5bUgGsudCV5YCXokC7Hy8GekSfC,4162
ou6YCeY2furHA3vbinT1FGbBR6DeaUns4juzT8hAcBm,4190
2jBNW4zttPjYRKjPco27b2Sbk54cunCQ4cErCA8PVUcz,4181
92vxXXHtYoP9u39gbsoukBEY3enPcaqw2vps3bBa6v56,4006
9N7LQtDQd9Q1LusKk9cozUgiWNB3Vow5zhZQVY2Mu4ws,3994
4xQP7fwL4patCP1GcU2hagKy7TWKfU3mV6toNSA6vNtk,4005
929E8YVivtyvwkoihevKgh4cZ2iSAXj3sKwG1PHU66A4,3994
8ub6KTFujLeUqnbcSM5Mri3fPd6452TvicMskknETQaU,3996
ANJa58Ls43c1hEgpKi1zZYhWasMnYazKbC7BsNzpHors,4008
83TKcq71cWpevadiRcdaEvaAxJsSqrfs9znbwT3QNqhX,4173
5UuxvtSM1xqM8GLhFZs9kkJEjkS4vfNxUiXT5HFpBbaT,4200
6YgK5cR3MYhqogXAKVJ3qkJEqiocjC4eVFdPFHk1xuQC,4162
4btmBoCvU73hVz4vD1W6jEETXc9DQdpaZjw3BwtFXp5i,4177
9DcjN22TuBeSTBpG5wLUEjPfZRW7WwTyAiCXydkaSQZH,4164
E6J5piiVwTtLotNFtpzAwiFXV4HBuyqzn7xBwcdsuAnd,4148
CJguyUiimE3Ks7zSFz7sCukEtVo3LVgY5BUxALZaWegh,3997
9iXer9r6xkyiA2rNzWmycxCBPbdKHnRyrHpdCoTT1Vpv,4152
8AijrZwcWvrAsKvTZsGPBw3kh8JcmBwtXjqvy3dhBARG,4203
AodsiKFvKDCUPbzMHhh7E5e5HwKzmVH8WzDBYZVPtoDg,4031
jjMdffEwEpszUj6MwFnyqwkpbfJv3MvwR3YGkL8BDEe,3991
9T2rNjg644Ywb8aKuXygP8mMrkC4QZHqeusdFwosNJzM,4149
AHpF2JNMhzpAaKqogmTHae3DpV3qK7dKpuL9TyE8k7hB,4048
5cMFcXfCWKwusJoTZJkD9VzkHs6mBebTJ229nD6BhNeh,4210
GMJwSEqhJagn3gDJRrHpZFjw5dVZsFSxTG7qbnaYm7ge,4021
2WiPwJVbN6XLwrCESJSKTEziX8XJ45EJyub45sMQGXb6,4017
GfFoTyibdZ9FWc4hPwEWor8CNYuV1DqBfcaJSdVnGTu5,4226
CadBK8KAuEtDkQkzcAT9XBb7Q5JetvizDTo5xz6hrg8c,4154
22ZAkNdFjPMVjGNEAjymoSjJPnuu1T3SW3VEN43MkMCq,4203
e5nNCRnPt8t6iHYizFwrvDd8YS8Tw1hsKRY7v27Dfis,4175
DQfsLoYZNbdnj9XiTg55dhPXXFCmd9eji8MkNnoQopgP,4184
5ZpyzSaRK2FfjR5qTj1ZsEkpRZYH4Am37UwYPD2Cih9c,4185
AGr9PMKvmAUnUb3WSSGjVr9PnzX44su9JBr9MocrgAXx,4168
Cb42tsKjkaBEjX7L74Q1P6xELEhMgnJR8jGg7TwtZMaG,4035
5fCZpRDAtjUEYqe2hGZziYq35VYGPo6teLXueVrEah43,4018
44GPVXysKo4451D4XaitJN7MZDA1HxDLQEBnbi1BrCAY,4017
GsoE9eY6So3GQFQm4skFg2hiJwJcFPBRnT3vRb3JqfZy,4184
CYyopnFd8iMSf91N9Zr8ct4hvahsMhuFioVvKBuZsAV7,4030
Dh64RFZPFeNKU9L1veL5AZZ5nGepkjcJuAF2Z7Bm9Wxo,4239
6MXjwSkizvsbzNyy2EWGZjW31Eb6PzvoRdeVywJwpNpp,4018
DL7mwTScscVZX5Zb6kf4GofaQ3d5V8FutPNnk1tCTRkn,4012
5KH36tg2nRU7SEAAdWWj8PcB4xAQ54NqJUcpurfkBc9N,4031
FPnx73f5ksCUHXrC14dSBngugd3pknzLqaRcDTPrQvze,4167
3kw7f1RsWQii8w2wp9ZQVhcvSwqRizpLBxP79gREJrBH,4179
8b41CJ58FMAnhZvSSWJ1by2BXn41u6VqEhK1EKdEoWnp,4186
FvvnT1eAVQjezM2C7eJ2wNMCGpMhjsUxJm1sDzBUsGMp,4036
8n8AE714pRrcKUq5iuBbQV8X7ENvrAoPosBc9uK66FDt,4020
4x1codup8dBbt4qVgvzTKLkQ3853cTUqSGvmDt7y5Nu,4198
5XYa1amT6JkRWUtLSq6zxpXwJT98fuCipdgbUrdcwGW3,4025
3RuuLkVGsJS2jF5krLNXKn84FbiFfSXW4PVvt3ARSYGY,4207
9ksjGxCbJajLLRKmPmdgxopsimv6hbvchUdLXmET5CRB,4196
FHvLjvRNd4dSdAr5w4R9m2m3WwUCJyXigRCmBSqcT6EV,4229
Ega72gZ9nTyVfqmGJqFGw4oFay3zPydx6M3E5kNyURY9,4035
qpgxHiwTRpyqMgRyJ8McYEuv4NWkep9neLHzUVJPb4m,3976
EZpoYetSPgiMGnrKeWsgSKWU21QPkKjSRq1XfTSQk1gA,4069
FNawQEWBRkfEBCLfFbA2kcTbkMynBVRCrweQExovbTza,4092
Gyb1tapHwi4XHVqQ3SKtRiR7kj8do7VQfoh78SfRT9iV,4196
FWhaMprd5tLToVtvBrvGPz7o7szyEvyqHJLbU9KrYD2R,4218
8hW4VyFzEbN2pcytUkzwS3oM2hnBUXHiWJPL442mhJw1,4066
7hTzBdPLfpnbLBQbF3Gwb3aQTBWRBE6a92XfgMYhgYtK,4065
3bR21dYPPaqzpH7WBTYY9jnkbf7HYh24nVBu9cKC7sgB,4223
GMSGDAVoiKHkJifF3QPWowQFRa7NM4BeA36d4qXsXJyV,4226
6e2KsQhYGEso5xd9Cs8LSehzT8nFFqcRDXxcwFxqKzAm,4262
ypP1JCqnN4FUoLqAjSiULeS69SYDNz76QXa3MFMUPdV,4078
9i11EJBd29tTJkfmxpVyFHX3avgk9hVc6m8hwSfFY588,4061
5Rrk5HVip3W7nG3cQuA1ouLet1V232ft5U24RsWD7GDM,4210
81CkdUuBuFKmRR2RuD4HT2fg4XEMvwNTjoV5AfHLo8FR,4078
6hHW3HaLeSuFNXtoReFaKpvx7VHuuJNZ6iKDh6iwHgRT,4099
4gomuYJFMQLAgSzGRPf6zEogyu2RcSZDS7KTSkCwrBry,4293
2sWRDwdDVLPU9KEhTreB4vFD4Q4cKF1vvV2wcRxswcdb,4089
HhHCAnXRkSokzFVWxYYinFc6gDkdJoUNqRCHLH8VMuCr,4089
5r2zrHuzrm4BgkRMmuG955y1nk2JuakjJTVZAW2p5K1J,4071
CMqczYKu8HdRCYGtYfJtCjWWbuaxxsTsTmZmahBgFj2W,4104
w3FYSXp2H5muPNXQABakYcvpHwYKvn7aWfR6cfbjZ5r,4114
98ffsTJnU5TmXQYSZG4GV9isvNdt1k48Nyfjq3YsBu72,4297
6ofFYFjEdfP1RYjphysBrRaSZmuEuvgZ6RW3Et9oaW7F,4229
HxnQvg9RZnahjx84up8Msu4wHfYkU3NtLorvxHDdnAx2,4227
C6m3HppiVoZuST2Mx3tN2yHhQwwPHoiNiKtjiGLwF2SZ,4282
2jPG7j3hyBBjzvQJ4TXPBLbZVQFRp4wKZTTgpD5nVAC2,4095
BodndR5ZPyapxLcRfr857zyvazDoKe5B9ANVEbqvvZ4X,4117
AK2cQ19TCkNF5N5jNEg1CiGZKpoVB9TA4cqzwykjWVxw,4301
CYabqtL5pLJQnvwfm4jK5p6JUhpfLJhmp2ofZyWJAzku,4097
8BHKz18bSiZJN9DxvAk4gJ4ySZxd8ESjmV7cxFgvKtTn,4288
NiwoEx4VoRmtu6AMySCy7BMYvyxyRM5kw7KYngEXrg9,4247
HdAhZf9NCvSq43roy3DfjThoDyTAoFHvHk1LMExme3rq,4265
DtH8eLPjiqEw8psQe8hwAaNnhZJxQjd8TZrg3neGo6P3,4220
3ej6TP6jeS2j8oUpZJRULQwwrdCAGsfYMuAZM2G6How1,4235
8yyPhtyGcLwgdkxFuqrAakAzHig3UNz68gFarFyuYe2m,4101
HN9iYK2RgsU4B49d5jWicsCeiX8Vnm1ngqnhnAbxeYSb,4244
GpSdRDM32PTZxb5v6VzCCWiJcPhk6iEU1AwQknkxmScN,4266
Aw3yUsvpL8TTtBbhuzKTnkaKVUNKkqjHfGzwiX8KLoeC,4090
59oFAeF8XvP5oE1tac5C7GvZteduQtUB7LQpMyB6HFrg,4238
6YGSvUTMGhHUBBwd684usudgs5ZUz6nb5VSZa7Koiq7V,4082
Dg4ukcd5asHKVwAw4DKZn2Zmp9ctV2C4gmR3fQcoCV9w,4239
7UM37vrJj4UCH7ENB44aQUaY9R6ict6PyrDCiH6XuXkL,4135
2PFhyV7yCERMVQx3cCSpwtB75dcinpKh8kE85vT2iJse,4136
3q9oTs1qtEgSpNQC69JKSh3BBvnkNzyC7cw5yH8aBnb6,4084
BrayjkCBC56BzMZGpuajqfwzzs5N31FpF4hRSh1foz4m,4242
7ePKVjamEKnq3V5dy7RgAXameUeUGA7gbTPvEcwYd3zM,4281
7BXZ4SB9x1aYe7wwKNNCcHLuquznbiqxyUPdFnrQ4S6x,4096
9chts5rjEZHo4jzeBXuad1neySc8W1GyEn8BQwn4bqeC,4126
DDJcC1KjoaXK6vf2E4zmUNKVTGZotEgyWgPhHJNrFtgr,4292
A5TQjoDL6FoqTUWPdRt2ChBABqbpGq4B1WnK3mfHCuMU,4096
BCDFuoqEiu2f7xHpcAQtJyUUSLGA9hJekcnumsx1Dcer,4097
DMLvTZuCwwJ3Zh84zNBvmemTYDZ29jdd9QRWBcn7cecD,4255
2yrkSE23UouAnn3oCfA7VkLJduAo9rqyw7AsmET2ZtEG,4099
H9BqvB7yxZJNEhJqRKMG8gZDPKxhPVe8KRF5o1zzqWbC,4099
CTfCUJQmTAimEMPYYhQhoAsP4Vk6SJEDonheQka3Fp96,4265
FMi5UFgciVMGgBPC242p4vrMavN2q1Kt2ubKQJ4A4gFW,4257
HsXWGrTNy8fWGzqajGSFfSHfW9kvVrEUUAxmQFurUrZ2,4249
C7EdzZYR41gwi6HzHyqaxGgAoxiYQdWouGUBy8JcAwUG,4247
CcvCjpcaiPgXditRrcZBSVQ6JLUsabMcK4jVxzDrj8Lg,4322
9TcMzxKmW32X9eyMgd3uPPq5qSi26P2hWCuT31kb3UrR,4301
C1erNEH3Fe2AWju7ULwviottoAWiYpCtmZ3MWhVr3aYL,4153
J4ny34Msy17bnSdTg2qDYodeVVkb9envcH9eP39rujeX,4122
7ZaaAgHegg88fjKFuMrvj9dzTNoz9HM6mh9SGEPEX4j1,4157
LuiQoMnPh7XdsL5iPsfbDnUKS3VyzWdiXwpph8TLLCe,4265
99M65wMsahYZHRDBDjKq2MnSGJPYEMNG3B75Q9gYVjwp,4324
5owXameRQAkTNuoeBq7Lf9Mb7FpicPtpNDWxMGos6Qb2,4132
3UGV9JrMdBx9tZXBh2ypsqvTsYhJ6orrahQaAZJxBbYZ,4289
CGtcajGVqwUzSueBs9hHVtExVtKBnmXbHDUsLSuejWhT,4138
Cc7pUs9MogTcuATqNqTjhGp9CdgUEbhiEJK2Refdet7B,4290
JAA36h4rDyNfu8P42ekz18d66uNmnDmoz2BS48HWvK62,4140
7XLEJu4AWWxzg9Q2FMk4FBaLhDobTWgbnCEHJNfidHgF,4139
AET6TfWdTkKEHArBHeZrdw9FTVmTs88vwWSRUXwB8N2W,4167
5XRWb6LW6wbpt3VrDytC9zcxJCu29sWnjt1PautmyMjC,4123
5X6pwkEs78SPdLKKcyVqvbK2mDszt4kTPCzjrtnMrz5a,4273
8gg9y2Z2Q31RWqjWzih9ZK4hUwGpD87MX5YFFUxse6Pp,4167
GqkmhSPu5g671aFoCByuUPyCFE61iPwxgf3Hy8UbaMK8,4139
4ysXBx5naMd42Vh8dfwntLvxVgbYE5KXqL3bJ14kAfe3,4345
95su5xVeJyVAzHYtCQM3ymUG7u5Rnv5t73TFFrdL6qL9,4345
4B7h368SbNSs6YX6ikiVvktVQjTo6pW2Kpm8phpaLEjH,4143
22kZVXSQtaLDupgUGiY1yr9JH5BLaUnC2Uwtr9m3Gpse,4297
9zPHr4tTAKQDNFN66LVotKefdgZJDacrFXrnZAY4BfZ2,4277
F8G8B27Egfku6kjTrScKBQdSbxgD5DAUicSRVrCFurjr,4324
FvfGVrWztgNpqEqqsoZm1zrPwDVEs1ENwzUHvYMwTeDi,4160
5baLFjbdc4uLtcaaXEUXss7kUkD4gi3EDknpVEaLGer2,4349
5rhhMJe6dLBzYitUzLy2obFHWQUzNwHwKYEbtcvQSXGT,4119
9ahiCTd9FkESEUGejezQDRc73K5xtWXz6uMos5E7WkS2,4286
4hrU2W1My1AyVvKVfHS8EKLwmE16o2ADq77qYpa7fJ9Q,4310
6paTZ4P2qfMjYymUSHVdt9teAywfsJMUJPLcNHeSDQvv,4173
AX7U2TVM8Q4QFSsRsg2ggbg1Ma8yyC5uLtMSohyL1rHo,4333
FKDQodZWq3sJgtcqFxDVqtgjk3dTBAG6yFaYi6cv9vsn,4148
C6JF9gCUbTHanXf5goXdcj7CrYv2dGnDS2voR3HKFSaJ,4314
DBKyrA91Es77XEgioSD1dRBe9t7V1B57NVr4nozvhyxY,4318
2QMa5NqnmEWMnwg5YJfVthUwxpkyBofR8m55Xv5uLrhi,4134
42iSdrvGnzzA7391prZEVqt8Zw7ZEekwyJw8EdkRV8PL,4277
5Vs2zCdKxWhKpbfo12yeSXVZ2d3om7irBVpm8fiQi2A2,4276
8qhr3rs4HRiNvYfF6uC3NN9s3sXzEZnTPwapevy9iRtm,4168
Ak3DNSvkmjzho9ePtCybLN7ZaQtxBBYGfcZ49d2rn5yD,4165
3TFjhUXSrBCDYRtSMxFGWCk4CDzbMaHjeuM4oeaeDLfY,4316
Bo1P2QcZrmSZeaNXAw7xRRVWMtMRas6MEXVcn2yQ6ook,4148
9UDBHgvsd77GXDoQMrxYpwgohuA2DCvJ7pbjyxQEK5zL,4125
BoytHsD3jHVq8gNS4vMShbQEBVyjyFSRrmSKtAJr571h,4289
4vfQMZFm2za52jwicFiyGebqn36cq33ysK6cnPz5F7wA,4301
DmTvCd2SaFboARyPoU6FzwS5ZKc7wrqvvtqPhBt21pz1,4134
FywHJ5UEYfuKpSURHxCLnT6RzCGWL9gwPaiqSWHQxLsB,4317
F9qHWvLJuWufWyWjGXYbpVC3cBnaGvku4bYfQcL7AWDU,4135
AaQeWQv8mdFuuWrPmrGocVjrrurxYPU1Nfak4bpjiYYe,4280
4ctmxmCuzZbXrjKFU4QpfuST825sUh9D5F3hu2VBVHBp,4340
4qCVfEvwWrhrRHmZZmBwCZpJsestupb4uq86WvkpcyBZ,4136
ERZSVCiLDagrXLYBi9Gwc14CfPkmddzv2cfA78VTLy9z,4174
9qZSVd41fZkGLgUAFezkazn7gaj9FNfNePUodda99Wzk,4129
9RwbwQaogGEw7b9mjRCC4UTZsQMvUrXo8Db6hAmCNCZf,4136
6yLtZF3Y39hmqZNkUSa57iniZtBTsg3W6rZ58c8Uix9q,4156
31DWnWugcG9yWmoCRt9qevraVmWHiwiP9PoE87BKCU8c,4286
AGmtqLnvC9aCDDSWgqJnvsEs28izv3Pyoh5g8HYPd9Fs,4140
EPF28DhAi7eFzJMkU1JxrkmFSQfKbyKvLxTHhFbXTWSi,4136
EPQQSzwdnemg1b8gesy7VkuvPT1aAUzr33Cy5Dkkm4aJ,4326
45W5SBuLUsnmJNznxrZBVWecD5iXiy9q3ueD43QdKnAv,4175
727WLSaXvuF2LtiGgq1oYJ3b3t43NyfLyKCgqGqAVjgB,4157
AcJThS82hcXh7D8rd9xtXsH4W7NTWCcH5owPBdQo1yhq,4178
CdZZNX9LPdJ44RicZr8zz1RDP3uGKURsKbMjaUyJJjX7,4164
ACpqaLnBvR1agKHqyPtPMBxEMYTkJbUZWAf1nybwsrGg,4343
CXVJZXdS5JhQcQAB4K44MqbUt6NUsFDYC4FsSx3iJL1C,4311
FcmyseKKjV3Cy6PLxSZPN7ahEsseEubdZZehksigwdfw,4316
Ehxy6GRLyG6V5Ye3wH2tGRgE6KwwueEWg7Nhp2AqjeHe,4318
2mww2ad2kYSDqzjjhR9kszBfx21TnFffSqcWNCR1Mw8r,4317
J2Rfu8n7TTvANj8VRy8Qb8HHdMNXLFU7gCiKDq8fDQ8s,4172
6HPfhm2w5ofqKHj9VCZdbhUtHNzATeVF3LoD5gaAxZhb,4172
7reQpAdM1GUt6qium9oANfPHgoze17pH6BVzYLkDWsHo,4165
1gpRrgaCkjd5cemKosfLvZCdXdzeNGTXWAfTg54sgkr,4192
4KLWhx3J51fUmooCn36eBri8BkQ7qKeGuwTDZsFDYJfA,4344
BfrEaBNbsGanY9ep3XavAso1mHcV26Dd3j7JtvtsUuXt,4326
EdZUv4w8rhBZ3AdG69ft5PC3FBHoib3wB1FYH7FTiT9B,4343
FyfDgDCWtsnbivALmyAvMVjNhECRu3RQtgfgTVG4YDgo,4321
2HH4eSa93WmGAuxf7Khv6r9Eeep4jCh4PUJGkKzHsQng,4341
2K4RbZEn7UB9sc6cT2LkGAQiw7pxkmF1Jn6WcgWmQ4de,4211
2d7hBPVYpKyrhNvyuCSLqhKGxdUUgSopLLtc5Lv2PftS,4345
4BXe4CAwiuX2T6wN4ttTQHdtrCKpPtm5hx2vr7KHYHc1,4223
GqQakvVagEznkzffLPXsr7SVRHjK5vXsPJYnix6EGtgs,4191
GwbEZ3haiUExepMbcvLpmDHtpFvz51kSw2jgwebBNdZF,4367
eoNhxmCp7h6QXeqabYyNP2yejc1C9aPVpeVgPKKTPrd,4339
AY5Lst7qBjHjKLpsZDFAgGTjYy1bCmkNpZdXH1qRjfiE,4389
9ZurqMbqvjVytrGuhbkvjVrrUSFvLwkg5yEv42iEsTvr,4323
CsWqg4w17oUisMRJXXuMZ611xAHpT9isF5zhMvsQDGx1,4182
CXMHcc92ssfnJaPtfNk1ryjiWgjyHFKbCxkrvyTqz7Ca,4199
Emcf2cEACMTAVdTTaAUsyrwjSwexj13v8TZ9yj79iiuM,4216
FuSomaxsyVKSbo4ZQBYf7bsxWepoZSbLQmzoa4hrdzQ3,4340
J7FzaEKJKmXeMtwAF83MvPaDE3oHDeKp8kykNseLByje,4380
H1KJhLFMYza2d4JrPb79ZbadP55egtnwtg9T8kksqkWn,4135
2kFvJej8JASk6ubB9zCzVvp2FqvnTsioZwfAvQzJuufo,4391
AGf8JxHMnasQ4bFq6KAptt7etMHDd6QsPVkuFEXyoBeW,4201
7XuEKKWBFvz2uQhs9H7W1F1NYGdM51a1MpoWfGRtdWup,4358
v1pXZLWbxgaxsggYQNtQte2p4MCQ2XVaHtrh7Fyeodw,4241
7ZMgcz13YduRJQ31RCaLCxCHBQmm4juzSdzbwDzCfcoT,4421
XHz5gKPrtR1pTMJnFz5zBzhyEsE8H4PT7jvai4RmzGC,4421
8bL2xVtYkxw8FpB9qKbSknFfeJHfUuR6aJh1gJSNrxjH,4402
H7tNPT5WwbVMe8G4sZgCRJWogeGnpiEJrzcCgFuLDZnv,4372
GLgimKXzHWPhi28yAgFDK79MzyuQJMfnhvWpFD9oSC5D,4207
Cd6E6x9nkKuQxDtUfNq21EzgKefQ7wVF7gWbzFD5zvv6,4375
FrPXAJgyWuhDvpLxJRmYr4VJPMQ7NmLPdmGxPw26zocG,4344
6UNALLg6zMhfXZ1QFV1XZUdK9JT66Q8yed5J4XWYE4Rt,4375
A12WnDZu4RoAidmgCCGsFALGucS413xiVqLmwT4zogn4,4209
ELsfCnzkG7Tyy5PZxURDC49fFpNCK3wzdLLX1z61AjXr,4346
Gp4zY5YX67cwh3xp4K2BSqy96S4RCCkqyey25p9oPfGh,4415
3f99aLwPK7q7tYUJhL9PMEgmqsBL3ewo121EG5zUtJbZ,4256
GUyEzpN7JsWfRnYrueR61u7yPsG8wu5u49fkD6cVaray,4265
EfhhWMwbkkL1jnGaDx9NqiXF22LrraGwyahwVvda8hMU,4254
3qKWKNYhaJzVroD6gfuNecN8CCHzES6STvFXvg2bhQoR,4409
DdVgYCLsxmsHuye2MWdbF9vCS1mH7u3UCcnWJ3X6UfgU,4259
5x37e4Uwdn3JetmsCBU4CPeRWU6xfYen6JEqZsK3EG4f,4394
HBRp1HQs5dkXN45D3TCDiMk4wFaX6GeMJFGuKYQTxUQs,4376
61nRbyTxaU1suFv85c5PFpkxvcnty6QT87FjvbipZNJC,4239
GKhLa5tzT6qKCzFinYpabT1Km4ME9csZAcazvujtQfbt,4241
6pjrKa5NaNauuURLMowdQACXi5g58EMnvWGNMy16J99m,4241
BfbTGBadXrP3uqLXGGygtjXMyUUYGCJuzF6BoqNvs7nk,4394
Fbgj4DLKLCppkiJtDPzLwnkng81TQ4KnaukCCuiBF3bw,4241
EDC85uazJbtCGpX8sW6GUVd3WQPiGgCtq8NEe1UT6gyc,4270
Ay95ysnc1NJSjBgEMH7GSaYuR78S51RtLS15hXwZbY1b,4244
EgkJVP5npjTRDU2GZZiMNW1DwFdPudiM9qYEvBwMfLmT,4272
CgyhrBsJtF3b1vxmKvdMS9APGKW37kxA9gTQCs3YQhz9,4245
2igh3jxF1tCT49e5xMHWHWmDN79JzWNziKmdocTsqz8V,4261
DNNTaxuzzXhqAJiep2qEtWoQ4kXHJrZZADiSdbvuNQFn,4389
3BnntL97QWssbpdW8zGZQWYAfEbaYFKhyXLmdoEUJuu5,4247
FpDXsqseRiEgC4YA7m5oPxXZmiCvg6GdysCwoW48LzsM,4234
EAynR1d2KebL9U2BvhkuSMPvTjjkYj1duRavsUPBtV62,4246
F2i7aFeMZPoTjaY67KLYcU91EVB9R4JghVNTs4FHYJRh,4250
9SMWE4PRW8dwMgjvYNqgSrG8QoreUm481QrgstSyxbKw,4404
4GJ66QCbHPV6wNtuwChDbj9APK4RUFrzrg7C9xvypaws,4238
AZG8YKdTxrL4BscC59KvAtzhK3fvrscMyZie5jZjJkxB,4384
9Gm3R7kNNvDoYHEcX33EmwajKHu1uxrSnALvp7FoGx5A,4406
7SmBnSaeuotf5diES5LmUfPj2G9XrNGNJzawWVnbLsjY,4393
HARAgMFoDGC3p3a6vfXbwgf8QLkTbD24K1MyBtXqSD1p,4401
GFEZ47gpBM4U2tfCZiWmptoncsmb8BqJbC782ipEFPfK,4467
8em7mmheNTxM9btaULUSugEXkvw8Fqtg5KCKwqHjTAhz,4261
4brAGBqJZjyCHrZraowdzFZVhWhbZCkn4xzQqV8wKUHh,4415
7cpr9WQaVTuUSGhwxE5YfWHKoyybKocUvimank83usBf,4251
X1K7Aahpjh8MHFWj9sxL7XfT6yVtZnmVHNvaP22tY3F,4398
3gEVztjo6rNH4btpHaEZH1Z1JGDSYRKorVYMdZCaQDKt,4418
7y8rccAxjg5wTiXeezxyvqJ3PvAywVcps1oECrS9H4DV,4292
BUZkXAJJNrrMyjSo2qyLbhdymvWvFWnCKfc7VRRkUiRf,4267
DyXHWG8suJM1zsuG2Dx8F89myavqkb1MTGyNEVZtUqwR,4407
CP34JJwEUXGostivKeX5QK73MauPmZp3JFKbTvF9jjiM,4261
DXrte6eC9kN8yfuPFtiXwLRevn6YRv3xnWorbZfGG59C,4409
8BtXJLAU2vwWVw7x2y6pWTewDD9z7s1tjHxQbspn3Uyp,4252
3DxnY9akaqM5dLzagy9qxdVDPMb6LvVXDQTXcvXgwc1U,4267
7FjgwVtbFJvjgYjEixFLAtQTRdTMsk634PhqTgmfoaLZ,4398
FSZA2wuC8oSDjA3nwJBRnGvGzE41dfrBmXobGLvnXxBU,4419
DHBSgx6P6hs6imsze8dKvUCw3qbGmEd8syZZjS5AWyai,4267
BFb8CNL92bdRBawsgcLzoxhKLiu3v773gBbGPbyr1xoe,4401
3jwYm5Zmnu1WGT6zaJnfbvCsLs5SiBNUqM7GudBZqw8o,4475
6Pb5vL5Uetcw9rRBNwjv7uHwiprXhdseAfrdrcVYq5Tj,4404
Sqw3Fekzw8YxBMZRvjpUpxrfuJwacaS3E9dmj27ERH2,4265
5V1pdJT7SXUKE8t59ykmt2VEMGqsZhuGHgpG27EdvBrz,4404
CyeU53qJpUDy5R41ZoCHwXxVdENsgXbwanRTVa59EXB9,4402
C45V3ErFgYQP4U8MsUfQYYhVKKTyZcte3YRvyo7k638A,4422
FZySBvc3pWWyEk4WinGPUVvghttXDNFsz9V3Ps5tMYkx,4301
4GAFynMw9wjdGCBMSnA1ED8zwYDnueev1LkeW5y39MfH,4258
EV7GhppYaHL487Vf4u71Ac9B7hcwoi3f8jJxJ9n5Atpj,4410
Gw6nEJ2wBJN69XEjbrfy4QQDpEwzt3eW3QJmKWTqi4uk,4281
GWhEsVbDyMdE8ymfp6u5kkVUBFSNC1hus2pW6zBtMAEa,4280
9vN2cgDRVd8Rw6DVUTkfwgzcQ4GpAxSqEisccKzLy6y3,4306
29PGKWh7EbGmEkrdFSsKqM7BqLXhLquPZfxR56ztdJqX,4407
6KMi8uGkbfKQu3XZ48KYwXkd9qerMrK6wjg9d2qVDisk,4422
8uoAfsqBZrwcPJXMs76gcydHtchNo9qvZQkpA5kMmsqV,4408
2xs1QyE3fvciGGfeT1WfTetYbHw6iN3z2rEJrAueujCm,4283
6M4Bav4pM65twka9awQtzPZV2VGp99M4j1NBLUy1LLMx,4270
6cm5UCivShAoAMc2xRqeS4RwLbtfz6MAxhW1BjAkWHk2,4289
HHwYBc7bRAjPTE1y3D2AacucwBctmd3W3DRUpC4WaU4L,4289
8AYXcs283uScQVLZpdmNQyz6mTUFfJ8EiKGG3YyTpU7u,4311
7Ly5PzxY7dbgKyaxJVVLcRdU861ct8CCyrMktdibF3pH,4445
ApX4tHnCFMSAffMV9ZQEEEd6ZTt5EEwE3bSepXMqRfqX,4279
HS8QT3H4nLDtZJr1Wv7rqEEGnjRvgnTMFyTMaZYC1o8N,4482
AeBpSbiJLdyFY6HgDwDuVkLWWKJUN8JyoU8AFtuCR2W2,4273
6RPC39fqkJjU7YzXPhYwYs96cN3KvbUPq9WzN6YPLDJp,4483
BJorW1gWD8zR9tRCgARuK6Ba9g9zdtr9pu2mqdEquBYh,4435
6GCQspSVs2vFxFy4Qiirbdco3H2nR7you8hGD6YEPWGU,4323
7M4HPDmf7s7kqsGjUVekuWQAwBqKdpvVhdcTEccqcaF2,4330
CadMkE8D8tZQfegCNmA5YwwpZjqq19bMHEfaMQGH8uqL,4334
CFBiGLeGkgKK6ChoT51ArLyBMv3tL8BppFaRCjYtP9rn,4336
9fMxRpkgVhAsxobfeAcvrN5HN1bn5V4Ft1wkBE9c25cM,4313
8DXqJC2TShycXrhGinujDyH7WvjehSiN6wL75thbhXwf,4464
65aAPf96SMqTXuETyGQW3vd6zopPkmweqgTXBchg3oVx,4343
CLZ5GDNuax5pmjnFFp1JJDzsWZEZJ9TQqEqUWnGvaM7R,4452
8xYmWMAsTvruG7WJFd3Cm3TY2ucdoLctYZjW3aYapKyx,4357
5wP73jLPdrhFw5iNV2jvZPnmMGVCchMK2MoWcgjdVHnc,4560
7RT61L1EZ7zk6d7DHf7QSWc48gfdo3ooeuKqC9YgrcrE,4554
3pcusdhcpQ7GFNPbhdHhZfSG8Zp76a58nFLoNhvABGwN,4423
HfiBznEmrR1BTgpinH6dZ78AmD7r6dF34dt8hMXcYYrK,4614
5FZViQTNS5mqR7eUPqgBgr5mGYLtrAkCJT5KG5SgNkgw,4565
2nPSX64g5p8g1ottznohy3xNnzvnnMFm9GqbriLPFfR8,4552
7E8qE279Ht9BwTxCe56bDmmmV5FeyAifvojRmA2NZMFH,4560
HgSvQ6hx25bctGYLPzj1NUDBVqRAxqy96Ub9hK9a8RBR,4562
HCyEE7SxE1pYAaQYasX62LkAZRzZvB6tnx9FjGg8shGW,4453
3nqK1qsX35h4s9Y1h2Vv9Ftka5GbS2fjfbMVuA1i9HME,4583
FzDh8w3yhGFhDr6gyNPGHpjytMRoMLvwskw6qaGMjvDd,4613
BCmjkjxgSq4rdiYWJnGTMCnJXxck3wwHq861RzaULZMG,4572
DnRxMXNSA4Z5gLkUJrvXVgNsf3UYdaYACjGB7uHXf7Zr,4407
B2bmXtqoL2fsCKoNBHcrTvuF948KBGmnhyfVD2HuiHTW,4619
2km5QvRT9trJ5a9Vj9irD72c7tsKow5BfWM5CuZrTBcy,4618
GM9ArRss5X3k19XcaMZnpiPLzcocuN4XCgz9dozN9Nip,4617
9XGFMsVFwbjfa9x4hE9YouK4KV2TVch5LKgASmyThWvU,4422
F3HG2Ftmnik8YJEENFSWcwjbNHrfmvvAZzdK2LHFak9w,4617
8DFzeQTcz31WzGFweCE1VMUGLqZiG3qXafkvAPE8EdFf,4567
AaHnnfmDQrvwVWvnwkwtpEpqC6u18bchZQk4oemLVeyj,4419
CsUdBRw2dNBbmAUvYCgQG8jtVh4hMQPhU5C6JWrGqkn8,4360
5PuMk6G16oLQtJxARqg3ZBw6dAZ4yGQC4j796RXbaAWE,4368
9JLtd5KUwd1egwsk4bHDXSvPWNjoP2vd7NMgg8CDjAnV,4583
AAn5ceNf8QW7XW9zx8sobY8QWvzuRmMBJzkABV2D1Zxu,4567
4XsNx8cM8zXEF2ymkbGQc5WvNSKV7TLYFjZuLm7q7hQ9,4570
9mAvV1kJAujHd5jBEADhauoWb9Gffs6gxrerwnZCX5y9,4578
9633d5SteBQXJYBzCGZhLoWEJpqpyNTm7SJCFyNaAfXC,4453
FNnCRNLG7nWi9JD1vPYNKBkYPm4pzvZo58F4erNhophA,4422
GV2y5Fk5HQunEmqA7FwCM9ZWyXRhrwWvuSvuigw56xYQ,4559
2nq9zBiKZ6FW2a4PgnLfy1pLQRhmDcdj6snXQmykAxLE,4578
HUYwry7HsSe53ioSVvG7pC56F1hjrXM92JQwp8g1UdTs,4371
GqnayitYbvzLhNWrrwALfakZMBqogqdYJCg7YKvmv4NZ,4399
A3sfbXbvhGWujfKxnGg3ndJt7aDSdA5CqgBj3t9gK8Dv,4467
515Y2YNrN1YGKcGkUCXDG5LPYv8FvAazkWSNmEaHixW7,4569
6vpwP1WgeXnrHE7nspG2PBBMo2oTjFTRdZKnrAPx3YyY,4484
5Wwpj8QNrHtGPfyJMTzzKS8vcAmtJTYFJMCvEZREyM3x,4456
8jvTQyCwx45ZNtTKQPmPdPSb1qtr6miz3xbmmfwCRHAM,4784
HwBL6Dv2fHxhWw83udajiG4ofbo5LTR4EootqNcszDah,4661
HVw6W8u1ffKmKDN4DMEdeTrSP84u8dvosQnfCeogijb3,4760
A3xbb9Qd6kJaPaQ1xpWvPLbrg5AivDC1oYmCh8SN6Dnf,4775
fSUvdh1DRUYLEEEjW7AtXb5Jd2EKWUDViQ57dikSzMN,4662
7FKGkEtuGRJAQbE7icxwjUk7fDy8Lh9fhDKRszzE6bYp,4784
7pTH4KLmRZxHfrZD8L8XeE4FgzHzQKPLsxvVUjENrNHQ,4627
xC4xZ33DMxJrSxkbgN7VBMtxHJNYxiNJ1NwuAFta7hE,4619
H6Kzw31bSgWxsU7HbgMvVnMRUbFrSRjeJNnmLJSwm8ru,4636
BsLWER3VyViP7G1i3nTZPUBhphYMGit88oPvZLGTXG3J,4830
6j4GPWY3aZUeYpBYPXZPWQKVRdJk6cwBQrLwBT9rJLFP,4775
GF7uHMtgWovEy4jMeKGBw4j6ZPNVrcXEenegFT6KXeSt,4850
2haLQpvtaix5xAfKBkviasVg7QBGFAY9rE27rueYdv6L,4676
AA3NXk4KBxoLCt2neWyK7hP8CQVnYfYhs91vyB71qsR6,4837
2JA554ESNPneDha6cgKo2f6BAkR8MuSZZ2Qdh4yUZPo8,4782
qYr5rX4qKw2jkjzfZbrCSccN6DSW165obhVZTiUmxvk,4801
Hf5Sw6UrPYgTC3rygiw9MWRBEh2T2QyT3KUVeGMYH6U4,4794
FnCV4pnFiUMycNsYSiveuzVSy8wL69LqLiLnWAg5AH6N,4786
CBrk3nLHhkXM1f5iAvs3xyYYGHt3fhp9ATiviDK4R5Yn,4677
CwX8ytrJMGB1qNeP72WvQ1j95uiozgtoMdsnUiUq9HTb,4789
7rD4aPke5ED6fabaJxnttS1R88ifwPfskh6avr7dkjwY,4690
7kGZ7GDocyxAEWaNQrXR7tp76iBa49MF6m75tfPvxq5F,4596
7zgvVxQ1uGCh6BZ9hMj6EkHsxQGntZ4yy9maktHQxJi1,4793
CHrhGymcmXv7ZLPgZc5BjGtXaVgkdWsYEjH6vW5VBaJb,4782
4n7U7Q8nA8L9RCyn9Nk6o4y45JYZeLNRbwrdgh5X3P3H,4622
BBPbHrJ7o73HohBWsCjWgrQv3Wzfu3TKgTZNWnkE41Rn,4789
7fXpKvmAw5KShEXVwVFyA8D2S2RqrrHjNwCLn5yJQ2i3,4698
FD6EdWgfkj2qemTXEg3qxZzFBqaZjp3AyRDayytcTGFT,4670
7T2695fMBhynRqSCkhtrW2BFz1dSPVZvDV3xAyxMXnJy,4685
h3u93gFKqzW8MmvNDK3xi5YSJdNErWomJS88t8cjXAz,4637
58WgZ3QVCffSNhjrH1YVr5VmyzwpBUV3r1ZJXa2kzqMM,4676
2RTgXCBsZLaNWjj1s26y6aEce4hEAwBcjvjsHVmrnq4S,4826
FEjT6cHyg9bnvunjSUWkxJTtiyYfu8efQi1iBTsy9uW,4701
GPcKjnvsJHeX9njTRtMVYjKXPoBCXUSsvqAjq8XnyGHf,4830
9wMtpntAsQNoeEk4MBTxkbF1pAma4v4X8HCyajyGw5S2,4861
ETCMVvkJvamb8zj1fs8E8kKmHZRR5yhiirTvw6V81dsW,4808
exSmXbcqz6zMw31xBtPDgVpRHnVbyJHZ5ESjqdpiARv,4646
13MDV8f6QRJJRBDpaEeUNDWJxggiaAmvyqvHgFbwvUN3,4814
5hsweRkoVXsbMwFX8sDHBFPsYBZWv8ePWDJqj2KH3buD,4835
FSqcBg3gJE6yWWgVzbKhpMtyGub6rEgM3Q9JjRRsgf2m,4889
CesP7txHMsH4SEmr7C1ybzWf4kovs7wF1vLfy7WCbxYu,4806
6bXhJiYMSAc1dRP4Lz2Fs4s4rb5JGK11G2R2EGaPAqtW,4650
HaPftnjiigEZnLriY5GNMDgYcT9bE9LjiMrYR56abA1y,4826
fgYTeiqAFLzCPzA3KUpnbrXaWELou7kKxzUpXEBe9BU,4705
7AE2BSHhCmxHbHcsoAqEMS1wM3CM7FzvpwJfUi1z55Pq,4621
2uncVXjjzD5jm52JGhLUh6DC23m9qLAr8AEpX4FpVfDk,4714
2RTrAgNdwUsEhrW9ATRMy4YiLYCLcnPPHB5f4A6NdeGX,4687
HEV7xahgUMsRGqMnYCNPypV2xiPttGMsBH9urch1VV1v,4634
Eq3tYyCgRbdoonHQuBzEoEebyjZkhqYJAFmzjvH82ydm,4809
CeCVdSLNxrxEJM3yxq1XqMfP633NJSdAoPe212HuiHGM,4835
BeZjpzxP3SQzVQChxWqSZb132j6yAW525P8Ft4tSjMNq,4838
7pNofEN4f7dphys4wYVGRU9aMEV8oc2LsnhjpEFo8Bvw,4709
DPV7bFSS9u6s4DHeXa7B7A8eh4AGwYG1SXihvpApTFbV,4840
27LgKHRi1JHJTSVsCbKRSkVSrFpCXqkm81WfwEmAAFnT,4671
GrbigPDywD2su3BeBZmsnLTNCLcHgTBCgPafPfRFRx9v,4875
gU6LmJ5SryJcHNfvcBak1kzgeioREQArBesDYhezgnb,4714
9GLDbpTwxdCjMoah8c3STjjXP2RxNBLACyGW47Y7TM8b,4718
5ewU2ejp6JqJzZWx8QhoVEguPjDwSrEzApoTib1PM3Kp,4694
B8ZveSWLABspnEbgir9SDa5peM4e4oaZ8H68sWp58FWh,4823
7bsYttHcMZpCxLHkhtjBf8kAJnZRkSDaCZJFEf55Q6H2,4845
DCysErC3Jz929af6JNBgL29rfn5motR6kX2aUyAgKVwo,4654
4dTUTeDNRsiK74TYeUAoNzKfgeH1TATbHpbGsr8Gtyo2,4696
D78SdPzZMUST2UUP377YCwvDFmqyghGzHx3hoZ8uLkae,4840
8Y9MwrH6SnJuFWsWG55aQe9jQ24C5TV3CBjEA9w6y7w,4813
FwcHafhn3eAtU1k2EdWFMErg7p5Ybit3w8kkgTajvFjH,4825
FFssmcD6kprhTfr2zhrRGhyG73MWd6Nv4hgU8n15HxLy,4836
4tAuFiFadGVn5esabQtSdAxQ4bWbn1LzBsa8HNNEb8d7,4877
EdU7pEwVnStRuMAgC9PM2LDbAYjYvY8CpCqVjMBasWpb,4884
AvrcoRBqoHtxHoBhKE8UMqSMdEnptdwHi6etsAbasHt6,4678
DFRea9vc94TS6dubnLeLvo3EhtGFTzP7JpXaf5vafQsF,4878
AjDywNNGA5o4xmgMvy3kTAGYFFqiCec6uRPWGnXhTpyv,4845
BV9ke49EtiZCTG1ZTEnoQG385we6d7qC55k8Eevfpj1v,4713
89zk5zTK7RHxUH4BsWSUMtHYBQ3eru97DrGR3WfkPwob,4671
22ibgcMViHz9nv6ioyNGVgz3cxLdb4QCAL685RSkhDMK,4878
3CXdXXcRWbENpPyBzqos8eeb34s9gnFyDdJPFNw3bPz1,4824
HnsKo3RbPySxPUa742bYafqX1PsmMKDw6dx4JfmYcNoo,4846
9YbWGLqgyYVsJDLmYJoWkN3MiHyVM73EpFRSayEzCE7B,4880
HTpn12Lg41mCo2Zx6mw5NpQx3T4jPpEixL6ow58YmuDx,4850
4o4v84vJeQCJSscySLedoWQgGdg1rPca8KSgrAt1Eogj,4865
4DY9XB1zbiwgv9Wr1ii8W4SV1ApXSxegFgrQkXvsZt4v,4869
CLJy1jDAGN4SbpuhyGKpPHomWLq7wSJKs79zc44TiUcn,4872
FcNpBZBkzivJhQyPWTout1TcjfqZvjjea4hZa9eQoLJz,4855
EgFUudMybEowE3fUaVVx3siMhWs5xtGRCt9gxm18HkNp,4905
34e8VHQgsypLjG2s9Si6ZFX9gnUbNapaESMPz2zUzi1r,4723
3m8VtV5Avr6dcns3WLZi1vDVz7Dx6jZgfX9qThw2eeEo,4752
kJsh8cKmm8uuEDmRHs4Zr1hpwui9p4zAxS1bRZ9dQn5,4855
5oMvsY9dE7bwxRGmk3Li4e3SuvG4joHt6whZL25rLPmG,4753
J98vR2TecnLwTiL7xCAvRBcXcg9k6J9qLazwq2mBE1oo,4914
7J42GRdE1keVtxPbCpysqHH2rCUpcLNczzn5eXTXXDxx,4790
3Q1LSCxwXwJmt1MXiUVtoHvoQxkzpSBLTw13TqJma13a,4958
7WrR6eRDirkYwZDBvijS486UYNquZxatjaoPHMu56ZGC,4904
FLB4KtZs3VrSKJxLo43fsVeudQfMkuQVmUMxnrESXsFJ,4959
G1vb1KuoDCsbr3SGtJX9QRm39HCti9SeV15UGqX8uy3J,4803
5LCgE2HkWS3iYNGoa3thwYBp9Gstdz5s87ujZzKopFW2,4955
HxauhTcp8itK16L3wqqujcHehrGsBTYH6S4yt4qWrpFs,4894
32nENY1RqRrEHcnzj4e5AitCeqB8RYDrRdj1951qLoXK,4980
3PgbwYbduCtAQomk5Ng6mg7wZFwaUpwHPtBpb15Gzxxe,4925
DydwiWBJTfT27a2HUPwovXWk5rn8WoN2rqyqA2E2u52U,4808
5RD8A2fPbezKo839CqxMTBwgaM4ErsU3TphWLStEL9bp,4767
C6Z1VD9tVmMkxjE8jYv6vBqH1YmBJgYzHbTxPZe6pbys,4784
CN7T8Rpzzcf4ynRDtcZF7cseD4M7CcjXyEZgzwd5Zc8F,4799
A1u8v4BFL2qqK7mGQxiXhK42nak4rTEp7BCsQZTrpYB6,4772
M3UmdfeAyKMdZ6SvSvasZufuMwsDvY7h3ZfpM6AXLUu,4936
DXedVXAE7V5qbRzs7q9pexEqQCWJ6XzcY1nAcFBrhSmP,4941
ChVnFVKu9oCU6ZD5d4RahTyScfmRSuzXzPEZvc6FGrmb,4824
H3G1KenW8PybsBwVLc7mUEfcNZT4eLd6ZWBDsn92sW9o,4822
Aj19fTN1GdXh4uLTkXbYpHHMxqVA2gvgEoVph6sQppvH,4794
FYGzBbGREfwuDGEv7YhS2xEqWJNqMGcfCZQY4AzZKFEg,4924
3mWJMTaShyk8c5stR4QFd63nYzzewgJ8NcCzsRPYkrpF,4983
HU7p5XP41Q7NxdZUnxLVEc8T1s9XDpCHHV66NaQeiN9M,4794
B2qriZU5sSvL6HATzaJoHVtAbxYTNF7SyxmYFSmoHHbc,4823
4gLk2VYrZXA7En85MU4wPXYgFTgx2cD9LEMysRdNF7si,4798
Fxo8j9oQq1jyLdbKbVC6Y6Wpq2X5JPsK7w3NTupMQkTu,4930
6v2pB2gtbkKxTgmK3pViUr5Ly6RsFWwKKsagxQeKxJZd,4980
3CyT8WBuF9DEEGAProtpuhyhFjyiJT8HU4rKLj6MprPo,4818
B6T7kjckuoxfRi3X7YkCLhEdKAsruqxrrm8VSS4RBoSg,4829
4oZS5PYNFQMWW8NwmkCSNtKTqpdbQm43bKPnRy2YGkwh,4802
GS3VdGCjDND8QJDY3u9HdaP2hAhj6GHVqiX94rDSyy8r,4957
DnWKRNYoT34nCs96N5LmhfyJ49ubbn7YxPjxc6RNa7RT,4958
CuPsQbJkoWCeFaNZ43eqL19UKwi5CXNwuY8RgA4B6AYK,4992
Ei9rCMAAAA1g3w5YDu7BiWYiehqe5h5oCMCy1zd3bJkN,4793
BHiuuJe57xxrahzBBr7DwXU2chwMq6obZesFNxhsZBwQ,4943
8X6JMKctTXCuLsZ27FQFXoZeEnpT1N3JwaihhZodRR81,4771
2rQnhHquATfdsNDVmrypgZBVqowhDtrnwzgcEE5jXx3t,4808
4Q2RfwfrDCYv5PvT4q3gDEpxwFAdQbheDJABTzG2Y8Vv,4810
DVdjCcdPAMJtoLwAFxREkxA1rSwvEZwUZfp4GeGKXiGS,4940
2hAzZ8Vdi6GqE5pgg7BD3bDdUaUXP2LucSYHk877vAm5,4942
BE2PNjU6seDFpxAc11z8HyocYpem6WjCpESUqY15mdgG,4839
BVSft98RmzUJvuTpiCeEXWJ7FnfXCTyyFwMGhuETnYsg,4816
CxtKppjEq7GUF1azuAf58Q7io52nM1WXfMkiGFPGn2eL,5023
Esy1TQ5JTnp2rXn8QVqXdpycLLvdXqk3639iYNi7ucxJ,4819
77Be4GCPoyforZEARHqHLMX1feHzYdkCnSS2XxXPvBPD,5000
3DJEotCBZ3XNJByzXVy5puyP2Do8F4cYhd1wHg9upeDj,4964
3KAwfMAUTGcYu1DFX1YhzDxFZuqgsYYsTg7u8tgXQiNo,5013
6MkdRHrYDnpF4MkGhATnYW1MmVQRTSFg9fhoCHhNAV4N,4807
7AJz9Pg9GPnm2bpsWbudsuwbAgBe1mW7eta9aWGJQ2PJ,4854
ETnwC7FnrTGQ3oiKtjLgAUZaFFekqzB2WqZUcFhFcm1u,4842
E72RX7gRxCJdWfojHpZrd4PzdGNYVerJMievQbAoZUg,4976
5TZeGeVaBhVsFaY5zF7uJ821rX4HDoon8X71FVAAi85s,4843
vqiy3zJfPW38ptDNGuA6GSF5upf8NXLQiaKgs8oCrNK,4855
BZkXgkWkQsLhaVYGzQ8pQTRxQp3LHKJgMcqp7wF9QrxU,4958
2b6EBJNyoz4qWUHMZTfh2uvT78aUktcjvdReiX89vsSi,4976
DTbT3zbfckRyfsDBD9L9HtX9k5jwJJ3WFHbDQgMTc2G9,5035
F5Cedqj2zyoLwuMfqMF61Et3hrySqCHVa6McsWzjNrqQ,4831
GZGEmVK1KzV5jFYfKHXsAdDsCYBEZ26VkRP2DsMawhWG,4960
tJPETiY2r9e5rBkrLC6fpEU6r13BSxTq399fHjwCd16,4860
FgSFkEfbGy3aX2VpXPKtm4XEU9aqxc2b1VH3eJykge5M,4962
HsXxMyuae6aPprNGkLauGGEXQKG1XFTX7o5YrBaTmd3G,5021
DqdRux3CexSPPSFuw9zHoVPumqk7Q75bbrCqdrb433gA,4959
GbxDKegHP2XJPRqbZ1aoe7y5Qqg1arcPEjQk1QvtaZrM,4981
6W7VKfMhxWhwU9fggtEXdYBKuiHzzHKxLFCtkbA3CPmk,4960
DZNnkM8MZt3Eb88ngx945Ska7gKSHoRzqdeRJuKEbrtG,4865
6QHDyo7qjmpetnrw2WWA2q6BaHL5xxXsh37ycSJxNpvD,5033
FvpgWEDyqqTX8JsSTwP8Ws6E5qdrQ5RyDyYR54qv4hL3,4881
5FRRzWBALzH2eyY7w7n6eo4VJA3g93JGhEwKsL4cwbc5,4980
EyFvU44fbEEb7D4q5tGGHR391UiAGuVbDRC2eioX4dUz,4881
Gjdtvj7AhuuWunpEL9RG3vBRtwHVXmJe2dW8cwiPEjrM,5048
3kZvh6r9zstsxxUkqYVxWnweJNVMtxtcwVv2hMnGzSEP,4776
EcmPsQhrDaSpxHjkJuTBUp6pn6aa4FTZNf8mmh152LB9,5002
J76XK27jDCB3mz7KKUMYP9vi38JVPn73RiQLnvxNXz6J,4873
9U1tEEPa2ZPRGJ4AqiTYF6jZ6NYLwVyMbHCFLwkmCLFM,4798
CT4uHhxzCfnGbPkxte2qrhuosYDXbVP4YHGLXyuFwz1c,5033
CTokE5w9eCGsA1faFDTE7sstBw77Tq8dFZGC3pk69hvr,4983
CLHEzNMftVfdqtHA7ciyq61gHoV9fKjZ86QMYGebqvgN,5056
FekxmpXwS8JwL5Ymz9VWurWZr5YPMDQ6XdWtzj29YXLQ,4798
DMc5nJXAL9niFNtTGrr9dqb2biYWZJuaMExXthYWgUQo,4832
Boxwo8DmCBKMfL1aHPzW8CqwA6RgcTvAyYdiUsQe6V46,4781
8XoBXNGmbM9mkTitGBQAPyouUprxupMUH57BZBTN2AGa,5045
G29MaPhev3YQafeYQKn28GVewVfZ2onvtBmmUj3QUgx7,4984
CvHWEXh4Jm2wFE4UWnHn85BATtVj7voc3untPbrqUMhZ,4842
H7xx1KzLDZ2caiA79mrmGvUbk3Km7jWVwAJC7QFhJet7,5004
68igUQrRAxrzC9vk48VNRvGsL8xJnVmUzzHJKJ8ZyQ81,4979
DUwpCF2XTjd5zh35rQ2yWFvrbMH6vovrH7Kq2SCkET2w,5007
AAS4tLRmXYhzYDGrQWY6T5a1M3GSaSMmt6sEvKVqeAfA,5004
CUiKCyLhiYGJyTBsuMotxhPGwUUiqgth4f5LQ3vV2jkW,4832
B3ziXtyskgt75iEvSMSaQMogxVAncSpKRAvCAUQzoo9g,5006
ACQxCD7dzy3cVjfyNc8ozhv8yjtH3S4bJcYdqihB8ctx,4862
3xeSrDg8AV3Yg32eqaaALqEy4HQC8vPnfhG48z2djK9a,5003
3KRzHvaP7Qey5Ac6YtUSCkDMBpZLNxS5WUq4PyGZoHY2,5009
Dy9RPWseKArMtSeco9FCdkThHsf7nWTttPrLfQdzcas3,4991
8KUUEWx8GM3wixDrEXyjpHrNDABYXToxwjkUs1rbSPwg,4899
2T31aZYgd8Zd4rJ83Fi3NfHQDcpmrqjExCQkDMRKXHCF,5019
F27EYuGYTSftEKziiorX8QrrvmPDwdKLMy9L8WvPpr1V,4869
FxrXgVyqbKtWearFrQt4M2FW6kLaqfdAFAvum8dEgpBg,4898
HS6usMi9bZxiTrv1unNvezwWY2tq4veo6snGnwcCwkB5,5003
89UDvfjXkMf3vohirtvVAVCUvgQFuQsix5gGDD6Bt4au,4869
AHKJbqWNwT4dW2nLsszd5ryJcFcsSMksibtURpjYfNGg,4998
FiyYaDZmdZhw4okjbNKyf2fJGBEkph6HPZA4Vdr9CivH,4831
4cVsuRPbHpnVRXqLPQPuK2zB9QFZYgq2xYeCBTqojbWb,5053
G4vyf9nNqTp4it2wLHbBCTgnbYMBAYpB6oTwdiWLE6V2,4870
C9gjuUvZzehtYia3NygUeto4xHnFTNhyzKPp7Tp8rtUw,4992
FtV9nAX2j579BAujHLY5X5GU1GaGq1G7xrnaYsSQds8Z,5001
DshVhhJt8byk2jnemuuJYj2Qmour3SciAt3ytUesDVtE,4892
25aiDaYNpfeFWebHydEe51bi8uNWyUuNvPnx97BtoX41,4888
BJz1org4t45XbzzNxD6VZY7DJQrw7ear8abGQ9ySY3Hc,5022
B3aysoQobpdZyTAuFAN96CvYSbtpQpAx4RBUdC6iLDrh,5018
3483SGc2bSsMZHqfwukfxH6vsB5nmxxf7FJpeqz1MBLt,4992
3ZH2uX7ssPBAiicZPxf8TGzkpmHv5cjtsnFXnq6UxiDc,5000
2KpDUKuCfsMFcU4HMzrnPQcYvyJ4Ec2VspgegeQWpAF5,4845
H7QQLB1wAwjYMTTEheYwfn2tCWjjNts7RQ96WbBn1JYL,5021
FJHhJAxWRJ5dzfLxqeyyVMGUVDvYasN73HFWT9kZVSwK,4832
3uLN4BGLv6xzn7qU77VsMnsCgTdiCtkdTVhBhYxgwpxW,4992
6HdunXyqdc9iZe5D5mceJYgdSotrFNB6HZo4pt6UJSgo,4845
3xG78neFKruq8Qudw2nGYLrMiJ8tSRTwNVp5bjw7nniv,4847
A7pDGyKB7rRveKgmkiD3tF8UAHVvGvmq3Nncq2kriQui,4832
2YBuBKD8wnK8rRwKukWNMeEMFDPttkZQ1Dag58eyQViC,5021
5sgp2H3GfWVuWJCE4aTa3r2DZFbR2gg4girtV3Mr8DF3,4874
7abdvZFDgVtUparRewZMkEt8oHHjqgNtXwP8jJB5rZU9,5058
3K6XidJ9YUKXQr38t8yqH3zH7tnxaLA5zQ3gLkfY91su,4897
BNd2RS4XCizcg6pC5LgF6Xt1tzWLKGofLbCe7ao3HHNS,4862
3zkZuejvuDMeU5v4AMkGAmLxC1GQof1b7RLVaLyCsVD7,4897
4Ez6gEJQV5gYjXM2AcxduiQdvyMbfAQFLNJ1P7zBgB6i,4898
12KFtNJo3dqSmAjNnsD6vGJNsPtrG7gQGuoYa1EAPw2D,4850
W2yGkwMXWzcJUMp7qXefTL2WXss5hpxgu4TTcKByvAd,4997
BxH95GKmBptKrNsghAXrYFBPTmkkJo75MTncuYbk4o8B,4859
G19YANyEy9yFNfJDmHywQo66hP9KDTsDdaP29niBLEr4,5058
7BmXxm767Xya2HzfqMLfJeLvDRC1F4REFvJhTb4g3VHX,4811
EmfD9jrmNSLa81y7AjWdpRLvJkLFL9fwtr8Fz6X1nfjV,4998
7deQTJTFnA3j8Nu19H2oFxtmJWNFRLdHEpgkGL2meSRr,4823
1jEJ93VBy7U2thYrEceMkpXLuBzJsC7okkSGJi1bohN,4997
3uDmPHE2Xrkwjd6xUjQ2ZhP3kc2sDjh1koZBw6GGr3YC,4861
Go9LMELb5f6h6MYfso9HqgVimvNp3TmvVG5x9gBeY1KH,4844
43Uk3NYFrnbcAy6CzxETFjCz8evDLR1CyWqmYchB3Hxc,4880
6QZmgpaitye7CgzwEiZzyA74q5CHJpSaGwrfmk7EoF88,5014
wu87o2CkSBSZtC5ztu6fGkRejek8HJ8F7MfVZQ18Ntq,5004
6VNYKoFm8ajL8ZwyqhR3qQQjjCYFz9fV7JpryBCcas74,4874
59kvTUvVQa3M1i9ynymYupey3ubqFvjKbaYAhjAoZ8gT,5043
4G5KBBd8TmfPNh8vKFjgGMqR7bzgk3mq9bN28DTcAieS,4909
AKVkhrU3JCW8cerZZQPjotuUfkH4G8tJUJPCBpB9ZaGS,5086
4JMLPgNq7YtTazgkzhrxTmwWk6D18V4cYmWNw1J8jjWu,4828
7ib3qkLEbp6baidj5Lc72mUJCWnEZapTbs7nohLKZ19D,4832
53gEczW7LM248HX2SqBTkzvp1uD7dteq1y1ResESfQZh,5082
49YZH7JvXtcVxaeQgewpcFepupAvjf84GfEsDrzEKZ3P,4929
bwMRnAfxqAuKMQgbesxp6h3QFxMgX5XWhvKeonjsr6o,5042
6GFfVFsJQBetu8kbdQ1negdEZdXVrQ4iG9woUowpRNqa,4917
JfXL1d8aPyHUEvy5DJL9MrTcoM7rqQmMGh8dgkfFqo5,4901
7bm3FRfEeY3jZs7RYPwXpoUzAFFQdcJp5Lz3ER9pTZhj,4921
8LmfxojdBC8GFEPNT3Z8jPGBBHSg2SzXFN5upS1hM4jR,5043
4u1ik1X8s5sxsNXr3d436rxx43DTmmWPYXQ5BhNQraYf,4932
EJRen33hpRyRPAM4BChscE8uyK2UZv1Bs4QrmJLNZsHV,4872
4ACFuxLdWfcHv9EAbqPAUSw63tywpWHUDuGhZvQAkYBH,4888
5Zw8C88VnFGADWcMkExibEH3PdwK9TwJcdFDCsvby4N6,4853
52xegm4MMMp4JdrFUXwKbvHdJCsk27gYhSgyhKQnLkTP,4902
4EzNqE7sHi27TRkP3ey1PKSRTVhhK5Sh5z3pBxPcotSa,5036
5d4GUZnykb1y6zVpw6phE5GjQDZPpzmG1Zo39TttmNDi,4907
97QqCWbRKpYZ5zbnjDAmKjmyQoeVDogEktyxaCSUzYJJ,5091
33WLpCyYhSAMFYU7oBfUMSxN2uZLiPV83ta1WSsjKiWi,4940
CXcyz3hYtsHdi1285u9bRuoUTYt1Fus5bF76fUa3iai8,5055
AwhDatcY2qNj7FnwGtMxakno81bjBa8pvuQpUk18gnHT,5034
EpZYsUCtJ6vUZwNeuFBoaxYbdy6hBM7LQJHB2DAuLV1P,5102
4TJVvVFHP4LDeKfR9Kq42jvBfGKVE2F3jjcPaPQ8ua3E,4942
8eKhY1SmfQH7q3zqq79QDxi1AXb1KXq5AP9MEmZpZo56,5046
Gf1vbGGRDKpRcyzaEvhVXAGSE9YcNNjQdxJQK5taYhnR,4847
EnpSBSTn5hWupHJzMB2hMz8BdfckrENzFT75U3wsaTz9,4908
CktZF245D6JHacEx4aiUZ7cCTcSQXmqQyxNtp8ZQ4KVG,5043
BfpxjPhfHqLPXzdXYv62TT8wwpo5qavBMjezY5QvSh5f,5043
3eJn4EdRWRNS1qkE8UKZiTC2XdZEp3yUUyMR5mM8AnHc,5103
HS6CeaWBnAP7UTwYvJRfYRaFxMHxWVScfJEJvRtnHUVu,5106
55pS2xj13TKZqqcYmq6Q9GhAGyuDwQCC6M3owtNdkPaF,4940
FKviCZjFHj6WMUQQF8cYMVmmfsVDFo3WwLarMn6qzh9g,4889
BoL3Z2VqZcUZK4WmeRBN3g3epkBLh2zyBktGqr3N4w1J,4941
D63WZL12TyoqpA3VzmiC8xQAKTWpeBnijWeB38nRgScG,5068
EQyX7CoftAyrEjGLfhBfWhzYfmCNMehPYx5d7XTzxvpY,4892
7oWVwwhFR4YHoQWSBKAeBeqPDu28wDiMUj6ZVnBd2vH8,4893
B9wghD76E8nMo8inoHNYKCDMD24KvW2BVYwp9RQyZEpp,5067
HBnSxVRsXqwp68Mj8TqsDDeFmADtbwLZt368n4VDKNgH,4924
EPuK1ak55DAovMoMpcCsn1bfiUFN2NPrH4j6UKnDkm7V,4906
89jE5gpUqVjE6vtprcdYaziy985N1YeSFfkrnHyTdEXx,5077
BA76L949AC2jh4hzz2X8PpXFYLp21ULPSer7MA4YcdXM,4908
DQ9iFNAS42g5WHVAq413jkiARxqH1J49LSZBJpPTZfER,5107
GAidsXH6giNBHSTvsfm8tsK2V2Kxd6PEDYbRjjg1ySnC,5055
HrXHR1uLaY3eHNyMjqpEhkHvyjyWZjxJpBnrkfQAeA4g,5058
CHuTeK9FSZF7eQuVxoQNdfj5xZmFRW3HYxfSfP9Uua3a,4942
8H1nY9XeQaSdHkTALjvsQZbEUCw3tMRxE2H5uhRunTZa,4943
G8Rr6uiwT3YgheLTYrQFmQhsZ8Jh2Acg9CDMRMUk1PMF,5061
Csx2efUku5P975EBXrPHjGWMrGMPfUY6tbQiHpYx7y2s,5133
EuLzZZZYddGf9T8rZZ9XreUEaqoak1fEBAWZFZv7LGKw,5060
DMUFdryD2rhTePKHbckKxmxPEutPWrLdjHXQAe3ScyMn,5057
FAFcx4fRjQVesnstFpGkCZiBX3UZ8vxaeXajwZPnicUg,4930
J8a4V83TNo1CtKvfSWGuj4APv14YQFdVe8CkP9Lf5T6g,4959
CTmRWwc3PeirNu8rxrQh4BR2wXPnCNtJzTN2gJz1axH3,5076
9YiJuTUEgDbNfL1t4YXvNzHtxV5aXCpeGckxK5CAKfZu,5091
CMg6Ucv9nu5g2YQPGGQCWtcjGkmoECpbqzpm8UtwkVy9,5074
ELStYxwuX53GFGTWEeyfLYJeWg3CKvB9PZX4Ypq4RoDc,5092
9zxaNA8pVRndfbGFG5x4fP8dTaokpK6hVs4FewRD6iyb,5094
9RVm9dnUUVFL3BQvNFnQBaX32J3L6Wr4Z72skqP5TJ8B,4976
4ztGPTX7ofCKEyiBaQr7KZwQNSBXmUdojVR5Yihd2Zfy,5010
5ftPMguiHKJxoRpaTbtxvCVXMAdsq85CmUPc4uU4kGJU,4975
9mQbyBU4HSwaexDM52LCZJpGhDrEmYaEnPDTq33bVRbi,5109
EvwYz378btBvYiiun9DSd1s4ZKhBfBYvj6uH8BNV8bsm,5144
FWRA6AvVz4nUjJupNRJuBwQx6f38kwQgyYLm2mVCTHrk,5144
3yRdhh5L9g4qNtPHKd1mC4TmQA2tomdj7CtpfEcRLmzG,5191
H8moFrDb3xCry2Wos2aaBQubaFHHoXu78NhCeAkHjXEg,4980
48wNYxCff8vcdfLjyzsAX44dzsGxLp2uB2xT6NoPBXn7,5136
3rUY84zE2ifTsLKAronLhAqPNoB3PNeXYiFHm7WysQSS,4961
E7iwj4jE4yicY9kK6C9jt2nawc8nu9pEJJuadVukXtoJ,5026
5rYkxMFMsrnz8h5wsiMQ4PReGbuT42QBetztrna2qmMY,5014
5Wcff9ocirDKLzv6Ky4PXwynWLVoEiGZnUpQ1Evfw3KD,5109
2UrjkzNLcGEyirspHtmwMoNnsHGoS6WNwLnnDAShUvJP,5186
3zts29VWubMuuWwsoBWXCYCNDmEhikUsped3DcjWp3mx,5255
AeRNKmHEhDzX9DKgHzDC9Y6UcSdYXHFwDfyv6i9jvHQp,5362
4bsg6s4UabTUaEjmHDPMyknsvHa4kQVwtARsRdiRQLNM,5187
4jTeKJtVSnFjs83rstsdCfEzWvqNZv5Y8nUmy3neMTnm,5370
GsCCwk6RM9N6GqCw9U5semjeypAReHDcfcKesXDso2Z4,5239
Amw9nzQEUM5N2jWRk5So9rtPdWf9cMcxbezWDK7azag8,5359
6q4UFbADcaVGZbZCdKTdkzkf89KDve8KVUpPEPeV3HPW,5366
DzKyBGvkdwrMk3iPGtDEVjMkuuJSfDX8Dk9vEXmBxEZn,5360
4mEVjDechV7gEAQ6b7MP1WH8Y59Paeiz1NanYSsAps8B,5259
9QtwACPxGfz6FqDYyaEQQ3QGgeGYFnofYngVHkZZc9cF,5426
3Vy7KUfBnTzKZxYL8p7zh5Aq4oU74BXTZtxNw9ZYznAF,5273
EWKvyDfGgGxrK9ERksDXRxJVZXMf9XzV9yGBHF1w8BA1,5260
EnwrgAZGqmzB27uHpLn6nK3ANdwRFfMV5ExcSyrJQyjb,5228
d7eQrwPqjps1RVd3GUwMFWNYXpn4G9DtUz8F1PmpwH8,5426
EZjmzMbcnxRm3nQpygZHagbWeNbEeQCX8cDS6c3ZZtHR,5365
FNK5iPLJTLhPhddG7NWB2YrEe9Ebm6ggYLFWzVxetQiA,5228
GWYv1wykJRLUYMazR58HJXGhfRfnk52VXJA1Mf1YR5Hi,5231
FZT3N3TVXp8jathdcnWrYtASEWK4ttyv4njyvJsRXwAU,5398
Gufq6nhCMcEDbMnWy9wPY6g7dsAR9uY8ndawf1ykY6Vb,5368
HQh3ZaHkgFRQPChaiPymFXCkfpvw9J7XtfyymFpvsWmD,5271
98NHcFuaN1M8Th55Tcsxsh2Vk1GGyLcU9XmUokgchhiY,5439
CLtofbnodGsYJGCGBEqTH2yc7hyC1KGh4kNp1WBjeJ3n,5383
AgXXFvnmxJ7g1AbCUiEdyujpFGgYPEshcDmk3MvRt6qN,5456
G5nwvMEiWeEK7BpWZstoBxjc25fnVdwrxiY4Qn6k4y8X,5403
5KBQfRUEAimUXJC2iSpYKPp1Ahv4JPuGFsUmrAjiwEoY,5401
83sHdqEhho6SBNa3YJ6WDtmEpEZhdoCoUmGcELhcwxfH,5405
4Kt1azPSP2NRqcgspkctgYRFHubnjEFNwcqxDNT4FN92,5257
CRwcsF6rCeR5UV9ubmoymWsQ4CULT3DCF7FqCfU1QQFx,5277
CM7Nfx5L75cApYHPMVEbmjGj66zExgifxMgBj2pVAu11,5256
Jh6xjWH8mjCS9dssdZNhRbbgTGfqH27sZXJw6HCr8hv,5389
7RkF8h3Q2S2A9VwEn2Fn5NKWK8UeZTMNLC4RRSXP8Pw6,5277
saiYi3YFtFvwPH7mJd9aAm64D4Gt6Lt3qqYnnsTAXDu,5404
A78SJ4zmoXLigarRazXoJse57WwtFhN6xyCri8S6gX7W,5254
GwEfYc8AucG3gm1zV4Yap29vKcWfh4rvj68HfDsAGxqJ,5254
6sSzmFDZUJUtbHMN8LXPd64SZtpobyKGBKECwZaMGB1N,5407
GgPvX72WR61aTJ5d9mAWsdjT8ApTSc3MBoBfLGepmC3n,5393
9oFseqL3qk2ia3G8TQbzeyjk3Gb6p39ybR9ujsyCyACc,5252
3BuEush4G6snPmDmK5bbZYf6Kubrf24prB1oGEgVvxYB,5278
bVVQxqbPnnwkPs5FfSZGsgfTe1r34inghqAA9SFqwgN,5323
G8uLAxZhAfs4JsTcew3TgNCAKz6JxcP41twfquENtyF7,5466
FogF6M58QnDd26Ti4b1sRofPeso6xvMMna1xcsNMXKMr,5571
F1DLADDRe2PbngC6YMqp3ke5zVkLeDuSkxLyDvqCwJEG,5468
Hh9Yn3j5tg9W5M5vkt2ToYgBjYLxzbj5y54GJBMtqqHZ,5567
3qKkoDJHzkna7GD6mT7unanPuBAfyAdhBX9mRz29WRh2,5570
6bNEdAGkgrvy1XVaM8spQw9HKTwwa8HjaCoGVMtDCSib,5569
FT3XDn3cFStPwfcszRnEpiDexHcAQf4ZTqWzhMeakC2P,5588
sZQeYXJH2NehFHgwRLge6Kub3MTFT3YaWEzmLsNjj4t,5409
