tx_hash,latency(ms)
7BMiUnuwWzXKV36RZUBiFDKyKs7r2vn3KgFkd8BdGSWA,733
9QSSj3HpnWW8ZtgDUimxwEHdPXVaaxKhm9MbXWkzNJBJ,728
2TRSuVeXsi5gyUaGoiX3cvrqk8L2Cp1XGkhYtwMr7QaS,732
AB2GYuChUPgJ4jKkxqwTTLqrSaYsMSkiGa7WjZeEW6Ck,746
Em5hVfSbjQTekTT2raPqagBbG56CxJjaueZwRtwBu16Y,747
YiUMtE73CRfSp62bmNwHS9bc8u2QAGZz5d6SBiArE6G,698
FDoG5wzcPHdUSW1iBkYfxoHP6igV8aZ7Z3MNDgEGKzvb,751
Ev1skByXPh1kxHvZJAouXpbQn3xqjqjWzVG6MKtyoPpW,883
CjKKfssXvotJtpscKbFSs7ANUZ3wa4SaBNeG46Xgo29t,883
BDEGEHRcGYTAotTVxkyM8fneY6tnv1rG6dRFHp14JUDx,883
HxQDrgXMP4nTSPTSu98AkxdQREDdi1UWf4AKPPwWuPh8,826
EgxPjo3VXYR92Q63fHEwGwUKf8CSmTaq7Df37231NFs,881
5czPj2SaK25EN2r31mQ9i41bToXbGM1seuMaHgs6Tz5G,884
2F2356hqrUFadNWYkaLG1KbJge7YFskAChWJWWmDXM9w,884
CcdGUsz562xPmj4KbWxYeg5QmGKp5UXmADzYbD8FoZUk,936
kL1PBVnLPyTNLBRpt9SWg7MaMKF1CHdY1hrW9ewfY9Q,933
7XNCvardbeFZRAM4ctM5ujhpXZ1m9ZeHj7QDzZnuoN6q,938
3p22yZr7eBuNUJuhqvJ31pPz5ZWY7PTDa78VCSZRkmNN,939
97eThEKhMEcY4We1NrRw7esj7JwBGHMBrpxqXsykNSK,882
AWmx6mrbEWiT4hpgvpzrQaad4pSUEq4yy7CaEQLcU8oe,940
CzoC9vdLoZk3A269REvdZ1KFZVQzXd79qTCupK6yBR3Q,883
FPnmwPYmKzQjAXGhBiSUf5DmDGapmXnXpgiW1UXu5AgR,942
CCQYE2y2R6p3UikVFwE5jyvadU7Kn5WXXRFrCRJ8Ckyz,938
5YE3HVjtkTzFiE8QiQYfc93n7AjGtwTBZF27n53dWvu1,941
GTdfeaYr8kc9RD4ZJZ9Q9YAVCiPuJHuy54s3Z5rXijUA,945
FSnAHuHeeyWJjyH3Jz4E4QvUUh2DwMpKaZMYUyrF4iti,948
C1XA9LvfeLP2aaxjr5M4kxKS9uZzT7j2x8LzK6oSbbCt,948
BagDhnbtfn4LoriCgGAxTsKGeYehiwP2BhCLDzJPxep9,948
AmmB9LSNLjoyiJHQVD416YnoBahqET97Aymzn4wuL1Ao,949
2212e1SWJxtNf5XqMZ5yTHonaJFLKAD5knZgin1BGPE6,946
2LkdBi6xFeeQxb1d3BBueZuz5tF3p93RTxmB1gCLouTJ,950
8v5vpAq61LypZsx418PQoHNL1kQaRtbugbwJ1HNC3LN1,949
6eq9UwmcFwah4UL4WgBqXrv4RL9cjxRDwPpf8BcPD5TV,953
14Pbd6UvVngQAiWEtVzSvPohK1fnDjq9ccg5Me6vUueM,953
ABPVn3yxyH126YhieDxdhL9RdvjRkLjBcTBg9ALzLysJ,953
J7NUCFbh2EA42aJe5u6HkSd3kjenyAin8Pq5hTZZEPdT,954
8mgKzS8Z9Zszu2D5CGqLYbkPz2yFYN6gBEziZeVTChHk,950
fngWX7ZcJhKi6DdyRzqpbyEjSDpGkLfBqGaR91JLaM4,950
BGZaJarZcFxPcpRtysqJdKBKABdfirdrBrmGcWu74AyH,957
7rRM1ENe6bKwoBJ8hcfGV5Qy3s8VJTuYjFDZWp4jsoXM,957
B8ehgqYVwLr5s3NRAV68SHABXX2bMtAFUW6gN9FrC1pe,896
Wjx8mF568p7CXvw7toHHyi6U5wFo1GDwEpkegaYnQ7m,953
4bADCiGvtxj1HQbghRdWbipR2P96HKjYHmHVBpn7qENN,955
9RrMnR4FgpXsAqWhxiUVYyRAHZie3UtpSR1vL5cLgZ6i,959
DTmnooLZ8RwcRuZsxFUjWL1Jv6xtHVq9eLATZF2uGUvd,960
4s5pNTivoVHE3qgs9YomnnYJDP7pn8SbB4tyqwLKFgVP,962
EZ8DKwGs5Lao94uAsiwew4kb58SHhVdcrequmYr3qBJ2,960
GbUAvvMb1gnN84nDLKfrWAb5BcnxmAc1VaK1XKCCW9tT,962
9cMh8XgELZ8M1dn71V4BdMxSHhZ6imxFcooMpF2y3HdN,963
3isAYrWuyG1A76Q2dTHaNd2TCFrN7MfuRM7kUCyj5F1Y,963
62R6cHKjctt7PBBWmxphBwB4468qa46pWcAM4cLtSYZK,963
EDmJadzpPAFnirvQzCWb8UervSof8BEgMqCcwE2K46P5,963
GaesGSdfVQHv157Y8qba3m8cWFx6gXeN7XuZjr9joQW2,889
DCbGUu48Mm4Ukqj5wHWrvpQgcmTneR3XMG6xNiTo2hxX,959
8FwB2ibr9HNEPUmDRsYb7mGb41iY2DhrWKU7D6pBt8cJ,961
JBq3G94mLpq2P6Y5GsJ7xuYaJ6H7G33d2wmpXLyn7aC8,964
3Qmi2dKbLHH3jxZr8umz8Hhs4KCxkMnkUxZXBrUomCXh,964
7D9LpcRFg2aCnhJ4LnmjxEdLtMqHwNC6t1aryFcXQFep,904
4Qw9Y18bmPi3tfvsiEAeLvhY4Vh826pDV77WqQzmc95u,904
8XUFnBeV4u23MWwHFBeM4L2ZmmJPVoAsA7uhyWbmdSXG,908
Fg9AbgEfBbh7xc51QuuCNH2CDfmcp234R7dKGRK638ad,908
DruJYdVXe4t1Lc7dKjPZC1ZFyWYvNDwpog2PynnjKV3Q,961
3kzMjXy1cpnhzFRGmA4qXUVYqb45sXSuacU4kstwsyzS,908
BEZ4BKtM3ZaBWhXZkxFrgon5B9RqaVRq9M726NZs3wr5,962
EEwCnirwqJYYCFuHqc7jpRaaksMswio6BqrMGwn9R8t6,962
dW56bYcHzjq2Xg7UranjgwVSkTMsnUyjDLu6DLWwXKR,967
5897TG4hj5GMCZ3DJ4AEncRjCpCjvBCFgq7iM1ptqYry,967
BA55tnQXuR6H6CchkXVwaZXaNmu42gBVEhGAUDpGL84d,963
BFEeNT5s3heGBg17PwhEwPix3gtBPeNqkYa5GYT94HuM,986
4Lk8dmBFwmP38nwAznBHeHToJxoSjbodRDUqSCXkYJ1P,985
BMc9BsHHHFkmyTrDcHB62umtaGcyzofL6n7xDQLHoGxR,938
GqhHqvLm3aC3NtjCdSnkrDwwcieeXBP5kdyL5oeuDN6E,997
DunFn4JEAVmPPwdrcxjnL25LnAZ83toyh6znf83fnujW,997
45KVSp3tyzq5BNjDrFoBdHY5BQ2G5KxDuZY5Mvus5LUb,940
JnkXk7fyQziSamA1Vaeb8AACFBvr4aE861XGtbTTsYe,921
92MbGNcQ96wxUihVdTagg5F6ADfV6CZEo1C2xrgcCE4u,996
6Ypo5YiAFKdidKQsVmCXHPGQLMincNirwEHumgUtdRMf,938
GnB8ehStDftVbSUyxDmaAEXeuZbYZZLhTcreNm6wLLVE,998
5hkEyZwciX2jt2VmUuRMvYzHgKWYo5LVFUtYPZHcpv8g,998
CuBuiNtK9uCZZS7y27Ad2pFm8spfLi24eHpL7yEVpzdM,994
7abqRNyAUc4h5k99DGyFJeksCeuBHHtoLJRva4Fh47JP,997
GCsXx5sZ4aWHvbKoje95RiZka3b6V1h8wJHbSKFhQEw3,1001
FLSYt5Fg4CMPsyJgCpz1E4FpkNup6UnR78sKSF3NiQmJ,945
5AzvA5RjWk1VsMqLrzxfTjKuPaTf23NEDfPGZbST8Y1R,1002
B6MvQZAbfxfNLqdHLGjk91L6M7siqVqYJYGufDhyvgJZ,997
GNk1JqBV4HGWe69728dyStC2M8MYApenxZy43bsSe393,997
FCS4xm25uRnYVRZAEjWpWNdbJr3yTh9BdzeDoGJ3A94h,928
GhsFhNz57y1r1buHnn97gBP2GycLSwayXah3kTSP1REd,1003
28Yi6vhmjAtsuBiu2nXmywEJJZV3Ahw2hkgdo1PikHgh,998
13axeJA1zdPgqBsLfvwodv3WcjSCS8GEhqYVwKsuUYWw,1000
FX9kL84u8zND43HjW6bTiykngsrcaTQhThkhp7ZoZsAF,949
DpdYoYghCp3DNb45TfNyMdmAmy1qAo2U5XrLdKA1gqSN,1008
6eo2Z3duXmUczJ6suogWKrbu25nepSchJdxXoxnmbcyU,1011
ABTTRh5ZHFu1RTTTb2b3GoPbx19snv94VRp7RPF9QCMs,1011
BvdEkmU8kSo5rvBf4SgQUXNQCFCJ1kKdu8LWv2SVMNfu,1007
7NRfCFZb1Ls8GCH3ip7eW4KdVwWBKrJtcwZCLBy4i1qL,1010
6T4W8XFXx45jFV4k7GVMXQLuAKgdKChuSFqYLv7Nz3cz,954
AT3REGjXyxLPeBVaeaXks7zH138hYK2FkQH9knDEqyV7,1007
DsjLqhYqqEZ9nrhh5wAVcXqmi7tUeBodY58fWBmnKpzT,935
2SFhryKwC9Mn25tf7JAw5KeEpmnuWCVtidQvVvUBxpuz,1011
FYMsQ1LZy7BbX7f55QijosGy4ZimYQrjVF4PXxrzqhyB,1011
8HfKYajicXpwNJcZHjnQ352YgknbTSYrqE7AjdVVUjDZ,1007
4Qb1pKwE8neakvC2VJibCw8quFkyNdzZCUPadEmLYhAK,1011
C3fK5FsERrN2YVJNtiZ6tNeMXoq4VQMXjAX8gyVx23KV,1011
ETXhAuUmtBTagjsVTFNTJEget7kGfJNqkWCKtUQSYRg2,1011
7hkppSz3oojP9PPGJt1RR1EFZy1yDddofdRu9JUr6pSo,1008
5ryn539ZAYDT9GQvPpSQgK3o765AEG5brNQogi2qSyvQ,941
43iCNNwqZGwPtmrjPDsSFRdyQ2x21THfhjx1UaBs81Ki,955
49WGAy1jybi6Ng3XcAwTJTCkwpPU9L5NQy45wY5NPceX,1008
9f1J9MLS2Xt26gPwqDwXhUFcDJKQbSQfXDqmAtLaHVbi,1007
JDjofteSpSEwvQqM17Hme3UT2JCNb89ty99HdLB7hb62,1012
Dck82XhHWrC7EhKXbLBny5Kyf7qK8kVo7D9qPJVCC6WA,1008
BD2FUwoegkWSovqout2FAYGpX3crprjXomLzsXUWFSKJ,1008
AdMixoF3gRgfFYzstdfbMZuNb9SvFRXeXj76bPQW6vNN,1011
DpXGWQwEVcqEMTGYJSkUydGvySNtkcFChdjjqZGQwpbS,1012
4ZuM5rWcvUs2xTjDPDTpvvKQMjo8cWqU3kBi3UYWPafy,1010
AZPTyQgAD72znHqxQ5vT3qf7UWNBuYsqQkzrmVxvU3S1,958
4w772F6Ear9enNGBdUTi4vkzV4fE3U11zDdye8yQz81g,1014
4H53Yfg9qMwGigMqsjMmgDTxiuXPHNqeftmXZmkysxny,963
DeMiKNEkwixbcC8qYX329v2hZirznGHVSDheLz81pBUr,1026
EYHvpoE4LAp6ojxrNvHJLzQGLUPm4cyG1en9m5xSP5jv,956
2Qu3bdsyyEnrzzzn2rxaNxZoqp34FyPPqGAeLZzGgjWy,973
8QBbUhfTj2yrckNeqK9Zhzb42gugQjJXnDbFBYuS748t,1031
HgR7iBir2tdgNq7zHYTiXnH1sCDD1mn8wkYx8Y9ZHmat,1027
ENniGy9YACUQFUP1mS3kDyatzb4zMTkHU7XL56iTJKL6,975
73AcYajDpmtSdcURBoXuWdEBAEeUBppRBBg9D1XhPjiX,1031
4bfrzF9DnL9fkmskjZLQ5Z5Ew49vjJ6uYGcQPk4VogF6,1029
6iSrZCyGyirLSdXVbSaVKEd6X6L6YRvtZsh8JUHGDhHT,974
F7AhgVKkym4aiPR7kmjFbZcJ4FF4iXSUvXBpUCHQAA8h,976
7jy5bcE2mTwhimvxEfEoHvkT8DCstWD8vDz15rPWr2MN,1027
FrnmnF9keDoC8doR6tA5sG7mtEX89XmsjNPnXFYqM4Je,1029
Nmwqkr9wytxBHuLoyQGdjDryDMtWKFRog3owJaToQYC,1031
2z9g7Zjn26ZJ8wtky1udw88rR9NgrNXvLmczjoDghoG4,1029
CpgauHTNkc3oUfhUuG4N81cYtG6uGE5EmyYjkXZHbP3j,977
FDZJByXUWChabfhr6C7HwnLUzkAv4tnG5L1vmG6LfHVF,1031
9GuDuw8jFtx5JqhppkDXVLVenpAku3rMsbksUDtaAWvS,1035
BXAWGsE6M4cMHthw1q6cQik32BvwfEcTXhGkqiUnbnhD,982
6HL6ZyAPcVAU8kvvDAoD3o6dga43kTzhThan4mtFL6LT,1034
FGoPY7mSMdMTjrbB1izotarM3XjH4TJRYu2Nf7u3cjaP,1035
BizMNoKxNFAxcXR92nep33EYXMb3jycd1u286K4HxDQC,1036
3RjHG6mAP1BEQnGqYf9eS3cSVnHM9AtScuxogBSNBZRg,964
CCW4GviYYLYVEruBBTkji576HQ1Gcd8xitc7SB8zu21Y,1036
2fkQaMsVkP2TENCjcV1F9xsTfsE98FcWgzinswsyhR4Q,1002
5nJYAqxgb11pzxAkFdd9nYqWNjR5wiAuDqprLBffZMY4,1057
J3zMF1uPejd9iyUWQU1E5yC3Gm4yLrF668NptYJwFn3V,1061
3oUWaroG8fWuE5sw4dEVuxEX2iUEFZwkYg55vTieuXg9,1001
71X6rcy4Yhwnda6cyQYFyZpkKNWkQUU5X7iush6bQV7q,992
FBhxCvMjf9smV2vF2FJzRr1S2fKVsaRwMJH6sX3Df5ud,986
fGMfF8yF1ej2s4Ntwnyp485Sv3B43bwHU36tF1u8Y4Y,1059
Ezeu9rFVyZnupqZxHHrZZVSS7bvAbJE9ygduiq3CRGLB,1058
ACZwEuXJ6VacCK2ZD3XVxnVXph7d9kXxrNnKCg93NAkV,1058
7Svu4rcTZ3BgtotBnzEU3cy348hkQiXmhge84hk6U9jp,1058
DA42r3Qj3u7J39vLyb6HaoobGDDfWT38QW4FBwru5x6W,986
DmkyTgptRhTa9VjZ59VGV6uaSUkjj9VRNihA2benQ46t,989
7x3YD1TpQfnZRuQMsdsZB47bvF5JBGtqPEhaNBVm3nmZ,1007
7yo8sMzLJaifTpAnWKfU1h2qfPVh62UanwPL83wvFcWi,1005
FtUFLCsAaD6Rprwi1Cnt4K6zDiC3FDGfLDC9sgoyuf4F,1064
4VuiRWK7Yr4gvEMoCeTqfNECMvdPvpgQkKZ717c1ittS,1063
2pQYjoYrNoJU9qmxeFufksKFWsSairSZmLtyghCBFvcY,1009
AuEMfakfffM672sTm7YfqD948EGZow6RyWzLXE91j2fw,1007
EBe957JbYFSoQ27W9ucdizmvLahVCPFJr7g5Az1R36zK,991
B7em3aBLvQNRjoj7NyR3US7w6AKzEtYcmaBA7faRyRtQ,993
6j7iqTu14dXXJ6Yt8p273UKbL7xn5M9qMFD4T3aqfY1y,993
BKTcgpN5rug4XxFSNxJqDSKZCHLLWzYdTC6BLbf1iLZq,1065
GYGUNDLT1L4M51sLVbA2RKSAS9kM5mGniucWo4M7rhLB,992
BzeL3HR45RKdaL8jUWyTFhLkYzYeKhiRFyD5ZD4mEBs7,995
FdrSD9wHFn5d88oe4m6LFX8EGkvv3Yriw62J6MCMCFpa,1069
AApCPPRNTQTgx8NgAU1TTadPuYzTfFnmF6ytVYqGfm8J,1013
2jSqfDNyijup4E5QoSxoEC3zWWqGkRMRWU88dEHXTi3z,1072
AtJTGDsQEhnzgVWn1wRJ2Y3fTa2vCPfqB2cBusJh8Ar1,1072
HBTWBnVR9M6Sp547TjduMZmkdWBbkSCtTJkfBTE9bQ9j,1069
BoJvtpa3mTjdiRNCey7QBaktC8L2mNvELzdVEMNtMVgx,1016
BqcLMvqGwkmYV68MZm9DeTjFs6tSqHR2LeV71Mr1K1So,1017
rR1hvERhER9uJ5t2xVgD3WsjRykk6uCRamo1gqTHpCN,1003
3XSGLbcg7vwZYreNgpgUd3gz32b6iGto9TvnTHBVy9Xr,1073
3adkxY7ye9HeX58qu7gHAcvpQRYBSTxNEgfz7UZLiSRP,1078
65ni1pTkMS3tu6kekUHxgzoqY6dn2FgNp9eoKtCpNUAL,1073
3HNTT7AaqdbTGWrAfHNioPXHzAqoPpJ4tsJrgXR69BvD,1074
GBNyoWM4Hx9YK2BrHwXm8SJzbNySX1b9pHcX9GFvZrxd,1079
7hxYmKDKEYMWCeCXrMoWQQU6bofFTZpTvreG4HefkW8b,1026
4xkzofQExBAnCPCkTLzJowJaQB6sKLsDGRrY4oDBKuE5,1022
ABAnTzi7kbhymVpbq9H8wrRnhVuSJ1C2EsMwVU4TE2vL,1082
7GYNsDWz5cQLoG4bsPJV7Sj73W2sBWDVNyN7iSpgzaW8,1083
EENuXG4fsthDUgStprshxbrLDN4UF9K4cinTfmZETxyd,1007
5GRWLqtrQhv4a1PPcpJ9gcUqRXGxQejs1foK4s2ifzpK,1014
5ELeSTFczZXUZNywFbWC4Sne9VFFzbWYAigwLuZKA1gD,1009
9YKxR4Vx1ocMoroVNPeURqivNHhy81ia9qyUuacSdZrv,1090
6ae8Guzju8QePQ1KfCKtfinu6xfYUAm1yjxhoDz3BQnj,1031
8WixynaZ3MvhwpQ2WxttZPBBGPuu9hSW83m9tCvmugqi,1092
2AfhjujzC6nUhZxZjUH2ujW7zvaFZfy6vBJmcEZ6L8H5,1032
3u3ikkceVj18aqUjQKseDGSTwnEuLhTBGU61eUpwNsdx,1088
6xmFGDk6JJScWMrmuwZcRCm5BUSXgZYqPfgNCL7kpN7s,1091
FF9kUTitNZPWi74P9RapaS2gZZxERHuv9hVC6JJ547d6,1032
GsavM9w4Tw4WFErcXzFMuiAWq3pmMgwdHXvQ43hjbmkz,1092
CBNPB1PHLaxwtsnHSuL4xw43VLQWfjmzC59F2eUHVZXN,1092
4iYqVUcu8zAwvBooTVWrwwX5iPvXexkqdNNyYYCunVQv,1035
9h5zj7XuSVa4Qtusm2ritRHBQUEP8GZQcbR3CkxJSkAF,1092
Bm5eJPG88SvapwB5rCgQUtPsuD9UWHDXPM4U5FzdfNY2,1092
A4KBbBdDntySSaS1aYFB4Y3xHqupzBc3ZVinGhHK7vTi,1093
25ZNBmiQiE3RbU29WN2HwDwVZjdQ3MVi5phxmZjXmZp2,1090
735RRkzATxcAkc2Z6TNhypgg1XiadJ9RQmJhNDq6UkwT,1093
CQYDW52HfuA8AvRwhJCCMrTTFm4poa8hRuC1gRh7hsT3,1093
G8pVPX5AxoRKkWsm6qcmpkZ6ckDtjoq6RgwM4XbdYV5e,1036
4H8kXfWV5aQiktws4VqYyBkcvwKwXd14euyhuNWwGvGu,1091
G7b5YBwKCKsJGxJSUBsi6T8P9unLv921UQNgNiPcGPtQ,1037
E4nTqHkbfrYmPBBh1NyM4vNSGZHWd5fpmQJwLETPTH8C,1034
YGch4KYRzdb1ksZoM3APsiNr4ECR7SqQAZ6McTr7bLa,1018
9v9mxaGjX4Y12BrEikPrxB87tt1B5VGJEGGCifdz1AUd,1015
GyK47PDvnLzVsp79xqhLRnJUChJTzMNBeeAQGffsv9uC,1023
8gEKAKq74qhBhEdi9kfPhiJCRyZZzzVHuLMQ96BKM71r,1017
7KQCYicvXi6ECEmCVeFTWti2EFgYsS9uE4pDS97okU6p,1026
5DWXe2UwA5A1QJ9LnzcoZYjCK4bgEW3pYDpRNEbR9xYm,1113
9sXkQrHJkAnp8JXBy9SAGyfqdxCyiTgDPNcWsTR6CS3c,1117
EuG8XeUYUgRn2A1VpUc85yifbrYvmS9rkK55a4mnaCGJ,1120
FAaz7NvafuaysiVnsfwxGTj3BepY7vYTw4ox8D457ee5,1115
8BBC2vZdNEM4h4DcskHnGh2WJgCpViU37HiqWp2LQg5q,1064
2pHqn6Jipvqkf1YWDS5pKLDJ2sqKq3kRArBE85Wa83LC,1116
FYXhWJY4sd863QN1wqUApdVMKMEMatriS1vafr1XeXZx,1117
DRo52PNFTPcpFztFboKUkWUGWMD52BY3YNNU9dMmh3xg,1123
CQwsQSRPyRVyqbJ6AqGrTBmY6EmqwPpPLHfVkCDQYD4k,1068
J75o5t7VMDXpB7a2RvagdoDriswMBCjCn9agoHMohNnj,1126
Fn5GUwuswJdoFvr8cjmuRxSVHyE6ipbVaPrJ5kuiL4gs,1126
7CYQTyTfMUbVFxRzmmu859S2WXu1TCSDw2vsEdpwUeRG,1124
FWJjwkPQm2BJNhKcU9CWpJXZZGLQRdPzktp1KVYpiLrE,1071
GpdLZWJsCzmZ4XRRA4RyRq3Qt8qmZJZibWThWpZRZmNf,1127
Ee1NcZSFQGqxNfTXYWFh9DWu2ZaGMnR4wFu3rVmv4dmw,1127
HuA1exQk76S79sNTvco2yUUfHNetNSmh4a6ow8ahSEe8,1128
aud25HrBtnzTZK2T7u2mci6v7ShhiQG5PRuVMipg8fE,1072
FZmLVYzASYbjp78d81wGu18bQ8D7GvGKb8J5diwG5AAG,1051
BbpMrvr4gSPyKRk8sQBoHAfZ4bdAShDfD4FjkQznaver,1075
GZYDoefiTvEqRTA2vn9i2GKzk4YjBh6LkDxZuNgWKzNk,1128
GXfQgthJo8vqTRrZrakLbTfJLt1QjLT2k5TJPZHKbc81,1133
3DSWBc4W48ndm49dyrqLkg9hbETCVbV9tdPteQhU6ZxN,1132
Ckax7DzQDH1sYXg4kaq7G8zzt6JsAUSdVKZQRVGVGvKn,1076
HBr3LV8oMzEewFE2D83jwmvSqVYCY5HCWJFSn6nWrDP3,1133
48EKE3tdiLgfanKHpFFVbT6EvKBauvG7hVEaZtdEz8Bc,1076
7QP3Vvub6q5rRXYS47rBKWoyczTThS3wCvARfKPJQwbx,1133
22kgkC4zadoisQhXtqrxRGUm853LckpFmhjTTXa5CoFP,1132
9Ykcw8pMvxtrB39Z7bt5hZ5vBkhoSUZvorfZZHBPQh22,1141
8i1A9irtA5bUctNuKzjep1Dzxr3ViSgScRUEfaY1vR3d,1139
DFjuEhgCecYnTLzQQp8uJtxX4CEKWX5g1jKKSZZFmCty,1083
5ALmbdSS9EVv3P2ZFWJeLAS8BvhJYk7ypLN5RV84YZZa,1145
4GyZ3rXsxKRxc7PAGK8X5nc5W4ZLGxopWTUwfFdTG7NE,1070
F25UnAjVNqZa1mcFHQ4zVbqJpmJjamFnqz2PE9upg2V4,1145
2PQfXySjZxYuHYqtE9suiCPQAf2KzfDauCHKyNCDUkWn,1069
FJdsVgMJUY5FquTc6hQMdmnn6sRRVNeXY47d4v73atGA,1071
HipQ8A8XtBzTBXGAxqprnW48XWjZcwNdJzpdgPrhn45,1094
4Pb87KJHT1w5zPkMEaRy59dnRGhDjbBLX891zrXfUc4A,1075
CWCywkSgdbNbe3bPPVvMMM6wqLM6vgVt52WUsejxTTNP,1151
CZ9U2RGxHTzTEAaVdWEexHettA3ft8qxJEfy7ayrCLM6,1150
JCvYZ3dsb7gsVyTKzztUneSsPqxp2M7GgiqK84Ef75GS,1149
6vGgjgoNBxsSRmSpLa1K9XbvM6D7yfD8arrN49eCx7UM,1096
X9gmF5oyVVQsgdk4KdE2VePD8wnMVAjyGu3yR9aC3gV,1093
F7xcdbaCHbvuDxXJ5NDFk3WG5kjuDhdbjQ3gNNTYQQ4G,1153
7hcyWXj6r6mFf8euNWgkRed8yd8tmER85eN9HuUh8ZPd,1153
3gYfWSC4nEGCdiuEEgEkNSN7srmLnPDocU3UCHvFL9RS,1148
CgCu2gHpdh8RkFcGZH1PmBmiijw1aJsF5N1YJyAcX95S,1097
1gY6JDvEtHMcKvpPYdefLz6orkS8bHvVXnnbScwPziU,1155
BkTz6GBoKeJyNfHEVhLp4Rs43UUiGui2VJ9rSkW1FxJi,1104
GZsjXKV6ptvdoyC7PLgUad6NmLwgrqwfwTyKywrc4KS2,1099
9c3CKPg1iHmQePxizkdwPY4Fs7fdxujpBY53d8HE7xRF,1176
CcuBmXqCD9wJ48hCxDsPftvHkS2KV2FbebcrsX8tUEXG,1099
3w4MCs7MvivejGh3KfXkLCHWghqEa1X7CxgAiFHLGogq,1174
B329nQBxXZK8dpxLDYHdSzUnqeABGY9dUM2h1GnxHk26,1172
98ABTxr9ioWom8rCHmapCHQU6c42jQ5PmMpXmniVn4xH,1177
Bqa74KgLq52zBN6YKt8xJVtfeisBD6pG2Yn8p2rpisrp,1174
73MBVaAdVTKe1Pq2BRzkhsJdXhrfWUDGd7DmR7yJuN5Z,1177
5GLCZnBpNV41nNjARE2LZfxj8ANmFV64Z6yuBrWGBhG5,1177
DaLBvMYZJRY1Dt7ortsYVEag29C13k5K6JLXyzixufGH,1175
VTj94FrYHQrR2Wf3CA2TJQokRc5qT8nrqqVEJfjE7qe,1173
7KLVy8bfJ2c5dUFrCpZ374LWJ2Qx3HfahCj4emy9XoxS,1182
2uK3Z2nynZQ9aV8Mo1QkjHGN94Z3taHRFkiqj9pPywcm,1183
B6QLcLSbzAnGZKfqkftPHGtcQU54UJMdduF4XYTEZdAp,1110
GGEZvPK9suHQAbzneGAG15pMqQwsHd3ZYzG6CKNBLaVN,1188
2UmV9QESpzZrG85vt7iEe6UnLYvG8vcsfwdAPfpWhSUu,1237
5FZ3NtrRQenbnYB3c71i1xaTQFrc4TJxaQCjYyRjAg9g,1233
GPZTBVmpKdzH5LmesebHJqo68tULEox6ghCD2S2QBFJu,1198
mdgY94VEK8RzYMBdU96QB4z2wjfVjzuHM27wcw47wc2,1199
Eb8UqtdnVMgRNtHM8nE3epMiYhnpBU3PwXkguLgX5L1Y,1215
6wv55Se1TvemTZ52kKQxEgUQLYuvQ42MjmojvaDpbU4c,1218
GbTM9CvM3KRxrb3YMBTdv2MsHVHE2HgQuJVdVWGEZBNi,1270
6q3c7akCSU4fRLPZ73o4Pj89q3fZJzLH8L7ouAnoAt1L,1201
9jvmBn65LfmUYf3Et23BA1H2mPM3Luic6f148WyDaLc,1200
GAGQTE8MUDgoUqmh4yzjyiBsZDvdiKaxPwxhHJR8MNyK,1202
HzC944GXaeCKZdUz6cPz1CMT3KLtEUGCBp4YKtc8gduf,1277
6X1ofDoWcwZ13J5T6GhRr2XoZDmtGdv6MnqmRNf6JUwe,1274
J5M4B33NGLc3a8Mi8X6GMaGf5exfUAX68vQMrfDcuUwE,1277
Fw7PLnXnXEn752zTtPNJ2vi8gGrTPFzwhRVFioFMxE9u,1289
HMqKRsycJu2ZHzJuCAZStZFTvGdrt4H8478rRgjzhTuv,1287
EUDaoQ8xdG9eRxaSA8SHgBhvnPqdxUCkA61wd1vbQFgw,1288
7aygpLKP7mpbLFx7ynFgvFp739UdSRt1FSM2kkSUxB9R,1288
FovW7TSWvJyc3DqkA9pBB38NvLkEa4HhzYbNpT8E7DL8,1288
3qjeoPPcPVHeGYecGzesrv4NDE9SezTQA6sW6Fg3z7rq,1292
7LWB3bM12HxFjM1BQuu9nTmxiPy33tyqKGBxcGY1GqgC,1235
3kAs5GTCdKamWHDcLbKEaS5hjfzR2cRLAfdiuqpV9p3Y,1289
DprP14sTENeoMCAkmxft6Esz3ee96J1pA3RWbyAq5iNW,1290
G3aM4hLCoWiWDGFPWGH7cuVBixoLnamMBHPXcgLpb31p,1214
DSZeFgPSBtGgUGWxkLrETtaMzfw6LHWxTcCMRWHnMUob,1216
3iebh3Rwt8bq8CMFDabw4DYCDT5Fjg6vmyQvmvi8Axjz,1229
oE1EJwyfXna4yQQSLzFhy5TdZSQ4faJbaJ9vkc3zyFs,1289
4WrWTZrQQ9BxCCAkmj9Btun8jqV2WEwBM8CaXtr3gHqv,1221
Hd8edUwnhCE7p3EsqVzUK1pHEc91S2GYWnzH8EYQeNcY,1291
7BQiL6J9MVNPnnf76FpVY7TQJXwmK5pDjj4omzCpBCki,1221
8HZJZ5RD79vs3vZpuTdB1varq2EAL7PFQ7e33e5CmFRp,1222
3fAvtt47Du23dz6biYFLRBsTpzBeHmWgSwZq5ghj7aPg,1294
DhTtquwcrEza4pWMYgNtGgd6tzqE5978Kmqutb2mVDnL,1241
8nXCeVuvmZfxXoDcew7Hs2vhjG5S72wvMqAuGFYPRWTk,1293
GTX4skjgq7qjYpJES1o8gCvY4xbuKHeuSBUEajWa2Jo6,1221
67AzKQD7WTSiqaFF4UzeW2zhgW7wNC9aGHPatxTfDEWd,1239
DJBUtUfsX6KXqFPtCXeqRNcVY6avLpUwSSmdXPXjrp3i,1239
YiQ4gpX1x1kWP8x8nteo3jjZ3kNPLH4RLNGBRDSP38N,1241
AKuRpFVpWKAbkuaMZfCaRp1ouF1qwR2uxcdB3dn2XFXR,1293
EvuFhXPDqgGhQUd4To5CqYkUGPhVt4caomHkR78XcFPG,1294
CvoZayFUeFjJtzpNLLtiKWA6fcKxv6UJGjcU7DteUWsj,1296
tJXzg1pqxTH8QSDRp4vbn9nvcwZTdadNhhtc5QxwPHN,1224
6nMkrUWmoK9KJ74hDYXVA3aiKKX6rWv3P4y7tq8faaaJ,1297
CcVKSGufCbXePhhE2EmVz5tpEMqfmrbr6Jjt7dF8z47D,1223
o9RQtrvkwbGsegjGLJaQ2vmt8pKV4dPcEqWfkKXKnss,1245
3ZeqjGD3taZ2D6hCK9p71u6EaMGKoH3BAu9Dm8RV3sXB,1245
8WbMfWzsmrthoNCw173vExUkm6PSCUfo3TtpRnCNMnFF,1301
7azARbqE82jwTDDq3VdcBtfs52kqPbdK4eazN5ZtZRsz,1244
BK8Q8iNWtRzWKNrLwTM7nv3qJPxJXV3P3Xu3TbVcVae,1242
5jsudFRJCqtLHpY36TmcaqjeLUM26S5fwU1uMvdkopbk,1298
31vEZSCPYaASZ5PnPA234gh5SFhgbxYTQkrxcQRJpuXo,1298
3MSKVW7kKy6yF2B67wwEavyuJ271PSCYQD7tYXn855bp,1227
EQ8pTz8KVYYNSga6NJcNoJK3PUqUJNSGUhvGxrC7R1EN,1225
Haof8eEpwG6edBG3NrsTjUfQsVqpepb7VQyuawyeJkkq,1302
Ho6wUUHgSPf7gzTDm3yeeFjamovNQUhULurCjMmQXaSL,1266
AL9qRHj1FMCSxSyAVJNcm1K1x6si6cfZCea4VoDd2Xj6,1259
G2jNcr73hqs2hasvK7xq97qFZwwgLekjK4E4pVNWJNXB,1329
B6QD17oPu4frKJyKNXmNHX9R6tkwnCceGb8EM5a8k82t,1256
CBknh5dX3D5btV9ZWKhvQJcWnZnUq5fzzHac1cyAEYBc,1274
BoP5cTQAZyUnbHEbnu626UTrHieFwtD2nH9thA3LqSEk,1330
Fmwz7L8sfxfwyMBN9nKbQvZVLt15T41us7NiarqSmPqw,1274
44nkWL5gSuXVcmUUyDVHWmn8Sps7VkKp43HmFedB7Fjk,1334
GXCvcESt5NGRK3Ga61G1nSFsVcy4A3JJRgjxFbjSSwws,1331
5dHSNQ4xpcJsetZ4BNLPk3epPkBNcgfwYPvxhdnKQdUN,1274
6mb3hTgXHgM9AN5E8mUmEkc1V89ovwCjj1DEjGrLE6Pj,1335
63EPFeSgKcBwABEGcwEw5EKzjx1wugfZYcEb62mMP1wq,1336
8a6Kjus4HUMEkN9w84m5MXXNn22P2nVmzGLyp3HDTf5F,1277
6311hXV5zRft5tkM1ZWuCXnvmCGsBJpLffpM3UaAhBh6,1278
6uGWayGCtb6gXZ2iRxrYnKzNz8FkuvyBCoxxnhcQGE9M,1282
F6BvSPXdoVmxUQDRKYjuFgMNjtXMTNZtDRWy4fH4MQJx,1334
6s9fLrUC1U7tbecYypf97irsYGPkXBQE8j2oUJYKg5zh,1335
CTpEXRg8hbgHTE6PE7NH9XL3oQFAHcGZu56MauGAZcqc,1280
FDfHEBCQoPyBvmtjPYGHCCMFKk8WbwdND81RDCQRpyMe,1341
8rcxVMYSnVdkY2AxBYJB38MGq4F2X2LFefXS5MK1nBYD,1286
QJUeab25wtH6bjRa6wnG91hRGKcQ8DuNcp8QtRBBwWh,1294
AYYuXBDCcoUiRLey6vWydarNqZadVTEghiCrvG3JxquU,1290
eJwVatSajfXCoK9486cEUX5k6JsYW33ChmgwFFdUXPC,1350
G2zCy8ZFjBWwYwvgMG9TUr5ggHDvYJ5sd4sy85NsLg14,1348
DCDg73PXK6T6mP2D6zapL2gPKEJ3WbgxYGFMbaAw6Jjh,1351
4sZKrF7qQ4n1ZdgFmKJc4eAE9Q8rPBvWGXkaYLDuVhnT,1352
5K6zKMH3manDRt2Hek8as7ExCF772eXpGHvboXDV3qx7,1292
BpoWmXZ7k88nrUrwUuHZaD937tR7mMi7g8idTmSvh65r,1352
AEvxVx1fNmahFabkUFry75Tt42EKN6vbPJAPhKayJASz,1351
HQTMR5WuMVZSmMWgAtSFNg8oGkykkheez4qW9bQ5eUkA,1299
7Um7cbY5bFmBEaGpeKt9qtJ6ySEByqHsZhftD6iWHXtH,1280
GbnjZ2in5imttDJKMH2spD5S1MveHUfzFqyfyrRBciUg,1353
5KHcYG9wHm6Ugz9kx21xhjTLcnKRNP1GZL1VXb8Fbnis,1353
G66Y6ZBrDuQg3RAfBaMcZHQfWyoA4p57mwF7fYppGP9a,1351
4d7o3yhqZ5j3A255UsptWUhiDy1r19jCXNPsMCJEtz2L,1281
8usLo3PYDvUuVbVjb28Hmow78gDLS14uSDorRosiAZaH,1354
HEU5U6V59KndPbom2NChN45Q2eLsV99VBRaQvEKTbNeM,1354
GSiqmD3vXrMdYZ4w9zj69t27FeMR3Ac4M4PdDeMcYS9c,1358
9rKrQyM5tNxyQV8k4QqAw219CqaCBnUejQh514hXe3AT,1358
HBY8x9NwWoNBESo3PbssrPgvfTWkTkbZngdHtZYM7jVM,1353
GudMPYyLaNSEZB6X7U9dVXgxwsT2ksp6NrB7zei3xFoR,1283
CejcxiBnBQr3LAH5AbLxMFcv7sSQGGk51kPQRcnge6dg,1353
CPACndbAWetXQBSA3pttEHnbwUFoPdYp8ptAL7CgNDwW,1356
FxgaXEJHZmpVM77Lfw87862EX1mdHy6gaq1SUdTXiHcB,1285
8V7CLjt19ttXSyNCpKSnd9hJ5Dod8acwvkRvnHe8T2AU,1359
HLrky7PZVBqHKJCWowV8v7TgHzkP7Gfso76yQdW2GAmG,1358
G9Xx13f9WS5qX4oFozXCe55FJGnjmvhNdQuNdXMc3Ya2,1325
7h6ugwAUGE6jaaeiz8X2ac7QV82Ro4Na1LcSn8dcNUo5,1434
FqmG6JegLwzFN4MwWovQGQsuJxHV8445bgpXQJfPYUK,1438
DJ2KUGeiWB8u3QKsDha81hivSQEPAaopYBwWBaE7xY4v,1363
GrF1Zx6rHYWL6T6JAHnL9ggHRwPAE6FaJe7UGNRive58,1438
7kxXzA5rs5oogsM8nLCfShBZg7pJMu8gk6aByTTxNGm9,1382
ha8heyqY6PVndhCktLCvPVh8kryevBBWqeLMEzw3brH,1367
8AEkdHyeBKnLCRDPuNpoc3r3jwqf4BuVU6pi35dPPiwr,1443
36SDfGynazQ7ec7LZ1r7tEjTTBtzYqWgkxCp2wfGNAVm,1445
269L2VheFRzKprTHrn2puP7eGP96GrRMnafKggtjzZ66,1444
9eGy4Bp1bxBuw2uMnH7bf4R5NfZpP9XKSCskfUAY15iG,1448
CMTfb17z7azkFTfYppzdh9ZjkQ8PecpVcu7TeYZNbPnY,1376
33ndFt7GcgneedHYCs9TMjUtSse3Y6c2gkzokdNcXurV,1427
Bf5tuyfjKA2kGwpXngSo6qDsqpxEp9hPxg5j8nWVPPEz,1428
4C6StRarWZFBrBCa5fB4qXJQhV7ksMD6FA1gwVziFDG4,1503
27H23cPLDs93WktpaYefVirtngqRhnbYzf7rrbYj1i5U,1429
2cbDRQ2JwJJaoPrCYjRjK2RYPGFbmjGwXZUCiKQbqAQg,1441
DbxBBaBBv4Ry1YuEoX9vsSkXz2bZSx9fPSvBUjLtdM8B,1502
8ZE956CvAxY9wfDqx1jH5dgcg5z23QF2rfSBVakxSAyp,1449
CbkeqM9ZbCGW3H6QQagnKdMpjYzjfcJa7kwnHFP1mxok,1431
F8Uy41pZWhaXMeMY3LcXpDeerSRLokFErKx2JiVfLTt,1431
7EUyKHRnNN8EJH1tWkuMJVfjo1HaRGaiNLNC1R4VwWLa,1509
ELR5o7GDBUF4sSc8EwQQNVzeqeT9ZParY8UFSf1AfiP1,1509
Ht6rRx8VL9gELDzoTCRVW8F8Kt6HWayXhXuNvtpmoqfi,1505
DbnGvxvByDSz8CScyH4bMkNwCYE16pXXoNn2o7vieuvA,1435
FZY37uuQhq9bhnCH2wY49dqvjAqMRoy4kNZv5TbGfudR,1454
FjU3DWKxYB47QNsU951AxPmvygXhWJK6sFdaaqjquBbD,1506
8Y7BKs2hSq6CeRygYJQgU2EDGazizqTDPbV5LE2mymub,1506
8xY78gyXLKLxaAvr59UguuWzqF9sjkQnsMXZnbk5fv5W,1453
8j1FL6CCJFEEhj7qA4C733HH8mETcP5tVoJAkaM9KAbk,1506
2NttTn3SNoDB7C9kGjkcUSFTmF1dcZZAFRrLiyF1x7YH,1507
BqBgCCxh7kFGTf77kfbnxhW4fTeB1JGNEaHfjhYgcnju,1509
FE4soPX8YnyTVzgKC4hSejNLfJs3YBwSaTJusUYF8cMg,1506
5FvatnDZ68zJmwMvLC5YEchf8suiAwzihnTrq6gLLN2V,1520
BUMUTecxeXjUUi2HRYJxFypxXxYBZ3bYccr3zQrMLrzx,1460
3bhPA8U4AhjQmeYLhf4oeYnXBkPUmDT55baVR87vFyrX,1528
5J6rUd3otLp63SC2NijLs3oeENA8gsxqH45DavZEiWxz,1451
4MhBgXD2n73bDzi4y22FQpLLSoPL9smawf7x7NHjnHM6,1525
wvZtE73abi1vEPoSMG9ehgGpx688vEKjohPLWetCDjP,1472
BgVHraA5NXSKZyRzLPsCKt8fMdrEBdHuEUX4MLxqW87K,1527
BJyRWG2SpkifDd2VCPJf93Tvhc1krtoooGrHQYya5yCA,1454
AFuEw98bv75Pa5CaJdnFGPTrhAcecyD6s5Dgq9UsCDmQ,1525
5KrHgknxWTFPioiqwrsjNE9gfE2TcayVyTRfZiyKaQfu,1525
VHbWYVyoqGgiWWutRudmonGxGnJz7inSwYZjVJmib2H,1454
8kE3gJMS3kJ48QUsoyNMHZPFBr7xRembJhJe8NCvzgcJ,1474
ECVBRn5SX7LB87Q7AomzxmrmtxmDyN9xNCQtxLc2kYMp,1474
FMAgDDHPNNzQuC3NPcuvDKLpgSKaPfKWCQ6sfFHB7iYP,1525
8kyoKqAQFUeSyhMhYg9QxSjpEnosRoBSqybpPtbiewGo,1474
2LAvoumJzEa3FXJms5Dn4hCxEbF1NeHKEjaUujDjgv4W,1475
BtmSoaPu8kKSVj2F78CovWppyonouAsTc4mGrGQCxqds,1527
912uCECUDZ12VLpHJSFBFQnYJXiStC5XyE1YTgGjLJd6,1537
7fefVMqpgMztAGyfSkMLemwnYzN3NS1RGrhqHLpjVQCd,1537
AJVWBa9DR7BMeNbX7PAVm1ZByVpsxvFqCx83k2sYvX8R,1544
BpiEGYiAs6FRgB2bjD8NcLejir62QXxtXwB9tidrGFuq,1544
3k1t6qAcVKzy3s1sm5uNQ3qyNJGtvr39Hxsp7NGg3XF9,1542
3f5k7RPRtPW67eJfGhQQ3TeK12TE3yaF82ZYTuf1dSps,1544
7Qg6S9yhaK1CPXqTxxoRtnYjJEeRHoDAKzZwFa7sR3iR,1484
4ZN9ejtdAZ91ZXFY5evqE43JD5iNmrBgdty6EXSCX5d5,1544
7FrookKq9M8C56R61fgz8ZF8Pk8vrQJRs7xByp9L8ihf,1540
CBQVR29HjLC1Hx9EzpmtanpiLT6TSm9QJkBVBTAxrK1c,1485
9fRZ6zdJfYK86zavPzC7yLLMgdV8zWeD2zZYyQ7RCGcZ,1546
GKG1Q3NemGYW5Ysp2sgwosJS2Atrqvw1EhGAMEp3dr7S,1546
5HoJsiw1p3HfaSkWGof6GEiC8kmwSf9PnWQYvnyevPTj,1477
2PYUqdZhx5qRD3dXorUpp7EN2ArkAKtVtxUEFWfuaMKF,1563
77gi2bowpyLDHae8QDEh5YbQbdp95GW2vVbxoZbyoQAn,1565
3SyxRX6NgiwW1xbybx89PEjD8y1ruChTqhZ7MTbvEnTK,1511
3zz9SLfgMMpSEbKFRmPwSkDxNfbwVqYBfeSTV4ucuYA5,1563
GexPkHstui1qfTHvufRWDEAce3geDsxbLWRXNKcdjUvS,1511
J9ta2DmYKoALugS4d5KeACM6isas6sKWKYPCVnSGAFZc,1564
7qmAWrwJNYPxjNEE6zTSJHVDH9WhY3Cz3KRAyyWrYvHf,1509
2ozVx63PmgD4M5ppnNu5xihUR5uPnMo7is4EmgDWy2kn,1569
AyWgbUK9kLtVuAxjKE9fEbfvkRHVJ11zWRneT3E4bwjM,1569
DvJLamXNYsua1KVwZex753Fgqvkc9z5FVjbFVivECo9K,1584
68gT4qkHgfeV57JXd9Cs7jwNj6RFsqXyV4XTr9JphvgJ,1585
7SxVki2wqDzGrUuQ7Z32HtcA5ckiL6F82tTE2F6krSsy,1531
EdaSjArJnynPHktFf96HYLvufu5vpG954t2cJvBJy83Z,1588
9ar8LSSmVWgai22Abc3LjnoBJeon368fE28BthE9N3Km,1532
ArpzJ9U5HAQxjjM1jwyGjrfxN2M8YeAb8JXKdaMDGe9F,1532
ZmKaJAQ9MYo7s6kpLFH7uKc1sdV8ao7e9vgoUGhbdgM,1585
C9WnQfdQAFZN3j7wZh2GT2g7UVAat4LsNjBzhKfbjgCU,1588
5N94QiWTAiBFTGrY8ZpUp9ghtpeKcJ1cBeFBZ3j7raM5,1590
7698KE61PbLNmdRVwHtUv6PTPT1MNihyTqAtdA7dYsBi,1513
4461eUYz6Ydn6rhKwDae4N8qrAmHHvF2Zy1zTKy4c1L3,1680
CkAJej3zS1p2SLuQDzxdg4sFYR975wUmpDV1rGnFbHPE,1625
FD9gL5cCnmDkBFrsN9FRJquQymjzcz1hpwF96YxoSMvc,1682
QWvfb51q7tKhcqFGHoQzUr4yzsyMaqY4ZkM4DcSGFfx,1644
3DzT1UjdqNWFsv3PkoEnrmHJDjnfGs8dmCLyLui81HVd,1700
86xhGqctH2jszUGCLfVntHYTVZNHtvrDqxxVVutLNi1t,1699
HcEodvjHmYsdWqL8ju8c79R7pSiWjvYGYMQSYHkpCU4U,1700
4bW4C5roM2y3ELRzcRE9t1LBQkHBcGHFd49Z4XdVZkgu,1625
GD11XbQtb1w75mEdDTPoxXimBeZoeBmZvqnPGZ5jq8ah,1697
2CMf9JjuT5bkac8EzuHSbJBjkBur1oHPimWNcfAWxMki,1624
5T4nmRDBruGwKTFCWaGj6RXK35UyTKvqhcqjpFRZERek,1697
6CEkQJrzXQw6omLV1fFihq1WVPNWwZKMKazf3VbP481s,1623
6Qz5HJZsdFjPPhYmQr8rcaTyL4kpfrQir8PX8AzZQnBQ,1702
EN6pmjCS6Gfknufwpu7677Ew1Gz5VCidpAGoThP442EN,1710
8brugcvduRkrjCCrKZLHBSzDyMtZgRb9fdx8hEaRLTFr,1713
89noX5EMjRNK4do14SZLD9VcHNKFAV5aNDCNX75z6P8J,1716
2rpUsBzJ97F1mHmtfWKMoT49XvJMNTe57JqexbjEbq8W,1657
FNTzxkF83UNbADk8DbuNGaMkEQNSGnZwJP2Pgd8HDh8o,1718
A6rXvxBD8dueosJQwpfjBEMFTkxvBFBx7ZvnQbuYon4V,1716
HUVX1r5dLoyWeHMnB6GKrDRbEH4AeDsMx8H25nKEcxiK,1659
DH74wMEca9XUyLkm77uqTmk5johDzwFG8BqijRdykbJG,1644
ABHk6wjvGqeXWAMYtzBva5GKZ3gmunBy4U3n6egnuJw1,1720
8RVU3uyQbXSJWBiqdhBhhhxwUc6WcSEWKRYuApsQDmki,1660
HKF4ehsa1CN6h8KmtDVFJwdvsSSrXPBpgCfRFLt5gXg7,1665
HR1LKHufmXnbxKr3AWe647LWnP6e8zcuX4UWTgAvuGof,1651
7DEsqu8R3yDPKJBkMCFjziqrwUmQDgcnsVKSHcmQHWMj,1727
CthhxLesLYSh19DcZ71hhBtEtVoxWezrUTsq77mH3AZ,1671
9KbhVn9nJbBvzyLPPAhdi1RY2hSaMEaothFa6zMb5jCZ,1670
CCLGaPrNrguyBixxWfiJwH2UkVg1moDf5W1nTLi1KvJ5,1696
BmJxj3eJyzxWDcqWJNFMqhcghATGECKdp4iLAp4gTSmL,1751
7ySx3Ra8TV2tPhQVkHyuHFgAiK5icsZJb3aa1vPyT3Wv,1694
CsJV2Je1b4pmvPQ71QMbtFYTyW2M4FY5yYMW43foL27t,1756
CwvrtxmhbaL1yw66reyFQwynn5FjJBC87iVYmFHKoC1h,1699
3BF7CNgQa6JE9JLKrBkvQJ1Hm4Brj2SqYxaNEwgSNETR,1756
ATt8HQUrk71HGZXDiTWCivf5y24Jsd3h9iZ8dxY5XL9q,1705
4CCztzM6yDcdTtd8kuwE9B8RnEaenDd8n91GqswD8DYu,1704
4eLTsPfUzguwKtK76DBsSNoGzXMwLRxy67y8rnxk4bCX,1704
DNv26aUMPkHioUdGxDWDVwBVGq1MZtuGBMu7Rgxt7yYp,1688
AdbMdfPHDzwKvqBD26WMW3m54h2AigK1fTf7Cf8GxVsC,1695
EeDEPEYBZZ9Kj1zNdiJ88NBeW1ZSSBU86UvmnZtv9XzP,1762
8Z2nmzXdsL7XgAzWgA7r1jMsqMmdWn6f7Z6r4JKUUsgU,1763
7w3iSZscmacsgnGSezW3BfkLdMytD2sCtHu97Zd9yEj1,1707
AgmJjc221oLxFKuLEsg9uS6T81G7GASwVQZpTdLu7rJH,1766
uqAAVdTQoU7Rs1rP4qP1oUheiCEMqFeHwvKJmsmPzP8,1764
Gzjayzf8KtFzcZVTJHan87feA6Z1MQ4kMm9DBoA4JF6Y,1764
6ySXNSuPVW63AhpK7BUbFuwzyMSRgXhqX1zPdapv7gE1,1711
3yCpHZAqDhUbL6qnxY36Q8EeePnoEgVz5boyryfG4PLv,1769
58Drc5X48Scxn2oz3Ssg9dyPXcWwLPP4qqW2ZsnbTyCF,1765
87NtQ5vmVV6f4K7ZuHNj1jVH83kgCwMf7LpW4qk7t9ut,1709
7KZhEEEy5hnLhbwYGJeVY9MW7fd6cmdAtDjiWV2YQSoX,1769
J1ngb1PxRieFnFcoAK14ZaEnAUghK5TWWYpHU35CJdwd,1712
C2wz2UCi6bfDYWsxzejepQoFJHAoXnakNUAHsAtzpjw3,1702
5GDZGEqxsB3SUxLNiquco3aPuun2YSDrMA9zL8XMQKh8,1709
BiD2GR1phWVJ2n8yDChbFsjuMzRoFz6o1rsAFGPjKCqV,1714
7zyBvVcRkRWyD9ouZFMprF3EWwe8vfWP54J7VWLjko7H,1701
FGuRp9nBWbMzVzjECEenQeHbDkFQ7ErKBictAvx7natp,1777
ESiXEPfhxPXbWh9NxzZ5Yr8YU64yPSfz9rJa6R1VVq2B,1777
MtraqsPjtEv8a4gUZYQ3tw9ZVFVhrawaGqRUrdva4o1,1715
9cGgKhu3yMvP7cxoWNdw5hT4BktsX3PotweQFwsik9FD,1729
4831FyjU3ZQmLirM3D6K6Aigu5GrBFQTqbyu7MASb8Df,1730
FJk7AmvrMSsxCZC33vED6izZj6cL99B1tcoMRdARvrkz,1733
FYfmJ56c6FSVcQUojBYTUNw9L4GSXZbGGneJHhtvHsXX,1788
8pk198mVg6w5yaPE6D5iHpgRUJ1M9pHcs99JhoD2UnGE,1721
85GvAxUFH6wi5et4UXfAU3brjcFhCFpTxGwyFAbokrLJ,1730
Frk9wcEp5g2qs4AXEvknPFqNSXaDY7PJjyGw9JRkVZyu,1732
GDxXr4ikAyShfEAD9RNzWp3kcqbi41tdL4daZDvboF1o,1730
EZ8C6mRJ9H8cFsqnRiBtGeMstMvwkCPp2Wjp7juCQsyq,1730
GHieFQ6N3AUyi4ovW5gYzm1NVQEZZNx61yFGnMy7Ez3n,1721
4114NZRWq4W76YFe6W5AFWJQcrSwcHxq7dpsgcguFjZe,1730
EtpM1gTkzL4vSphTakiMVVDUvz6xdrtMZk9XMiecEMJx,1730
CzQJcAm5enTaFQC6LTkBPsMcEtKtyDyUPh4Yu8daUVxV,1732
P8rus2i1dmqBTuznmLYCYg87d8hkDPXvJufSUyZjbmz,1735
8s71BHrEBk9pPAqMm7sb1xqtPPxMytFLny7fTAWx297D,1728
C3GVjY7iUJoZhg65k945kb8HePH3Kmdqbpig7n57Pn9f,1731
BMUbRzRFWHF6qox1fs7NgckEQ5fXSgEQ3CUVKkVJyHCh,1791
gaSzLBnUc3z9tUMpcxWZ2DcDRDLukJebtirEtHHNMFG,1729
BiHsA8VGXS6WPUBFGdLQj4NujmGEzCu5rBjp8VkKYqgn,1717
Ekdea3t4s8CTDqtTj7f4uD5bM2W9cwpcL4FWnEZ9nHh3,1734
9GmPkZ3fstcuaNUMgmuRRuABxnz17EdiZDCymJ4faELj,1736
J4bNXQxgwhTDKkxyYkPNbxiJ6PkxFaHizXczycxNeaoo,1741
GK8kHqvkbtGREmjuroP6P3m6zJKbDrGq8SqgdtzEXfXw,1764
3FrZP9xF1tg8drooaVU6o4qwLe9Hc1yVoSQxXpeFqEBo,1765
7GBDSMWJjuN95arirp6jNitJmxhsntWX9RkHAYWKUuQs,1764
4brxUst1EYwij5C4RX3G2Nqce9PUiv38Q4ne5xjuy3TW,1749
5tfB62U6CFkSzhdGDKygPrAY8Tc8mwg2kiCRPd7sDTrZ,1768
FxAmvnLJGngVs8gzt9haynKutnGgbxWNvYNn9j7P6tkG,1984
BR8ZLVP8FLDxegpXQw6EuSaGi4KNaSutuacN2gXnwEAi,1989
JCwezP8jSDJoero6DVvsJxLh6NehJUAGMK2NyA3cccMh,1984
8nLauUhoRPuatT6DBNuHuvqcWMA8HY3EVFXKXfd829A1,1983
HoAvveBUqhA7QgoPUwaQkez9ktF5Pz6iYVPaP6WvfaZ7,1984
J2Lw2uV92vLECpSSJAUDosoqGkhSyMGsqTkFKGEjC5R2,1985
JA42frhv7eUU27qN7KY7aRot6k4FRJzyrSqt8xNhk2qb,1978
FU173mdJjAUtavuk5Crm3T9u5ByVtWeW8JnnCWqXdkQ6,1973
Bz432SFL7xuQPWXC8T63VecaCALmrZpZBZq98u3wNutk,1987
4Ebq6eAg3PB6vDxGFWt8HLP4UuDaSdXDRqxLMckQvd7F,1992
2yWaBx2d4quZ4TqSJuq3hhhAE3sLzojvA3KLFBmyV4yx,1987
62SEZMeSVke559q8LMYdKGZmxrjus4hui5F25CA826NE,2223
7gNXnXVhbyg4JyRtDikxokAmbXbs1ytYLW9aaPtSFVH4,2167
G1vjcrBG4LaCpSj6SxcgJvPDWX7FecgM9ZXaRDU9ufjm,2228
9NgC6UqJjf3jCvj8ETa3uJ2nzHPnqUMmeTBP5VxgfHzH,2228
6V1iepRhMtz2gkQQEdbK9V59Sq4nEG9h4nPhQRh5Pb4g,2173
HXVCKRYejEzW9gkJPgR8i6f8Z91WamXshx5Q4DsWoG7H,2228
HesiLujKb7zSYoScGU45ZvrN3zJW296pj6Rr2rpFuKtv,2173
DNTpjAAhkaVUJitbBoxD1ctY5EpSgXR6xNU65fcMevcT,2235
A89GrFPTZYE9mUsPtvzE4kBiZAbz9cQzH2yaRH4Cv2e6,2176
GTmKcgcts4Mt2Dt1B3AAronUHqfsfcZQvJDPjo1z2XW8,2169
eS6sAqCr46Kst2qpY3LHjn2WWJCcp45RbejYei4xF18,2178
47vayyhENrwmpfdvP3it9Z4Rw5bsnDUmxkBBYm9TnGTr,2185
6BFMJuWD3UBH16Q5YL1371BmnYUzSAWCzDL3PNzRfXXQ,2186
D11Bm8h5yw5b54PXyxKXQxMBaTXLqvp8ewD4TE2ayakj,2244
ANRLNoXbbiTzrhw1vvFCLBLemkVK3PQSeWRcaVNsBnKe,2192
2pivXnrPU4kcsNEsDnU4VAbeBJrXkL7o5umus7oDLYyz,2187
Go8dbjMLTZNeF1yrK8Cu9FKVraCumJ4Kp8MhUB3KnH5G,2374
62k2iPTskLiqnSMCvj23yW3BXNZieKGVirfijiBZGBdv,2735
9EzbWhKhLruV3L2xh3W5LHHHxHGtgRE5g4KiSNy9YU1P,2733
D82GwMUhpjPRJb2xf4iRjh2CkShw7K66hTsh66u8md4w,2740
6U1XSorYbV4SYmqwH1QHfDZorqNFzJgFUAHXNPcgr4DD,2748
4H4zNbcBarvzcf7n2Nqd7xF5beh9TMHUyDCydhUddwTK,2751
9XRcbdoMvpGt6xYmcUzJUHxYFGc9tpFCkd8R9T9Lt63T,2749
BtpXWAnnGGVB9YBWsc3AQbYHQwZtsbTX6c9u7hTtX6hV,2749
3oAT79WxptRuj8hY8NH7p95wc1ZrHhSYQNC8SYjVkYP2,2757
DxWA3kmMb8PFNFHk9P2PDfLakX1qj9Z1YWbQPj6G56Ry,2758
EAnqGGH4Njf81aHPWQxf1fQnVmGbRWgrxxYe1EawWU1s,2764
HPnALrYLe3YFF2MqpbXshs29VCQWKnoyodrxEY3SXcUu,2767
GKy3NX563GCWchSVgVF2Kb32rBRF8UPxwu2Nb74nsYgJ,2780
CEQ4vbFvRCwoPA9w56qxBfxR8PF6TKNLti9NCQLB6rUb,2780
GHDWo4tsVdYMsEdWuQb1cReGW7yYpsnHtV9z2BSSyLeG,2788
CevWF7ShzBLEM42TFVcBoy6EmAt4qouVzBoQGnvgRhhK,2783
9maq1rDjCbmxdKtRhXTErbGqGFC9KLwni3gADq1DVcf8,2783
4pUQmJNJfbR3LDwtPoGsoownBj7CLSY78iViCPXr2m1K,2783
5FFZd6BbSiZBmdtitUAuUukyB4qX6mgW8YRxQTWvpq9R,2786
2ddvhnbee5gck8tZVd4gX49v6Dw4zvY2qXuxpoJYpNKS,2799
7ZMb5gLcve8xwoTqUqSSGaJhsiyZGkqESnk1AcZEfNRD,2802
44V1SPEa1ndQ2pcehK98YpESB9e7Pav7hthYMYQR7hiT,2802
HJ8L8oa5RGuQx5wTqYg1Ry89GzBgFmKMsFxAqd6W7BGK,2866
8Az1MANVEkcBD9NzGp29ftTFx5HWkx9NvBrCBGwNvfsY,2861
7A4QAj7oefrVM5wPGFdaNMN3HyfnnunAAaH9H336Tuoq,2869
DzKNfSEjWrWnGjJkNzM35NcEbFTQ3aACAjVxDbWKEt5b,2828
8ifKM7Ep7yb5j4e5zQoj1zCL9XiStkQTwi5qnDbY8YjV,3178
9xXJwzbTJmBpzkRTaez2vPBUePL1cH9oeBF6QH7Hty2H,3179
FgwJPAhQGVkgtP9QhG1GZajEYvvezb4mZebShdG6GTeF,3175
FhLrKaVgTinPjivDumFDm64tSFwSSfX4dBP4wcxfrWkg,3181
BQjksgjum96xLKaCPMm9kWC6d41aTRZqz7uGKrrZC6ew,3176
F6nzkw8TimG8vksBJFLEU2KLjDAanvCmhDuKQRgwjZMr,3105
BX5XDEeXWg92qGXGMExTM1Yc4XKLVcdwvGJz5WQqWnmX,3178
3jeZ6gHRViPYzdWo4dsgQKsV5tooaKep89w2d7mYjqrd,3107
HX4DyFmtk7QwtaQrnXMLWLw3Jr2V4Q4NSacBsBE3bRyH,3107
FmKRMPNupibPqnPy8B9sMoV3eqpD8rkdgKS8qRPJZox7,3127
CmwjhenNV6cmzpxCcGyppFN1DLHk2fVB2JSqpeDLxxrf,3115
EQNgWPA6pfTkV1FdnjkyCNDnUuoh8RfUu3kXU1jffz5f,3193
7rAjhgbaLUZyQBe4FPfeRiHjyB8tWjsPaRGcaSooR5uq,3189
A7duiYEaZk6PsRroHzSwRWBwREXTVMDyGpiSWBu49uMo,3138
FCGMf9c8Kdyx64M1KjBCVsqVrGzBjkp54f7nKbf7pzM9,3194
AKEtPZWGjCDgKJDcfn6cCZYGzTNoEKDsDsEk5d4QzZc3,3194
Dho4mRe7YF9gBd6h2SiN4A9TZW69jDEdSedFnGtjdfRH,3191
87cfj6iTPDcaQv4fbRWdKdtiLTCVU4KTLJR7f51xa4eo,3118
C7HGgec7Gef2oUHoqYecRzQmhntL6bwdEuH4J3onapxY,3190
EL4G36DFK9GRZGF8k6HUKQUibQkfVCUs3DxYpaEx2zsj,3194
D6S6a4AyQ4HvLRssq7KtaiQYvKK63PQTCA8o1FWBGan2,3195
DuDNiEbjkFMProVPULqDzSZCb5vF3yWj7ymRCTKaamNW,3121
EfEH8NmEE8pJ2kPmSG9jbi67pYMFmf3QGUskYJoViMtE,3137
5w1XS7pNu8jnB5y8b8re22h8wTywpKe4W87ijdkfEtAT,3195
Hyzqh9myNsyAP11nV5B8p6xjueTUzwET4Fetpk4fx1uY,3200
G3txLtbp4PsvEJx5tCXNtGaxSLdg1nm3xAURgc4948WT,3143
88dFarAUoEEko9MRuiBXx3w18tiHNaSAQ5YZqTiXmgdf,3144
7SXcPTxFGXwxsfRHMfmea4rQ2fNJ78TpBS2PY9C5VgFT,3126
38xmhxYjFsqApGRDbUZMspa8X1Ba24tsejWCcNrMvmaq,3198
Mu6nVe6BGQzJkg69sBb65efh6yT69a2mZXDPYjKivhg,3145
ATf5F7KXp9cbu6xCBq3UXzRTCfR8stqoMCfdXKdHhGcX,3199
G9RhgLoicZHijxJyqa11eMpfndVgtdncGarfZjo7G3HF,3199
wgDAgo7z499xhK6LbtgW3swKLPVF2oTKVnEq8b53KVx,3148
85C1wStiKuq4MpBCfiLxiuc9t9ZNTu2sC5hTiMP1qmkL,3128
6xQ99rsH7TiPE2J7DWfcsU5PfQf2hoNqLVsNWy5bk2c1,3199
dfYzZxQMWvYppQYQT4mtA6PJ5nixBvkWsVq9Aoy35Ay,3148
HSZEYLJeEnzy3j5pfCerjbkjTzP58waSiuSiU6fvvjvs,3202
HErgLWnDrirsjejvri7DUAXFh9fMuRY6dCcQPUgtX9ic,3202
3DjiTyFZwEmQMau55VkLpu8gmMZVhHgHsbwHVgVT3ckL,3200
CP69h3cD1q6TKAdtq5XJf6wzFMrwM2HMZNGm8ojsRKty,3202
4zMSGNULzLcL56hq1gvdYnrTzvyn593e38ho8uHu8m3x,3203
6wDKraUaUwoxq5FWBzNAbvr9kMvemvFsqrZZqnCEtsiu,3203
CrfWvqaiTK1PqbmdQKP4nFZ9Nt7icv9odJxExqrZZ9Q9,3131
Bv3x4DHLfshv8mGQozqqz6ncbWjTuUAx7JgbJ6xoYsJc,3203
EwErL5Zjf41MxxuEXE1ETQDUGRVxdmnVfPcN88WoLDnq,3229
GzLXhJFB5NLVnaJBv3UUK6XjMiPZM7gF8Ctzi8SyTvSE,3175
GRsoomMBA9cFvHcCCYHWNupqtyUFaUghNBPQV9F66Cuo,3176
HmveXQTYifwUsuFWuKyK9U1ui9wPdHmb5ZsyKRbCqh1Y,3155
H7A9PaBFMCo1Jmz9bsaFfEw9yBPEZiLYD5BzSj8J6bu9,3167
ANtoxKs6McJaUYykPFk1kZo3yvZ7VJHd4R5kirseXoTx,3227
E2JM8uLBdgTJFWGTgoshCT5LHsgcj5qf9caZzWTVrWUT,3235
H4j6y6t1MgTrGaDeRYFRmyeRF7WKT29j5c6D2DuYdjR7,3179
9hju4SDfcQ8AP9PxPCtvVs13TLBzM7ehf7wJvR3LcEvE,3232
8ou8N5Xq7UDoycdzuUKU9mFTWVD2Fa8mrfshC8j7C2V4,3159
8NdGnggv7PFvuT4v1Q7cACwdjwERQauPq1WTjKYzRzf8,3231
4R7pqrVXGvpTqJ7AexZWP9StAt1rDpS2pkq1AcqQMMUf,3179
4Po35qSst8haKcz9SijPP7xGx8oBsdd27yeczsG3eqYu,3236
D7FGuguwHFnnbU4EohBXQcyzxLaqry5ezqnnX4EQWFQ2,3163
4rB3VzfaDCRAa39iCYHMtvZeB9YHq9N6Xtp4weDYNnYa,3239
9gC7hSZMbjJkEKs9e8sfB929Nk1D2sWv6M3vx7Ud7Tuy,3239
5r6n1j8u6PEgFDie4fKi8c6JNJrAtBSkNXnEY1KKCuDu,3166
4rtd6kzBfdWA8eMBqpfnzGUjGm42gd8zUR74GSRAcgvZ,3237
3Vx9DfKwYT8YvRb41bxDsZdBHD5avAJoPoeRXosDokuP,3236
Cgf9tmYAA5NJx4Sgo33pV9BhffWoTmrWx2JcLTRjtyQ7,3184
JCPC8GXrL9GqcwQUAs8FS31KHWzP59rWPjov76jux4tm,3179
Cu6cw25QesJXjuu9F9ZVMYbBCXghnKt2uwazFQMAokWC,3168
AzQJZk1cmZei8EWtrsx3Vcv7LSNuS62zi8iECy3R7Dh6,3240
GjRzQc3vyFxqTuS3xLU5wEWpzBc8U3RNhxLSyqfCaRpi,3242
6tLJLMLXtqUeyqb92Em3xU1rnrS2wfkCg4E692F1wTtu,3240
Bqr9kLQuj3M893RtNYZ1BJin1SDg6jqcas1jbzCrFE7m,3185
AuFTYA7C8rGS46SGmwVS9pL1N8Q9Q93eLfPyPxYeNxJj,3242
8j7EQcqUT3BpUyMiv3LMo5hcWbpXeJuhdNzu4x527PRP,3311
HWiKWbridJwtphCeTtjWyx38rpiLYDhduQtuY5JCBgu,3324
6pc8kjDhE5bJkKrqmHR5XwvYVT2Ai69rtZ6q7wqMKhcL,3381
BE9zxFSKS4YTG86DPy4nm3dmvTgLZQTEk6Ur4siuGC6N,3381
EtLYQ5zZ77aJ7fPuuJNKMQMiGQGeLRQcHsXaHpFHH5Km,3384
97n2ycmdXEZPGJY1c8UHmQ58CZ33cG8ynWDeBFkxBv8W,3381
HkY5CgochKz2np8CKBzumGvhJxMM3mjfTX2st8Gj2bWy,3385
J5kAiY42QfrxnNaFfTFxNErudR5gUQXxMAQHgS87VchG,3331
Ap42vPNKPxw5mYeuakxRHACB66XYEEBCPZdR5JoMUD82,3384
2qyvEakkzpUJeiAnQAsx8GCWbbWMWrwMfetzjgEGoWgL,3388
9rqXwqRk8VgjuQpVVCXr3vPNx6drM1PhTSpiN1qBy5QA,3333
53XfH1xavscjWy7XqPbxsS8TZ9V855CG3jaQ1sQkdmUs,3391
DLyCGs5p1yX5ontLMipdQB3t3Q27VURGfbSzVeu79E28,3320
CnfssJVxsHPzmZhVX5ZVrpcVYfhoqYX7Jocve5qPH8Fq,3395
9kyJai4VNCFcWWwpqQ6AxYmvLCRHt2rDswpSVxMHU1bd,3338
JC65JmjkBuK6cyiudsQgrhqCqap9QL3pwrGtCkQLoMPn,3339
AzzaNojfxGRSVfcEUeY5VD7MP52HMFHaLDk7CBPQiwCn,3397
AxwwmmWs5QKEdcCaKfv2CdJMYQcrdP2iuyux2gSikmxG,3395
9mJv7P7kzsP2jEoXBBzTGYiBkC8KQrjUL3f8BNC4cmd2,3394
G9eSr9T78nFAEPbMKr6PHgehAuhhWzEnqW6C7m2sAMx7,3325
ABMYmWs39VrVPtWp5GkPzYNxHNM9gqYsnWaUfo8ZDN9c,3337
9EUTftodjDgvEB8FiuYbLxdXUZfg7x3wLHajdSupyHVc,3345
DZnft7gJrn6drXkADoyvLjJkpfMGBjj6NXtj4vdZrC95,3344
8rDVLq5opvvrZ9NzRQiz4VMBhLbwWEM2motDcQNcqczY,3402
6mCY73wHo1hyPWiCVr5K7tyeePiYDW2wh1ymxgpK1xas,3348
8akKJNnzCBoUfA8ckxvhFvjPfDAJgfFM7BrdtUgprhKP,3404
E82J5MkQSYCaMn6oEP8zNcpns2mdG4NukJ1zRxJwiig5,3404
DxebP4wD6jgpksXGiDFcXsrS5GADaAjpkUQuUfZDVhnw,3359
9HAgyoS8ta5x36GBVCZKcLQNUrzhrZy7hRyrF2yxF31Z,3412
GEY3XiEN5bENXJxiAtbwp8aWQzmt3sdcdpYzAYYFWwd2,3345
5Pf11Df1RU45ZJd3UJc9S4ehhcz5Rk3JcwKN5TyxPC9Q,3341
89bHDKjQW5sMmbuZhUVSm6C8bxUyeYWTbB547Ysts2eL,3412
ANqb397Zt74RrB5ij34nuNbgYTHhyUDw35sU4tQ1nj4g,3342
Ba7LLbE9xGpUqeuSemS2xsZoSXgU6fAd3pkXR6owteZY,3417
3bJUDjEZf7TVN7PHPkNWyFn4VSg4dFLFDk64DabgcXGW,3418
14LBQLHHeGD3vnXB675ECSFP6YAXFc2rm3fbtzTuMWsU,3359
CGHPQNaiY4qajX5X8coLQmg4iAtWy6EnP1UCfCmMoMK9,3355
H266LmAmcXR4xdkihhh3TqP757sM3r4Tth6ngSSW7QTP,3347
4rGxPsCcynFMVwiKVZcy2adK5BrXKnV1RiFSXkDK3WpC,3368
AQjAm5s6FoeP9tQpj6imVyvaZZYQ4LDUSW9pu2pZhDoZ,3442
AEzAJhxBJfuB3LzMgHbQu4qDybT9pnMAxU8fxA4pwTRg,3382
4D3f9jYy1VS5F71mdfKgBsQdVxCwtgiSZEtrdUMoe721,3437
7qjHT2ZVCP8hgt2SD6186hQwp5YSfZ7JpAL1hxo2gysq,3383
GvkyAMMxFgx3qGKqE7SWY8VhAztYfj47ApDVpwfNEoNK,3385
DC5MvpX1ggCWHBNwe7BzWj6WKnYAXMtzkezBdAyNpobX,3445
FvUpUz1zQ5Z537GzMuK7nRoKPfe8uzfFRsGMAGF7RaUw,3443
B1gnktEywh9gzWRN4w7ve6CpdmYrDzdPzpZKnNVmDaUS,3444
FiHaX8vEmgtTD5XUZRK5DHY9WEHdoS8evJs6Ehy9ahrT,3448
9uZYmFVfXqB9iMAtD2mewXAK29zzzEWYaRB3uo6BQ6Lz,3391
EUss56tZEkCdJbXFVTxWGbHsH4acJFrSU3PXm8UmL7W,3445
E4syAcMsyHVhQRTQj3iXrtCWPGjDv6aM1vNwppGvNuZC,3390
6wcy4Ho9AQLxZoVgiNeBBvmpTsgVVFQJ6DiYJ4FJ1tXv,3374
8jHmXgNdeNZhyKfah3XBVWb4iwR8nHeoWhFG57acPVkS,3450
F8wBN5PMYAXtn1xHz169i5z3M5X8oQVCbGXrCaDYqGVU,3395
DNFvHb62rWVWxtHV2m3syJY6KMYLHjwcVcvq1ahqq1T3,3452
AaPCP7rEcnBsoW9bxgxzhKRPEGws3vwEuyA5hgdVKLMQ,3381
CsCCPWGUF6h2ainBSSZ2wqZ9ucpMjTRqFBWp7t9spCrz,3503
AA4vQRJg6e1eNPdgSXb3kVUQYHYwyfhyWjjgnCqSGUfE,3517
9fWxMb6pfLaXs9YyXwe7gag9YvUTk5VEtkMKHSyHCx6Q,3524
7qrKKMzSCbE4MMGVdo59zsvpsRsY1mJhPUdizaD3obrZ,3596
FqDyt6uiaZhUFXR2upndErN6JthnF948bZB1AwBQrpAD,3598
DSfKFHLmmqEq8RHvWHxwB12ToMCCinEfFGPs7PnhVHBR,3522
98m7hzqtsbvZHrXzhjJZfC3nvkBd5466LAY6NZVbKGTY,3539
2zH63Lsiy3ezKHmKY6ZhcPLaJMRQGzMnksk28FozMYLa,3595
8FnAcX92J8wbEdWiELsdMsZEh7dkLaRu1oS6YwiE1ZSE,3541
7ax5ZRDrQ9SRdaaNq7j7sMibhw986zssyChaG4QjMTxz,3547
94HDUAhC3jGPZnDvWDaJu9wnEqAtn1vsmwysTDSsBNTz,3553
FauRff3PAX3jxNN1kZ5ePW5fnd4ad22C2XhuhajSrFq3,3577
EmSnVKUEeCKUGcP3LScVAH19RCqoaTwP7wCBr1wy6Z7u,3582
CLePYRmbXtjswAqY8L85fVLFwN68w4b1w8DutvxpJbQ8,3635
6oQET8HDzuKjJ1e6gDDHPsAjMCos3XvnvC9SPwjsXRXZ,3635
GppGuvK7y1pSCe9qiGJbFJVFmyCbcM9XeydNFmud4Tyd,3639
2qvU8LbctRTuE1mXvgfCm7pbkWX4p9Mkdobw26z95nst,3635
Cw2TCZxiv7TDQCr5zhMK2jop7NXUKSvj4UFYC8PxTfpk,3565
81hzJb9zoYHbDTTqYKnGBjgA1jMBVazJMxBns6PoNdpA,3639
4JUtpSJbqvpyLRrPAG52rinxk1NufGQnn5NEMRkFDGfD,3639
9hVGyUysYHgb2LKePVgdY8QDCmWWs26Uhhbg8APshdLw,3582
2RPQVV8yDMWAzz1VjY35c6Ua5jKBXY2amJM4yTaikAK5,3581
6FdZBHJpUCWmLNRwWbd2bsDw2MmREikLMbqsQBXz5NZ5,3642
6DkuGrNCjagEzdPdpKmVVmrmF21Pt3i29iDhgr3Lkgm,3639
Su62grfUWhK7WGmzdCHDjavJNGatiUnkPiZ8kPz9qRt,3642
FwyaBbV2wnsnQZrgnEujXNtaXC6FmisoBo4CXKhQuCig,3639
3PQ3PsnyYcdmphpksYZs4VPAdXch7wxyQspdY4S4ChZe,3640
CpneEWSyWj3HiUqg3AFzHWEWNRRTZYEwXaqeKnQzfRyc,3574
GT5hjESqBHuufFKYbZ1piqEkXk1fuGgrTg3jTo7VpvJu,3644
Gsnj2cyG9xozy7yaaM1nKQ55hUMJE5CBLmSdpUvjHvBa,3591
GRRptdKDyUWLhzPcFFuFsMi51hk5YUNp3C5TFvwAKCjE,3658
DsWo21YvNm6jn5RGNiSFheh3Bpad5mMBhzaTDT2DifjL,3593
3ehX2jB7TgkVUikfUc9pVJjP2146tpjLRfFwf4VHc7kT,3668
Gqfudf2MQ4W4U7zksrBFVLKe4PjCVkxg2BpovP9a8LTC,3669
DFxPxPxssnTQrCMvpwNaCmvorJBf18cy8WRFJheiuk1o,3746
CFYtpewzPReWxMUJLCeJ8UosunLXEP6byksdYSAU4f4Z,3749
HVBZgRc93C2WFZCTMCDHMQfqAu7Qrej13Kq1i2E1Xdiv,3750
