tx_hash,latency(ms)
9soGoq9DYBs5PDLa4nqkMAdGAMBxyDMGABLt49wEoiAd,445
DnL3gDwWQudySmMAiwx99htQWtr3db6N374x8QZHwzBr,552
77J6fQwnMbvdw9L1pNbQkxSfcrtroJqihFL2tyKXUEba,572
CDB96fqCgZP65GnWyAJKbQZUgR58786Ly4fdbLB5QzMQ,572
3RYBS5jau57S6nyaS89FiZstDuJeMFobFqsgWba8b11h,572
HnkKqxGR4PVXTyTAFFS3LhbfBC8WQkPaczyyGaEw4ZV8,576
HsdLB6boyea3mj9mWxszUWYdJg2dFQ2EPrAxgLbD5NRj,661
5hD9AJoBsbGxs338KVntPxnfCmfpBxa7TeduZF29ZBJc,664
52ahFrekfxBzZEUDvVGFHHfK3SF7UvDRrK3wREAxUpoW,664
GoCcgPpEFfZ5tKBgwyYXHEu9DtVVvzYEaW5qdxj4uJQ9,696
HU77nhftUvussxRrVZkP4Dr5AP7hX4UA949QVhfbztoE,1064
3LszJ2PFNdwhXrFGgcQtxG24YvMVmyxEdMXW9fjDtW6r,1090
2niUUASmLFC76HtX7tzMZa4DyKiTAKrhzS3wR5dHprP8,1115
92wa8Gt4vpzSj2KuHgWMASGN6hw6guADrVEnfnsYHZNL,1040
CBUuPtejoWcivLprV9G1AYrzvMgoyt8sCxQmQz9iWjdV,1113
A68kQ2rZzdCWrJXrUatpDQpsV5xfn5LLu4ccjbd7KnEN,1116
B8WxPoMHYcFiEtVd59LdQ3p83tGT6KctaT7TzNdD5w4r,1120
Bt3QnTssskfgj2zQQsA3TkiDn7wmUUiUJvd6rUMdZC6L,1042
BTakxCFRpPBeDWynBzYVkiLt6oMVAjCLc78CKUu5H3eP,1057
5Noa55K2UtUk7bZsWXgLfu95LGfdKSEMoE58J4tyu9AJ,1057
Far2yX6DpEgvCdGWd3qP6ga1TLVTuQqcFb4rLyKQu8eB,1054
48MR4aYVp9EfkE63RxYAZ9ZYYL4QLTcWddgnzaV8ntdG,1131
7rFAfb9X4ULo9afXXXW7s1jbvpoyzuZjz5ioFrXKBwrn,1132
CLzMCugu2Vk1uGayxoj3esNrz23gUmhn9UbKcKUjp32y,1075
3zW9UR5GCkHMfKCBp749SwXJL7Xp6csY47vm1LSCrer3,1075
AexjRKhJ3q6xxjwZKA6LVomcbYJobyk8pbjQZN7idoD2,1078
6ArqeedRwAWj6xzhNntiZx8QuNTZnzgTdvwphTi2abwm,1153
FVSGHzSDqrVQLvKyTZNq1dWjgzz9NGD2UvQBALa5zpdw,1073
7yupNbZhZ47vLQ8FJ7bCmfhvxRvm2fwqzfPQxGgcS2CX,1152
4dADsftPui4gFAAYW6FbEeNwthJUkCjrqQssfYKTt9QL,1154
6o7jGajBPPsLSmex9vHWSgnf5gvkuXZvfL3JVTeZEhK7,1074
3M3NNg8ueBZTfFLF41nCgs5KpoNJCaJH8RDFFhdaN2rq,1152
DwPPpvDwqVBccBHwvgbhS81jTs5NBeS8YHRN4BU1FYE8,1154
GVqoAQP2EsgxFeXMX27ezgzq1w18Ac5pSLC3mZf9ZauG,1155
47Wkxvk9pGum2qzpxfMM9m6MWq7b9f9De6sFp5ast4F9,1072
5kUSQAdtwWc1vP3ownUYErTNE87F1BdQB6CgYrAZVen4,1155
8Gj8PPmMAuxycEo6kukRrYwNmZxZ6xLswAYvLe7GkMR,1154
GWiT4LDjeDtMwtXjv1YxAURfgcacemr7vGcZAF78Vieo,1076
3dkT24hsYdr6aMjX5ECYxHXpuENzBPxCwNFfxG5DPP67,1155
HYC9pJNZsNkN6eH9TpbUz4Tv7rHFgjsnqzd8fS5pRG1E,1076
L8UgM4XZsGDxRJUPQMuNGpmvKwAgFREhEsWQgAwa2Q2,1073
oQuDaHixW3B9MNuLtE9mW5x5txnz8VUfV9Wh5axkPjf,1077
Ezn7xGqFT8CbgosNpLpTNsPFpGHW1xc1fRMkkgrAz1xc,1155
3FkEb4YB8FHDr9ngXAX1bxHn2Z27QsFrUFnPVpYhQUNV,1077
D4noUkBiHP5kdAkwuk4SjVRTXWVDQu3hu9vZC4H4Fsmk,1155
7TcttWUg13fZ2yDd6dKBkrVoR7j6TmX63T25KRkKocqx,1156
2cdmctr7WWDtvn4JHex6eyDUNEafgErnnNxRKmFiNsUS,1155
3Kg2S8fJr6QUg8wSWbZUGXsLm4BR61o8okJh5ihXThyp,1156
2eeMLM5a1wva7SjkDy6Cp6QdGdkrzGuZTAPLgujHfAMU,1159
G6HXE8a4qeTvDAJoCjxwB5PtBdV5dv7qXAwvkvavRcHm,1157
JCsu9xkbunSgExuStU3NuYtvcLFRtXTEQJ96W1SsqiW7,1158
DYN8nXkR3qzyC6pxeb3Nxy1UKRFhUmdGYuMuPkPuSYe3,1158
5kduc5j7mq5tUuR9e786d2mTyyLcySpVVwyZLYEdc6WS,1160
3Hb3kGZ1YKoiNBH7aEQdhghgYdsZUpE5t3iYjVo5Cfg9,1159
nQttLPpPFv3yB3QZgQQ7iYSNo3dT9Qkjy8LGtBLFtr8,1083
5F9C8qquZSuGzqBrxYbU3K1evBs3sFxUB7bhDSfCqkQT,1159
BBGKbdGhtQhTCT4XfdYbU3Rho7nYk4u1Z7SxXQV9WRLW,1159
5c1UMXsptSyQu6Burt1Qwb6hzrPjqru42QxgTXgN5bZh,1160
JDinop8qtRcm88F8NbQPssxgQzrhrKHAHQbd7kp3jnEV,1086
HjxLhPxjchQQvHsFL5NcKgtGB1ZNexBhKTKvJd46ZAeu,1078
41tnKemyGsgbHmRCCC18GHhj7QT6o8WeSUpUbZGKQWQC,1160
jbTVBrSpSABNz31cERyGFEFnaCY4Gei2QwxBGibyYQf,1161
5wSw4guH5594GUJBVAwDkRbeTGxpVkv5ysaaih9rfME7,1159
AsUTGPqu483Fb3Qcr2o5eLwM4SeZuhBTLopaP2X8UEKU,1087
Gbo4ETWR25TyKbXjZAFwm7roZGhpECmAw4XFtrwnoMBZ,1085
BDf9KiFFz4fkyDQQ7Dr2xWaE3sjLWc9BEHY8793WtYF6,1160
8PyQJ9ffQuQn59iT3HfmgkjjzAReabH4WZNeV8MF8j7i,1087
4wwhgkFnCSKe4kSX7F3nkyAQDuBi8R8citG5n3RAZGJ4,1160
8pzVo5y1W35consdpunskNjxitGZDsb11P6DrEa3Gsky,1083
6SCugnvNzdzz4gMwH81xYdVW9kmja1XQ3HtAwKDYEYKi,1083
BMds7zyshA8Pmka61jRMyTKANBMWQWp6bEP7fG4udpA4,1084
6q8imMHrg5daYFe14f28naaQrtCiW5eNgFtpnkBza35s,1166
EX5Sr7e2Ryp9KqqDfZU1cW6JkgagUp3BGJgdzVQR73LQ,1088
CEyEffFQRHCGTerzxqaV5KgVoHHKRDoR4j97MK7rnZrA,1089
A9ACVtWiLrWhBrUSBBzRnFj989gCkv4M9wD4h5RkjKtF,1089
ArrJoMLGS9PChCpDZo5FdvL2JPzowAphEuhxtLt18dJg,1087
FxwDznc6gjcvrJXJEKYBb5SLLGhaCUz8whCoLStbn8qh,1087
uvZPK2gYQFyimTjMAe9KGcRFsE4xHxJ3gd75ynx77dD,1093
63kua2P7FDSHsAshGRuV4GoUm11UfTEmNGUQehoax2Ki,1166
Ep9Re1htxxruGuBJHypbhLFZCJG7mMPSYNmxU4M78upX,1085
81HDnA3xM2HoenqKS5i9JxCbQD3VkYwWyM2aM4cKCH8p,1166
8m94cvUVruzLvQvAT2PLydTFcBDbFqK2AYYCtxB4XC6x,1166
FxbgazXYXrP8XB2xSk6TSDUWN3Djt7herUjhEn8QF5mY,1094
Hdn5xav8Fj9mqKPpfYZjH8bR9KRz59LX8N4oY2dc4iUk,1087
Ht1K3LT3DcjvC99eKd5yVn4vURRpHE1SS4g86xENt22w,1087
2Jus7XnrsBFs99fgDdEU2Y9sFoRbtbsR6LPi63Q4isqZ,1169
8PocpW6tashbNK2j22aqzED4sMJwiA8K6QGbFJePC3y2,1094
5QSVUiCT4uYnoDRfqs7zffBGfivehi5RcoH2nrLctv4n,1091
C8MdekhCiK9vEwbEXpv8VB9R4Gu2QE5y9marVeTH6n8U,1088
DzjynBLbr5sY2HjSTk1wGqhsCDzr11iereChdXZw1bai,1169
B69AGZ94sFBxWiQyRTNSokvUSJPbgLW6KogUREpXj2iG,1167
AnwGsEYa9CHkKKXB7FLbWTevJJjkrcLLbkNbyUao3nyp,1167
F9z8HTy4DcTRLq1SW4FAMfQpjTyTiMhntkYfsAkvyi7j,1167
BvTW7dpoRZcCeCXpDaApSGVzE4zN49t6EjzqRjkNQQ49,1174
C16Q9V9bhv1YHSHrKcNKTvFjbp4K9RmAAnN1KFo8XfAX,1178
8Gtaffy5YfatZA8HdGvyzGY5Ne37j9q7yAtYRp6dht2r,1178
AVMfFndo96qa4UBqiCgUdoAa9UvJjn2T1fceWTDvtN8B,1177
DpBYYAr3UnfpfDYTTpYKsPTqtV4nhfnoVFqpmpbb8Z5Y,1104
2En3AbhgXzVvydVbAqi5CL5VSURZL248EordCwAQdJso,1101
AuW7MeuktWhEP1FKHdHEJpyNELcwfNfwPB5VuatR8y9d,1179
5sZ79USWfdHyszezMDPAT5dPQw4gsXrBTCAdyqJXosxQ,1097
G8nL7UWyFie7hxLtDHuFXisRh1UQdSpFTKFr3FAFDAPm,1178
DtQV5sxmLzMbuScbUCvk17RZkDUgdXtB1DLiVjEokr7f,1179
CUtArDys7jGwiBTvgrDdS7n5ejcYWGTpQmgcV5VfkA4u,1178
9CyMXGHaW1JWuDff1bxqgtBtNbNZP364E3onedeZSjv6,1098
HBSimz1R43dvojoyrfTYrF4zSeDpmFMaqQ4jGKthzJ3k,1100
Di9qcdFHdacVf2RGM9DyKcm9kn7nAg75sirBpG3gnnBF,1108
AHnttmJUZxAWHQDYwPc6szkWJjEL4Ptef6FBqaGmatYe,1107
F8snfvuNCda7XLM2GrfPAoGDNFW1atAuU2qFHEt9qXPz,1106
H2hb7DcJg4Rxc9ZhpNGX49wQ1ioJBsmjnfsLuasuQzQj,1183
3qHSiokTCYrMUD4sUFEZff5S6dai1qE5tH5D1X3T2z5B,1182
oMWopYPMdC2PDnpN23eVsN5DPg2GKQsDZyJxwSgw83J,1184
AaDKMJS9oeDn5EX4qDSi4m9TtCHfa2AfquMVwdTCtFaL,1110
HxS4kGnVSDwnAYsJfeTkFS5eV6eTt9bkVaoeKU3XLVkb,1106
eCE8RPmz1GihkX3VBEofpS4eMScRPDjs3Fp2pZtPgoZ,1108
DWvgqrBzKhih3xuBGFafWFUB3X3ZiarNfxf67jC8eRFa,1106
FW8Zsh6o7PrpFVzCaRndg3piobpsQbWvfLPYbzR9V3yy,1110
5ha5wfzNJ1bzxhpEVEgZZUsKdT13k9zXMCtwZ8NFyYEH,1185
4JgT6QjD4iwxXXbRptZPM1uNd1Z6AM6fYQtAKr5GiUe1,1103
8nf6h96is1dmvi154sv3dSmDYoNpQdK4jwS317xS4zRx,1186
6AWWFMR7zqfcFunbzZbqzW6WdqYDVEMWx1YHUwA55p9Z,1107
HPTUKZmuNyDmsaRuEQyPCnksFRcEASZWBfeDab5aC4in,1184
14buitTuJBubHG5bwVT3UJRSrGNR8jXEJ5kUT8DpzYmW,1186
ET4b1tnrxNKEJtfrxVEZUPyJNHjyMuRrD29UzBNuYuyi,1112
3zna5fMLSK8pn62Mo8jvjr6Jts91bPjD9T6Hzk2xhZmR,1184
GWCSUBHrcMC2genWZgqz7sVsFhHb3a23AvjuSiMGKKoF,1105
G5hD5Niyu6GU4W5oHEPnKyhazWjZZfreNMh4g19P3pxz,1110
2hNgcSkp5N5WujrocSvziCuJfXgqxgoYsfVEvCMYsUEd,1188
BBTJMVUzV4qnReEGFgxgWaT5iMstLr7wUVB8py2iYqe1,1186
CvDf8vuSLE2e66TfP3bViitoTcecXM5pMgb7ovbSLc5u,1109
FwNtiSKFwDk8gY7QA5fhX7bDuNkQAfs39NcxYwnq45h,1189
F261iQJoKbBdaxWKzmqgNq4cFT6PQ51GkdPxHGD56gzx,1190
8RFhph5nTV2NTfzUPWk9ehFxzw3wsVm3niqi4M17pwjC,1115
CaJHmCH3Yy4pzxVrU43cQGvjDmxZxyT2SXUCrpbL9Syc,1111
DvdFrh2ExsVsEyHLBvBNs3aUb5G6faNWLAqLs5dqLkHq,1188
EBQaj6JxZ2uk8DwQ3FfEeU9J8jLBVf86p2WRyuEVyUcr,1190
8GNp9TEg31N3wpk6YUQE3UMoYvFvkqsis7T7htDr2hQ2,1190
1LF3DM4bf2ZcvAgCJYa4XkBPi6JaqEr2NhPPAumVcVt,1190
CWxSYsoC84zXz3a6JLvAb4v53kfXyLDiuKMMAjUVAQaC,1188
9DpVBN71hoAwS6MLTfDdcurGRAVM7QWip1FWVKEyJSrc,1189
5sYAEkwAHLKTBzXDk8AzXnCSBAd5XSeTZ28LwxkADhF7,1114
4AmCi25SUn2PtWGuY7231y5dQTZBXmjWNHTvmH7nHjPp,1116
4j9auDzdk6dsLR8VTLjVbQ7noy6be7Sh1xaQgsZz3qF1,1198
FYH1tEea21hE2pHrYKPTUQLNWVswCsjCZDgSFWA1ZvqH,1116
EweikBX25RigCTHVnSjAgYdMP1hs7Kp1mEpxH6xjGh4S,1199
H3wBTy72zqToGveg4VE7HMo865Q6SmWxQB8pVpYDpTPN,1198
692vDjtiUJZVRAFsJzinqmCgHjtyr5KnRYJPvEh13PJP,1198
AkocBwempHWTC9xWHUv8X7XyoEJesFFfQQCumTfqYxQc,1124
DnxKQYGxozEkQAWVfTXRBNCyKRUq9fiVzUr2PEXyMwn3,1124
ZZJV97iww9QtPmGyBfizWFm9j8GAPZevCrWKnyRd7xq,1125
9LF99AbmPna5rriioAtQKRHjUquSMYxGymsZvFmMDrG1,1121
5ez37eBWTjNB8KhKN98AnjohNEvmdnFmtyf8MPC6TuBb,1125
6iXo2kxagxxKMm6nHcFqrdhcaD9ZstiEptoG1pTDcGNf,1126
CtS16eoUwJUw9Kpt71WJZ7GDHmYnTZJNCw6VKVU836B3,1200
HVZ5HoBVDEbqYBpzqAdjm44wxEbPHexLPgd6sYtfZ3Ja,1120
4q7f1jLr57wADBLsTXoam1NnfzhUs8Mijkr2uRZQEAB1,1120
7KkQVzNkgcMDraYWgNXQ7WBQrk1BHBe2KoV7HDjPbPy1,1199
E8HpYwytY5wCunqg7ebGbGurnMmoSiSz2HhngoxoLm7Z,1127
5eU5n5Xe9rBy6cAr7erf2ZyTapnEAHna5xtE7HFghVR5,1126
Dob6E4979CiGJ1UqJo7F76uxDkpDcs4PvxKww4vDZnhJ,1124
4RdrCmu343P6Rk2quaAfNYkBi2xBLd3xhU9CaXVnFqEo,1203
GGAdi9kQYUgh1DEnCvKtdZKFgi5RQfvhRDN4w4qkhLJh,1129
E2sByUJ3mvjPfoqE1adj5yYPzcVsadpTh6o38CCw9UJR,1204
4NRcCGJDwsmQ8zTVLbVGm8T4TZ5xLfD6g9CAurfWx8gB,1127
2rmEZMSsTEuRcKAvwVtzgJVAmpZFjow85W5ZHQDjyZUM,1202
FKShJDFPQ2NbgDiBPTfSvKyqqHJh1ZvtBQL6BAZWKX8n,1126
G3yNGftKP5KEW7L9123hv2JtF3bYDwnErmgXTmWtYXAe,1151
Dc37kUrHUSoJun6bH7oBvysirEr5VJG9QUnJxgVWxUdW,1149
BkpFrunG2XLHr1ckfZVveerv75gnN9Nan45ex3XWuN9c,1149
CTDrGbeoK2tDvxa6Tq6S4WnmCKvphv6ShLqKNsxCei5Q,1226
6iyNhU4vkRpymSrzzDRZfmw62YQ8pbZvPzYh1FZ9M2sg,1147
2NKtG3xeDzm42RxVNyuWDRBZ95BzScx1eit72QhbSo5V,1146
7hMEup31xA2VAHUu8NBnsSooLxJfbtwsFCFA2ot6NLMu,1154
Bat9vCydio4KBybbAqFs8qBr46cuBg5xi85ohdi3TyrK,1153
45bHAeBpCC17q5JryZoJ2TXfhFixESbkEw1wdLBDVE9r,1150
BBjoon5MUpU1tVHGbSjskSJzPaUhiahrSJwr6NrGbsFd,1154
GDLaYHvcSZVRqBGYoWRMHbJXkn1exBheT6pELkgFw6hU,1231
BLGxnUZAxH5CL7U2VU3L7X3D8b8G452ZGQDaJyUi7ivA,1232
AiiqUaTKcXxwMGE8HyAkp6XY82DiS8t2RRV539yksfjQ,1157
5gdfK3xrV4N62sya4KoaUMW8goRmHErbvqKdd11w23eB,1154
AQrUZmqszFnKNVvcgVajTYP3jS1j7uDPCBXnfGeHAY6s,1230
GgE73sTfkAJK5jVZ66zwaUVQ8TkJj1WD3PGEXZExq4hg,1233
G7anzDGVLZQiQQyqrUn4JiKzh3z5yD2nDCWWiVTq2LaL,1155
Hpectz2jiS52Cm4cWRU9TKKcMzBqrd4EAwcy7c4x2a5e,1158
6wyYektRJsResMSt3W9Wish5epc18DpX9yExBXARY2Y,1234
AD9oJYzn6p8ZHtgrMNt7reGqdjZvSuFdKzdnN1WjsBZP,1232
7A8ueE27S6EaXVn6KgSYFqKNrWe8JmBbJH3xbrj4k5Ae,1235
GKCkmJCfR78JH1ngQnHUwyWEw7LXYDFVR9cW3WKCnBDG,1233
BzYcALmQznHih8hjRYCzy72V5CRATnckDYpRk4HcbABX,1233
E7DQ2VCNWziQ4NyAQuih9ERM2ydMxj3WfuSifDcGmFwc,1156
33ZcyaLm7PQ9KCPNyJZRsnZXj4nxkHwgPsFZ2XEjHF49,1161
6s5DrQmoMihodrkosQkQRrosg1L9gGaD1xLAaUCN337x,1160
8yUBcuf8Eb9n5mqmDMLompasKWqzGHoAHmYwiU4XGnjn,1237
7XNiq1TYUY9CmfN1R9gGTHztABYFiyin8qXtuqX5TSzG,1159
9BjC7cWCgPi2B9vkpbMc5K525qvqskSUB8FDXzJ5QfGH,1234
BXJtSvNt1dgagzKpp2q2ZPaYT33BaEmQi2CYHFnSv83W,1237
2U27WjPZbukyzfeYfEqL4TZKfwKTzcrn3AcgBenqJKnt,1161
6uhfwbyQh1qSbXWDv9sNkbquczQbGH5EnctL5nUP2Fg2,1238
7KvNoxUZ3YrmktzHrwiMwt4Y6DmCTTPdcsxuZDWCC82u,1239
6CjtDo94aX9AHaGRn23kmPQvvg6KdNrLAW2UNC7Mrjud,1163
EuPqmEgYuuWQsxP2SrRFE2hL9oSVkowPKYXMWkGxrTZS,1164
H6qCedCYhWETtKcJjjaLr2KBNbtejZQnNURfMewHhwki,1165
BvAMVHBJDxMDUzTimRAgGKxmXcCHrEQxoucPph5nuuwb,1160
84LfvH1JwJndQiiNVUegHSFJ1BnzKa8i9jEW7s2k6oj2,1166
BP9WRMexJ9Nn7v4vaXSiao3ucYcaa8p8gGs1PAvutLAP,1166
qKNtpghRWgFojNGMfsPwYuYQj6ixinfjGhqrP9SpsFx,1243
8jh2kaG77RRkRMWxXAYjZ4z8UDAkThtX12JicfCfJcJ8,1154
52hwsytpbAstfYgdocZQmd2rSLpsNq8ikaHuZ1JUEYyb,1242
7SrvNp3LkHwdZprmagihDq1aSL7hUtDybAiSMQxjaYCb,1162
6RtsMkYWAiEA2zwj6uKov1cYd2oSXe189QdAQkVPskqw,1169
8eMZdrbnBpFt8wjvNNV7W3DLtemv51pQnrNmF6PFaF5J,1172
55Xa9gX775MUAv3bCZuXEdNo3ZQTyRPw19pcxHDiTioJ,1173
2iv8qtJAP7cHXkpiEhmzFHBcrrbTojYceeFQGJnSrX9w,1172
FukC9bQPBMWe6Z2TkiBPSi3NxVkWhikZdoyryThZUg8v,1174
AwoZHvixcF62wYCHkkriCPSTYU7xjbiNpFYLdqu51XMH,1248
6nmLmP8oB8SycNZe49fTYG3oG9CNMUeQQmrjNeckv86F,1248
G4osdHLJT66ytHdfC4RKnxicGN3aPJN8naBbDVxmRfxy,1174
4tMNVXEx7kcP85y2qgrKZuNPp7UwM7bo8S5CMAmbGTYq,1174
HJGX9ruPapvHQyxcxC2mCSQSoWziiN2fPCdjWzVnFyRL,1247
4y1RfT16tNTzVVw3Cctcsf2j2bhGHUNqU7HDUA1Mr616,1174
7qVugiYJKX2X6v39xTwjWF1edgHpfCuKanL45o6pepyH,1173
GrrrUejmjykq2YrsGvo6VEJTPSe1mwLth1UUYRARf2eH,1171
GvXQyqyb17dhEWsLgbcbtedFaG712t3wXkuS7SZJXHAN,1249
ARZkMs9riwU1yKZxB1iYGVipBiowzxTxerw4BxGFVBhQ,1173
FoZXoNC7CcvdKeE8R5guCVB3iT548zYZwaShWMv83tDg,1174
ApZ85EwWM5H8cRyK2wQNf1Pq2Zffuq9QkN2eV13wXzd5,1167
5mxNYwtadXe6CgdpMJFZTfPMyDdJqYt7bLEBwF5Jn6op,1248
84CKmM7SqsaLmdjYigpYy8MdRXumEcpkhrrmdqNiXXao,1250
AdjwLPJ8bv1ZFtaXk8KAT6hDjeCxUA8wXv2eSMCf8nXh,1248
GmoP4XK2hdVXsJPnLxmP2JNRp93EUKTguYjpu3j4CzWx,1160
8ERK8yXvvkhsi87gbKWxPrZW81eHoFJdYzwEwHhYdtqD,1249
BpZwCq9c4daYK37Fid6JJA6HqbqDxDhL2HvkvLVwSWR6,1250
AZFf9un9cf6uuzvVRMSA7xN8dQSVCSbDDHGd9miEoMRF,1172
EN9t12wyz4pjAfuyxaSbNJ1Y1QKzRAoSZx7Qh2FxN4sK,1250
6c84aC25em9hyKGStvkQ31ApSduw9FTmm3m4MCy6Tns6,1175
5W3FNtMeDatqJcJJyoBkyVQy5sgpqx2suEZHgpwqNipq,1184
9RR7JnUUFFKUn3ikRTJMB2xitK7JRP5TRJHpGee4SREB,1260
s8ef2hz3JJkWr7dvJsfKQuMLiQdMJyvBRjKYcN8H1Uk,1272
3bA4Qbzebcnrcix1B7sxqW3mPuxvxQ93bU24t4mqRUAL,1272
22QWKLGovwzZZEjJUaRcpe2MA9VPomFyCZjjobpBCt7d,1196
EE25yvhRQjmQSTjXGueezbZZtzfPZa5NW57xm6aqRmnv,1199
9Po2xhJdZodm4fBH321Q9YA6YZrJ3iRpCxgXJYeMToDN,1199
3j3ymHkoE3EixG2u1ptjx6nj9mRaF53cz3NRxHkDdr6p,1273
G2YAJxAwGTWvcrtCPsGgyKLU8WbM8ysBnfeHfJyhXbHA,1200
8aMNVKAQAqkJgTYhXuE8PAykS7yXTXnCMLpSwUuimnA,1200
CawEv7UbEGbpVYNaiDtDmBwKCJDB7fsv7A1sncVkACUL,1199
79cWfJFNtGnvre55rvRbuxyr6FrqB8Kz75FBDZVWDZ42,1201
8Ju6c2LuQAUwiwpXv4ccHRNaepYBXdBAWSczZ2CWyDFq,1200
9Uv51vCfAeyMnpnwmFNoL1ufQBPzyjt6nx45si98G4P8,1199
CV9cCpUackeDHC9ZJrMZwtxzJfJB18PE38cK7myHjAVx,1201
AuL8cbTbjpWVN9mCQuzNkDYGwHnKXx5hDQkGH1PRkQqG,1202
3HRMKikqmiWmKHTRGe8DfWfsGBNEHFM1tpRRW96YBexk,1202
7AksHNUe1gkPtyuvUdS5isHf1xP9YsBwPyNWYahR6BNo,1336
GA7ARH3wXssUpvAuYb3y7QCcbhNQLsTESGDVGkrRHTp9,1352
F72WRUZe6Sn8QMkqRsaKYNYFFMU9WLLXvDwv7mwDrr2r,1350
9sf96YZhinFcuBwsHLS16DFWHJaQKNgvKLbEVu79ECLz,1276
2dAqTdzEN4w5jDR29THsjrUPbYyoDFFzQXDcHeJSZnCo,1276
Act2hABgtN9oUu9nLwY81TeA89zLRSX5P18ms78muus2,1276
E1PVpGnf1EKd5HZyq4v94aPwi5khyh5QGWePEXo12esc,1277
G4buuXfcEdVb4Lsms5eRBbFogEDobC1bVGBHToFa4RjV,1357
4ifrN6899cFuk3Gohg9ZKbwY7SibwtHqh7Jind8kbq5V,1357
FxAdPvsxz4YSggGpDJBYuLnY1BMZyiPjJf8pqSEycdRc,1358
4whhcZcVk5Dt3ghdvaFYZS8zdtQTeW9k7ag5Xvac1v2o,1283
Dm2jJuzCokKEhFuqXcmjHpzgD7FktsnmanueQgjTqoDy,1282
6cFh9F3BLMJReLgyev1C296anMCFv9MLLNKcnYXtmkPK,1285
D2ATgLcqGW7gbzHHTeztHoWVwHMUEUVLzyvWuYR9GSUe,1285
BrnAJrvzJzfdSPYbm1fMsfEjPZrcEhmRxb6t27gz4Urc,1360
GeJzBoxpGgeoKKTrECtfLmgWQsquZgWrDP4sqxPkdU5p,1282
77Va4SjmvTTPA5orXd6uxaEUoFfPBg4NyPyyvC1j75M8,1284
9sQCni84RH2GdcYWnGbfod8tHJ4jFFDda7GAU7ZinWiz,1361
6bkUYd6X1hK3nUDxng49zY7wJVdX1xjwuvRqjbVBN9ez,1362
DFJcYqkL9dzLLaDcksW3jRUBAbSp3fmxsbHe55M1m9pj,1363
3Q5GxBNWQhzHTgURjgVLEprZD1e1fpRGg9dcHztCUXmy,1367
GKgj3Bs989dDsThesbVmKPH5gv8kkv4Vx5VoeSn4G75h,1363
76p6dxzybkiCRWEut1jPbo56Kz9msTF2KDYhZPYoWC3N,1365
J7tM2ZSMfyR7zksW1H4nh518w198H9eEwTUwGW7nYnjY,1286
6wEWm1eoK4WGdcfiPoL1T4AAybrJMLsYHgDtvvUqA2gR,1366
DNCx6m5FNcNQNWaTBkjjVvQKQVLzwUCxbinCsLgc2tvE,1370
DzDqeKGaBz4dEMYxA6RN4BN9xGcz9HiAMzURs5QtGEiC,1292
CTEc3pUMdZmYPaH9iKXyFEJnEAHL7UhGzuH81s8xm9HU,1289
2TsgucKKhRS1dwaMTjoKKzrpQ8Gf1rMXhySY8BGjRHnL,1299
FzB85155Susggii5aQPWdtzEXgKWZKgqnzTaJxawyyMv,1375
CMea7QaZQuNu9Bk66aq8GHz79UxWtiapzAswion5JJoB,1298
3HtpxaJ55wby25CXMNnN8qmGWmN5SjhGHqdpLJvYfYA5,1296
BjPvMLhMttFZv9YJUtf7zj2dNykf4UWDxKQDHUswULgS,1374
7URSNeHYB6qTFvfMbVRAZBMFwJASzUuoHqq6VgGv8aHZ,1300
AX1JyGQyxZMsPPbVzWuEMUbB9Y9Wm8n6uyYPp1Fugd5a,1304
5N6Yynj3119HTP7yHC4Sm2fXtemnbpT3Npk5uit7iRa8,1299
7Fkyqk9cJ9h37swRfvye27vXJL5zgUG9eou1kCzZGvnr,1381
DK7EwsnepHGHvg1xYo9hkEdPN1h4yXhPdN4wxiFXwzv8,1293
9N6PWGEAwnJmdoD2g4J6Nivq2xYQoWtxou7QLV79LhxP,1382
74eEFrxwX69wePzAkCPrc4Mdn3VruMgqgAp6RSXk9bgq,1382
EoU6RuUbaJxnwe7w7ZhUd7LHEuaKaXBRRBQUhuqqRaiZ,1310
GoLhd9P8abo4VnrxR6k9T7wuNehtbURVamTc5Wnm1xXD,1305
GEPsBAUMe7UCDraocrakz6MKVpFrhiYJwe5dNDga7oR5,1309
2dGBziEbMHAQuUJ6EZvApdVffBfvWvMEPeqjomjzbHUY,1385
3iuH9c9uwPNtEMNwZ42DYsHQmqYYRcyvyhzQDVgzXD5J,1311
Dt3Rfnne6mKg1se83mvRTUnu7m8RyTjnfcPuCBdZb5Sz,1385
9kjz3mJJjNwsCFZexHgFGNZ4nZKxLgtvpdpcNL21crVT,1308
3PMLExHmMjzNifeYFmQwjQwaJBTrKb2wxUNTQR9qm2z1,1315
BzL1T3BUbq3z7vAo7cjbcvZN3vdXG6kPd5zp1CVJsLUC,1328
Fka3yze5Qg8McT1PGChUs3p75Lo62kAcdZ684uupy2hB,1327
9vfjiZ18r2acS5x3wfH8e5jAPSqPZEkmXykn7ypBc1ey,1403
3nxhzrEaVXHVjtiocpWzLpeXLLPCzqFksu7bakgukQ5Z,1326
HxS3icaSyTpRmWwPx56sGJ2mKXZainyDUWSMhznEfL99,1403
AsJpZ5ENkA4heofkZLMjhCKBk1KzrTe4ssbFM2nZEtfK,1330
12ZL8LFLFsQEx7sFSGG1PYeN2Ffu11darMxALZMT83Bu,1329
HiMYrLwYcMXhw4qQxQV74BqK4rfQQZCpM6GB7tahTt9K,1403
6iPgdq1eRZHZ1ewL9EqT2qS8zQmUMLC2XbGKtTSKekm5,1327
8ePRjo5et6w1pAeN5feUB3mWFDgjdr9EtpfRiALpaqLW,1402
B5fyQMcEFwUKx4S4pnZqczUFDtbEKwQu7PTkQkdqe5ab,1328
544sG6cVW9J73odV98nxdQNf9uukKTonoiiepHSgUSdr,1403
BnUf9dbUba2XSo9ERJ2UWWfx5KUp3JLc2iqrrXo4C8vC,1313
Gusoxpx64Uke2K5WATYE2MtFr648dAdZp5YsfMMVrbwr,1402
BJawDNhH8993sqfxJY1eNW6Fogw8Di3CDEUqXPwDHwjy,1331
82jZTK8zQ8TCV8qMvA2YUA7t2yu3L7SFLBWBTb8J72JC,1404
3e6Rz8xEMeZAjvivftJ3fMPx3x9aVqDahGxvT4gM1xNW,1403
9wSJK7mC4Fm2bMW28Z9T82JBgecc5JhYkr5E2jRbX5Vh,1331
2pipxAcM5CbQR7zGREk9WNvARWKmBaaRTWnJEwyiT7is,1332
BhKBnmXns2dmy8BKtvCESb4ZTVBYP1ataGnwhxd9FepP,1406
Djby7JMpRihEAUBEgQ9fMeD7CA3nsbtpCbMMQ6q4jSFR,1404
CBALP6WVcayzVujKtiEr6J3a3SWVoBE6TLQqBJCd9cWu,1329
HokguaXFMTj9BcF1fLj1PeQcsX4u1fknfXf3KaVXrNTL,1330
DCjP7ibGz5nt4bTzTr6kxFnK3bgqxPoJETtK5YhqWJ8d,1403
XmeXx1kwfwm9uaXUn5X5oHDfiwrpsQ2V7WsyDfWpM9W,1403
4qeLmFKwYHfyCdT4XVN7fo5nokSx1CPqBea1yR4DSjjf,1405
H1Q6QaUFhJJbDbJNC6rrJ7jzhkqBgTBUT1fuQS5pkM1N,1326
DTmjXFBiofhS5shcCUYvPzQcFPD1uuJPsgdnNdPKVDD6,1406
FZTRabbhmyv2pJeAwiDcLkjcDEzC6LbCuaS7e9wBSL1G,1404
54J6bTQmeNC8TCUSckbpsmUSXTkiVHBdS8ofXyGoP8E3,1405
D2ij4ZdeocBUBigSU8pqTbecJCAkNLEmujn5AipDrQ38,1405
ALHaiYZH7gE85VoQqfb2qmhGfPbEsHxT4atpAB4A1GAP,1412
Gub9PLTxW6yr1DMdmebizfKVz1YWcDkJ7hzmW2tHCd9e,1339
CueQE2rQm3nPcfoCQvioEyMZubVakBLaqDdUtCTMbXar,1342
HQCp4Cb5DnLRHHyazTnhbq8Sw9fedLR1PGPrv1kPsTm9,1346
BxAzGnKGvha8j23gEzk5Syetp48igoSeCC2kQzdSkpCa,1344
7qB8MhiQxxhinhQk9XzxuC3RcXKMP3ECtCVGJJzCwBfv,1344
BzmQq9Gq2duFDpDZfHzw4btCKn8LFbPRdG2XrumQmErb,1461
64iBkZSZzi2DyeYoG6VV9NAoafSwt7mg8TepDF4bbAsG,1468
23jvvrG2FJ6D9a4AXpsgqXifknF3TJLtXYeuumc1oaJb,1467
EEuP7rACdTM7SyB26FZUTAt78HkfeFBoP2ecZGfp3hjS,1468
BCYqPd1uybvnAuaABd92LgxZErsTZ9ixAuFBPKgAxfma,1468
DJyD9Rtn421aC4HKJjHaRMDD6SECkk2nvtxgNj4yJgcp,1394
Bqff5iXMCgVcANnGedLLztZ6sqAkJ3R5JremjKCrb2X8,1467
55azqtwDAdjK64i5JhWB6ouD52Rqy2XkWiLTa8bhJGXW,1396
dGstx7txaNQZdJ4UqLKrQDrByXj44KkQBeAbUXx5q5h,1471
4H8zppUc2AbGs2gzD8AVyG9eufphuwdxnBvZSMCjVHXr,1397
67uGrBp2oayDMFnd2Jjxf5pLib8J5zgeiEfDNbprx4SE,1399
AStmMb4p8swRCDqEyGGyM2Ke7XVpze1hYBLY6NCnLXj3,1399
6WTcVBQbRoGydWTGdJQNzAKMVekEYkwGgU21nyxUqhgw,1472
Fx7bh2oLp4mSqji3kEZymDAMNB92QaLYKyqZ8ZTmvDY9,1400
9ekN5owLN8sw2r4ZN1GbCFZHSi3QhNDAEq9SzP3mTBCf,1472
HZAuPtbdDTFhTEvgNmLdFF9ArCwUWf9P3qEGscAqJGie,1475
5uExtYe9svoSSRmHxbkBytRwtFuisC9Dc7Np3wee2LX2,1475
8Jqd7CtDprgfUEUVHCjcJhkPp6gLhR8nDe2rSZjfYD7J,1389
HKtFCAanDYM7okfkMXtzfScuVE8NaZHVMGGyqSRf8QM3,1477
7WHD6x5kXvhKPXSFkFFki9BNG8g3wUeXkmaKb6UChXYC,1404
A1Xde2racjZLjqhThbW8Fa4fxYkeNmDA1TNVkzD2SfBh,1484
H86nCVsuy6kNiRprvTBzdAxPbUJJqSR9LbFwhfuKpNoQ,1408
6qACHeKrJnGDfjDvX22ovttb5FjV8xKLDQ3t8bQrFJSv,1413
7PKaCbXGPDTKjSqCsmSLXKxs4DEwFzYyfUj16W6myANo,1428
5TFNDxQB7h4Rikw7MWH83H16xq612eQR6UshCwFEwgDo,1429
8HCqNkV9znsMrd3ALdAS5xmr7765u9Lcj9uNDaBUUdrf,1426
4Ym95UAMv4URAAouNo7JZTxDKkgiFq883F3wv1BNehuV,1429
HoxP8cfP47ZPqmNJSKX5ef2gCoq51SDAv5X8rDbtPWtK,1428
2xWTJZv3Qq7N63TroT3Vzq4Bd2vCYdhpPaAZL5DGaEnZ,1440
B5Bc1hKXfrMAu9aWwMkGfiV6kQ1VBKvZePhaBs4iE4EE,1471
BkE1xdTTW5oZZmeygyRaCHPS6fWRbE7bibeKquekfUHJ,1545
7oQogNFiF2Aoj1ZUUQoLnbzYjtRbxJffCcknJWZUHagQ,1545
CXRXGkifxxLZqh7VFg8mNihzwBmu7sLP7xVCcUaggUHD,1472
CpVE4wxkFMA7axFVNrebF8J4YPAH1Ln2ASirtE6TsT1K,1548
DBSq76gdxg53pDpEiXRZL6TgVVu1m7kP4snW6SLC7XzP,1552
3V9Gj9rsv2GYzeJydGPyxH9QrysEe3qEVivJEep8rQyc,1476
71YWeVuA8sUM1UonA1aYkfbTXUgt6vM6zFXLg6SoPGfX,1475
6q6cVQhBxATBuNHUCnSCahZSKQddi8GW72safMqY8snv,1548
6yKmLfEMaKH6VtSE9V7Jk4Cf8X17vgWmEQifTJSuvk6w,1550
F73JMJ4UCDMjF856wJeDjwFmECQQ9sJh3t18G6HHgiiX,1551
6aCgWQS4Rd4zBUaKdVVScW5fCsGFwvEUrynETzgeVr2d,1552
nsBUPCCRpeuBV2ZbyGn3nn81zhezkKcmXBJBZcid61N,1553
8APDBnDU2t5xyv3M7dMPPUCyHg4LnjgBo4MVp2TMwqSu,1554
36GJRXWopDHJkyDttyzC7aXC3yz7ATvkB4QyQix4JHFR,1554
E9kDEZZJ94cSP6AAXbysfDFGYLQX7PXuW58W44KucJbD,1478
Gn5SotaQuG3mcaK5pR4tJ63Z32C31EDZVJvLdHB5MRzC,1482
25wwKFNJx6XsSTLzyoskPf3u8spgxeabzWUipKKETMrt,1482
6FdxMaPX9gyETZFq4W21ddpx9y6VGtuyfPfqMPH8VXw1,1555
DJv1YEsdZjZQ3Hnwj4bkmejG6C2P28RBMMdL9mWSigR3,1555
mevZ6A1xjaSiajWHvA44mdydBEZzDyx7caS76gYhAHv,1556
pBXzmiTfz1AkkNndntfB1tpsQy7UxmFF52BHCNc4R93,1556
9v3gFujd5TjxHWJDmzMiJ1DAaoaSUNHFrkgFjhq1viyY,1557
BHZnpuXpcwY8DeWSnisuJBRT3airk9LYdDs9dnQZ7WRG,1558
Gb3sP8yJQKEzrGgToZs23vEMbhiZMpKeDHHfZErwqWbB,1486
HiVULR95aE294HedN43yNSSGtinkAeyKqiGmvM9k2CLk,1558
EDBCRMaQt87xEroHAuj1FfMTAjRdzQ8Tr9UAGjSxfE4p,1560
Ef6cuzNUEL1hqRKnJXP2kqUw4QhZT4FKsxH7qijUFvhB,1485
HwtpBVQuVSk34Q5UAZuo8BYzA5ADbQgAxo7Kxfo75rUJ,1562
6BcQBSYk7XEu57et7ST3TVx8YQTRjc2VaT7MatmJ8YQ5,1490
GCGxUif2vWEVS9cY2KZWyekVN4cbvc6yHafyRTTB1BFt,1489
2Q25RwjtU21G6p6CW7u4EcZ9t1ohQkBq7y3JbV49RBGP,1586
AuXfd62CvQ81uwyuqEZGxWWk2GY1VsJU7AR5KWWjzWvN,1586
BN82JB1YqEpx6bD6vjKUMFQ7QLUSAwYBWp3AfyKfrxJa,1586
8VD34RdFiqT2dGh9MwU6D1UcsX35CVYGyJAuZpi4R1iv,1586
4Mkevcav1qVs53Mriw8BtPYSBE5pAe5iGLe62DxBQq4E,1514
Fc3YVhUiN75kVCCvjNYGuQhVSjaxdjm8hYKh4ZBBLKP8,1587
8DEECgVXwkFKc4d44ygyqXZ2BvtkCjt9iQo7Snvoso6S,1588
CqEbfAHJaJPCnv4dBAsCWm8Pd1kubfR1eQwggN31JPqT,1590
5qHCVzVhHAg71Tq6yFR3UUHkmRLTprW9CAJCgRk6yvqH,1518
DjFsk3CXL1dNWa82tJjwcHse4tTcD9tu9tAkC1HvGMcQ,1596
2uCtX6MTDTVurxMRhztH6YmKvQaAdxKNt2ybMRZTLP5U,1599
E3ZupZ88TT6MtJwas5tJqoBUdpjDC51pYENMmb9AE69,1599
8G88TSEskTpfFgchPpUvDXehKEewJ6PSqjYN1NsYDVss,1526
CCT2HTGQ39nkxVM67fbfyka4okJuNHrtBocDRxv92Jbg,1601
31Lb5rGodSj7LLNX79hYjb6a78z79jb4SbXT8vR7tZkh,1603
8PHhw75e39fT9TmcYL3rxcrySUrVP2JSa1HqQqDCunA1,1603
y6vjcqPuc23yVyMtJ1pi8Yg3LRfaGn1yj4m5esbEXT1,1526
8djp722udd5QtwYaVe9CQqMHaeic59Rnazt6s9nEEtUe,1602
8CbuU1okp2a74CjpJraS4KGvJDjj6FcDuXM2X9kbJAK3,1603
HknjCkeSvhH5s6qLUUGBPfGEh4rx4W1z3jiUSZeH8D7W,1603
Cr93i3Rw7oEUhXjutbkb3XSL5VL6vSVE5jEAMRhvX6sz,1603
9H3AogFk46Bv6h8CbSYD3doZJxxsCqQkKUwxx1PKjysB,1603
5jLqYDyakegGx2FGfknbm52eDJwaXMwZWaMCRTaWe5Sh,1603
3Yw2tynuVr4T6szCgFpanDtH4UxuAnJrbp4N6HTC56td,1531
F3uhBRb28e64weM8dbXmeG1Ny88QEBRt89X6Rwsp7CMP,1607
CwCFeAR3z51D8ff49e88naMFsLCPKuaPqUowjSNeEsGd,1531
9FDYfzpBsUmUSqMzxzrsNqTcB1FRwsLh6UpkyDuhfL9B,1607
5DvSjt2JS2weAFWquv112N1aMxkGzUmQh7wBZjyRdube,1608
7yjSiazKQVGRgmeyc7Vt7WTZQCY85i22ZPg1CamRBRHs,1609
6s1BTdrc6s3YdJDj7yC9cboKfncpcEkMtfPRCfnLBjbW,1609
A1g2J2rXV1ESqa959q3oDob5jK7UqRa1mGyZYpQr6Bea,1610
Hos8ppVfusXBcccueNTP1xoXiFGAQDwiKjPVZuUdRr38,1534
GCbgccjtkmm7GCX8or7QPjgjPHBixNos6WEfAVtjRfx3,1533
F4Jm2u643uxuCbJsUHMN7KiRjgrVC5wfPSyo3KdiSevS,1613
5fzr2Fa1zXvS7Pqy2k1Aqmby1jDuP8BHkjbydUmznVzg,1614
CPQYqvyDiMP5VEKysDN2pcdeHuAr28PQ8wHdiY311gWi,1613
E7Jo6U7hKvJLizU47QAikWh4Kyx35Rj9xx2aUjWdeNge,1616
AVXqvd1PmMbQ71bKYdxVVF8JQj2gQqqjwCpcTbcemcqz,1539
CCjVygQhZEMq37h4GT5bHh9uLmVN1canUGJ3EdVrYZ1B,1541
8wpjXTZNdavSys6qVg5Hfspk7kGQVqRjzyz6MKg5zsQQ,1618
2kfwqsou9DPvt26F9TUFQMvDtoS4Usme6vhGJNYBvubJ,1542
9vCT2SxcMY3vCYTXBQFpFxHQAmhtH33HXgpUKYqq1M8q,1542
4gu7pTQ262vKzzENindtrV7y7gczDYzV4p2cNYSLMQbm,1543
8Rwxbvvbm6cz5sWf8W4knNgMDCogYgYFWqsQi1BYrY7u,1620
3Pg7vvFhNDYndDZvLGiF7ZGnJfbJbqxFzy4iq1kjdchd,1636
AJ3bH9i6GbQ7LhzdeoRmw8DGur1PVQzzp4KeiSiXABoT,1565
HA9Y3NNquhEXHmM4GcZ4AnB28sY5Sr4ULyjxfiUfRpMM,1641
6QCpg3edYqriSipkAfCXEpZBtJeqCRhztq7EmmKQD3zd,1564
5Sx69Ke1VRGoyKxoC7gxqYP6bGzoE1xxaqCSwmTdVsd9,1640
DQdE1Qbi62ge4nCu3YvN9WdggmHZ1RMkLU7aA3S5BuE8,1566
3ywBuFpNuppPLZXZzX3mHTBwHfJBufEga7wfDwGL9L9c,1564
DwXUAwJ6PCMsbo32aK9t38YFS8gdc7ydxwTtmSqEBrnJ,1564
8oX8EaAudfqSrasDdQkNJv1gAUntd6MSAiFRXkbnVtP8,1567
4D8jfiMh3q6rNzEVqU2ZE5c3xM1UnNrc4gUTXzEmJjNw,1567
J4jjSN2AhZ7mewKkirffnEbG3faWuWWVkRLDAg3sbCkF,1644
7RCHbmFpeFumhSLuWvcUvVCkSerTm9k87qhrtxWkrvfN,1648
HjUxVFVgq2ZL1fjgA9ma6b5YATY28PnfizxU9a98fLXq,1571
FsW53THmDLswAWn4NcaZrb44HizgTiixesNiuyt4FBXT,1648
9snSrjiAzgqRfwtbRFEZsC6YwcShUzdtZko8sm6LFbqF,1648
39DSEePVJy4n3YEwwZWvTZP81ZuN3YbwVTg9bTjN6URb,1571
CbEphV6Gvf6vPJKRsatsULpHmRhQs9GA3AMKo3PUsD6h,1578
9smnrwuGjySXiq5yW97rMk44wznhFh1K3qJRaJUi653v,1576
7t7U3qAS14BM7EijbtMA8ytdEdKmcsNtPiSg5nybCrjC,1577
FFcNKZzwrdFfYtyvHZWYcHJaHL3PjTPAUVxioZsrhBTa,1577
EWkkxSTjKLWPfMgaxQYpPq3boSqkWQgkNxnQ2arKUY7P,1576
5qEYaZPZBEe7JnF6A82STsofxBYLzobSPuhS6va9iFyR,1578
ArD7iZHhUKd68x4oNAUfHLgWFA3TSbFDXhZY2AEqG4Hv,1581
iARcVEnqCZgwr53PSS7ME4Jho7LZBkZBDSH7REZwbpj,1582
3d9x6dJK5Cp9JgS5TxZUdTLfQjSbsyHRTdPHdCd8H7Sc,1658
CVyrrPLridbXoDVo3Sz4Jn2Ynvwvk4gywc7u2fbZQG7A,1582
6fVFWUmRimmrz7skJrb5gVTkorUyMSkbJRypbi7N2any,1659
EhGS19yvKinfzjUYMvCSXCrfKbsGGVtLJMbdcor1nTcE,1660
29uyi8Ui1667dYBR2VKumjkYr4bDp5Ur5yRUn4sFa9V2,1584
BKAwrTKHs3a8UAwCW3HTutY5eUeZ77Mwhp6EmvEdMQvr,1584
7HPEBorTNPZCiEeXDV43sUUj2KGwQEidBnoJxT7LgbAX,1586
E79vehzZKjb8bg2H7mGXEqKBUjcAfqiayDPrF5PDAcxH,1587
8ZHUAj38Xsc1xpRzP78DofAW9nn8BVs9Kq3eVWEHDUx,1587
6B1xwtjtnqDsUcaJ3PUtV8kcsPKxqPvW6gPRfjKasEJr,1587
9LWTMCwe2ZzPpt7HsJKUJw8zDaC649kvPdEDuuoAw4nn,1587
DAmi2kd8MrGAJN1sXNKyxDynkNFEo9kqF8aK9KVeD4PE,1587
95WjBfCJoGfnKhmK1p1pDNoLzbrjbYusRCNmaVDVZmFx,1588
CZQ2Q6Ad4X6fUMzkCEAMZE6c12deKazUbaPY5EwsYNon,1588
2WrN96AtK3C9cgHgtsHfAdFmGWaUVk6sJbqrHMwQd76e,1588
9zfx6YdKWiEax9XMrs9JPxLMHF8rveEWgJmcRC5uG3m7,1590
73JZP5Y9fXCeqtaqyLjfJR8nFRPc57K8exnzKiQHFvYQ,1588
6DrKFyWLHQTmoBJARxTkMa8wbNuPv7ECHrMmV8U5FEs7,1665
BgwM6e2Z2hhu4F7j9k8SUTm3DqiuSP2gXtPV89axXvnW,1666
2rTtjEBk55go72zEoggyhG6CapMfkVfj2c6RfdYRpkNG,1589
6SkqVLU5hXZx4deknyNSNTqdQVGaJkqvPuxNkLoGgqde,1590
5TvhwXs2g2XTQxf6KfiJL9FJX5abXaVjZFB95ZDKAcaq,1589
DnSk11tVB4cXpKtCU42pxCNcJZ4cKJn3dUyFNzj5uu3F,1590
32wKKmJPNAJTGoEjeVqmQPvaPJbz6sCysSAMQwmG2Lvm,1592
ouQBsxydNndq1QyJLzUH124NxGgeDhLhwYW9Zr5Xwd3,1591
DRmC8LXqrsT1zHhjZiVb8RxEtBRe3vqv9ak6TeJMdDG2,1592
DmFXaJ7tZB6Cn8uD1zwSNcpLxpYcDkt5Srj1a6qtWaYY,1591
5NoXJYuGAgms3NZC6KazfhPkkaNwB7L6ZUs71YrcAVjt,1669
2WSPTM2B8FRyFpW1UhQqDNdsGipcM4eEHcszV3RBUeHE,1669
6eo8U8RY7ZJDLD5FtAabq2sq5pdKx3Qa9c3Sg3SLkaph,1670
1WmFQpWTCzLMzLPvK3T62JgCkE8gj5G9tDA4FxLu6Lo,1594
Hc7hHLnFFnx2kPp5iFd9nvBvtE9yDtxDs5K9UVaeZbb6,1594
B3qBD1yibJjLe3GhsbSqmoAbGotfqyqoX3rWHKBmzXVw,1594
DK9F154UCMX1xwJHdxDp6iYWPELRzqz2cHeg2rf4Y4MJ,1594
5EnaqPkJi5AuHboRPQNhaWbXXxwA7wSMFrmeKQtEAYQY,1594
A3YZoJpcS2gWSFDWC9NcMS7j22XTcv9RvRhjJkW12pdA,1594
DKE2BFP7iDsgdT18LvmqnWQw1g2cQniK2ypsWBDErWCy,1672
6eHH39dPy9WzXm91gEwnpx5acnbZS4oKueZwKpKDQSpN,1596
2K9E2eizSS1zbJEBM1CfGmYEAJp4a9V9iJUyGQGRdpSo,1596
6JCeEENHpwPa98jpF1DBuVXYzKS7avenqMhtmfLiABEB,1634
6GMVpgKzx6Ki6T68hPyv5okZshire4HFKCDCT859d3rA,1635
4zeNQCSzuKpyX9PLZ6bwQMtmDL7YdBjUEeyUDfi6uFcE,1636
6qZxmcmD4pLEXsU5q7VCdMNsbCSaX3Yjt8TpEKyyAWwB,1711
9G9c2iVe3hbNwpQEajTAvukVbbF68Q8e85nUUC3hnj1G,1635
Au6WTCPoh4sjSpMVk3QQknWh4HhikFCyYAme5gCKVFw5,1712
6YRZoXVssoVD6sUfc813C4qsDqCJDgaQiLMjFfM9ore9,1637
r7AGuEWhgU2vnNP647w4go2er3akqfEyXMtH1tekMMN,1641
69ovBwXfzMscPm1q3dwmS7XATzpzQzBRhYo4pTR2m83j,1714
4eyzKPbVezTuC9oGHbUpDZkr27XXVJAVWEM23qjtQkXy,1639
To5n4eCy4RTG6QYQpNC72i5y7SERb1Am7Tgsg1ZPkeK,1640
F89k7knGbWu9vsmngpPtRM8CwEDyea1C7YmjEk6SX6sM,1639
DqWBiJGMaiNnaiRJv5Cswftnc6VkfV2v7enmw6LRqQE1,1717
8yKaHJqVmcq6QnDwGyhgRqei2kYb1LikzbkCvvfepMCf,1717
4SAH1TnYfGGkUy4NMfQCLrpreMRJCUN8DyRKzYcuFVc6,1645
Hj4oj6JV2BkmojAVfQ5mLpQrvMMf5AN1Mzx1WG2dYVST,1641
42cjexZjhD31fD1ukppah7HoxX24RWfnGDUZMBjzY1qq,1659
2A4scCUiV4EXLcRwKsTDEwL1cHnRLkks5k9nNQf64Hbm,1662
DDdfAdpin8k4icociJxrNdZjzRh6mgVUkBrSsUzZnmhS,1659
ETRbMB5XmHMqRAUPpicMPCjSALJErki3N6xkrwLN6NpW,1737
2YQZMWdLd1aeXHnALeomF1qnSNBdxWChmTaGZ5EfUzBo,1659
FzzL4xyH6NWiKGzLaEhtcutgLfe8yopWRmJwGbXNpw4Q,1659
62NsAkVqpUFg8zCPqXD8BCGmRfnUxy7zMpGDYdfyri2Q,1663
4TTpV79nK6jtGWXREEYziiv8uAtP8RovYZYaDvRavhy6,1667
HNHtciaAvyeWu4CA9ob2zJh9tA7jGEECxjYBhedCgCv7,1679
6buXWp5C7wo1aDJbadWBbEMCpDABaGY4ivXydJkw2UvU,1754
7BhtkTcwWprtFF2Jqx8hUdwLe31nNFf2dCpF64PbWB2P,1681
CgK31WxoCefabSpWy9ZcY6XYet9p8u4KVAqrhg3ovu15,1726
F8S4M7dBtxJkJMmoD32GD2n18gN93yUGV1AepN4pqvrv,1715
3z1icaZ9iQBEzruabkjCy4ccsbyhzs29yXB4WKYKcJN6,1715
CEYJFC9d5jB51s8SbDBah366jTkKDqqaVML5bMRktWFh,1724
5jRyTtHydwesSy8QoaiYrNfufpgfSsJ2zbev4nCFPCZf,1798
FtvK1RmCYuf8fPnXy5uQ83S5rBxc5ZgFZcKFx88GKG2C,1799
5R6Z1wFvbC7TkK34KfuD46cvahG89T2E5ht1pgEGJRCK,1798
7V5sCRDSPhEdV7wjPS4hR8USJtkYA2KEWseZJs66HSZw,1723
9AzJ7cQ8WULdDmrawRoWY9rf9KaXyvWHHPMHAaNM5TzS,1726
BinyoGLDuiCtby2yfuCKrxfLW2rxHu7dpm1wQRnq6aBE,1801
4fpQcGB9BbVeL4AK2WVgMYb5h7CZ2wVWaSRQ4R6bnPDc,1800
F3BVXFm5go2rQs4Pm3WLC9uxuJJYX5LuWfjK7mQ4xDLX,1799
4y9FtvivnfPNbL1Ct5mF63T83YCUWeXnZiwsCvBze7w5,1723
AYREMriemhvP36DJym7Y3TZi5LV5b3ooHKvxqGAFdynB,1725
GnFNTEpnRvGaLP3tXpxVjwE8LTztauqLurmY2F1kohV6,1801
6hNxfhYmCZZ3WmoF1ehSwVE2TBBinGRFiG75XvbSgBqY,1722
At1QpqH3tNviZC1fRvb1im1wD8CLdUsgwSeFUob8dVTM,1777
2v4HocEHXADMQ9U6esyCbUsqMH1tfeRGfPuwqFCPgKBe,1776
HpJ7cWXvTshxTmipQ7ZH6f3PyEY3X7M67TNzuGpX6LnX,1779
7BTsHQ9aMVrVugxVmyqhcsTNHWx7tciPAZKB4otWpMVJ,1820
23RGFqZKZgRJGxSjmKGEzKn2peWCWH8xYKhnW8BwPPL6,1819
GAszvEbdgHhBWxwG8EyFZYyvZ4SyrEczp7QYaeiQcQL7,1896
GEac13BR2soSfxqJxCCaucaepmxwUSuMEaSAe5DZQbz1,1896
FSA4W7yUriRKa3FprSNkPtjWNJuAEr15KNtR5jqL8Sus,1838
CbKhhDbDxU2znkj2H6RiSSiBr3BxNdfPekT4jjUiAL6p,1848
8MV98PVgu77cfA58JYGSXgB72kcQLMjCuBLKBCyMoBiy,1930
ESQRPh71qb75ewjUUxcQ1vQ4a639dcw2xb3HrcNH4oHY,1930
8aMBWSoCj5aVqEPLjCfqAqB9UCCN74jKkaczBpE3x3Zw,1855
BkxFSaxVj5G1PqK9Tiymx75k4oKiyX2eByZfaTn23tRo,1928
EdKQCDZXkMpmbfgyAnafsqwACPAkAcumFjcpSVQEc6iq,1855
J4V8u4W1s8P4mcGCpWjdAbRzdwKp6nXBwUzJTH469Ujg,1930
Cx7CPBRoJuBaCsbobEC6dC1k7RSMmD7ePNsZWiQdTkp5,1839
78UfsuancpK5CTkMGKGNPVSRenrB28RiQvrkuVgSmVGB,1857
31U9nniRRt4pb3U3LzEZpt8wH2Ed5FdSwwmiab2oJgbe,1856
98h34QJ9JWP8iL3zgUHqnVT8LuLTe75c5MwiL3c1FFJd,1931
7odXfA9smWx9EAVUcd4HVUpB2yTojXaK1fQEPNCXGe8t,1857
DhUyaNDh7NMBaHJwmt4FkMMsJvvULBoM82ooVqoJzccP,1859
DP2gRZXyi9Pv92MwDSKM99S8VxUQy6rrGC6AR7NoD9FE,1934
GSvwcPo1cUsbRd8HjMsEiA731ijWtYGNgVhbeygpCNRm,1937
626PZiRb7CEtY8rTzp2pBtVtcuAWDgwXWFMP8LthEkvj,1957
2kxTr5noAowecgn72MBm5h8QBKs3ASsxhz4btedGSFbg,1881
95F7L4nVdksF9cuHNerfmPP4u9Xnh9M5yy5fcm1BZQkt,1955
ApwfWgm6gM1s8y1jLnY9WNbZXmAABrahmKysssMz9AKd,1955
Eo3b6g22xWDoy3ntG7CUwGGSNgJDGBJAwN2Pp4fniotZ,2256
C6WiPxRqRq74w6bbmDxWJJBCfiAoCpegy5SNRpnXyk4W,2260
B4AfWB4P3TAabvYtpgTUaaTYYqRj94Z2ZKVfBLCykgKc,2255
C8DNofCw5SHpMXVf71fZYjnqH31CyFZ62F2EtoyimUwQ,2258
9Tmz6bC3wcebi5tWXDPT1SLb6KoiKtGKHVFBBFf2HGjJ,2259
2H5B16yLt7mV958UAb6QUcqKVs21SCZJd7LwGbdhVpwX,2336
55n8DuEzi9LU3ajYByG3siqFxJgckSAUvPg66sM5DLyH,2334
FwabuoWE3KSN6o8uo7aHQcG3TETg9hdiTyCWdvo46pKq,2261
GToHDjunMvBPuVAKQTkYESbEUCz3VHNRx3DzHzLKAvjk,2263
8oJ2HsU7xLm3hiKbdGvmjYWF5kfM2eHKWmb6WWq9DnE5,2306
CMvdA15VRyk8c7mXundg5ceWH75JKQk6r1xxBZTyNufS,2303
3MwDDupYAGTpZ7ZEv6u5ifQpP6oyQrSabLy2RMzQq2F8,2397
Ew3BRXeF5byBj5QU4sMif17nx8MGmBvy3pDF876CPuw6,2406
CSpNuRiZSFMWncDEAZ7F2LABBc797a2x2GXGaGWCoXm,2412
BKe88PmHyWmjkkxDv9ZPpwfxxWZAEgopyvZ4X3qTw5hF,2506
BiQpZCErd5fszad4MgjyGXzrGZuBWqSX4jJry1nCF3hV,2509
8CjsGiooB1aoS5xRLVJPwzJhDnsnmcLSUyaLQXqSf1uX,2637
E8YftVZWKkd8WDMMxNnubnAhpeMGGxwanvK3yH7hVcFv,2634
BjGc5gTQw3jtnGcvrU4j9LPT7MpBvqDcHuZ1uuB9o2wd,2568
9DVqio4BNdTMtcsym2Wx9fa4w7MD1VvTeHVFMi9LBGNz,2678
4fA3GJefhLUyuYcfs8bN2TJa5EjEvTdvGy7AM8z4wLN4,2680
BLF2RVJK3bwXk9j5saPSyayXscZFoHNYn4KTFLc8BdAL,2680
Gce2zidC8wzeDrS4TTfP8XjGVTqiWjj9KH8Hk1bWoKEa,2681
EpBUCP97XDS2BjnN9kUJ3L6k3epeErCTYDC7ykarkdsA,2683
3zsYdM5cggFBz46RaGkz9WuCt6Run4wnhrtBwddbqAza,2685
9fvEwzs4CHGZj2X3B9TzKfoRWLJYBYHL6opmm6VBLG2g,2681
Bzduo4UftQmDcer3yVeAUKBe83QHzSuvjBCYP4XKoqck,2682
6fWTh394ezP6Q1udR5cizkfMBbnYJukzPwShC8Cuhh8o,2688
x5nTjb2weD5rp31EeEsGKy43CvkPxNWG18JxDEQm7Qy,2692
AR9xLYg6Jepe6BDDxayF13SFruNQLMu9bgExW5BCixN5,2697
Ex2ZgkY6vQ2u7TfwfkAh7J4U3g8Ji2Cn8frMrE2C9N5f,2698
2y9XEnQG4SBoA2gQ8Wt17hNfxzxJHuHsdRydc59ZF8o1,2700
5Xmi11dXVBj21SyUtjMHdUN88LFU5q5poiyN7GUkXEuG,2704
8o94r5Z72HLmgTmNfUTbLuah972ZhEtbvywTuR6SVTh7,2704
5AGXr4cQm1GeoY4JZEHDebDHzQQB4Wt2YLkN8SD7U2Xm,2707
5xtTd73cEUXfxoG2Fef1VwjNPcAjC6iPhdp8iJYt8FdB,2723
AVhfsFCcuBXU8WE7b4jnJyizDRssgu44BThN1sAaYWdi,2721
82NvqZyQxv19ZpyVzXrZvDbehJVSDadm9nQoPWG4nWf3,2731
GXoDEzzuXhLKfjW88iPmiPwBm2kPE7bY4pfk1NLbtu6Y,2733
6C3iiFqUVi9zhvnAP9wj4DpLZWGcvS7qMHo6Lf5VeERq,2741
E1kn6rtwkmRXvGZXNzbfsv1jndHiTEMFUUdqkYP3TMFm,2674
5bCSyyFLAuShT4qh6LvDR5WMYJ2iDEGrRRnMak1ongz5,2675
AXLm6yYou3x9FPNUnLGttMibgG3NwjaFuwkCUw6vBgRY,2676
F5rpJgJRMk8JvnPPojTcizJkYiYCMeZeE122nTTBE6MX,2679
28EueqE71EUYgsEx9av4AXhoFK9yki6PfL3Z6Y5BcdyT,2680
B3rxinRwG9hFmiDo8cuMCQPUJmzciVBTB1Kd84SMxSFf,2754
9agWS8UKFzT4CiN27jSw2j9rz94Ws8B7ABqZfQMbDzix,2680
BiYpH8y8fjjG9y2fKQbtVtevUK2oBRMfDuxV5BLQqwQv,2757
9CMBAqwBse6vwGGWK8Ud8UdWYrKPHwJq7Bb2Nx8R4ei4,2685
A6icW1on5mV6zCGrw5MJjeiP63U5wy667cHYmdYi3a7n,2758
HGJYp8GvZxCAWDxpYn7YqVpDhhPVkGC8xwhA2pU9CpAx,2757
3JHWYv5ey2kUYfrj3FGzjADLqyD4ZFqs2eDQDA5EjV3a,2684
7uVfciiXfiPyrugq6t2y3ca3vU3J2dF59dBuq2rjawiV,2763
ie6XuEPCEyCQhy9dFVyoym5rQeucJw1UA6M9FsqFRsh,2689
7pKdMGS5KFn3pQZw2mEWUVJTTcFae6U9MimDLFRZus5U,2689
Gx8ZDshkMex5QC2mVTUSUL3jpP3JoqHjbNF6i4byGY1n,2764
2pV9rHL1SZBeAf8dkX9K3yPvWjNRP59BdgN6KcJpXa14,2767
H6NHWs5xWpoMAKnyeTykNhvjA9CP81Rz3mFNaWackxhU,2764
XZPAGRR34gHLEB21mxMbMHtUHHTpzXc9ntii72GnF2B,2689
4aiPFUfexQKFoRoErdQLhT7B6dJhrUEwSAi39eqxd88f,2767
AKTooZh4vo98NAhMfS8qFQT31tiGW1LG4yL4Vp2PkH1Q,2787
JBH6zSZnsqGR3rRdAQn5vW749tqAzvV53TX6TnQZUArR,2729
33NQvDTYFKhMRLsSb3TVoRKgTVTqv714PFi1pD1jytoC,2806
DJk3RnZkA56dExDijwv1zEXsqoW2FqCW26wYsXTAs1UQ,2837
HdiQnKBr1e7ryq6huLs4ed2p2a7rp64EhWkqRrZVZtyU,2851
7E1BQr87zUFfomNn9XNy68PxpXMBd5TUtJxth4fBq4tL,2863
7w2MsSxJws5Si2QirWMVyuSVNowdviKjDy5WuZLQcSey,2875
8agLwr7iSCQkRawgX58HnPVawqJcJakkXDTpJeA1ipPu,2894
CggyJbHVbtTgP5SthfXnwMNRgTZEfZq1QtDXnJo4uWpt,2897
84MeJeepb1Y48fj2NN1fytTpN78H22MeermztuyKRn8p,2829
2kmyN8s2xKBrMcfNRk3DX8D5BW8fvCm3knxHghKYAMAD,2907
3kGURqwxg6D8r9hJrf5d1xMfuJWsWTynPUiMSGSXJ65q,2907
7PtqpigjUkac8wZWJv1DhWXwWAzraSUA3VcfPXtEaJcd,2908
54sQuLndNA5giehDPPnzGGTvenw6MX3kXGM8jGhW15sc,2907
HtMqgJrXKmX8fxn847hdHfpKbPzgxvxL27ZKL3H2zDEe,2826
23TgNni3idRWnfKph7isjpRNrVCKoZEgjRyrqGP5iSvV,2828
BCNafMQZMwGpKSF6e8ou2VuKRe8mNt69YP42j6KBpLbD,2912
EFEAHrmf2b5DQfHzD9zKd7H6BZGaeHuS2Xys9pSkmJbk,2833
2CktnQbf21hMNrsuSWhPa5NVCAsMCKtXKbSxwTzMeW94,2915
7NMoHxmy9XB8v4R8Yc9QVdFPMrMuYqsqH56bagtZveso,2920
2fZ4sj3fkn161bQUXt65zAYa3bdubmqA9y364v63d8Bw,2921
8C3oTog2LWqCFt2Fq5qhsen1gwbXzwTjjV2HrX3Xa5Q9,2920
EAic79rfCf2LR9uxNjYWRF8FvcGnCXjF8tHujPHA3AUc,2920
36JLAPrWJECs3bzJ5PcABThxnBH874R8ucXW2k5f8NcL,2917
GNfPwnSVD9UBAtGZLEnL6SMpNWdXvAkLynieSxVEutij,2926
F98wLC4vojfMLjvxhiqK9HMqcawEMjByQVG1C9a8iTJj,2926
2Nszg8tk6MMR1EkGLWqou1N57TfZuGMLFYYqKpQoxwPW,2926
BpcdK3x18yiCXfmzTo55hTxz28X2yqJanMrowmq8zp5v,2928
AcQULMpf1BtkQ7pPijrxSLnpcr6ukFgL8c2FNCzRYC76,2850
EHQ21a3T2DBgQwjALwHJKMxixax16M1kp48tpZGQqoFm,2855
AHqTY2ViJ6uhshoRMNDzQAZwEHnLpYcrCPPHfAUj4Qna,2855
GsEonTefGpvjasjvvzCnDLoecAmiQXRtRkNyCE6B2XjY,2933
AnNPyxN8yiE2Z2a5quXeDBiQFfhEtBRdF6zq6CarQNXB,2934
D7ytXMgUG4uEgfgzjPsiiMBJRxHiLD9YSmGB7ur5XchN,2935
3WoX975n8He6betGm4RULLhPADyyPPG2D8BmTyCwFoQs,2937
J53qainRQ2rvW39zykQcKA2MRwyVqi9k8BEsgZiJ2tvH,2937
DuuW9L6VcoWWi3UFK1g3ceVebdFVB18S7ApeEPDtJu8w,2937
8cZohyFmPQ1LYpJ9fEihcjsvYum7zm9HVu6oFKJeavgW,2937
HhDZnN1aaG6BgZ6d5BJGRtNmWGG9i74QDLC8hNwoBGVk,2862
DAj1Tgg2XcSGci47fxuYyeBByNBnQzxtbnogmkVHpair,2862
D8DAFv1DZG7ZJpSFa6aoaXQtiShdJ2GqcsBBPfnsQ4RK,2944
F21H7izhbGhmS9zVuZmMCh6uAPjCzbxcJ9rv6vputb2a,2944
3sBJBwcsALYn9jHqakH5ZrArHkcxfSqhsF2XtmFWrP9e,2945
5TH7nNTGvzeSzUh6SK9se5uvJ1nRAYq8Sous3jYBpyaY,2951
Dxk8kwffUuiDViz7kL2B3xbep6YVwMEyJbUyJ8VTJzEr,2861
2mwc33knWkAoB3qhVL6EPfqLtr3n68rjd2FuWoWdWzd2,2951
C8GFZ6JnAN2P4ewNa1CrUKY9t4Bm4fghGp5feQiZo65M,2947
6deHBMdHCCATLr2iVPiCW7QbDrnnX2Ypu36xcyoTAQVm,2952
8z2YqLp2Tekx2Cyk38Y4L7UFtV6PxvPYpWhufxycuXJc,2951
4awUStFL8yDe17gb2wS7yRPq3d1ybKbKdFqC3v6qeCL6,2952
26c8UfcDGBMdS5tCKq6785qAguGq8sXFmn8Hcdxvii6J,2949
J13N72jdeEgnnt4ZMCv83ZsUkK5pdEYiWbVe1UHiWvJY,2951
HinTGEFowGkSwz63sYb5H1iYzBSGFHr2q9rbdaATh5Z5,2873
A29vyqeqzhFqM889o3ZNXDqLEW4Yrrgz7Byy8GRekNrw,2873
FoKLtEYLL8uvMkf95aQLESerTaXxcpey4JCPfvGKgqSV,2951
2DBkwBJVMGAg1TYJsMNVeBiik6RDncsyZY3DzZk7e1DZ,2958
7XxxN26PpAT4pEx6yk6mrAXwtikzLG6WKuh2TWM9voHt,2882
F9bVH2Ao9KezrJ1vZnKYsiavNGpGMWNKAZRnEMMetS3L,2960
3g8fjnnaR2eitnaC9GSxXWpWjLZTCWVwuQR742xBbhEm,2882
85mSGFpJvysvvum5VafHKTa6yqmeRDeAWNzk7zcGJFyp,2960
HLzcZviS28rkpWtDvLk9XmCYJSava735XTKwsMLpHJzx,2960
Bszg2ZmALWs32pVSXKvVhTjPsn4yKprjz23veQ2TSCE9,2959
5uTfTJK91nJwsFDQz4dRpTSfSjDUYh4ShdncPwyXZVtQ,2960
8HYi2pZwxnRqLy3FimvTsWPXqEN38xQrLRZt8z8WDYgy,2960
5zgCigacZBGHFRsp77NE4WS4skDCJd85TiH84iVzGfLa,2960
o7oPbUFv2EUFP2KVjgbRdZoNZTvJjqBbaf8pAJCsrVr,2882
3qU7yxjg7QZLwzizrERUYuQpN3FFQRKEhZie7sr7Shsn,2960
GkvjmxfFafmd5jQ3FYgJ2N9u2VsyhgWsqvyhcspYCTJ4,2958
6Za6UXDbJTT5JLYZzJp4a8ebkkSVcwSonjKZpFhdijdx,2895
E1tJMtV9GEDQADLXjmQmzDYCqcaaQoEVM37VB2vHv6Bc,2970
Erp4ez8RisKwG3PC6SjZC5Mhs5SSkYN1jXGqhDZeqEno,2970
DkbK616SaYaUs9APSYj8YwXhsxFYsK5ciZAp7Vd6Zjej,2970
2cYs6te7Wqr18yQy2zt6Ex8fJbb696YgQE9qCkfJjVyz,2892
7wvtsVRQsf5Cjc6b7PyY39LjGwgcfAZDctUthZRLGkZ9,2970
42qw92wfciwKKmLtfNCuGawB1k91ucjSj4XksXJHMzVA,2970
DjfRMEg1CrQS3KMgPCzsYVYHFcUJeF5YETx13hgu2Lb1,2970
77p9Tjf4QJrpWthJAUP9aihv3i1s88xBpdTXKoGMwDpp,2971
CyBGRj4Va6rwyprWpiq3Yyu2pbyL7GDVUV3ek7itdTcn,2970
EJTMRxN6m7gZENU3NygKMM3irwg74xGQkBmTi3RCt98Z,2971
7UFKskTRmRi6BSS5G5NvV7pfmwB2iaRJZxDVU6rCgAxR,2970
ER5X1bJaLZ3BX5jGTisST2Lypdgu9Cu7aa72j4BsL9ee,2892
6ZoQn6qzA5vD7pXUQsVx6bRruwgQmFCifKfWeiWQPZwA,2888
C8Anca2aLbv9QCPX6PM2epaCMa3MrTbFTHaZouxBwqAw,2970
QeX9KPnbZ5uYM2E177pvdL59x1uCrSqKxaHkuZ2PtGs,2969
BfCY3gFuhiuQtNymhhe13DaijEcQSkypM6g9yyYob9gM,2970
8zMQCd18vkEZS6ZsJPCruvjZjiRGQzwdikJfvz9tb94o,2970
8J8MBiiMj16vwM9cqV8UQnxNCVtf8LaYWmmhQdvdHKkG,2971
JCBsNXQx1VJDK8Pn3E9hbUQTnjwBktVjrVUR8wLg1X9K,2971
CYbzStxXwD8oGhCSngXkrvs3RnAuksjiETruJigA84kz,2891
GudDMYtCs9MKgo2PCbvhBz6gP5a7kLXSQxi2q8MqiBra,2971
6wNjXbivcsbqfUy7KEHH856yq95RrYt4x3FaH447dE5n,2970
FSwsUcYWXDAyhEEh2wJwA3s4LxEEHAPyqEcc4YWgpVtz,2970
FxUp9zC3S51hoXmjywAR3PmAvzwjFrnh7RSTynuKR97r,2971
GyRDZu2no92L4dXvmDBAvA6ewPepg79GMp1NS419gg7N,2895
7TYcX9G4qqMn8pMbzAd16xWWN1t5AoN4SiXVhuxCBvJz,2970
6YnL9PEPkC7d4nRfQygqTyMhPqtHNFYpayD9DbYWZ6zq,2972
7YjoZVKRF2KrbyEBY91y5N1ggdrAjCJ1Q8YshHD1U92w,2892
9LwoEdpU9CQb3B9inpoFuUxmbPQqbZsRaUXK3jQx6Lr6,2897
FD3MU4ZXTXcDwWfpSrAfwdcUYCTjrHeMfLytaereKBSz,2973
HHBgkmHoGZrUQ7A9bZACywWvfTpfbHvygZD2zuDULdm4,2970
BmgrkNjLpwrb5h9PrUbCUQNqUVRXcC7SMufpAoXdr3Lj,2974
76V8xQShUhKTLedgJ6PbwM4pL4LYQCTYcAvsGS8ayJaS,2974
Nuv77r2w4EbrCrb4suy3M4TEUjV8RzeGcNy5HcdxZny,2976
AM5AiggPgL4b7w5mZM9T5hErvnKiuCXkVk5pk7tGYhB7,2897
4nFYxGhRwzyDy7sssc8A6LdzkQSAjCoDpp71ARzwoTCo,2974
5GvZTg3Qam6jcqpqJ8D2UzJQP7ghNuQVHayjVE1J4raw,2900
AbtStsuvuUpdZtnFTCn1BE5mjBeMvWx4JH2nWgVNUeYp,2982
CVK6vofFDgF3AH2DjyQoFCVHRhAPL1KVcKhdWxYLVbhf,2982
7YWuqWJu63sQsuqqXsj6CJaoRovTkSw6nD8BxuQavits,2980
6MqZ9cHW6h77rHQAUmFERRUpbQwKZ9AYb2ovEDzsSfK,2982
CvfXTNj9ruE5bXW2aR2NHTnZweh8jkGK9QLtZo3Qewfq,2983
8QchJAmfmVBPAV2XPcD7StXV93SYTtyinwvB4YR9MvC9,2981
2oQgU263mH2voGzYt38dUn5pi7oAxnrR8s8k2EnMyZma,2984
DVApvm7YH3Uymbp93VPftW32JZJJEz1Y6NzwH5Pm6Yz6,2984
qpLFiEVTGBoxVBtmB1Nzxa7SapjBM4sxnaxYE7v7Xan,2987
3ZXMRPDy7EdteMBdEamVmJ5pGsGfco1jS5QVYpJ6h55B,2906
2fxUjKFBN6VqeHtUYhwZdPrGd6zgc8boPcTLnrF4d8CM,2910
Gj3KBKmewvqtu1rLE4NvTvjVYH8e2XpHwYY2GqDApL7V,2991
GfEDooVBexduspu1GMutzE2kz8X6VTvAeuRBWU8aJPMS,2991
AJLKTJ9KVNnKLGF2GyFx2jLZJdXxSTKMQDkr68ErdG51,2995
3Fzjph3fW9eawdBRBJePD48NC645KCUGbrHhSdDCENoj,2992
FjKdwQuFLdBDu9LzavgPctM4xQi6z3vh5D6fDR7tEGqb,2997
5jQJ2G4pyYpyNKk867V1KeMFKJKNYrcRwjB5MtYWpXTB,2918
tDEyyXv2ZFGzqqDJyG546J5VU4RHmQWdoaT75BhkGtT,2919
9jUgcqtr9GfwNrTm6m7xo3DDoy188HSHZ5mKGZYXUD4o,2997
G46Z91T5VLaAD5ynPxUH3XSfFDVxNbZe5PzCqBUCy7nK,2997
FsZXDW6fXmBJT2MJfMSFm917WwH8a9UPq1DiUsp2PApH,2998
8piFw5qNspNWW4RcjrcVBAAU4ven5hjcEDUSwnFJkVtA,3009
3GEUG5rmSCDSXWpdr4asiH1ygG6Xm1GRTgNUNUv4q5Gq,3010
F5AAyZrMCU7QsfmtzMTq1dJP28S32XcbFBbNFgQcrx8p,3012
GJHrKMieD2zPkkZ8Wrpxvkaa5r65cuLzfv6upAQ3bvJC,3012
HEWTYBJffoKEwfeSNK8H3f58mD1fcSYJFa9xnA3zcVyU,3012
14QHec7AP6hGDddZvXi3btQWHDqNyD8VQq1rAZFYg1hK,3012
AjbyZvAFyEUV61Za3as7i18GYwc6fUCzX51sR2rQHL1u,3011
mpYTjE7mW7r3mPYSEa2hUxkf4MgMT1ru97oXJWZW8EV,2937
DEmYmDJu4Kp62UudZx2qTdLg3pQJgjC8JyQH2LXsHicL,3012
8amezJEbM4P5KfmzaWvBs6c71PBMnuV4tz1E4UfbCms1,3013
14cMWiNfSfkwcp5PCBw93b6oLgbkMXB9C2wEuzBdEs2k,3012
6d7f4to3F19LBqvNbBkv8yGbMdPF56DpiP4fkhJj7LbW,2923
xsvRLfnY9osLjGp9tiWafwmkA5G9m9fHNTHYLhyjCe1,3011
DqnY8wsv4cfW3vTLwbL1DTunZ9gC2zQbCPUoPBSKjdLv,2935
4ywdTdL8KLGGbYnKLBZh2FFAWNu19Fzt4PRfLGBLTcpZ,3014
ASoFZxwjUuMXRW4wVNyC1toRSs2G7PJZsdSKexhTWsUH,3014
9Fd48RbXQM1ZzAF8a1rXfLNSv4YCPFoB1vPoucUZv6uh,3015
CLqzi8rCP4oZ2TWZYWdkRYLkAC5u6hBwcgssc3eXTAz1,3016
3YwktkKfC2agRGkmTNjo9e2edWSHEg7iPXJxg2FAbLgT,3014
DZaZ8bELTAELowjaisseKsiH2N2YPcoEvmrVCY3EA66y,2938
56tV311MBPKnMtGuGKMUR3Xf7kw5cxA5XrZhzvA5J8U4,3018
7Wob3x1DnsYpL4PLg3h2LgwSCVLpEqEXLXTFJDgxHxwZ,3016
5YhTCj37B6goe9R224Bx9gnPu25JZ4gcvFtDFmWQnhWj,2937
AYLEK7yPwPcLH3W2eHspuzU4SfdzkpD6dsKtkr7zutud,2942
AQhgr57Ei7htg3dGngPazKAiDmtkAi6CnBmSWz4urdoy,3021
CroipMzJsTeWKBSqHQYLmBNrWA85WcYsMiFYHjijiL56,2945
EJ7QEnRfwByGU4fqDSSyZE3tSTPppfbzN2Pa2iE9B3Wm,3020
7uEXuLYui2EVRxCrTsDWsC3JtCSnF2DzyS7fbpeYroHP,3021
FUrkPGCZrHHXZ7T8ydnYkosYxJrhmznJWxtJP6PYkMtS,3021
D7Jiryx8rFiFYzMRAGrakLiqC31NbgExLnuwKnkj6sVD,2949
4LBn6q9dikqbLdYdWfqdaYvPey5g6TGwTbUKV258nCEe,3026
FuZpurL5TiQ5htTvKkhBAMmqt3HmPtV1pCKyEA4U41e3,3026
C14kFKQi8yTm7gKrTMSuebkV7hwTasj15aD7Rd8fVDa1,3024
2pV7rGY4iy3BCgUVRvMq6ShN9hvevidyxRdqZpHNRKbr,3026
37r15EMwktLRKnqDPp8ib1St8FHBd19QTtgKxSmDAt1j,2950
7oaExpviiKLo8f5yRds1Nm996Bz49z1FrruZZ6rRk9xb,3028
9dCnaY8sMKfkM59b5eh4WqaSGa3KBnECxusdxgaUNooG,3026
A8WppBQU4FRUKZvWRhACtJ8LtKqmJVdZXmJPNaQn2csx,3030
6sb9otASmTVnTrtARrc3HjzYTS6dnJXNEPGVQac1vkq,3030
3Njd2S5DrBewgp7B862157g7kUyXwPtjB79AhKMBBZih,3030
5E1c3WVc3sa744HmoXGZspyKgZnK7v5y4hHPhUGjCU9v,2952
2yFjDszpAqjswaifkuNkscScWLqQgdKxuKfLAxiW47e1,3033
J3PYhV4BNhYnvN6TeyC2hb6eedPs9oWMHNWdkcVG2QUj,2955
6UivPhuZUzk7yT49Hw29pEPfQDNhRrhZ7AqHNW8igiB7,3032
Bq6aqRqA27iTnJ5JBvnYPLMAG1JV78oic7UAyqwL3tvz,3034
Ac4fD5LNgrCed24rdPwtVaVakwHVdwEd7bRs2KAxZRqD,3036
FFPveey7b1m88Qqz48qJ7wpT53GBAx6JYCiRDAkaGm36,2956
wuQAU3rM1fYr2qRpfBvDG3kspF2jzU3XeBp4RWJZRvH,3038
7aBxAoqDZShg9zmemKbpymAP3rWJqLxbbp8P59wiTnhq,2957
AZSVt8aixTuZNqMF4sj6bW3wvn6rXQ88R9WYh942Lm5P,2959
DrXSAYByxwbyCNgC632955xtzUGxndVrzcvysS5kHtCs,2960
FNcUr9Gmvd835ewonSQHLvUF1gdcbauvQKdtzHWRuv8v,3037
HtgTWpYb62BEnba3e7QaQakjx4pfKb2HgSPPUqPfKbQn,3040
9c4UfJK3Y55kiycTvGBZE36qq9RBgzDGrVysBPzYZe4Q,2959
8g2ndhWZuud3fcMZiDjtN6GBLBt95QGTEHb59P5yTYuW,2962
8KTjqdprNQ8tchXFzvdhiHm7P5rjNiEjueCDMHNZCvSU,3040
E6MKBBPhZxeudGdKg7m6i8WvESVtyyZ8joyaBoCMz9te,3038
UZuX8sER8QopBjmy94dWCUewCrRGm88mLjnZT2cB4NZ,2965
CNnu7APfgSVEwes5FaVffQR1YQy9AFum6qkXkm5JvehG,3039
G4WvedP1EbqKShfxtUmkeanbYnKnsraaAAnuNyUtexyk,3039
9BqxPVm9ms36z7qt21kkDuYEzEM4fZMXpaWZu7bvsV3g,3040
DiUJNbUurBZ8bXiKdp8hg8QGy4wiu9keMc8gk19RGPm2,3042
DqoUL3qVbch8BQ62WiGvhfDqJ7nqigsBnmu698xcn6Ao,2953
9j5P4oTqjMFH6Cj8tDmesGovUPFBfTLJqe7Z3pBk6Q1M,3051
85zZZv6SyJaTXykV2aFu4nvZwfxcukjhz4Bvc6cQ27Xv,3050
5Q4gEbyK9YzKXvvpxmhdEj1UbNWMJ7pmsGyaTpvEKKz8,3051
3pr8tE18Wk7srft245WjwynSGvrT1cK3dappFpEuZvrR,3050
6XqAV878qHKyiGLFcHub6CWx1ySHLePnhS3ptg8rkWk2,3050
9AHhGC72NPX5F2KQFEzvExbH2PenfvzsgTLVPVtZQpa1,2977
2mFxHezccww4M3ww3X2WxLzdQKQiCsCNLZNknAbh4uDe,2970
AoJf1bQoejqeqSavmAqeLCAV5TaY6s1XcRKswCkgPiVi,3052
HCnXujtF3JXtdC4CHg1gRD2FUsNbLtPugmiz5BhCRKub,3051
EFEksCcEY2pZ9BpzrT3bXPVL8ZczByXJH8S9NoHtNMqV,2973
FW7rTCbvctzib3nQP8H2SBi7WmRv6sBcyuaPKm6aJALb,3052
J5sspPjqCu9mXFjWHaNZWsCCpDF1nEY3ZBdeYPmra9Tc,2974
3sXQ4byGcuop1dUZRZXuVNQnBKEiaRbaYMtzvyMBFjek,2990
2cb7smNiH3kHUe3wqyo3iNusGQMGw2HbHhqjEwCCf7pq,2993
3WNzRSppmhv6XS1Hj1SmksvUdFgr4BnJxukYtbXWkjQ8,2994
8GZGyz3nRpkVqC1wq3R2h8hgeoWcaDivKnSjDd623FJH,3072
8CGMpvhQdhynsyej4MxPNbXvsyBDjgMJigUStjDh1ST1,3071
2n7bssy6ZMRtFa6HXGwzXoFimP8CFmvbA8davd8hWMjs,3070
4g7AuqB71xrtg5mWB1aX7v4YXXgobj3Mc2cGQ6HCULfW,3070
GnyonWLbBjwioQuKqEHZPriuirp18eaMmsVbfZEmA5m,3074
HBEcLHgNAtzQ22GzKftHUa4eEhT9o7GSwj1nZTDxScAd,2992
5Yt4D2onn4Nk4HvmSjJ51BPLsRch8PKLkjLmALPUfAqj,2996
9K1BKMAKwg3upUvszswHPmtAtnFGJRpgg4Qb1r596Fg3,3000
3DkeWyvvAQFUHgRKcuqM1TsxXvSYVqPa2dgCybH7z2Wg,3078
8VDA64ApT7RvMCnWLYPUgEPJb1Rd5Prr4TqCwoJQ2whd,3275
65a2Jax8g8eVmq3F5cWLoJWey19Ex97iDPNoteE3fGEX,3190
82Qt6NeaTSwi7uqMpjE3BNLnAd9GR57SLNZSbgfDagJ6,3276
21kM5mYfaWXYsaWKPBEYkDDyG3JdB5MmsMTUzUkQzt9x,3275
46KbSaTzo9pNHgCXw4CHpk3AG9dwnz1V4PPom2M1Mrym,3200
9pTwuwiCGqA1dfnxdm8tsYHo1SQLEZLHSeBNxXRcUBjR,3203
bM4Q16k3xEWJqcsvdrF1mzYw8yocVEE22T8mybjLqc7,3199
5hTWCUD3naR2eQiSPAmb1hrZegWv6KzWDPk6Fi6rvzYt,3275
5dRnamWmxHAgb1BuMJ7d4tMY6fNmykSJybFZf4uED8xf,3276
EocSZJ4qFG3yBaJCW11zUefF6oqLfnjj7r8aC4Hu3x2B,3212
6QmzgXDmexNyWVPECYUsZHbfFLfYXm1eKCJHq6PaWocJ,3215
3ajTvs3xtQ2u5eeDCM2yMGbibEx6tSKzSedc7FgGSx51,3289
6DP1ssaK4N14T1aK96acbXS4jt28QcYocFbKB3r9giXa,3288
74BcLPaJx9dS1zmub3TASNRp5ozRMS6nQgCj1PbNRRn4,3200
CSC2LNuBzStpB8FoiMpkJrtCM4FXGAx8sbyHiz24iq4K,3288
63wLFoTxQBYG4pefNdcyPddi4GZ6BENoiQNLCppPrtV2,3202
QdbwFpnz1vPGYqDDYJgTEKQymqmvZrZuXDER3aid6vF,3216
E54dbhBrVmv9mHMsUHVfuyqoALDx5SyEJLnHpTNXngxQ,3223
DNcdC4eDEFwXRXBPZEYbsH8fidpo1Ni5WMvcEiYnSMtC,3220
5XuUYEij5sXQPkJVsrhtGGLaCXfsGM2kMU8LibjBbGzk,3222
HYey5tpiNMsgijTSC4MGFMk8JW1Xrvvktx1sebRznw9Y,3222
6HYbFkbUMLERS7So3MHkyJdr6F7zjDDMK75nhEBpzf57,3298
C9hGvKsGPTMxQiPvDvwbZwb9bCknqqf3drRSXUAWn6vv,3224
3m9btfKvcrNN3s5voBfSQvAw2KzVz9tPvHPpELd3FY7e,3208
AikDSUsh2aeSE5HbKAvvRBcpXLHK9bDnD3C9NcWCExBF,3298
Budct6YMvJ21Lsow5DKkjR9WWgDTZEhsuKqBiPr6j9YV,3503
HsWxfRCFzgjGpoUPkrJg41fjuqGnnrUdmSgLzdysaAmL,3500
8D79R4pvbJMP1ydX1oum1fCNyQURBUvQz1JNYXpJRcBj,3428
4is4BduuqEw4PTgZdjsbJtBNYhwzfNypVW31cjFwmKCG,3447
BLUr1STq4a3xr5TKpUzQiLmRhf76mZKb6tphfRC6HdrD,3519
6M1JUyQfhBL1BwyAxEjLQxfY9zR95fzk6xXyYhjDdHpW,3519
GeZ4nYitEKmhKv4oDJEHUuR4e89JHbcZzV9EYiN4eDHM,3446
kTfDcG8yzGD9MS27BGL72VRPWc1QK3qLMjJ5q2pP9R9,3520
7F4AuhcQ8fzmCg5kxXw9sP3ugxYJLuxLi24HxZP2N2U9,3521
De8nxref53RNnTgVT2dNv4GVBBj2JdigVGxdw8ACzHWP,3444
DVJou5gUy1iG6sPRkrJ5cYWgzfhxGVCchvYDVvPKYnxd,3522
EgNkyeZpXQZQBfM9eiUby9FjZbc6sJWCGG5Mbe9Rt9Es,3521
49BGbVwHjtkDwdgTvWL8UovE9f8JSoLCo7L7VeCJu5dS,3447
3ZpM7xF9vpyDy21MFq7JHtkmgJprVEFDsmLRUfizX48c,3523
AM4RATjDw9wmyuvm9Qw1CQAfmu2CpLzjbnPqXXV5rPvB,3521
7y1kw5eegSrJD7F4yv9e3zrmPKtnzgqyy4ZW79Db6HQu,3448
CcWGkBk2tNDbcoFsTNAtEsnqPhfXiEGx3rWV3BWeKBz3,3521
GUMB96eqSHZGx33NqLJuBXa6443BKKpMAicP69oK4jSs,3523
DiiKRCFY78Tqj7Q6aJjxMPmEBc2is49cSqjYoqXPtdfy,3524
4PgVtjJ28U8xMGu66gwZZq1PAURaE514aUrweF7JnUon,3524
7AxrVLx6gyoD4CafCwyRL6vAjvG9yLvJVsBjc7kows65,3438
4hJw8GvfHZaKxjMtxnkoXXEHPhhNAhokqumiDwtZ8CrL,3636
HyMACnZyXHdKKr3vceWSPLpS4UKcdKjqWHtBVmXafZBw,3632
GfKUwfYp5U5eNxcF1aboS2YvDzcCMkicfjbck1f8h9dq,3632
6DtPriDhTqncDL8Y6Y43fgcAyz7rGgGEFaEN95ZRSoSu,3633
3eK8Cc4yzMxkK8zcio3JggbVNLP94yUZHQDDDmRUeLUS,3633
78619kg5vFAxamKz6LDhi4j78ttKAfBWEchmEjMHXL59,3632
G8FqDS8BwVbKcdtsU59eM7GeegAEU4QRLPU36hJcokfQ,3632
3hoYpmLNLqVzYm9iqR7phrm4C4WQAQoPDdxwKS1Gzu3b,3711
3WjnUXMt1Fku3eDbVN57ywSVBdVWCwGhxJjtuMTZsCvM,3634
Cexwh3SCCVGhCjsXrRZKXQ1ZUiuf263D3ob42dSv1fse,3635
BC8dHa4z8ky4XpsSqe5xVPJNCksQAKZhMrWNmAXUf14T,3637
CvJu2D9A87a4adU2Pi2yevymgym432tUz1aSChnRtwwf,3637
BmrGWayQpy7cj7fTdu2wxmDn7ArzD7nCKSmXcS6j8brR,3636
14buNFpD8JvrnbPnSuawB2oRPPzkb34im9jUnBsGAhBx,3713
6uGupB8A1EWjYjHmVVygAjcVhb5rwRYu3EPf7AcCFn8o,3637
7mwGxczMnkM9q9xNTKSirm1RA9SZuJmJHTxnQW6XvDRb,3639
