tx_hash,latency(ms)
H4j3CcxSSPJQTXtRUDwVQuiA7kTwxYu8bqbk462wFBfu,733
CNuGyEHwWWhfAoVkzD3tbv5H7wGuJWEwCZTeAnoh3kfP,745
m5z3mdFEX1kackSYcLaWNYT7tkE7nHRMhHhGyezvwSX,746
bqgJT9px6RSxufqZVyAbQGcCgUABxVAPy9YvV7b2KwB,746
4PMGwHfha1fgVX8EhMw4WmKR1J4eEc4YdmM24quzfWER,717
C4GL7txDUpoABLUdeJe5Kh9qzeNb8Q4M1zaMWNzwm2fq,730
EadrxALz2bMe8TumtsTHCLhAP1427ZnfkLWCSAzbZbEZ,748
5Y1Y9hJVVWLjLFtS3NgJA3GW7zsWEtwEetvoQWTHVenE,748
85Xx2SDjsji8Q1SWjdMg9L9Tx82AfuiQWjZDyqF7ZvEr,748
3vizvYkd6edXFgHh7Zp5wP8j3wviMgQ11unoG6QkRQqJ,748
A3Sp8egBiqWuiqbCjexwzxZUhCXNfxC8LRnABMCJMowU,748
7Ds1XJiT9E4YLog7BkqqAGpFiKHzdZikp3XHJuvVrWm3,748
DXE8AXDvRHoWvKGJhTcxRdfRk2LxvDJGXYWTHKS7cS9w,748
8aG4nvC229j18JZHKNJcq4K2iyuUs77RPoJUBT12HHsY,773
7kZwUinskECd6Hcik5ptM8V6bFhxdg9Qsfd2yqh17zup,1747
F5LGNwEFPSjoMypLPJScssgg2A7qYbqbLDmaBWMsiho2,1704
8HW9xBkDUPL4dh5yNg8wNjd5agxe52Qcvvb3NdUQXUTi,1700
AMZpbQourPQk9zht3GNQJkRTEmNvQa4GjZecWnMCk7RW,1756
E6NeTXV1Xv7fzJJs7cP4xoMVVccJzfpqDZ2dk5knaSH5,1729
BrCWD4tURzqwmm5mU3q99ZQRZZYxJccgijmmyarhRaRs,1676
8ZcKqaYHChXpkiyWyWTC26YNXjRBAB95QBPZgWmb6Krh,2344
7Sc3LEVBJfeFQNszEeUS6sTtxvSZugXgs4eXn5PTbKBW,2155
EvcmPY3jPtBiUhgHfQtA2PX1i3vmSNqCeC6WjLa9VYkf,2288
FxyzQD99emBJSDppqTG13mvgRnFTKjPLXDsDGKdniWuY,2381
BG4LGpwHooweZVhwHEJda82K7rg1poGJkBK3n6F7dQ9m,2297
5yYU1YT1TH8G4j5FSMnaZZfhjLJA2tv4tFEuXvpmzrXq,2286
BpzL58UmSYZgM3WKAEhm2ZiSSTGU8mpVeoUXtUSrkzqc,2346
Ff15LiNaSbKPE1nPCY2SaYUYeQovBViLnQB6UoUP4HS9,2347
5RXWKFN5AmVeHnRMQzYu5h9sTNakNzuLZqCRzz3r5pk7,2296
DdK2fAmkALycsiocL1UAYu999tU7Dv6MAUUoev8m4HJA,2348
bF6L87TTdPtAB7H3ZU7q4dXft77LSqdYCAYKsXyeUFz,2177
7pd1kHNteozCQyyvCtRAHcA5SFMcKYEwn1ydC6Jx5FT8,2363
JD2LjqCjHAUJQs4jqJ35SUyAMqEpD59E3uVAtosWkYKX,2413
BbW2kPp4yEJGC5s4HyrPzjgFyEAGvZZjceTcPgSWHpzC,2413
2R2q8EzUjQBaUszdWxLbg2EcSMqG6F3RY6FUbwUmqtmS,2428
FbVw13BWsPBZWpFVyfHq1wnf6d4ySCmJtKbLnSK6RLpp,2190
GcYK6Nc6naVUQzaaVkPYSmdMBr4h7iTmAJXnZCjo4yjq,2190
6REdfd1PYh4qmoAsPD2ubMMwQy1axRgnscd4vQe5NJA,2403
AUV9o6Rkt5P4zogwiznpqXqG1HAsoSHe1JX4GNijBvtX,2404
6sPZiYNz7RWZNZdE9XE5FXxwFNCNVqUPhsm7o2c8r8Jg,2404
FM7taNMyYPzipvk1bEdRYGZ2DbmHqUZ4MpEfwcmfy3mL,2405
9hRHpCSfBq9jwy89qqyUAdudSdiCmoRyA3vUZEsgKMJ,2413
A8KXXDVSgrxEPq6r3Y4GnL5aHPtS9749skdR9cQfkgNt,2412
124ESH3oU9oAeMGJo7Quoddsst38EuWB9pHGYjmhvPiV,2463
Fy1xzcjP5ZfpnTQuk26Nb8QR7czo53LtW39hapXkThVH,2491
GkxsLHcfqcgB8v7Skh7SFYNj5inURB76Tw8F7kr1NCUj,2505
HNcoA29JmUrapuuNfF8vnkSRcD1JLQy5L7PuFRJCyoP7,2491
2JWCdKCNrS3Mf61Z8vXT4FjM5kVguqcdwnKeVUJscbnF,2500
FMuPA1TUEFmwQNtYXNQ9brDKoi279uMf8BFiTfwsAkUT,2475
6uqrNHJW2UBb4hxfR6R149MkdxaT8ALjBy3uvdqsLHB2,2330
8ntJhfnHU5sBviNmqNbqYKAAyJhMHrhLLbfqEo9khdGE,2464
D28czgwRGEQhygS5UmvkXiJtXLx2q8xTKekktE9MtizA,2298
CH9QYfXy7VaYyrUESX9qwD1Ufp2T6tAHmnizsEfirG6J,2400
CW37tpsDAXKJ2tUYxV2A48TzSKFrm2ZCiNY6BHrREV46,2548
6GVZx43yBtCdwpX9Zjxzs4L5B1tCdgryBVM6mJvttfCx,2323
4mJUGjBuNxjBrtciKRri4DdEJ5zL9B7rjFWYq4Ajv961,2300
AGQ2DwmufpsgSVBeStQBat3eWZuWgPGKqKJncaHAFiA6,2488
8aEbekgYU7rmpZy934C61FQroUYPjE2LhdzQJUXDCx7W,2453
GL8oMaPn9DnyKbHkA4a497rWvuLHQJzY8wkMdC332jaJ,2487
HXhVeejuvNpBUE7wAyFixn8xjzzW33FpEXnEfiwQkd9c,2487
28TUbQTkgcZe5sQNebEu4UKafs5u2QiGBF1tEkwPKoBP,2300
NHDziPcXRrsE5Eo4V3me7dXCMaACvCtME4NBifzpjhY,2487
C1bAqiRHv7AgdSmPzWmb5n6scGNS8neE8mhFqV4xptX9,2533
23K8fBiJKaDUHSyhPmHQU1b3ZEuG5R7PQuB5snf3Qado,2311
9W2QRC2Siu9TNTG6g9uczJ58EMsbeQvSgqhRaZWz2ALx,2542
9GTc47ThSPbSP9cyu3Bx7jUXQ9gf8vikgsDZWA3W6wez,2486
FCgVDASMcDrqywv1jRTsSBsEzENhoKXWp3aMnbTbPPu2,2479
5PxGScAetvVmcqwoG398ukehBLHx13uPKQ8YMPxXHotY,2572
A8k32VFaNCwtD5NP3zJUiGzAruM377L4jibaxAxHafFY,2573
94ieYLtqTEc8yQNuWZLTpnBr25BAHoSSmaG2ojYifYcG,2575
DgQwfNrvobj2dGZud5EJGZkegDXiSQS7btXikydrtwNS,2575
95tqVXCNtsgBZU4hYTZMdTcruzT4XwQPCG7nNxUfgH9G,2575
8Pun61VJkPxWHQaBbuboFLid5GALVb5PLfNZpuDfTdwo,2576
BYajrKeiYGdqhRho61b6NKzcDFFRjjvVMsxfcejnAg2,2503
Eg3FApjx1UmcSLDahj7KN26GcrzD8aYV9pZsb9K69pDq,2576
5q4pwQQw3us9WqPxcaeJ7Gu15FUsw4djA83qkNrAZjwB,2576
Fk9K81ws255vwe7SmujhRNrtz1kYWUXPNERPrw37e8vg,2581
EqkCFWPJCA1fPoY1v5pzhAnCfXzVhMJQJHsxBfFnUki3,2509
4rL92Evk5iKbbkkG3wpMVzLtskGfvEsPgxbD7feK5Haa,2491
25LTnVJfwJ55xkDNsr7Q23jDYqh4FiT5oReajj5AVzw4,2582
EbqicD9Wde25XLXxWRB4hPum177jMaCWEhCXNkdsBc2,2334
AgzBJ8ZNqg9aZW8S5U7aWv41z5hVpUhXV9LiAXoSdkAK,2547
A868NhEjGn9kp5Bhc3RHAaf3k3pEmzHt272MF6uGaN4V,2493
GAEMM7VaasLcyiGMQ2ihG7BbAFoduh6Vr6PrhaXuUsDc,2484
5b1ZqZkuVnuScxGFhSxxa1LgVm5AnMtuPAjXWGztVm71,2520
F89Qfues37AEKDbSycDAsMkNe5rkkGW8LuZf2a9z47iT,2495
ETNBA8pRREC1hAAwKhxBT1vtbCs1vMZEt8kXWKtFLHEr,2454
DrnkKmH4SUWfHXZgWcCaewWJzNfku8krASQKKx8GNv7i,2477
C2aEuwhGKMXMszHvtLmoNu1LuhbGPCPjB3novtMPXAUo,2375
8pLTAqR5XqUQMDCqAZiTEMwnatPC48umNifoCMBmpwJa,2592
9S1iNhejKKW1jUuHaJkjh6PmCr1FjRJyypk7yuGQQ84f,2510
4Yh1ZAcATvBi7tSnkd2zA59bX9uzvgAArxXxULpyZjv6,2596
CJGcGh4LTV1FJFVHoysACjG5hCbpwcV7SAE23Tv1WpsA,2349
4iGyJEWho5cNs6dAL9eU2kBZrnzF7HghmKuvCoVqoHPc,2513
2xopQgr9jrwmQN7wpqkrwn4QQRjmyPJvh2Ehxxp6eWia,2554
3LGz8wCQ3eGSfcadQczyQsACAa3PvpBUb78sf68n4UT6,2534
2x4TBHBDCmJyqBaRYav88AdWThrmHZqxoLyyi4Wyxd5S,2380
2G88AXDUcGTr7bhJXoU9v7KkWUS3yQfvhPvZMXwwfYLN,2289
2nht2Udnw5VgGJXMWjtmZMGPM6hk2R5m1HhVoWmyTJYK,2508
FXkYrsBhq5ke3xgAWqVuESEs2ttKbewwGAMUCjw2JBTP,2449
C2BKXX1roA31qsrkuya6SYnLgtA4Vi4mvf1hdokcx59J,2536
AG5Q6Jizrx8Uamf1JTJigPSd86boGN7V4Ka51UMwqUt,2595
4wRrQLxTX2zQAqtA3bT2fLk13LJj679d6HwQRHjb3kNS,2350
8Xjsn5nXLTwrMoRotk4qxGafBSFDqNAXXo5MeAc4ppMG,2536
AJfeMqaPsa9GDu6dSzrrZPE8CaJ3z1Dj3kTsKjdrkAUK,2451
87khHAK5WS5L3hpPHgmT9uwHZ5QCiiUZQ9PLt4WA7mbK,2503
H6qp7KrwhudagKNbL6iYB2fQaWHaZ52zmgghoifgGopN,2592
HK1Rbw2yehHprLBvsNEKZtqwNZSDjZUjUSkL3q3NdQma,2516
VxkhdMyZTt4B7BSjXuR45uCgHPLsLrFG5JBHjrLsD9t,2390
2hCCd9MPwHdjGyDHE4rTxZqpdSqVqHHMEYRMhoh6Yvzt,2353
2ptBUUbFqS1FCaCeRt75ux62ukZRC3jL7XJyZ4Wa7SA6,2532
DDSqKF2woX4wuaHYiPbEyRdvm9ujcNUbteNpbyK1NQzC,2587
Aae6Miuy4TGg3H9Ncsm4ZvotYK279vbKm5qsnBka5wLc,2497
FuuqntGaLG55NobcJGz7x1hkAGdx7R1Ye94ET41gELi3,2394
BVwu6GqrPHYBBZUu8Mer9qCGvx4JR7i44LPQGqnay5b6,2612
FzDvvis3QSCJkzZ3iQoHerrzBmNnTm2AP7bb84NRg7tq,2613
5d2u5LLsj7GpHH7xM9zoCSsVKxxMRTKAUZ24WynZocfE,2612
Gfe2D3DSSZj6v5HZ4XMnUdXyKzbRgZLpWeAax5XdzkRY,2612
6SX7GC3xR4rfojCYigaydsKU4xkiTcmLdz5PYXou2SMK,2613
9sv4BW9WjXo2vibpNXpgJuiQiqscz7CgC1ZZaLAoZ16Q,2613
3EY9RgqPXYHTy9jLKc4egYGoujSYjGSu5Q3y26fSzr78,2613
ZVdmQVSp3aUhvfyJtuTCE6S2XBNPVTmiL8GKC9D725v,2613
Co6YeZuK5pwQjsgtuUSWwZ786n4YyPh9ANYyGNMrSAYx,2613
CuHwMedQ3kpB5U98SKAvtfEJuorQPaKB7xLRYDXkCyVc,2548
3CYhC7mf2vgCGUDRuvpUNwt9Uj3r7W9ya6h9z5WWHpZa,2614
HcJtoMzybrgTfLA62M3mgbyQdjrUPPyXFvAXsgs3dy9h,2614
CrD1z8Xw2LaRChFtgShh9B8PPuNSSW9huY69nHJv9CZR,2614
FcDJucNPJ6iU6uYbpzE6TbWVGbUgmxXS6VcNzrSo7XUV,2619
5AjWFPG1tdmPnTLJJdNoQJUqkP1HE8ytowDNe2eQq3E1,2626
9svSkHMd1iZfw9FmZyD4s36kxRC5MoSRgjNWc5UK9iVs,2626
J2twJP8K3dfuv4SprasaxXRH3u1LQ7txpSZt5YdCo7Eb,2626
51m7nAgGMi56cmam4dw2r8i6tKQydr8o5ev6CicJAiNJ,2553
BccehuxucfcR84co22cYVZopGZRSERAigss6PcTvp8Qz,2597
3xM85pTaRN5aymEd7TwPA1oD8v94JVMjuWu1wXitx7LA,2626
Bc3sTzKhekrE3gp8texUFyYMxyqPBXQThQhsXKrk2RMf,2597
DzvqkHtiLVctnqKtcAwNVN43YQe5ccdnhninQAoNPrSk,2631
EEokcmRPLi18djhSYXSPqcvtJaDTnsnXXhJ9JzVKimXf,2633
GrmNBwdi3iLhTAUZt5tEDPxL1vWudXKk9kvC4mw8tiDY,2604
ATj7oXy7dE8yjboYMAPeSAKLztBDoBYZ9PNXTjPfumoK,2635
DNLVZwoL7oNkPtcToUNYCTv4dZbUUwK7uj3BD6Gocprv,2635
kzKJJeBgnXa1JTUhS1139NoGb49G4FTu8z8iDEb6Dt5,2642
8VSBJHsnyARCT4uGZCAiNpvifRM1v7HJQ2F4e6Syztk,2625
FAH81jBcWGZKtRVbaqiQwoDeDtVofviHhDVjZzJLSJhn,2614
GpGCsuGm6aHzzPt7KJjwcjtc1aHu3tgKS2NTeecaTqhp,2626
A6wjNAofYT7m2swZEfFTwiAxYMuikNmr3FTTczJ3TrLL,2643
8Y2tDwKJtFNTtzLaWCu717pSw6pgjeBbFsteTuB12DFd,2629
7zCj35erQD78rXS9u59we66FLgvD78AQrQMXTctAoUp7,2650
J8WN565bbDBTSaEkTsnek49oSiX43A5N9V6JgWVg3PiW,2651
4VC4K4ArvNCy1TfKXTg8AKnYeVTGWXgn48yGp2UTgVam,2652
JDUc8qB1JQgTHVADANetZJopU9eyaBLzcFBcigZKyBXs,2633
Cr1zHWsppaKx1RSL7zeUHTxtfHBJZgv8V28YwUQGN9iW,2649
51k4cpYHcgyyVQh5BHEkSDHYHHnAmdzudzcct23zb9A5,2651
CJBhWbuR4HTQddUdzf9YFyKCBNvpox8HwtjNJQbpttLv,2652
6Vyhz5LqHmffSvc3FCGNcxPcYF7WfKYWukC3oJngGmmc,2589
4gRg6Bgqp4uggDtxruRZGrVefAjZNicaqWwBS1z3fVvk,2635
4b7j9k6taLvjjfdMHnPoTh3TP9cRcYZP9Mnppq9riCs2,2587
CSk9DAPRDRfpyUCjns6i3nC39Zkt9uwb6JcVQYxaRgRJ,2589
3uSZcXNWnM4jCw25Snb5HQ5z6bsDL24DZ6hHdWHyuWVi,2652
GRv18rCJcDtNP3C1mQqStBc8WkMjkuYkctwd2g34pabJ,2624
8mEV62qCw9SmVb4wxZFwbj6hJQNhYczAcm4TaJKuycX3,2635
dNDhNeN5n31A6vHpeaofz2AwweMW6bhzRVm6nyf2JME,2624
EDadPTk9NqYyCsuzr4PSTxgAFfZUboEtMSoqRJ4RQpAL,2635
3KoFVvsXWYEgSJdZadt5hd4guhmXFs4tmg9PHtG78b3k,2654
FDUPcHceJq2PnaXL6xc4iChd9whvK8TMFba3VQDbrRf,2618
HrsL8RhTx9RFeQtAeWs3ybpLpgXG9zjaUCX5dDRgt8db,2669
2aPx3x7JkeojL7QndUqBk2jFf4EmXte2ke6uYzPPJTHn,2669
CLUXuitexkpRDmAGjcBD2KuGd8Qopwm3ssDBr3tTjdip,2669
A4BULq1CvT2ykgcRfSbmRp5VecPfMg6AkzCZChjdM7c9,2669
AGhFKGjJycU1K8UkdhkETB2Lh6LDzP4vzp2DMgMVbPVE,2640
8VDQs6xcqX6eKeFdzxFuFRzCjbBQwxH3Q8m6dkFNLsU2,2672
97kNgMftPWB9HFGfJZbZEjf42DusCDTD6GQLSQrbq4aG,2671
HWfyR95NAADUhgE9givpBa22rgya5jetvdUDJtrUaYpr,2672
CHpErNu9hz742yNV4p7jMZfuZME5eZ9pL31E9TaEaLoN,2672
371hPSa4MnRQZMkt4xmbZkNMkEY4eBHoAQGLeb4CHsQx,2672
ABWbpwayQmvtjSVzKYfm4vBq8mV3duSYcogeYGZYk1zc,2672
34C5ECtfH9pqjXBjekFK4U6wqVeRjWsMfRN6prVCudM2,2642
BP7DyYbxEfnKTMLAWD3xVN8qKFpfnXxkrD84qigYn9BQ,2672
59iwdfrwTXfsM1giyJxWSyYAqMkC5WQjmoEHfTPXWTEK,2672
FDwCqFSsPCFau15i7xjpSKFkYx5AVfNJ8kbV99Gf4d2Q,2672
3UzLFmsFnkMhE16qaScH48DmKakWSaw4if7LacJsPSgZ,2674
CBmdzm5Enu3wPFEQmEKa1wwA6xH1CnmQbEBZPyXt82mB,2676
4ncc5gEHv1tHC8JDLmkLyRmGfiRTVeXyx39tLJopUnCq,2676
5porHspQLKjLG3q8EEeS9pStmxnPWx11RuzXyZ1JLn8Q,2648
9NFSx4U57MpEomroDz7cyjMtPrMct7FQNWwv8aA2yZBn,2671
3yMRXYhJMA5CZUkWYCaZrbYShyoa8f3K6XijvJi1WgbM,2674
992zGZUs9dqJoJXAXXRFoFJZ6QYsXYcrbkGRDdaKuDyv,2692
ERmeFZi9TvgSCQMypkaBAYZADZ4FScnc2vUWSH5Sb1qe,2692
3RojoNmZA7TstyFcea86KV6YZjrPhZV9ydR1xKdkeoNP,2692
AbicSaDsZf4cadV4eBA79czcmJMWjnPWzARW8ymNpnct,2664
Bvdda1Wzk6kHruF31acYysuPDnq6Dtobk9XREmNpSJMV,2693
3jWfXtbgPBfDp7rJNLXDvRiezRVHKasucLCmEFkuBgQw,2694
3XCsNit661HNzQaG2CUje7M4kcZ1YiNfuvJYGckmS3Ua,2693
DNBj64xy7Uh2g2st6diWMUw9Bat222feEy71RaM3i6eB,2693
3QzwKxDULgtzU5bqNQYzD2pCGpLfcp2oNwVK5az8rHa5,2681
6bFshVx6NadFqdN4ArqjG9Ks6jet1KVhUNbb3CuThdjP,2664
35UfcP2jhowDmbzU9GsnvZGunyBFRRP92fvz3VPUeiMH,2694
HUMk1fFCWJit5rdSprAZqxHvpMV9aeAcoWXpNgzYabhj,2677
5taJ8nBqpXGUCqAPBB1msG3FrPSBVRVAZBX1AfkhWXFG,2694
Fb1S12eVWcaKrbE4UY2B5LhGJRFYCy7ivV7PVE6JMLpd,2665
hc3XoEADnyDjesvfQ2TM5qoPkwbya5hKvAXTsmL4cDH,2694
akCr4V2BiwKJarqxrmWoSzaPdm1P2tED6mkFwK5Vqgp,2696
21b5wRFySZf3kzUBLSTFHyetmySwWxqTuQ3xTieFKaW9,2695
7Dbo1QRh9LhHCajHGgvZXyWBbzHYPjEzuFJcu2D8qTQY,2696
FkHEBcjQNm9Yy7AA66LMqTVevpSMwHJ2D9bPT2R9j3ZR,2696
AyhSdM8ubEMC4sKsn7Q7J8VwgKcK45xdxAqio93riKFK,2678
r8HjGzMjJf94Q7rZycdfvQkYeemqJvgLpiVoRWnB6at,2678
E43q7CHDUfEW2mHgBAbxY2ULtjm2A8eBs2YhKMUybc6W,2696
8wsdrzCx7Je6uzJjV63YCX3QT7GCG47L5kyX7Y5qeFH5,2667
2pEfYKUXtfbnqYhfFuEbfBiffPihZTfSUtMg11cUzR9A,2697
8P8fvBPy3V5bcJ1EEM1qSWoY96FpohDhEYYfwk9nWPBr,2681
DnzqtJtoZJCzu8AeSPbLRXSPUWqw5hqrq4L16USbjYgZ,2652
7nFn6hLGEE4yyd9kAY1u8zikB1KxDWBfBDBYRUJajJbX,2573
De92iDypswACuGdMUzKfRSvT56EuZURvsTpsT5qQYSwY,2696
7kuyz4YY5tsqrErkqtsf77RsmR9U7FyTQcCeYTKPvPK8,2656
Hu22iXd96FuaKu3wwPN6arVNF5NjCTyfoJLXigKDqPKQ,2667
3NFhB4u2Gjc5jpWtF4QYMdeTePDehjkq4xYMt6JHP8bn,2695
DjA7LkBgVEjQRZJfXHAwTUSrrd2PvdQKE8ayiEFN4ECq,2647
CXi2ALoN52ov7w4axURd1xLVdKSkMJieR6PbdQhshBvg,2695
9Xddm2tEwcrwwPLp5vhA8qpZF6ZboxUdUBgotwmsNnKp,2346
71HYkzdiTHH42c4DRZPL4myYgsbnVj6CFzm2tqHsJjXG,2566
2XfaKqNPsZ4jmCoEAEmKDVW16ei3bcaBtVebQZfrVQVM,2689
6GdwWB2Vf4CZnR1NHRTjCn2fnv3aGXz8AsRAybjA81hu,2567
EG7Ts2aWtqUc3pxYBd4i8QsUBodW17XBtsj5cMW2bEot,2700
6ipVRhbYJQe2fZX9M3vtFgcHcbnBFqiXKj3Toi8SNTFD,2602
9WJiMcqYfUe3sukXFFUwdn8JHUffhyJRyvFhGZZnyQEZ,2646
7QXZAbURiuifq4AC8nVbuxoktgpYe7ZudSu44YdFrJ2V,2603
8nn8jk3ynFQ2gMb8BAm54ziZyRw36wpixn1TvL64FBiV,2609
3QA233BnEaVjvktLTMrrgx8vzDuwcvWTy1FWvR9o1HJk,2655
vAddTNmPRawPz5L8uNHhEEEARYSkJ7AU78Hr5ZRwTzW,2631
AY2VXPMddzb6AeBywNg8jSxqKWXrsn9gE8vbUfU4oW9e,2505
a7ks8vCh5Aifb9j87etVdeCyeRxLrBADMPgFCCD2njn,2702
BXkjPzLB71qvXazvqRb55x8c1BHNHHxuZT8ZBvc5ZYbh,2702
BU2R1biaShJcmTpUn43Twumrn8j6wXkzdSQBM34ctFPh,2702
8B5FaBmWZfyULb8CxvQ6UeNPzVp6hSdKMhF1coB86Hhs,2570
3F5qUJChvWWdK3TNQAP48HsWfBEqhrxKQPZZo1gxzxLc,2687
FgvmAQRhVEdPy8gvDrd1rPkoHEPgAHSFwEGdMM7nc7qA,2675
7erdDMb2ohPssmSYhMs4S6RPuDKpxo52iVZZsLKKegcK,2571
BF24UjJZ6gcLMz6eL9BxzoENUXzRDm1Eo9KQUNHFyEjT,2573
AnSYerhkzyTSSaaGwWnj3ZRwCdLv3EYnBHpTo94Sn16h,2627
2TPtz4yXvysKa5KUtcAJLQYGBGzaC18p2RoyygW3tCwh,2707
67pDC7btgV4zfUk6QnQSfAVfuhFRPX7EKrHb1HpiGd5Z,2724
25HmEiq6pGyv68zWVd6tqq1rUXPXEC5VFb4WVneYQhf4,2696
Hx1NQb7wh37EvKte6raKaffUi5sUaMhM7Gs22HFHnqmD,2586
G53pzr7QYnR2wdPsaVtc8bSdwywkd77TiHv2uNdZQy3N,2729
49NZnjjSAVkBqnCmMEqnPgWRaLn4KwiagCV1K984t5Ty,2625
H9aGiWAijczK1pYz7arKvkdPiVpRJDJcfD9wAZavTCkU,2590
4cRfwsNWMhMzTjmXTaD62kBWwV5T11SnfaGGxCXzU2fC,2685
DuhEk8YZPisQvgX2Dq1r1M91peKWVug5PvAn5WuQE16B,2624
9Z37iBvyWjWy6kzqXdrdumnUqC6hXxztnWruidKsXXVU,2728
Djq7FJrzh9aeUYHbWDbvi4a9U7vHipHA7q9JbRhmXRCS,2506
Cft9n4jtxGC345fZsQcU3aXBsk7VBZXRTo2HFLD7J8R1,2719
4anao3CrUKk3GEsQLvKfZfzVsyW9XM5C3bp5xSd3T4w8,2530
CDtN4y5jvSzx6g2q3gXu4fa2iEBYR4nbevgaonqhPAjr,2603
CUCZFw585vEtDJeQ4QcM6L6JVHcXh7E9URFPNQ3UwxUo,2820
FiTNfJtvctPv45bZBEPgN5i7N4tYjeJMUmKUkLxNaF1k,2811
ZYj3qwjvrAVg2FH4j8B9sHUiTT8DhADkFjSYMkETPAU,2811
cXztot8hfMhkCYN5m7rN2MYY6TUUuwp2Ric3LtWx5p3,2690
CbnmBRp1VQbNxR39aXbdKMBsmaELhirmwBDBTdjN5Xw4,2777
4Yg9chBybqGYJKeRoakTyDou5qN55jnunGpdpzh4Yw8c,2694
GvqnDDvKVp7hUrvkXMB7ToGAEMLpaXzaqABkTjbmAny3,2480
pbjaas1thqQb1VDUB2DnMyQ6sAAvefWx2yiYzKJpqK3,2804
7ZNFdfSC8N6GjDJ1zF6kPLCdHnyrwgUjVTWE1uAmuJa1,2598
HFFAyvvy9xyd3HNiaTaG3FvW2ApR6fUjBw8EZsqs7v8o,2849
Dmsq26Y6CuFdZMpL9YZJPKjcpsWAE11cx1gUHZL9Jpqj,2779
Gws517YHuduaJ26boyJ5kh1aKfYk4DohThq2ZJ2jHHEK,2834
55U3HST1w9YnAfco9ihKE8ikJ5vXoQUSpkoa9Y9wKagV,2834
7r8KpKwnW4BwfS98FM4NrEBpLJ4YjhCfCAhSAJQdHwNc,2835
41Ru2mRNpzzXznw79ecxZKmZ6TjA4zSr81EFu9fmFrdm,2823
BHwV9iEsNUZAHP6tkvaoEBH4EyVi95hnQGscSyV6dz2R,2789
DhFDS7owj7j6UhiDXGrY23NuGevZiDquuMMKnvjXFjVX,2816
HGTK4LQzNujuTR5DDMxR82MzNWdy844P6gGNMLsFFXQP,2581
G1RVypq8ZVBo7VjbJtKEaciVsGepCeaiPoXBiynLhFA5,2661
7LN6pygfreAqtytFBwyjaEbQcRLht5Uyo36eLVUVRaLb,2977
8rmAXeWuArz63x8dntaNB327wkbq872bbrdkr7Xyn44G,2977
DoJ1Urd72VMuFtGP2SzfLRCwaZxjN8DXZ5J7ysjkWn5Z,2949
CwiR7AedK6hk2DyWpP7SNSQuBQDQnSSAYnofUvuuUCcR,2653
HpUzTSDbx7F7TsVwLEJ3jpArRwxGi7hrF3WBBKCdkpPA,3072
79Y7FQUp8mHtfmMiK5QaMf7yucgiZhidrp2wKm5JdLqH,3091
DkKbUSaNtCqRnLWomPtsMsekYJLRnvVw663J9fvhQYfU,3030
BZQFeSq6yY6qEGy9SaF4jfCaQEbaNnWFoje2iTfTQgUY,3064
7VvKB1c3x574Y6M8wtedYFRkeqS6nnbotYBvvR6KTjBR,3055
2aMGGLQBdWn67dJyqytKx4p4dH8GFAYLRR25dBZz1kZt,3072
CZAH1rLC9yMxVs1jV2ntSKwT9oBqUcgTrRSPgtDkzB8a,3038
AFCrPcgTa4SQc9S9iLUbW33SYhqv5RYUQo8pX162Zs88,3051
63Ej4Y8eQgaezZgFJpkNsro996WegcVq2x6EBsrvKHu2,3080
6bms6ETtGTMDAC9Gn5WdN5hnMrpAzErYmcGkCb2nJZBW,3055
2t63RbifzQcNvFiDHo5gmSMaECE9zG9bxFaQGsYT5RMt,3104
Chy8iF94VZNQpQmsWcTrZR3prLYLFxakmgdLWimECWeL,3094
BS5rWi95BxVtyY8tid6JhBWtJbYSJzNvbSSSTfuBGRyp,3075
GhbncPiVR7keGAq8VzSLVN8ZW231kr9hfsWwCkukV7zu,3154
2zh6vmedJXcgEzNEWqZhfsN4HZsU7CurSz1TUKZe7LWa,3136
GSZGmgZFbreFbezdTKK5tAkrDAWdhhmPHk4uBrvgheqt,3092
9u82TN5VFBXeGx5VhmPzwmKq25j82gcqDRkqFL1K41hd,3090
72yafGdabdn1WsyGQgiPX38ABZNMCXJJkmDwg7oYbiCN,3144
DeSaK6nhrfdLeQ23p4FDgs64tWyVUobLmzXoKNzTPQjF,3169
HWGatxeFrPcDLQK9ht9P5upPuz5fXuhw24yMNLk8crf7,3152
6JvSKJLmnLhKL8KGMeojsPbwXyhHheLSfGVTmz74CGMA,3156
3Gc393VsCdvTY4bmzXqLmME541xHEAqpWewCrQj1gKxP,3174
BYCFnJLAgU5Efx3ZNPaL5fYvtjdpZvfc2fP9QPEtGn3L,3157
qdtNjwLLQxjLP8bTkXx5kTnhDxF3EiHFafhK9n8WSaF,3159
7Jh8gvd2aYR6QdBdrgWVXHZCi32jT7U8bYi9x4ARDRYV,3178
32hTX4aSBzgQ3FmrWDyPJdAam7Zafz1N4sQ3PYnqtiCR,3161
D9qCc85fnUHTW3q482SnvCpSEUm6TifYtPRLxtbosaPu,3161
Crr6YZoSjQDSku8pbS6hVDLJw5twpS1mgeW2zDa73Hfi,3161
9NpoxKjeS3N8gHZrV7HTCmRS2L36PG1bA4HMyJWXQydw,3150
C4PFVDpAvcUxoMtKN9aYc27M3HogNreMdNb2cWPBNoHJ,3146
54B5s8VG2SzNf7AzQ14nrXetJCivD4fS6U2iNMPsZCPx,3180
6jPqG31SbdU1mEMpAyWvvZZuDPyvMyz7XcRdbMssxGA2,3180
FynUUciTCYm362XJSeYgDar1gezuwrDbRTcccmhDSGHy,3110
8gHkrjqLrXDAaooLnBkz9hzbwepKKTTVt6pdQ8nxXZZ2,3185
87xWjaN1xdtGcpveL3LmqM9i3FaDzp52xkrdskUXCPHg,3183
8MQRtAjcqqbzcwfmdpfU5god1trQuMBhSxqKihdwxjet,3128
CmKNyeWbtn2sf9ZVhPnCHdVyjqdJnVwUg1HdzQYEQeTM,3178
4v1cbWs4JtzJv31MRC2DmQisevkTqzgws3ts53Z8xV9L,3222
28vTWg7p8JFddMqJdadZeg8wSHdXZs6W2F6n7hPc9uCM,3424
D4kgPL19BxvdzoTJJKanSNuPZuiBsyocaZqhyepYUPEC,3652
CFdE6X2cEVEJnxhcbUzajVUkCna2TqfV4yHx7iGNsSiw,3922
6HVyuhpFvBaycPu15QaYmaxQaNYLeKx1jfJZJtdxkJvb,3931
7JkVhxfDmdoD3RUUAWDrnqXHuJkBxze1JsK7S5fbCToZ,3915
3VVUSiAkweMa3eDSUFZMvA5dSTgSqioWgcKzZyt29AbS,3959
GRyhv7vMTuKTJtaC6NMAtATZHXLBo2fVisaf3KiUsMqw,3887
Dy9xGwdmTwsg6C35cQzCjpNFsrqVugg6r2ykiRcyVYLJ,3979
FdyfswQyNENRzqpW7sA9j9hi1pwKT4xe1AxFtvKCJfTW,4020
6C1Co6gK1EroXL2rpzfPxHuaKwv172NhsQopvpYdBhBr,4037
EAZ6r7U6p6xEd6AydewRpD4XRaeScoNH19Y65d63ZUCB,4038
4RLP5SHV7b3xZnxpozknxohkFU9cKoHrHkARk9m8qShS,3998
2Mrrx7MTKV2YJAqBrkXR8Y1pKraWWMo6cZH5gEzBWtPw,4022
Hys1nNkWCB6RhVG4LNEqwgMENjNGbT45msjZEZ2VKDG8,4042
HWoCPTvr4v9PRajqnjauDTYyKneq1FgRumDXWtv6p848,3987
eytHLuLZCdAFGUNt2sW7fG673KxfDT2K9tFLfYSbvAN,3988
Ai2z6VWhZzU9uWJgyHkXuG2FV9CxxSNysTDpSmoCYRLX,4043
CwntpxxMdveuUMNJvhWuULVosgEvnwEfYe3j5Lff5L7p,4032
71CjuVjRGiksH2LQ9qwgLWaUirNk8Eh9yzbmeJNF4wnT,4048
HsXnP7izxGMkQRhXpHrXRx7D3q5NiARXkvoxZVTgdazn,4001
6B691rBZnV1hHbFLwXeDqCm6fZHdPPQmLxzsbEFR59yK,4074
F3jvG611WdZRSYbYiEv6cg2w2FHEBgEpcTiYMCt1fS3T,4057
F3WsNbhY9yFFVY1NfuJyG6eXv8ewVL9Wkj4c55Yg1noi,4030
GCdpKsx7qv9Ps5Xc6VeWCjgcH2JV4qDXeJspLcVXBVc2,4015
85sCrM96wuxLyRQhBgDpWLqPTs7HMYaNN9g74TCVc3tB,4012
HPGkUdYm3eQJML5pGiUUy1swdnCjjidesND9dwKLQo1J,4046
HGeoiWE9ifJfdot3SNQKTcaWkaXju76rpGFLf8gUmLED,4058
BFwca398J7Rmj4E97xu5V5tHxivQ7A42ex326jWxZyZB,4046
73CpUtsWTRkbVdPSDFm8whzGbEVWpQPqivoRUkBJcALV,4076
CYncDTnsXVqhoZ4wajdrTF4oz36dfrCSgfWCPYfJHau,4069
5udiAbJXda5ywfxvStF3bPLaoeL6WGURcnnizqQPgsTY,4070
dgoo6EDfy4FXmqxdNeyhv3HVq198LbPQFh16ybKRyUk,4071
B4WmwTDq81ubRLPj1sj1kN4mmna9r1aZtE9eJjj2PX5m,4072
3FuHUY8BExVTeeG8VZWbQ9nuCG7ayUZyG7hSKtdxi1ew,4027
4nseQ5FUhprxW4i4ykfWtN9oVrprBcvSop23mTEJYZuz,4038
7m4t9Up2hUaukMmBNzLXjhXQDtxNVXwh7r6FXAmwRB7k,4084
DiCk8DYqUQv78Rg9LuxXkrSs8EhPZ8LCn5Gx5ohnJ5cd,4050
9fD2Gr4fwgcL9dsZxGcRMXmnu3RXR4gUZ1EbcC1kS5S5,4075
H1GRwWYBdxnT1kWLr4wcFRc9ue9Qp8xcptuCFPy4JnL7,4583
T17iFdfwvMLW9nsauj7ShWrNaY7jes75PHLeGe2cWJA,4378
8KrBDLPpkFBBABxoip3PGcSiW9gutWdbPMkuLpwEu8KV,4539
3poakWaxibNpHjQNQYbVenqr1rti6aKR2Embbcn4cyK6,4567
A2356bs311qSwzTQ4TPiKbJPwvCj9SsbC5Po6y1sNjtB,4566
ALMmLw9uubiVSqKpqWjj1B34hHz4bQ9UbvppxaoByN7G,4480
7ws8jVEAZWRbo31DcGYrTMeZ7AfdE4382VFcxoqRL88V,4614
FhWaSEMqGgbW25cBBSfypkNa4RHs87B4grCd6QMKb87w,4567
8U1pHChLnFmm3hyRTGUYqxhTd7v5khn9RDMZStEVv5oC,4379
DhqvFdJQNJbdGxhEfEsSg9EfuVW7AbPkRurYygrjfmfu,4621
HxbtjTQvie6dZd8E8gh62ZWecyeZrBhsyuTmypBkYghw,4282
GyWv5MoKcPu9FgGpUwAGyzZRVAsa7Q769SdvXoumJB8S,4630
72tzQBs6v6iuiZn1N6kdKdFSm3cbxQ2Mo8kA1iBLx5Wg,4483
DeWzusrSC2YPzCCoPCofcjzxvHB7GbFnc8VkJ75v7CHi,4625
2RGnKKyf8SbsmPGdXVcse4m5Zu4TebVwG1L8gLnLNkjc,4425
h43vZQFZa9nXU1XrCBwNuezMAuwQhtLWbnfoYYjpyD9,4393
3s1zotrxetKhRS7KvAzK9vr7YjRdfFnAiNs9v5y92wcL,4570
3njGLed2RCzN5Z7fRiL9f9QDpF6WknBhVdvuJZytnWhd,4425
7GmrPKYGuGDqZTvcDH4so8q3vJtg5PfXf6xgAdftB7Ao,4625
2bNGon62WhpQ1c1wpUX2GSo6nvpoD6PvbT53zinmQ3vU,4557
CP9gM9eTwezvZZxL2QrGfcBYeEHe9MsJLU36vj4aHZGD,4515
gs6VpcBZH7gRzvwxV9Fm8CrgdYtZMp1jWQo5EqD3DZe,4594
Dm5cSfDx8JmjoqgjfNiyfLDBJdfxtQFfpazGwu4AvNrQ,4567
3SFou6MMitig678LNeu92oqqAtTiNM4Dsn4esCh6UDaJ,4503
FtJebkXqpWNgYsZm9pbrzV2jZ28CiVNmBBrenuQAf1Hs,4503
CfoD7szJGb5zFU3segjjL4u9gGP5sN8yZf3279jeeYL7,4441
9hRvs7xcaiugvMqYUkVVrocd93nUx5vKtRRwAxZzMXEq,4606
4Ca6w1icvawU5CFJYvhryWdVYbu2GWvRxDiMfbtxJtmo,4450
4eqePnGjfUsd3AYhosJJSSbKhsN9y3RdkLoN5edwW9YV,4634
5tmKD84NahLdVa1MtmciuD3xqG7DUywX6UaLiSuCXmeL,4643
6gbxSGUykjnPJZ7iGapR2ob2pbk9BxM4hXMWJ965d8cY,4871
FwD4FrfdftFdEq9YyYoiBEw1KFCDYgEVZM855VgazKhx,5143
8iGsaDwk7sRsZb2z33YzMFUFxUAMRJyZtoGneg2eCsxF,5009
6KNAutPZx4YE2XrE7JrD7ZtpduJkAvZUNUAExBsy6uBG,5222
HJhJ7KUqNXbHeVUbp83WLZHCC4CGVPYmUxGkp6SVS1wz,5230
2TQzrcywEjka4Zcxw2N2QoXVMBHPAD7mQ837i9u82rLz,5268
FUX1Skrwvdb9SYzd1QLx7RsctHUGGfx3UUadre9Bai49,5147
BF72zfmWPk9deyiE5UU5DhuXEoC5DUASzJUeiVRC8UgD,5242
48Er88qcRDN6b9NXgA67wEGcsCCCBuuS2bbEgjJieKPg,5302
AwiXx8VHDwcfFbrotRtiHKM1z2riyPJCDXaRYTRQJQkY,5103
3v2Sko642F9PhRnp7Gb4Q8eU2xFhP7kSYZ4s6MrfMHZq,5224
AJ9nK3utXwJnMoz1fx3r5s8pecRqytoDvGp6dYFXQDrc,5099
5qhJF9gfGne9ZqATyoW2CLCDfydajMaFVkG1JbC772RS,5277
DqAkMGrYhjqJjrkHUYrW9PkXbdEjfb8E8JVWrTKWW9bQ,5306
B5MrTjL9KyZUmwL3d55dKNCUjqN523TrWYAPdL8h4SoK,5309
7KfoxhAYHKWnN851yAW54K43zmoKowg9YBBduj6d1m6a,5285
AnPZ36F8GxwzjuXw29GdfZivqFZtRUjYmhJBeRMS4mbL,5293
2FnGm494He5MvUPrXZ7FhyJUe5bz8ESMQyp9UBYAthzf,5238
HT3SZvN4zqSMtMkXaRcP1KsY8G8MZESMEVwVshG5GEqL,5329
GbHEzDkg1JLeGCpA1cncQkhPreRKL1LzS3Gc3dQ1E6oJ,5278
6dCdpSqHdJhMu1FM6piuKrSydGVLJLmHPRoPufP7a4M5,5228
8kipHLX7q6acNBT1YVsx7DyoUgcATc5oFSf3c1WoeoCL,5235
HBisP75MAWgfpe89MUUFe9JJzhAQDXVJf2ypjjuaQRFB,5236
5UjZFQykmRx7Y8tPJAep5wJSh8Tn8wjbA4zh6yZHMvKA,5106
EhXnXV48p4ucfkyaHXc5vKwHeFuTHUYFRpHRXJ7deiRV,5336
6aJxP2pboBuXvTAxrb6t3hjQkzBFRnrfw7yQ24toWr6y,5346
4MPDY1MZStrfjYy6fJuXLtY8oQQTwDW9mZDvYLxUSBcW,5347
FScnJ64RU5wRCLA9zZAeqMC8zTqMfDSK4u1hpPLxCtyb,5347
GwgxGkWaTHLR1qcaSjviehWTWcd61LW1X6PxEXKT5SBr,5348
AZeR1pYxL186roUkc2v5Zk8Z7FtxSiT8KcReSRYzaM9B,5348
7CcMHPBJhqUc6FGMvJuEzWuQrvgihKC3nVExHPA5NnUj,5373
DT9dutmZgmbyC89Ujgp9KBbPuTgXkt71rCBQPYmDZnx4,5161
AVWWBs8ajKMY8kt7VrtQoyh1BoL7sPyTWgymcpBeM4be,5328
FdyQgnkWRoib6KYQ7xCYiqKwsvrdNHBRMJBdgyqfEMmX,5363
7eexCgNNrFf7XtEaDCMqdCeYDXiSKR9QBsizfdjTYdnk,5370
E7Q12Kfd4129mGHt7MXWxccV85Uj5WgesuHgxA1ZpDqd,5370
BayoGe9QrB8ft3bBs9N4h1Rs6CvcyfTwVJTHuh6pDx7u,5345
8aS7aD83DAboxgUjGTRSNifMeePWeDRrJEYvjtecE5tU,5378
GRtNajYJjFvK4hQCdAp6HjZGEXSKurzN6hkkarHQmiWu,5377
3ZzBNvKGmvaGd4qrML3PS7FXNb1tB3Dj8Yh69Jf2dkj7,5424
HdcFFppTG3d7MQAaENHsA7UWceAeaUEaTAwvyE326Txx,5378
B6wnmVSnr8RGkSaPzvywdoNUvUHcoxWsssqZcuWdutEc,5378
EK3t7pNyHJRpsgFhhjAasTuL76YZF9YvQ7UDDfKwMaq4,5229
A9QBjhv2YS1hxmzFRtYDQPNJuToVzjAeNfnP6MAbvLBV,5442
HNH6b586FpD66tyG5qwwGL3tBq9eXCCxX9FN9gYxrzN4,5380
CdKGosBh78L2Q1NMpsimc7CCkBStZuK82LCjRdV3fcXH,5380
J35KXQq8uBKSjTrYjeqpcRrD23rcUwCZdGnQdjzkwnsa,5380
7TA1BVtEPBegjZUDmL1J97z8Heck3oCw97AggSxMZ2s5,5380
Nyf4iKS12R4hskm9XKMcTA8oBvtkVdyYQEaFPuLeomB,5346
9HBY3HyT6Hn8CTv7JSoSxMKER8mEZRqw9UYHEA6kmYu7,5383
7g6KqUgoB82jfwb989dCv6xthLcZRcytrJUFYXkvBtLG,5429
Ch3WXwuNweMwGsJAa9cjmrsh33Srt2An5jAVgv423MDk,5434
3CBX9R4ERXo6dnWkjNYpe6Dj1xmNAmszPykMPqnoxtuW,5380
3M8nhRiG8Hb8P23PNQ7TTQT4NW9NLqx2s3qKeWHfXtL7,5466
VgEysvFHHpE1iY3vp2rt8TPL3jKLTAuwRxpRwE9Pzwv,5410
FMp5Et6zC8aRVpwWBVRvMRPfWa3AntvYdLML8WB3tUVv,5419
AAub4BMwCGMjrUJVDqdtb5cDk9TWJV8nVmjw2EKPcsbP,5450
8U67V8avWQiJmArNnz6TaPAhuTH4g9G8XZ9mKou5R71k,5330
7XQSveYEd2WXBmbz94s3cJog113pb5jCKASei3TJ5mhX,5300
5RoVf5KEDVGnD7yHFieBar9qekCnjvb8mMnJg1h7VCqf,5333
4fVYCDHo73PVHj759Jvt7FR8X5qd1GpUAotsEeubL3EU,5201
9wTDrqzy3wjePPeszqC64rDZDhCK89KYCQKffwEtvdrZ,5275
CGGVqNX5mFdACEsGatqLUEwxAvYn5qxaJnjWDVLp3isj,5270
Bvfvg9ztoKJfp2JfBqTef322VQbpaoWNVHz3iuvV92ZY,5337
6ZRzkEbbucNojVTBeNfytDZfYpekSbBmvDLGVHKeN7nZ,5450
6maYDk9Gi67RBpCFPE8MTzSVDN3BfZ7i4y2G1attsmNR,5585
3kLM56KkZemb1gnQu5sc8ve7kxNXW8PLNQgW6pvRowfq,5362
4EnweSR6pKVHs2zMMptQUzBAakci2BSHJTEzM3Zn7J3v,5308
3x1f7LDfp8xAnD3TDt2qdTVCNxNRwaxXWoDhgvM1EHBx,5596
8S77ou41S8gRpZHNJ2JZhK3yNqbngcLM53oKnN2d3rjQ,5605
EQckbJAzmbHpHS9Pc57Xgiou4UBNcoMvjsXZzX9Et1r8,5643
4FYiAfNduNXh7qMQYz5zrGw8WmXYqxBRNjGcsGFAdZjC,5436
GV4kkcJfww1mYBYoyXQXoHsnYRES949MTPYerFJDTQsK,5644
J6J3c9azp5FyrThXhLBEpHje28WUMMFCYToX1UHmdGXB,5375
EiL2duMR9nETxycJpxkJQGSE4obDkP1uCXQPqx9p8thC,5524
9zYnwZAM7Nr5gUXBmmGYvcGGs5aeKCXsetVvxtvHziT4,5491
AVTjYKajFB4wSJJfruPke69iSDE4AUho5P7b4HLFc2Fi,5523
99ZyVty6ZwsxWJm8a1vJwr1GC7nqp7P63pYRdZCgteWS,5548
9iSovU2wuwXMgY3LBCoqJj2SJhafcVRmz9Tk5xMy17Lf,5663
5t2Fi1Cy35jQm3vuRiqB11KAEeztk2rXcHQxRkHfkUDe,5655
DrobphG4bh2kL6TVAJ37sUugx619shfcJcx81TdLAqj8,5700
J3g5zRBUqKv74coFyy1TfxL3c1cxdVB9sqvDpN6EQHHe,5555
BTweQtRCym2tjWXA7BKYGmLhDd6ZU9LD3VaP1vpAd779,5672
8DbTVLYohGZ5CjwWMi6HBZdT3j4Nk2UKuuqBrUPhd3B6,5718
4Cmuvm98xsTnkKjS8ip6H69o9areNqoXCbJaSFc3d5zf,5745
J3QJYoVr4LkgxWQ9VaLqCExHuUsyjUqxKypcqy2WixmV,5744
7hrkzgVsNJky3AWVoCdGQcs83dFqfQ58V8NNcrfuA4Wz,5507
3BuZfu9w9xL562cmVdwpeqpUV27Jojh8VihCYu3Qwisi,5616
D3skn99FNSAe8SY4RTshuQkdw6PFbNjMhLwTA77a5yq4,5792
AbTrJUhH3xjhtkddcTyE326Kb6vmEi22X2GbCDN74mCS,5609
Ba4fLoiYoLRciwdJQf9Ss4AWWCYHeVpMcVRSCXVuvtBK,5794
7Q555GBZjUvuhPMUyCRk7QMmNpAa2cWKCAGR9y3yEJaJ,5618
CHDtfHK47XomFPQ9169RGEbvGKqpeyeDuoR769wcacXT,5776
7khuamVd84n3F3mnfX7ymmSqw132JXkGfDyYKQWJxsKu,5742
ChQEEshsYp8iAzMEJtNVfwspg9QePqqmjU6LN8VZymwh,5492
5rrM8DUh8nVAuQ9MupQHRDdjdnwUtLC69ErwisbYvbJU,5674
3BwkiqYqB9fxoVUMPhrKzBk6pRACzVdhRyLDFJcSWqtU,5522
iSZmu2RrjZNesqxyBoJiaudTGAb1N7CeG82pPfCqD44,5502
CVa8HmWiRdTNWrWs4ydBia9AhifQWERCbtcKCxTHVqk1,5539
4LUCCXRYHWVbGf1MMj5QAeeRGoUdDvMCwbTAmFECUBgp,5586
B2aGLQfvzL1d7qogn2LTFnJKAg8yZ1vscaNuyDtrnnn7,5505
FQM6D5s1G4rPeRMhwF2AS3oy9oZ62mfSo7oyLFkqnPmw,5585
8oZU5ucVKUcDykoGe3bWWcv9QSXqSxxGwqKq9XuZy4U1,5539
DehgaLTdBe6pqBC4oWLzKgkQH7oXuRpqv6q5uV87NuAH,5803
4Np8zp4hWb2notENjM4jFzM5dQfwFUuMZHr7QJGy94sd,5753
A67um9RM1wSZSXxi8F53aoTyKfrcmrZZWHcSvqN7ko69,5610
6VWj6ts7qDzx3fH6chU59ZoFkfR9EPQ1jyw4fPAYBdiV,5806
6wnVxcdTYCDyeinYs9FBz7RqZyP5EdRQWGUiHm9bRbPY,5805
6d9ah1eiA19njVYYMPRydB5zmTTqQardCNwugFgv36r3,5595
Hm6q8xHr2SdNjAPtzucwVo5Rpz1deFWNm2HbRRrAsfXk,5819
JD81Bn1hSPU3JwwwU4ESJgCgN793jHKRKAeyZctNYxwF,5500
9Dap5hNpwfzTHcsUgxrySerqQKEjHLU5dSPz4fDuDpR5,5677
9YHYc9ZXtVEqTGfUWtcBCJk1DmqBrDEfduRDXafgoUS6,5650
5fXRUjV76q9cjQsQJj2mHyDg2CMufG9BmfUTVCWrM4q5,5620
9Bmpobp6neoEnB4NrReG3xV3ck7ctZ3uDDX3w8e3mKs6,5601
HCCdY8GpMSrBZdErjhmZJDciTndnVzGznNqY9c2LtcUk,5796
DdHiSpL54LUATn2X7YRmG9DGYYHnU6JYhBV95ZKixgCi,5600
4TTJpGeHUSMzRzfwETWLmbNyXKNB9jDF3ndH4851qGGA,5598
6f4BUX5t6Tr4aCBW9girEUoPwT3rudvA8Ui3CfthzHUH,5598
HXhJ4PD6skta92kLccwd6cYnubJeN33dczfJuyQ2Y4HR,5771
DrTs2CxVHjUnBZVmNLoD6nun45Xv8opAPpgdkH2aYNTj,5602
AZeVxyzpX99dgmG6mjqbew5Q6WZgsWx4z2dfjhbZda6i,5757
4VHnLpTHP3iYez9xztxvYRysztVk2WB6BDpSFbxdqwWt,5825
49CfPMc2f516uzwTpRX33ULdzaQBamTMWmjU6by6iPNT,5602
FwcbYqr4WoAwj69SxY6JpAUuMERVPL4fgnwuKDtKR73R,5795
ERgdZcFS7vPFetu1mAJsYtN8YxA74mJvYE78V5G57CUT,5809
91XLuRPdUj3kxtMNJp6FFLfwLR3tyNNGqa1yDYBgfZTp,5801
5BnXjip8Q8KA65HZ8V2comSJf7CM44wMMbt8kcYyd2A2,5814
GKjhNjd1ydeXVf31LqPwmvoTXdTKBTHFVoTrUCokUW1a,5812
S5s5ebtKxrJS7PN69roEWJKAPXzAS5ZGpHgWEbVZRVF,5763
BzJFzkYDztHUcaC3Gz5ACtv2MV3fgmGYCfsmqSzSJ96i,5811
BAXzCJ8uj6Gp8ZsfzhjgFkV39o3Jknev6Z5E41Zmragr,5843
8ag24DcUCrxVZx8s2kmpQiyPHDFWeFEYiP1e1c8wP5QD,5549
ACVDPRoJH74xZvbabkR1UNfMFikPvMfRaQR41spTNfVf,5696
DJLAZnKKDpKspKpWo36bzqyehyu8cLjTp5XP64z1pzxy,5705
2gDhxKvHWBEs37kBEviPCjNRWW7idRjSiGi28sS9v4wk,5572
64fZWUEKL8VHeGpRrvbHTpng7dzTvaXFgTbntqCYNdJk,5815
6WBE7VcohqWxtHLsjddC8YZAzfyXUbuTVtC7GRCMZUv,5615
G4GGDuBcYEDkezgGv4myNF68RFtG6ur4KBoRUig6hgzt,5630
4qs9W67JWspaCaJWniQhqSgCYeQQ9BtgPbCvBMRVU6ae,5813
3p8nkQw2EMBgqAzr3T2WCwgemrvHUSxin61tZhmSyqyu,5650
j6SGuCApdbZdm1vxicB95WtDTY99pEpU3JWjHnAK8Wq,5573
A8TNooBhFar6WEW2sJDWGwbKpRLM7WBaWWbpisdcKwMw,5518
Wbom3S6j9E1fEFk4ZQUeaarXCoLjZ3qpDrqHX2Fyq1E,5723
3TBoJqWGy5RPgVVCmpDDhnqFTD8YDB2SHd4RB8UBND9P,5720
H7d7pMep3nzurXKftKebkXn7Bs3ZFG8YCNQePcm2r1DX,5701
2SPG1gsWG77ysdAUT9e77ypgEUfwM73Nb22GPJuTQfRh,5853
8deYfvEoKSpdiUts3uSAdArUqMNqZTesVWHMFc4uVceX,5873
4fUCVcap8SkZ1fURcxHpK6L4CcNw68h7NnNW4wAbVxMk,5855
5DS4MgNfQntDKqykuJTbZAzUctstVTD8bk7unrmhCn3R,5578
A5wdJY6nDzhgWsoQs8Bpu6hNReWGgKywqcioK75DSa91,5895
CaqTRWfKTgUMtPUa8ioeDpiUXDZ5Kt8YPC3kNA5eGSvG,5688
9u5r4uEv2CWoKoNaqJnmHqNjrtHk6L7WYFqWjEn8TnRU,5913
55KfXtNxUvXjX1TisDjAiwSNUJtJYQx9ie1TD6V6tS6k,5620
BhmywHRx6ouhZMWfrVfkueYzBDe3BGxnWdx4c9hZJL3h,5688
FbfwLM5DaeDih8tCisGsUiGjkeG4wB82bZaH1vuKfMek,5729
AHfngkAyzgqMR7JAwuJVArzUnEzeoA6GUWC7Wc8PNm73,5933
CRqQznghVff6Jwsm92LHdGuJsJaEPNKNg7aVCisRUenz,5761
EJsEbmVL2d4zwz5MFLkR4SomHhe2Hf6UvYrrZH2VvyKB,5917
Bo1odA3cjZ7KjNowGcXJZ3jBD8zgAMAi9zqJi6jaS9ph,5716
6oTRHcvTAuhG13W9Nk6VARNEwFLYHA7WJdciUfmyaq5L,5587
BoQbddMJLjGKpqMTNTuHUuzF5hoSK9s9yTxt31Cw6LGT,5710
9mYCkZiXxTnDqjetLqRp9nLE41ZevtoX1yrFyTQ1gwSM,5750
5s4ydNewab5ZnkSyrS9pDrDPcRwtG17geuhbQ1P3PuyS,5762
3axSTgjgajoSWRkRNMaC9XdCYcYZTm1sb2WYkoYEZzS8,5785
AX2FZDVgBJi43mq2wNvQNgg7ZgsFxMv2kDfyJEy3DFEN,5901
DYX6fFvK7UMpMjoo39hSHSNnwoC4YudzkZukA8hfyWTk,5802
Fm6uUhCWE4eDkTCW96QyWge6H8nqxpdPiqNycCphsnkj,5712
2j43ZyExivDWPfWNSwFftd4CLcTdm9nv8koV1qbCHfNU,5714
3SEsDU4H2Eo1KH52zCy8mhyvR3CijseQc5TVhNKLXSPF,5783
2poiqpajLvUiwAjFs9NetWW8BqDUNc9HcNioFfHHCmyb,5628
9GKVjkUaopiua2wFvZCDRhp16Az3qqo6quFwWRoGPs6F,5726
EqSSAMkgu4aVdFjS7633K1HtPfGWJvVMGhjpstrQEjqU,5960
77a5qk4VWYbhNoEg3tiyvPhqesvAmZzJNAmgRY7B93PH,5795
GUzdnUJ4CAgo5XsKRuee26yf2ACEMYVeBEEyAKvopKUe,5614
GmDJsBYXNrV41jXCtFFKQU2S7SCRucjJXw9R1DupLm4h,5709
F84aLcaTescSKnT9CTvdexKCexR4gL9KJAoN1Xyr852w,5805
7pj5scd54Yx9uV4rHGYxxsa3ygHZcE6VQGQNjXaeavux,5762
DAAXU22MSEe9o5g4yriNReGbThcyUzR5stAtz4SLsy8j,5895
BsPqotDKSmRMJGeatDx7YTUrF7FKys13AiicwK67eTEy,5738
3ceVtGPdxxWX43EVBiEMU7nKFAzoyN4rZT7B5x5FmhW3,6026
AhQ6mzhNGjcyHER5c6cd3Hrw1EZRnRrguaEeGDNXuoPM,6043
EzLVaCHK5pudPrioCvtHpXwXAkiLnJSo37bLx3TjCFL7,6042
7EqGzvcAZTqreX6QuFECMAqZ6YsbMSBFnPnBjpFxdpJQ,5917
9FGnQXMBASdEPSmReAmACQhpGUoyfGmEFGxJeG7U9ZmA,6033
Ct31agy9jtAmtadLwaYGCq8cV1KEMbM7qxTyZ5gQbtNS,5778
3s1nbSqJuTpQnJSNv2NePwFoo1nQRrMjmhaUZRJrTxW4,5845
D1hmpSDk8zAe3V4HXCY7tvLBeiQEGUTr2kX8PfAcEGTV,6016
35hdmBaRKLjASouz9jPvmzRS9XNEdzA5WHVups2LcZjv,5778
A3NmwHW2VQMhVFjnyk3TGbcdrR8QP9F6JByU8Ve95MAQ,5744
B5zw91VCDKciQardpifBgkuVXTK31vKxRtddf4vah1sV,5918
C1htZvruUxsoDBRbMbCpF1dgqLkknmQXn5VGRcKY6ixn,5894
65EyTY7UAywbBcERTy7U3n8hyqT1NBb7mtdA7UXKTdUE,5830
GaRjwCUwSJvKbtpNzwghR694izMDnbgMoiUdYV552zAM,5894
4Tsw2FdaqAbtyftooCJKJKqGVyAkqdBdrSYBf3F6srAb,5718
58ChK29jPY9rXehP8jScf9mtPQ29i2PZ5Ksx92j8XBJJ,6017
G59tcihwF4Qb3WdxRqvTesLVTgcxTXNjsg6u7JwjaxJ,5897
76uRZCYmog6ETSTG5ovvHC3es4ipih39KJsRuYJvfNzr,5877
3FLNan2jU91yL9tQ9jRhGm7vpBVPbWFbeRS9KhRVzDu2,5880
EatShWDuuqi9tWQTnuDfGxNyVNnZNkcCDBtBP3P7LbBA,5825
8rh3GejqrvPaTa3a4zpFNEqkQRVsndmDQDcF8yQnhnxK,6032
AAZJkTf4hXr9y66nyQsSdQX1TBJTzQ1piTcC6JkZnqn9,5880
5vrUJvXQnGTK3DzRpWeFRpjC5FrALgT1aC1doCCEsF7A,5730
68GCrF6PZwaYngoJToXZfYJg7TAdbEeZvHdb7weSQStJ,5879
GAbGUnFW2Xa2fqBw62V7aF7i416F1vhTPGgdWULWEaiP,5922
8kW6JGv18czgiUJzBJRZ2ghT2MVkP5jn5FQDCxHpZMVV,6021
E3W84Nk6g7zWoCAKRtDmhK2eNE6iTtkpbqk3yypsyZMz,5869
GNnH9rsEQwSho7qt79kju1Q2VHcMKEyJWH8nEBAcAJfT,6063
5pEXxqppWVWssSSC8EqPYh7YEbrCtRGUCYamebm3oYbe,5912
GxhzA2KHJDpuBkGdHWAk5jD3eNkUdvSywWJE1qnd29Tj,5849
4RCqrCxKeabmzRrh2X3EmPkfG2e8uDvETMXNgvYmoVyM,6017
5SwkV7ZAwBfQBhdCgQibjYfBjDfkVSASWbdU4XRLpMf7,6053
8HcqG6wXJWjtYJeHDdAzbc5nrxngKzqxGePA8rLK895R,5853
9Kie9PiBUCdUDc8uCULJkLaXuuuNUEgcLnLh3qScBGsv,5905
2xsmGZCAUURk6x84auJr6spQ5r2PazFbRafZ17zYM5cH,5836
ByoRzapmux6WHentGHJFqTHpy6eNH14b9qHWrfMTPuTc,5864
FmzJXapKeM3WuJLghXm7hgKq1EJyGCZptPqFy5vE3d5U,5924
9GjfgkFRWFGKsrC8WZRNF4ZmGatnrAkjKHKXkLf2Urop,6024
2R7BTs34WAVK3DqAkctkduTft4Kpm8X1sC1RWqQe5UNH,5891
AzxfCkqp2FN84LMavhczkTeEgaqkcNTVdNnpYqtjaN9C,5914
2BHU6oTDpGo9VG6Zi6NgjGpwp7dcR3hJ7unmysxDsazW,5726
8FNpRkLM87HssJ2B4fQhKvRqjXjHLdH8CET6uePCXHhJ,5892
GLHPLCFWVVg3m6jFyT41Lg3VEGJ8CTvndgtDo14hnSwz,6035
FVMRG9ZJBf1mnq1SNQjhQg91U5GCP383YNTcKHZM1omZ,5783
7xpdtRsNAWxwvc2FaUnayxtLaqCm59qpAzaXXZV8tpqw,5860
AbG1mHdegJ792PJak348TW871croiLPsLFcStfnK7fCF,5925
A21NCaE9GTLXQ9Qd8zGM33aGBDeDZzuawYQZAq2qPb5h,5878
GDZDpTjKDTWyGA1bT7ruDVJDV2E2vGgsmWMCPM9a9DD9,6061
E5he2YkC6t1WT7PUKZmhnt4niV3EUAawxRP4MCqpmcdG,5925
54qrd1GiQvv2dzoqLC4vPCvnzr7eesk2qUC3sTqLogJt,5912
9baS2fbhpP6qCd7dPc2Tc2eYiAgqbzzgwUK8TZZBZ3J,6062
HAt9XfgjahjhJYMK3s8Tgat8YgtjkbFEhN2E4SEg2SkU,6009
7KrbvAeqmds317XBpr1GMYrL6R43WVdFjuhR4oKgTZAG,6063
BgdmT6NLtdXYJydV6xVjyEUaddNATekj16sy4ooXXHwz,5894
EwoYt6akxXpYAB5X8r3gFinQZdqfKYMpKVEzDAXaitzc,6051
4gpagGci6YHtaeE7E6RngKThW5PErNkQacfy76nJktQn,6053
8itTwqFTMQS72eM4g74UG4XbzGrwFsjJEhhd8EtPLXwK,6053
GDdvxmpEp43GWKFYYxRvPBoLVRswit6wc6nggkSeopHT,5923
7GqrbpXyq2PPTSk3s8dx4vwf8cuwbUyVUbrWNf1VS6tG,6001
2mJJFMCynsynq7CACXf6GQPDJbGD72ZNecVvhN7x4EdE,5787
AMFptZEK17q65TwLxBJqGG3cAuD3tNDZUuR6PU5ozGMz,5787
7pzCHXXBUyRkufgmCpNB9ArJsY6ySrwtWKiQRH3RMy8t,5903
6GMQ8wabnWWYqoaNCNZW451EZGz1QFVtfJiqhxUnJKbP,5873
G7b1XFTvxW3bdh3v5MRCQfzJihMGrwJ3nxtLL72d9Cfm,5843
AXnsi75eHjdvZTj1T4gCBx8cXxjR6cgrxiuiv2reQH7D,5874
FCKxNxympcZy8oyb9QdnMv7TmKw6Jtr4PGdNXZZLoKJJ,6069
7x5Uo9urLRDJAE8xqJMb6ynXDLfTaDzkLAQ3gGCgd4yR,5802
8Hsag6x5UAMbNL8bADuPeX2zdu1FntEmY4LDN1yA6Kgw,5860
9jV7M9NMFNhmk6NAeYe4g1HSciQw3apHR12dYx6pr9o7,5927
9HK68PmZwxNxdWFpyFryt28h5ERnCJknXZXXDywwhV58,6013
2oCU88Rs3c17TeCbaKDfJva4PSNiRHtGvyAZND9TaqgC,5923
6Xd6U1q9s6EVBajWf7pVPQzeLhKp8iZkZhB53Het1HtZ,5797
EaUnwSKchWpQ7mhq2fMASN8PZZiaV42bCcCD1qXgSiCv,5925
7H3vnU9CVZXxSJFZGM86jcAN2rHWFTJeNkH7BHT8GsMn,5853
FKQq4aDN8RJWntU9ymcsWM1rmJ14MhkF9cFXdnGA48FW,5855
D3TW8QMrhyWrhfpzwwxc3fQVm8KW6RBoWvLVThKtNZgB,6092
AdtLMMZUJwtbu1gbftEmkASqxfk2JgaWSE3qndWdy1Uh,6080
7phgKq3bC5h3ev14MEeCRrqqBoBRnjoTahy4NY6KtgNe,5745
J16qPS6bo16oDcDEyovK8ow6JZd7SjGGdq46cjwkEKNy,5933
CdsL4s1mdxKQ8YctvxAF4ZN1UJeSFdqUj4rsghzG4UTE,6063
5PWQ4xowULgQTwyeqoXo58xaLU23RbGbQxNhxkc11rkM,6051
Hiu8yCyKjjMdzCNoNS6sfMeSBa6hYvqcXztLv5rc3VUC,6065
EGg9DjLiR9GkraJAS6NgCMh172gBubAmfz53pC6xtADA,5922
CwHNfarhp1RAYrdW8Z2ANdw2FECfRSjFxFfyzUHL8TMa,6100
Au9y4NBk1ZybDo58xgvrX2CWYPsqC9ZaibZUcZdXk6ew,6035
5QLkojX4E2rcnWDetM1diYXLxi9oUjTU1nor7iLtCanp,6052
FHroHCe4uPxARYFGsvAp23R8FNj9KfMPQyUCAStisnum,6069
7gNb7dVWGbLkSq5LNzAU94ZsmfiYGJ4MFGWXPhUvBY5D,5933
6drXuZyfcxinuFiVjYuFXrWUaAFWRDZEEovFRxHJQYyW,6086
28bSM2SvBu6PD3rqeaagtzYMaP3ZMueEWZZjo8vGc7Wi,5918
67SqQGkvqRAmzWV7WPwKSFFsqRveEAeYo84DDs2iZxzX,5920
6hmicDxocyeaVpgD5VXUXX9pt84U69jQVP78DgVEe54y,6032
8vYzzJGLnBaTth2njBtGG2ncgioTks7JeQ2JRmgMJ6Uc,5811
CjhnuR3gwEbvxHUe1fLvLNn7LraL3v77p8YKk4uWomc7,6277
35pEzsLJzcHPq1hgHLRgeYEdPC6wj1Fv97u9Lufr5trA,6239
3DMhtZcggqffPxMxsHuebqLsmSjuvFGMxZ9McZRd5vnd,6270
4pVCo14GBsi9bCWAo3FaX1a5ZkTRnXoB89QF4ECmuD1H,6280
Ao4gN4z7NbvXJ3REw2vJuVgfAPF6NAgM667JNvJToohg,6465
5EzhgPEg4QnDCPQzVNn4EkTGwRu1zNNKNC59QVhExztB,6174
GGV3uAQfAyh9GzFA1Xb1vSgpq6n4i2Zvh3b1yqXEkmGo,6215
HPBYwMnSsc1deEMLSa7HH6Bu29FPQ6GKJ1kzAbAsd2ZN,6323
GAkJoBgRTJoGXvkKwdrmwebVrT9QePUngmkGEKC4Rd7f,6478
88VSyFeCmEeyp4CWRujYQBxZ27gyBxemEvyCezr2H6aE,6272
GYGvtkhqeBNQ4uJu8W2KbWVz8AZM2gj7GvrkY25jvQE5,6477
FWcsvgDX9x5XLThk3a5JkX6tmWTHNFNtST3jy2h4rNzR,6494
JBxTSdtvcwEJYk6PHVQR12Kj9HAn3W9SFLKRXBS6vR8a,6503
CMQhxgq9kDLCGfH4CLJCKC8oSArdLBATddjYK7ZDiFS3,6464
3oh3jcBfJ3MNDj1xDWQPEUhDZwdt5oaTPVgv6zixXPLL,6311
BTUFambKg2WNapSp7MmmdwU8ztrRZtaJLnQtfoeFJ5AT,6348
4kZxsqYBL37Gv2hrRzrmbqjEt4qjvdZqUjTPNYLabBRJ,6460
HEFPGqx2mJ3RuCu1zxXPakkqqdcPJ6dqqp3oqrDdBq1F,6350
9jyEAWJzMzS7fZduUeJ32SBnp2wEK9VVEjnse3vJsHC6,6168
F9oVtDXCegdZupFDCqVc2pH3Dgq8ny1XJXZKUCo2vWLm,6275
3HuAKeH9b74CMi5uNwExCS4hr9WUANAd6DPdgxKPQWY5,6348
HiFsF1JKMpTPfULso1ohBerXvMKbCax7Fqc1xcHihrTC,6196
8R8hsbR2UREoyyqJL9rFDPjbskh3E1DbZh2pYdnnYNrq,6356
D6HU5fRHniwHKTg3mpdrAsiqTGw1nM25HaEcA2YeWaFW,6478
Evo8rFNR4ZBymgLTjCTh81wKor66C9BcbLDRujJuz3ev,6279
2vA5VC1jSRRub17BwsuQLPMNh3iWH38LiWTvkUpmyvvs,6472
9qw9BCVFSZV71zwcoUmP3PjtFNcptNESeeNiNtctDhde,6221
6SuZpzSiMCTTemWVXU5FMLXhpPeyVgiXPSnw2144qTmp,6351
CFfZ4Zy9LmLaeSR7Z5dbGUvFrSFuXMotviYH2EqtK41o,6322
H7VKu7ms4E9QDx5Qm8SxmuuBEKwWxdzdkuGvmRuFDcfG,6503
5f75rHUgu9TRvWm4TgPaw1hK61NK3od9McHnbn9WiV6Z,6532
5i5h3LLG2KkBmpRiHeVoAa78TLCisBi1ehVbZ522rbce,6505
2d1pC4tv74C8kaCfMiT4ztbip9MctaKYLz9Y6ZmjuMBQ,6503
8JEWYPpk2MXWBK1cLX7DypoAjuk36V9PF8dRCDcfty72,6239
8cbwR4Ps5c4ZFPic8bnw3fbmNVXncgmjqS74RAXNxBAq,6368
cFCUe35NWjWi8XcDv7udcbrgVhTajsuMAkhWd7keQRN,6300
ExKAC5MTT1xgjoD1dS5nu5ZyU1NsDh2fudTwW3U7YiQ5,6250
4TykX7ZATgDSdPdRP1WT6NirBqV9eNJdukWQqAM8hfN2,6252
3DbBceYNLg2JbV5KDHZNFjs4onpUvFWZaiCyKhtPyBkd,6301
3gdfrDSvSCB9sg4agfWqVbPuoJRe3Sa71oHMbmzHWSpN,6304
EDKdAhm9PCkgEGWPF3X6yTJRhzeaL2rUEK2iDkAFMczT,6248
DmKsJ9nFFcN322obKoSUaSVULEthjQVvduvWn9GXju87,6563
EaDbGukceQGhLYYsNuWJgvCmPUeEg3SFuJYsa2PbjMgX,6558
4PW9BAmkrqqrvHkHbvdxiRGzzg4dKTYhk51hewk4kLyj,6394
GvfZE5mj6eoaixP2X564nM7Kr4fcqLaGWg9kTibqs6og,6636
E6fiJmLDkuddfimHXRg92gynDXEG7FSDuuDv7z9D4A56,6561
7Gt9whQLpih2SKYWBGkJpq3pfB6zQE3KPw11kbHijKaS,6427
GXTSk7LPs53VARjbLLX6A24yP4PGMv2F9W9NkpRtnxXL,6546
6hBiuAdSGB1eSkTjadHYQTXr54arWgmHYnD85JqJPbn7,6732
GQcT3oEL55aWHeh6tojaCTpKuCigNphb4Q48D7diGupy,6620
9ur9xk7YhUf47vaeCgabtgsFypYPN7qEAPeXnZk8HrR3,6785
BPYAupQSbpugKCDExbUvYHDdK6KhCxFydPGWvyV9XDfU,6787
Fy7hMcStjyLHVBL8cNUuLTdBCKok6K6ETDiDviqrqTnA,6780
N9zSNDCM1eueHfqmNrhki68UCpFeDvWwGHNqXJcc3Vo,6654
3jhfxSSRoXmg7VP1hhQHYTJbH8q6xHj2CUCo5tfywq58,6583
F31ctjJgswHFxQuvRQpqDHTizRdV9MZxrUVbA7yGuhLf,6641
DpaJvmcZj11XhiLMWe5Gd7Tgi5rPyuDrmUBvsA9gTF2p,6793
BU241ncFQqgRmYrzN3U1PnsQZWqzeYvx6wWUWd2VFLhi,6642
5YTDFQDYwLrPedzxyrWrMcBXZXVsRkpBzbuRLvQ1rMJs,6787
64pyzPY9dx7r5pzK1qdhV3gu5DgbCqBmVVi1nXfoMqGp,6671
AappzbuBwauf6Cv42tDiqqNUKpcAe1E4EWDqCUQkEyFb,6797
7mppdHnteZ8yjkBTaQKgXtPjXEqAFGFvbSS8wcuCvBQp,6796
GJ5RxDx7P4qo9gc2YSXcaz7wpRdKGBVhpcLouRdgXLjj,6665
Efbni2WFtm9F8bkFk3BnwhdN3b95UJe3zX27nzwz5hcU,6652
267PeX8b2dG21L6Bnxp3eqY6vMA91CJksN7RXgaPETR2,6675
B7angX5JdMC42Dtabp3FJJRUzWJ5GJ8ucUjoWdETXvZG,6652
74UR5tzmhCz15SVgDS9XaKrYfxGLmubQrPWhuNQmx63B,6491
8whpaBw7xfdbGUMoZJ7DTMe5WKTThBr1oDMpo2u5E4Ev,6625
72rrwG9NGvPZe6gD8ULk3tumB5bbjyvrjknMjfnHcsNR,6602
Fos459wqrndJaKRKARpmtfQycqL6e86LR3XekX511h51,6680
6moX6cMD1JaHc16QZhTL39eZB6vFqu2wS77eU4Wf1TUi,6808
CTg9vqafrrWrkoqqCV3d8JYprKFqUtouNYYZq5esreSF,6548
6Ri9KtCg9tTNYQVMKCEoVfTFUbcJfZkgYmJxFm5y9iMU,6558
CnYFDQBiiGBDpRLYC5dJJtm632GTERkeUYvfivYWoCtu,6841
6bRMudxSHoB352UznrF7Hm8sSVmmoYnDqVje4VHw7hJG,6697
Fwv2kSJURafV77z4Mhm1pw6z3bx69x6z8mW75sx1juvi,6830
HRNZhVr95jE3BZ9ETeCh8LwmxT2awmDokvmK4rwfFkHu,6679
ARQkJanT9dPehsXKWQnnk7fWWgzA8JfvFLskR3sbBzb5,6687
Co9DAWAFzgpcwtUDZpAj5EB4KTiSeic8jgVzytzz9tZX,6766
2se7KPGnzmhVVrgwnWKpZMZaDARZZmQ3ntyZMXihPypC,6551
4hBd6SHvDPn8kpKwiTBUxjnBdJyfmgoocsNeMtZsUief,6700
4hmhJiorrozoPqEoVDAEppMCq62TkDEpmdBEi1onsVsJ,6663
7TDxAKapdce2oUVnFdRzWWcB3sdg3UJs7Vtu5hDDKRQx,6716
5HXAQp26DVNu87LxS7W8hGy8DSpBvGikzY5wEpr8gpQk,6875
2Ds4T2HfqCPCsoVpGqvJ6mYpzuibTvgMLvPMxyV54roQ,6655
Fma2P77uvuU5y8MWVXqcfMojhpa9VqWGmyDa1xX5uaBQ,6914
3EDLV9vLd2TaeJTHnc4nyg47Ro82WfR6nwpXzqPeYSfM,6743
FBs7SS6Gi1sYAbBqSDbvWzNC2ibPHhGA94tsxxnAVZUr,6772
FduZ4rMQGXFckuDQFLhn9QmFKRWZ9XCTRiYhsQRj24sL,6749
EZbFn7wUYwHUFAHAF9PTB8Mt1HYukcPY1vdhwTvJ2Ujr,6904
KLpPrePr5HCdy6YxQsVnS54TBJwvLko3BN8RZb7oGdx,6908
EUHqKNmxkERVxZXdQXYcS7BDjCxnyBVrWq6FUgMcUgBb,6647
JAFrnDpGUjuBDyiEzMA11tTRgJt9YmwEAjn692QcJqMN,6795
2sMDVN8LoViPDpkw5HGGAaRKCchMdWKesvbgnP4GxKwv,6910
56ojBNbdCLxbVwQkLBo7u54f6mnyQupPMbd6xQs7Uaxr,6735
G2ZfNi8nSJYz9KYKU1eghJmLEp6Z5X6vERqiRVw6kzN4,6742
3oTw146uEq9Y7RwHKfJF85SJp6smcnWiadAgPQJ6rtzE,6734
349o99r2jup44jTViHXj3aNQudGPUw3KNiMz8eYVoCZt,6765
8d1fALgN2TJRAVhNffy82NzTUGm6qPsgghLQpK6ueWTs,6655
CQ6HWu9FJsNX5wqCmuRtuJZCeYwEE54NKyMSznAjXUmZ,6629
HsVG93cuJitC693jyDitMyhm8pwow2pJbMrqHJbSdi4c,6670
38yXYh9kWRYCQDJTD78ZBfPXn14hCRSijoDZtNZXFpF3,6617
DfwEfNa1yQNJFE5XqLt8XTuxcZiFnKb2Zti3SVX7ob3o,6735
HvaAfSazEM4xi57VabMDoDmAN1BGPdCu7rv3KUc6Ekzs,6794
ETvT8CB48ANBE5vBi87BHHKTo5uyPGhYtEfxSG9Rg659,6927
F6vpjskNKN9kefKgMYSk7UWDHpvi3fCEFLWsgCq458yc,6625
6gkHNSkvm3euj2pe8wJnAffETkxVtDJkSATrUT3cZgUK,6781
HLK7q5jseSY9F82FD4dnHxHe9zw9Ejn96cJ89dYCxf78,6665
DxqzJ3cBz7Xa6m22mQ4V9UgoXNSxMiSWuoZvmQRMgbdg,6736
D9FdSTjs4XWKvBWVYxQ8zyt82hLh2o2KAWXWmQcb86dS,6659
FY6em9FmuM5rrzTvP2jnJBWCjzW1dAeKv1sUCM3WFNGL,6788
37R6A3tDZPJwn43HhXrZfCCeZeWNdqUN7yTEk4ukNbCq,6935
5anBPT2GfmfqnzFk3pu4PbT4vCa2Xj7XF7E9hFwWag4v,6935
HaJaeW6CiPnnffrszsMbd3PuX2Ts4Er3c4xhUQUuFQ51,6654
VpmMk8u6QMW8bGWioXnd9jgftWmgTQcVidQ4FhYZWbc,6689
Gtiocfhk5y2F7PV4RnyKcMDvK1UUKGfsxn6J8z4BH8Bn,6935
CYTkxR566KegdcbtEHQB6iYGunQbW7yuZVvxsXvhDWT9,6734
9ZnHaeM8AppWXWVvcKon98aid6Gupih9XrHaC7hQ8Ve9,6948
DtCSdwUvxu8gVvcDkAtdA5j9hL5J9WEcfovSTcpnsT15,6953
7sT7yJBfaBFK6Q3e7RBdGp1R5UE7Ckddpm5SCs5mCgiR,6853
Co5hpLKcuMHgRonmUU7FcWJstxLn9viGLKnTaXpd6eE7,6849
52FRYVEAZETSmdh1sMdXd5DqeVxMEbamTHv3NfBANbkb,6801
3JMbxCZLs4YqxLogXsQZToDpBa62hB34zi7JFm6e7dhR,7003
HYkDwuPNHXz9FNTSkyvG5HprTe2oGkhg5ovkpNmTybRZ,6860
DMX9oGvFVHTuYGnX8SDXq7Yf4jWBW3Rtn3hpeQTrs8nu,6751
8LsAcx88zHUyuZhQJEfUxbQm5Jtpdhc5tL6mtYwWP8Yc,7050
2TeiJDFDHuLy3HifhvY7zhLGFqnB6DrpNwXiQ9xzU7gW,6883
3xjRtL845eMRvz9U2Vfrhbgihufc9k9zhX3Ds8ZVQcUz,7007
6D5fLkoUvDYTrDiKutSe61TmevMMeABR3AadMCTVEri9,7036
FjrjzjrYbvuPJf13UCdtMC9K2849tgrQn2RqseDcFfoG,6841
B8HYUrNEWeq9yyga1ZakbqF2waEJHrbLdJNjUA2iRpMP,6710
HUDRqSwEkHxAAJ2KJbm3MTjEBeS475aj9PJY9rtGXCfm,6825
DetLmiMRM5XK4rNCRysFfbdJRwABiFpRi4phtTLaiFNj,7060
BhhNnDdtVdiPXmci4X94U3fPU7zPK2hYPtjrFPs7qNeU,6902
AXG7QPybjMnsavLFwQTVH6jUwoG6NgM2iGQndUyDtnKL,6902
DBYm4R6g3p54oibBcyu93n3ViMJXg4nLaNtMM25cVGTE,6896
AaQz5zSo71QvKtpAJru35Pn26JDerAVN2BEcY1W9fiCV,6829
8ysY6fhUzH4TTj1GFYYpsAEfN89bxuuPuMK5idHm141D,6906
BeuJmvzQd5Rb1SYgAEMiHPBxPQFsW3LdtnLf8jobexzU,6868
42zqpLGakyYTZjjd9m8cnPZUgBHUJkMUGrKnf8WYaXwZ,6902
GLZKZeY67CCjZTVHGWykqS2LMPPJxqrVxTwad9cEtTuZ,6906
74T332eyiBbnrAuZDFrMC2trALnxDybmDvFdYH8TybJp,6915
4hDy6CryizpmwAe5vSPnKR2y3ZSe4G63YZViLtZqu3z1,6853
7wQ16oa5RGcbMQRiYbAm8Fao24WcRwy1ckK28uiBBDHL,6919
H8oESXjWXJWTV7qZb8GsYBaV5S3DRBB3hLjUMz6qjDQj,6920
DBwZR5zWo1K34uGCBRKq2VmgFKKyFtSpsEoQm8gMNiPf,6877
5kbbW4bjnkcmqmWS6ExbvrW2PFMRPLsDveUwJy9gK8vo,6848
Gn2SGjm4nd19BJgG93iXqrwqh9Xtg9L14eCT7Mvz4ije,7007
FZFgbxffZLpFt5zbjumXau5Hoh84wdPKYmsExnpr6Qpk,6764
6MYbJs6MxSicYX4hD7xinyEMdXtmjj3mMxWGDo42vNNt,6913
BY6afABctCCa54eX913WcyAHFrp6E14tmPpfYF8u5q42,6746
H2iVQ4RRYiuqupCLFJGc8TpJWSRR8gtrKh8kmzK31vSt,7173
UjQKYg5dg9LrGhRyaeVQmcqSKdPjh4Uv3F6yMFYzX6M,7058
DFbN3u4XvVoBFF3vBXtsk8BDWUNTzSBoX8DTYW3gCpvf,7216
EFkvFmyZfepZ94G4Rwv7Knrtnfmk8f94cBcfU8xazZqR,7156
EiuRar4AF5rkoUkatJKeoCUZUKAZhBncw5UuafwfyJxh,7085
3H2ppLXMXX2ZRj24zpQ4dr2TKpEFmvMhxJvY2T25ntJz,6915
93SbWStKg8zapWfyHzZb3yGtS2gaFUDSNuESHAUzKSQg,7211
6tM3AM1rP41Ebo1a7mbxPG3RfnAoeGFPQ4AdRMgUDVQA,7008
FUz9Yqcy2muVyH5jJeZ8DPvctKGiRBhSLmYu6UMpcJMn,7211
7qF81fE847tHdQgreMrYXDmJEq4hWdnh7ocmZfV9rGKN,7080
99gULW2em26M758sCx5ZKAVNnpawe7zr92qWQpeEVqyW,7095
3CYXbsHX7gYjPp8PyDegM9Ct15hvfsG4NWjxk4cz37oE,6999
EUo5WiHmFJ9z1SGRU7VS68CqPkxdyyXhEj9Q4ASC1BLB,7105
2zDLZKBZzaYyPTsLPo2pKnz2z7mRXKpfDUnMZRdKLXjr,7246
Bm9zpjzbq4v2MsAbdZ9v4S3TNXf2bhnQpxcpbvse1WmN,7084
C2GRxHJKBoFf63tBQBtaVhzpxRJGmbdQKUdeaxpKSvve,6979
UthUwMkBZ2wkkhReUwb3gdxsmYFBYnqzZqkDfWHxaBd,7261
EEoyerxDqR5eRsnpzitgN2T3MCUE3gCr4e6tcUrELFvo,7116
8S6Nj3BSqvu3kcLnqqFkUEurPVWbVAmxUW6LGunF9qTR,7009
Dp3kgbZyvNu2jCZpE8SFqFJa6sC1dUNb11vyWFBUCfMD,7128
HJU5Gj6kaTNw9wx9kLKtBf1QxKa1eCmDE2o1zBYuGnH5,7142
FyCvAaHLTQcfu91UFnqi8u2qGUvmkmXGxb2QRW4V2YfA,7150
Ak1D9CJC9qHBE8MUSRna5VEwaEVY2ApuP2XNjg8xWYyK,7144
5H671n6PNphUfJhXtngTUGtyzUUGotK7CBeCpQJRKf7s,7126
4SU7tQsfZpZYcJUHR4ET6X9m4vu1xXKmgHyt3nwiRXZP,7072
2NUf6GZrv6oRSSNQzLAmad5zQctDV3DNUa9hv6AZ7fo7,6959
DT22Np2QKV6pwuCspam7hVu8SnCSqZCphSyFQb1Ja8g5,7145
6VifW71bvx5AAvhi7izS4byLQhpY1Sf6bHzFj6BqnEe1,7027
2XSVKCqGBHiKV7LV7ZLRYVQWdnQcjTcqtFWgMAQGKyyz,7076
5ApvD6Yugu8DtjVhLd5HrwGz4A69atfcH4qj5rM7soec,7076
9DNm52q6NPwtmRUsqSriot55RM8QpwAkHn3RtXi6YNVW,7271
BZJmi8yj5DJvMhcfEczxf3LmCAJXTicX32pufg5J2UH2,7079
CMmGWH4dR3MuATBEEqfePd6GJUktE66L1HutNtuRD6aL,7112
G8JGz2hZgWSNnbF6y9FZ5oPuE9rNrMab7AuHEA4sMVXv,7155
FEnH8oZMhbEsd1bHiTnH21GxnxtKXddA4YezKkoRxoGB,7287
CDXn63dXo1g2eRWociPQHCxS7HNyQP2mZ9St1r54t5ye,7137
8bpWgbppDo7h5PsXdcx8o2UbtyUeWTcCwRv7DBK2STHu,7137
7pCZuTomZbhqmo3K29keYGesZDftfL443335T4rLMMKH,7161
Aa4FrngHj8e4u5nUiBKyZwHSAEmLWbdkEvqEK76LXib6,7279
ywpKPTppmnWUaMwyRCot49X4QLnVVG8CqRXHqgSSR8k,7237
Gdg4RZr7juV1hz7FyRZmzgkCnbiX1ACWa1zSVqeGvE7p,7263
BQZRkpVuHLbysBtbNxer3JE2evvJY5YZ4MCQGg7N2qEz,7419
AqVcJNGNMN9VjCQjCBgRjuzT3LQNDjRy4d2gxkeB7JSs,7215
Dsjhe21jEjDiuAv26taMtybZpQAdNkYyZmFJZ5SXoGRp,7159
8XxHHM5AGskd5n7Rhbt2oQ8XJvsNky2nM4QexShQNBC2,7372
9WdWJ5ogbuR3DdERgzBHoqeXJKViYQs4q4QWcxxLXqQB,7423
HYhCk4pb2Hjvt4cYD71C3vrACVg2BqjV3FfJGVpbx7rs,7221
ERuCGCN9UJ8pK4JRw5QDJmTyiXLv5rSkQok7gshxTEG5,7467
Ai3HRhQnj1yEuP51zAXTUimwMtJUhRNiLv3dPW2Xf25Y,7143
8L32HNKjMNX1VUdukCGPs1kkEkUTzWh8nRgPq49NtT88,7211
FA9aaRJkvQaPFdUKgXxqBCzxDzk9gCN3SoNQqUFBQxGq,7475
BcMsBSwZ5hw7fqhr5YURX7RmX42N353iFNYk3ivd2rhg,7519
6ULP7F6wLmvQDHusHCcatGE2cyoZRvvdiexVNbPtecQn,7526
8gF4WmHQUN2EZfurQmZyMbNsYTQ2FrsAt23mm9e6pHTz,7399
uzZ3w6NbodcYtJsuog3tPXfz3heBfSc536t4ru2i9py,7408
4s4N9eHjqACjQJiPepfkDq5K3aVBhaDwxto4jxH65tRC,7278
6Rwko9gdiihpo7tY79oHwZcbQEMY9aqoDdmFL99FxD4T,7392
6QpDe6KRXNbjKtLdYZLz4KMBuFq7Cc3vDgdVufxWMToV,7409
HKoaHm9Sa1c8LmTwiqtkYssPPDEs4v6KFGBDYSBvBuh5,7295
6gT2meVhD6MMpcyyAEHbR8yJNt94J1rjKwNphjk6GV3A,7385
4xAP9MsKo5dY9moUZZmz21YSUGKKK5BA9CY6GF17XdYo,7296
Hpv3wfkza3bvWDJUSNgKPAmmchkXAAUJ11zhWwHqtUWX,7300
2eBGjL8T8ePjVUwBSwTy24uSBSYuNhn7hafq8ooBVYBi,7366
6ET7VPB7MqZULBdgXrEUPfasiLLQL5A1Pua2ci8cxQoY,7409
3BFzqXe1Zm1bauAibTWKGx8XFEhanFS2xVJGKx8ity5w,7401
3pCsAtA6t7boNP75gcN5JdMjnubWNjwoNSujKNXMpUXq,7435
DHqPkzzZxqswLoRcEYGex9zvNunNqbbzVeQKS3qQeRuE,7392
Ea3PWzXJHpDzMEVTKFmbF8E8ykF1tvhDvmjHbJA8sH13,7569
6XHVnP84ryav2KC9AuPDfgfCKWmUmzvxXENQy5FRpKQF,7474
5t3P1EuMECm2t1jAc54JBXwLBTd8wrWb9qy7c8qgJkpQ,7484
4d6fEoS6sUtTMcfasLftRYMfv5dcHnpA86Ke3WMtTsqL,7624
5VuqKWWPhRq687wdBnLdzBrzn2DXi8cGvP2d6HAfC6S2,7497
9eEvH3G4B6WWufagoXw7oifjJoxgEEKXH1KVAoupnrva,7490
DNZvvFAhaC7ZJPMPt1n1MqdoxsZvf1j2wcF3BP2uQzTE,7564
FaeDyJTkcNXG4nq2WjKSRUx2zaBoKjrPVT5KeKd3bKyA,7630
54DwteZrJkFAh7Dk2wk5tsNS7VqvbGmoLUW7M9uYD8fE,7635
FeY8K5PskT4Yw9obU61sxmAXt7gq7E7rZ4kPvPv9M2sQ,7453
FSAGT8UtmMf62DJn6xAGygx5S57m2XzDABd44sGAu4DQ,7653
AgNcQ16skZFmptyzi2HAQub9KdDMuGVD4ok15ypGW5Rm,7780
9ayH5ZKaMgPgM73xeUuhJhGrAm2guezSVZMfq8S3Z4vp,7656
CcHTBMqxkHWFj5Dj4qMkErZBBn5SznshruSb4v1fvaaM,7650
9tartME1D9xsW4FxwTPh4SioVovXmRZcY5SrdBMgS3xC,7478
7xMgVJRctsfKrzVnZoXGLmpszW8ZzD9FkspYfmNTBFMR,7580
AKohT1u4oZRU6tYZR2DHuaqZ2AyQwpY1WfLFmtnz5x2A,7486
BZN3Mfpo2VBVCifbARXKvGuTEcXusZaSH7cMY3CbLF5L,7659
HJhNdrA735VtuGmhhi8vu3Wb6UVyBTQAPcdySoiEtr6G,7603
GmLEr3ph7pbkvgno2HDPpbSaxKdVyYamMbU89pFoQS5S,7492
23C7Y7DJC6NhVpyW6J5QdxTxU81A3z8mMPsaEEm6qdJX,7644
EVXm5QNAA7yjNaCkVWeWEYX5iUoNtSqKxYb6tETwGpzW,7544
42thPxnbFkgRLY5cjWCm5XCXisEVXq3mMjiHCXJwi4Bk,7679
5VSBAiXkFxCkMSzrKixduYiQ8XFyZjzDm9L4BvXHQ21h,7623
FxprBMA7MbX8nwNWjcpdn2ZVjwusuHvJnfqTFqmyPWAm,7685
2bBznA7bzfR3rEAtgdRMYs99payTyZAufbYrDhieUMX2,7820
5qRFQBXBQnyoZFTNSrywMxpkK3oehgGzYrzGmGnYbHWH,7831
74Pt1b1PDy4SzLBpWwaedxoWWLu6QzeFvD76CAJKYsLS,7632
J1v5bcXAvU7z8pf4pMw3srPGSFiarh8PZ9GmBGSZPkLZ,7717
8B4L1BHciutzu8GNTPX9q9iGvi4EJtpdaJrYWs5TautZ,7811
DBBGQ6WAUg9yisckAHmKE8EsKP7s1MTHLuq2wNhwvr1y,7848
2bBYom1fbijMfbNP54UxRu4j7PVNVannHLDdacDxrd3Q,7741
HUGyCrhvT2cbs326vNop6SQF7UcEdB5EALVECCP4tiSr,7675
9esa9vrndZZG1xC6XKH3yMNLJ8QSsRTNCKkANTgABuvP,7732
6iLVUnX1fgecmEdh4hPHgJrpFPfGo4b4nXRNAyRvheKk,7660
4HX6iq7J4yNCnW5qV9rzHh31buRstHmZgD5adaBWZ9mo,7870
APpVGR3QyJfKF9j6yUYgt6eqkfjZyKAV5UJodzZ38x3Z,7767
Dk3RKudkRDywxxso3UCbvEHRkKyM7ies4rXeJZHEH2dG,7622
236on7RUyEEFUT9HtaM8169wU8vCKbogjnNfbcTL3wY1,7912
Hu2BBNSKomeJ8PDJce36MySqUwe4pwYRuVW3TQvHEnLg,7577
YAAKtvkDnRumTX638ckhr2MKggPwUk8RzPfMxZNrfdh,7694
An7dgkrjS2SDm6N8nMpkmWLDGZb3ihQFEewmbiyLwSA7,7892
3TpzkYmygMV8kGBJbj4bogpwT2rMhZw1cdvbyS4nTkXC,7909
J4wjmJZbScsPbFoXiGwGbhTZfvGoSJBthJhaaVDJVtfD,7618
8VYChiJ5hy2xBeZAU3c7trAjeqVtUwa8HR5rQ4Wx7iuA,7594
3dwFp1ZVPkj5bQQGYnUE3x2wu3ccvPxW6C2nn4DVh1fG,7781
BFScKgZZ1Ed9gBBj47ZdsGcdFqrDN8mwtiG1RHaoLZ9y,7884
HzH8BKFRkGvYjaUh4PRdBAzXDXKnct4KphZtqE7FW7i9,7855
6CKTR7aEZFd8noQ8xqhibcwU6Sb7YwKWnMdQmUSWeCcM,7861
f2zyY1vnWMF5yubdG8YrypguNepj3M27JdrsjMunVfq,7556
GrHgubmppxgZnxYcFPduDXrTYEBTnXX6i1yimDjLrKbd,7703
p3zubpJhyKx6TWyJGrT7Zw9epk2LrXd58WttAkNfUcS,7980
AiTLzZtB4pZBaZFgf6nXWBkJq5TVjr9YPy9nC3FNFN5g,7661
6bbx7PrxVMz9osDcJmozqdLL3ombXX7bpPpwNVksMDQB,7764
EpUm5pGUZZMTMER3UzUBgLyEbgF5ECehzUwzqL1Mwyhs,7739
ALciGWGJzjpb89dnQ1HVjtQh5E2n63crhtBMcZS8PxUo,7618
F6J7ucnRfn5e9gBSVicTqSu8pHRLfXmBdeiwhmPdXq6S,7608
DuqTckUEGztbDdycB4RkjtAEgusCe7zqUmwhfBooHC8P,7797
DEgcBhELz38rk8vnZ3QftfZGfQpSRW2TxcbgcdBL5pUA,7746
EpTskn3KFv6LzPXFx6VrXzmf3PWAim72D4Uv4NE1qxq8,7921
EYuQwqUMwdJ73BDNodpHjVuxsxzfPYrsSQWi58cUjurq,7797
3Mk2xYjBmSVXT43nqywGqGqZGVuYA64LVExAHg5HE6WH,7675
HurVWCRfadRejGyPngEwBdeMYQQ477KwFkE7p7JBz6R7,7744
4n3dtNpNd7jBdBgXS74LkLYXJnk5K4jwcETf2mvNAkfp,7800
2aofx3Uxh9Q4FXheQoxeDGSkMwvzBzt5cS2gNsCfxFJc,7800
GZqGPmVDzD2m4MzqY5sMeoMvfoLukPrreha3yFyaigRt,7675
4Kj59L1MCG3hjqmySbaS4JYf8aBKsq9HkhtvFXZCoz72,7750
DPa8xGe9XfqAzufuoyhci3L3kaEMUEs47WLc2YenEZtb,7945
582DkyMuUtrHfuKGZodEhsVRWHiF8CHCSVDaJTYWurRm,7757
FBbitvHg4aXCFrEx7CjWBAJ52adFS1GmXhubFJrr9LwN,7824
9tcPWSSmpWQv8ACyrHPSkYtarXXgTkgeHDEk47dSKEvp,7766
FHRvSJ9EsgSNztYygG8PE1fHEkfpxZVux6cNWvhP6MDa,7925
9oP6TCTcgKgxF7nngbYionWrLSepwRi5dQugw8ga43UF,7993
3c6Ht8mytXazwUyBFbh6zpgH2fV3wFuk5VzancSXtecQ,7807
BBL4Na54gYzy45dfHsse4ZQ7yDwR13U1PHnt1P5wf26X,7806
GwPz7w4T9C23JSE2hw3JpG9h957ujMwUF96YEosiZmeY,7837
AeUKRaYtfVyPKHLeqweqzXQrx9UbxGtAWoW4jjPbzmTf,7659
CWdTLdpYgf4morCRg6Hi3QEPP4eoNNRcBi8MfjvyCjY9,7812
HGQsdXkstUY8sPPbq9Wm5V1gpjqFVczxGZH8AguJtMoe,7835
EqeGD7i5GDbRrLt4nuEX5gbBoCL9QwLVFEFrn9Zk9qS1,7955
CXKAgbCfFqC3tMufy9C82tPqm3xKTcExe8Pw4NFk9XXu,7813
GtyPacJftGq1kSvGCuPQsVdjK4tkf3VBj3ZjnC1HjjBN,7994
9srNSoUnV3iLWkckLpJxdigBEnC3skwyx7iKPYue6ypu,7834
H8SAE5Qypq33uuDCPnijU2xLrtRyNqADwJZDWw9mqZ57,7773
CBGrw7m3eBBESN4u43wrUhtGwnGKeFxz1ack8tVBssTG,7669
FfRgBTvCXNKZuojQeMp7xUN87Sr4NqxegP7zkZWR2ka1,7623
BxfYEzCrBY2fEsaLGjrGGzPDTdPwC4edvVP6YytGhHzj,7709
JBPW3oMiLWZri2bq6ki9X2LFgy7Ei7WnDDvNuGgxW2Mo,7770
7JtyHE5Cw1CoeMjp4E6Z6pTDoaKPQsUyWcbshhbJ9ckW,7674
9BD1eJAjbEfpmoh9WDC1m91rJ8Un2d5EcMcNaMaSCyXc,7784
BAxdMKpUHNawo9yygxqtSukMdM47mYzkifPbK6eiGhJT,7626
44jSfTp5YMdLWi7yqpJ7zbwHrQAf4J1LD9na9tgPct5X,7799
CwPMDdBCNhAsqL59tyQU3npzdJjEQeQcNDjdhH4gzANt,7724
FPtoZ6xPRfZtAuGadevEgbUbm8zPHiq9K82C3epKqgco,7827
71uMDNYMXgQRBJaDd3PCpzp1A8Dk8p78iMiF1vADmuUh,7802
CazLYuw5Tu4HTScJSktBwmYnfwhbZQDiUEdhimL3izzh,7786
EuSHWSPS6K26F7GiRRgAHrdM4W2QtfR18gyALuXG1Jts,7803
8SMPEjmZz6LdcW8FooHuhVCxTuX782vQMAiztxmiqm5A,7984
J35j18dhwQ5gsuTuqVsLnskJWLcnRBhii3UeRsFKtktj,7867
3HYAMqMyEiAoQRUePcFpNiRip66p68WUcKGxUC1VghJa,7867
9dw2uJjSRU9AEoiCoAp2JMbfS8bLv5tqgLscfd5iNLjh,7802
3c7TVG9yRE8KXbhN3Tzju5ra81y1wfHo8uDP9MRk3rpJ,7820
De9EpFi4o8DWDJF6B1KQ2YmqEDUSsJdcNsWBBtPWXMBS,7956
6neXififSju2GAX8riRmyLMWpM6ruufJTCgWtFGrxFPz,7726
3vpJG8EkuNo5LzzKhL1dTjR1TUA1cR2Cg9gkK3FwrxnE,7645
74NYqzfksSnTyXze7Aay2s3nPGkoDM3B8QzYuLddUxf5,8030
CyHsEPdUAeAAEiSdLZ8ds3XyjLTpowBVK2T69HhhvN3i,7847
2SvqNPh3n71AXPNPLNDKbLnsvL6V63PtYABqaKtqWcQ4,7807
6HPK2W5Wey8fm5jLq96VFLUZdWQqiL7LQkcRuikgdLzf,7855
8NxktcF6Cn5hnur1j2LVPxCiHTSe2W2ojjwUYybwLgka,7851
4MobdUEDJY3kDJimpX7Rd2Q1PEssuppP2hmCRaX5HJ7p,7805
C3yDYYNFH2XkwnXRwJGHfjfHf6DCTVYVJc9epQzJcpxL,7860
Ev7YHzxEuwhoL84SWK6MHk9vDfigQe2JjdNMSpdBk9Mq,7746
AXEpgeCakhu9HsufniK6GgFDvQDVACiHkJkSeWU26AB6,7855
BJgVDwcEeT8UnBVUw7TbMUkrN8naUAp9jtRKbtW5xzKV,7961
EejJaVLx8XhhBvZzZsTi5L5gao1HHzRjtPNsbQmMo2SJ,7742
F4weZBjJ3A4ZrDNhVTb29iXDpF3NzKg1CSSDuehipFTD,7859
Z54GF5fp28z3hxtjfSkg63YZ88uvMzzMJLh3i2vEaGk,7743
6RhBBq9QnvA3yoLEudWH4otqD17w2Q3BsqK4KFZrqtBq,7852
A3rBvsfJDnNZ8qcDBoXp8r36h6UBhK4fPLLTSTp58JZN,7852
CiXNmF6EkP1sA3NyVTwZRyymPbC2wVs8mQcSRngyuq5H,7865
GdvxoimWvD1365SHGXeXQwirCbNeiNJ8YrxooD1dj27t,7858
7znzzeyNS2uaXAQZMcb4vU8AaZYo2rd3Msexytzv4bGs,7837
C59KZMGAMexEDFr7YMX1aRMxQ75aZKzj2WHTJizS46wc,7822
FHPCBEuXJbc3sLddRUXnZSZCzmmdgV4H5arMaitn6xHR,7844
G75HKkFKdRG8fu4kdAwgfaURuWVEaguHie35VFaQeyYo,7825
6iznmhnLW1QmqZrpMyPLBjS6DFiKnWTgDJnJhNL9oGRF,7880
7KVBYRnnGjfEtJPj6VXEnHaqpjCbr2X3arzuwQrrEsAD,8027
Fzp6Poh7k6K7mKdGLC7QEVVcNHU5AYDkLWucMBsp76jf,7834
6ZVzEMPqr6NBDUKCVAkcr1aW13oUggzncp5MxP8ZNDRw,7744
9nies7PHuCoRe4KQk828M59UJYTfmbPB2THHfRSXBXgb,7825
2D8WQTmHju9qA9pmTGjZYst5H9TzQ9ooeo76DPBG1cbX,7883
J71uwCubEp4aag6eVzULcp8Fgj3TXHuzZbXnTqAgAjQR,7845
Hx9isK3sow5dfZQB3pVjo77SAh2ciHMEqfEvUPqxPLqw,7844
2GfbUziSNakrtf2yNFv7HtZQmMs5Qj5f8PGrvx7tudL5,7909
JBSaCQwAR8xH9FEMgm6QbeAwPb5ntNJBoQPVvfrVDNUH,7869
CJ4RpxRtm9oWLu72jCSvz1K42aZjgsFsKjzFg6Jiyoi3,7839
FGqsjbWV9w71XCvweH82SCWkFiy5bRwc83utRy7QV43k,7798
6bDeRzTdUczwwHEHmjJgEtLYXhcUJaKxG5MxWbfwza5X,7863
7tbFJHxroQeHvG6mi4seVrUUMoReJrqSriBYWz95ZXr3,7856
8b6tgTChUPDRyfaXsQAUYvmv2MPGbXSCCn7Ftwn56qQW,8010
DzAYNDMBB34ZmtpZsaNRLrSoCtaAhxhcFymd3dDTuZRZ,7901
2pzCAFAC3yausCx3vr9L63tFQvF5DDiyzdaTKd1P5b2u,8058
HQEC29Li1WfzyJgaTzmTz4NaMh7qCxieZ765TuXRoFCM,7862
CR53W3gHxv2dz5EHh1DhWfg1VADHjtg7BVBWhZGQJokG,8060
8aP3nBgMy61Y2CdjangBMTCwGyQ6thUVSB9rKMe3ZctN,7865
5H3h9i9D67wth15qhRDtmSe9Lv5pLnx1eERx3sBmKvzA,8049
4vyeAwQ84hgcXMbYkNnkg28Yj7itCaNm83FqUeNNuZUL,7932
FFVBAUuvwhZduds4Txb4xPwTg43AyLX2feZvHPJfwyLn,7754
41hUhCnSh5WVFR3av95iTCYzT5tRMPDs7px2K8dkMKtD,7912
47GzZME9frBoccs8ME4ZTcLuRewDLMh3Z9tEq2PKtBNk,7950
LwTGdnKmfaox84GfjimLec7v9XqD9fibWTPBHrNbRZm,8072
Dpj3Z1t5Vs9EapJvFMn3tAmzWwwcnRMCDramAVePZ7J5,7917
HiKpzMcNML15u4n2xr4kWFFHcTQjkvP5VDSa1Fx59FsF,8114
7YsDgLxfmdMAKYi2451wtkwUuW8VVgbizKjq649fmVHZ,8098
9nyUatwV1Ym78waXgTLMhwSUADim29Gi5Ace6PbPFyAd,7943
GLHc3qzTTEAnCwbwgaPE4swnf7md6qHmR1CAGMEXnNCP,7960
BPzc5KegWXEjuEoTLZYBUDbHM5VVNBLUAxZXmHXpt32m,7930
3HXCjGzNsz1gx83QS5i71CVqPkdhKNuumu5Gz8jduwj3,7943
8HtsMfXGYN4fz5nDqKYp9gVgoNKHTpT4MuwjwLy26mWU,7973
FPgm6uo4PEqabmWdew1qDfnVid2mLpxwBWtX3oKwcD4i,7918
ADS62c88FEFrt7ozwDx7NnzoYV3kme5PMXC9E8XVRdKV,7947
8irTjX1oDVnoaAvCozLpqRvzRfcEpKoS9SoL1SPkJ8Qg,7851
AQDKZn1yt9dV2GiipDfpnYGzUzNYEpoDujLAYkE4EmjU,7969
4PGFdrKHr2c8dpCnKLCq44Hg1WWWedAJ4bdu7jZVUR4j,7957
3bMTAhTFt5ViHE9rLKxucD8ntR1d7SwGXQ2rBSJ8bt42,8108
AWFvLCF6ChyYCuiWHgF91n3skSy4CfVimUDuqKiwATfs,7840
DPiKe3hfxbPpdkRGDnyMWvgN6VoXTmoEMfL6LKZX5nnT,7818
CWh3uGJ6Dm9nqKzu1WzVTsHPGCc7zXH1ejXxhkAqavZb,7957
J8xE2mgYKcGmbXqoA1c9q2RuQFyuB8MZx16uiJWPrQb7,7903
59qN9iK4mPFDgUc9uoVtvqWPwgaCPJB3fLs21bfEBfv3,8063
CcopKoAmAvW1eKsavnHfmwSgwyDtWpTQEuLSeEnEBtHC,7916
6ZwfakWAtjasKS1Ce1iDtERaLxGZY1uQAA8DmAFb9eEr,7915
DE82FmpeT5HDLPkMQMKaoD8yNQvfnopvL68rTbQUKB9U,8067
7cFEyEoqsapdsSKc2p7N1xjSpt6b7rXwamduwBLmS7mm,7915
FT3cuqUqJqHYvJcU9PrTg4KHdHqof2t19sXZvpZYzMep,8124
DW2VMdv37cRy59eTufD3zqr1nCeDT4BxB4odecoUqsxj,7847
hQUnPRiTZPbU1VkdQYM5y4tnRF2AaChMmfHoMLx17N5,7925
CokmtbyPiwjK33RWW88HwvSRNd5mxs8sHkiaF8eXuoGf,8122
3AFHRHBU7EfhqNvtnGA16jQL5QK1ovAEqb5Bdu1Der1j,7985
DxizfhaVJoHrmyh3A8dSc3jP8shJGAP9nDcMCWxuG5Fv,7861
5BXV9JkXwBMSZ2ZaVCgpCwKnm3E2UcPrJ4ALPDCpucG,8075
3YaQXHeKH7GX818nWgtW2XHhmsJFSeDtTa1QhFuYLgvP,7918
9cvnV74odLy8z28sNAxNynESyuDCa6yJSBNsvRzkW4oX,7975
AmZ9aFY7Ry41fMXfGnTbScWKq5qeQnmeirW7c499wkWm,8089
2RNkSPqsMDJR7exptMQWysetcjVT2taMjaxpXoGeevQx,8138
5qtw5gFWSfqVP5atYKU2nQEyjpxHyzwGyQkto8QbE15f,8193
4Fz9Lcd4qN11irHHdboaD55qVN6hqY6YPDrec9m7zwZ2,7953
8MdzdYZgRDa4Sj8vc8AP2WhQAUwmPU47MneaLmTXMjun,7985
E2g5QEFrKQZ4A9p5KVFVsk2pKHksk1T1kQ9N2Tf9KpZo,7976
3Ry34m5NRGheJLZbNDCxBPREtVUVthZTE9nzckM3Qnvv,8023
GGCZRRbGqd9JpsXfCmFdnGb36nbJgJVBnSNZCsAkPKAV,7946
9EdSegHzqH16HfSQUm5rCRih2Jo3fHYuPuRneNGgfcy6,8165
CinsLsdjmEgiZ6EBTEx9jGLgvoXB1GfN88jYhKpLQXYx,7995
6SGsm93nBqKQozEeBT2YnKDcS9necNAxMGWX22iSpUY9,7847
8zp7icYDzody9TRc3RtbaM44C3MKyL1HDLNv7CvFHDKu,8041
8zS8aj6pydnBmAFaNgdbqgNtVAw3KaYoK5JHiaCvgWwU,7918
8MkHbYvLeL4gH2FYisNFPvYWbJNEHBMG8wG8xkpqoTFS,8216
EgnKdwRwmLS7z7b6WZ3oij8QFqMxiEo9LyhPasTTFZsX,8038
9NMTm6dmfw2d8T2Z4vG3WuWk6jCzMeb3MyqCkXBLAN3M,8244
DfyQBgnsDUQTv9jXrmMxt8LaWdyKCE7pmYmF3BMMfMyQ,8149
BJWZw8Vjgk5guvm79Da5hYsUvbuz2WGEkYbh3n3tiiAr,8217
2JqHfr1x1imRUsTsMPjYVqyHeHz84aCdxMi3AhvQLMQo,8056
4GYgSXyE5RHyom2QwcFbcyFx51QPNB1zmKpALAegafgH,8058
BGaKdhyxCKmeQPE3UzSpoVyXBUaBmvUCKkAs2cB2GGTs,8242
BoSM99eSdKXy5hhpGHEzbVfsrV6522EQsXhG5Da7aaVH,8117
EMN5MJ21Qg2binX7gnawEw89hbPfvb8r8k4cAaxqfYTb,8062
8XQUc5UK5EoDMiF5wiAXnpubQCQwQQ1XcCMyhiUx2rh9,7920
FEkhfPBgBhB1ZhkF1JAMtkWj5we9wgPbZz2vEcznTRRv,8005
E6FA7YZAEurZu49qRTbWPdpdCKkc4tB5u71KB8hgdNdY,8075
Fy5sckpouRnF6gxxW3VdjSCADCRZNvjE5vaM839YZM7q,8007
6fGTWUtz2soubeov1ReK2rVxkZwrxrkSSVkHMhSCEREc,8007
dnXT4xrkRzRUgCdRsnQFWDozvdqbR9PFdeGi9oMTQYJ,8125
6oBLpVyotUyoKTRzFNgHDe5tvkYw9q6WgaUzyV38LkAd,8275
2DwASSp1M9nMBPonxfBjN5WWNmmfj1DzVhHdVY5MDoVG,8119
AD9hCNXz7eLNGxha8oJQPpoxV7onGMs3Y1p2XF9S9GGr,8141
wigffocMVaM9NAzy1wjMyFdrd4kxe49KM18dxWJfiEZ,8098
ASG3FnNGr9BD9ds2mKrFBh1pR1qNDmZ1rFhme91JbnEp,8145
5ggC3rnRsXwcAZTow9Bx9n7p1ZCw6qnp6JELvHakaZB,8077
9wCUAzWfBqaKdVpP9im8tFHtwPR31BviHNoJ8WWj7gcT,8280
EaBWZFfTSiptauXGJsduSzra1rgfJVQESr16GSsEXzu2,8158
23db9H4RKHsstYySr8g3n2hZP8MYogrzf6B9BN5Ra1Ck,8157
2NCSpdLryYncsfffF4RTviYvac9pCYSBX7KcgobWXVpi,8085
F4tXwj2S4pmNTfDtEKgQCDzzgy4L2PheAJ3eBeAyzPTq,8121
6byz9eT6V2Pnp1p6BYoyQ5J9Ti6u5y5z4TcTcJjmu9Be,8103
6B7c2cRj5smyy21tXvA2X6kSeFos2m9jJDHhoV6oJpXt,8153
5NH9Wt4e9iAcNuKd5wPY89fw9ziQU19RGRKNZwNwWwDj,8135
F6NzGTmbddSkzodrGs4pUdBGZBhgB9SRbu4rCK67DFgk,7975
Ap5mixPj8qaMktAT8ZvGR6CsJqdGzP7eJGktenvNqsuf,8108
7fD1Ce1rrUgqxcQDsCitoQnJHS5pvrDjMdWp28LXvyj2,8093
61osUocVNebWNL48hsw6H3GH6N8XjTTnxWb3HtLfrxxb,8138
JArWre3FeietRYWfzjfhvWtdNDJsSmA7Ctwc2bK7MH1v,8108
DsSGb7PsAaVTDTQKukR4iE9FmqLfhCou8VNTLJuKJhfP,8095
HXNPzqqTEYDDM9S3TwSts85vDVkfXyhVbjJbMQvejL2g,8305
C9yG32ENzezBgS81DaeDz3BSAmH74xAsfcKNhbjCGFUD,8174
VUjtN69mEM5RgQvHXGZwZAcf8GvugHmEjMqHXm8tAW8,8161
3ETcdb7fSpro1B9zADEgw9iLD6rwEarsX7wsNMKEz5WC,8285
HbuE97gDcL7Q35LCjP3hb4oL5TqAf134aDr7WZqg9vLE,8037
FLCVx6JRUVdu6h2zw3C7rpf2uMEzyTd5npysdL7Lbqpj,8101
FMgAqtazjcQMJuNrFBXYRqHNWm3JKb5Pnhbmyo8oFyZe,8102
ESo7Kd5URhSh7aXthD71s45b9zas1p9D47sgAJ4SdLTD,8041
9KRQ5yceDv71cA6rJKjgVZ73zrmZPdGqLUgcMjy9JbPg,8300
25p96EbxFM7HhjbMjPxvFeZBs1UXEtUamg29TiiEoamE,8104
9yh67Y6EyhwuYUcLuodB3PLPzkJeGjh9HG69vgs7B9TR,8108
7JJb7txyLuGzgDkjk17TL6udzqLJp4Zr3ABER9x18roz,8112
3tG1Mmq9ceU5SH2TBwaCPp7L6sjn8XreJ9pwMjmjCVKj,8159
D3V9EaqRtZhtzqHNvUsroMBx3a5CS1BENHoKSswRPnd5,8114
9ijJThWqBFe6dE2wrHkJTskxku7CdLEKPg4xe3eRQckf,8198
8WdXHMNEVR9rAFPKZsYTNbnz4cw2jbpXDuffKXdSahJk,8115
xsEyRMPkTgYtca5nZGFznkAqhYJYTYg8Gvff8Ri7KLm,8336
4KHTo6wpU9et222kgXdnp6MEiNfdu4dV7DmVJwpnuodt,8165
4xokyewc2fPJzBE8daKDkTRiwMSfrrr5t1MwihbTnqMp,8274
8kziqYMQnVFeieEj9y4suUv5toY6e8eh9hd9vfEcq8bJ,8120
FJyKs3QYakUowHSmNXEbrfAVa5NQUrdPuLzXPnm6CVPy,8138
Fdgk6Ao2FXhW4dQ72G2NsfefH8rro2HM9MiFJdqgvRg7,8322
7iaiKrHcGWFED8MUWoHL4gM4nxyZAQAYih4sWmrkp5qb,8145
HqH5aL7fHvQhRtLoTeDxGoMLtXqfnkj5hD9reyL5dKSL,8306
74jNt5PjDqXx5mC4rddZHoJEGde7XTch2ssM8Sfmnpdh,8147
3keVyzWV7eJ8FRk36dvihyK7bNYHKtkPpycdEJQxXcB5,8224
CFyoPziPKzBawfnvf62h6WHnSZrwArZiS8fUPB9Qsi8c,8303
FKuCuvCFDxHATo7bMiDSKuLAr3vruY35VJZqakXvKnQ,8154
w7QgG2dQzEGLdfhucPJLaHoPfF2u4TTKxtVaLxbYdoe,8328
6iGBFmJigjEVvbQTvEFgf8k6LiaSsnukKJhvp9mh2479,8213
CNC7s7CEadJqvfbRbPbyQpCb7Q7CECqxPgqSxHRWP9Hj,8136
F5FdWqcNV7yVq3YrnkDpQ5ijyAxSzZ5chzxm4opZ4UYk,8232
DB2UyFbcCsqRmMEnQzajBkPpzEVLKQmt6hnwL557iDYS,8364
CbbWxMtYVWUrfZmu9gKH2TugE5HoGj6NACSqXMVcYzME,8140
56R6CBa9seATZ2KLixJacvdmg2dRXajXSY1MBHYoCCbD,8140
HbYPhVrjQ69YWHd7ubrppgLBxbo6NxdgWgFxrph6bmM,8128
HPfxs2MrBoNzrNwYqiiutwJ4NTgP9vonaCfAW6Mz1d5A,8215
7XomFLQVJSuyA3g2ex5ZUjC5a1LyFDCFB9gHUpBZG8vt,8219
971VqQLd6wCrjg2nMGDSRVhUvuaR12GedZWcYe2mxfYz,8227
HiDQ1xYPTL1RCFA6h3g273UEgwyffRrirgMPRgejf6eC,8291
8xzkf4vJa8mDg5KuZJv3SQ5G8dohL8WcYpivsSDhVZEt,8243
HvW2M7SfPgEGo2An7BzuozyUF5a9RaxfCwRvKXTzviBT,8241
CDhyuAvemxDW6o3poRQLbzyuf5819uehk2Gp4MGeGZMz,8241
GJ2UNy6Y9poq1t5pxScbU2t8UQQzRAJou4JFQuB9SVqb,8257
5LNmNiXnwuFrnxDiFzADToRqdGo1LwJmhF8RNMWihHne,8300
Ev97cEHAMujrusLBs1YBqosL1ozDbVgiFsbZhmVT61oG,8300
6aScP9xwzneFdPS58g1UxSHHNHQreTcqmd3sSXC2RyHg,8192
Wrn3EAkZgUfZEnGiPcnLR9HkugEuKUEb7TpSz7m4SNE,8511
4mdVmFoM84nTBy37Yz67gHMkgh8nzf3bJNQSUFUYxjDy,8389
9YsCBmr7JTHDgMtUW3RkbhNrLaj9cS91SznjZVqmjcmv,8391
GgR2wT3speHduFZEpGSyJJDaYiP5hCWV4ZLykQSeYhkM,8344
B2ARZnBQ2ajZyDbEz7T4kMqh2SUFtS1utsZJUhjrnBij,8375
FdLxYvSfXGMuaMhXYDd1hV8o3RrMhKF8jKYL5n49RJ8e,8341
9pB1xGXvchkQhEzDZZgYWArXNf63ESErZUwAJMgSKnpH,8372
3Knct42qym2oSnHRHGG4QeZ23Cp96DAgraZPHWC3N3qP,8281
Cus6TV413ftShdrCRPpAUyqDtzeCiJDb8eY7ykACHBzy,8386
E1K3TcowdjWrF9Yd1znhoHSd3v4VBBVXdq4Z16EqcRo2,8551
GndCPRE6rQAyECMeXDHUDKRd1JpAH7RdoSiiS9Qzj6Zx,8474
mVZUiBbLBw3321SQLhbDJR42DTvWhLgutyPfBC9ubft,8527
9jMnnRC626m4c2qdrisvPUytK64tWKfSDnpozeLaps89,8510
G26e5mYVcmVRBew1xz1isLfJvm8S4Mn3ahRiCGvahuFt,8687
CR7T74gSiFQ2CiGdWMk8Y5wR53Hkjr5PWCjGB2Tu4YSa,8416
FUqDd5qCPZPb1TzvcSMebiaH53eqcML7pAvUJvzUrBqk,8488
FhY2fSr4RPWna52c5sL2sfc9RqpJ6qSdFMFwN4vddboB,8544
CxZN4pkkp8VXTPG3KTHpEAJKPdzb4bHZDkgjLYxzRzC2,8518
DKVqBKFyM8VBrHzauzW7iaZda4mvUJcxrZe19j3cXjk4,8512
Dx8ebcT8LwV5u6EjpLxpHL6Kd3VwyocKj5pwWQoQYA4h,8698
2S76LtYHJ9ZX8mXHWFmMtq38p6gzXJrp7RjH1J65DF6Q,8500
336atUQykfAbcs7QSPNHgNYsQBMW6qBEP9PxwLo34eX6,8499
GdE696C7g8h2PQdjpoCYahNocNefCH8qy9oTRBWoDk1,8566
GoTnaanGXwNQNkPyVmNoxtjnDFCkgEf8t6c8dxQbMQVw,8379
BZBvGKDxURuBGU8iniPfv2mNMa8BTdiPhxBivjr6MG6s,8504
HSTCLKLAxRV7Q2oKuwiWriZETKDZEc61P8sPH56m3zh,8508
2Ff1GbCeugsRvhVRmy7Dy2zATFoMq5Vz96mW9jyqfTBL,8670
Fzc4w8hWKAS7frzKLedtWU5JbytvdRN5P723EvoyKfiX,8507
B3LL8vniZ46R2S53u2TGBoxAMEaj8bSuFbpvWN64YNP1,8503
26iXmCFzjZxpBLF28YeNgJasdRRaYc2P4NQCxMW9Ln52,8443
HQ166L1pG9E2o6DPWTY1edM819qMAMREuyjLmZAenE9B,8531
9TabEkwg3YotXU11KCqK6UgggYjywahpqQ9uyXeWrKra,8442
8abeHRU9pQgSwLdVe6yJufPRXqWpQzYywYMkusX5Uqys,8511
FJ7rGnTiuKVWBts3vDgviTsMyoP48hf6VuaGnhMFNFzt,8444
HGVutLd5sgRrZNXSrs4WrEkLquy9SWFDzbUUhpr1qNwn,8381
Ee72cbWKzyp5FmK3SZPWdEqPBLoyUSXZi5TYQT9SxY1i,8556
2Jxb9G1piyX1xX3Y4Hp9drUajGd2DX5smX5wHLBYfVKg,8449
4edkQoVnaeRpArCUg1kmfRDE17AfqnSFcfBHZFhPygHX,8414
FQf83v5dXY5J7Ey97tC6HydNcRrNNkzYvSob6mYLweR9,8509
2FsrZG72pzfV2dKvzk2zGgopPxh8EWU7frEyVdBUxGgW,8517
3VXohCdU6j6YV1DnsD3aBgRNMBvjmaBwPSxL5dtUaDb7,8666
3YnH3QzbcK4y7SiWLR1qhhPtk3QVgS8rG5YsZK3mKg4u,8443
ABsbeETwMNKT5zCz5EVr5seDA6XAU2oZ4yzAtiJUfKPP,8520
GaqD7dv3ZabhaDUe4NvVZsD4C5orm2kNz8EgzKHWGo5A,8455
EeyNKb9L3Y2mMCqyJJjDkiopu1KtEj241viUrMWW323h,8454
2WdHpXz6wV318ESVQ6aG1iHtsMiYSwktXqwT6kTRjvJY,8732
F7iBBgjRyZ592QKSprjySW4RcTUCVaXD2iwQEbHj8ZFd,8520
4BWMRFAn852pjFHZ48GHNxpa3bPsGf1VQUdkz653rX2u,8520
46geY9KchWkoigCBYsxH6jfEEktJhK8oTwBvsBG4SgDz,8456
F8KLWF21zc5Hz76AwrAfcdpjdaLnNfUfR2sKWKuiaBDW,8586
7is3uH6S78ot9c5xxBLMSUKBXiNW8dqjLWbq5SH8fWw3,8522
DsnAesN5exxqxf9kJZXK49AiQ3NcfX3iawHC9hquAESK,8587
GgM7rxzh4n8jG4VML9vpZpEqwMUbHMTKRVpYMVkzLwiK,8457
2n2HRgU5rAg4K6AqQ6yVYXJEcxXwUihhKtcJhajbUUNQ,8559
CEZgqMREac6xTk6z9c5kuVPfsZ1gtwNJDsQytU73v6NJ,8391
46K1YxrZnEAdtoBi36B8ukr3ZD6wg3DcAKDWx1GbgJne,8395
B9NHmGxXvPiwDyCzTEk8aJHo3a59Yc9wCJGdwu8NAF3Q,8577
65iTyLBwaSoPJGbfn6StB4A1APdvhTybSxEtwSiKRyGr,8523
DcWUzkTdg7L2SpguRNY4jeeF1LvdEai12gm1EfK95gRR,8459
6NHSZYGcqpgLgpgJKGN2ZYFmPGPXhc2f6NZ8kuZYJJYU,8396
4vhzTghZJ18TJkbwUTrJGvdRVwkxEW2jd8eJXVZrecFk,8544
R8WvBM9iHpu1tBpoxHtd7ib9FiojsKisZsQW7ha3uEu,8461
46gfshezurL1THYoJA17agSgZqKJLVUpBGv74pTWqj3b,8572
7Gn2a7Mitv7Snwg2FgefoxzHaYGXMSik3WogyZCuWtS7,8402
Goz7McQ6oKkMutn8hbetPkEYSxuEBdZWcjoNhpbqbqNr,8679
BMPeoT5UprD9CX9F4fZaY9fZmuYVBJ3XrMU1PfJqsNMM,8728
7334mmjk2wyuTkErLz16YjtsjCbcZ8YmQsfSFjyCT6Yj,8573
G9hcmwQqTXwVhdVEEt421fK5MPh5RSebtw1J6WXxSKmZ,8400
GiUDrsavra6i44zR1rbCyAmQabA5JdhJq7QB1SKuwnQS,8533
xCpkRHEciYpr2y2rJ15S8vJXVFowqYmX8VnyrvzmkDB,8603
DPj1JPrcPhuf6q42Sa3o5q4oXotdkxdY4P2XMrMwx1qJ,8455
9AwDbAyiP719Vhq4YJTXWjwT1rSEz1nE48P16bqMnUsM,8546
7kDJX43kUexdWSsbXS4yc4YHfejJsa2iEny7HAS4x5Sm,8463
9bPNykZ5njr7iidM51W5J8owMKJwsQsd9Mgp6MAaKKY7,8445
71Fg5sXennxEqpJLG2AfQc8AgjAeENsha3h32zo1ux6T,8549
C86zGEwvsJYgANymw7B1nXKA9rPV69scpoWCycksRTyj,8532
ACXScjS4rjDNJqqs4iCDtjNHfzciioiFXx6FR8APUGfX,8537
Bgc25SMbYWNVqWPgKbuSJyPtf7vbgHcCzuGsGBrfqpu5,8534
4F3F73S3QfjFEeEwcJpTeRw3CPXpX1sYuANGRiSfpsch,8474
5izJCQbjEAdWXJt4un18HyRv5sP7iH8dgiLoyfnXivRi,8580
7Fif3Gx3rSnLewxBbkHCaCeN344QLMo1zQDKSfRCRxxz,8531
9vZ3nMpE692X1eTXpE13hns6LKmMgTFaDaVaEHbBSXdk,8559
D8Nb38BsAJSN4RwZMnXkhHrdKGt5yuuFsRyFtW8CFwv6,8470
4HjyTWPxBJsEp27FsSg8Cqc7gyttpJE66jJ8ZnfiPwFu,8485
A5iQCXTFAJyFe4kjYepvXpchbN5YUNuTu31eQQLk8GQK,8422
DxtctgPYUn9JrewRA4RvnnwSv4dujPt5aFkLuP87QUxb,8562
HwpauoGV57bD5DBdL6B3cx7KiSPNgrZRreSUTVWDXey,8539
t8f6Ej9D9Ukab5Sr3njgj2ecnuaqddDrXPbUN8TcCEV,8458
FkQdx5mb2XpbVfMPM8a8RrnN4edJvZxumkBU5X42hoc,8739
HUZivvcTEj3JSQkTrpTMVuEBdeGS14Cv4Js5tPcF79U,8547
5dyQ49no7i8Hze7MRUQ4jwfSYHCuLRC4iG1SQ3w1e6XM,8603
6i2aj5FiqzNukdjqmi4zBmXuJjQQHKKayGniJv4d9J18,8537
Dh8Ti52kDVb2ihY89LEyuKEfjGo1Xefe9P6Qr5wNqtSv,8540
3oKWieBYtku28etBx2UxaJvdBbEJhWCDb42NyPtNd91x,8735
DpMNKoQsEJ6oBhWU6nhXiNmifcmVFrwz1xGHS8rYNmUZ,8547
FtwdiNQ6ThnMVF8AoP59szAxm55WSJJw2kNv57bn4Xj5,8421
5XHvkERMaTR9ZVGtinqPYbxJ4DYypnrEWzAPcknEaJSm,8583
AC5Hp5ek5kun1mA9r5gJ96k5j2Zku2rBxGFmBY9fsSE2,8590
AHzKS87GGVjNTqhs5htJstkdsF39PV264pSiRXdrQBmn,8482
3MSS9HgQnTHB8QzyECTCf1vGjNDiJMWRHMuwDXSkvDN9,8730
FvckPgiN65arXTMWgiHM5A2MprBxkoeN7BEtri3HiydU,8710
489NWLUuvqo8AjVdoaZnAn2U35W4bxXtJTWBTxAvorsK,8572
6BbVYZHmnGwN596N1fjFEUV78FgLhFHiak1zdqhjk4bo,8483
Db8W8jncwTnAqPqcR3xsb1TLrdVvoHndEqjkkSPTFL1i,8594
9hjg1XahVda6EgMwxPi9BYn6sYVbG8iPYftiE9aCnSGM,8548
EtzF75CqL6vjJkHz8RqrwCRc3aN48Vfbg9Gwq23ZcvNr,8546
uHR6xz3irvXyTR2Lw1EQF5sDBvNFTgPsZyCprTUqfzc,8613
6vGjQLkBUe7on3rptWodjTi398MpMy7EznbcjYnoLSqf,8630
8jCnzeoNtyQ79H7aA1iwRykvQTdpmKU9wTw4A4aeZBdg,8780
EtwGGgXSivMmnvDYyvR7U28Wp8yuUgTu6hG6wL27R696,8754
2Y5k7acUM7naAcfmJqWUXYiUVss3uDvHhr8FUnHYtSeu,8560
H3Z25ajLGm8AVa7AQLUEVTCyYEbSLaEooXduZf2d72cU,8635
BhzBVsUGvPFaN7dK3wt75sPgURyB8AkHmVrNm8UrfVgL,8552
DHo3oqnAo3MU5wTDLsAWM91NHsESjeoY8bYBcBpRtHrG,8770
5yFyYj2uKda2uqrhfDVXMZw5oJ8HGW2e5RkiPtD2Z8W1,8627
BfSrmiTamPb22p87RMZjZ7Xfeyb8utjyRM93wJeacpT6,8479
8mxQPrDd1VRsguXX8sDfgiTQbosSe8RyQrfrfvi9dPhn,8428
GUwgDdUJ12FLnuSPHfkf66HF4xDiN98FrZvsetgLXN8E,8555
CSCj6Gd3ZyzKykVBHo5HqXoR8tpgVaP3bcMjRNLT1quA,8784
DjQHajGRFZoMhfDP5CNiV3F8FsvidoPHhjKwzGrVyyu5,8440
HMNjPhfvH9cg3R3eWtgkmxSZCvfmoWag4BTjWfNYXus3,8564
4WSji5XAjBeQBcstiyQEnj4piqt4M3jdP77xKyW8ysoy,8493
GggcRyguW5CfGxqUBsBpXu9TvrjZfuR3xwfLtrZPj77v,8498
Ecc51zR5ZSysgyS9F58R8avkEshVwuu82m5BA7gju2QN,8493
C52NuZnfTEEYsNAJXB2dHhxtqYeg85uxpeiFj3JD6Xt2,8483
BPykY2nUkZCmcHACvnB3UU58C7aMWtYjdkdcaz6LHgiS,8564
Deze7FAPEUPyNu377BDgD1X2qhVXcJs8VgF8mRdHL3n2,8558
C3HWgLHmTUPDzWe9gg24Bj137NGVAYkTiqKozuuHdqqr,8558
3tquPbXVv6E7z5GwAg7hRqHNbHJ3vRq8UsyzouN3b3mT,8564
9Cnj5bfYyReJuCn7CWAosx9t6JwBM4hmXj7hZep9oDTo,8497
4kyg835RWX6gwcZyeGdbKk2W7yhL2KWHkv5jS1gLvm1e,8647
G1EBfaZvyZYLTdtyJp1KK3Ci6oUC4gtZtSeT28zzoexz,8563
48KiFMKRXErLaE6H9gMoA8iKwRDpBFKLznPJdrj1RqKj,8766
FvjPhizJ4YZVe2NHqwc4hAvdTEH8wQL21DPw8HU2Wnbv,8500
52wiKP9WTEZwiWBbjA4EbrUHQ6eM5UMNGAsDNMrxkvrj,8565
CYqWo17gpESHSG8eWPDJ6hvo9XZnA4XQ1KwcyGt4uuGm,8642
D16y8VfXV1ykiyUdvstYKa6mWZi8BKu7aSRw7HQhGRBe,8640
94TZyMVKgrgiY6JXLd7cyfV6UGa3yfMqFZHcThDngjd8,8773
8ssT1wJct5xmfrGQB8RCJgVi7dfqVWbUrXCKsr4FMqxB,8436
DKPVuDNrrhw5hQsqgbCzoVJKiyznqGdLZQwPKaPRkWDG,8492
6MFcyJg4EeykuzKwFBaVMBctkoqcr3Cx9Q3jn1KfXjcv,8569
2s5FLZt93YdQHPpixpeybhsVtg8rEaqCCksKDvGaKt1Y,8592
FPMJwsqSkhZiao1nnCP98jMCpuqQPQ3Q8sgfY68vfVr3,8572
FwMuoP4meJVhKn7FatZguaRoHwPHFND8msSWCq3F1z5r,8570
4wBifzfgX6c3oVNEZQBbynkJNhPHPJrckoRvdxW2faDR,8572
FjdVm8AeSMPF5Nt9CbNPDSskmqyrhENHWG9bRHadGJiJ,8759
E3UoZzLA8UBRjNJmms1EZRvEofAFZjF5RP1vJFVqWHFw,8573
6KXtuBMcSqEmQSE8tqKFKy7JSBP9PyEU2sa7tpyLZrmm,8574
BfLcutW7dNKiU4rFb2nukfHQTHLjquoJ8LVaPQYfuj11,8576
3Sw65ayocHYrGceKqpjEnNJmRJHqjeAEeiYdRYpsbtAa,8578
9sShdf6tYJ4FGvtW5igZ1Y1nLBxpKHFDiDiny5eJHW99,8578
4HZkKoZcyQkE7npt4tQheSP3sPuaEpPCsGwTRWiYh2Wi,8502
qTJ84FQQsv4WgXNjsYS9g1nkmNY81x6niZGpwNpbYGq,8578
4Zyq28FfbafA4szy5tdDsxZ2DgxPvMuNPfejaa9FEWqA,8491
2qt5zCnueJih6NETpmunPjke36P2HC1pcnCg4Cya2nHb,8581
8jxvCYQTPkmjrCXkeD3EY1tY2vC1txkg9u7EvumMLhp1,8644
3TG3dtH7RruwzJM7a7VKv4i4e1zVJ7nBms4Ki2msciQD,8578
BxQ6JW9W6MphYm5XbVRiPo6CCQ85aJPAL93nWvCxggQX,8449
BVr9yR7h1a3V9SuAcGSrH2uhMdTimdMQ5Z8HK8MraXke,8580
Ar148fRfPSzPatHe1YaCKaegQfGguksGXY2UDS6ZntRG,8517
2qveQASEvxrT9pXGb6MtesjqTcaNx8e8vY8kwoiRGaoS,8780
HZeQiSey6z7EtWgdhcf5YXmeMWPnupHFMDdC5gCMppRD,8583
4asvDZUZAib61yLP8C5bj4GSM2pusQoqoLvHwgWKHEoJ,8635
GpG3X5H6EZyttgCwVom1NMn4nGz63thj9wf3nrAGWraH,8590
BpDAVLZ9Gb9dAmwJ19cm2AbyyBCbNHy8XUJL4krPnUUB,8642
2jqVEiNKfsgbN5yq11jUryZNZ1vzWV6JRDsM6M2PNFrv,8591
4Ln4JvGkU8nHdPJV6oFxVjCvTcjsEubm4MJrTWDM9eoW,8594
2CEPQSehuExx8sC7xQXwKdUHHVLmVVzNuCjrem8jiLvR,8634
B3oFZ8qtiGKa1gM6FvSTtS28f4pEbLNrzP14FsQAMhi9,8612
9SuWGzyt73VC27RohHzF8ZzK8tJZYBjXpqu5CtuRkrbY,8643
7gdZrxDidztaa5AJYD3S68CVUr5wrgBvDdqKd7m1tLiR,8788
GfhWGh4vwZu8TEqbRBu4JxgPqEEFQdCQduEBre6QhdkG,8613
DGev1r7ApErdKpHsFWgj4xqc6cy6jTquCTZx3hzzg9vC,8794
5UYC6vaKJZzRHn9TGhwHxcBNJjXUzL5QkUEsm8iWze5y,8584
6XTLPjgNwtdSieENMV6n94z15Z11guM7bUFy41QDcTpq,8634
EaUNBBXHv47nRUDtW3h6WWs8b4UT2oDY23imv2avgpAy,8662
AYwoiztRZ5K3uwASATZy5sesqmqeeddpUA9sMJGw3Pya,8594
2dYMTvFgmbJQN3zMgjFY6cr3pBmh4Ej51o8GXuo8UNZJ,8523
