tx_hash,latency(ms)
A5wQxJ5PtoC68fzz7zJhmyUjRFULr1CWV5czbrwZyhdN,641
HLSukeX1kAGXKirJ8CKd3zzDzqrhkniBC2wBgcbxcVJm,645
7t7WZrBUDv7sgy7GEvaCxRFDcX4JVZQ3usdSwATG9X7Q,646
3A1x2w7tYkc4Vcm9fegHyK2y97QL6P2uj778zK2FGeT9,637
HUaqRgN1LpSmQcwcYgyQqjpyUYLTENp79vUL6Hec3vsQ,635
5LBrRiEtuNJ9Ux7GYqXbZsRkKP2SfLywyaivQHaqP3Wf,642
8c7sQ5nUvS7YZayLH3C6cdi8uhP6P7iHv2PxBUkji3vg,636
DPVUpapEh1zjr4HHehk2QCKwGapk8sCuqVAFaVpGDSQ3,807
7cUs8YdGk4PcLGxuNDEfJ5LNWdVHHSAsVsm4Labm9eVt,801
5AhN3WKKBERz4PrZXatq2bJk7kNXYR7BuifEq5mgHt4N,811
7fAR4ZT283vWUeMJWb3wVvpY6rRRjqobYoWfSyMHwaq1,797
BZUFARdw96JiWDrC9mL83moCPtaKKP3YAss6YCCrDQ1j,814
5KDWqfyKEqJvZ6LSADHo2ZtEZefG5KKeEyTZy91o8VWH,803
FUzpW33wHQYR4tkHw4j9N6eR2N4FYtrrg1LW7wZ1RZMN,818
5XeDuS6btuJhvBdEAUAKGhW31bWVQhaYkNzSGkLNAjQ6,995
Dnr8mNkW6wEVWiNoeZUtoXFwEiamTCopxxFq86PTwApR,1001
9bnZQ4DJ2dSMmVHB4hmcCGDLXxnnHLqetSfEuDrdyzho,962
FQaJHdmLv9LjxxShD6K3azcz6pYJu8ojbhtHfYw6SC7h,964
QFbBJPR3v1grchP13DyH8i8KRcGs4KT6JKGgT1wHMaq,964
6YThDojGnUJ19YGC91PkRhweousa1fCiBmNdAiAf3v4C,962
EgCeb9q1sDvt35yGHsWTLAaAGbbcQoi1sNw4E7u8doRr,964
BxtMNvz4v9wwbjMwJ6vVYhjBL1893HdzRzc1LxRAvzaw,1156
GBG7rui1621uzxdVHu1Qcj5oVNNiJ8CtiovTkTubXsrF,1156
G2zjiBdjP2LaSVp3cpyJokkkxmCyEgw5nFD7N7mpYwfJ,1160
2vMN8YYFk1HEyjo56SKrxJDCnkbzxczCCNWXAsrnKaZB,1153
ENNsQEXwstM8gizMWAyf67XMvBpYHh4DbNChKWNR3g4B,597
2r5NjVocapSqSKJW3wCAHpYhw3AMn6j3T63PN28VAzB3,395
2GAEr1nceqoJBYCgR5Gfo1G3gMo86PRwnW8D9nstzqYq,616
4bMxwt4CjUj1zph187gLT8XDHPYPEma1HoUf1nmYK2AZ,398
Hj7K9n7KqH9V3CGgLoLk1mf9ZcNsXdKu6JXWCZh7hUAq,595
E1zCyknt82PBJ2bp11fVYvDKda1Wj6bcZNk2XFTVWkbh,594
3NzjLbu7TEgVLHeBajeWb3zQ4Z1CgZdEVP5os8GbDsjp,595
2x4K6PLyqCsRToMPRhrgpGta9GHaCY1rFiHLuoeMr9Gi,799
EBmUdqucSyTiK4NwYmpKjpBJWhsJaM4MMZk98XwPHXNF,803
JDzWzKk1k5DpLS9BQveYHUV8kJyVqqeL3TZ9N1bKpUN2,801
HL7EFejD1TVCGcceG2G3B1UR1mnLiJCrZdmPsyaCYJhU,801
F9QYP1G7cvQBrbySsmaja2QHmYqMjQPCSy1gmSTrqNpb,801
3KyxgKsJd4EVHhZ6HRDE6SGWL9XYBfFyew2W8ZgKJraG,805
AR6caGwAefHNYZqccBYLZcH2MC2PBWimaGiiMMN4XXoi,850
DENxtM7ByBcooyaUD2NvfngaMKYH9bFtQyamX2dJE4xF,851
GFnveSU9B84JH8Be8fhD4WQ8SrZRnuD6c9EYohehTqSx,812
JA8g4uLd3ZVJeroypgtDR6nQbf5E2W3QU5dP1ERVWwQX,818
264uRHqz7sYWtK4DcCRMjKC2WL1bUTGKrB2Yi1cF3set,818
DwWpdyBC4f62HzWWxuoQ3cMe3u25Dzzgt8NNj4ij3eak,821
A5czYnoSkYQEP6AacP3zs8LVjxu84nmApeZwztb8mai4,813
2FZiPb1TZsvtepk7bjKqwGy3ZcWYNS6DuCmL7EgnVuqC,617
36focJssQENBY745J26WYsaMaSxB7kJW3N3NrxcdVTKT,616
5JCcRHFTn1BrQMaxinWXYX2SjcPTSa1oNfnjgfW142ky,616
6f663SreqVWG63whMGsy69vJVuwqkFQxCsBWypNVeHNg,2391
CabUJnCzXJ7fDBvc1aP1LUAHidqn4idsfPdG7cJ16hpG,2393
9uwNQhh28YCd6tKRpDqvv15HAeXvdymaDzb6SN7B5tbm,2392
XZCpyzkUdKEnvNckMGDEpuKyywaabA2sCy648XGZj8Q,2393
EJ2xyDd2WwiFYVWmZWjzhNbWuo7aCd7XLt2vemcsbMHH,2394
rnRsCFT4MRCPPwfzkkKkm7r4HnVVfd2jBaBh8CXMkeK,2395
3GSg5pwfSnjQoWqADDfddSMgYivhjQ8nQfruaJ2YEzQ8,2393
CnsX6c7a5Yqeppeo31RXg5Q8QYP1aRjsZwxK7q4C5gnU,2395
7g8vjMoEzi7VzMGWSmkPx5y8WRpYJgHr81WP5uipiWqC,2393
BXPzsiMHZ1doEwsue9TL9hSXoXdmBYYiKugyVcA6JzW6,2395
FswVpb9HnuRkwsrheTeTrPqFpghneEg1QXWqeunFDsn3,2395
BAt8dhS3LEFEPq43JwSKuBZWEwadFoo1TXz6gD55ycmt,2395
44vB2ZwqYesX5epfkfHBU9Wx4tnKHToAp8yMMmd7M7pd,2392
7oQMTfuUuFrZTPztjJ8bcFhngkpxcbDeEb4T5zYfAfWD,2393
Hu8zEtZAN8qW5xSXPFxe6P3prwSnwjFuHfMPsF9Lmy7h,2394
Bia5vtxpmvLRnZWQ7qNig4TaqRAUTDoNxGqMBz5W3gZb,2395
GATZ67fucsTHG6i1XsCMTgxddy9TPkwdGN4MdRPnDQVd,2391
6mFD9vnnpvhBqVHZDzUcVY2Ms4YuswauRwFYE2xthVYe,2391
6VbVGVfXKfYJtZqTnw8GujziXYJKEUiA8FK5b6gpzgQX,2391
AmUfuNc8Fzqafb6QGDqKFuWdMY5LA2vXmdmd365QrZHf,2396
Bhc4RQW3B4w4qf8mhQH4qxP3dmqKtMiCfqood1Pzjuv7,2391
CwPSsRBvEcRaiyYpiupd1VHtPMYNrVaN98MDXg1yNXPF,2394
EKa7XbyQPYXKPNiPGDsnrVp8RfqgbjQ7uLN6d5DvHbjY,2393
2WJSo8HD3dhqzMkrpUDQ5swZtFYqgpQR1xgYp69fDeeZ,2398
HbkLNHCrUhzu92tUWrRJvTUFgqt3sqgJcD4Hy88HUe2w,2393
gc3Cy5Fo18wKXhdcui44qgogJYo15fHpakhPqzquuWv,2393
3BWDsL2k7w1MKStjgpwh8Re6YJDPa1TkythTdt968hV8,2393
F8qd3qRTwQZ3dgww6ZJkcE5v8JpdZDof5zkMyyET4gxD,2397
GV8UMcdUub7sg1PT2m3xv3mL7MuXE7PWFtTaHFD4uQFS,2396
3DwpedZ5i7vtZ6Jaorvk3KJv7c3MmbWqCQAmZ9MepiBu,2398
5KucNmjgfExL9PRBDaDnyJpfyMS7AM8aDb1vcHQmSepi,2394
DXhJgo6rPFik1c2f43vJ1eGNw4L2x8bXda866wpbvD8W,2399
28WpgRMnGzss1oPNosPGMWLNNfZZyh2AXoPecTq5jhf6,2398
pCfsmYjJVj93udEPZoiK69gDKRrcKWgWEfbZLGCL9qB,2400
XEC5hG73Apb24ALkxhriezSJFoVMWVC3PnoB9pzAvjU,2399
GUyXZviy2HNWaKEYg4USo82bGhAFnpDR24CAa8csjYVR,2397
ADhJ6fztwa9tBReyYLKepFnQCjgDK4oo5dmp3PWxwVjw,2394
6zY95PDF8YUgcLqsJeD9A6UtkCBsuqXrqyVZqaTCTYvm,2397
2jXt2yjRG5gwtcbUmeFhYvuuZqBdkuX18pN2eqw7hVVp,2395
6HSdJHWNocbTPtZ3sT5DuvPgG4YNVveowq9ZVEnq1MZq,2400
H6idm5ZYZkD1EYPsYMX4TYrEH3EoMEdiQq6UWQpaV22S,2398
42QAzqC2xFrQsVCh4oED2vdZYkKsaywmmTE5HaXLJhHy,2400
9FS1ER189THw2tFoqwQjVezcSmaTNcbBpEMBZpNuFKf9,2399
9DDf91YoGUJkfjSQJxFr4xhiEAP7vjBTXqjzWgmbpkcK,2401
3fpRnwcXAyWsEpAqxwHMZPk3DRi4LmtbYVCQNdN3JeEr,2394
2Wkj6Ymz3Wfv5K82XKjSzoZPhStp5zt4qizZd9omadvX,2401
4xHxLFbb8PUBgKj8ejhoUxFEjQRPvKMQUsixouaHK8xx,2401
BnzfshEY21iUbemjKsbBicfmq73w6NQwZ42inKvpN4qH,2394
ArDdzWe6p44D27s2i4kzX8PT6zDQ46iUsBpjkZRFyqoh,2399
2H2rgL9PNwHV4X18HJbJy1wte4WeTiK7j68ZpYYfxZGG,2399
HSHgVi21vNHAkgdFGCmwjtgGcodDNxTXtg3dviEUBPqP,2399
4g3bkqxDBjVy5NdKy1fTtLEMqFVPD4WTU9pr1Rf7n4TM,2400
ANK9SXZg8Qvo7ddd5AAUuFMBwAq8pk1ByL9UC9jomK5d,2397
H2rhHh4MvJjV7vNSS6mgot7JKhgah8cZVrUDHQv1eRDE,2404
6Vt52jNvSqk3UbzpD99HaomeiTYNvp59chnkCCC13A9R,2404
AbWiFwNDDPQBz5nMyzeJNJncuAKWBmEfDKxec94LdeVg,2408
9KYxZrwArXfWdzHsz9XfAenEVTNAnjJ2aX6zT1tQ1RAT,2406
39E3vQ6yVt6PUCxp2kUCw63wGzPkPRQznphH6Wmc3592,2406
Ax3X9VeDFoGwfp66MpoX64BUZnTF2j6mpm5DqXHj8H8x,2406
8yGaZXVkhn8rVgK7BAjs8wyHzprTAkW1UrygYseJ8LbA,2410
FiruJUzMdiX5mYHSGT1ATiVo68yzGswBSer4R5793PUN,2407
C5fp6ng1D7zVoHAHfqxWEjLPrMypYG27TJGgPPt22Ccq,2403
3ozGGPaZqAoxoPFunvm5spw6npg8tDyc7kUToD6XMjam,2410
4YR24zHisE517jpJsgvPFhUNBZYs9m47EimNssmh8z9c,2409
3poLzFgT3TejgqK64wu9LuMZBy9fEv39Bv6swzKm6H2L,2408
2ToohLMY3AGp9VS9NChCYr1f4xbqkeZ2qXeDf9j7yoZ3,2409
4sSr8KujrGfHx4MZsQaCLS6aM7aWoXs7zQFeV3jWbHRr,2410
2DWjQ5e3wnoptjADEuNLAcmaadUcyHCk7iFu5e67pVvw,2410
CFX93PsyLS4nh6LxDD7RTC8fphn24r5X6Kgrf1j1WDRv,2411
25cCYc5PhNDoj2hR8NxZL34afY19so3TQvMRv18kkf3k,2406
GN7oQGE3rmVgd4zm6J8LEyX7Qxpjvq8GmhEBzLJHjv1R,2410
A3NccEGEi1PkGgd7bmUKAdCHt4vxq818SAPUS8M7r8qH,2406
P4ABPiFeyMifUZ3aiTisqTmTvqUQjv5S2CzC6pSFEUc,2404
A9pa6LpmUMUXRFzpEAQjZTHbwAjPwtnSfhsTUkwj8q5a,2410
8MvQz65fawdAKwR6ciHMceRto6vJJC7X5ChrDeL3r7XT,2407
E9b2wVqtupwfgB9wLgkeuT61iSfeViYENM8gnJ4hHo3g,2408
CZymctZwhiSkhSqqhzLDQaMuTi6LTpKnsDmu4HNbYdgL,2409
6nMgnRneFva1kgiLcxtfATxZhsfVRGCnvWrVQgLZTBJR,2409
GN7GXuLg7n8iYB9Cz43zyBw9nBPLt3HBsSN5MrxYiVYu,2412
HZ1us9E4FXFjBGZJq9yT6WD2QRo1ShNig7s33NCJdqUT,2414
FGpNoLWg4YUGy4QpUyxrayYqxFSFP86yUjYLCP37unAN,2415
EPJYHrtiZcwPhjA4Vcx2uwAkqZhqFCwk95hmjYWWcpnR,2420
BKpf1fmzELGRgYnqZPaWcuZWEH6cS2dBBHJZ8JaH6L7v,2415
JCYCGX9tg7npLozvJJzonEPHftDvfQS6eq8eNDnKudEJ,2412
E4XjmKmzTAeWnfjikfQsDtFsw5quxuTVjckbSxgiY397,2415
D1ekRwwspybcfHXvzGzNqD2Ru7bYjQAJJCqQxTXv9ggW,2406
BDnrrkyQ5GMkL4bPwjGtU4zHNdymqt4paMZhtCZXMgMf,2397
7fEKCf2RETJi8psLgBuj89Qgt16TyYzghcqYywSZGR6p,2412
CNaPh2e1ehQuyKZ6PjsW5PZP4483hdmPvEv76yaa1syT,2395
3MLHgy7hQ5KaHE1dcQz2CEmXsdotoR1sBZBRvx9T2TQW,2423
3QVCo7uufYYUy4yWx1ffUrZSPifeM6MqzVdYCzbj7r3f,2409
HQKYNanq69Kw4Xt3mRus1vVQKMzVT3GSRyW6V5nD1sbU,2413
2PAvnxXx5U37drAhS3AMnWRRiVH3PkWLPh3YSquyRFbS,2414
34Zq4EsWkmBvUUHehKsYWcwcBQHpt6vXa31d7cUpmFbN,2417
EgGdd7vPkMwD3Yhmt657agjPXVxtAj5mP5wDBAFDq7rb,2420
26ph9B4fWPxMTDdr2aULLCZMRBRJQ95E1dVycnnGGuhe,2415
2h2K7PtbCSKEMPaxCypt4EF295DQRs7cWSy4EVVuyqiW,2411
8ik6LQ9fCabiFyQ3qY59us8eVdUcYSTr8AnFLxF5FKiW,2416
EGo68qWogHfKP9jQLZihXLhkN7sfP86UqvJAXiB7zTq1,2412
HG1VxeP3ECcaHTgXAwCVcv7V1VkD1H6kxA4Ws6TCDEkf,2408
4EGYy1JesxMMLXjW2SuEA726j3hnp3UHTMTNEs74SZLV,2410
8QtHMAXKyMe4cUrniwgttnwmoi3o3wBqThSNK3hTtFdE,2411
6KaBu1Bs4rEDYUkdv2jgghz4yXMP65fh8rH98Avi4JNt,2415
4GDV8jvnvVuwory8i9GwBjFYPwGjEKpRmTpYwLAyu3Py,2417
CbGN3eidMf5NV6tGp5rRDBAZg5zMrZKe9p7HXgX6NFcN,2417
2br9rwte82z1Q1YsBEUzGjFpRnf75rLYHbW9ozSGbnBx,2409
CcNDGCm7cpiHXTmsVMShFLJQLWaMGuoD41dt4MqXz3T3,2414
D8ASMKyRjXQDztszPjjFzuEuZgWTHvK81EQhVsXzDszx,2414
7SXxcvHdito2fqy1BPcwnyCekPs9jT5L5j14BUb6uSU7,2425
72in6cjwPVhM3pehbvNHocNNc91FLXiQn1EerVfvnKd8,2416
7A1cPfUrkrPCBofAFyu888UGgyy3CXn9yawVfwAP8Ptb,2419
9mYuL9YPGVPjbc3ny6A9vJXQf6GxGLCSH1i5za6aoTC6,2420
4h8xAvyvyNV1VBLmkuBWQT4kqPxB72GAga5omcGvPAt9,2416
8Vi1T6QH29Ln54EPBSZr4B8bZo3LTYo6tvumgp2Xr16V,2424
5WnYiHKyZ3zbCKyiAXaPG8fNBFUK2KJ3SZFyfReZAxbM,2415
DP9Ru5moDyyfxJie8p6dXm7hUb3ypKyXYpmWNNfGQDcP,2420
GEoXJ5rxq7AivUPuKyyPvuZZQWHTA4mP8NtEtYGMHv2K,411
92wGSYAhwJRTKrs1ut8NBW5Yms5aPNHPmmFAbVN2wZys,2455
4CUTmY3MHzW5ZcP2yyb8Au8z2j1uWs65BMAkmu2wxccw,2453
HnZxxhN2gqfF4uRPGhCfrW4kVwsuYknMG17vNxdPkzum,2451
GWxMAgezurWCjeueeLJhLZQhP68ENsxWnaYbeMBNWvDr,2453
8EvgUmQixSkykfVemoYoczgWjkDFNtGoECC9byYYcV2B,2450
9x3eAXUJcthLThdd8E7Saw8W6cZixe4f5SmPe7PpYUH7,2461
DrjbxuJMWk38FAvQcirY7abwaU53BF6HpJLfCBjypLyb,2450
HvUKvA3U1vDageVwXqZ9MK48DUfvgK3ZBYHpTwPtYrxL,411
A9DSnuEFjNwHj4e88uBi2uwZGcAWcTKse95WjPPYkmtk,2459
4o76hp5Ykvod59srVGZzCmjFRcD3Gj7DZGEB6sBgwrTZ,2454
2BBic6Vdx59fizaiUTWvpp9787YgXUDy5PWZBaqpM4LU,2454
DfxvuQjwPM5iteU1Q7XQNcp2atDn6QH6cebLAK5GKAdk,2450
45ncXohpgFL9eYQKJao2n9DX3oKtGcsc8jWww6cCJPHB,2459
2wcu7GJkbhfCCXewY2LjQFTE5c27zV1Fr3aDf2QRYJLF,2458
94U5uowEttTzohV68Ds9uARTATqsU74VwMCPb1YRykSB,2450
CczXsSNQkg6G5iMT3ZBh3DuzKEER9xvWrdZt2AsHm7Jh,2453
ENzW7DHw1FsgHJbfuBNqhos8AJ27hZ3XiwZGsVR2v5wF,2482
5BcqyULX27f1pEYeUZrFxFqKVEuQZUi5HoFmg63cd6LK,2485
2gw5ULnYfdJuYpJjfLBygFAASAvRqPtn7C5hxdi2QE5F,2487
7oxJYkckpU4TWoh8aRqD6AiMw1DZWQrTxLHj7ms2SJew,2491
4t9dAuirCXSYXxg7nU91uFDVjAjg7vEHpPVybiifiK8S,2489
J6w18inSqK2ziULxyBz76e6SC8gyGgZi3odgbiEEoR6s,2492
221kWqVKGpC4vvVFm59TChXeHX6ugFhR4QeaXx9hffor,2488
8C3j2dXWVjvw3W7PzDTnx4j6Afec6dWeXVkvTexpdfvK,2481
HQPDHFfNdQh2ZWkKAT3vvEWWGoEpqM5zoMWGpUZicQK,2492
6Aqfu8oGygmhSe3dpn6m84FUdSC9KYjZsqm1JJzuxrh1,2492
4dAq43MwnysKLxPaYm2Jkq8nGVnhe5mNgtVpSAtos7io,2485
4kxzgfAAe8sge1pCUBtpH9bFx3KKb9G84xgGHQT94D6c,2493
D2tFvpygors7awE35waJBcc1YytC1RfJYHtY8jkLrepa,2489
AWvnjNL8hjic4H3rB9DfMK6vb9eyXqurgQiEe66kiQLQ,2490
1K5WJqdvufibasyA8uAskkRniYjHDbCSmnF5CgXgwBX,2495
2jfJpAqNeLUDLHW7Y6LMabv6gWZTrrnvbPEmjpimsNfn,2496
aVzEeD2o5AGp7GtrWt2ZeMiYRzFASJbzar1AvuHVhew,2495
AFqTV3wvsFYqnMPQsto6tbPo6a6669PX5ZNe2xhkNPzX,2507
6c4rkDQ7GE6vcPe6JnEZHb2eRKUyLkdMj2CWzyKeaEP7,2501
6rKosQoXJmGRfdc6JgLwK4ZDqytidWANKXs2L32rQHmJ,2540
25xYgxvBLYjHnQVxEViqvkEdnPbfSmbbw1bmCQoq46oG,2557
DPDAUt6QaqZzTpdiNk4BuQ7rBovDRDHY56onTNq5JxhU,2554
2xYcpXyNe8zgm3UUCepoK1FF1oN64yJ33rrkAitMniTe,387
2F1Qj73aTuz3Mr5SRs4P6yRqcVgEFMWFm3zxjRYiMm9T,387
Bc1visZmgf6h51T6LjXqwpfDk3DVQtR7ALnRoJUBLuHb,394
Cq7dNGCrM1kf9vJXm7481tFTPu2sZCiHm5XFpub9q9qT,395
xvA9wGJWF9gQjA8V8SQhyCRhpmtANW6DrZp5GQFjyXa,2641
9N3AsrcWR3HeERQxLKuiVKq7VKoe2Y5yTRn6AAqkEYgH,2648
2t763ZAqPc2aUvgRDJt9Hay7nu9Bibu59UyLR5ikVBcd,2644
FDLXeW79KkjJVXhRa9fyU5MP31zxTk3qNb9kseWA3UHz,2649
5hrnWfN8HkGWTYzWDnTfiBHGFHQkbnveMiWdxwZMo9nA,2702
3ztTzYJW6Gn45MrFU83rebihzQuEeeHGTAAMM6nDnymD,2693
76o9uuhend28gMnnsVYq2g4Dq37d3ptCJoXnRcnWr3G8,2698
6uZxTtx1d1RgjVGZ4x37ZguoiEJNusqvf4E4FhynLVV4,2750
3djGHwDWDn2arAnWCnM12FW8qZp47RkFvcjaQXDFy9F8,2753
qtWjfPHVmokR7GkusQ6K81ZTe9B3URr9gMZMmiXJmPe,2753
2eihe9GrgfLtCDZy6vAgShwTFMYd8DUm2xycAXs1M6F7,2754
4HAVC5WkywAjyUgr6j5nLfjXjeaVeHa56yvNjHuhEwyp,2753
HPSxkZuFWqjHAK9sXyLQcaQipW8RoMdszjWhK4vs53U3,2764
4cbcWuZkiuqVWZn7smrAcLs9THg27i5Dsh3utffJ7k5U,2844
rCvMq39J3Ed3KQCzLziLfRC7batd1swAwdoqQYqCELB,2848
BYnPWzUB9iqeDnTD6eRphZ8TFVXrkT19ppXH3EjetTfx,2859
8vrMaDp8AxHHjPCVLQGVeFBTcAvUXhWG9TzrEeWEt3cJ,2943
5tcCPHodFxizq1vu7VgezJBdNoq3PpLr84eF68hjgWF3,2940
B3vemq5L1yEybWRPrJ9scQ4bwiQ8T9PHXakmjmcKf1hu,2942
FUu7qP459QVbVNbs7uqi96gMRMKcLMyVRTApSK1MZid2,2943
HvdUgH8aqunJtBe1KZ7shSVjvveGtgN7VKN8qFnYJcrD,2939
3EPGafdzWT6k4ywuS3JUBjutxM9JgBtXSZLTwcchaqRc,2955
5sEs6zmTojnEqtM5kiMRdQM1XChaBXMSv77cTJFw7r4i,2958
7z2UjGuswGy5zpE97CgvsSdRiQ8jLjFDVcAnBzcoKbm4,2950
3rPoY6iHXcJLAAmrz4ZVpxRApFbCXcRVvsWWjE2smyBG,2939
3YLZ5nU8iRj7e879HhUF54mF4WCwhH7NFnEsEX9AfHkV,2938
HF7NmT8Y7tUftnggijygS5Z3tVmLdRkWVpDaJ6xZHRM4,2945
BDrE5UavoxiWsAAg9cFJGkQ8eRgmJNZoPbCawZRt7DwN,653
FxSmLGVbYTKEJL47BCtSbZDjujqQ5rYrWyyxnUpqBGkA,657
7U5fetLmcL6pacGqxU4WvdKFRtynyi7F8bnpuKe89aQA,657
FFRuzHiz1L4gQiGYnaXvfT9HRBWwnXgCfkja5Fzdss5B,651
AoXLapR1DJ8BqBpm2cpaAc5PyEmYvfjLJwYFNvZPou2J,651
CBhXb3FFk7YEVTZiaG1c1Vkx1PUzG2YwBsbTVJWqzLQ,654
BLomxR36Zho2WgN2zgUnSfjEHLbHPYbCvJJCiTCFHUEQ,667
8tKMnLqgnHdqy5SGsAwCa3QJivMU4wBeP6zhNzi2nPbW,662
DguU1ogsT2JF3Poz4zf9drULinprK2XzFZDSHXH3JH4Y,657
4yCY7DE1caJby8TyUsUnoC2pWcakwbCtVzVSwVXVCsih,676
8E5PVzrg1dwXb4nDNZztaMBsuXyaTHe4rDig2VkzpyfD,663
BjqUNMCyqNerWdSheAcqdmLxZ4eUK19dpyhNu5fCupho,665
3TJkjtPAV6FnFkDMLsEHr9mDwwVsPHyDJMHSmxia4uy2,666
4nYDYc94JCR26mxmzSPWv9yXUsmnqtKL7osfWCjScsJV,661
3kAVpRZj9YdvYF9gRe8FMxaaA382xeA9oGmTfeTkd7Jx,668
GPvLhFNJT9LZrB9BZGsV3SqqdF2jvUpEWc8b2ZFpm7x9,2935
D317U8ScNsrv2kxfSPQryMYukswvTjvkfcJnQn9RJwCq,2936
wVuzhsVdhs3NStkGcjyjFmuoQtqMZfTvqnTkaNewpFo,2945
CEgqHwb9oLUuwii1hWWf6hDLMb8s9DYH8wzRtKEz1WbT,3044
Br7Rnj9digepzDfUYG9oh7d4CnCiWLvyKNPfYNKSNbA7,3036
k58PXZ54aBuTUmvsALHfbJRZkCoJ79N8WambkzeSVur,3036
AKQCoYAvkSU2Nay7sgmWKCTZsh9dMSVBcsnMpcTVkHkd,2946
8ct7FLu73KKD8PuguRwhQ6ZSdCWp3Dke6UR4J9TpxQT6,2946
7SoxpYQbFFVRgifMBsjrHMuvWuwFLjupW28EjkYVG4j5,3044
3HdUYsQ4aHHyR527naQPFCpN2YyXWHzjBBYrhdXeDFdp,3044
Dfjsn8D15NMU27z6UkFEUHbiBA1nxdYVqYJX57oKxawd,3056
G6fDAato7rz8w9bX6Jfc1EeEKDqYGUEgn7W2tMVUXX5g,3093
AEX4rWKbsEDsTaJLmnZt7CAvdBk6P8xU14Ty2xCthV7o,3108
87TA2s8hpEeZZbPCM1fU1fhBuVL42dSpDpZZ4b7L9pn,3108
9bAhS8wajGtX1qzutxPuSmYt64cvEjGz9Ec9n4RF4pMH,3094
E8ZYW7R7CaoA9BHL5DHkpWUSR9X1zntzPFEtzYwQ2D65,854
HPTqfd3NzaQ2oBMDqHJPLm7eo266iMNxLLhvaA8pdyzF,854
DVWNmztS5VwCmX8zp8cLRmap1iEhRNAGjJv5gKWdzFbq,848
9Tv2a4MsEQmK3NcuUjs6s7By9pZiHn9fR1HPK5vWZk1n,856
JAjvUmayGttYYuvSSstqoNs5PpuXTwpjc3oh45en5hcS,857
4hpj9eFqX2fiz21z2TcoYTKDdCzy66be8nLi6BiLrFhv,853
2qcXQn2eKH8kk1wnQQBGbSaPyYPU2VTEQ7ZPCBrbFt6q,851
EjcHmqa9yeRhyHvTPHfzaqZn4X77ufGUHdohWP54hG79,865
Fa4wrZmoN2zo9D9PNCS2Ts5DqrYshDUncRfex8NqeepL,863
AFbxBVNqVkbe1hicnH9Dstp5CAtTY4e174xtubBHqdB8,867
CeShyLoQCafsnUukdqt1eWr1ep8o8PNvVw8LBEe1wGk6,870
Gbg4uJf2ky1n2QQZPATPLyBVEo568FyJDoU25WTUNoTP,3245
6JzG7fp66z7FtxXfDmsCWH9o5zdq1f9cGSJumS1FHP92,3245
9mAUMyHANoiXbKtncA6sypdy83na4S4yt19UW5VebvoZ,3244
EEd9nwdSVXeZq4unWsymnMg9GMMMpCG3b6BD4XPtN2N7,2676
GscKm8Zp6U2G4Wz9G4A1irFwgT2qQdWNw3J1u77Cjfev,2682
Htm6YAH77tyCg3MsN38EPmajxrRiyfsXoFdFSGzEqm56,2685
GBjYc4Vwjftsbw33d9fenrRmyVK7X2EJ577SrCUJb4Wo,2686
EeCuXXcL3nuT9DHj6uuWzZHqAo58UEQPngZvDUGfrdvT,2682
9TMKw5aE88Asg5BFevDG4La9TfeHQ36TLfVhXcKtyurK,2683
HJo5q8oqvrvipLaKAQqBNvz6tnC3htS79Z2AffXzmyQ8,2685
5LoiCPGNDNpV8mamcDiyoDmPUAReBcaDPckU5LP8t22q,2552
HtJKAuG4iNNwX3xPvKRdYVBnozsDkA44KNeWUCJHr5hs,2557
7bWAFmd9hKFw3Xn69ygvmdq9GK57D9eahuAStJTGiwQk,2558
4azhE37K8mf5Z175o4DqMnAADiGjd8zS7Gjj6Daze6x7,2561
DVgAGiWU4i9gYewHQ1LDrFfLyVZ1J5tDgCDek4nSqxFY,2561
2fQmjdfQ8qgUMs565WLQCLY4sZXTbpZfkt5XXDbnF1vq,838
EvXoMP7AKhnscjc7jyEwFrmVDPSvupmRPnuRYxAXMrsV,908
75ZHVR34qneEzVZfTGPHRzygxmvNEdRmwZGK3UEy5mmv,907
Grj5vxK2e6dYtp9kq1m3PrKyycAHLiPd3Kyx2gRMWAD8,911
J2wWf3KyWU2fmy35yaTLtCEUqT6RkTMSWkNaLnzDsUpq,842
2gY8QdRHNnWGBn4DGykUdTUTuN7t4Dtn1nH2Bk13xmAQ,830
CwvS4Jp9nHj84bZ6Awy2C1NecxBJCDZCobKNXE8r619s,825
446tLrcCTQ2RCzDz25P4ByyQfRdCejmDZQsoRfT4ZsTK,849
BkEF8c4aS427ZUjVjxv8c1KPKDStuNHeFPX4zrc6vAE,833
CRjxELNQDuvQBLFi7ps1tBhboyzewVwtMGi5kToRgpCU,2480
59qNaWXreXqhzVLKgSfoTJPwJp4QZZv1KmKAdjTDZJAG,2483
Gs7PThFQDpoUgf8Fx6V6wuNSmMps2bdykoMvrxspvYZH,2495
Hx5mfYK4KRyHJhz9Jf6KrRWZKNNa2JWWcZsQLARV4g65,2502
Dj9xpsZdmicU23eDcWoBgLPabcaFVuLs2Eh9u4i4oQxw,2501
J5f2HTcA3ddhSvRRj2ove6z3n2rtfMJxX6c4Ltvnc9sF,2502
9Y8skKFWFWPu2zVRwcSKQ19bjB8gW5UG17wr5VGhvQMU,2507
HAj4i6hon2u9A2cvSJUYiX9ZZftQxXHMdVL4FLhQJG1k,2505
2jWhUj3gJ2Bcor6YRcWpUgXa4VRWduFqsrcroz9m6ba7,2555
AVWkidQUuHx9fR5RVp2VFS87T1CGeD5d4zEVkMGD5kqm,2561
BrKqRZwokjv2R7hLGqUDPnWGJPTmp2sX2PxQS4JJQp3C,2558
4KK7F3xDEywj7nudYxs8xwcTiDAZXsZPsRxyRemPDd8p,2558
GB8VPajT2C9i88oR9YVfJQVw4kZ5rMUa9hqCDVQBP7hw,2564
ATjH4Nksokj5uf2ZFBriuGnT9Z3UHcS9agAPGXiKysY6,912
HcvQZ3ck4nR7WL8pa6d7upicKVcE8fBgKrH1eku6RwHf,907
G2qtv4kxLaqYDU9CL4GoRfV7MdVP2Rbsdu6oU7Cx8c4M,807
ApG5BwSzEJuzq7JEtBM62s644JUiqoysgZT92eG61Hhk,907
HUbktKAS7xUb5C6x12XJdeRgshnuXPADBempkcEG8Mq,906
Hvw7v1LTnDNcAUHzNmQZ4FNyAS8SdwPSkSW3HMUNnubg,912
FUKW3HvwRGuLQadwd5ff1kCkgx5cfp9hCSX6qkJtAm4C,812
ApzJ6oJWCnjJdCCAVJwwtdig5CnPyUFzvTK1bmEM9KVw,812
FistAFXeuhkjGwbtE87MipGHQgavCc6MTbE1WrbfiM1E,763
F2RVoqCmLwm7UrhYp4ayGA1njfdSSnxFXL91vcaX7S8Q,769
CfVZwJ4SmD2srPNKAqEtFAV2ZJj7zo3zNkNC1BaCoApL,770
9PKm9EDWC9jig4vwemFfStCZ64DPz6i8UhFtFk3zRUgW,2689
2Mc5E7jP7dm2t2CaQgzTifsmodqJwm2iQf4uxXLcd5jL,2689
48CyV1Np92d2Sj7CMQCjVzSMCqwrM4wHRvjfcc5PywTc,2690
BujoAgNF1skuTCXbFD1aJpNcckSErENEoEA96irHmYnY,2693
BZsJkCzzjGuGdPmW773TqsFnhbqoaCtumcBgVraV9ELK,2696
7Up8cg1AkVCZTRNQhxBdGSj7nKHhtTj65R64EA51GtgC,2697
ERt8hDp6xGS4nbweRsdzDA4HxisksDknEGPHATSRtB6L,2694
HjYjaDpxmU2hEBccdKjTMMQEjZksJEVQuQitadebcLXw,2695
8NBNh6LKTHzmGyeozpGq3SPR3AwXTRhevSrxPdZo61Qk,2697
85vo3UJuCfotwSbYyLcmfKmE4ZRXzW8YmqyZsCsu4T8V,2752
4qd8W4Ap5RPqg6Z8Wcx72vjFMG5GH6uCz4QWQ1PbdbGX,2757
BBcio6vR9tfMpjQFKbaakCwV7BtiYk2zvdAYHEpXFev5,2758
2nk7Lqo7EpaTRsLYGTQVGWRvyrunPa867vcaLPQsTwwn,2758
9eNTbkXMc3329p2zUgzekUftXiVXznWJC1EYwryRCXiE,2760
2YoGus7VGQJ6YgELpM7Uh1hmCXagVifWs14GwWuM6AwR,828
6DeaPWhhfFJ8SZQVYZc8yv3qPtKWGtsfJBNV1NcMpKzy,827
2mHC5Kz45hsY3NEaXb81PzRPAXuYVPYL7xWB8cX1pweF,830
8czdqmrVUGoqiHghAo5Fh9xzpYBt53Dioyiy6G8AK9op,2901
Aq9ysZFLJJ4usgkiWPUQGFUpCeGcw2XyzqS1eG77xtjM,2904
2pX81Cx4ZmiYD31zAQVrhEv6Xg1Xr2hv3BtGdTvsq6Ff,2906
EsETdKopKjrgQiiDS7xQxij1z71vtc5v3u74Dx16wtao,2909
7zdEc4739yjct9R1NsxkeT2XtLn5xnuyMaPiRaSjbiQS,2909
GyPE4x2yd4qPcPUPHVCP9hBjHvoMr7fdxiPSuq8SYrDz,2910
GkQypvinbfQrSV5sVRYTA1o9AVCaoa4rFznyVGHDywTB,2911
HFhZ2vYcuqAjupGiMyUjmXwKtBWC9yUrsmfUyBrcnyKs,2912
44pp7mHUCfp16CGtFzWexwuLSFLFeuHzsz8QquPNu55U,2912
1dEnJ9qccNegNzZP4C262HcrNzQFthAJjTwEzA38YJ7,2912
A3kqGzpfLrUGcE51ZabxFeqjtPjxCi3MzQNm5TJHNRmt,2912
CAg833eMPzBTL5uCZiDs5U1EV7tvvyceawAnu49oyjR3,2770
5HViiYXBVy35amEiBahHvXfmVL9KSb15yCkEQ4CgsDbr,2776
JDev9NZL2SSrvMEThpFtnjAVWsdK2NKM3dXWpTvYN5hr,2776
HGcw5Lt4x7sMtSD7wwKex5DgJAodJa49efaYHSApCPmv,892
Di8hL6ywpxaepYhR9bD7Q5ywrMabTXAN11w1TjtpKxvJ,903
Cs1Dp13euV4wBLdXNnig2NfuW3jiiFRi2PXQNg4wrcLZ,896
3vTYDrEUh6HsMNMu3dS13TpnVUKHAZy6qfPrhoP6HAtq,840
FdUpFQ5A9g3KZL4FVt2eq6WfzCkfSB8kVwQ6LhkW2JpA,839
J3T6d4NJwWBTugSH5Z7Fti96arsLx48Nwa3qFBuUkE8s,841
BJboimoXQuU3Td5w6r112CYpfU9amvW2WCAYB8tE3uG,841
67dRWJp1q38QFusgQS1QeRB1C4ZRDG1FZqEFDwMo5GqV,843
GKSHDSiKxvCUWLsbEbikb99vtm1cPDnArUJb2WaJuwCK,835
BuH6MAfs4Q9Rz3zcvb6K1LC7dZrV2MQkfuN31fjir73t,2888
DLeMhoCzYLs7btyhKD7LAk6ieirpJK8yz5yMDsyL9Q7G,841
9ZcZ4moqoNjAxSijEhXPsLDWN2Ca1cBj7af6BmoNYzya,845
HCvU6XdmpffVB73twmSKsQtnNX35eJxKn6peeiBnMPmS,2888
BTd3PzTznamYBShygE197C7aJdoafQ5yKRERRo95VupQ,846
5RmagS3KyEFX4xo6r6z2DaF78XT7NgoT9WbJxQ1ZtZ3j,2888
9BFUfjh2gDxSpmXRPnrFWkq52bTMFwdSLmhYthso7k5g,2957
EpvVe5brzHbPcnisEunn3Ytu7Rd5c2WEHQpRprW9aUjS,2966
26bQVmua5MbBvDDxRDUWj2CbyUbG4k8jGU8ZM81fqQoz,2956
9iWwhasRU6EhKEhGvLK3Pu5ykEjt1u2urfvnPX7kX3Co,2958
4vDwcMfUbM4AbqgcWz7caTep3oLZugLJz3Pi46PinTsT,2771
12JVgpw9AQAXotBaR36HohfN2w5gco4uAqXEcdMRtgRV,2765
E4CrcBSToviScuTodtTVWA5u8CAahojnFrkp1ZBPrscJ,2767
4hBnDjU9gVXMFLqQyFokJ8zDevtyTfMzvDPMRDnN3nty,903
H41TAx8w9sFnjRVZw8RY5v921XqycLuVyuriKcErcn5V,824
F6Mk3Uv4B54Dov1SMHkbJ7xQW2XGiKutmQWUY6TkntUx,838
G3u9EMb3qf9GCNF2Vgt5Xqub62cJerzZaxeSS8vRwGWE,839
BoVhmyxrggRdgutcMdrScVTPLPGHM2wnRKJCmrhDhzbr,821
2AYu9QY4wmtdb1jpjjeBvsAv28W1cwEKNK8EuiNzfGEw,824
Cq4waP1W2rKJkshzrMSiod7Bj751hgSLvN7LUgDY18U8,2503
AYbAvXpdKFjPU1beHEisrtKRBbcGZDkFgp9AQmEDhWUN,2507
F7ogDxhYguLbHkzarPiASAsDdm1RQRNeacndgZ16nX6B,2509
EYWAcQoUXHVBoCVNAFzV9UKjHLEJhUZmc4evMKkt3Pvn,2514
A3NUDYEmYbxPBuXRVxU7FwMN7M8nncNLtESaRdZRibPW,2513
FUAVhZb5TUsCXUWH2gKifE3GxxvARFsXydv13Zr9bjH9,2514
6codgQD5Nu1CnrtwDjDumTNbPqzcE7CM6FQXa5mCy7Za,2471
49ZtFgK6WWcA1UicUmGRaKpDtnwLmx1P6vZGnB4MPn3p,2519
3EGaXAaCWSURsi25SW7ZBoinnAVRg7UXZnJn61w2AjWG,2364
Ekz66CfVMoszazUJvKWrX4FVVbpWoaF4Koi2EDTBYtZu,2361
WUCknYNkE8hJ7wUcahwBPYHE3cAobsQj1nnLaY7652y,825
5AWNp3ZgVv6yYHQyjsDBEr2B7GW1N8tAZLdds3f5gcLS,827
9qpEQxNEZr3Mvd5F1gpit9QMxpW4ZQ5QDHEqwDcHJRwQ,836
GPQ5EtUNxiVBC9aXBEn54LoCeg4tcxbS22YiCio2bTpo,789
7MuKLVQiCLPjwK3Y8rj8nB8zhaqRZ29ia3rsy3z7GZfi,788
8Mg5Gkh9ubpbdT4WxKv2LAEhzHxNVdmpCQjd3hMTVoGj,837
3n6DwWz6qv14qkB1QVs9Mv7MyVkAzbr45suCSqyQGdWx,837
4uJfFN9mCJETGFeKBY7HyL6W45T3qpNEEqfuQSARrcwz,843
E3WBGkDcHGSXZ6iKXVFDqJWvF8QZ6DGTh5r4xMcRtbTW,829
CFBZThJRuUgaXA5FBoREg2XsPeBNg9WXNoq21kJFCKXu,817
6UHnGuMTvPVH8TihdhGF26sh7H6nycox2wTpgcgLtgjP,847
3ALx4K3LXPnNeTCL3sU7tckuJxEWjwAoXgr86NqRVejb,848
xmLA7i1NqVPJujmvhXnuBHgid6knxrgiFecBJwVD2yA,817
3Pf3PJfthv9KiYt1e3XMpXkhY6WnRqcmLyjivhHuCuJi,824
Dkz5ZifyeDNNSDhTt3dWuAe169jePBjwuzNWgnrNji9v,823
CYqcQJYV3yB3B3eRqFPDNsubX36osMdsa6jfLRfmRgXS,923
GCW1Ggvjnu8dq4BbrXGXLZVuBJpptBXq3fX1zxCxC4iW,819
35RP4yHWjwGmUZuDLwoYWoZn54guMxfa3TYC1zcrBMv4,824
2Xo1kfraEAuoMf6UmW34EUJ3BAxyCRyyEiM5x2Vn9dZE,2393
GwUQjDwuH9jVEv8RgHM8h9mdEufvvaVkZLjvRD72diE5,2393
5fH6bg5CC4RT8qyJo5PzRcKghtK9rVJihNJKHT7b4YCA,2395
G1mPZ3GRkhHX5bENLFhfqAZKowbu3cCgVqL2J4y5eyRb,2394
FVMYLMhpq4JX5Expkw4fuNtwNpU9PCgdTRshfrYekqXA,2394
5kcg2ivNZcMe5C3xjSKP7nhr7BBKsknvbiE3YLiScVtF,2392
FNR5PhS6er67HbEjCdLKVqfsUkDCnMScDwqhLEBidyiu,2394
3FC2mPNJmz6c34m2oGAjcowKnJGU29gxmgZDbSCdhjx7,2393
EexbE5iJDP2CNMfPoA1xmLNGbbNAJVSnkWN1h1HNksGa,2394
Ezm5FAbYqBmwG51SwzfpwMeSoRVVcDDTxrUdnzumtdVi,2397
Emot2M11kbkt4s5hKvxmaFsExBUNBMMXD89S9QBNHKtE,2397
7mwzsm8eK8JaNbEjFE4xcfZK3vzNEnL61MQ81fTYC2NQ,2397
5ywdaRZA6xpt3T6GGwwh9BzYkZNePpgRuR8i1zQUgsL,2397
4kD3x8qeL5D72UUxuzCsWjix5fdNvDfd1Babxhvzy6rm,2397
FtySuPndWnwxSL2emmGEt79hLjpowaqtfGR1pF2huw4i,2396
6ZqBVctkuAsGdSs1oNgLTz17p2vzyskSpqKF1eS6NJSR,2395
92KdrGXcM1J1o753vfRY2RSHamV7U9ctHMNfXw3uEJSe,2391
CWHefj1ia1bjRHt4PKgkUbFotM1g7hdUJZ8StULHbFR8,2391
F28H4ykTmdRyF2Qebmfj5kXV7G6744w5rfeY9hZQhPcg,2399
9qH43QdkmUJEXfaPEUzLmeeSgYvC3bLrBkXUbLWhq77B,2395
KEhujMJCbpH44JsB7HT6DQhFitit4kAX2oUP3HGRewx,2399
7bGwWZwwiQ69cGw1hx1BT97jmhDbJ8uJbzHqM5qeqP8C,2397
4jMWndvqtEsqwLG6L5L1H7wiB7WzEkXX9R4cEVr3CZ4Z,2396
C9dr3BvLvvoK1rhMUxmScRzdfMVxXooA9FxabK5mhKAe,2386
QvQ8eNSakzhSfAPEgLtc4FySUYUhjQstXmToLjVcyTe,2398
ANkJCFYHg4SsVZBTwsi95C2UE9xBLB1W9DyABkXUETfL,2401
HKLkc1cy9ti4WoT6ikQi81k1K2tEmtGoE7EivHTBwNEh,2392
2N8XdqXFefEThWQwZ5jM5UZRwgudETkiQNSDZVdzdQch,2398
BYJh9nC8TcPhPSAE8RLpf5qpc2oNb1E4WGbg5kD6rU4F,2399
FRFFH89vZ3CCTFCAVbxoxLkBQcZapx828ibVnHm61KCJ,2398
AJUeukmM3twANDfqjVHmFbL3PU7zbVh1WWYNfMmspuWv,2394
4obqKXSoeNHU3CtV7MBS8mgBrT3kS81UvcxiwRWSyjsD,2396
42ufuxFXXvqTYmDrmamDThEaRn8rnpB662drShU2HJQ6,2391
CFDii8X38n3u8JyBMa2H8EbpjDKKi6bxWwfojMdA9YyQ,2398
E1bAoJFktc5CdB14G5HX77gbpV9ez7Kv53HazYCUC8AV,2396
65xF22fDD69KR6AkBjuNTdH9agKhP3AhqWG6pnXLJTT5,2399
CYnUmwoCjV4zFavHd3MfAwi4MXMwFmen3wKAMjESc5tr,2400
4T5LgVUxH6252wSh9dbp6inGpRpnpFz6JL2AfjKPA1iN,2400
35fSzojuyk2fZhpH7kKMjxuSeKmFWmcTUBXumgaXoz61,2394
3pUJetKpwhftYpHomJwoGpSYvJnKWGBm8wGTAQcTdxra,2394
3ZrnAowUNPF6U1PBEuj8YSYiP9iLYuQiXTnCB22PXses,2436
F86dvvDeLfGUXdxfqdaJ7xii8T33ZAJiLr9n8GKazGUR,2438
C4ELtcXFFWYhp4kfEjw3Uvhv2Rzogmk8a539XKtSbNsa,2438
AKBhT4h6ZXAGXZdPGDd3kdHU6AKCkz4ZaYxQhUkLN3Ut,2444
HWqNgp1SwbiB9FuQzfPkUzgvD4jPvAjfogneEa8Kxoxx,2444
4gDao2EPzBjQUQKREZFFaAHkRtFE2acb8sGDpAzCpw7V,2442
AdHFeaAUbXMNA1sh3CMj3Aa3Wcx1NyoeF9TBQB2DzqiL,2441
J4GWJVX4oCn7dUweDzgp1wvvhRyxthntgWxnmKznv7kA,2430
75hmkEZaHFWrxArNU2fPpYD4rKNGbzigxdBNQQqdL2Vt,2442
AWj3r72cHzt6HebxhJ6GZ5cGyxaaigBpdX2VAXu3CHxT,2430
4ynQCNrC1DBhMyJ7SW2dsn3X4kGN8NjLCm8j621e1Pwn,2442
4Cn7Q3cvyL5drEVRTyUs5wZvc3uA2q7T1oeFQCDtQPvm,2443
3paEm3Uq69RrbgS5ZV6rQ1w3978Rjv3a5zdeGrEPriyc,2443
14uPstCJxJRr51oKvdYNEgVT8uzJiECmqbaHAawrQQ5G,2432
6TFwr8U9F2PSZgkXrnQpt3QfUEizSW4XGJLd55dCNnPh,2441
CozgKahcLtuaMFFjqqNgvNzfLAip68VbGo1hFQbnnb8c,2432
V44xL9MN2viqxVmQyKTSrJfNPTwZh3KcXWAGhqjEbqo,2466
DumShdgxLmH2qMgEehDgXrJi96KXEoDb1wRsXks6tS2A,2476
HYYDAbXdCAdz6ddEcQPhA99bJeHADLoeC4zJhQhXRqeX,2488
vnitNpq6kN8J5woyvrDqp6y4FxZ3Bveh75cs3KAvYHR,2475
EWG1Uy3R5mWL6DELJ3RgwcNU2k3QcgBFXtXoJ1aYffHF,2475
JDJLHsKYgy2G8ni36XuRwG1r9TaoK2sUNeibK4qokGC1,2484
5rtSPmD3SeRaDZvtzYocBL8cBt4spLcNoXDEHfkwZvKn,2484
6DQxCPahSF7PEsxeSXFQsrUEnqvA5Vp2CeN2NpRBf1Gw,2523
6oqJ2bzaNWVrp3SjUXSkS4Txq8tvX8yRScYxhbNDHTnq,820
DE7G6qfyQ6pNpMvNzNKrpytjoHzqqhwvHG7JExJkinaX,825
8UdpPcy5cQnXnheZ1LeoAUrBkVGvDemubhiiCfSd5EhZ,825
2B7NNRmTctTLo99pWqRx8cwCovD2Uj2PfRYXEP1KNacS,825
DNi7uRax7VVtBpevSx7d5i5aDTVvZXi1PXZpny1Cvzni,826
ACuX9Ux2FYVhFVKNhooyYEAkpXradeo6FmzXhSNs1tAX,828
C1FLhDckEC9qCFs3W1QYxqt2PFeELtXaTeUwVCksSQnn,832
2z3F7P8NZnDumEHNxdYW7uUWUWiMHZ8fEU1BWJYVBPBi,2564
HP7idMm675Cnbzaw9zzpMNfJVV8d6pZPQ99EZUuJUQy8,2565
7BvNAmgxGtuAuXchbh6qqERHuTMUVqbo5d5eMgRgTh3W,2566
G4F4BXKFH2hyVTMjfhpmmwxqNXZkDAzJTknCi8g9Mo5P,2571
9fZmNGShvE6N5MZHrQ3EZvHTzhxYNxsET9Eyd9WcDxeX,2587
4JiRuyZLyLR3AiEL9Nu4KtRUC9Mw9pjNySsujyTpgJfS,2587
9duvpD4xmkiLbh9DQ82QfR226XnkhwoaK7boZ29r6ZXY,2578
FdJ8xY7aQhbn7Wu8qQRzHpzYsi9x6nJrQcNkKwWkJBzj,2573
4XcCoNqbL97AUHAaCUqr7RJUFfLS3g1vgxGdvQEKAdTT,2587
H33Je6S9gcpCjXqhFj4dbZYfRqDPhC1dWCC7ZiSVu2PF,2571
4PRoVwo6vdh8MqdUsknABWhyLfboSb2krRw2R7UeAyj6,2578
H6tPhQ2gXv7Z4pKZvFNvxQyvNgQ47rpVKYGUok5LgEEy,2715
JCBybEd7Y2oqPNDd8TCc7UQA3PcMaQY13ffeLztR2bs8,2718
45NpSAtgVwzAxCfo2BEKgqrzUPKQ9aLush9w8evZ7nNE,2715
7YRUQDNHF1gEgLw9Xe1dtseJT4TnDU2ni6ZBEcCiD2ei,2725
GRjfiyRf9FQBHMuCh7thBK2KNRQVf1uZ8v4GuoHY3yCT,937
EZnZmSoSZwAFoVzr7rZPzr3UecjXXC5Xa2eUKhoQzrJN,2726
5yYsXoMpykSHF5UtHe2Fpd9PTaYYDGgcPbeGZEmeGpj1,943
4rJtpSPSCBnetnUCYrn7cBDfY43paAjMHwK9FrxnKxoE,944
7A1qbB98qgR5T2wgmVBghXyAaN278SzJrcNaY3YmEtUx,945
3KSUmqdRF4sposcwzVrvxNgu4D6UyovXc3JKavWvH3S2,945
7HmeS9NMG3z4jbPKMfKHV6E66THegHbFv8oeYJ7Bi45K,944
8zLGw3xwMP6662G8nLhL3YwebtH8ea8vP5gtAeCS8iuG,947
EmhqY4z2pPgAR5E4C2eUjWMgUpyyME6S8htrSJR7mpVK,950
FuKLhjMmbH5e3B5WkzxinV4DvQmtfUPj7X9ruUbQpJaf,2755
BpQdHe6EvKpsPBmgbxDhrD3cee2L5uC2m6YroqPEDxfW,2769
FwzuGh2o1r5V3iSCt9ume6fvc9fJYJxa367MKumW9U6u,2766
6baJaaBTyEQWWggG8eKResNdT4xm8o1FG7p5yUdK6Zxe,2771
GaaugGoKpwHFSmBTCYzCqDduBhh78Qz8C9X1YhtDwgmA,816
2fENYNWhHmeVPV2H6TGFkN8wx7D4UNVu99D6aNimmBHK,624
3DZB62HVo4ojjFZns3XuNGmtBS12puugveGh5f4xHoh6,616
AwyYe31UL8d9igi5yJcwPbNjWguEXofqUKCgQAQhT298,626
CxDGv22K8Gum4S2MPTaVa9eYoJKcZyirqG4eKCQRpNop,819
G1571vqY3ERBNwwBN5f7DjhyiHL8iJs3LhazETxqqKbS,820
7X2CyTxEXXHuQKYSovmXXRTjx6SWSsVPGbErLnLn7oTC,2927
GpzdKgPQquLMcH9Jkn84CrZxjBkaHJAvyB1nXyx9ZcLk,819
Aw9CHdjc5BEfRTF2REHKVSYYwxoW9VasoNg9DVNJatz,819
4DYvRRo2cWAfmsv5hd7VWfhzgbaPCsgWTWqhHPsnXscG,2928
HYg4PadxDxAuPe9ihgST6wQKdgPPXFHnCk9eDnHe7c22,2934
D3XUfq9nEkdeQpZ4z5NLamfgDeYiu4N9JbQamJKsAg2D,2938
BhffvXUPtetyuMcCnptUxys1Lp9ZhbfzEfKqexX6vmLk,2935
G2DFn4bG8KbaXxdwyBgNRLRif76RpHJSiix7pGeeiq4z,2923
8wVMKJCSVBHmqyNnzAEF1pGTgYChWmHz5xcCmYbapS2j,2890
DDiPyaKFBLGM3RrR9cmcp8nTpxiV9UtkEvcXvr8B5yUU,2891
7hQr3DBmcmsJBdJHq4tJzEEdHmWzvAV7mCioFfUDgbYc,2893
4BaRzEUTBEUPKH1VnnGD6EGPwj1Lw52uHhHwjUjzqzc5,2903
6dyBPtUm7v5YnZMdxfNiHvGDMZAZFD18xjMycMkRCWkW,2902
DDK1cpkpFUzwU8zh3yAX5xrZ14QvC4hWpAYGoUpe78ud,2830
CirJZWdrVHWqP6jD4vwi3DnNgGTpfCm9SQ8opknRKb4b,2877
7tDwXvi15JU3i2KxVfbfjoqVRdvK2ivKehPGi1yRbejD,775
5swkXzdCMEmdqocxmeYNRQaczx4QbyiW1pnMWTLZx5cQ,772
6oGtQNFQDo7dZjgmzYKArzJ9xfzDwWJ2peCuRJy3wyow,776
3ySyMPrASWqyQLpMx47hTBVhQKSUp4uCvKu8FFB1F9MG,2837
Gxib6DhL8LEV3eSq1o7piFDmrdKWx1i2frokopyA4QJw,780
FQsyY29Qm9xAYv9mdXDKWm4ATXTFJsGbrSh3xQFdNgA2,773
BU9cZudrsd9LoUrXKd8BStRGr33FLFPSGoCVjXDkepgT,778
HaJQcDVH57Bu2n5pN7dJhgxSF7GfPWS33u7kchDL8hsM,774
7JySAsGXGKwhU4jJ2jEWRmcXvoH19QKw5YyA5LPnr4f7,767
5X5aqFuuMfHghUk8ig3xkNSmq5MydySJoXeB4bPZgbjb,777
4ACAGVqRPYXrvMN5f6ip63NksxgFsXWmbCNyoD8xjQzX,776
CNexuNXp41DmXW5o5brnv5ZanGSxuvxLsEPooshURhz1,781
bcRyXLtuMs3kctxmN13tBYKL3HBBwdkpiMYwnyfanFF,771
HRDSDKaoQZSV2dj3TxqKzvdw5VBDDZHEKHSAP2VRZ2E2,780
EcQ3xXFrstRd9BLvZjHQ2u236WymxEQSjz2DNUNymwN4,2821
5HgmZNWLnwxExHw7KzoAu1FauBZMB7AmBarDPMfoi2wr,2882
6YVMurRwxo6rPqhrKQRNoQ2tG9WWwYZbjqybW5TP736B,2884
CAKSbTEiKDR9n5ohfY7BesWtmbrhJMGFAyhEN7H9yt1H,2816
3wwGsdDrByYfVD3GpeRMugQ6nFQGzB4JDJ2ahVim3wCf,2819
FfZBtgJ2zDX4mhaEiGpMMtC2ERg5VpagZkn8gkz3FJYP,2815
E2XfVtY9e2SJbXoZAmL7GALxEfUd7fZfnw4VUs18vGy5,2820
AzqAmZYehtFznTcmQpFi4BGwArfAAbbXM9824DzgXeEQ,2819
C436WexWrvAjxdQuHLsZDm5z8LZMYi7fk6LKytPNXycj,2819
EyXyM8mFAty71dNdngEQ5PexkWFjQ8L5AHZgcN9PudgL,2823
EQ37NeAVeuq1Bg2NCPsqAm5ZBzCRbKi3WemM1w9C7FZk,2869
A1xzSMtk1wYmP6aqsMwheFL6HQzSWiBzL9ESCNGAHHEn,2874
EGPnmeroA8DNv4ku5WwWSo4h7xavA9puABikigHnZHfK,2873
GJVexRFyx8kM9Mhq5UjFvSPDnShL89bTJjPyTTWjrX3i,2875
F56QzX1m2Pso4c7W47xW56fWkeizw9J9XMQckE9kBTDR,2931
EHipdSMT6GZQVabqDfaReFEa2KDQ2jrU2XwwD2uF898w,2937
5nvbaQ8jcWs5FPmrw23S7Vivpz9w5X5KkNWebVoCqJ6J,2936
AHxGkU6sSBMb73mnm3EyzQfhF9tAbpCamYNKUe7er6pg,2937
CEcBxyL8efivv55XbFfqR1u7qipb6nievpnZAiLnXSJD,2938
FhsvBCnPEFJTNQ9mgeQiACAcvygtAKq1fD68upB9wYqw,2939
Bcb97CSZ3kqzrZmcTM2n1cyVUXSQADaBVzyU3dJ7VntK,2941
4ULcY4mTKi51UDUudVyuuLLnQANazee2FPbKLpohWXuC,2940
hHuQy4d3Z2Mu3gdjqB4UtcfaQdWzRPg3LS5gW2NysSP,360
6LLf9pHQxxc7LVn7EmArA6JpTHm6wDyH4chFFtYejQct,2883
HXxxCdbRdB5r5WdKAQHJHYi81cA2UNzBfQsARoLdaYR,2883
6UWi48EQURjDDQJwJt7LzTuzGibXVVgDsgNf1KBSaBrH,2880
8vZDXc9R4UGH28Js4yH5qxde5DuLXzd2xLiiFyAUZq3E,361
APovVTyKkULEspR8J8XuYzh3BtvvbXW716jqSA6aM7wi,2882
tktwjAjdXCdX23nwTUMcjxaiq41TizdvDDyKr4qunej,356
9PjaB6h81aXYDEZvEyEi8MoEo44gWEsbpBJLp36kCs2U,2885
CtQCh7H3hm7q2jCKLqv9Ht2mLT2wRwo7zc2uNto57CuQ,2885
4RXj1q4eE3iHkWHXRkQwEmoro8JHtsSnpcbbpQd9CHPA,2895
GhqdjKFxiaKgTc7theVVUV88YCdeoB9stFYEQP7VRCJ8,2896
DuLbUMBYeDTjAK1SfNoNTf8KwnQQGXarN61yM1jfxMEy,2886
6a3yemKcmHErkWcUhii4xsprgSwpshSCxU8hd5xZgiQF,2888
H3yNWhuyvjhDAjvqUm83EHE9mjLAzpJ1NjHq4m37WcuU,2884
uejQNibh9kBNgFiGuJ41zFgtS7y6BZKR9xFvJpSZmHx,412
mhnzYM9VG4CpvQ95Gz6o7HRmPFqHzCtJZqrdCdtLskr,409
7eeaaKK1q3Eznw6JBf2QBy9ffXzCWvUJs7gsEuLdwsy6,409
EVgSYJcRgN34KzJ3eXXysM8yHU18NtDZPzTBDqCfxexy,2880
AcHf934XHT6aEQiKjCfyn34sy7vjduAs245hVggbHpUE,2882
8dBsDoo8z9ned9HpkhtouwaNFSf3maLNAMs4C3kNuRVF,2841
BedSGrVpzTjpY6Z6ETgPKinnQHPCUSJVVh6KHA6i2yHJ,413
8Z6xdoxMJoTdwP6hxRycHLSjSjnb7AZk1aNxDjHZYnmY,413
GXzGTa5C2ck6rJCKehAbpenP6yZipU8Ks5w6xUURLrY9,362
6zTx4ypZGbBfRMND3U7rsDFnVffW5aNBGSSkGm7KNoym,413
VCBDNd8bcu1UqQWpTS5tVkJcwzqhcoBc3JE9ASnhPpS,360
ENdPBxDW4d9CT1hjLubywo1jaf6TwRAWmLPyvp4RvvJ7,361
AdrSbGvZJJHJ4peXVhAV1ibkNfTTZcQctMBe5jF21Cmk,2848
H7pS29RV1o7pXnWBmbMEoVLy3DKq9VoroKGmpGrazmoR,2844
BgQ1ugnZdgWgdSTTshxKySVs74gv24sb8f1GcGb3tsvZ,2845
5XGLizP2pwYigW2XpdzPYsWQu2cmUcaWHqLBVCUmmUbo,416
4KSVWyaerTFb2s89nT976PWC6rjG26QzmHdeiwXZE8Yf,366
9AYhmyeNnsEP7CwDSnifZLfB4XfDYTr5gG8XYgWr4TXS,2848
Fq64NLmm5wRBA4GfCZBWaLEhnQYmM2BtBRDt4yjwxmx2,2900
HKNkRGmz9Y5HMHcTo4j8kbLDB7MNyvk1jguHhWso6T9w,2902
9pCPPApYEG5Kg1E7RSF2f3d5cnq7BVAWYCLUUE28j5Fm,2905
DH2a7Jk7A1viaVcugim2DdpASmsuSorTXwS1CTDZDHxc,2892
6cPXjWwvQYt4iNSYoqxgS2qAevDxSoPePS3dLcJr1F1X,2896
7GWPS64s1WLFxHgG4uz15zhtLyLrbeXH1d6HajpMnJR1,2894
CaPJMxcf7tkm2AZXdFJR1EYUWfCFBQf7nHAJV8hj1Aw1,2806
6eSTrS5ocZhykeyGV6yLkmdQJJKwbPAQukH56Sbv6GaK,2898
EiYpiPefXfTgm95q268nsY35FJyQsULtHzXm5D8ZUhZv,2810
GWsyEtDyLWEwseWhzHC9ga7J7SWn9r4Av951BE67p5iu,2860
6XbU5Ns5CbL6UocPNJCNfCd3LJNKirRabgMu3gFNza1R,2927
3WSDqBJYBKkxvRHdGvtzGDbq6SSmJegUUGHTsZuBMZbG,2884
AAhyozwJzWXcFXMtb8NnkJZnGnpNE3YkkGyTnwPPu7hG,2913
87eMfshUH9Acv2jZzKCY5D2kiDt8zrhp5c4q8Cbegdcc,2887
3RpuW6snpCnfaVXVfbfdtouG5ExsuDWfjiooPRkHdpQN,2872
HdBySdRA9F5T5jqDaeUWfaJkXX3AfA7s7G3uxbMksYtG,2870
EHEUyNWwNNCtZxfXgSKm1cPsSZE4JTXe78s9aquqvuzH,2918
BCCatyfnZrAS8n4Cmgwi3anir43huFRwaw8dKTPzM6XS,2919
HZ5oK48rDzix7eAzvCi5Y7rXpJc73tk6sTQLkqjkTdFq,2864
4TTcTAuhStHoFUyCMTgsedAWysE5vK431Eazkx4QfioK,2917
1FTVmBrwWvnhSReZe3hwPhAgHbUWtVyefaEEf6hKgZK,2874
7cqa8DeU1ZDfFcfRphnfyQpkj8mHHmcLBwkn5byM2SmV,2876
MFySwsVWqDkmShXPtA3fvuU71eqc1bsqZY2Fnto72nd,2815
92cmkDMDpyrq6cEgGv1oB9iHukY1cirnf13jvN18UHnU,2897
8Gda1H4fm8dG7BbTyx9P67FZv9ZeErZg1bG27xaU563N,2902
7ZdhMtDvCqDuqe3Xa7NE1QscrUjtWBw5Yxwp1DPz1fsL,2816
6rR8hf7iy7qy4aUrEj8j842MpczJEyBaExVEHCCGwTBf,2816
GJ8YbaSvCoXsEFLXziG4F2tzH5v62JgYJ7A98gA216Ma,2821
G7AWew9Ru8BgAbzEecCjBW8D9eeDCS1gYQRAyodZYEgs,404
4Pt6Y3B1L7LMFpC4Sd1ucVzdVs4NUetHqCezaHdVr1Ct,403
7Jo4qhkq2oVywHELHa6qAnFdpV9ABL1AeVMHynzVjD7b,398
JCbWKeZNiAKrmyQMxJj1sQRjZMrtWJMGUXfhKgn8Fqjo,407
5CwHRkCfPLXpTrsGGfMCfcQxwMK6873EpqQN6mm3MdMF,415
DViuwdf6e5MJTSCogawcVUQhuihCVGmNdNsR3KRMczCm,407
7V8UFAgpFNAaHskJ7E8zLScPK3Mo5QPcwS9fsgsg8CwR,408
5oa2sMN5AUdUj1vYtJK8rhiowKN6iHE4goPobKZzthaY,2841
3Sny1Bo6TCkF9s2wqNc7jZCzp9SURC8M7Rq2iY6WAf4q,410
8GgEbkWqPH1Ndk6ZuYqKMV7J81ScKfzgBhtFx79ARn79,407
5VW6NDso5o53gcof8hKWK1Y5aUHNKHDsuWiqzXH3gt2p,417
5MBVHBRKXb9M4ouHodYW5H9Hq4KyXq27fkEPZ4kqarr9,407
5ydhX6Vtru6RLvtrH5cGhyo4hVvU3NZYfzNUHuFSnWkT,411
BSVKM35U2FxLM7HTHbFGHNNjnu564iKD4NyxvbNmdz86,408
9PnptVQSE1g3Pzg76AJTCKMAiTSLmNmz1HygQrgeMbDP,407
9sKgtZqELQW9Loj3AqciuHwEZZ72jLEmaYvH5Y7kZYp2,418
E6eqkToKRC4L2ubhAvjda7i3vzPFcY5WeuQbf2VAQvKv,413
GG4MrpymYDf373cfxuMSqVdpo7gdRyxnaLpKjXh9YNR5,408
3VfTECX3Q7ysQzyy1wN9mYsMQSiTSq8efLJHdvwY2pcf,411
9voLDZUehNQbeLVRHkDB3vje7LrZof1JKF9AsZrnC3iq,2839
9SnvYzddfrSQbX4axfLTctHeYsRcyvmUt9VvdKyNYunS,2839
8ZSHtRpCsyXRw3S3ffGfBekCLU7M9FR2NwW3X6uUEhRx,2846
9zCYjtTLSfWPgnBsMF9zT8ZhRNRs1ZDkQnwYzVyiRMsD,367
FtckjMbQt6zDv962Kd7qaNGGGrg7HgREt7Vv7vYCHUD1,2849
2X8nr4ZcadPt1iEtizWXqAu6K55sRiD1xPYvBfrUQB4r,370
Avp4j8ppr3gyF7qbtsnWvXA999721QeE8h2iSdoHLh55,2846
14HRXJ5qcpo26nCw4QjBorCUEB7k8V6ojvjY4zSz4bGP,367
CfJAKDvdciQ6HcJHC1ASWQgUTY9FTi52cqYdRABGctGS,373
ftbtbHYWbhc16XreHdVRBehmNJ6suJSJaeXkzzUM1EX,374
BEoufvnzVDcbJdqCFbs9hPSXWvg9USRHdC1r5zsADJnS,368
8RU7XVaaFa7TuNukdT9oxiU9JYtuFEVZGL3zXUkcXLfN,374
5zDbQS79s5FXTfhCVvpKYLZfv7e1413u4itxP6ja8oMS,373
Ct5zNb7cuaeihpCNrk1bPbKE1483rGemDv5u8Q5DUhFB,369
6qNTYwu7HeBxkZTXSjbzkycuLtrGjExNS8zLMHtNV9or,369
4yGo9MiNi34EQeu42xXYASZL7A8if1ompTQ859HDc58o,375
J7sbbvJJuai2W4nGQCq5KVMLAzSnw8moqWQPMrh3dMw4,372
AAi6VoBLyQPxDE6pfYVoSXSx1nmj9W7jidqTVJuTJhdw,366
ER7mLCiQrNSsWa9b4vM7RYv98jptEsF6MZhqbYDL3id7,373
2Nip9PSsdSvuuKg5tpxm9gW17CgSgqPGY995tweLtUAz,374
9rEFa9JzupyoJfLdak4Tmhm4MNA5aQRSFfWqkThavCBP,375
8a1urhpa18bD7Hg3ptDBsCUueYptMwdDX6uVXM5ybLmT,374
8nhbvxjxWR2SJ6Jv6PwxNf2TYvLjZ3djRZg8ZMzrCEEe,2835
5ppd8Mhws5itfNt1SEmAyGKZxruizsiGkf7k9USVzve3,2830
4jj78UXw44c7NTFKseCLeRoyfDpbwV3Tor7MNUKbcAjj,2830
3m3GTSuscjGtoMymjTrs4JJ1a634c5So6kh6vLtHRXxE,2831
83xbiuRRZEFS48PRM8zv9NVhzmpnKiGkxMpcPAyNkFmF,2895
8rModAjafgz7c1go6pmnV6Ms53ARUWTWB7EoLfs5H9c9,374
615hBhstLrk7Su29m11zaUX4i6UCYwXKLNjSnZv2aXzF,382
9PsNi4zDNLTqEpFML2Sr2Bfg5thCzPtA37HJvsP2tX6Y,386
6TDcDW2q6SNvVCMQB5X9J7MBfEEV7kvYtzxxVQ6caFgt,386
CazAShxNsPzSKeiaABTo5GYU9xHNCU3wmCkkCdqzgVPV,385
8bg8Li3hiw5g2wzpaC8vbCZvCDu3FsKEdX1BPcgLzFmB,387
G6vdKqhZ11XvoEmGKwHHuayqq5fKLTUfoYVe7ZVaPwdb,392
3f82wphi1sePndQVrF7u5HQQjjAWciHyhveWZGjgoJ9p,2914
GwSMcYe2tRmTvc1XCpXNHhc42G5VMQNowJeTDGfjmpDB,2918
58DcXA8hxvKoF26BT5Zyk9nphNLD47knQ1nNEJSxpHD1,2918
2ykV9mKMVVwemEDoHSqiAURe12XY4uXYAL7NmWQzmeoq,2922
9yoJTL2FSt6eBrAR7XT9bMi9h3rtKJQa8psmrTAH2VKr,2920
CDk9YTj7Arpo1v3Epw3fLL7v2nURGfABYEJfW1k14r2e,2878
GtHrdB7FGbt4ufrCg1dV7mZnQRBQ3Z33DQZPy5NNuD7q,2885
8iHKrz1k9hFxm8UaXpVWscLXBMTAMJZJZu73VRYHKX2u,2887
2YKszytPUpqtc2zTs6XC9r3vZEo4B6QjcB1UQ4v4mnGo,2885
HC3zkNuty91buY7jJ4BzrAxB4TLpTN7Wf6CnggiBd1JE,2890
8rELsdx3UdFaNGLFLHJR76dg3idqt59bSEfDKUjxBjEY,2886
9JaFeoDYNRUgHBPY2JsYqP5Dy6ozCzurpotybvtVotB7,2885
7u5Zxmumpb1rGT7NnfMfnFMMQkwS2ZwF93Kt2H3hWwwg,2814
6cqvFE8bRs5q4vYa4VdixcRdH1XENYYk3LuCJ8nrhNjg,2890
A7iRbNVZMadJoKxY7BA7DfiKdKdCQrnr1EndTYCRNGPV,2816
4WnJi2XKrd3s1Ki2gB5qimpgHtSV8gi4o7ciyoeKVYx6,2813
9in9ELFF13bvCTSdP8hHQ68Ca3DXBf6FcKBBcjp3phej,2814
9J6iUcP5t9XU2oYDg49hsU2VR5JqLeUgT6kuGknngpRG,413
5YoKFW6nXsvXfT2HBTx3Sn6negvikPn5PnALZQVQGPck,414
7HoTcyn2fKmAuN5wxyHkH4yPhdbjSfBtD1y9ashGk4wy,414
3WJuXREFwHVC9iSGnGuhGd8Yw2oQ4nsnce6XEvJDW593,412
AUcLD23jpqyZqqThtcMh5cxjeUZLQcvqPnX3BtGgWFJt,413
4eY6pDeBpBP3hD1AVRGyHy4E2z2hHRXAqZ2Qi6vM2WgU,414
Az24tM9sQ9w3zJ3Z6J6zznJPD6chdG939gc4AfdeB222,376
FEdMENY2TMgZMiiKZcgrfHXkMuEyPp5SxWAbiUo9pVwu,2898
E4M6mQntu2W6jHTPU8BCwBVxRxgY4S6NWCBmLeQfoJ39,2909
HQqZaiyU4CPi3HSrgEb7iEve7CoHzdWcryQDnLJPnmK2,2915
22zULQaq4zzyFXuwihXBqQGNZPVhMnRTrhUsqaLnPHJB,2914
EALBJGcjPdrGz2qgrQE8HA3UFxEop549FtSjurpyEEkQ,2918
8RrNhqnSxxgxxwzBAke3nRQUxuk3sSJRc9DKXUgzstGo,2834
ESfH955nd4HtBri4D8fpZ57rAJ7oSCnE2DoZgJH54FWH,2841
AWodF7aGt4hPvcvVh7FykSV53B1bEWwSxkYrVPQ2modt,2844
7MdyfpYnJYLT9n3oBxhL1jbBtmUmZLwrDsPptXSsooSj,2893
3C1dWxsdb86ncStWgtoNi3cHQh2BPAs2CnpzjVksDCmj,2897
CRvZUfgiadPbwxaTD7aQEfnyfg4z84DUsphbBYNBwSSK,2898
5UNgFSSue7KZ1KZGC8bJCYdATWAFY31QgAxyNt1kad6t,2898
ByAhY2kEKPSnHdp8qcCLGUYxGFCy28xobmuMyLvVC9YP,2899
28NKxGrYAw5L3S9QFTdWuFwNNvq4sKBUFm4occNk32iD,2907
Au6iWUMMsabfF43asgrXJCMDrhUURJmZhzgaLhUo7CWp,390
41hQtspGzMdPkAMiQ5NUQogiYNJD8oS3yGktSozSRuuq,389
EeVSfrRAVaCGSTwmNwXt2TUNBXYjpvVmFKy8yk6xZW5K,386
Cf1zFPU2YCukGbNycApn9mwPiBbRaPNTFbpTMkmHhtji,389
9nYH6bp2e9TzExnFMM3xhkEDsKm61vpbZsKu9VJFe3y7,393
HsNfV35seC61QRhyc6E8C2ezeLNgPFr8Rq3CMVLZSZqC,389
7DzWREWU2N1VrczE5Fg8QMUGLNBoWmbbUN1Z4L4TpvEh,374
F1xoYNYSnVhxzrPbKPcNFXWJGEEn1rUqESvAmWJbR5Hq,2877
8zm54cFUw6ngFAaGKaWT3w7Kozk84Nqy54Ac7fezV8Yi,2838
4RGEhKwuyfNUAnhchj8BFR5UpBDG24fdWEEVWQD3vW1c,2843
9u7T4tYhaPw12ekypKP8NbTmDAYUrG9oZ6vsY3GH3M89,376
AFwW6h4iExpELQxXdSsJgGJVaJ7P9fCrB8NkFVhNiXDp,2907
AdqTyWFfpChfUuPVnAtoHjJXeHomu48PVrVK8Nz6FNm1,378
jN58wCXb8UBbrxNehgNfrq1Jy7N14EoJ7yc9hp6JwXN,2839
CjC2bvsWVUXBkLK3UNAk9U7beca5nSariQhaqUxkNqYQ,2882
A7APWk2qW3FgBBxRU6ZHEHbyG3ZKAUGoAnQWE5TzwFv8,2882
HT1LM5GcyawChwMNLUBboaXYDg4QidKVq1TdmMh4Cs1A,2882
7mTwjHAox4RD4fi11vGirXsfK8QF5zhJPrK5dcDTwztD,2882
FWwdFMHWrhC2Fxxh7mxotSPhsa3iggHik7Jkho7WQvkg,381
E3dLr9wZe8SMSS9BujDMdPJLVmWvZd1HcCTuLmB3tz7K,382
D55SjaWEKCLtCHDQsHQgndxdgHr4HDuNYBxDZpRAN3iQ,399
FRukNPBWkNAa2odseDMHG5Fos2Cba8Sfgmv72bBzyjKs,379
6PAEjQRwN68WvpSM89jCCWPtWYT647YGCnMCVRyqxH2r,378
8TJqosXMKt3JDiz24KDyqERmNeNFeDtJLoiqugFVgz1w,384
6YRUAhEp4u6pQGF1L9NRVdbrY1zCXw6SqLQfUnMTMV75,381
3ppdwzMtCY3zDVyYFQrYkk1U7wUHfbt6fYPCQp31mcR7,381
4rsDJMihdAQopvVYhjdyNTWS8hJee6REU8y7VnJ71up7,382
GLzDDE2wSVfKCKFzEgRWD4am15y75Qa4dBs9r1svUKsB,381
G32GDFQn6YApDU9JkqBB9oNqgyVRc3Fw1AxAsD4uCWBH,382
EzuGGa7x5Jw9bGimzBzG3iShphnrmoq6Qa2FFeqb53qw,375
ALZY9HcExFzjHyTJUAWm4ihbxkzUgyGUuZvtPjiRHdAi,387
DHjw7Qg2fpmTjmtEnSEsfSrFo4kJ5Eo921k13iRNbFT5,386
8PDuHy2WQUn4VF7f1U8E5vK4TRMEQ7cBdV46foVjGLBE,377
D9Z5ehN5D1zWbcy5dVPufmCkxT1udxpRrh8rnuKKibC5,386
7djZTtV3bivWMYfdsfRGwGjK4GhBBYBYvTapKPcAYhYj,380
JCro3csw9QfkQKPmm2btVoP4ddszdRtuoPB9czLP16tw,378
3NcRNRCMJj95Gmcyd5NbjdJiSLmdMUeQxy2zR6auJFyQ,380
9zHyFfGiAXsAsjRyFtPghJBYtpj2wgdtkD7RfLaJPxLf,379
7ymoNiK7w3vrpCteynarK4zhj67ZJq6upuC3UicA3seE,389
Bpx2kumtdPjsXCJqJrTNGAoCxoHy4tvEUczaRJfpqsfj,390
4oyfbsa1mf4XEFxmN8GLxHpGzUsMeWj7HDbgQVrRH56b,379
FzxQPJ8jSro8kdLt1zyePoH7rYsoPHwGghWLMKGQk2TC,380
3y9KF1dqgTzxsBMkqZWX5HjcQTWaqzSrNiwPnLhPk4LH,386
D6BFiGsHXBLaLhzLcNo1qrwjKZBY9n2Kr44LyLM8yREp,389
3vpCJBLPbiPu3k8VUuUdq9M4ob1qTkseFnGHJaaje787,389
GzvrPhdwFkigf68oHtUtbt9uu4MaWQZeUXWot7ZrojkL,381
Fv7SWcdvobf9Qhk5H8nsZCnHtp7t4omtp3ELhXQp5cJf,382
HNHtSLjnHwHGNm1QvmjpFSALXAP7Hjkk8BQxibTdUSiU,385
F22jcW8mPjBtzJLtrSZ9YPY5vS7G2yZg8ZZo6t3qDKrR,383
2u9s8DErRzUwe66yia5P9y6C4irwhLp1oyh6WyacX9uo,383
DBp83GRdTdLsuGaV5SocAEG6Gsf37DvK54QdZ7AM7p4w,384
D8M7fbVyZgzwrqCcfxNmird76EoqaM9J9biaFZpbS8hA,385
7knjM8E6s5bwaSV5hHfK6g3evRtEVHQq2Lo2rzBwqggH,394
HLSxTrRbUiabggHKCkfuYzC8KX7biuPHVgobJrC2AbkR,2934
Gxxz3hztZrpTR79QrdY2rkenwHVHTYR5x3jmw23Chqzo,2936
95xMZcuj8npuSvsSgeZJn43qTAyJ4sdA2w5QWe7hDaEC,2932
AHB8iDRb5ZzhPWTvQZU26a7QVkEtkqr2rfrL6an1h8fP,2878
u1F3Cpcry3YtjPvgVE39hdLscR9kzZGiFwViDN2EeN9,2926
33ustKoLpuHn2Cfj8XVwdYCY1CzU4qVYmiTP5rrfqe1P,2882
AqQnuUiQdiaGbP3EUyTo1HLeJVDaZZPZPBot9jmwEg5C,2773
76khFhCT82HXBVFbKqE2ew1QU6EKApFYqTrCWW6T6nrZ,2885
5jvTf1vJWrHRbNYKu1azDPrZ7KmbTaeakQA2KAepneQR,2775
4f3CXxfEdX68fmraYcKZKSvASJCRRdR8tQerufpJKJYj,2773
HWbgoyqZwgbUjdmVXBuDyUCNL1oBRboKnvjhMNExi9YN,2773
EiBT3fiXB9qzskHT5JGfpW6HnmnFbW5NF1kFzXhLYson,2675
Cs8xxwhXHJHprZLA6kbnQgSpi4pJPgLsEDHf2pU7Lgz7,2675
7uC5EJr3iEV9y4P7RRniGTn6uXnzxVawrxaUcd3Q9kRS,2688
GobCojkJp8yxmerAvexH5uZ5VoQpG4V1kS7gAmUEG78x,2719
GFv3RREiWZ4qZ2VGgN8JvbkoSdfYtiBw3pbwMZLhp4xC,2720
Gj3mbGSuDpSK93sZBQZV1S3Y34vaCaotfikHnKRrDzpB,2718
3X3KZDgPBmFzinqVbqEcoPVjBhnHrAkT2VWgeiWzUa97,2772
6DCGzuzf6M9WUmrKwKJxdmV5YQj2c1VevzCq1ioUmMMn,2767
GW2yHjmxtsgeZaY86Q7bP9BEEQtPzJsECVcXy8nUJDe2,2721
8rAoLPF1aVnt2oQjpjYctBAWMUSaSzjdkPmDKiZU1Yn5,2767
Adn9Jw6wqBE6RfCx1vu3sBPEKx3YdeXAc4Z5AjApCP4z,2725
9A8ffK7XGZDFXUzYD8e12b93Pq4yez5z2gg8GS5VxEsb,2730
AvTZQAjoE57Jo2TruZJ3p9bEz2y1mFjR1yjpbbLQNPDN,2730
aqcAEGP2GWGMDMctmLPJ3M38ALyKoFML87Egc41rzrU,2776
Ez7ejWuP8pMp5cCwGaMWiVUQnrErhMVWXeriayQhemuU,2782
58Cr9jXR3RRF1PveU5N6u3fVLVeMBWZpsHnbEBmfri3v,2786
Bd33gVByfSNX628HKgNuorXfxHh2zMFKnHSVM54Rf9Ah,2776
gWpim6was5r9aMKwx3u9DcJpKSjaa2urxGPFFXrUSbb,378
9CbfzV4i1dD5EX2K5JSBG7KnvcmiEGUqB1dSMW3bGsEo,379
133vRtrTXckTYy2FkWGYpzMQyNK3FJcFtqBgA6osPFgx,379
5x2iAvUQsYef5ENdu1q8EXURrfJLqCtGTQoQPB1WJfY4,379
CP9mKnBqNEtn3wFGt86krc1vZaYx8tJBDNLr61GaLHwn,379
BuWtkEYcBF2Exicq2jCPLx7Sz81cgrNCQ1FJ1qFkJ72w,393
8Q1SXcNSSbJQgry8MGEAbtbcYzLJcxMbq8dXqW3J6Mm4,390
C35Mj9QKevJtq56S7o6YqPNJCEPmTkkPbAq2Ajq4CBTr,390
AAjHqbf7qQo3VRq9hmMCqJaGfBHim5SfEvZ9PPTagkt8,390
x7m4RM8mfSpr1HakXMThDC5jf39bKxTHH8jrXGtcVgi,396
BuNYGKPxdJ5PfKb7GyTf8Wk7HcxW5sG6P6374CiSrSvS,395
F9z3Ck2FviqNjyr5cj2ggqpYgtUMQBCXY59AZGTYDgj9,391
5RvktTRep2zviXMzdrTcu9YjTmHQKX99jqkgB4wpDERT,396
7LSVXG9BdoJGwxsuWe1FJmEPpLx7CAXmFRWY2LfSnhCT,398
64gy9qaRvuMRMvqnHfisnBVpqzK5Au44DSoT6a5tp6cN,396
5JS1zdtUXh3rRNjiMxpFEtZftMYxqf87RC9Ax8fnjD3N,2830
H8YXQZC4BL1zYtDgeJ8xBtqvaHMzcdCxDMjTqYkmpQHc,2831
4CSej1ajDkEuTqpzGvZrue5mNdonbtd7MPsfhdzJQfCV,2834
5sb5bcQK1g7gLYjN1XwSt2xf8e1kwveZgbcBYqTkUkyo,397
4UST4qSRgNhmabWaU5SnKzbzedrQewDnXjRpaoN9d6jG,398
7Fm9TYhGm3iRuNATZCMrd7r9o8jan28XRDcexbEjENTQ,2838
CWeTqZ1FqkoH1EL9xdbc8bgtyyyQcgzMzih12hWkgZVY,2832
FPRybuJYTivVjaZJTkFsDCdaDBXyPz5RAZihQx5q5LxR,2842
BoQ8StYrHmNQpvBNaW3LAgscKgEnZQqKLXgbnP4fTbsV,2842
8hBrXpMtdhZztHsyYwzi3jMi7npCAL7BNkPTY9nYVMzp,2833
9YcxRMScioD9KjPzAtghueS3Tej3FLyhatdq79gR8YpE,2839
A2ndtUMEQ7YMLmoTiHG1NcS11Dhnd39LYBW5R1s24BhH,399
CFCsY9ATRdc4XhTRUWRQdkcN6tLv8mWRwCG2rUJ1wMQ2,402
A3HXE2ig63TvNWu7CtPm96ZZcqW38gx7x21iVL2YeH3N,2841
8k3qoLiDmRuNSREV4PftgJBqNHqzRSHReuZrUYwyzKkC,2790
mP6mC2x29PmHFvrccoSzxAN3PFgyfqkn1gd71W36VQx,2793
4GeYksj2m2yw5j8saRzJfUQiA73hLgqNLMEAybgee9Rp,2792
ASEQU6Ai4pf1KKfqowgbxk9N7gmeaaVNq466xnhFRoca,2793
FH39HkK99pgS3YRqhDNcUVsAETRLLtdbe7sLkHEaytDo,2851
14jWQunm7ZzTxxGDBUvzzFuSHuzP6F8GbvFu3HzRu2EF,2794
4E91NoBcSNmi1smZNomQcBY1LidwqG4CEeZcayXDwDeH,2850
Dn5ni2HXxFhFWbmxwNRk6Wp6TrgmgqizpXAwpyRrR9RV,2796
2XEe8e85TuiDUEVrvxitVYcFvZb3kx7D3EwRgBqKtoJf,2852
8sCz3S4TjQVo1VPkWJU1iagvH4dBLXEchcTjx7VP3g6p,2852
28BeYA5NZP3aVqUJPsqhHpdXeZdvng9sMmxpEKPuWdu5,2846
699w9dZYatvPbPvuU6Cygmtnvs6BVPZ2b1nYJyjFxrAq,2800
6BGa1WHJ8MK1axWhEmEu4HXf4rC5mfpuRJhvFM95zq88,2802
8XNF5P2FoHssDPLiU7yBDzSHhcRChYPCthVRkrA6XJNX,2800
Kn9WB4za9LZxLsPt7du8xyfpfoP5uL3ie9BcSXBqxuX,2802
5d3LM82ZhhdcbJMqQbzLJrCv4FbZa3Txq3D1PkwRkq67,2804
GWaXiFwgX4NFKrgvhGnqGCSxan1sTC6k3QWg6h5RVuuY,2859
9W7BFjEWpRrayGdHDAXjXBsSG7s5459ym9zmzLkFekvL,2812
7Lu5V1kwfrTHaMimZawb34tGeFbwDniCmju1Yi4qUFyr,2906
EjpVtSMksjsHVkUC8wSCfYHD9xd5cNGJisragn4vReBQ,2804
BU6m1qzQN5QxuH21RYGzarHjrUk8iy17nsZvbkfmVTss,2766
DaWLC2f71v8D8J5rmWRqUT9njcwzgZN55vRUPXkbVRNJ,2863
2DWhmynvQz5j1iiYAxsLPqNyvy1XP8JNx8bp3CCt8EsK,2805
Bz6YC7EYJQbsA6F3SQN2LwDjLaps4fMB7D2TTUcRERh9,2858
91vqmhneaDqohCNriVr6rGvZWiuBjzSKJ2yCCr6d6wP3,2863
DYxX2CvfuMUuaXyKSdnetquN1Ai98CuByDedPWVCVaW3,2728
D3wmU9o4vHYFhq9zgKC4ic5SG5Q81hVNJbjUkNcVgAu7,2826
ERxghMGzyr6T7g6bmR5NyHzhJJsMmJTzL5RbH1a7uvKK,2757
7c9fguFbYyyarXWpkyLmNgNTHQEmeHSxE7Bz28yVjo8m,2727
Cr6h9pwJThz4o89qjcXK5tgBA2gGXUmErHUoT5rLttQ2,2705
vp6HahJRKsevqkmTw51m2CaK6qQAPpyb3Y9FLA85UZa,2727
FU1o31ckZ6wwonFdxhnMM8NV4XbEwDTeCieQRfecQn1R,2756
2VSEnYp51TgUS5W1gwLramUt1yK8RCnifc8NaA2AM6Cw,2756
DeNLMEzJDvoMG59c6Gt7vYtUAk7ouBhxYYPCSSgc2Hem,2822
2DbdwvmKi7rXxQbnKeP3qhsP1NdLwPr6RC6SsMGN45dY,2822
4Fe8JhrtNMz4AsTyTAtGmFiugqeryVVpa5MPjio2GEEs,2755
GCTnByC1ZUCX9Luaqmtd4Ue7DjttepsYP1KGgV9DLQUq,2749
2ncW51QzQc6UTxuPLNVuLtZDvUb9yGcMw7gFmkSA3wMN,2867
H2xSP2Zht22LzY28wR7hSMw939fTfxBSgscXVUDan6Wt,2818
92Uthf9gPgoycD22EJbRh6Fjf2r4e5fny61DfAxtjTmp,2757
8FpBQwCKBdaa9H93AmwRtPvkBeMTpRTRKcZUfunN3TTF,2755
5DFwQ6zpdoUQk6hpqs6LAmPqWxfWTs7jpvNAuza7CVmK,2609
VBBs8jA5oLnNg1H78HnKB9K44ibns5eqTpK2kjnWBtp,2764
DcaCqbp4iRViEukPT4FPPEoxDnhyaHQNrYy5S23oxvU1,2613
HAxWSA2LeFfbx1uCy4Ns2jNHft6FgFi4TB2vMpr9C4ip,2762
EGZCj52JDXNBCuBwjFTsseQXZxaFxW2zwCwbApTQdAU7,2616
7X6rmUzWFC49ngjEJV3S2jNrQ6ET18ZBmzggFXNBKXPo,2765
7EwsDxXvqNofHEehTLQ5rApPnHH1tMAW5nDLPuL44Uvw,2781
69o11CuJVtbASK6vszyrwCpCpQZzPzrVxbubPbFReryH,2614
DmwhE9KkBpuWiYT6hZR36hbbsApVdYKLXbw32XX9XxjU,2616
CkJW4wsUbyFaQLB2vR1mMoefdhdGtpjY77mzCpLrpmTb,2765
4UhCsq6dLDFQfw74U6Cm2jGkprJUE5oYDhcLsc2cY78h,2611
JDApJ2xHwEzVr5fgNeRCXkkdXziYv4RjJ4M1558RqVkE,2609
Ej9Dg1quaCUWrdjHj1iXKkBUeGx8qx264bFx5h8qty33,2616
HCmNLYUJEeLERfgMxjNxstp3juM3B61RRXTtJkQ6T4Ge,2616
3yqfsZjDsSk3EVtGRspQY6vps3DZ7pcJfxcbda3UrcAN,2613
5a87TWpZs5igzVT23Jj3DMYvUoa9jngPwF7FyQ8ruVJw,2765
AargZo4C3FdVCY7PSivHsPm1qvk84kT9yBUMFqKL85Df,2615
7VakDnAfJiSefFqHUMsenqFtFhqWW5RA8wSXAzjXrwEo,2617
GBAaxAM8uCA17BV624nzFzHSzqmwUzRCBRSiNutrhyZm,2611
4hb2MbLaYDapbPRnAByehDzAuo8whusqKuAGn327PbyU,2612
6SGf2cCshjvEbPyvceV9fAzighCmrv61pxiowUgzEig2,2611
3KYxuXr57ukN4Um2MjPaQoCj2TUGWvfjutcoeZp6Pg9C,2616
EjLD6gtHtfZdBt8TEArgoCwBMZL8agJtFMe397RPnP2F,2611
2bBjUUVPMZ2ie2DY7SYkkHYn1y2wNQPiTuV8CE2B235Q,2764
GFUqGMppmVhXEHaWB37p2DpMPWkYisYb319516fH2XNY,2616
5AD543R7d2MAbygrJZibiXv5JpnS41UQJUxdXJUgLLeD,2612
8BPnMqXW4ZxCDzT2tGEPaLB7ktXkV4cec2dGxABvPuui,2615
7BFf2eP1un3CU35k7k5ji4Tu4vHQM98ErB7Kt2jun36q,2621
EziAFkcFFo14qvKE7WLuNBE6xXq4Fwe5tLUJfFrC9GbS,2616
7Lbhj2kFCUUwjLf5qmsX5yinLS9wDr7wuRziD1PSAdvi,2617
FQqn6EVvCVKht4HxMUbR1dBSGK6jvNVefTpo8gT8nFJ3,2620
4qGqc6seWb1xytiqzwomfqPJ2RvTHrajhP81dVzyCoTB,2617
AEwE36PmWZqFqohNSYqQGBXgeib18S6R4F5ACUqiiEQn,2619
96XWE71NVqpm5dszsifPsnQeZe8T3jwbYkHfm9v6KRVP,2620
HMmYbgukMWgrzQVww4FDHTaij9sFF9nGZJoqArCTE911,2621
FDhxxKtAEJJdvTHy52GxKPUZ4FcQxSmcoqanYh6eYcGG,2588
2U3J1iKjRFC3G9j9GAH8a2b6x2RQrtU2j8uHzgtimuko,2590
3HXYURo8ofSrL84eJU9nLPRhP9BHbBf3nrPuTGbamriX,2596
5J66VUCRfCynZnhH6t5W9o5CJC1UAoNBa2NEZ5BpRGur,2623
4HEcpWeF4XkY7Q5K31i5hZh4XMuSt1mCrvaeE8U5LUnq,2435
zDrZ9Dy3HxXrFAUTVXbvXTHy4bQ9U44jQzwWBNQszhM,2433
26KQbb3dRLZWwGjV1iNPBXm6Ak82GCbYC54e8A4sFeXB,2433
76C4qPvGRJbfZDgaEwc3U7Te5tSJwBN4TNKWpHvPYjja,2594
CjsWbygnvJ2wWkXxbX7HoxNK5MwwwxfwQM1akXiZYVH,2437
ALmKMsnAperRtw5EiAoX7cuX1WDauXFwSbA4gDL1p5ZX,2437
9BNCuuxeEXPxiVyt7CM9GD18sy3RgvwjheGDcbb6uxCX,2437
GAwJfzPWM6Kag66T2WLydPKmQbTgVK2Yv51eYXVW626P,2440
7dpHvQSo2UA7LNNGL7SV3vhPBaWMKGax8FmrbzfTYTRL,2442
J27BP9Vv5cQX2sBvXF9BPJNm47MNyohjd2s8SVo1BuvP,2438
FJBkBL1PyqZPDDi856EFDdAE2hoExGzQqr5wE5F8FHV,2437
GpFKbHeuQtUox5CjckZJY9StYYATDaZw5Gm3ggyvAW1C,2461
EmcXqPk8tXvsaKqf3oqprdtzQXiyUQnGugV6UaSVSixm,2463
26DxMDgrY6oTywyrojccPSNzAbfYRhXJkTrbD5A7pDzL,2463
7soTVjj3Mn5UuMfXk9ZihvUt3QTLUaTEgd3Z5vXt7YTh,2464
ET2L9Zexfxzhi7hAUJqr5KNwhNTsGN4ndeeH8n4WAX5V,2466
DMcLeWS86B93BZvsammRKrToWT6i1NtFgaaKokYNbZFv,2467
j9C5BgfBCFVnF7dUvkcYKRAEB66evwyQCpkV6ozAZzU,2467
AJKzvKt9hpg8W5kMg5wzofvMPG2bfvrJPPwP3nzxZA5E,2468
Epo35CB9u6R8ctskkw8avxj8a4YFcxC9wgdKunM3sSWE,2470
BxxAEZxgakD1ZEcrNuf5xu49G9iWp7FKVtN2Y5BwKapf,2472
FyPvtVyWP5oZtL7ydasTkFUanC8YvH6YrN5Ut1o2QKLa,2474
BfJKMnCXJsE8CnoZVVB8xr9kRLxXBQritN3EbFwmmFv4,2473
9B57MSrfMhGwciuKo7NM7euvnggXRJ6FhyFyCuhoY8rg,2472
49vU6VEGpc6eZVCe874fsHuVLM6Dd72rkttYphzfrPxX,2474
Bo55j3RmyYbBZ6kR8fMsz9jAsgU24UcGg8ei4dBWfpUm,2475
h2CosrWoHokYTd8HUKmmBdznHbLmZtB9Rj4KJsx54mx,2473
5NZxeYcXJop8KrXjiyR2cPYC3WFFoV7hiWX99rGAbsnU,2475
GSq6CkxFBL5fFEfdaCc8BRhiyGy2fokA8sexyu2aHGnq,2475
J15eNnWKdNfVJH6UHWLdzAmz9GhgTcfA9w495fMG72Xb,2467
4BiaRP5KbY8kP81xC7pZ8xwkjRiEUkZZQ6moyAeXMuRX,2431
CdhDWfg6Q5Q5EUTSDFgr3FQwKks2xJ96QDmcmGzE6EQo,2477
CbH8FXifAwy7a7hK8S4xRB6LVM34XyNy5n8Gt2R8Nptn,2432
GpKFzEca1diwapHhxY5nTq5VKQCDigBgSkpY8DDk2P9T,2432
H7GGt6ySF79nDTmAvoVpgv2ZFFaGfae6wMZ8sPwXqhzY,2476
FJuUBUEGVsc457s2ZJzWVityrz7XWoFmNRpLL4pZzJR3,2432
4oWKBgkxVYeYA9zs5FLqfH4TPh2LSP5PYd1uXbfSXcMM,2502
GpLGfUvDtwk6aCv4hVYHnRQFLgrD7jhtC4mFg7E7bjC5,2502
55x68nbxHUEaHUj5QM5j7xReMbM9Yv9Eex3D9pkvNTt,2495
AZCo8GPpu4exwKT1J8Ew7JnW2X4iHR1J3ychQvKCjXbZ,2503
HJ9QSErmDwbN7EgHADbw1Ao7Zj2fBwJJ3uz6TUWMeeHz,2497
HDLJmzYsMa8VPjmeKrVwNPJc5g8WZM6h8pmHjM5wqzQr,2507
BzG1WFWUTAibeuVtCJireab3idVJvdfueuCbJUnqGext,2506
AYAG35sR9PLB2yPipoNEpuwVnZ8Mu4vaaLGcsGxjWvs2,2423
DXzdx7X5UVnvwfq37FE8n1NTTnwKwfnUgWcV5CaneDne,2506
3ybjXAV5sPz56uNuUzfFgPgpnsf5bziRLP6czH4FhdVb,2497
3pYqCR8NW1iHxd5S3vcupTP8ZhARP7P9HDcJifRi5KGr,2507
9shrD7LETnkXTMVeziQoz8DERh2Dh843niXFBHyxourY,2506
DmfJGFsetjkk1RtiCeFhcPnQQ2vxce3RZjsLDRgDbtQc,2507
5RcmwWeixDq4762MQbcrAKQiM7eujVD26wqVZCpjLrrg,2507
A58WjR8gfYJrPmjS7YP3L6QnX7pgsSYCtD9MdegneKXk,2507
BCKjiUaci1uBSgjDCufFGx5FFwXwyfB2qxdP46Mw5Ybp,2507
6eRbGt7GoTvBRG3qew5acHxWAqmbw8K6acwNPLVUyANt,2358
36QNjvtRDnUSvFYS1YzDNsPtrhpbxDTf43C6PShqhxht,2365
37daM8Mre9DEJ51FtjHMeF4jZwMXM8sEd4nRJF53YwnJ,2365
3jrKByYbhGd359aSbEnMB6R2ixzsTaLiTRDHMMaEKCo1,2363
81pJeEFCNGgnmURDCLyFHWjSVTiZ2hDwd9LuC6XPGaBN,2366
9A4wHkGf6QUXPNa8rEXTtLh5br2NtEu73c2m4DmAm8t9,2366
CnU2KCennTs87kBg7XnMp1or8nAGmrnUVZJcKbKoLr9z,2369
ByvtkRVEfUQ8Lv7L5WPvfVZ4YYMUF7Gy3FjHoRzcoK4V,2369
7RymBkDhhEagfM3URieppr6p6PaXcvXsqa7JsrWbjaHb,2361
8gT2chReuj3KjmHysXCYZ1yaWZ6aYbJMorh49VCq3KXV,2368
2W5gD8FMobnaDGZgg1oPdvsQmeAs9uvRPwTt8ywNkPFC,2369
AGYR6iTjkL2XkRTfMKgz55tiPDBaWdmt81uaEq73j9v4,2366
7258wg927TLVj4SY5gE4WfgougnRthZCVfXk1ohDGNuL,2371
416qAc7VjvPVJudhMaMzngQ8WcznJXj5DcYhcTNBrk6w,2367
2bH3hcfNLcgWt4ETwT4pDd2wD2LEvfHnGat5N1TsfZAy,2371
E7cJnDDi1zUvqPc8Ptuoat8BR9ycdYRqShUbYeaFBDQk,2356
GXAsoDJrRNqNjaHE5PL5azFAdLmpMHakz7BDLUWV18Jo,2358
63fAYcJ1Ckvze68hP4onKWc1R3kA699xAAD6dxSqkkPn,2358
BVRY8TMhcQf43MiZh1ZFUmJh1SrApj41DgKbvEo24fYH,2358
9NMKoi4DPHyS73dJtAfyruYMgU4eFQ6v1ZvGmbo3LnaZ,2359
EL69cDYFnAJtBZvAGL8pt23mWxMDFouv3SNqaPvrhaZM,2358
EXNiiNX4V3Fsa7uxwVArabfAHzg7n7xoEdwJ3WF7V1t8,2360
GPxZcDSd7V8kSKC4ZboezoDYjDNoDhNnRVovSPpELu9C,2360
GiLTkmySABzAH5mBhSb8yYGdpBFDs9V65Mo4KcsakF1R,2424
FMsWcX5nQqQe9cMPxbtdzg8fapjvNNsk2qgKGKfWRhjJ,2425
7CFkGYx49FyKS4UvQfnhXEGe45xjYNUYRDomogA77DcM,2430
99jsyjzEyayQcUWoJ1SeT1roLrjXB5EVQUJ7U8sGmpM,2430
Hwv7DN21FFdbhDBGn4a6VupgQjv313QWaa1SFpQKUe34,2430
m6MZSTptJHib9vx6gtuATSKHNxufrXiX615cwSUQXZz,2430
39jJfEDGmH5vLFuuT3cixgqvBEmCsq3FabkUGdNev5ng,2430
7AmW57qKao5Uqa1iMmUHwZvbNaX97ZkJACWtCi52jhAW,2429
Gmn1ZEjd2NpBniEqUCAdQbvbceBawoe2WNmoDChTkxEW,2429
5mcvwPmcqNzFgie4kSBnY7bLFdDRBuMLfdCfw2yGMkpJ,2428
GCShf2EjRhdbw1tjk6VpqKaSot4rEgCXZM1o2kWJByXx,2431
D43bAE6hMU95EfckZ82xEafKh3RQAPtW9LKyz27sEcJt,2430
2oRFnA4p3TMqmuvgLYmCem8pe3wkCs43TR3b1mtEGEJr,2430
WJtNZEe8V6HfAhZsFgh4AkvqRQoSwVafjMHx8A3FCNE,2429
B9HfV1AYpEJ5tMLrfZxs8NrdRow6ND9kMAvWyqwP85oQ,2432
Byt4g7cHvNHmoGKRXsiXm5FNtfiCMSScuwWXgPcxVwvn,2430
5Hm1HETT4Lrue4LKHRU7tHyrDoJXBLy8wfvxgCQSRSKL,2430
FaH3KTttKETMLtQ9k6zSHbdKgHqi9i4iWbefX9oFfe8Q,2430
Hx2PL7JzPU4a5VUMCRLffBwtY8BTBaRW8YUFaQdgTKWH,2431
A5t8uEZeR5EdLuuf8VvevkYgkDmAhFRsSwy6pgV79iKD,2431
8g6YueuEq4jbkJeB5BcZCEfikfSCajsehzivpoh9dqEx,2430
EGFJzrgKJYw7mf1GEGW9hgy5HiN5dpxpPY9FuY5TEkCN,2432
AxitkHHq7GGLW12Ki2jVDb1kcCyNqByZ9eNqQra7tLQA,2431
995qBwtZdqXDHK1uavJgmE1rGgeA2SFzc4ZXHYuD8Qsi,2430
4p414w3K4fBpG94Jbkbqip2riwjQvENZfMvhJFvRxYst,2431
4MYS8SFcQhwRLuQBrMGgdFreshofG84bbPtZg77K11Sf,2432
F4QZVE8kD3KdUNzWs2Zo9dwaWfgfxfdtdsCJh4Cm7GRv,2431
tge6bR5ZYPxRAgJFeVvHDJBqyyS7xYFCabTxw2SR8Eq,2464
5Z6e3g49U33qo721Mu7H6JVghH5svjTNRdFESqmNtYAr,2382
Do5Uzf3JvEQQ7TCevR2jTMqhQaoyR9DY8Nq5wDYzhyfj,2378
7MzvVjeZsY7xNk91tWXPEUbhuTnG2nEPSyJAB46zRjU9,2468
EFQLQVuYyQnTJCWZjmgnhMrrFu3MPjmGenbHhUKCocho,2469
CizjfwV1pqb8J5B9bZmTvxDCtpo9saf7pYJ6tPKDDqX5,2469
HMC64NMjn3zhKeRzGw1rciaakd98RLHriqB71GLnFxKr,2383
4CM3Y8gBgJziqjMhCvDLuh6fK3RtV5xNUQJkvf9Xvk2Q,2387
Yi2qXPMFfW4RvkBXR4UAVaMJCKyQFwLJfwQSKKwhPKS,2387
896VwK37nLBvHSsZdbjUFPzER8ezft8gNjUSXtnnxt6R,2380
E9DwxVrVtynAZtrKUdzN3cNKdsrtD7iGekbWQRVUE4NK,2382
EBXy14bo1HLpFfVarU3iPiBihQEy4n51gUGAG81xF5SW,2382
59FaMVtiMiFHPoRiKjqJtxnnYu6vvv6skzLPiysC2Bs,2380
D5FVDfYuVaGN99mX3xNpFPpB9kyAxpuGAW1TZmBkwTf4,2388
8QENgjg7Q9QNaJdvBu8NZ1NQUtpbtdVRP8hMDutZNQN8,2471
DuNWMWGiJTiwSKUhDgM53QAfCnjynMyahz7gfB2R514Q,2471
BATpUDp6AnGkZundxBC3iERWu1GmKRRue8zUY543P7FK,2388
9FE24SgAac9Y9imkhsHdr32qZzKwu1bDt6qJFq5u4ibD,2471
43LbTRK3QBMRxMEcjU7YaMXJiZJ2nNTkX44h3Cj5k4fv,2385
N1K9WCLYmeCKaMh1DXcmmzBThoUBhFJcpka57M2usWB,2406
CDGPsvFMgLfRcjzzbnnWAHwxnTTgBZUwMCn67aUBXPpr,2405
Hy2XbHCCFQuniCcNPxZEotHkPj244KvjvErbamGcoakY,2407
CtUQsQPSsqWRnPTpgSktMNGwghQyjjErVrqfeht4PJjp,2354
A3wdZwsjgWEYvps5gim9NkK6CAxooHE5kqmKvuiN8Bzr,2352
eLx2fZScsNBT2uSGHR9B3gJkuforZo9kDjZp9zUyvjB,2353
3SsmcjvwkfcGkZfC3h9veqNupynLBosjBnk9AxwQ891o,2356
8WmmBvBauzJWirQqWzM2R4ctTsQpuANErnUhBACS6Huz,2357
FbWD6b6J2FihpHx7fXpeythpXVhVQY51v8w9G7exBSGH,2357
9CGgojzs1NxYMVssWvaz7WfaMZ8BHXEfQ6gY6ASjr74r,2366
8cphag6oVVr47vR23oBhhC3Uru8yXLUwWUjCDZ645ZHr,2368
7iswoRWL57gyuRBmxFyXEXTi1fNmcnFVh4Aq4WVDu7ao,2367
8iSzqdLhmXjXoV6j9ECd8ceuathf7mfz9iusyPYU9xsS,2357
5NMiGUcMSKoCHQqdwS3J2kGbZFggGbohcgcvWctKPSUd,2361
7M5YkamiL8kLE766NtvuhpaUeFhQyE2gSpufLpzT2usL,2362
FAVsRrfQpzCe9JQN4eu9deXsy9KynduJbyeJsKMxkygi,2366
4aaDKRxQgoNuWNFz2DpUKj4QV9VoXnWyutyJUwQEnB2z,2372
BWZu2trBCKSxsgQfySAz98sqECbYPYjj9QNuvzQbAV7V,2364
3HfuoimDjGVBYVpcAvDgXjyEfgcuhm76ZBfKgiNCg7LA,2364
6FfwrebZqe5fnM475FWQnYtkJGxU7sx8Cp3NqviD7T8h,2368
9ckiwfT89X4d1LYJRiVQgM2n2Rg3Crff3xsrYiu8Poj2,2368
3zhjG7hvTq7C2wzGfTXUDRZy8jNB9F5DybTwvLBPTF8N,2365
vnMomiyZzgC3EzJkjuSuut6a17ZYk5ZscJoq3NxqwTP,2370
FAHqMAvBbnMhmyZzpjmC5YTDpLeQoT7mZ1gZcbRThQEj,2369
FrBLZ5UQ7wpr52oYx5ZYAfVnvABRe497ssMn3iqFY5Ne,2399
F9qH6CRg2orFSyJvYNTff2zo7XdKn7pDDFgqWhXfpziX,2400
D1C1dMv5Mu9d5GyeZcXubmwKKJCY7LmoQPY2y5rQmPpW,2401
31NcYvGprFo6d2g8XwEn1CrL6jtwicKnSTz8Bnj87nZ3,2405
8XAUjNWFycUnXiy5G37B9yd7wprfet2jDbrPJgeK6gAv,2404
BBSzq1H6i5XQVnuNb93myBGrcjhirDsZtuXkycgZQB35,2395
4wDCFaedBK53ctc73MLrEN47s1xc7Axd13a3sTggHDPM,2396
2S1oM5ydw6JDuLt9QManpS6dJph1mv6XcwzT9HyrGZ1R,2396
F8A99M15A4sZA7ZRR8izWD79bf2D8PcRs2ygZ3MJg4kZ,2401
3LnoT8zGuMAQMHcwJVEA1JNvJQxj73KcS6p4pqkJcQAU,2403
J6PHPSRj4PQxdVMJnXQ9VkuS6USdNDTyQ4rKkFzQuEMr,2403
ANmp7bNmSzGysbCA8HwMRj3XRcFd3csidDGus1iiNjnN,2376
E9RCXjadgV7DQtCMauYaYTV2BaYgGgzwb88tKtAiY8NH,2375
FvaCHdv4qcNcLVE7E3FiHvD3icuzfMbxefJX7d2gkta,2365
GKS2pWNwQP7cendhTF4c8i8eLUzPnWj5cjJkXdbzu6Z2,2365
6UQzkv8okPfkJnzRSGWYjiAgwm9K98RbLRzwwBX8tfVL,2376
FzpFz94EiLTRutMWa7axzzpNuW4jWVv4B4Fv7YDXPRrC,2378
7X6wFYDZ311eu9ySK5Ani4oDpUg3qeUC6UEQ3CoBKLaz,2426
E7pTvQkwJTh72r6bXs5TfNkKPRR7Mr8kEY66q4SFmp1t,2427
EnDX5654k2zarQ6GqbBq6hQ1aeHUAyvuBWShkeoEybqR,2426
BVoAgac3Q5A3fuN8KeeNbivvLkvS787aszewi3HRvFfc,2426
A1hdgMA8GJ4ahnTgjHNL2VjH3nyDB5WJ265KsN5LEApG,2419
2oNCv5ZhF6rCn8QLJa1MhpmHPJvAWqTueVK9JDRjPVoQ,2432
FVDm3A6a9XWLzgFgDSohY5HeCkkWkSECPteDD6Wpf9SC,2372
582ojeGKYiEEa35hfWroLVLiLX1HSCaW8zbmXrvL1A2u,2373
34ZSPJwTzqE9B6E84cuAayLPh8iFVBLxgGqXTYwoJKyU,2361
6NLyhHostF7tuFE25nEk6CuPmVv5J7s7YeSn4Lu64wDF,2377
7wFVqzRSsc3fCZGY1wKtnME8Wq6semcHSkL8tFQjp5Sa,2375
DeyP1CfKZr2vtzm1QZhUYfzUYbMSDZGYf6PvbG2KUWHz,2384
Ain25jpJd8zaxPQeujycb4K6XgYnzQirSXuVxq73KDsm,2375
BfSxBj8VuQsccGj7EiCxdYY7pw4kFZMjJL9yJ9bpW2kN,2388
4r4sDiDK8LhPCE9rkdYq6LAXRFK1ftN6oxBh9BFqk3Tp,2381
2ZvH8JfJkQQAEGFBhWa98r4FRuaA8yZEWGbAdWDrXVVW,2387
DWUud3BYv53N1783R9BoeJhv1CYZRUkk63E7wa9kFLJ,2384
FFuXKptodzZ3Njy47ZKAd2VhY6cw3M5ZyiHtpRdyJJnz,2388
DeRR2ocySu8FeWbzEyszo44Rc3FBnvziH8wCS9Y7tPqu,2387
3LzN9VeeGUM2oRKsUrbhpG1ZFjmYjywmJtaLfs5CsaLh,2387
HovHiAz2FXt4uYk5ZtQyhb3VMGCnqKDHPrPNu8ivyNSD,2389
2R3z9GLJCXU6BQF63oFGuTD1grB8ehUaQt7mvd4bzpDT,2392
HvaHyQCQ7SJg1aTWrZmupeqwLjfFSWpuwD2abx8qqPNQ,2393
EwgbTUAa7ZszqbSD637GKK2i6Egh5CzHn8SoRiXs3iqi,2393
CeNPLhNPydQ2mJsHERHYedTqyk7RiQvYbYfcvBFp9DM6,2386
YfLweD93VNVdByDFAP4ZAUEqsRRjSSNwCpoFj7R3KYg,2379
B976kQ1FFYJCLxw1qUw7VpnWQwzKYLLipFRcxYbRmr4D,2396
9sC7ACQRgwXEC4kFzNADzYrTdVV8TyYX4Vp2ab6ZfKNd,2394
3wnFo3GsFFT4cEvoQKtS1Trg8GTGKWcQHtyAd55Ad8Co,2396
EJ9TvNe2juvxUbzUpjrGyxWEvcUnFXnndiEYNYUuRjmJ,2380
5B3swdoAnpKJ6gn4LXnvHX7m55MEeh9inxGBbw5XAFMF,2391
7TVrKyqc3q1rjCjrdGBr7wHKkxjTh2KvLGPNhioUyeLU,2399
3k5Jp6RAuSYcNegpvk9SANvFZTUbn9a75uFEyhSzTqP7,2397
67b8Enco3pc1T3HdqbgLd5rhmBV4fgSinGKnSj2X4gnJ,2386
5S6y7UJxSxwQvKx7wRANx4EqPunsiEp3ABeX4tjdntDz,2382
2YGvtZAGHNxkQzGYwxsrRyrjXBe9j9yqR3gEQ9vCKLdv,2386
E9oJjTiUkNkAjqaG4ZwbNLCwEDT66HDgXAjpZCa3GdcL,2402
2powbn9BbXKmkAv79PKNRNDPtGxjSNkVLpSBECvxDG9q,2386
4RGDaDgp8vC1NLGs2tARGN92rVYKCvFxgKhMjtaebuhG,2390
CqVnGzfgMzvWZSgHKh35YFgvsckARNU8fVXAHsYfsRE7,2387
6uCynv5RyEsB5o3ABUcvD8pQAUPYZ4fZj2XXBad2MEZn,2370
6jG8s4jVjeo44Xg7LVQfv37sdWzBosnYurAjiKYNpfy,2408
A9iUwQdb1kS43nNBVJgytZABts7BMPmeguzvB84FK6LV,2370
DYXoDByuAjWeWvPxhKx9EtUguiDwBRHhjxyaftRHAimu,2373
EYvbWfFwLDHt25RH9exwHP13WztfUAqeo4EYetdZpPdy,2374
6LQqxaDsQSNViZ6xQW5SEaKfueD7eWNG5TK8bMaKsp5i,2349
21c2izqHEEqFkXQkw2PwXwDzTML3qwt4M73WUZqzdaPs,2360
9vwJfDeEd3XVP1EfwvEwYvUAq4iBDbbbpxqceFw9sgM3,2406
D7VTt5EHZDCYnQibnLrLHAEx2VLTrS8TX1Moshg7nam5,2407
5DyQEkGgqQCVvXUeJmbYn68x9kvCvENLAJSsPVcghRbx,2411
FeJWJB7s3Ah94ik73vEuYwNYy453Ck9pKmfXxnznUVGh,2406
FBQia4TnMHuW9Ws1bnRFk4FFk1hHafZC7ptTBgxwqrg9,2411
HAdEmRdEFFLyeHomzNL8n1e8wsTWEfDtmJ9cNteNMfvH,2374
3WomvhwgHCPpjBMyqppoLo6aeqG19RvLrj9iAiEZZenX,2365
3151nyQ11SRN8wrVsLp7J57DMWJic5E7LfGUh8UjDbc9,2375
23iVEuB9maiuRCU1PKrfpQ5bPQhVE21QdGtsa8JGSwHQ,2375
4CuBqfdVU8391GuoKKNL8tvmsTVyviptSZZ2DQ7ZVyYb,2375
6natoiypGHHGQYxX8i7xTfYJ5rCLyrAYwBJrZfo5JyUz,2375
EtLJ4yv57HexcLck48yXhgkbZnouWhhLUxbQtuFZCTbf,2375
EkoCaWqmjYBKKzPkLjqp4QKXDWN84Yb9Fnof3SqMV7RM,2367
TzBot8qXVcvE25tjdVHhbwdD64xterABKrnrG3crUmY,2368
EcxuL93VRqjeFXDeTgpyJnrtTTHbWksppihGkk4qVLFn,2378
8Scv5mnTphBzD7eFWRfXKuym62k1ccbpKgStmj1nAHC,2383
2vaqTfUSKk5UY4KVFrDcqjMpkVb55tDt8RpRTrmRAJLK,2368
9qpytycPsBwPjNasDL6RN7CiccMt3iQdhwhx7cJMwHRD,2378
9Fd2CujT5m8PstEayBSvfFRacQ4RpjCWFZwaHP5rzQnp,2377
inwUqJpEpZZvuEodguGP1DZjibhwWybNBfafUEebebo,2371
7DPtgedSVrTvWB3oE5NcDCDV7RUwjETDxpawiwjMMtsv,2371
6U9HeaVp4ikXnkSPUb2rK3Jk56LA356yoiZuZwYkwuUK,2372
HKtjRG5ApeAPbXvb1XQgr5zDJGTdbJnvPmbzNyukVSX8,2369
CUAVSme7mRtEGCkwDDCThuC2yZobzGVa2ie34qZYsWm5,2378
F1cNLxmKKA932zsTWTQ9aA4i9M3AbDXP41aYgUpb8bGo,2378
4Wq9xYC3DLtW5Q3yGP4Jf3XoawjR6jDw4uj7oEJzKjAw,2369
FG4UM3Cuq4AKUC1GFwi8rjKX6QB9UtNH59SidSCzga1p,2378
2kA1fC4DqxMyzHeEknFV61kpsKj62witdhHEDzprQM4R,2378
FraWxGQC2NQECZn5vmNQPfcesKRQDPHKpowTDKwHJfWr,2368
2SVj9JShKxpsNm9TLJH8VHZpTtSmmy3uhGr6fXA81apJ,2378
HQewbVraKkEfAEDmrhwQ7ivwuCjoWceRDi23Wbe8MZ4T,2369
FMGZ9yHNm5SP83cbreTU9xLqTYXdpowkuhrXmWWas9fJ,2374
WLaWwcx38kfv2RUjApe6nUyfGo72TDCyS4Up7NvAact,2381
DS75XJb1MvDRKpzZ7cL7YaigAqwFBs4nc857X5PwiH5a,2370
p9i2rXytuiDzjHPZeqYdxFNXf3MDUrrKbAAfpLGc9uM,2370
5RdyNiBWWZFUzVrm58DpDd598ffD1qyiGG7JcG6LhisK,2385
GwcavkFCm5KGYT8VE2wF1v3tgfQVeWhSAjSdJ5XBvngi,2389
2y3qvgHUsEhtRRTF5yLxaqDThtoPtDgotVvkb1JNgsgG,2389
FEXUe33DaXpXpMMdYZDVKq77ZNL7WtR6gBiseFsCzPTJ,2375
9V8w2Xi7Bc5ZJvrtdXj2NdsijifucdnZJa7xa9AobRAK,2383
C66do9VbSfe6t6GwgpRVsdejmPPqeb6TTQT2PDQgxd5N,2389
FcBai9zZy7QtcM6eNCpEuTspVV5se2hpyu1qX5YrMkNm,2381
iGnfaSVXkbWN9banw3xj2DPPEaTVJeAtMJYF5XcCY5N,2380
DCTsbrjjL3XcS58qsQPqbTGh79wzwfCuMRzGWADqwFZQ,2390
5c4Z1sh8iqhZxtbdfTLsQD8XzzBwrxmr5Pgi2LvEvBBQ,2380
ajc2qPRhr3p4rQDMmfnkmT2HjZXp6NRHa1mDEjNDgUu,2390
24ViEWEc3uYV6qHestt8TvQBVMFzXLkYCFbms5jVJ8bu,2381
2j8AcxKEQ2xwWwsapRK17MxfVQHi1MYyLZvGDioTLn3W,2375
EndbBZy2F4bcDeDF9XyPaD7wzErJJFyETXNgu36qHZhM,2390
9k29GA9G2SsHMwtHZVHfz15PDfaQuRw7smfJKub1wcKs,2372
6ACuHszEaoyCGzbVVs6zkse9B5AuFBLenqdLPF1XRNP3,2387
Fakp35tR6JMiU7rpiHw29CR6drPMhQcCKXmamZY6uWmK,2376
J7CoX3wGGt9zPDsPT3PFZ3Pf458Gf2DMiZ2sLV7NVVBL,2381
7K2tHUZ1susMej19ohC7nep9nsMp9xYqWNHgwYsAiWFN,2380
EyqQn1nyKAkn4Y54xKLmjm2LwFFiGCXTyadnkzQ98xqW,2376
Enqag4sWJUk9pmg6TF8siUox9v4j32qJQi7weHiCshZG,2380
FtWvTM8kMfb5PemuSnsHFQckAtKPtw1qwGrSx3x82MA5,2390
4zs5N6FT6EGLxXEBozXJWjfAjf9Ub26qGMA3yadgbTbD,2376
2yacX1R74FhZL9H3F9j866ovDhamVrFTpedx1U4M87no,2382
D8NWpr81fjnLrvkve4yKkzCjU6pjLnd2wgS1e5gbLHd2,2392
GPTZXy83gQAPLrHLiNVx73ZB7NWXj6jE9QWF1PA49M3P,2375
DUqLr1wbpZAiHVBRvzvmCrFwvRjjNA6PRJRBvvjCvdqu,2374
E3CNGHxtbNe2kR11AmtR5oYvA88kuakpS6n4qFyqsv9z,2378
2ibb6AqVHBcrP5FSXMh7qqM4JRs9aK3CD8eVTNB3E6dR,2382
8hakpYgakMHjH7iYhHMEHrp5oyKdN4YJgjQYD4V2W5Cs,2383
G8dMz8WyFujKwAwEprXaRxrhH6XaRwjosjvLz4auu2cy,2375
DF7yH3bLnhY8QW2fEgSpvRerEDYPUjTUtxumLsxzgZam,2376
DuBP6uVbATDe2qdbQmDf69g2XAv7hhh5C8XhHisTczws,2376
DuYnFb4TS1ibdmMhD9gRiVN7afZ7jVRfTP6etyVSwtYm,2384
3ZomJWvUAD4QL94KbFvazqKjrNCt1oWoSzjfnNJQaUkk,2376
Gn9dJjHQyjUjSzi8gv3AUFkdRUmzS8a796Xm2LjEm3bf,2374
DZbgNBWhrvhi3p549nkJeVHBjxzV5geGK753RXL4gzBa,2379
gXYSVBhqVSksQFjKnnbz9iTMNV2KBZS6oV2sm2kbcUe,2379
44dTmCs23q9ibeGf8yTtWQGXAuN8MeyZcCkNUKC5HV5K,2378
68zvcepHRM6UGwnkcQDZaG33bdY3ydWPYftxjWcUrukg,2379
DQrBS7nUEjiXJbcnrijZJTm9X9XjodXFDaq6mircPN9V,2376
6Ab4vyPbubcnHyhmm6EANe5CRt9t1JXrGv9ijVv58Mto,2382
CmFuw4Pad6cke45oYgKQnkeBJ4fA3tCrfqvUubXkcSGm,2382
CoeH1u5JmkdXRdhYUHjUAYgkZeB5CsVjoyn2pKvPYsmH,2385
JBGqZVxaYDkDEATJS2hU8bhARLgjLrdYfLJggK2KAnen,2384
2j1YCNXze6rcsCiYnXUNwuP9ZUcimgWBWKpNCgMpn9qc,2391
14tNj5gWmTGrVRB7LAsiCVN9g5HEvUR3EJuDtrxB4Cno,2391
F294Y3TuGVR7rfNvi4Zw3WbYfQ9Nj1sEo6C2uKkvSHD9,2397
CP1hVd7AudgxqQ8WB5888uMbESiw56xUsitoRGsdW3Zx,2392
Gg5WaAR7JhJvppoRfF9aR7TBctp8ADFyPHQMYeqjjwvW,2389
GtrPtbwFhPycVEjh9UJHLDJVPEFsonP58wJKDK2FTDi7,2389
BgJCWB8N8mpiApUjhQ7cjYmCqKUVNWxAa5K9vZYeJTEa,2386
H2hP2Fd6WsiwoG2qyBk5aew2jfV6nX2a71qq3vwxMSon,2386
GCnJjUKqQpigijk4SxmXEMSNoofRRZQ9VimTnid3Bmar,2386
Ah7uKicRJ6ey24bnY48UkhtmEP5caAqiZkFcCaD5RXqz,2394
De9Sn32zixT2oTGqYe7HzHZetD1FMyKpoxdYDKxzSged,2386
Fh8LJ8Bep7SWxcUGxZugz3MF5P7EwQCgLxhGHQQLtkvc,2380
6EsCEsGjJNPHn5BjyQHJwDH5SMZG5eAGT7kLJ7fso8sW,2387
31A4veLB1MqHSQdKyrH3AMkv2QppELBNsKxPRFdQbuNc,2388
DSqsp5nH7FprguKYbRTd73uUn8bD1c22HiRyhhbTBYrG,2386
Bc27z2ecux77hisyGREgKW25vKjZoD4Hfd5RzEFjqRLD,2384
3XpFZkvqa4cHFnAb3naqvKR1Npqyt2CKXcshUud86rq3,2380
5zcGXV8C5NNShx3GiiLEUipcHwsk4R28rqg7rY9W9AZf,2391
4h6eeP6bnTgC8myYATxUgHpMV1AvZFsQDX5aRqxgw3E5,2379
DJGN4XjyJwHezz8DuTAgwKpZGk5fjU2pJqtG3hui66hh,2388
DgavKAYW7rCw9NzYQTbcnhZ5sc1eWFihDCWmt7Jqvg23,2386
BRvoNDNYh7R64fu8DEt8d17unhmy7EG4ySsBMzei4v1a,2390
AfNQRPxLHWkaZpDDvVd3sWEg23tJC9bAmHWemBVGr9nN,2386
DPGPEFoYhsB4k8oefUfM4ebi6gu1mLpLx8wDD8m6F8aE,2390
HVDUf54eW8VqJPgcCuj3vAun7DqfJNSSNAhViECP9kZM,2373
7rQnDmP4Mvix5ctoiPKfgKpEyVoY74wtiL58oQcdNPF,2391
4mMHCDc9Ee3wP4sZQRJeDt8Xm6NNxtC6RT2nziJThWUx,2390
9ELo3ZoKzKKhDRbXorx8QrGNN5Fjdn3KT19D24SoNHxm,2394
2kVPjegUPVpqikUDRvVoHyWeHr7p33wuyFBJ3pDdNJm1,2379
2YteJUDLztFcKyaus4YgQbNK6B8r3QLFkCHh4nXARURW,2392
6QjmMmKyxyMRd79sMuyNXyRWJuk52tvd82EhpVV6qJxh,2383
BozLAtLcTnTrFjwk8PX1F9Ppt4PW7oxuK3Z2vUFJLwYW,2375
4S5giszzMYWvZrHowAQaof856KjJVpNDvVzdzCdqpzyg,2395
675iRVTtcxSeQGH6Kee7KRYLMXMtENuW1HeW9gn2FBXP,2379
FpDzhcNNtUZbGyhrhxaer1oiaCaW1WwshLB1W4gdoMQz,2395
J91t63vg7aaofQ7DFRLHoCEtVJ3NMMyWANb1AdgWWYdv,2389
DhacZs1UQ2Xxtvxagj33WBy3GnUvR4EpkTCkKhErznA1,2398
7EHyokC44XGMiV3YcHzmGZunDXpYpEacvS1acP3Vu5AS,2399
7QQ2zg7gnXyivYjBnnVg6GnfpTJ7eXjfg3tKwA7tBNpd,2403
73fomZskaHyCtiN3mag7QfgFJb5bSJTKkFuCLnTjHFFM,2398
DKr7kaTya3FMCbhhFyWeL9xDRkWgTzJwUR1EWL6uoSKX,2380
6Zv6NEJh7Mq43dYKgeKRhA2y3rfG7F1Rs7E85HjW2GoD,2391
71WFA76tb9HeX4vaLyb6DAiKsqNaurHqGxnhnkYNcwYz,2391
DJL2GRJZGZ6mCUn8iw3gkBJRyAkhgPMvc1qxabNtH11v,2387
6e8FZhyQnt56KcqnaYupGspD75r38ABVbj7DJokBjs6h,2391
CcEgEBQdXe5jmNB1zeNFsy4jqUuoG9ztu5Y9vGk1ZynV,2391
C3tZHshJiNjRQ3NKcvQo5VkvVXUCuE4NxktNzvvkb9yT,2391
FJtWVsRHCX2MAZTD5HJk3eQiCKZseiSnK2gUetXKwVPW,2390
Hk2hy1VZ1yXL8ruHvVRRTwJ6ZabahVUhnomG8cBKhx91,2387
GyURKZ3h94YHHQS6LrFWPkLyXrbcmDMnespfeXxDaehC,2391
Gu84AgHpeFhmfCePiKtjEYQAPncXRExdrM4Qco9SN7qy,2383
8jQXXcqEuEuSXH7TyiWkAMkdg8QY9RgQx3xYbsVyGvDU,2388
G547armmjpvbQiNcUDjknAmo2FajavCEdi4V8nR6oVq4,2392
Dd4qwrJu9HKAFKMDuS5c8CDfxbRCa198wG83txCzJDqB,2383
G6oZxmQdrGnnbQu37Wr5TQdV24NaKiAVPZp6nNdtwf49,2388
4R7h71nP7aH5MbNF3avwQsaEdCmfuLmDYiF3yugASDGf,2388
AxQuUxHrJCvEPbGP1wBSeJ9sHiq7AmmhEdhtPWcxPCEz,2392
CCcencaJ6MdnydMtqbvga9PBVtPAEfWwrmpYZLYB8urz,2392
EKHEQLFx7n4yck2V2zj2QwAAfXctUE31MvyP9KQdYpoA,2391
8ehToJq5kfZvcHSVSuKjTspjHsdCZ1qbkL5dwTKj7v3Y,2387
BvsK8XoRFUTvtysZnvHkw8h3ikq2BZnhoHs5rXzxn3NP,2391
BHaCg49NkYarJnw9FBJna5Tm8dMMpNGH5nx8p68XyzPp,2392
4it491TcMtevGGwQNZN78tfb7NZN6qF582sAggxATKYZ,2383
7YHLEQE5VLqsbSkTyFz7Lhi3kwf47ujZvxL9Qb5ZjVPs,2378
4FuNcrJXKVNEVrqhgckYkLuYeDZwZGnRzz8zv4JDvauv,2388
3tzNKkUb1t8RWHX2TpoCQ7pfLzizEN4UcCCkTwHuBZw8,2390
12KXyivHYVmez978nvaAWunmnRdAZczeV2ssmJAYkw7d,2391
CaCFEdb9gHNdNyKXiq4VM9k7buN97vjQg9ZNZoD2VhNr,2400
3kHuW3z7vySYRTmtZ3K57sCTbXWzrj9kGvLb5mSkKG62,2407
7nDLE2xhqFkSDkVkeiwD3S25JDkKQmARJRvo9DXuSfws,2410
8deEqr8dU2CvbRSq3uFoy4kKwhxthjmw31zmBPNDY37G,2410
BmRuXkJGqqKe5ewN9tyzV1DhANdP4kJNnKHF3PXaK1Xh,2582
7BQEYtFn7p3CJwWzyy2KDVUKfr3sLriXEmzoFN6Ys1Zm,2581
6vMZNrDFesdZ4rmjepW77JqCoRhNMvwmD7bTFNbrse1a,2584
4iagB2pyHNXqXQcqN4oshKSV98HegAuUK6VbjWzMGiEf,2582
J783MoQGywXnreVKdjX27X6CQtm6D9zHM61PgG97PpkL,2584
FKqi3BSF9CbApjhyAFyfzjyFuxew4iDfAi3ooFko67wC,2582
