tx_hash,latency(ms)
6adQ478kJqctx4po3vLJseKsrgawsv24n3zcVA6Hdqgh,460
6jj8zasXB3PX1KUDemLYTVzp6s866cbR16qQHd1MYJpz,463
x785TJmjEjz6528aPyuAVNRUqDr2cju7FpscwqGKaSj,467
4LkTLpRfTCxEw9xftSyHkLxndS5QkgHw1Ym4nRuksTD4,468
5uGDqka2xENzR6rfexdJiQSvjjHge6YVetwF5EaEiysm,474
EAzNkk5s1bMLbG8RDJNQCNMHkFamx93B1LGjMPYpNECp,474
DiyvcKUkpmxndJEQnS634bUiLaveZ1AFPYd6VwDtyKW9,487
5pEKKaTUvpcbVmdSh15yKydkXbqhoR8NUYSikQTyzs24,489
9hA7c17k1VrMvVEiGEja4cm5YLxxvsyVgwzWLgAaZqq5,489
9HEpFDWyJLHNkLYmZ9tR1sxE7rFNkLZbF9i7Q9NwSTua,490
4JaKEHdfsmqzVZHJgHJxZwaMR7Rj3pt5K63R4T5w3eui,490
7o7WDFHDCC23tkKCeQLtqV3nnph4KnSLPDkKVy6tY3Wx,490
JCMuQ2PYHqaRtTHiWNUXqsS1uQPHUu89ZoSsKQ6Sg4cC,491
7NHmy8ykM3E56k3J1PrMi89399eaxWrRxKDwp8dEFqZs,493
5f3TR6HDRRDUHf1Drf3yG4pWEv42YkLz14bWEkNhWTig,494
6mrjaJZdySVTsUX86624aYHeQJaJo8CfRzy9bwdfNf1M,497
9BfbXwK4xpd9UqEuB3DjzhmyiMxwkEn52N3W1CoGsyjP,497
6eSNwRRtCeiWPQ76tp7KoYZDc5NP84wq428GXXouri9v,527
kNugfHTzLUC6y8nS7hu5ZehKVDQUS617i1rRkWB7ofT,528
28F7BhU7CaRVAoK9Hukkdbn3e2ToFZnwn4tMpKJFMUbT,528
52hXJsHzuweE3C1GieS8fP3Ftxgqo3hRkcvioSooLdj7,528
8ttuxt853sugebFbhK55LWER3dQuJHfphdUcXL7QpDTU,529
DSzwRZXX45AiS1a6JzfeeVASXeHV5cudA95SJUi7DVsh,530
AnraGmF3fqvy4aDe6nrSoxHG7U69Gz64bi8geRr3z5oj,529
DZxKRK4e6WuTPRPPd5NurUzKc1FxUjcefthK7nL2BJPg,530
J12KePqmYithe4iNGAfXzmFTAiKkPbAWdvpQpf9HBMev,530
BgzmeBQAhnUHSieBvx4556gU22mxoapeFEdjndFfMbNn,530
sTSbL1HCxMVW4HcxC8DMPavCnxHLELdchnZTug62tCe,530
AFyKa6hvue3VmEEAcXKiEvfWHMe2BMpLKmoBjEDm9hLo,530
4nY5sbS7d382Ay37dKdXxaU14Do7EqSeuWJdqZGCrCqE,536
4WgSXhwQqhMpWBAw4AJ4vVuqhDvE2GNdSFZLqLkV5UkP,536
GgdFEBaDvjEHaY1oJTvhJfAbNPyxBfhGjDfATKvJdBbp,538
CKJKd6P5rEShciSt2gfd6kWjSp6nkpzqjb8rWVxMu4HU,538
Dnrsu82YMdDtB4QXVE7PwpT6wqBK54SSoT2UXMLGB7nD,539
9PE2xYp9kFUkZRfGxZpVxmEnWoDSwYjbpeWLbWB6zpjW,539
BNxaSThDDB4dqjg72uKF4TG4xoX8AU5vTLB3JdyLiLYc,540
GSjxhhtYxaCyqcnUbfTNL1zZVVX3SEdFvwf1iPSzNhKQ,543
FaqPfH6TXXwX9aYT3nWWa4te3XfkoU35kXQ7ZMw1yEh1,543
HtPBKbDuAD88RczuciMgBsGS8PNaThwBrnj8zovUrgah,539
GThzKmFrwhTas77gR2LDa1L4qjaTZg9TreUJhjqhRWyh,533
6zwQ9rBvBF7MdrmkGzfNuEuGgmGBzqLizxbhdCwb9SzV,557
2Kid6kChQRgzmVmrw3rYphB4qYtQutepguZjHTrdAR9k,557
BoAgcgsp1z1Uk3f6CDNaM3KF79aCYJxRJZgysKTpfe9X,557
8B47rBP8b5DmpeYPXa8GxrjcWD9TQZTG5aqGMUTm9g31,558
8DffuiNPauKoFr1M3DXb6QuVuuRXzh4wkWG9vNAPAzCK,544
5Cd7Ach5h9uWpc7w52SRbRbhiTPkYXJ3hi2EpwRVeRN8,559
CN3bxvwssvYpByFxfvk7TLygsE2dQrpaAudgPe5Ehd7S,559
38iJc7HnDZsapB4kYyMHgMT9oDugdCWPfareEx48DuMb,559
3Atda3ozSbZcifxGwcYt9ikQ9XmoQ7378LB8tWTjgccd,560
CziXRohxKLEj6uDU88rzpiCx32G7FQcbYqLbCQhRf7KT,555
9CAnFtbxn8Z86SGYudvEsdE7Ujew7TmTtBU3GWMv55zE,564
8PGwoyraWUGBrznjjUDEdkSUwZS8MjMx8e1sqSRLdt2P,578
FjXX2ZYcPrkpdtDazRbJkdJNoyZiFxWSF6wi4KHGetuw,586
GSrEtr9TjfHACieVjcZhMwoHN7cVu1Yy3Hg3q8xxo2HW,588
22aCeSoojf3a2UBUB5KugYSQD4NidaXfRmvyrEFkNKtb,1190
9T5hMKPkZtsAiCAuMdnBeKZEooWwU2rnXt8LkuPktUuE,1299
8MuRQpDGCVn89cpcNaZ5ERqwBvyB19x7mBVAVKr7f6bb,1212
CGkcoDTXJS55dhmWEtYSfLRuNy64bXMDfpyaDW1jC4wT,1213
CDT9GFa5z9fpc379Ga4oy389Di3NNncMTyBiV5cDqp1K,1321
DbKVKrE2y2PkPWDcoQUVU6HQVmrR5ijKYpYDQtHtPgBN,1220
7Q4mzrNngy5H5we4yTMzXVaQ75Vsx2qydCoAYcusp2HV,1220
HuRAtAwe7hHXHQwkSx8TSuwhhRbeRL4gqd4VaLzazh8b,1227
6XMqQUzJTaciG9D2RhcpeiLQ14DDuZH2XUsjHEd11a6U,1230
BvAk4pfoERDQ4mqEWqNH47oDMLHDecEWtoQTqBvoihjC,1235
JDrw4L9j4TywooCJQBFuDawthBDaqPtBW1tKqJToUpcM,1235
H37aeC1Ea4CSHKUhjiF4vUD1bT6nRwRnGhVA6mA7fytQ,1230
C57Cd4bhhtTvyBE6DFUZL6xkm7LeNGAqPv1SAWDeMRq3,1340
7GYaFPehf9JeRDKaMiHKqdtErcKHFTq8czk3uJXUm66N,1243
9ABVowSvoqUDmL3irHCDWK7UJYKxVmg1m26qKu51afQ,1339
349C4iz6rT6GR63toZqGJ2ALx9hXKXjByzPiLLDbWrtE,1249
Ehu48FzG5fpsLUud8ehBK3V8tb4p787Uzk3yLZ4CzutD,1356
EAsR2oSqsvL1BwSMze8VLWg9FCD7uy5Cz2GQpE8vc9vd,1258
AEqrWm2QwG9qs5CYfyPQtBHaRzviZTC1zhJcwEkcCdD2,1258
4h3idhoeh87RrRgqouQUNo8J8wTLia1kyNHRkjtF6kyP,1243
3n9RNGz8q8wiCRFmfATPENPPSFfmhVcEymNs3vbSCjuT,1264
CNXEiXKF8ba1uT8eAa8ZH9hjp4U7yFAZ3gzG11uzEXnt,1368
51TfxTpJyJ3YwEBFrmFcdeouQe1VV6JQb9rTGvqAt1Kv,1270
8aEME2Cqc1nBwBzECs6zq4pAwc3T9A3QCeeLaTPRNPec,1282
AcsdRvXuzLB2BAHEyDwyTmDWzRJS8pXkgZCRrPPUV1cf,1385
CLMXZs1hHbXRxytkS8yqsLA9sn2zGC7r2mN6R7RkZCDc,1284
7rMVtoVb9J71jmVVdYmv6XqE8ZRp3XgEoHFbVzidWRGR,1288
Co9W8NyzWcYYZWLksiPz5J8U315HDSpb4ULqmtkwMB4Y,1282
A6XwqXxXM1MhBevT3Li1AdJBeutmXTqpWrZweCQ4iibZ,1298
6NxXg251gvapJRG5yvrXfcV2Eyh8R9JvwmckKo6SgwEc,1297
3myosBjfCoepUfSiqfit5RnntSQkda2y5riQkQdo9uV8,1297
Dbi13MTrXiA4dCe5BShAFRmmZHQGHSoTccYKCmUwEzsN,1395
77KpXchzi3vJJrzfCeyrkjnvweFctnw9jmSpy8xEdc4p,1394
9pgKUt4a7eaYKcgMMMrjGjdPoAL1cXWWPXvg59jUheP2,1397
AKqtbu6hUYNx86CvRBqYtuZif2zo7P54mwdrapxUoHQR,1403
23xBh2aokMUtLUyWDhpRAEZzTgzGjGhd1TF4wYuU6i6K,1331
7UMKSUB2yjsPSWpNQa1MGNkRZYjz5g5g4d9HUWPoc21Z,1313
2JX9z4UEhsiEg8kCcrUADoTJjVjMo8Ej7bnwhmBfiX2F,1313
H6vvoPwLrmBLozJLAqkbsWjk3kFVkPftTmU3bA8ppxij,1316
Hb9Af8znTpV3uF6Nwbr7tDoScyPy7dHnPYFo3Pwa69sP,1340
5pNmgkEbzpMfANzGtAX5CqfDeWfnKUCRvH6aE1j7U1Un,1318
3VSN5Xds6YtzZ8AeXQu7XpkVmJjumzKgpiqYagY4AAYc,1414
8sZPJJjJGFNHRTi8BJfzaNmUqn8JhsuLTgZSK9PcBypK,1420
5bzmK45CXbKUBx8GRa4t6b9WrsivUDS4jNDy1KB1C7qY,1327
2i1fnLFYjiKqbgwrqkDp5gbQVmAFc2SjDrP3bp8TVWRC,1332
BaxqoQv3ru19z7Nggek75qYnhDCdBRehntYxTKgYsCe1,1433
3Ae53TmmPY11eBRwWe1mUWGqYdYz3WCBS2rTrsdPKTJz,1438
ARRwpRwFNvZ1ueEYa59YowrJN5E36yc8Z3K7iTuJjSQC,1435
GqyPVne87pL85Fgv9G8xtp1GqhGXEYwL2mGECoK7VKe,1434
5xPF1nb8uNKiHhXqzfC8dWqCfr9dhAcQg8aLy1BseMhB,1369
4d55p6KXucSAvWG3tFNR6hojYZ9Emf62LzLmRvgzGvPN,1442
DGVc1BUPxBvcPK5xAAkdNM1Qc3WT55ND751oNQdMjAV4,1438
ED7wWG9L1V2brUpaN5RSfDtZd2ajEBKwzsqQG9CEjBaZ,1347
8hT9msU1TBN5bqWcAtXPfCuAByAFNTRnF1JJu2spfhmt,1437
J6WGDDNXgq6KYCtA9i1RHiydwgUoTQhZveTPJhYTTb4Q,1349
3RDrtN9dywWcW1RP3UhA2akqBzC65GjeXA1Pn3AVzNMC,1349
9BjH7UA7pBS9FjJSdmfUaNyrJ4BYHaN9tvCA9wdxgmvn,1362
CzMzVRE8NgysSssDtTmLK9FHbrfuLMdMxw9tM1pDEFYS,1357
DJC7cDKQBJ6tJKUgeHb7zQxr7TF7VbNCbt9iKYHAtgQv,1446
53S1nmvphydKY1iVZyPa2W1cWPHDp1xHq6M7y83QJ2LW,1362
3gMQoJpm7Hs2aai4gfWtgduEhnmFF3CZftKMeJGbhebg,1363
9QGxYZG2tkTw15qv6QuQDjbJJp25rLdNDeHB3svdCzwv,1422
4M5MWCCc3pHsr5xCCN3nRMQL2FLUKV16ad4BtAvwDZfb,1430
7aL1eacs8axUDJpo9R462VWwnSPidxcRvqiHAJXJro1K,1545
74LqTcBm17VfeWMAyRfMSpiBXpoMYZJ1ex3WxpqZrMEi,1695
9UABoTYGEnciejsXZNnSm6AeQEvnGPNddDA1EDRU9ijW,1640
EN1ipw3oqhiSXN1mpQFT8JQwukcbjwsjANJChkMUdg23,1726
2gdHHgSAseiKn6BLkss3gwBxpaZBWUvGWoZZYPjwMWXt,1649
9hGkZ2TN9ThykrXmLSVotfyfjaKUMzK2tJipMzZaWZAt,1651
GKVVjaMmyMDgxJ2zkr7kZq3hJcMBNQzLE9RVt6Gt9DJV,1646
PXujVJ4sf1uDLfLoAjw3froZNpMnx4uNjkUEAKUuuAq,1720
Fh7cZYA8iaTLPZdqaXA7bSUdrP6EbwPqgVNoQ6wZFwPd,1652
EvKAdXULs1jpQ2fDrZ6xHseQ1dw6FQjuG1mffDtmEhhA,1629
HSGjEgATToysJYw47umGP2NtScy1qNPvoJj36j1x3WFT,1667
FXGSbc1uve6c6yGDm5XwPEWL7bBKYNviAMC3N2hJxDvo,1736
Egeisah2j7bdJbCfkZCX362pJm9GAXxGoCJcwE4rANaU,1676
AAb8iCAtcRhA4SjFCzbcpjLUApNAgtmEnsaDHYQgv2Fz,1675
6ryfscM7VfCpc24UeAbK452kvdv5aDy6JoJz7XzoeALg,1673
8Gb5bt7xtozG3cdjHabjH3WBBX31icuGnbxjuR7RJheo,1661
CoTRHMAgoZjQ4v7GWMZMDtYvyQF8oYFSEeRMKiqJ21YF,1676
4GgAGukMsHnRsKuyATK8rSuiAtqvjR76TpxUziydXh2F,1741
cYoS8oe5LquapWZC6WhmSY3k3ZSofFg2rbCdgpHocKc,1666
PgT86UCh86SigTbyGfucST72121a9tmkzNfUrAmRVCE,1738
5hZnX1h73i5VMRbytHWqpzwzqzYEz8pqBiqzKARkdpnF,1756
3J5c5kaL1Lc4YLJQcPkCiz7n8QSR1F8N7QBCqzQerYjS,1682
3jvV8kzheEx5YuUoyLGGdtgSsNwwpa23VfN72EFa9JF2,1667
AkGy6qheqF8BGCeawBrdH8mevhogCJR4GoHbvKyqNi3H,1656
DzLSXbeny1hhio1ZFegFqqs8tLfJtnYn5J3RVH5q2GaW,1681
3PVoDk5dziJQzFX1pnCUpAZQkNZsjL61g8V8Cf8TbcP2,1749
BgDf6BRrLvRMSVZMbDpPVZkhf795EQ2pWi2yGi1QGorF,1670
Dzwguag1xEAFXNv5tDL7r5JGkYYGSWZS7HLNxic8RgPx,1682
Dpj517EwUmBrSVzA9SKLG52jzEkp7LbPCTqG7XjiKKAn,1760
6V3WJ6yPaViDPLC1jESCnc9XsMZnNojegcJB2w3xgeZw,1670
44xZ8cMZ5fKmYJPkiH8CC3Yepefe1qM9uVCRbUH13Z4T,1643
9VGtn9jGfcTwNWqaFR7owoxqjKGxz3RHj9dFd2C4z81x,1743
8TjjB8kLvjTc2o2ksyj134xwxm1CwPgni8d37XUVk9nu,1752
46RAsXwGgfLwKDiS1W4n6EH5YAo4uJaPfDSexADRanjR,1759
GYxgeMb7usWTwycxyUt8k5Qur3Ys8aTrf22rmsyGTt3o,1688
C5opinKjNwwhcKsD1fqpdcyXfoQ3TRRFyXyXx6JejMR8,1748
6JLWPCmZYAaJCjZUzuPTZrBYPPqUU4ABxAkjEyQ6L2Um,1652
4uMtGeSyEFUcxUbhJH1nu3QDyjsLoCWbxJVRvfsL6TXt,1695
9dfQ32Nd7UhfUzifY23UPqYCZu8CQDejyGbRoHCUrxt4,1691
E7JRrqZtNwdGBD7k6hjCwML31WN9Nvuoh2VkNoYeRjpV,1692
GstPiFZ6WNQyfWhQy8cjFEaSs9ScS6tXDpBJn2T6XoBa,1693
5JaDtAEYswT6ZJ7ChDJDVzmcJogd8fjDfxFAzVgHycxM,1655
5VyU3o6eDH614NTjnRxMgoqP9oESZaQSpvjSPNraT9eF,1771
HWeEqUdJL6424YC5CkAZbt1CfDWDjYQJXTzUXAbbzcLr,1679
5DTdw2ChARfANTqPJgquHdHfMdyDZfzfGEkvTYED6sBR,1693
HhMpBAyRVNgihoxo7HsdV8JuVEN7vk4jAomSP2rn1oeC,1683
GNrtA7NDHqfnKoV27W42uAkc3Adj82eeg2917GM4s7mE,1773
AYsMVfVHPs4YYrpcdCtR7VLnxTqi9C2SU8jpQwg5bCoo,1773
7P7T6ZGQkNNhAx8jNd2fFg1qvZJNkoHjab18xP54p1d2,1695
7pnxsUvtf9bMciSgJDmL4i4fPbbZLGorUPFn8Wa1ByLe,1757
CkWXKAX4r97RSqqKez75cb3F3VsW4kgtT1NRQqeEuaaX,1777
AxmyTNL4vjg2685bbEx83vP5VAJZYoNeDDzgc4s5bW3f,1705
6CqkBTNuoTytaMWWuYpqqczDkNswYuhKZFDSLCmSvPnW,1773
CBjqoG1rLJm6pey7nkNwefm6rDU8P31VuMQoM7RKpP4y,1778
4h6oiwEnrgLReWaruvGsRVgfDFLyjJFgbY63s1Sm4i3F,1707
C28uz6VUGpDNAuPxrFY3EzVeYTY7NzQfmNEiQwYiJps3,1769
FtPG3B9UD954QTe7ecRqRWrhQhwFnqhAYxzpsqRdaw7V,1778
BkfPvGPm4Tjg3XSVY5Lpgi6LRLapqa92EzSzMi2tpJBy,1706
H5UnQW9JJUFv46F2LiK8i1xo34VShsS9gSpTZtSuuWgK,1710
8hGMZ6qfcGjdUss4ZmskiHfQvBmkj6n4UG2bTMX4JMEh,1772
53YCeex95KDBVdVgCuDwhqTJZSr915Vy9iChsSRGcgQJ,1780
9ewNazTgkwUeDwS8n5yqcfecFCAgJiUE9PUfM5EAUVyt,1701
Dv3rvhK6z18n3W8ti57zPBcrJ87MWpAT64g2Q7YJboJR,1780
2rixYmqxCBLq5f1GH9s6K4st43ESJfZpTZ8VV72Qncqj,1772
GQoCGiQvEXYKPLF5sCDsWJRBgi9rtKjoeL2pysMiLE7R,1694
9H2zehxBscEskDr6JjhUG1UwoduVRuxTKMP7xFUrfnCU,1654
EMJ3yWSorwP9YEVrjA2AaYL1uBmnQkpds5yUkCGGc3rD,1793
7ULpsCGJYZiAU6H4vgR4HtsP5eco5ChZi1kCn715Mfcc,1800
3X4CRokLgYfQ41myWBxmmFXntKTx3J5qYBmBEfYPVkZx,1719
CfgYE8n36DiUcGpagjB13CjfYD9284e7173WFSNGpTug,1720
3qpTKMLdYqLmZniovfs2iyGFXXhbbcuKCCGkKrEvwmb1,1721
4PooLhBSNeRapnJHAfVdPBi59BUQLDc8xrhDzrVAYGnc,1722
7ALjpMWDMQGhB3K1vQ6TvXWwrisrwJ5CVBygpxVZWdD5,1798
Hpi5m9gZB4SCUN4g9sXkhZjpar9ychow8PosPXsrShnM,1683
6P6ANTpRcqBAUuq1a2KwEAKZB2UjFcUhcZEPBdxp9UwM,1786
9KQ98NVeXBBXa7SPq1CENvx45L7tFEUgHDnmf2ebe2Vu,1709
32JikP2NPTonHnet8ixE5ywyKHWMEYcWEP7SP3GS3CCj,1713
E7xKfkqZBdbdoS4fX6vgZCZ69rQzu32oG2FMVc1bneHr,1710
13qokCwyt6LiqkUF7Tjhp7dJdA6JRp9NeiEu23AALzF4,1715
FTcQ2Cc2sSb7GR6KpDVYrg24xtVQ282SFWyAEcFFK9a5,1715
7RQFQdXJNYJrwXe9ipZ6x3CRJvUUjbB1NSbxRSZSeXbd,1717
77bu2CHpWtttshEB6xfaQi6pvKneUxKUGMisN6JoUAZi,1738
5wSM1UFrocq4KKYeCg8wzksZztzKJrVvoxA7H7c2Dart,1798
EeHMf9QWwoVvsvbeYTSVGFTrqR6NmQBiCPuLTF4Ki4Wx,1811
AaUMeYMi3SPeeh532LP9ZWL8bDpDpVY7eMvCLSZzHs64,1723
9jdpK57CYr2jHX7k7S2d9vvNM3mHqcBqhTdi6wpUenj,1817
CbdyLfGehw1BuRj5GFu8z5777vV2oy8xaVsjVPjT7mKr,1718
GTLjrYvWGbFYc98GR7LRU19LLPkf9rSYC51QPhpqWSmJ,1726
HqTGLnRtb7gxNvkfj6ussVLDiuoSqcBJsSzBtsTbNf5z,1819
2DZqReTsimJ12bxV2H3yzpy1y9zRXoX7ZxVf6jMEkkL2,1749
EHPq8749XEfpGjYn2RmLD9zWtaiZhLf3JJV4Nu1ikeVb,1753
CqRXGrRPx8aBPFVfaGBj7HodmiFeUByNVnehSoW3Wjji,1738
84FiWWFaB6GZBPD3UFD3Npj775iyAWx9q5x5nLLLfSzx,1753
3XP9jXjB9c8zBthkoX2K1NPPYGth7xFcYkgp5GYN9AeB,1741
Gpu2JYLmwUzLcLGeMHxsq6czfrgXfnJ9wNS538FBz88V,1715
2Ysh4Q8KPrnQqsnbA8APDjnjHsXY4j2vkFTudS4tGYaY,1816
Fi8JZTGTwhdkGaT3DxazSyqLrmaMVaCdy5LC5btd1VKd,1817
BcGQxx4sdoUn4u5LpFqNcoNrMmRFZyLi2bc94D3ibqHZ,1823
BxjHYsq4pZDaBLXwEmwBYxvnJceGNJZnah8MUDQXYpwX,1743
8eF3b7xrWPAdjTWPZBzuLrgqssRmvBZ7wfYm1Z5AnqU2,1820
Ytrrb4tfTYugJmpoQLLViyfgiq1AdvzEx9pBodW7CVo,1825
2cfH1CSwpdR9J5VnfiX7cTY34Y88oJBM32VHw81RDvDo,1823
3aqcFYdmkdAesaeRBEeKter8B7bcxEym8E8yq3LeqGFK,1746
GXZjaix88kFVUFpqnbruQPqR5v5iCzAtZy341Ng4qvFh,1750
2KEWsR6aM39jgppcACGoP1JBg3AHqLseZ4NABKMVFPWU,1766
GUokXPYeyjLvbCLM44fhTKFbZemKTmiukZ4NHX5aJy5b,1762
9KgkBCxYDdTEN9H5VoawVSfh9RmB474Qhfcw4oAYFi9d,1833
oTxXBso1CLX2o8WzQE2u9ymxfU26vsu6TNSxpfwSmyK,1708
J6XFxrw5t5kJ6Wq3TboSKsDMiPNU5QjntDvLTfa2Rsze,1770
9hVeJQz3hp2gY3XUp7sqTzTNWRvBq7pQWpSRn19drJ3W,1727
JPtR4t1hYtuPyoAK79iLiJdCUJ5E8gw72dBneVZyykm,1770
56hsTVFZ2FS2hXc4YZ2XGKd1nretpBEiDyiU9goezk2g,1733
77F1FpXime7iz7aNSDGwdNjddWqQBuTzthCy5iEDwh5m,1744
3oCQNoamYLcPrS619WsoAHEDEeVHjLSKGspwy5xHvUif,1770
6FSYNGu9RrqHiPmNDcF9uu6uDNr4fwUpNh4ynYnwbeiD,1847
BtXUq6Hpsdj5uiPESzZP5f4G5wz3X6h3KWPJfcyE8UXM,1771
76fyRUE6uwpe9VsLwqTQN4CXb4Jrjog3BxNf7f8FZri7,1835
12d5Dg87NuGZNksbBJqzPNGbvfMGzr6iFBDnysjoiHbk,1734
DePzFoCtd2sQfUXzV9BnjkdKpokqRqBNP9MCV93VL9Kb,1728
3i2MQiExo9h7YgZa8gYYmSGmapWQDMEzC5wwSLM7K5mf,1831
7rk2FunTfqdWhM8w177eN2KsdCXJiFP6NBPisPzHFMZo,1780
HmxvRpikpC3p8BHMPnXcxWySL25YKXoosBxz4NABAyFH,1857
G2uq2swFoweqjCaPapjfaKUpNKvfNfziqhxQXUrKovvD,1774
6pKUL3EfMzRZsax7mK39xxJ4MjD2wSqvQkfm6YVTcUFY,1776
4QLm1Abypvu7Z71NVdPJSDBM9873XNg5zBnoLVZX65jQ,1836
3MMCVPeP1pFLj4YvEW5ALVVmmwHH4s1mJeeJS67LGmNQ,1843
BMPEy3hoaAd3cTT4ECpia6xBkj5WyQPbocHioUxiqMTt,1761
3cHSQxQb9P9UPi2MWJAM6A6w6jW74cBNQhMeB8h3eixQ,1760
73njDpWufEzx19CzcyM3tXsaUCtDJWkdmBKj1yu94N6v,1738
77CsXVfGZoN6L1V1anofQfEsMYDThYDSq6YaWVx9U9dL,1854
5SzqqCgy9fmJYTt5xqf5u7GhMgS55xJ6nsfo1cVYgLim,1782
5kfUwKfepz85V3jkdcRx69why2iQkVKJBMD2tm6oH3Z8,1761
GutDtxwGWSt9cvqLNZzb6ZHZZuSzhn9FhscEez4o7Ggv,1882
4g77YUS1BpKa1YU8G5igpjCSKMvKKiNW1oSyp64877V9,1900
Edtta1Vgdap6GyjkvJdX2xs1LYhwMtrNRxohBdS31HSU,1917
8TDCopQSjeXtk1YMkhidFH25FvZBhcPDskxZ7kVLN38G,2024
GuUkoosPWXVoDBWf4TdGg8RWgcZ5PgWsSTYCYBpyN2vo,1939
97CZZNrojT8JgVKJuPUgQXe86wmyWyFTkj5qo3opcvus,2023
CgZFcYntAkdDnyvARLff4kuQyqF1hWuTNUEqKGbGzyyp,1941
D4mt4T79NmbbcXrMDcrfuKmcU9HExpcA3ousSVGBXXSF,1942
ES29ARqaARdRWeWxSsn6fNXUokc13H41zS2JFRNe8R7B,2023
GHv2bKRtKAejHLosxXeE3aNoegiRKfagvitofLz1ekE4,1960
4gCqLGPjEvWGFNerq35oixoWtvC3sfVN2oBDmS7PgcyL,1944
8WFZqUmutegSsBW6nsimUmdLcdqHBy44DSvzRwsweTjg,2036
ETdcsGvGX12wKsfir1yza5tXCW8NeHzcF9UMovDKPoms,1967
BsRKHMhGAxz66ZQeqmExaex3AAN23gXMbRmYAadkQ48e,1936
6uotJ2Wj1PGce9nLc9i7PRok78MuGFvL1AjNXvL4M1HH,1950
FJQjEyNAn54paPYw7mDB2nP7e13fvWk5mBbuwwDRWG1f,2030
BaMMK2qsDqm1Nm4Qyc44a6Ww7ZTWPjWMxaVMggrX2VTw,1969
5WBkXti5SmfaxXgXMLjeiSnP4dFjo8h3nCnQmRyoUcfN,2046
J5KXZfxe8w2bFeGMjXwqLpL2pPxQkdoSGteuifqJsjBG,2038
4Hg9NeutCS3UhmtvaQMbb69gaUaTrrukPt437j7ah2AW,1974
GA81cE3mJJwbMWjVK6SG7tm78kZyUisusTAVbLqsHATB,1963
AxvEurMQqSTAntfDJnQZEXZyNwwFwPZzh2BSREZfanAu,1963
GwSFYN2eDY28UpQJ18JgrwR4z4Z8idso3Fak9j3u7tZo,1966
5aij5MezzqfeNZ1AbvtpAP2zXxCmWu7SzgPL24qtwnah,2041
3yGwmCXBFq2jaG9FZofaFs9qyFpqKVH1tTBGjvwyfw1L,2041
23Nxod51sjSKGREmdFx8cm3hsboTcTGsyARnJZVtzXLr,2056
4d477vKqZPAqcfNNZom5nCZJKhMKmbyH4FNEviLbs3nG,2056
FGhboUERPFF24Xg595wJ3J2QUtsWC6wRvuhWMHUFDVMS,2039
4iBjMWVSbYLydsqFgExHzAH3uzebReuABhgSSPuX71tv,1918
6GQ391RNhAccBL3FMVhLd9Heo4WcZBrg9U7VPEk1jska,2067
DnGC67T3UsTbn6hRCNhnC8FrPTNzrfqyF4u38SrUaJoH,2078
9LS5bApzW7EZs527DQtBwHkCEeoDAQAwU8gTe7rZVeRV,2079
EfXRpVomEwgsrPMkzsvjAqvZSKZJUsx9Ug4k7WScsS2m,2069
GTvfv4HfExJpy7x6zHKKvi4zgMTUAViUXSEDWtHG2PtF,2008
GFYy98stwvYEMhu1PBDZ9sGtsXarBoe7RCL3bn3SrUkP,2075
7KPn3ptXZ1tahmni1qb7gn99f38kzgbyDWAtRY9z1s6o,2081
Dh1abRr3BEzLkW1Yi6Fd9EcC5wbxA1wD2TjnsLr23iej,1967
8hbgZ54A9NvW4tiJqtqp2zQoLM2UwyWF1WPhPT1A8BDK,1989
7S5gJnrGwmF8jCwsYT7AMmTDxWHKGK248t4hFsZd8iVA,1992
GmJhLNwgNfMTsyHVEAYGDPTEu1U92bxNAADe2eqhMKq4,2080
Bp6L2wtEj5UepLa18GR1C8EpHDvMoJxXb3dukFqPePxA,2076
7qiUQ8LtP6YWPSwXTaR6a4bLTjP8qXDBhzpzg3XZhmmk,2078
2pyxd6MTEuLLw8SdoKTGmdhMEZFWmAv9pHNoFRBpdada,2071
5uA4CQPvvjoP9e4jxUK97MFhWppYSXiGYncfmg7A3o9f,2080
EnddJEpbs9GWnAJZ6rS87FrTqZAxuinBmdquWShwVNiW,2064
Hw6d3d1V2zjUTV7mjzX4da2dBjcE8asdF6gHo5dsyWYA,2008
8qSnG4mSvBaXUaULUcMG9vp8FoxikpJy9A7L46qApAqk,1948
7hgXNqmqWyUQRQ6hQ16sd5ctfpHpvF4gwRXwPD2tfJFZ,2070
Aa4F9NsGejA22shSdADp72exLAeKJJQM9mPtnvxar6US,2078
9LatUFZ6SyttaBs7pgFqtBaRy6pnose4S2JPzWigWSQW,1995
AQEdectteC19xwiZRFusxbbuGQCskbraerr6f94JXsNS,2080
22JJJGuf5ZMUSJh9ok3eopy3ba7J3YofFj5SFkgyndeQ,2080
7a9LiQ3HeFzDKqq39Z8SWg7FBKqLuZSz45VaYNMbUSGB,2072
2yMZH2iDTMduetUP5NjR4BQwhioa7QXuXAv5cVpneh1L,2079
CLuyDrXXkFwNfqZ6YiSKP7k55pPw4fxFmJixRWqfX55U,2070
HY5LFPNA8SZ6geKHU8APKJi5offD8cDgbRfsRU5W48HU,2074
CrNTB5xsd168CaWRYQmtHfvi94bfTwuLPHQ5jzo7VPLA,2005
3WJwXUJRWh794yDMaGSiRXwbdPaXBEV3d4JFmtSXu5HG,1984
ACWtYuTZDKVccV9uaxSdchKu961U6MCcj7oi7r7Cgk9L,1983
2MdhN1ZwHstxmx5Wv1ELQqzqAdBpZbD2PMCuXk1MEHha,2082
2Q1z3RK99NAd7LBAHjrdLto68uuuqfuMyyGxr9EBTTHw,2083
7SxmGrKUv7uX4sJ1oqAx5zQEmHf9Yx2U5BAtA1zW2ZT7,2088
6ogDx3BwmQ4vxZPvRPXQWEc7ZQ6EqUvGKGiqCA5ZKxDa,1989
FCh4VPy6XNCuJmgeFXMEMdTfAo8uVx5TKxp9Q6oqkzEc,2078
ErUeoWrtDnVFCw4vtGjT5bCk4paud1EJMc5uqs4ziCxZ,1999
CzYA1PSxLvnB6Dfot71YyDfSHzZJNaFUZsApWDPzvGpt,2090
5aRPvHBVHLJzdKa6v2jaAagaUiTyd1Yd485YLYCcDjwE,1991
GAsJ4m5fPNkmTYqfXFVCbkuntNQQn6hF21AEF8oDgXAu,2090
49FNm47Dzt1PMjHVPz3bQHHchzGpJWSkWgASMbLkCQo5,2082
GuXb2dEmkqzeMJW2mbkB1bm2ycVkBeURTURsfzirb5R9,1999
59JMBrH35AHMwtovHqZCZQafGJN9YummEFBixSSjw989,1990
CpRdAes8XV7X87NqSFRpTFddX7BjoJYKRTj9pQUEJvuv,2093
CTum8jNjbix674WVUP1KQTPrpfNzzg5MPmCW3x8na3zQ,1979
EEQAWx9wfMctNDTuBn7cZ3L7W6j6XeLYnBurcAw5sCMv,1981
Fbn7vzD8cT9amowCcgHHrEqZbPQzXYUXgShqSKRa7rYv,2095
JCvsuVRm26iTu4R9a48mRN4rKrPQrieEJ67eeCLS87F7,2094
HTY8b6tRbnwxj1D1urLJzkeM84yAvp7wnGjrnsdZLTMN,2029
9nemGan7xB1ai9qqPQZWr44P8kvFjqJyRojy5MmWFLES,2009
9XWWkduN436zDWwmZkiiyiLv3UGBPWUMtCFSGEGSwBsK,2102
4SmF2qUGSJa5nMa4yWr2b3Lny7CETTSRA2XBy17zdctX,2110
5GcKLjSJs467gCMuQwxMjjf3zQK7QZqQyanPJHanJ2SD,2096
DLCs1ahnfeVBk5GL4XQ5SFjfaqGePcB9mdFi598WKZu7,2113
mZf6BCEC39yx3FzB7Tkn1UAWRqP2u5SHUjFWvbtJ3JM,2031
A4oVZmQa31vQj9m19744PNs9qQnb5kDqTPQDnBDtjeHf,2051
C1CrDtVZzuLe5ipH2mj7nWM2twwzio3mB2MwpzY69U5b,2051
3jtbiA5TJwPNTuWogBh55yhRr8Y3P7qqP972rfmDjx73,2129
BD2g3HiDuuZUUWhFDXCryYKXrZE8hLzuzvoYCj46Anfk,2057
6vn5rroPVv4YaqmJbztYRyPLHY1kwXM99t3bRd332zsk,2129
5NP3Dh7t4vZP2Fe2jENLfDcXpTyqoqySKaypxA59MyYf,2015
3toCg1DoRUWgBXEQJczvsdcVEjVfoj7qr7SvRp8C4QyT,2132
BP9yAbiDRfouN4XsA1c8VbewmVD7ZgoVW38iW8JR2vQQ,2132
TRX4nqCBs4cJqKKNv6kspcCNHp5Gtx7wzZ5AbvaR8zy,2062
BRAUSTXFHuEm2FrWF4JyrZtCrQS44tGdENRS788JLWWw,2057
2ZV3McnWvJrZpzCuGcSiD1ULWdBqErcf7aaan8gMu3Ye,2065
FBsqsNjogp9xq2ja3nczMi5SoYGtntcEFgT8k76QkHCG,2065
H8CQHdzXhcGmVBkHpCf7Jw4VyfEFuBdHQM3AY5MV6zqH,2048
AeAV5ReoRDYG5n9yS65CoyhrMPcUZACDEZPj1LpqGpng,2020
2PmGN6X59qVLcgUTquXMZ5PJMNkGk84pfHyA3Y1MyvSq,2050
6krwA2qfFavR4eCp34wUBMkcxN6UwRVKVMxeg31ZKUQX,2043
21zVtfao887KjnC1c8Ws4PvDXxhWCytbro71z9gxTpT7,2056
AtGyjfZro67NrienbDegrZ98fQjduZW4CixTsL9Va6Bg,2071
386eVCzFH91VVjzhVTjUnviMJtDgu8VTDdRbjTBGckZD,2143
3rjCKCjLZKMgXhotqU85GCKjMvsgcXof3KbquRWSVGwz,2147
FqV6R6xkk7xQLhe5gVVnEVzsEpg6eyayW4V9HwBcegQj,2137
BVdbBj8aJ4U1AdBXyogo4GaGmzgNm5SmtnRi6GkmQr96,2075
9MkGdosSa9rZSZEjUTFKLbQwPMy2GLTD6E4BYWimtSJA,2087
EgivmYdcdPFJXp1PuiQJBzJKUuGywbUUS6aBBgMEmNWZ,2154
FF1w96J23n2WxD1xdYiikqFBX9bgT6kSR5T8bfDfMo1U,2144
79hSobNBxza3LEccU8SYgSv1MQFd7jUa9GU8YGUG2B7y,2159
9YKzhR5kJ29SWGG9yf8tcPVuJxbf9uJ3JsQJ9AXqvsTa,2065
4AnuocDiL5WNixYsrXSanGx8ZyPie9KzGeas7EL4Vc4y,2159
DCoVdWFhJeB5i8wa6fCMscsmxwkTRG11CUHgyortuQqG,2086
UVLB3qbzJ8pnsXTpY3qFQNDtttQ33RmArhE4aHYFath,2164
2MWDdn22WtzVttNxrKykBdo51jjjXQQgx1hgnEhHJ5QG,2163
7qrxBPBajwwrsYmgfdMNAVHDLJFmAvBFEqvuaXtkbJky,2163
3aqmQ9SAXJdvqskKn2rLQyfHcsjex3TiEFehPm3hryHL,2044
AxWf4BRVqSRQmDx2Vb9QqGYRExamGrrzR3x4rZrptff4,2169
HjTcALSBaE65FC2Wd1xSPxTaitBV6731kbVcLo34NVTD,2092
BENN9aQD7fAFHDE8QREtLk3hDFCXy4yuEp2uDEhDXi9z,2052
ByXwFa7BiwFHAdzCuNtJHacbujqxeFmUuTvApUixiky1,2174
6NrnXNainJ1FPMbpymRLknmy6aU4MVezeDe4YTTAq63m,2180
2pzvp8EHxH5iVQY67sswEwVERYCfrPg8QVbmQ2xoHt8n,2187
JBQiKqd5U4CjqD8BL5fA9NsFqeVZHDmxnqyTNkTSnGJ2,2183
BFc4LFr39EiuLLZd7gHPdAL4F5rTVyqSjKfQzx4yGGDS,2113
DPKfaFyqptdGR2rgWRdcKsWwzFar9GzT4hVPLMPKbPu6,2114
9uGaZhKLcBE98cCmyyCDuCTYoiTi2TC2kj9qmg7hBxY8,2174
EgsVrPwawpLto9N3VTNJVZvzycmybK2m3JrUjLCJCsGC,2096
GBmoi4a28pe2QZrShztebrXjpRdKLPWSVo9Spq1R3GWg,2074
44WJEqwQHf9nTMerjZkoBTNTFwJsWdxjrjmYWRwQZF7q,2074
Ewv5xP4RJ1ezHw1q7aN9WYShPXQLo3binGKFbp5ip1t6,2187
6ZJP1sZMB2vxFiPDFuJbrU8b2LALiZETHuFXswfsG5b3,2096
BkbxPBhhk3jBshzNQoHk7efNKo1ZZqdXvvfgGtrTV6B6,2179
2g7LYpNnYQGQ93wCkneNJb2WtMoFAso5RdzkTJekDnHR,2178
2PJnNcAx1zrj2MmeTXybLC4zHaZvuW2NpLLVydFLCe9M,2138
5oPvhbGXyrY4Cr6TeK1yiLjbfBJNcjuYc2Ba6jw7vmig,2203
6NDfeYmgyhxhBXVmqXGupAbhRpyv9CoxhPfKUuzpAueZ,2141
3baTjbp9Uw9qMKYZ9thfiAg6Gyp1LwjnwjTP8PZ45sWj,2200
GDAT78Zf2PkraVmW4aeLTGCFCT7MwZEyQMtaE1S3gNvF,2213
3M6sG5dtHLcaLDQbsa6GCUg5bZ7WPq59SudAMeon6aGx,2240
ALrGAeCNFPxPBmJB8Fyxbyqspgq6NBdpUEZrPRcga21i,2242
A6oqEBzLcmesVUKyR9KZREY9ZLyrP6Cmtp7PzsF6ZWRa,2242
62nZr8i2y3ZTw4HQTg8AoRXQYrLJDayqSDvNXmg9Rpvy,2261
Edh83ZJBMKAMrgsLFCEtdGVgk2Kvhoy1CuKsZVbqCXfw,2155
3jwMasmYF225xA5thuoTic21nLKsYKSBLeaRpQMfHA38,2272
DGZXVMSze14FdEUNBi15TSu5qHfnCVNzFv1izDumRffV,2177
JDF1SFzeiaAcpBkb67P6dk6cisidA18AHag2qMK3LD6h,2150
SYr5cY5hRVwi9wifnfAS4sNNbW8fcrEv5BZnmXxGZAW,2193
EtMRMrYu4fcoFY4etn88o2dRkdPtqFzmp5Bt6g4DZeSc,2197
ExviaDeA3LSjAh2vN5R1EKBrEFsd6USevmExY3abXM5g,2157
9VRRTVMrZUuSgvgNvsoVCQ4EnaY8KYZDNp6hTATz4wmE,2171
BTcWyf6qCeTC5k15spa1toUuexEvKpqTQ3KUEDZUPdNi,2270
D3DuQeprCbfeLJDAHYPg4pxGa6cpweYSDKsQ9zuE8zsV,2198
D6s3t7Ck88RVzUcBQcRhdwYk2HbgMgkw1Z7qwsVktNex,2273
9BuburpBNhXPMp1ppSC5cFsB1BZEx9zwtZqKc8G4MrLY,2271
HR5bJTVyXvUryq4r6VLKbuStas8r7b5fLbru7Q8m6Fgh,2279
83LswDXWpvdZQe5TgVY4QfEYtW9yhQinwWJNnvsKaZSu,2298
7D1tdaH8K8kg5z2KG5wLqsU7LWWWCLvRK3bwoBAaibW9,2303
8TkuYMeuyWsuPuMbdJ9o9xAqJTxjcNQLv2h1YYoLpLDB,2286
EmS3h5nD8LFv8Linz9wC3WFYR5mcU5LqDbdRHVjQ81MV,2222
8AjXu8wwgbB7AKozr9tNboyEjDwyp7Rfij1GsemYdCo2,2306
FXz8Q165a8tokBeJ3SJJt8Z5cBqvLMyG6vNke6U1CwZe,2294
fZKw9bqfd4h8ak1QSev18VfSx5e8sdhBv4HRzTnwvYV,2304
7rMz33wLein2tnw8wpbkAZsdnfLYpdUTMQoKLaxACxMi,2232
5suWApsopZ8XnFoCci1ZosHSSUH6trJMjUkuZTJXAF1d,2193
3SF6M8xZxXNJEGPyBqwpguQMsdUUoTcR54okkZ9bPc4x,2215
4sk3wfFAsEmBfdArEKAKPvfZnbq1VCCnfhZCVeohcfPR,2299
BkekXBe2yhLuGunyuVaRd2MPPBBbVSavirXWfBMdXDPg,2294
D9k1aYpQsLMzXws7MAqHWdAqTfYt2iUzazPvcsN2DoZx,2298
84CvaVugBqvywgLaXKBHPLmARbBuoJEvLpyJWHQBegmd,2236
6f8K2jY5yUgzhwNYpATiL9TwihA47T9mF5oSekx1vu9y,2301
F7fx5PuNbRVWG5dsGQ6w1tRnF5XfLcWeXgApYH4fa66c,2308
7d4MG8k7SgDnHYJidFxoD3DK21pBxRRcRBuhxoy35Fbu,2302
6YF7UkPuGomxNLv38Wcsk2N77iyx4Jdvye5Hz4bcgVYf,2223
AZqPvZsxsm9FVBi8wUmAMQC8cCnnzL2bBWfNjt7UKh9L,2300
ECXA4ioaKFB6M3x2B3TFg8mvigDNHoKBBojPXiTSzke5,2310
6iu3PZQDePXVfzftJQ7uBT5zqkBkyskzUTSLMdyU1Bai,2303
2PXsqx6jqoTimUtX4EtEdbyGzZTAHmzZbAiVXT2G8WV9,2307
HR8nqqdZLDBJ3uD3KE9Y9pbi2wJSSHVekxqc9cS6GKEa,2319
8s9V66s2uNJikDVkw8aAkt2FPGFMdwnD4mAugLqy2gVk,2189
3nrBameo8C932JnzF8gVnmEN3axM3Y2JVC5TtT8d6akF,2307
5XhQtWbsf5xmbpZtgvuBqjrRFtpnERRTAKivPghBoBBr,2221
9VAtXqXpGpcZpyRcDPc7efx9ML53nAurokwFcEA5kwQp,2323
996rH7YU1v1rtyxjF8T8vfxYFjb7qsV4z2ZULQX5h6qc,2204
ucpBpbufjZs1EZ6DPAv4SeJgtjk4Bs977K8CULxvaNT,2326
C85bqe8dx3U5WDETDPds3FJZF4yLy9wKk3VyqjGpxTJi,2413
6URraxHyvmNcJkTj9UYnjyowBkTQHfpyUKstmAnumvYJ,2303
D9NRA2vMSvhS1Z7XgPGt3iBhWvuvGZe9yzeQR5hasYsP,2414
4JD5qwDcEXfur85UHZy7MtrKhjeN3pjmbRKdL2Cb3DzT,2406
GDoPkL6GtnvFXCme95YGvpo13P6dWZHKM4VgbgfbYyK7,2419
2VnsYM3CVgZ26vBtfAicatQxsJYcrrMUKegY7BVjjHhR,2414
4d9FBJUd5fFyniF3YEYv3Ejt9tMYnjvpgzg6m38TQAzc,2303
GbijpiTaGReYpsG4NSASuYpKDUbucmX96XbiBR9wcXjQ,2409
HvT3z6sLjJPqbMq6noWY1zMYV2Y3ed2bPQW3doq4ekdm,2419
3kBi2cvM6nLP1gHCtRZX6gp2KWfp3fukwYzfK2mkUcBE,2419
GonPAEtkobD2qDJHq7nTWX8MAsXSHsD5mAG74Yqt9PSp,2413
5tMRADxiEegKjpghnBKqzbqQPoGBZTxUwRD8tzL1xfJr,2422
BkFCFYgLAhdP1EhwgMt5MqDuXpfvFrEVwXS5ssVAJQ9M,2345
4AuBVTFoskVYfgEmgNKiAg8gNNwQspPMjjjYbLE1frSC,2353
3j5bNQGQu4ff4T9bUj7Yc2piY338RYMuUBBAnDnq8GqY,2424
8iAujcgSH7BS8rvpuQ62xafzniep6za8aVxue75jaVut,2425
4QDxdJ4NBv5z7FRTrBmTLVXcUqR9wLnsu2vi8LMgTxwa,2326
6psXcaJFajktxFmDKnFZbdExfVPAroiMp7XAhVufFnjv,2328
DYXs1jhbuopwFdiFEq6wMxjEfTmjfwwGv7Zv7nNnCKTm,2467
2fvHHW62W99K25ikt84EBysSDSfQyFvSoi3qsjGw5rwk,2517
6gf5wqZSkoyGSEYwE3urrTzukg2uwx7KHRvzn9Z7KBVg,2522
EtGGsgjYtN68LBSYukqC8wXW2cUBCUgjvXJ9rr9TYQEn,2523
4wyRY75kwEoBpyg9EZ8XVZcirbu9UVg7HheW1b4oW3eZ,2515
Dwo3vnPoDPQce4k7yyf8j2M7eoTdQeBpDmS3goGzb1ao,2519
31F5b9fqrRePqNPDzrSgXnzU5gLqP2WQj4obiSck31wg,2410
9ky7otvQmSYCG9sogD8hfrvQgSMr9vbfr9DKRG4tYXjG,2515
AK2hmXCLvHwpUKinwv5thrcKYAC2LjPTXvmvGNhvUw5j,2522
DupxNyGwNddSY1B7jTvYK1XHNVS7ohjC9rTrk22VcyXK,2437
5VKKn9wPkqkvBj8krF5vQTZVgfwZJa4db8p6s7xnSSs7,2413
CjmQPK1cG4r17b8R7QUh4nBy7xXhpq3KPcTVALoCeM6D,2519
D75NAZ2AmKP7J6yTPTX9x9T7LTHFn59dBNHeKJQFiPLM,2456
GLtdV4RuihoJGeCxijsm4q4Fb3NX96faeBxLhkpgqZvE,2434
2r4hdLShAVpJMqLshKEFmoHSJVip4HK2daQobeXFGVAc,2527
9hLg8ffnagNiiyZCuywS52c2JRrJ1s3kFEDhQVQ2RLv8,2455
CeVWQoLjLBPJqsX5tkoduN6QiZg6L1GbktMnxaJcmu5T,2527
HrrAnDpycpPiw4NnUaXxUPcey8TUcLqR9fjjX6cRZfww,2532
JAdtG2kcr1eHhqKcL6AN1AqKS9stTNFMvygtcAuT29mB,2533
AM6s6BsmMmSP8fncM5uktCnyYiFymufJZFo97btM6Zoy,2535
5EUh4DTs2M6izU4awkFBLcmtbfwpHuz8bnVCAM4jqd1f,2533
Ba3B9nJBpooRqcSLu5reebshDnkLCS4fsm6nvdhDdtQ5,2536
CPd2KNEXhyZxUKK4VJjUL8ykcNNEkN747XwedmZauW3T,2540
BqUDoWiYfx2UGra1iujbvLQNhJRtGVxoD4P6ahKRSmZa,2557
3FKmYhW817BArpuhuCGRdCApSxP58txgi9XKq467mtjc,2557
GYcW5BAKXdUJADNGe3yiM1wcJhB3n46xw5N9sgKPnVrk,2561
5EausfzgyeXCoBxrDF5qucpANji24KtpZZCcHzJuweeN,2547
HS38Rrm9PZYmJRUMakLSN18NS6RHRudjBJAeVCKZppDY,2561
5XTNSvkvkAyWYDybryFEDorUZtnQKvuP9dEg9cETprc9,2568
5JwtYyUFB7iQoFmqTSXAbjByB6FqDf6y82eVzgPUicfH,2567
FL4riFLKBFH9CWfaDS585zQ88FCyXbQDykzpsRCJk9Xe,2564
37qr5URyzigYB3CSSHPoNE1SgbT8bYoyNQ1cWUeEgJG5,2564
EGB1W5GtjbQM16TubKWX3ddA8g2HkmJpD4XBobR1HwSZ,2565
3qjaXfcatry2WnZwVLD2nx2VwHbyDxEnamQdcHBSiLvY,2561
8oWPYRm2JGvwWzwWsGsoGAQVtwvhC7Ek3N94PvvPKDTV,2565
2UFTEWHYtFGZo2BStokkQQKrRfDETaH4rPT22BTAY8YN,2580
GC2qf28NkZfLPg8NiL9STH6TqCGLpifHkMvacYDWBxji,2497
9XcsYv3gQcMpYe3iZjcKVUhjkojCLWBhCWD7TFHLYyrL,2504
H6ZFNVyqyCRFK8b9LteqbGcGhqE9M7NbChsKkTLdJANU,2573
4rHYznLK3D3Ve93wJ94nwS5fSKQwvXmwdFug619S2uhE,2584
3ggVMSYubg2Mma8vEDHn5ZpCkhsQQsBV2hJvM3FDVaGH,2582
Ae5nfR7c4MJC8aQJq7NN2kdM8PtePxbV54zG9MmT1hc8,2590
8c3R52Pn11aw8tYSkyGW3edCCfExxhqtZP55aTw1gR1e,2585
Hg78BRjx1ovp7R3t6w42PTF1jMKxuwhqoPGtrhrW8JAh,2592
57fB1AqGF9V1e3zKUukh3GBfia8ae3CcxbYz6yJayovF,2593
6P73RxvaRPZJuEKLEMjWMs5XYmBVkEprtnVgJK656gb5,2580
HvefYNv8eZLaShkc74uWz6ZVt2o4hVxNAZFmDowo99Tr,2585
8fSN25VAirFHFvoRyNh27dTJC8gL1ujoP1rQF7MWAhGu,2599
6JYwVeFHVaGdPi8AjdRssHoGUbt1WrpcHrZpThGR6kY2,2601
7zj1QjbXNcm8dQc4xcJMuoCtf3mR7exkjVBrUfmdVt3A,2590
FdFFm4CfugoP3brMJ6SRwqiBSomvQjrteDCL9JoomtYJ,2605
4FkWw3kJdyDvkoXVsrTkyJzoj9YC7h5go1KDyz7k582x,2585
8zFwGHy6ZphkEJ7TNna7TbJNH9CQBsLY3d9cG48UPMwU,2591
2m6y4zYYyCTMvdgHQhJKphJUXMUJ2WDaQULqK1Mtnnb1,2606
5XARjVYctocC7REf2TFbc8SDA2UPad5ZRDyFqQXhP89H,2606
EyLYtB8wYRBhUVVjppZfLod6pjAHRUavyjqCy3n2tM8A,2593
GuWUYJTrpzV8AP1cQsPNvzn2YK1ebE2QeTaaWoggSHe1,2607
ApTK5W6HoCKhyB774efkrB1ACS3nmY4qLgiZ9NzuTJBp,2615
b1sL1MxPYNcFryDbhwwMztqbLf9yVqirAg2M2PLMPPH,2618
DgsjhSoP7FNK9HWNkgbWvHkgT2gQ7i8PTo9TJESwStx8,2612
77St4ngqqgnzzjkc7J6nS1xUJEjHzRsYWx9CwLKRpFFV,2608
FQrH28Cc2vgNEgHhtTqwVJheUtvw3FVAertfg1xzveCx,2627
8LBAxsfZ88ojsBLpk5uxkaGpHKcHjHahXE4HFYoc2txz,2515
JAzYBxR4KvcUY7EerWFCzuwksjGCwV12oVfKnuvjWGie,2553
FqgPfoqKcWfDJo1TX31nWbnc2qfVRMtBX3WqjS8ZujUD,2557
Ch6AAFcsPU4NBwtonty6bo3Y6Cpr238hXhg1HFjXhs7T,2542
Cf3pWc5hjzzYLtJLsLYCNFHmS9byHRtcBh2Zqq3TKb9,2560
2seb8hRzcrqHzsJfwT8ZLRgh5BL9J4xsxv7zpRroVjkg,2561
HwizTPUZdAaxcNK57hMyKHwPvMY41tj8Ctbz8977djcC,2542
FN9pR3TZsHTSbhUJWWraw2kFrftqFHjJ8G3vtHuU9Z8Q,2557
ASpASeJFfHkoJtWiXa1qQ6AJ76sKJrpykYh5W11oKy6s,2633
4BgdPCE7SusT4UQq9rjXhCbEBFzT3xk8wmp9hW6ESqdj,2632
6nVb3HeBnbz4Lcsq7LnmP8RCaPH5bB4JJDuQjKpXFdeY,2558
A1ztK3cRAfT9np9gA4VnDkWTnxoq46ecp7UykK8gnghY,2545
6otMuHSixj6XLC8CB7mwbgYgqixKwbbmn11BD1k6uQvh,2638
9QquEKWbT74ZJGSXJXhpXuyKfabwiWcsuZxHYosxqjwT,2563
FN6oPuLJhfZTTq3otkHEe3KiRt36p8CcrHrTLkRVpzKt,2628
73P58d8ksCfiP7e2RJxXCMvGdhrXLe1hTZTAATpx7LiM,2565
9CPxGPHGiCVF82pqfdCLtfzaRLB4iBj9wJLNtwoU635Z,2569
6wdAzmiKLs8ja2xPENKzrs46XRXgSzdrBfFfkVioHZRC,2624
5hz7fmQWsaMBV2rViN4SUKjY6jfvq3KxVv9aP5Ke8Pn7,2552
48ywRJVCdS91mUNx3RRbnric5LmYDCiVBX8sdwakok8L,2554
GtAeMmVyMDLHTLwjKb3ryHxmp5GgT4nDPJnEsaPjsUGd,2643
B3XiFDMpwnUxUkXBLEXP6fQkpKWg5fBLKHepp2UNsCBm,2643
HmTnjZsHenE5HxfvT3KpEpz9bKPj4Drf91RSCjF6PLTk,2645
4WwbpjfgAWvcs61mWtKsaiN6iamQWKpGGtx8R5uR8nVY,2642
HsMvKoFa6oxLoJyVaGeZoZA1UU6c5oG5vwHuB68uXw6t,2635
FxeHVDRxkYjhmSq8hK5whpfE3bqduWbwZCCqAqqJrzsG,2627
2TgFW5KozSaFnx5Fj4gr4hQC1ETe53qFU4VQoDtjzGXq,2645
BaB3xWV1rQDWYH6wYYkDYYaMEJYJH3NRTvGUPbbYu9Lf,2638
6poCTJSohBw3kQr3LNcU6erhVHdRZNr9yAEr1Jb9u7C3,2557
CwA5at98F821e2niuwDYkh5uUvo1P54U8ooTaXQLdbpd,2660
CCsbHZtPmVGRWeuZW6cwTK1SRMMbCCCnEkMWifaVMh96,2672
Ba3jWMuNwKi7HS2fRQE7jnasAkzBXAqVJmcNsWPxhzor,2582
9dCskCJvy7GwHHkhP3ruGEuCvwTTmaPUXfSjsEcyHwdU,2539
AXDvq6P21u3VTqMEdp6cXd1tSCrmWvBmfqCGBRxb93VH,2674
2AF5HwNqB9uJQVKAxchU6hfdEw15EHSp4uSiu7Mxkg9v,2678
HPt4MN1pfW47fZkYSuuwCzFkSvQSa1wnHWhpKMUAutn2,2694
Gw7Yj8xkQvUkmfrtJ4ajgyAz4iuJDnVqx5ATZs3XQLmN,2629
ExYBstFCbLgVzZsjHB8YYezr25ezdq4HndGyRkhBWXt1,2611
959B4R9Lvcrz5JQGeUrDbUVwahALLNUZ7FgEXfccxM8o,2703
Gis9PLq2SLyzFM2CjnvGEzSVTKqxynGvzdrsvXNvPy3o,2704
3oEqK9Ufs3cUAtNMrpAbTd2fMxKxLhKZtn5VSEV857YC,2630
3o82VCr9X48znU2P8crqhvWEkYhavtjdJNiZfGhLJMby,2704
ERkB1Lv4mUL512Qks5Dn1AgWUF2DSsVAnEznXk2JnMus,2703
5PWkcvYRphHMTGW1RPMHj3n5uCudx5WaRXbQ7rcnR4Et,2705
5sdgNkNqWKpdSq2S3RhuY7R2KERatgfc3AWKuqpagPY3,2631
HKq9wnZiCckzHDtX5vahhCK8mbfUsjkynFpVEUKJcshs,2711
4NPcNRpFJSd5CuVfLgmTrojUG6enhQ8w6LhM3VKyhbyb,2637
5jMnYpJEAJGj8CkgdLLnqnF6fRxqNfU7KCrn36A5g1Pu,2726
EkXDnAkiEaXN22t9oafyRGUxuQQLczG4ZnGapnqA3Bkv,2726
BAf7t1H5ojeBfJ1ApRF3fajPvBNPpCpzU9eUrz7vW6rz,2634
8RvcBmeuqEE4yrNoCoVvWmtb4LYduETAQa6EkTx3XevU,2713
C7nzf1P2PZSoGUEgfFHta732EfxXvKMGBg3pL9kpP844,2637
Ch3FNJfayoS2aZbnrjHr1KxHL2k42B77e94yKdhPUAZB,2715
Brswsrjvc1ok9wQfPsUkBuXWWAKUcyrmi8bWxq5yaYG,2722
ChJy6ysGoofHbdTBPJvKimypTV7wtJxu1afWpYUH8jac,2638
5ogYfhFGLRCq8z86a4jMpM2sXLfo5QegNkkusfTVYEaM,2717
GuBkC8nG9WiLM6LHbiuaKPwSkwezK8PmBi7sUiUWyMa8,2721
GsvQQhzpRzLJ3vEF2LKG6emzeeN6VsSewzSH3wch9bdH,2738
CVxTD1bbKTru49zwgGBhwCZgsBGdMZEtcruxouDykeat,2742
6P3vunQuM9UXnmtbcS8DnXeiHhyR25bR4BSsjFK5wuXZ,2651
7RPTcoNKRkXJXBQEoNrbCvvaC2PuYWG54LZUYH6wYwgE,2650
ANuJYw2pN1T8cWKKrMgysKVorG5omb96ppLqG5qAsoYW,2749
5wvwD6ae9K8HdDYC9KBFzLRqwGK96ZRKJh4VskaXGcGv,2725
7mkHrG1TAaQ5fEy5oW8Wate49t8kUQP44Ln5TBgwdNAC,2650
F3L3sMo97CDRAUh3v6aA1UAxV8x9d6HgdBHouvsW2t4F,2652
E732H61N9PNpRCrrhqk8ffsA7ftaC7zyd7NLT2YS5pjA,2731
8LN3F7e9GhTntCaMZxKUo72JJNqm7U7BFafVk48vwx2Q,2753
BFxNbVNHa8ghqqqHgVL5NKL6o1GM78QtWNaA2jmuhf4K,2670
BhnKXfiL19wgQRsV5a2CFWHiL5DtRkvy67bxXrHWSGms,2672
4pqP9iLzcBNkDtmW2EYQTTFkV58wRHr5Aqe6YPgbQ97f,2748
E1uXBSW6MjwBhHa6Wp825rPP6iw5mhFpXTm1NcShpFhX,2750
DMcUui5zDHf9R6iax8bAmKrsh7mMETm29Lk1YcUGu4dP,2676
FmRCMir3bny6DiP4B6aJkjaU1xECZGLaD6Wb3c9T5YeT,2748
B77a7LnHAsNX1GQXXetUXHBeQzaroJzJTKurWGHUoZiQ,2736
CDi4CckYg5Uq1eZzoXA8ZSwAW5sz2mbmtNCjJwCHkwD2,2678
3gqMcsHvXygDJFoEWoDgbQ2K6KtakxDxyGh9XCA1QcK3,2631
8rJyVq1mx7RAG4HBkh3bCnYN6v3cmNkt7aq3UgqLPyBG,2656
HTVfE2N1p4Xtku8QcMhMogEGTCLeZvNaVrz4PpHQ6H1p,2752
BxkDZpgAU9B3SAWuu9VxdZjR9j2ZqYBQ59WfHwEkvDvZ,2732
4z5iuawVvrXLNYd9d6ZzW6J8n26MSSet4s7TAtQP7uTw,2739
9esvAX4uib6ieHr2j8RhXbQdEYhUu5FRRTdY3EAnTTXP,2661
9G2Rg4WLzRwPLBGAvPemJfbG76KJJ4A1skWYeFJpXFew,2661
8tFDSAmPYoAymBVvmt6XnZqJenQRtg9MX1RXxwAkmu9L,2662
DFRVXfQFrY1rqiAkEECj5ep6LzLSorZLpeh2s2546dnp,2741
BB8PVyCD3tv1waYQqAsmuKgEwp2ztvS8EVUDXCuzodZ1,2752
BrPrSgQ5JsetsjQ82Gkpn1UYGJhux2uEChLbvEkEVDH5,2734
83kWboZP4mZNQQEjYVTqmvgAteqLDBdccr6Fp2MvV4RK,2743
2MUCXuvT87yN9P4TS8pUYsgjRakXbHcMNmbMXwrsxRFm,2756
Bm2pUFu12FJ5JZHiPSj8Qh77wSYhmFev83A3S6dWYecR,2746
6BryF39RZRqaamdVuDTgKZkY92ekK2NL6TTyjWMSxBu7,2682
8W66GzjxFTfaSMuZfWCxjW335uMGTJXkDdX3tQxeqGLy,2769
6aVNCD2Pcz7Vrex9rGJ4ShrhZsRdLTkMxZU4Z4rTwfLj,2819
4QU2ZBybyBx9VD7B7HekCtCKeJ2YLqZAFEDUKSA7YjDZ,2730
G5c1sgxQxfcmqJVPdF6bnpRDNqtpNXeT31jG3ioDHBA8,2821
CvYgg4jsF7yHKfVxz4fZNp4LXfsRsn1un4eDcJZU9G8y,2759
3r15t5q2gr1qMKfr9qYrX7xa3SCwR2QiTPHM3kTRcXAW,2830
DmCB5RTtZa6YG4p2jcmvUafVNonU6qoodkMkuV6dLm8A,2822
HEdAZDtQTXTSJCWCQ5HPyBfZjw3r5MtaCc2bdLZVnWJZ,2844
53aYGkbCqmXpq9D1qeNFQ1Tf1Ss4E4ywC9keFw9AWjeV,2841
4ReSZcguAEVmTmj2UkJovhWcHXszdgPm8GxJi732BYJ8,2832
Ai2eCkafAEMF47dq6ZE2AZPrLioPaMdxwBzWDNmZ9494,2779
DFVXbUvAbeugDr16cuZjKDAc921AVEKELpyunbFHMoCT,2801
GsRKAL8egGXrSYkjKWr3TiTz9k5CqWfCrSTzzNJ1kG1q,2828
6C3qor2chHG6UtqDd2HytbeSrFYJfTm4krjJJwqbXFZg,2835
Dgjm1H6ifnSvam4M6hjS7BN44qVV5bKNeEE4mp5jaAm8,2916
EcEstyeif7tJxAooohNms3o6cooY6gTwFiaB3Shg2pnb,2916
9dejNW7dwBNgywLPVWVDYAqjvJBURCvfqji4CwsGbayb,2839
8itRG1WCLGSPau3BwTsa6HAoWXCFV1YiQUUvEKgrEDo7,2917
F669bXDCgesWDRCh3kdui6zhnzsrZ1gKXJ3dJsn4EVso,2900
G8f9K6WaXee96VmTnmRHpMUabwJAAQfyBDxfoHMvePXC,2917
AiPswGva9HBVMMjBeU4SmggKRE8h1FZXvvK57tNL3eW6,2904
CZJPLHzMm48wi1mVehTRWDGwsxkJ4cUSEsAAPhGqz2cY,2842
6G1bzjChsbEgJMHtSq9v6T2BZpvBAkriabLNcQvwknif,2907
2RKm8xrmMDzNJgGLhbHWrk1ZmJiDq7F3CxBqmmxN2Lrj,2918
272cKp8VDWd2Tr3LYrUyRqnqkpSwPpUgeTqfxjJoxnBJ,2916
J4X9P5mxwFDoXYvV49v2xHPCSeRyDk2YToKu2QLso6Zr,2905
DA5Be71kuxYFekLhN3drJJxJ87Nab6iSTGzZCGBRdU7D,2921
DJa6N5RuEgTq8JDf4MFrSfDgBGznrdJfjFrW3jPL7KQx,2909
ESTNQWg22CJYBA5ignQKZkXUhXARZj4XePG8nMJkpz9D,2905
HZQ5wpAey74Fq6cfDSBhKbGwNjdRQvZSPJhWet3s4Srx,2910
BAZoMjH11xQ45wXZvA3JcATqNQ6Z2hjBEnAiUk4wEz6A,2923
7m2W6sKr276ZL3o2LqvP2qzXHSpUdGzqKwav7oCMCUB2,2923
8o3LcrQ9cTz1JzzsDK3dGxeMDVa25EWELxfq9hJPNtPG,2916
7HDdpkqQdgAhNN6GZtzHWNHhJM51EXnb2Wtw9Lyp3Li5,2850
4GCeoFxjpgCqSKKfMRQvH5m7J8M8eMSnNqpEAmzRy2z7,2924
5QmWnz1wJz9TLdMKh2FHDdXamPCsubhXNtm6AcyHou5k,2924
ZDYRchd1UAfEky8kunYqqVqPtTLzNpnhXcWbPj75xGx,2859
RAfJDmWeUeMgiiejz1B9GLiQfmiFkVxTVJvgMcCj5Jh,2844
CSEXCHJ5DcZngjYYvCKxGGxo3oyp56uHZCNwRETuRiuJ,2933
GcsoEUVUyrdrG5Eg8B3rcLVzt8MhfELVQxMDuYmECBxu,2931
AUJALRyjUzmD7WEtNiiibuzVQDpfyL8NEudBejJmdxva,2918
A3v5wdVNFRqmmuTa9kAfu42wM9Yg8DsKXSrcEV4kvh4L,2932
8PKqjfeqkDrto69uymVJS2U3ktoMnLi8fKdpZBHJWhTp,2932
4sc9Bwvxcj7Ve14PzH1cFFbvnYVsEDzAoXAienRa1vwd,2922
GrsAQwJkQ9XnBY92cbxDVshNDbfXDUCU4ZV5pGAHQst9,2859
8X25NxmeVsU9sSa4bqFASNgsw4JqoTz2RTfaD8kietnF,2935
GtDXCPJy2ct4mgS94Qd35E6MLDDN6Ux6nNNpy7Y3dhHT,2922
BTspbwCXSw2U8jSCPfbrjvvkaosKwofUEKgTGSfNc8LG,2858
Eu6BYtJsgs6umBgWC7GcR9gqnnwz3vWDU6pohgmaxyCo,2936
6NtkqxrL7yqs71FheuoPpu3bPYdJ1uRHZ17dCFJKHHQ2,2862
Cs93zWvHE7aF73G6FRZ7XJFWBqd9UFBShtBfGerungux,2884
EKzcWercDKFqQDSpghfN65FEuNFHmAKtEnMgQcQmdEm2,2942
7qh7ukvmGoKWSEeKTSsjzk3KbFm5Yb9pLdKMx2zFS5xT,2876
EuAGe9e8obudsUVKbkGp8E9QxrBARtmZGf4NaqFqTNN7,2956
4fEaoTf1q8ZUBRK9x1UXfA7VrLm5ZdtE1VkuWmFL52VP,2944
9JxezSTvxBxHpTurxD89zX6vfam3E9gK863LMLgbeCRG,2959
48boNySpLv5tVUXAQEzDQhGVP2QauVCtjMTK7fvxU7mF,2961
DLk5wZJBAYwByYFgfe6WPs9WHWYwbJvFKH4xGcSp8WEn,2948
33G27cZLDQ7ScWhLqugykqqH4XZpZLEb41BR8wwqrhmF,2947
3V93YVjMDCq1eNVGjPN9beCxTbr5wRCcsaYB6PAfE13h,2884
FL6RF8GSxAjxEw9XeJm7pPNmXbPrXpVimHgdVJq823Pk,2948
ru6NqTTicmND7USj1YyFs7k8ccJfyXisFDqtSws5bFc,2858
8qGwm1u8poMYTX36c7P2oRr4SsbYBWoGPLZevWQ8PKf,2880
9d4upgHpwLFSMGHgYxaKWU4Dtcp78h4XsTgo9DWVgRGn,2949
6n2nGWkXVVBm7bytvQYwn5sMsw3V4ZKc7HbGdvms2HGP,2963
AJHVr6b25SFNuoqwBGdk3y7nokq5vD1bQKZUVhjtrPt7,2951
9UKWNrZXx9gi61sJrQNEqf58aKsjCs12x2UtMugtoBS4,2891
6QJjMx7RBAFHnFhLEU3o25LFvxaioZsD1WK1n3SokqY2,2877
HBfKTVk5d8CgmTmTKDtByKEaBP65NDiVsYghnWZjPF4C,2877
2h9EV1X972CrpkvwTMbHpwHLh8p6mmftBSv4eyFjNcSd,2967
BjsWVUmEmDiCmGBdeU6zvRKRgF87EHteYWPkLPNMYTff,3030
HSgaLeFfxHWLXjCr58acymgLYHj4C1x7k3A4NazLG3th,3078
CCShGAzTeJ6dMKGqcjUjcvg3qkcdAnAJhC8YgLq3zdZS,3073
2QNe2GAXvHfNXrDTbYdY4TnCcvYkVe3joU9gcBmBQGDP,2984
6MTydRxipWz19SCv7qvBtxrvUhGLKAxTpYvU8rQrcr1g,3090
5tMNkEmcKE8VBp2vredYBXyEqKKbnXoestKMVVCL24TK,3095
DnJEFQEmhDWFcir2NbkJ3m4cNaY8MUDQibf8SJE7wJX,3105
EoogqaQuohCpRmmDCAv25ky77Ru43yCjhceyqxpszS4v,3110
7Kjd2HYPbKUPukkrsqaoVKASerDZAJPSFDWH4kJTEMqH,3107
74iuxCANVVqNAYvcVcAfKAEkqHbEopq5sHFmQQHWeCes,3111
tj48sqwx3BsvqckjCj8H37HLmrNjoBSP4cBxTaJKdNR,3044
9L6FWGv5R44WkcuGTtnsENYc7gXuWTo4zebCNSaynWKE,3046
5KPKhxUTcbCHcXLcVoHzzkJyZK9DsyzBUmtQJAu7Wxed,3049
7MQoUjKegRHB8itm28g6GzQq4Ay3MpmBjeDS7gL4QNtc,3054
FjEAUxvBTGQMyqRHPBrTKvPbjMtMZJawpii3JuKwspq4,3125
HnKisoUJG58yghXcXgVfbGRhnB8x2NhQSrDtEbRPEbvp,3126
UfSVdH3LJxZJXT3wzssDvyKKa7ZRs1HgsuXZW9Wa7yA,3037
6sWUALCrgbxQQEF62E6fb4xcxT8515hNjXPWiFtd3Gsx,3129
6A5DeSU53N6ji4uim6TysRr5KdZmAEPNSTTGqwbMj7TK,3127
3zF7o8QKHb78PPBfWLGvhZV36m4hRVvDuNve6XWc38rd,3131
GNZiVBnc1R9czBYLjVysi7NkkofagRpEbCr7qg4f5zMS,3041
7Tentudga27wn1QHCseKLdaKVdLop2prHaNLg3Khn2bo,3019
nT95KphmCAiuXQGqnHBGhboocUWwamLTJGzMvFhmmN1,3120
8WW5e3f7UWs4seLHCVybsXoygYeTtqFJ7Y1Nk4iV1973,3041
4Cc7njBUw2pNQR8EftqqpSivPxbKzGG5twaUqDa2GkJn,3131
94UUC2cZ8GiCLKbkGHBXGZ5vub4Fj8bv3x3ML9mkfWCf,3133
GiWYUmEBjWpbq8rhQ7jUC1NuesyARsJAGZ3e96oLVqZA,3141
27MuGGc79wQU8j2MwQU9zzWNrn7rewL9gPBjr85xgfgz,3141
559ytkhYSbxBMVa7KRupKkxRkHKqiwx78T6QV1CzDtM7,3131
G1LHnjBTRHW6jbnafVXohJcrXLUzatyRbvGvK581zBoh,3137
G8s2E5TfLDMktePaauuJDQTHbwCT4FMVuHd7zLsX1w7t,3063
HEMh48W8aVXN7izYW6Xy9k7gMyjUbCVH5H5DtmNZSoW4,3128
GQeiZvJZG7trM2iMeeeiJgSq2P6mzRhkvwrrmh9Bsw6M,3048
AcuorJ6h4foTqxkjcfRLMnNiXA7REPQyzXBRgZDJrX9i,3069
7UBx6Pe2HB5TKNe5cgKoBL6CrdeWNPe11vkt417nA8rF,3026
FCTMArX3gbpSQjELqQx9RcRps2PJ1kEpwaVJKTZ2MeG5,3068
Amdc6xbSY3mAJHD1tLPkE8A1yFkwZYcqpCQBi1q8Tops,3069
FC3Z8ULioRxVUyDR8TYsWUnWPMXrzQmupTuM6WBbgbHg,3251
JDKNqdPouNBaERtWthySWc7UprVnthyfDAawVX9QHrSf,3182
GcBYW2D4H1VEainAAB5EKFz3UPhvoB1eLNdJqFkQmAQs,3254
ALhC2bBfnPGn6qai5SgDDAJojCAGtyQxCKmwYPcK6Nkm,3135
6aWNDgmNvLYC3ZVhymEHJJPDfBVuuVfvrdAPD5YwTvcz,3275
3DdSCCLV7q76drmac6iBrDunTfekB76cqJAuhks9RAv2,3226
A4hQ6ReSAkn8UeuVNvBe6FH97mPkwY964ZsH4PskhEm4,3206
4xD6TgwmpY93r7D4HaF25XpdEpTbq9d42t551XTYNNgf,3300
9Jfx5VNLuKkscVQ5Sf5HTEkFEVH9UFYaYXZWLjnEHgAC,3206
FHZPgX2FX39iaMfLFuk3pntfAsaXAEbSBUDEVGHKvHBA,3300
Agd9gjbviHYUPt9eYtaNm9hPyU6DRScYCD3UVqxjoyje,3202
J9d6wJroCndy8V3J3wdxUm8eqAoowjbFwhLj63Cv9ePr,3283
9SNfd24TWYt7tWbkabsrEAFPGuFfXxTWz15NSE8GKgVe,3287
2wX9thgQehVa84XbnLcFVSLsxTUUnzn2wEZhBQVvaFZV,3184
6GvnVEWKsXp5uhxttAiQJVQWvCxQGu4bv4eUEUz25xnc,3208
FMR4EpLqo8DkyiTgWVCbtHTA2snpDLXX37RautGBgsCy,3211
6xop5dxMUpyUVx9TkqyVGc4SitpRzC9BBcyYezW6rWY8,3211
EChTMaifKTmFFQGPmhVZQU91PqhQZCiJbooM57o9JZCa,3216
GjHZxTt13QrubfWmFGNYG3xkih727MWe9N71oZuwQ6Hk,3217
BFK7znQYY5iQR21jmTFAZAr8pKm1u5CCGmudq53y8ng,3215
H2SMi3e1e7xS8cZPdurYmzjvr6Px9kCc2fXV4LxTQf4M,3215
2dT2fMz62A1GQ75dehtd8Cik5a5AtthrqXs8kbLjzYaB,3218
7tnASwDE99MmX2mUswMnWdEfBotkds4eE5smdRpyYF9N,3217
EZy8sUESNcu6XVajPobmLUUn69AQdNx2wBHrNRQhHHP3,3317
3BQ5vy3FvtQK6tskQBYxuZnUPQALhHHDjo6nn19rMG4m,3223
7R5WJZZGDaGrn18UfLxKwFexZ1sHTCqCcBCbviXFH43,3224
GZpKDsdcsdQEXjxd9zj86MB9rf98jFnqndB3VY2pRx4k,3222
Gu6SZhDspdhsGGc2yiXF6WG9bS1MstQczAafs3FtswXU,3223
Ch53QxrAWrS3W5gvuBq3k8DEU58DazHnmmDRdtnkL5Zg,3224
6CZeeGG8whd2xXgxqNuBeLdgTx8BDF1cVgc8fPYS1TWU,3224
4LZPo5xte9G6p1WeDUNQbkZEfkJDELR1hQqrskaN5Roi,3223
HtxvGdCf9Ho3FshTDfQrjyayc2TZr6iAFWGY5yMX5MsM,3223
7QpxtSeP4T67xVyTfZuhhH7Dzgkux8xuG5hs79yf1zPg,3224
GgnB3FbZaKs9nokTYh3wjA3SuwDFsmwGda9jMawEMFxN,3227
AyurXwT2Qifwvcx4jNckpXfKiHWPbzi3LSiPLbTdrR9F,3226
GewgmRRnE2LuaGMy3t5SRUs6jDrgcZXHUbeiYqYtwwSp,3233
Fd2gKbTN8b7fjXmk5vj297pCY7xpyT3wR8j5VjULmY3E,3229
3t33zhCpbFFZpgZ13owbGXsJEaJx6nRkyD14oPSSyqfV,3331
AVJQFAiFihqSPo28cFLcC9yMGqkxgUy3P4kuCWeau7gT,3234
3rtm7gmAHi3SDbkGzuKABA2ApvbpCoP8kXhGJu9LTbj4,3236
BDxbyf4xXXh387FbVTvrTatNwUBe6c4gbHartLLoB7Pm,3234
BLc7VpFzYAhjadLYpdjB2WXcwXsC41ZQ1REfXbxH9kKA,3237
9EU66CEAXckFiZasSBUVoUZU7PADBMqNDzLvWesbbXqn,3241
DpegiCEfRkwyvvvABstJFeAFzMCbFnfnq9JZCoshZfeH,3241
2kW9SAVjjY5HK8M3XUjPeDLkiWmQLzQ2xE6B4KUjidxb,3371
2rFKh5wA74A1amoC38KKqfPXrBemhNLvjrpL3wcmZZtb,3365
8vhGdYKxQ9fLmQkAjpxmdGvRGbV42xNAvHMeXPPyJW4d,3382
F9FYs7i1UrqoqKRaE1YmGwTUKDTNaDZgYeow7h1bxN2K,3369
F2jQn6puhXXoXpwpmhtp1sEXknqacYruqM6evoja2qcs,3384
5GZvEtadmMTgnqAm9T6ugLJHAa7Qffzyv8J192DZ8PPN,3385
7xUnAfkE1FySUBh7pUA6XcrpFfVXzGYux6S1J6zopssH,3310
3H2Bcrzp3xPZ6pUFTT5zGFzBEpHsK7JfNnTNDDSkxzcr,3380
EnD3japZrKwA2rGYYVDSG5vo3mfGzvqHBTerArv2qcuB,3389
FQJhyLar8tttNM4RKs3tVSGWhqvRBHCDGbRiCuJepVtP,3301
E5JdyJLX7mpmfV1f43ssMqDJiBy1Nhi7MHU7TFghGzHn,3376
B4ieU4s5TbEDvw6oRZhF1cMKKdAyNjCKWMfyY9K6JLmt,3313
4r9aTxPoW3Adntu5wjH4ZxXqyBYmAPbvmY5V1eAG86i1,3303
7HdYJw9NWxmh4yP8pWa2TkxZCjf7iDW8H89EZcJp65bf,3379
8KztZrdemjwAqFKwYfrKJNJWirTPteigXLwF4EYM4KEy,3382
4TQQC7t32zkAtkGauJKMAQEjxRAzyzd6q8iSvGd2hKd1,3307
FVMmdJmzWRCVievMTLyNBXVcKEnLwUoKLk7gRXeZSFcN,3321
ZtDJMeAXX3nfvSPfos2Khcy6oBX8WaDs3ZYH8PhP8DQ,3381
13Zxxe4LfzWr2PcLZkb5Tu3EwKiCVBzTj2SaFt7sThvv,3388
AxiyQ4raYzUUpfviftg78rcomRYHqReK7v42GeX2Z8VR,3323
7G2ussdTLABZ34Fqnv2iExeMaf9bYHDbVfhJmE9Pg7VL,3387
3ccc6iEFLt23CnoTAVXiaP19EabP7jqVu7BtWsYrzgfd,3395
5BNRkK7Q3N1cjcfWTQjABcBW7moMLZGRYmpjnSzejKcC,3401
8L9B7o4gR59X74Q4nmAoeEojA8gHGkpSDRW8TzFiB8dF,3403
BdFEBdb6Ck9BD8FCCYhuhXYGEFacEPZ3MAY4TKk52LKk,3312
6MGDSLZooRnsXqFNZ4aucsqr8Gn1SjyGRoPiC8s59XAh,3390
5zzwWE2pVzt7pTqvrMbJQT8N2B9cns18xBqCLgJhzj7P,3330
D6sSWBe7fYnAWw4siqg4Y8y2x9KXkHhfTXrFMxxF7KVL,3336
4bapLp4idcWxmSCZVhiSZBmnHyVhThuewMPdCva1Aw4n,3316
5dGWtLM9eNgYzbzkJ2cZNvSirxq6JsZw18J3XmiKMco4,3402
ALTYCwMG8wbsbMPR6WK3Z45BDXXofLCo6xuQ35D8fesN,3411
renDC6YXyPz1sUkJ879RTcvPxat7nQ4Rmj7nyRfrZu3,3333
4PEBiZYDQzhFN9H5fdZZ3Uxiffr6W8j1tdnQXuvYdeDY,3306
8LQSb9vuteeuRtttRNaGhCbaZX1ZT3qre5Mk2SHWoLkv,3317
DWMpLV54jjqFe3Q33HDmKMTupqZXbXV7R994Fv3my1q2,3319
6KNRdpjmdsjzFRpqHHuG8YKJfr5yfmWAw9kueur9uGvG,3318
3QUYY4ZRF7EjuRfggt6HKN9nFkx42MAP6A3krUF9Pm28,3409
GTzt5RVHpjyScxSGzL3m31XtsYkwPcNYxoLf26Quphxf,3316
9KmiRss25hWuXLk7BqCWe18tFmip8J82HrbndkyGV1jS,3318
CEksVUEeFcmQiweioT16Yoj9z3CsSqXiiQC2mADwQ2wE,3402
8rjyBc1AeFn1VoNcf1EtLMaGbRy4R5A3hY85NsyEid3m,3413
BkM2g7bPxGxPb7UMcqF1N6n1i3iJtd2F3Kap5x2b9dav,3323
HFSjhks5MwtdQJbd7256KG7MYCkfEBEiZdQNo2mnHvCr,3323
3sfoZV8Kqj59yd2H7395uKg466GjtHANi3A2TDbqoZnt,3420
5PmpFYKfV1zt7x2apFiLxYhyL9KbVC9KLXPAEKMXKC1y,3320
7FkdGurX55TPCyL9Vh9LoHs9UgWkgn8u6RAVv6Vr4aXN,3326
5SkATU21G8HZmnjYNXXqSYm8QjPUH2DcHJHnufC6MXa7,3414
an4GVD2Wd3WGGrCLUPqwjCecP4urPw2e5ZpHu7DbCa5,3325
E1oC5gNpPjnHjWi81KfLNEqi8uLn5ksdUKdNtGnbqMMR,3328
EC79VN2tWDW4UttygFMBehUt5brKXTHQB3R3ThTjJQ1h,3328
9giU86wmwPYPhZWhzmx8V1ArenXASpm4z6zdRZ8xyrr1,3345
7JeYvsDSdxAY6VjrEA2i37pvSHJp3HyYZnBtfrDaDHcK,3329
558JaokjBsKZasRFVSojEsi2zJe3ZyJfgh5uShyt9hqo,3332
GnDsytw4DyX6GpNkfitq4RmZ8f8iXuTQnHHTZBKmfUsM,3328
VNNWod2cwpULCRwTgdy2JLRh8GvtacztCMtB4WMCiaB,3435
HXvHkN89LJiCU6mY4ZyLq6VhpqLB9mRKX8eo9RqN5qP6,3438
FLcW6851w3a14xGd2n1LCBkroTZLsnfi4bcxaEo2xESf,3344
7L3mZPPTCEuTnwY3z2rXeqdXgXWuCRNudG1JRNmi4PWh,3358
3TjkWcWpjZxVT7cGAABfNVRDWCUJBnSguiddEaNFjrpB,3363
3x3JxcGCCa2DjiApn5KVbc4eVn9iU6H5A3wY5funp1u5,3437
5q95dZRPRdHF42CTjR6bVcew85Hh3FJjSLC2i2VWMDoH,3363
2DSMZmSx88QWRoLnn6pXoEXRkHcN1YZEnqg4pgYuJCeH,3362
9seAzEQetA622D1mrKXaA4S4ekvDtVYwJTDpHPYcWv15,3348
J72rpxQj8QjoK5T5Prj1AG11w2UQ4NNRqQsVBsAJQoEd,3348
3J8ySuBAXGvH2Negn5R1Va3uD2RKJHd2kpqAEFegknjs,3347
4H5zZ9yELV8B5rAfKt1PXebLZFwVUnBdByfREL3p3Fri,3346
7vnA32QpqwKvfG2dtwzxMEzngjWhnwxmx9mxcXhAuneY,3436
5xm1XNncEH4RK9GqdcFN2DKhRM3ofkeRL5jQam311dyJ,3368
69S3jhBG7aqkP9oPDnC7sk3adWdbHSZcXHRpu3BRZ6Kt,3365
229vCwdkktYip7kkrrAttNdNh1BAXBs9t1M33GFXvUvm,3447
7m7BHbrRhFQmhF7zvooyVDyipUW95nTeG9FNvynXxcLV,3441
EGmjzdS6TcdYxzmQxGx7D73UYZiAjS4mwMrHwn44X1va,3429
4NHsu6bDvL8YbcqnJ2AoEo1gs5V3eFHh5ffTQGSxiqn1,3428
2L522WM8t9Ntj8qR8jGw52eKN71dWaWkA7m3KR9ebQdA,3358
BUVG6bafUk4Hrg7NVnwbCM3PHAyG9po2XMKTr3mK1Tvh,3428
9DCfioFTeBYMNN5GqeU84D8bBMNfgMuche85R9bJH9H9,3369
7Askof5eqW1mwW3iv6Liuo7a49NuUzUGqXfGwyLnjKdU,3431
FZ3r2ZFwfyQrcT9W6DHJTr1E3DrB1Qrc6gMLsTD3xxzS,3448
ASRY4GfPoQozHC9Tc6eDP8pwcovpEvwESKQMFDeuoEuW,3357
B3YtY5z4JV4E1HTvZRpgjBR9ntcozaeDLpcTAY5pLCz6,3378
CFBiVG5pPNfgBw9uMtu2a9yM98imbqu8QQGu8XSEXw8w,3381
DVku4c7gPmG3R2ZWBWfs43jVKzCWWf3CbydwzQBMQgQT,3444
71Tfc6d9rYiGvtvCoW9Ef9Nr1N4iLPVGckfxFnQ56VMT,3447
HyzgfcqwykmsxfVC7amZDgChKnB8UT2aFzj4SdvBvcGm,3378
F5eEtT1PiHpcZMUpeZHtsrsTNoiCbCXUZvpJGeu978P6,3454
GrALgN8KbhuPVbvq1dce64eohV7UaqTScUZnN1JGBVuN,3369
C15W1ZYZMuMMCSTMwBj9FAm1RYzV9BMcY2Lw1nDR3GJ4,3375
9drZaXc52oEGrK8ydxzMmsWE93VXwtnsydXoTzEPjorf,3383
89jJbhfzaCdbXXtxXMQYCekHtM121gyuFESfDcTMBRu9,3318
6vS4M9zHmR1XHGN2t2ufLavA26cAZmvAAoLBJkpwmiw4,3382
Ed1373FVCahwT7isMEG48WAFK2m1D1TyjtP17MHeFF1Z,3454
DhsNhqKLN9KSMcgqeWGTdatdhHjpidLEF4Sv64Ph6qu,3453
ByqSoaAk5nB2Z9g6cedPzWofFhkvJpx4LaanrzX443m3,3463
94R7hE5GUEWAFDG1BfERGVXi1P7EZGiZAKXUYuWzR7Kd,3457
DmJEFrT7RQEhr98ZjMVYY5R89LFCUKMPLjKN1NyCpfXK,3362
8tRJkDpKRsYdKUuxRJ8JQtbbCDf5pTs2khe9J9ETDAqo,3441
D2ZH6DokHL1dbPVnyjkrXZVSXrZnARR4r1mSVYTp5Af8,3385
6D8sg3RPzgUCn59z5mDsv5F5fVA1jo88Gp44q2pWV9hW,3369
BVEgoBWfBozLQpUuBsmiFe2BtSBUTfdnWQEsYASEY8K3,3387
Hb12WxPDqRyDKJfS1TskpBXrfzPosJRbc8Jxyu5cHnr8,3348
6zcYPf2KkMpf6yZpUGmSPRM2KMgmd7cJ3oXg8wnNLNvD,3366
4UJHRPJgcJeWjQC92msYZFzu4UXVG32qwLVu3ika8MK5,3366
CtaFEwiWakkjfuKPeGbfM43ddHXN75iTpWy5KxUPejrf,3453
69H2Hb9vRRJJMgmeMG5KXm3dfYtrtCMYaP1fnXUfARgG,3467
Epaog9FRcYo5q41drcmmunhvrFa81H6dHQL3Ztxp1ViN,3460
eiGhcMV9ycKQTZ6uQ2m3tDSCDZGVJbTktdnGV2MsR38,3367
FLM3bwdg7i3GP4QLNaoEkRHEZ5sZiwDCaCL41MN6ad5u,3368
61iTGKDVofcwgvHsYWr4dr1xNJQoFKFt95E3sJm3KEHL,3451
CXLQf2Gozdq2wGdHXxYFNBtVqFkLF31wSXQp7rhF3jq5,3370
7q7D81xMW831bGND87PsQSKaAobMvjpXxQALShHWhVrH,3372
CAwGUY4rKMXQexQu7739QLENKxLmQ2Q3wM8dXLowXguw,3372
AwsvoTGX9kVsvTRgpJSZFRXvy5StPQSqBbjmEQb2kckA,3450
4DiUXSZTAazwS96tJAVEvmfrhpdLh2xsj6x7PKTzqogL,3397
GmM1sadeAu8bMuxE6E7ULfjePmXYCH3rJGupgcaT4Msj,3468
8BmSE2Tp8uEDC3R8mu35SHkzKc2oCTyN8xiLdCgHAgyQ,3396
GwDaFdpi3TSQBrnGGZHcpYsNe23j2rdNajVJd5hWWkJv,3393
4shWnzHGWJhhMZmPyPDs18Dfx8vQzZR2KpaL98KRvcTi,3465
6huv972SjixukmEgvmZZZvxnLU2rHsriKBG7dhpVHDWA,3394
4QGnrqT3JRPDbnZkfe3SMemq5BEUqLs5DSZYKCZwc2a2,3378
8ZsPQnhDS4VP1uf8QGTepGVY21h99jcquK4KcoYvuQVL,3377
88VeuNjMx1MvbtSEUjdgencdNFmYxuckdxktfAFpWwnr,3461
68Lbw6jKzeppd3RU6cpf4yeRh5ReAGtdPK2tp1NYCztB,3468
3zUBMPMG4Z6e73FAhJeQSZPpeBt1QHZAVhT41WTdGhfc,3467
8mzBHq4rHWVDfxZ7WbL58huW9cMLU5DMQPWjMvUGMSFR,3453
7J5uqQFmsYrGQQPRg48jc59uaFQyWsU9HjvvvWARwLgB,3382
Ar4KYVAgaMjY3XhcSZd1Z3LdfntmkZQacdEtXk4q3dbm,3381
FUqtFmKa5vRb75VFZbs5dNuUPgibQjQswAn4gnUx73YQ,3457
BVZvwvZpFNeM6LXTgSxg5fZfD5sDq9d9WAD1XdquaPnV,3402
9vfDVRsjgYkWZZe86bB2SvQFnRVajD9usLgFRUYSrLBt,3475
2hwrr3MuwnmsXpkAKr4vzKbAF2k9AECXt8gaemK4f8L7,3405
8k9kiDkQ9yYc5BqEK1rHHMAPb2GNL3jWjQQTKo7Faot2,3464
3ojiMfS47odpt6Sd2NsGDDxSuEWB7GPYqfAr3v8MQLzg,3384
8BxAtwGSGmq18PppyvzGfDEg6X7S1SQSibhf1qNYtDqH,3464
GbcmWjmyk4uj2GP4Y8XgGUmnZ1x6MkHwQYZsQejA5EZM,3470
AXsb5NoPFdxsEzwTGuwLtKhpiVMKh9XUQ17Mn9eJMdxN,3467
5ceZvts57fqPX2pvTKVb5PMxBFNxYZumzzuP7WmvuYRB,3479
8sgh2uCDvLexoSUU3AyYCCQ2eysymANPyhaqaXx397iJ,3463
xeDhyS9EDZNPE3Ud47NRQ9UgzYvjvN6TuFJy94k35b1,3480
A34VKKG1NoLTTnQToXwG6GQXUzMp4cPgThWVQo65B5fw,3405
9rheNEqeDM4WEiiBhi41K18aewsCLtHUfDDc718KmxH1,3471
DVzQ8pGdcuvfAZsebzwxsT5KdYHWv69subwPGAEWRyQ6,3470
CQEHXQWpDuT4wjZeqqacBZY8cQttZF4BQWQ7C5SEeGA9,3391
JD4hxdnDAFFF9HSjDAVAzQD8e6hn9THMRdtK67dLr5VD,3354
BaDqsWSJYHQKnujWEq28TZSgWxzfzKYrHNQAjWyhP2Cs,3473
4t73r42QRMLNVaNjTMJajURQdLpC7mAhQoCcE1UNoCte,3483
3171dWR6k3mgwgzLzV2EBzkxcuGGycSxucPJnwPvNwhR,3482
AUqZ7PXXtLE4mqknBRLtrKbLMkC1nSKtno3tDo5zkayY,3474
HRS3CRuYu9PwhKNgRFtAYF9vGfSaf8zywiEeYn2tQ8tD,3470
68Na5sFXFhJrh76Uaxxwq5iGYr91r81kb7634nYDdasK,3477
GACQfDwk3Hu3YGPvgt4bo9ycJDbusHANYPEcqPTANkpG,3396
2XbaLBKtuwqqTyk2hquqdQ3hYQvxkdMnVk6ytKCfvjzV,3477
GCsLHwnDLEEsQaVDJYKQewtX5hBkG86TTVramg1MJ7JZ,3481
4ARp7mZiN2c9NuZyhQs9PqGXhSnKFebtWmNjdnr31A26,3488
FZx3huwM7Nm3THiMSTWzaKtgTypuQTQRmt3xjg5q9k5i,3478
4aEizdkgu5Wy6o7dt5xWsvPCfwJHUsF69V3QB5bEo616,3482
7oEUzdGfg6tSwtWUN58B6qxTvv598RZTuBLGPnDMn768,3399
bgAD6HnZtFQAMD7Gy3Bkp2ujHc77sGsvSzCe8mMcFrp,3477
6Yb2e3Kw7A7XWWRCTxKfchXhQKJaCsHoJ6CAproEbyED,3402
C5BM2H7qHNFt1H31W3ZaXZrX2JykoRx267jcJ4o2HGjQ,3482
6NxuSSJui4dsE9CoonpH9A6UhXtjAWJgvPyMAdrWSzZ,3419
CmeNeZwX6LEfbKkW9cbrhgCsvMe5GYzoedJbBB4mza4b,3402
C2KMb6oiyuo73qSkRk6FXvHmBapm7moStK3ixDtNbGGz,3491
6nfZT6au5pPY89U9aUecRZsCi4u9sttPYMPNRSXtaaCQ,3497
DSYcEFL6AmZKvyauWu8PCArRPpAWtMgd7DzWnvv6nKtd,3400
EHCQiqJvWqPmBHw8HR2wCmSryZTHoB89vEKQTF56HcTY,3419
3GBsDU4zJucQUUVBHwFvUdYnJJo43WGuw9vgJZWN484H,3490
69JsAj6NQSjHZJNqmSPMtxLoMjCPQzXKZadvRvSCtSja,3405
EzuUjPdwULovfZFBcCxhz4Qi7ZfvCptX51EdJJyz1D9F,3404
5vdcUcLwqDJvqseNWA2VErpHgbNTRfLFqFRRR7Jg558Y,3422
6pb9AYrN3pMpcs9ZUTr9aPi2oyD4iUPmX96nsi73xZUh,3406
9ZDL2qV4mEGJWeEBukRU4bypC8dn5EWT5gMQbAvyi7oZ,3416
FuzrRvw9tKjY5ywujhTjGH96uzkJiFTHboobwzK1v7F4,3425
C3nZ9hV7xv5jjGkpi1ioHZEdG5vkTgri7cQzeoDiQyMZ,3500
HqUCYnrv4QooySrHgF7qm15NwzhVCZHFtMz3cP3VNxpY,3426
3aVzQxHJzCyQ5dYHcotmP1Tegotma8RaKU3rES19iypi,3490
6C4hvxEroJpvT4s6bkYD1UqZg8vgaDZzXJqYPZnybqvj,3494
4smaeQmPxVC9QT3RDq8XQJmo37NzM8oW8Jfpdo6T5WcH,3423
BmRS3HynWkyiTmoZFgQBiWUAeecm8CrquC2AKASPLDKs,3409
A8vNYT9YSGFtSyfkyn5ZouJ5XaUbdCJjsfd1gsWEf8ho,3402
336Map8ynH5TmR9FbF3t8xWs6v3qckmu25Mxh6KSquHu,3411
8nnpTZhXkkgEXekMTi7V7qEmBef3UFHQ1hbhed7U7MxP,3417
FYK4ttFjomtbJjUmurm8XHBF87cYdarBRBrT6FYhzcFF,3491
HowUZ71ZTxzybDuUnZScsWhLSzRBdCHjYpHfj4DUC9PT,3507
6qwivtSQ6wJmiiijoZHTF4qFKzjHX2UnYDq8nn4ZPDfc,3506
EHuj9ZaYv8h2Ee9sEbiWh29exZXyUdaUSXrdxoBt6MHe,3506
HtxpeNAwTpQUFPwHNHBTrb7nwyTqEVCMBTB7bwNmNz3y,3502
ApgEEb49LARRndrFbPGaq2gGk3Nm7vxP8b44vJG3MPLz,3509
EHaN462vwiSoqp9YW3mgzgQed28vaCeDNjWJ4QxBLo56,3494
GoBoWpycg4UKDaFZFZGikf8FJxw8k2JYkkYWRkC6V8tB,3433
FvuQ6cbZFv5K4NZx4AowngcDqey4UG4VQKtnWyoMv1Y7,3371
D9UEkWVSdgiPg5Fj65aKTMsoVp72CKhnRfhLKbXTdX9G,3407
BJoUjLaHmcX6m8weJyv3GyQA27844L3iVjWwAkt9VeNB,3508
EBPmFdNqjKg9g9R4X5xX1X6YJgMeDbrjHrdGHru4iJHd,3512
AL7eX1eSWGLdpkhumpRWydTaJSU6JY9nqZBvVmy299EQ,3500
7qvniNq2dAvaKR8GrDa5iysFeUowTXfVNfE8xHUNHxZg,3509
GnhoSyGFCVnuhDQ8txf33AGqhDFgzMLVVfZBSf8WaXnd,3510
Dn5sHCj5cA1bfKnXcJ91mUBBCyMupzZBExERB3g7CxwN,3441
Gx8orSunW4iauJiXzhiVWG6TXQrQcoCNoRAGjL4bP3tw,3442
7sdai3wu9na8tiPsymDszqwUASX5DhcWnybxAcJiwMAe,3441
AiP5cHRKHLZs8VGhqXaKfuZofFb2JqzVt5TnPJQDJ4S5,3515
8m1SQmA1tuzTMe7LpWejXHCLC7JMXiainfgTfbuxvm6E,3510
2vr16R4NJFSp6Hckzmq1PUjRgwBNYUV3iKUe7m6UX1AD,3520
EPBzYp2aMADLfGomnjYXrxjifRX2dm5zRyCQa6BTZefk,3380
CawpK2PYL8YNb7wgyAeuesDAutbZqBeUWmQ8WdEKhEcc,3515
Dcm5j6rSFaFtYjT7V8M8NPofsJFD8ZY3aEqeoNtTnggq,3420
4TZEFzMhSrJchw5UCwK7usAfSVLWQ1hSuzAzMxcerfU1,3503
6BHmr1MdKzZAZKRHuscZCLXvW42YAywPe5VwJxYVAiD6,3448
87seHGbB9n5PxsxWsPv3BumMkBJ6GvzcX1Yh2mATssq5,3427
9VYxSR8QehSx7Z6GndkbR3FnPQLRnr6KB4rb7quszDC2,3447
2G7SJwcGq7WoHNmqTgyXB2xtCHGjeSXSomA92cbDq69w,3504
FE9C6p74d2cXLBTdu2S9krycxsx7mTFAssQpJqLAJVVV,3519
HnkPWLb3aUjeP3RBR9UzgyrHdvS9NSyM3uYH8JFnrd9G,3513
BTn2fN5GTEYNLd1qzQ3hjxp6rcQ25jeJvAodc15ToGBy,3428
3UHBqdJMVbdKUbLzLdNM5xku2kudyo8WgNKqC6MTMvTs,3435
Hzhr3ewX29Xsi3Di2ftYdcvkVe11sq3KdohWLp13Nm9e,3512
BfL2ocJJK1LPrViLLswpRfEKZ14pTRKd4GgSBPdo4GQt,3513
ELnHdyC821XZy5mmVyq21tvCKASiDN4iHEXNUS7DiqrX,3508
8GRXPfobFH85Vqcvj4LqhkUks86GcTXjdRFSQiw9wThp,3438
91h9L32HxW6Hf2wBgqbMyxj4XAbNtjoMuovgdYeYXpsX,3452
ztmPHgCZVrxUHWf3wLpQkeobWE6Jgs1x2iqBcydT1T5,3452
AAZrw8ojnEcTEtpCVu9AK94VdvwJ1cY2drkK6TsgG1py,3454
BzTv6qjX3WJWN6za23rMXZtVfPU9iDCuxvCavvLag3R2,3437
B6nkqDh7JYtzcqBDPxJe5wreGvpgHyhCZ1gbP8zZwevU,3458
HKjXM2Xv7Y8t56Zp5wGs8A13X3smMXmBBLf5fxREPXpp,3517
6WRueGh91Ki7ayFEPdqpLJsw4xy1k9kyGLXLiC5k6npM,3441
HGXuPqQPvvStRKZjnJdjMNS2Hf5SnvsNvm9Nz4jAZpYm,3445
4BKt6173o2EEPcAfCKBTHxgRwK9MqdQF5Q8bptFYkwyF,3447
J6LkC8YVUCSN431G5k7xp2jrrJ4mW4ndG4o3bte7gn5Q,3526
5dhTRDha1BbCE6p6crq7irw7ZSQsTCbf9KRgjqj1ySK,3451
CHZGUt13YLeo9S1EULTfjiK8HPKG11Y8zhDwAVaJaMvE,3464
DFNx69bgAmg4ffKhsibHHWb2MxCDVsTgXjVr5YafjrvR,3544
39cb9HL5FEFuTDgCesziA29bGKQjAekifHuaiMQzEHK3,3531
3nxceiRyZjSXCQ9kTAFBusoi2uKBqneSVwzgMgaBjTvo,3469
EMEJc2xE6UkmJtC4R9yk5RLrLbKE3VL9SxM6E1FBtcDc,3543
4Mw6NP7jfoHJ5E9KrEhQY8BHwXAiT8E9cTVuKg9pf8fx,3471
6b47yc1ewEBekjBL9NNPDjpDLevyy4aJowTQkEro92bJ,3469
77UHQ5nrDYH4mGwcxRun6eKXp1U3FGYXxAxtzDDDE9Mg,3548
84qz7h1znpE1i8raJGYMF3ZgTUUdZHF74RXm4SZoJzkS,3550
2eQhTTEeZ2t2QgTay57pwC7b58DTeZaeEpGSsa1J5vEG,3535
BW3fMM8nzeS6vKyarXoJs9Ww8YjhigVTcN2jmnDvzSo5,3543
FjpiDuXgDBH1HQTGokmjr86h7TJuUvBQRSo9c3QCmavk,3547
3hccfVPBgSxLMwCJtABwhACLgTiAvRUcHZkVUtHgaxdX,3547
4g9qmFuS8XMvAftSwmB6tyeZPrfcncoi51LxBcHf5xcW,3529
8GoaBrNxbqJSLpCaCCC8tk68mMrdHzKBTPbCX25aChao,3549
49DV2JL9cwWt9KdCVxtnt6qY1xo8Bjv1HmGmTr8R2fdS,3457
EUrq9ABHPfNkxfgQMm2VM1W1fFVRjzJmVEbw9hnXN6DE,3541
84YxE83sHoQagHhoBCG5yBH2pjLXFcpXCdt4JHZXUjCS,3560
7EtZUZS4R1484Wv571C17LWhKEQijAayospfLY6cpJmS,3466
EK1bxYFnfpNQSpzk3VjJgjFmgxT6LLqzZNL28xKqfz68,3486
51scKmuWbqLy2DghCjK5jrg1AJ8w1cEUSi3B7utxg1Jh,3485
Gb77Kam81yEntcHDZP3QEpZhMcj98iM1QGsa9P65tvk7,3447
DxdRoR1wxtBLXvUiVNxaM2roQKrSp78zHZjT2kmQpPP,3553
Ew6M5rHVmcqTV6iHLX2Vj24rGWHnHUe4u51ZppzJh6xY,3487
E47hRM1vKDdSYLjBVaBLPyE8KXs1L3nRznzoZ2cibeDg,3552
6zzPwStdVe4bk3psZSgJLbde228H19PvFgXxLBCnBnL7,3462
DidTbMaWf3YrMkTknG5xhnPB9YmVEvxT8RKt8caeoZun,3489
88BvRo1bi1BzSSEBZwiGWHug2jRow58ee143KvRSxAFz,3578
4NkTEC4Dv7R2CEg97u2heEAu1G4h6a319SjxfKnwvfFZ,3489
DcJFY6ViVnJxktRmMWrgguucb41gCerHgppHkGjfc5Lp,3507
DNRwZMxwKw73Tvw8CUsGmqVeeCS8funTVGwnLsf7AYo1,3504
6QygcKb1M3CepzG2nWVqPnMJW751cd5dSNjC8y2sAjnC,3503
GCxm9BDCcS3K6bC7bYhR72J3r5oNC5ffbZx9udz5bDDy,3505
FFcw77r1EENxdc91joRmShrhsTxWfiwciSTd5KfqEFVc,3577
BBXg8NoUXRAHwc7QatNymXkbbMjQ4QdfVuk1QVvqKac3,3465
AHtRY2oob5f6reG82B4XGrFMWAGo655nivRACwhBG9Lr,3492
9ZELjjAr6pKyEzaPy9YY1R9oAfsqNiL5TwEUDo1AE1NU,3446
CVjehd1BC9jtDTWrmFSiyY6Sddq3xuhx7CEmZeA78RF1,3507
EXQFvGEYEyZyZHz84QkVNt8TrxjCPY88KvN9HsVSmepr,3497
25UdUnT8zn4VF3RTK7Q397mV9c74JmvUtvQ8GUpZQXPP,3508
8o4M9urhd7E68Py4jHyNh2TiPmxZRRg6tzJXrzzee3vc,3504
bY922QJKUQsLSDW3JGUL5wt2i519F2Tg3eqMrVGgLCR,3497
jBci8pXs41kN3kNthSkgU5WUXWsqquyvYH57U33EXgF,3495
46uTFw3DikhgVmKPZtwDaZGStePJL8ah4k6ptgUBuTht,3573
9oAVTLHx6GhpUQHshiZ9eCv1BPu5D6GsfxAUXJBKdg5f,3495
FcL745GpEpjdMq92DYcYrxKkNrKF27L8s1Z2LGTZ9AeN,3495
3Jb1ESU9Y4QJMcvjY6qorwDwMzMEeD9gJdQ26jdSauP9,3577
EhPj7Qdqe8MeZp5xx1y5r1itBaXTU1jGdUPXocvHZpuC,3507
HtYRvNuLP3ArSD3Gh2SJeT6aBdXJWvCmHWCiXArMQxC7,3510
4PgE6pcxcriApxcPNgCBeekj3NoaKkpi3ygpV3A2scEq,3516
GYhpKGHkWsVPJ931eywbVBQ8hxssWQrdbFUmeHCWF1vu,3587
DR5RkooK7YWgYoHkgbcUHSJumtNxwqu7YxwSZDrmsQjg,3574
Hpfs8L4bfDhpfMxoGbGdJNLgYkDTjg5MiPBUYnkxLggW,3582
G8xfNHcZ8B6ToZREnqFet42Sb8H1yayLs4xhqbr8aEBn,3522
6Ze13dLydgcVSQEYe3NSa6H6BMrjd5BcEFeFGzeqEH3A,3596
f5Xz6mjnizESoN4QNtSPF76ornW79PZXMnbo42nmavp,3458
CiBYDMWmZ4X6cq1Sde3x3Nx4WNWCmvDzhhZbHTduDw1Q,3520
6ZdiGidF7TsuUkMoXTZ9dzYAPH7CsjthKdaRkbybTpSP,3507
EBRoqMRv26RcaEXoCvRTvqVnZPHaH2kJJ2NbXs92yP42,3600
9C32UhkS3cAz4DMty2dZPyniu9ikuRT8qthQNgKUi8wT,3499
2ZWWqqm3RHP41PgTsvfzGkHdFcU7VCsQ9bQt88dJWvAu,3528
8Jk8BsJgXchxZvCYkKbgNw8pwadwq1hLdB9RHWi4QYSk,3600
Dtv1BqTiUAr5NCTQhrceizieCUZKc2yXzgfr8qmw2xXD,3582
9uN4kLPsmmhrhdyg1cVTDEw9KAFAkrbd364U9HkEgqwi,3582
6MD424yn8SwjTzYEnoXCBnuZDATyKjeP7Qi1fRCsRuF5,3485
FHKE2jEM37LKq35KeyFnJoqB37PTdtErCguv261kKeMs,3529
5ALczcBuKQzibUkzGfvuCCvuM51kRLEiUn2k3uDEgW1T,3592
2Co46qNmRYwcDd2eicZDzgdyDHwvto7DRCbZkm5TEYuK,3488
ABaVqytDW5zouepoCcLQteUszVHoM68geiNNjFXSWQsE,3532
A7LqvcwMG21cXRfdEBzdegrBe3TxXi4YysAXsZ9ZPJUR,3535
7C1vLZhJADV1iPyfwZwkifhk26aMUVmWmPLwic4Pjki6,3536
B75h8hPDX1qRMWv3YKkXcap2h7cbgezVKgLhxLYb7S41,3533
2VXVpLbXKFwajBSz3ddX4aYJYX4AzApCsZ1wa1Bz66Ur,3531
5ZxMM7fJdxVMzWw43PkKzccZ2f8h1sdPZBgbjtYR9GpJ,3591
ARDqayq57Apo7aeVqLbP1SPTGgsoKhzmMH1j5X2vBMbn,3539
uRz9UDpMxSY3eXXw1FFvAoFTTAeF362NNtTcfzkjsdw,3608
2AzmtdbKYVDSsXykeGyUf3DB2Ru6DpQBzagDyHcEvnuq,3541
Gi89yE4SoZZPjNG44hoUwchqsvcpvNwzj9uytgdF1yZA,3504
6cNAcesJH6knY7rzsUZxQmqbBwRzEwYU5A3Vw9qYkTYU,3490
fk67MPh4SeQ6xfrTYKiV83poTWdskdxgG8jWqKExNig,3537
12BQLxz4CVMaZmyNzN4C6s1Zd1H9JVCXe9HzG2hVvRzH,3628
zJ5hYQNJ2iDwykyHtML9RJtfCBWYUDCCGauuLYdSyiP,3611
2tWHc8TQcV1fq3HYSET3zFpYeBRu9SRYm46i3vYsGG1q,3543
6vwi1ySCrjNrWUgXuG1gxRJqgVEBqmZtVURbLGd9ksm2,3547
ALbBAvnB4RHW31NqqcRckaQ7dqS4X2GS8KtsdUmvQqJL,3636
5s7bxVHUBFViePiwgJcZ5uzqPHMbxaeCKJg7mfFYqrbD,3522
AEGCKYxPG5pKrHA6JebxULrycGSMUbpKXSR7N4fBhQM5,3544
4hSpBvuyigFBzF44JjV7YfA1pfjq8YoJ6XwB2nd99ChP,3548
3BCqqxxcEf5Ubte3Q651wkKaa3KEehZ9L2mwyENUGti7,3573
BcXjy1fX88YuJb8cE794eYMmfiLuS7zUoKEWiWELWr2q,3635
9dHRScm9kXKE6SyA6oZMbbs8Cn3ffMMJPz3Cxosbt8DR,3573
5hW7GxPeWZjZAUd9nAxNprBLnYqTNEYCH1Q3yKDSq9j,3652
Df255nFCD1RkurDcwZA4TZH6WkCeyP8WBV5tBrrhgdT4,3565
9wb1YJvn2gSHVn9ac8ffUVpmoRVcGeB35D2wwimRdabs,3580
DnspExet2XoQdFPe2EmsriMRsHdYapPtMKJBSedjecv6,3651
7c5DkJy3maMxfCSsBkBn9bpXwuRgFhGzKzhhngFHHfie,3649
7e3biNJrYMfMYL4WaGfXru6SuPG9bkDbh5z2UrFTJg7X,3573
Cb5diDkU6ZgaayVBDPs9Ms2dcxMnFvGoU7rPHXKbMQ25,3653
42F8T4oPfGcXucGPh2SjUXkdwPXaG8P9CiPVkoqdQuc9,3591
CXngYGNGWcL9iPciPkwLE9xiUHLdHm8wbeWM6769Cknp,3586
69xdWYNaCkoiN4iKFxDruZWjhPQwsybpHkFHcJ4Q5nbN,3569
149yhFnHqC7mcfs4UJtCh85mhJhs9dDjcB2Y9jWGztz,3605
3YqWR7ELsG9B5hrA61GCjyWAn3T9XQQ1GYPKqYKUn2M9,3671
7YeEhEXZeCn5BdQnpmbDDJitQwbabCLFGHDNKqZqGWiD,3797
HL7pFaro5ZfacJMCdbM6nHQn8RYon9ga8bNPRLZ1JoZP,4131
EFswTyyfwNzSxUo8UiwBp1wYG8VwVxhmMc3efLfjbij1,4125
9NFgnqCzeZLjPRFxR8dVwEneZEJFWa5Q185btayWopkz,4042
Fs1CsoHYcF1u5za3w8Krr5B2AZdF7DkMxjerN8kb9geU,4058
6W5jSmBpAmExFZJ4YH2mp9yQNnbJhVHGn7SsWcPoJ9D1,4132
ACtoHUcPgPn7pXpuZ2Qdz3trqpy7LrNQUvdcs7zZhKrD,4047
H5gRrtwiSxVzxHM4UViJtmCvEZ5Uj8QMYCqjnEafC1oh,4044
4kG2GynQFZfDvxrYHS7yqwJ6j4vi7k2PoiMZzr4BMwyi,4133
HUPbxKKnUhJ6NPngREY8ZEtCSpmZpsgyxiw3KosJyzt3,4135
929Zv2iAPySErHaDXGx9zdR5cYPCDFJdoatG7oHQ189p,4136
AhKHePT678SbgRvjM5N9EAbgApQHqHtXSQqDtYEHm4aj,4137
EZtiNkya1FHM5yusEVD38i39UBBQJUw1LmQRTK4nGD2P,4027
6usG1Ujso91njpSe4SM7bqwHwrngZsqrpWFSmLS9XoPs,4067
7UPMBKyY2zUMUoF62yGqKZRKeekunBVkAfeoMShvjWfi,4050
9ZdDkUvX6G8enLueYffV2YhPbjrsnZrD5VU43k9vyuRE,4142
47rjYyVSPD47f3PGyrsHvZEhKBsATedUfHt3nCC2qpij,4143
4Em3hoy8LfU5E2Saik8goCMyvSTLfU4QvrFHpf7hpv2c,4143
7CJyzkHtRzVgGji4sbfdhXa47RnWr7MkFCueixRUgtji,4140
4doZGDJvafx6mMuLbjZ2A1c233Nnf1bkVrBNwckSeRmA,4145
52aqivF1PGWputk4q1RCvgT38piS7hjkryoBPfduHW1t,4148
J3sKdk1cy9mDkFKVpYh3YM3YktWCT5GBJeCeafgkxA4u,4079
5RgP5fSs1oxbQGPXAcWYfUptZi33k9aYtYAuEbK5ydaj,4160
BnoZKKqdfrFfYkbdbx83SjQCh3wsneJ4cQh8Z5A26ZvK,4167
8fyExPmXVRvw1LK8yb7kyLV2MSuDvch6S65zoeN4ypom,4098
BXCBvxqFTKJ1Cda2Pn3nfVreSBoWxHwMyPABuTxsqsMa,4098
FJ48UURUBZCz3qsFsRWti1dyo9MpUtpbj8jH6FVa5nTg,4172
9c9oVH4ETYsRExmrWLovzoqJQGXusKeiPyKdnoEjhR9G,4057
5NmPPTEsFmcvbD9YyxfHmKHoE9r3aKtQesAgsdHPuUhz,4173
ADbAbU3XBD51geSmro5EokbznWW1N9gyZFPUoRRbnRKg,4175
CK6jBUsCCMXA7v19zR2fHCo36LPXridMV5vKrYDbU11,4101
4i87jQfVvzz7AMztzpohhSgaVRvrTxsjt1qnFf86qsoA,4180
26j7xeNXm4UuwqrQHu8RHUJ23Y4pWGM9DCu6ofvk3Eub,4174
FCF3s2qV1ZWkNLogWLEkbJBYSLyBbNVvo7u1EsYj6q7J,4092
6ELviTJYXxPckNU1Sy4yaaDckXHCZcjsYb9Q7XW6SLm7,4088
8AUUoSczB7nMYHNMCZQWi94CAnZhGC2fSzMR5vZUnign,4184
6kfobv1zk4MtKZPMJxRqQcFpFhPEbvFr8563h9wMBJdm,4347
D2AzBJP36Wy2eZk9AqsesEpPphBajgGagJYKaA2ienTp,4280
9MoHFX4gXCtuWiYQrgSfW24eFanjrZKWp5X6j7a778cF,4351
E9wn2cNmQkExRXcibXLMwXBwrUpQqDz8FSs9chJk29Xk,4352
Dk2LVpYCkNnRstvb1G5SEQve54FJ3k85J9vzxeL6QVMs,4244
28Af5e5VcvdsxRbV8jFjru8DRBox4XzoENgdj86PGkZs,4361
DA3jW6zNRhv59N1wrWSHPEePqAEbf9LQRffpiGKRKsta,4353
FMdF7pfpMnm8D8bNcJTw7PjNgb3ZgbXyMzYrDpETRrrB,4242
EFmugwdhFKBGLQpP8p4jmyKoAMDXXvWjH1pJCaR56EKK,4360
9aGRsigc71TxoJcmrbvSdikMxfH1suj3E58JEuajV4cv,4356
7khquHj7vdjee24dPCVuycLD45MtCPQEYot79bUGmJVx,4277
BQ6honxAkMiCJkJxJzpBdcNsxJM4FxV8rH758hRSHQo,4357
HiFwQoGE5h7mkBFUd9D7ep78evnJ9Mt7SHprbBX91XfJ,4277
5UDXkjsY9GWHB77AHw8vxrPVD2XwtsUXGsC3N19baWyB,4273
5TxrbDebRTcjHAfiixZJJd6eKU8zHhxaG7KUCQGDwkiR,4363
EBrXPyVTJi7Ru6yuCdB8cSKiaT1KACVaaGbtenmRsP5S,4366
68xuuueqtgvMbzokKGhgmFW735ZeyFW2bxtKTUqd7ccc,4365
AHPA2UcHpp4xfmPKizwKtWUxhc5ZZNm4xE5gYCGiHNFn,4234
EJEZkstrBWDTHjAsvW6vAqYHuWBzk4PKVf5nWEoVgPRu,4370
AgPD6o2wYvRKgz1vvV4zK62yEFZuvymGG8ZnBC4rQyZR,4369
EejsSo64z3UvZ5VdSp1YHcPFNjBUkuQoY9A45nXVQN1i,4299
5KTPrfusf5F6qJvit5J3L5g82gTFXKFq1eFgT8tjN36k,4376
Ci8RGyRtAnjqDys3N9zqG5kkdKoSg6RqNaGGEL67pCa3,4572
7V6iemaVdjt4yhjHQ7LXAJLpr41A1ASH2ScEyyhZdgKG,4575
BAW9sruosUNi9RzP8g9Nk1UDx8DqV27RV94aZK4xf8GL,4574
821y6YCE4o7XUdKzcNb69s6aXN1CjKRDcQcQ8fk6vkfP,4575
BEF9aKWBNfVhfHQZd7M8fbLjpxZpQTrrNP6JQBjF31og,4580
DxqtX1nLnB3wR5kAbEyHAiq6CvvQBuNCBtiGjuBC4ryZ,4465
DZXYyk7CLsYLU5bAZFVruQV8pvv9j62yYt7osygW2fSH,4570
B7ma2DozJvThW3Fx5EeVgwEYRHnA6999yoKXnKs5GDd1,4583
7jHhXkQs7rdgMysMmUmQ4CXoUWiA51MzEaEoicZjjN7u,4482
3EgiThx9mvmpPAKPxvTfTYXWdYe1tHsgLQ12GiT4JgQN,4470
43m2wRtU1ya3UEDHMP5agt7gBVrX6WyEa6Hi7ZhhcimS,4581
GaxMHKvV7fwU9WnhjZTqB2FVzAni5bhkN9s4PYenxvTt,4584
353ifJ4B2PouLp8psMYbEXFToguJET7Q3Zb1FWbw6UJk,4583
HH7nQw1hq4WENQ5qXDigCaSa2dUxy3hW1YKVYU35NQcv,4583
2sPzSthJxKjC4Sk9PtGN3HBqRHSKfoMDSSJzLMuWV1dE,4587
ru4yKVdDk5ko4satG1FEAQ7HqUb1UfbxcUuuBkjzU3s,4587
Hq8eEocnSxqFdcMRWjeMjgk65pH3VX6cNY2G9ubPbKAf,4583
SZXaVZjErt53HKYyEW6kC8dUacg1EGG4nSxVi7ZMhsB,4781
AMEARJR3rFr1eT9jcXixsa5x7PbvYYyb43XSsWENN1TX,4781
3t7KZjL8BjfG3aCEPnCcnqPuCBkGTHerbmNgrPsyzyd9,4799
G2sJGeqXGxEYL3o5XD7gNBxvxe77whGEVrgPQLJ9W2Q7,4800
tXbJBNeWKMHdgyQifQV9chUQJgfHB2BvAuCsCcCuEa2,4726
87PJN4GjajGWeLCAWukGuQ6fMsy5Jrj55gmZkYU5Ko4G,4799
CHtR141iy2FkB3spwTBG9RrWyS4RDDNZFcLSAxgii1x5,4782
2XjS5gP9PpLX1hsXZmMDTqoGEjNfTRFU6s32dxuN73fV,4799
5CnHHvFq4QenMvAFp1YgAfpGH1sKUQNgh7w6dz2G4mn4,4711
8NX4YL4hPTjQPVYHrGa4MNbmMXCpPyevpSoh4AY2hgAo,4790
HEeuCwMrk36dSdaRv5pbJBMeRCWe79MDDcv9mpGYB8aD,4800
7uiaAme1hDg5TihYPCLPXRj6RcHdK9RmKyAXU9kd3cMF,4788
8zCYULzTRuXJFFA1AAxKgz5HcTSjiqPobYLX97Cdc4t5,4731
UUqP13sRrnS8kpbosSMHM5gTj9KJ9SnkQ7UoDYmoE4d,4805
86Ss9yi4VLJBVwjUCtduSdNStRRrcMu9D1Hp4LwoVVBE,4805
ECdxzLpgRw4Rz4GxR38TiLG99qknYNXQyotAD9bWdpfW,4805
8Ufi1doo1RXxuomH3m2NEmMbBxELEEXGYP9Dh2EFkLA9,4716
DJwy4GaFRLv2SRCq5PRkweLMGvSgxKpZqCfXUw7FoBxD,4718
AMdrRx3g7PfE4EeUVnoFxEzdgz9o3EsCKMXRxrynooQg,4667
5ChBEcMPoMCV3pcsVpva8ECD9wovti784Wap4D1ERR6k,4808
Cgz9VnqBFBF1zDVzTa6U5Tef8dzgF3VYFGYSBVgwxgVu,4738
Hcq7UTtvuefmFYXk3snYDtrioAQCTcwKyC7zx597ssM1,4771
35t1PygBvtF2JFkqSVifdzLSq7fDDzFgpfisKnz3vrzG,4829
HYWmW1PN6JuvkMH16Tzjk5xZ7xgHYsiny4B1Mav9eSSP,5006
AX6CsmhbapoF4pZQEr5GmBPEWJSgUxUfVr2zivpBDC9r,5212
