tx_hash,latency(ms)
6Kd3D4rhVcSnF7owu55oTnQytG4c1c9oyFSsTuT2fMMA,445
FBYS2PxNKfnjzyUTLVrHSZFcqxXYhjykvydm9Tx9DdYi,446
GnL9zRWydgWH2FkBb4RypWx4gyTPLE7BWdDxvks46wjk,451
BTYp5tdGgfWytQj8HPS8p4wN9dJDYRvqtEUfRjh6gBL9,446
GqCyMBQ4nYJvWG1uQoYtoSAsLc4eAo9b6GBtLqjv4s65,461
BGwHdUixtK6vbctAZzA2usktyoqKTJVqDGYHL4HzC84,446
ChKBDKvhC9CNYbEFs2Qtu6Tn4ybaZcXQMn4Jst2Bm1a6,454
pXPhjHgf3WZWxeE8Wrc5Tpc5x3jctaXTZX4XDAkYc9W,456
8LPAWxfwYBNiMksvC8zsp21ikSjFjXGZbWY4tEEsPJMe,452
AsAZL741pbnSjnUsnX7ZHNpj4N18LYknWkQqGFiezWW8,447
9PdiXC59GMV5VsPQXC5xqg2m6ZYeckrpg3P1nD3r5W6G,447
EhxKBAmtUfJuVvYehkWLspn7egGaVdnoAGWmpfbzrYhT,450
2SEafq4VmrttZvoGNbQcQEB5uRSodU6NeLUp5DaiSP3Q,449
BPTWNXDonfgvkmkzswZCdQwKobzJUHg4wnJMEYVH8hsx,449
E5Yuz5y3d7if3k2rT7uULapkbVSaoaHkw1ZEFt5WCMDU,463
9KcDmTx2kyRTDyzJztUkUqFz6RJxsdvtxq7DkzxcNz4n,450
7aq7ZVMgdnmjUokvj6btotvhxUEqkbFSF4qikKgRLXaj,454
3SP2bWzneokY1Yk3SEEtT36MHtTD1ceHv3SMN2CXtS2k,441
Ef9gTesVXArqibyt8nvHDWCUwZGSBngaAieUsztfxGnk,459
6fFP4tKLEpNQBY7Seq1tgA4tYh157rcitGHPefUcsAYT,454
Bb5TvgUEsF7RX4zEABTXS1aZeEsgDCfeK6S11WxjZDMU,450
939QWMtCL7tdRE4HJ2Yo2AkU1aLBat3dGgzpaD4TBVMF,451
BK2ZF1Y7NbvhPHKZd2wd9Fsg89r5RVky1AdRGDstZFVH,450
HYBkKATBXWt2Ngko3AUKddrakUspAXCh7ujH1xVuPGHQ,450
23wXWF4vyHZcCyxgWpUKQ4j6hfaGRnjLy8BYaRmzb7QK,451
D9kTd1qkNGjbJ29vwVGuSAPJXKDnKp6JB2crzVBnEjZG,451
3fzv1UyyW8YXJUGNhEpBMu62sue1fjNB5nuj8D7p3rzM,616
5txfF3QaT2AqrK6T2DXcioCinzD2h13F6ryHV1rp7GhD,620
A9jM4VX3zJdV3rgVCQyrNLezR5iwoXZnUgUganTeCwPt,620
DMdUzSAeZwjsyLmGKLe6uTi8Adp6pXahuSYrLQaPxPiZ,618
Ev7TvVq9dEGEnDay3YFdVqACuQ7hxb8JWytT4BabZQTX,615
Hg99VM79Kf7U1AtayKrPeLz8bxgU2sL6xDaR78NdbXeh,623
7ByXsx6EVYGMYYA9HpYTbeDm79Avk6eEyreBVhx2GLPs,744
DPQer2VHMCATcXQQvkiAYbcz776TTvD1faEzX8qj27S9,789
BpvbD8x5EoqX6EMdwXAxcvSUXPPqcuEHMe9L6YYvyxpf,804
FZL7dXBoSQiBnbbFbfrVXb6zjzJWGbqs7idDwS7G4UUn,814
Ad8EYd5KiadMcoZM3VEM6KGjrAqaiL7fAvWLzotDoJ4W,814
C6uqaroWh744ZpzqNA9REtVQ35W4nbtmqg1mJuz4Se8z,821
GmuRw9JPuqBqniyYxyjXKjoCQ5xsFVTRMZ2cUxgZPFuE,809
2K7ECPNt3Ne1ty3uTaCQbJikH265Mrh72NgnLehwCVrg,807
FAEbcgXP33tKxc9snJyKQTjgqTNspDVzwYVLXwCr4aSu,804
CfrHLJgSJtsjkfwFrDMNqthpE6pYyZtC3QF99NSoKeAH,825
HQ9Rac6yPMnGCtYJkP2215SgnDdHRuvXfUSGrAhX8THF,807
B9PQCCEVKWGv7BSNANmxSLKiGWdEPYXHK12XMa2DLipt,819
4j3aq4YUKxJGCyHzJ5h3PftzXEYTgphPfbAy6j5Ej1kG,813
33A4baiVZB9BHdiZUy5wJrGn57qicaLywcVLQ4EAJPtM,812
9uifjqyGYoh8EsjDR6BWBJKHfpHGFhrYb9uyqm9udUuh,815
Ep71c5FC527Q86MfzuV7wjG4mPVRem4PmxwKxN3n6odo,820
5cnpCGufsiSwgBu3WfUvXH3c5w5KwZvAmWmwj2QK7N3V,815
CNCwja7JdHVQQTh9s165TL27okjVZowfJUDo9umCdhG6,840
5fN9jc5rPZJwWk64rzJdGkt7WFDTEMRb7gbQtNFHzxpB,825
A8pbr32S3kRWRKaKMGpZHZDby56CXzoNypB3x7hLAFnr,825
3k8hVBewWT8pXATiG7HBcnwXtzbNKuyFsPCbRKVtjvdA,844
HLSQesbAteL5ykAtUpUyPb32Mtz6bZTR4VJLoc6Uo8m,830
GnWw8oDARLJL4amHAi6doyLmVpvmULfNTS4X3zNq8Kci,828
5WZw6Mq7u9CGrRhpyuUcR9YggnXLSAwiwTxh7pTv7wpL,827
2ZXnXQXupLjfZAHXN2jzWNBSvL1sotvn7mSxxS5q8rLe,825
JDEvFzavCP5DabLB6JhJPVnoiV3MWv2BauvUVvpDpgYH,827
DAnEirDBJtfQfV2qoCZMxFWJTi6vXFoESdqtaxKBv6js,827
7uRJTZUsUmFbbheMKv3Xh49oFjadCXctk4a7pkxoWNRV,854
as7uufihBHZC9P7cMDaB6pdVpKbvAQZRHg2CRWQqGEs,854
8CXqDVfuuM614cnYHNRZJgTbt7mSHF5TsS2MjkbET7J4,853
7P8CZ521SSmDeiXyibbE8vqLwoBUuwTzHAzHJ5SNpMZa,840
FQtxFGTK4uYLJ5DMRXQ8FJcyzarUnt1AEwKetCpqdRLv,857
Fvu61NFZKLTG1LrzqKZP9RYGY6XqnFFfdLXx8aFyu2wp,858
Gt3LavmvyCm2E6vX4x6LMdbFQTKHsTv1yDJegQ88xCyG,850
2ZJTKZYDsAHGmoyQVE7XHEgFHJ9iTwmaWnAzCMVHEf5F,862
ERjwAbChdpGa21wtHoq9ZfLmourhfcFD1hn2eVGExiYF,855
13JkX8oeU2v8Vii41MdcDvx8bdmCQuhN8jYSKUnXSiCy,860
A4D4C1ezSiZ5M1a5mcQz1EZ8rEHTm18deX7jE9mSW9d6,998
2BPDcjL2Tc8UyUuxXkYHXwetYmBN4uESMQD66mKfVroP,999
CfuY63MgSXxxyTYjobURp3pZNG2aojU1HaA47j3A9pTp,1046
AUDfSvLmm4TkysK7zJw1bA6pF5oPGNDg5DsxQwDPqrfK,1014
BjcX2g9jwk61vQmazc5LJAkYaocu21nEfLxQP33a5us7,1014
HhJ74iatCkoTTZph4pNe9yvwq4CK2MtZucBRpDtnbrKQ,1016
AH1hYNfGQHwvYUC6p8VhHoCkSj8yHsrJypenEBZdzZ5y,1670
HUmetPS23TdcYA6e8zvf5evMfvMDK9WRP7eMgZNatzVm,1670
Hnh3WL9xCkhh4XjQHABXA7ykEZmK14k8ehQbZ3XuTh6h,1671
4q9ixb2rxNDgg6iVvc5jjRmDKMRVBvBAkdtNVDug5QbG,1671
HZs6Lh1stFJdcbYLRPUB3FMKvFRKRcfxToMBJeYtPBuF,1810
2qBpEVip7RRdqs6pRraCqr4Ayx5gLGc4P7HkCq8CWsKy,1811
5yBQAzyuDwhPWmYjLASPLJyFeEj1WqSsakQABJV76NRD,1830
6ddAJFHJCqkGWjNosJiBEvwKnwALSKyx7jJ124sWt5nJ,1811
CNXYeGG7eh3HKJ2qKipGaSquHJEw9tYqkwpaHCWkEFR,1828
4GuB5KyAQYsm29Nq7jyhPza81pamV8x4JXZFYkfg5X99,1827
AWzYEdTiJVZ3GaiSyYEM9PYNKkuocHG3ztvcExNAdydC,1833
E7ewNgSr5gNF5ABeRiUHtcXSZxgznTsbDTy8w2YbXhBZ,1830
5hFnvUjfgB5KSu39rU9kDdJpTxLw1EuVDNNJjTDaG9xQ,1842
EwMuubJ9XnzTxycaT88d5tuvrZ2DKRfJwkWhEJrgqN4F,1834
67KEEPCQZWbSeLdAFRwL9XdbYm4Z8RNFwF9oxZkD2Mw5,1850
AnuttLSoUSVME73TjGu1scPRMThcFA4wcTjif8s8ivqt,1851
31F1WCaj1wady6qxQASWrVRfULzHnd6cvYfehookz6tN,1843
4BJ34SxDmfNyT4e8tSkMAY9Cj6Q1PhYsnSZi6EZWgQNu,2439
FV7zEtHyYps58pgZUQx3N1nZ2kBzbcLXVFjLPPAEEBig,2443
BJf84rTRXEMipjYbjP7Lu35wdmNWxakAiBdyr6vEZasE,2430
5M5r5jPUYAjy1F83KeQpXppYJYY1h455z7vx9JnrAsrH,2441
B2SGBV1BUuFNTniEQTVzx3AkkKXXsEtuv8EPSnXCHXyg,2440
F3UDFfQPqoPaWZ5aixRqUFn8Xqnhu5RUpDr7rn7GvbEg,2448
EkesRbzR3hi8ZHJtnsPvJjgHZTBh1ntWgDXE4qmXgEWk,2440
Ej2ZnuWekNKLPANwUBFZ6kiUNB8skiUFwm6dtiHT6AbZ,2441
Gy8GrVXEW2suFZq89sekWJhRxE2NUG27vhvQhWwz5xCp,2448
JCvpZPFe4GDAKrqxqNgUhcFwqjBYCJPRWeAbrtJYkiyk,2441
8pGTy3fYBqrLbWPdt158o54Rbp9U7seVGSRZ5K4JxWpP,2438
96YXrMmp4xnv1cGLYyoJAP6o9Ynk5SU7HhVP98BEBdD2,2446
8zVDXi8abzeGcovTtw9ZqB65udkSRtENdpVZ3XoufHMs,2435
9fzNNT152XSAsRcARCaKtumWHJC85zWdgYt9jeqVtK4j,2445
HQLNJC62VjXWRtSRtz1sQeu9wJauh7S25YtAp6PcsGvz,2445
AD9z7EtnccWVVmHuDcs9c4VXZpacbrXxRMkW3KsEVLPx,2441
DfE3csJiB3Bfu8SdvZg4TbJF3rtSXGcWt97rx4r9Qjur,2442
AkbGghYyXoXJsbnaXkomMhRnGDEeEjZvHsn3hkPLFa7D,2448
9fQzmPZYYBsm4tHZUCw86Lx4A6mRpA3k45uiagAY3Yth,2434
8XzZUB9b5UXCSchfaZjqZwkom8Lnu148S8qmBdVQgu89,2442
4udDD3xJKh5XSqSGTi3ZixARoUE82cFukJZEz1Wr4TuT,2435
4daa6LMAc24mooinmuU1RhoE28Qf3ncu2xZQaUadp8kQ,2452
4aK7AbKDhvamMWtAqGtgTWCAYeh1toTTKyGMF72pb27d,2432
EEcXpp9xhQVS9BXQG5XsVJZzPqgEwo8YYfXR9RZ8JaGh,2450
GUyRs9TjLFPsZDTr8tJwEvQpBv16obFkzVvUfW1AiHGe,2439
56MXoqWZZiVqYLbZQadL3ppwyKmzZ9ivTRzUQSojJWFd,2445
5xZVjsCNfjX5L9mbAhnKNN5ogwpxT2KrkCD5g3T33ZJR,2443
4HjG9JhMaGJN6zX79A4gJcEgpsavQQx9HQab26D6tqme,2434
38jEqdnvtmVKXTFerfs8CZ8S23KJhGXgnvv87gLjTqyH,2444
7Eo2iKxH5d3ooe1B5V8GPPSGyzDWxBW7XQ6B9pMkRadS,2445
9vH63EJ5ser8g9BkKXrFZiouL3Knh2GWYcCr1dcmh8XN,2438
FegPPx5353WP9gUeGHVFitiphaWpJSQbrV96wQ8Q8kV6,2452
EX5yXUAhbVVDjkfjZ7kmuVvmpLCiirWiTL41ngkZecrW,2458
2uUZ3v5QKEyHVscrew5UXxKub4Wz95cBA8Ap7reB8PZg,2441
4m1zBt3HchVV3ESNa2hkLijJ9dso5dkBho3RvKK2kzr8,2447
5HzcY42WWcHA5dhyd71xWkwYytqNWLMYNJ92zhFYABW,2449
H4j8MJx5wsL7uaqfUGvM8BgrEU1jMaPLDKZZfHT1SjVy,2447
6FvwVUjQtL7jTwnLkPwhsfjT2iygqawad2xwJweQRBdW,2446
DRUApHFbw1JSrGMF9ZheUzbt5Mpq1YCT94f4HTV1EvjS,2444
HeuVihjeNYKFtkCfWKVxbdomHDvagB48QyuLJiUKigrm,2454
B91XEJCvu26WsLiqKZGVpj9mVvvBUASG9qtN8MFrrkBr,2449
6waJkXYCbtuVsDfZr67PLfQBBgCiwRFJ2eaq9psbyEGu,2443
8TZZc7YA8yPKPwHWHAFRWg3o68j1n9RKkYr9FfM4c7U5,2449
BAcYMy1qEAScPou97zpe6iSBqJrzV1nFctZpVcJnsjY6,2448
6iw7HMjWATS7JRyLHFnZ8HouZpQuQG6TAb5gFcRUdHVz,2448
CZuA466iDQWdtLsSDzK6Ba5SbfDFi9XU6fL3QMMnuis6,2446
ATtCdXCW6ToQGGttyZ8PYSH2fp1jt8cQfDFW8cCSMquK,2452
9DS7Gg8k9oqVxj3Z4X9rVaxDMMBeVjag5X79smnfMsDJ,2439
CXPqxxNYTXuyy5eXA5JGQ4XCJa7G8jD1h9f4t8xDx55k,2445
8UXc6JkYBn6TP3fDHdVwRukxgABgxZYwzLXEvMHG2VV4,2439
3LpdW1toxwYCvZ9G36bDvmvEm9pMGAKF6wDTUC96NWZS,2444
A17KaYjLvqtbZyBbAQAs4EQmZDRErabeG9SLmYN9BW9v,2442
9gpnCzRwPC1sYwyRHammfHfXhBuAe3wVVJQhWju49GSv,2451
9wGdtV1nmn2ZrxihiCByBZKN71QBqz96eudihznABwks,2440
twq3u83a73HqUytwZSMCFFVUba61yudPusY66PYJkL5,2445
6fcy6HBPU4YjtYQ1v28a7vjJNYJEFzuVYjyxbKtadf2F,2451
Gtk2L272XhARv2sNhnU2v59kVCsiFr4NZQ5JbKdhV6Rj,2446
79S2tjaybi2aougTwFkTVe1x3q6y4XsLeFzpZ2gLZCbf,2445
6fCnxpc4JRm2u6x59ZGbo9SWM21hjNjbAdmrXmuoyqbx,2456
6DShDWfrpuMqXtiKm19YcL1W1frCzpEPD4YyrJ93vX25,2452
FZFZotSuYPdMunGSQgtkRBoW1QeXsw5nSgKWLQzfPMmu,2452
Dg3hgmn32rSFCscH7qyaw6KZdXwCPpsUEjT4WnH35vfL,2437
7MaPEmDZmqweYgEfMVTpDcJ5x1gQHLVJifnberRcVm6U,2445
BjzUPTdMWmfeJFVyLrtKYduUcAGQCqHHRuUKXzPWxmyj,2443
FNhi3ADedxS8brcvWFn572SKNHZkwvrPsfnXtHdTgMBf,2443
HBy9KHTPjToKv5TXm1cCcYNgvMbiYUzWWTEDMftKLQCY,2450
6iBGnNoHLEPFBH32zierQWDJwwzHTEjW5pRmxWXd5Hjc,2450
GCqY8DAoFvjB8gXiPBut5H1TX4x1XpAjfWTVmZmL4KSt,2493
DjMr2K6DrRmdzDC8sEZdvQoPVUMXCYy2uS7Pp68YpgDJ,2493
FxMcoQSbUcgBad8W8C8UTy8hkkrZNfcHMCvzAvEDUUA1,2502
B9J3Prvhi9okswds4MDnCcKtDkGFaspCHwXMv3o4iKvU,2501
Gy1vevwkxdhTJfxdephmcGLjzSbCyRDNVVJ45v233ETv,2493
4hjw3QkzE7YgYScFNGDbC3PS8Ezrz6qAg1CEBjC23vXJ,2488
Dgbv55AzszDMxTQR6yx7zcx3DYNXqsqzGTjXbK1LWJM4,2496
9FZTyLmaMayxvjWGaomDFjpn2BmvwkiaSLrAFQ82Shax,2496
FbJB47KaeAcio1y3EbnjSKKrAiaFZJ6P9Juo8MS4UDq9,2497
GwRdpxgSfKrKrTHebHqdErr4ygC9LkBDbNZXhHV1XkNs,2496
86makoBTaTZwmfDrmdvLMRgH1ay6TUjhJRSbz8HxBSJQ,2494
HEba6icKHN6QzgGZyFQT7V5kzBEL3tbkzdaHVrhC2wRZ,2501
CCVmPSt29JQibCG76FiFDgsM43WxrRybB4asJHadV1N7,2498
EVUSwkJeCcZbKqTfQevBN6exCQgoikD1qiKqehmT8MJB,2488
CvhTKwxZZfpTwvwWiDLDe11tgN34Lh2HsnTqvEE7yvW5,2495
BhxcV3q366x1gWMp6AYf3qZKD9cdHh2hQ6Yzp6pFQn8S,2494
2ZudnCVTnzaUW6R6ytvMgBF9apVKRBGZykjgKRk4ikdm,2495
61GoLycL14ZnGi4ePpeaVuyEPffE1zVu53o7TdxDuWg3,2495
3v7o1FcPKLQwEzLjkQTBVM95e1pXYJCKu9cYFRJWTGKQ,2493
2B2QhRGAYRzZg4g5Ka7iuo8gJqpxGQoh3sSsHwHpUugu,2495
3gCPjkppkWmGxgomwtqdgBofjUaktPCUpQeqTNmuuHJD,2499
816arcjaPhiUH2bWU9VmNKLuAxMikZVg8iWTL8MiZP7g,2500
Drsdyk8JmbiAj8QgL3HCerHXHrHbGWCrLtbajSwYd6fM,2502
HLWUZnekCGhA5yjrwnCuLfJXnY7Cu5ESPGQZEvFtt3az,2499
AHowB2gkT57UUCtMHpoASJbVjpofFYGtVPJm8zajS4WB,2512
DoBuowFbjJYBLT4Zt896PMfdamrhsNJx7yfwTVGkPEvn,2514
5ixMwsdBJQHoBEXp9HqNyro3dR9rKXwKWEJeUY8yvsKT,2505
9kZmqWv1gJtH24scABywu5uMRC8B789Sq5pkbd8RVTaL,2514
6EVy9C6ebuPEXMQ1VxvrVTgFfhMHohPa8fzgi9F3ckme,2515
8ffekqq99M5V1VTm7EfAXZnKvTfLHEHmyCrD3Mc9eAeX,2521
AJNeHebpHJvdZtHPtHU2Ez48Xqof2oQN2ehxsLDUFvjA,2553
7bEDz5btAJ3LwyAC8gbKUxjf5tR7mCvSjSAuPv3ombQm,2563
7PdEctHacfHYaDtF9gduxva6Xsycqe71CpftjWEVyuB1,2583
AebijH1srjBzXAogayvLtA5bhEt1GarWose44Twggb9Y,2596
BZBDxHbWtvR62MzUqEDdUsBDwyMbJTmpjcJkVZNctADk,2714
JBoBo1Uc3kMdEwwtGFVFCZ4YTJeYMupzq2UE2LPeNNY5,2718
2j3FXFVP54YpQEtEcVgF15B8C9PS6U5xTG4igdUyHJP1,2719
C166h1mEZj5BokH3DpuzeQG2j4DWTvr78xh8GiWprg79,2721
DTki6wvuKFCSVv8FEyV1sHw6CNi4xj9DLzJxue4eXCMH,2728
F1rx8mNy4ugj8R1gaAwgK4RfdfN3xa4Kck8HpH5NCibZ,2742
DuA3XC5HThEz3QuWiAkWF4TQJfsjE2kvNvvd5dCBX3My,2749
Av19VVxAPpD1cg5TfdBqjfFceqS3W4FJ5gCgvfrGyaxy,2743
EZm9VS7QQii3z3GVH9DMizHxGBsds7LNm6aA9L8z7hC2,2738
BLtYTemCvq93q6n4zMjytuQc3ZXSMw9iBerspukk9Na9,2753
4862tA6KAbXP2yG1HEwoKbtGH7nL9fN7YW5EhTrhgtYB,2749
AAAkxZgMh2rvk2nauv3rZGJiAvFHybsMNqJd5mhVWN3b,2753
Ay1n7R3Sy2z8C4fT4gBoyksNxiVAxA6hNvhUNe7Rewap,2916
FC2NnfqwUEw7Hg2yjxkqPCqhYTuxMZvKrGGLfwXV6gBi,2915
6U1utGbZLPfZw29qknfGps6SqvfNXt4cMcvb3vsxGT5i,2914
4bQ8Rm7ETEuV2BGgmZG6zfZq4ZFmzepPszE5JEFrXLkH,2918
3WoTzrGcRT2fPTSfqAbTx5ZshhVNs36Rwrw7e7QhuP5J,2918
BEy5tyyfcuwLsxT8QQCHV6YzEPCnFj9AfBsAd8GcL6w,2918
5hTVa6HLQr5kEa16W3eTG8NQ5kK4JF3QQV3qiQ55Tnom,2918
5FPVFmPsmVymUyaiDi1FtGGH8yQux4mMvBm7Tw5eFhdt,2914
6yNGSxz62UKkUH78kBdtFVzDYbqKqmwCmUd5aVjrWWwR,3000
rA3dHi6Jb6zrCCXogk5aFiBBrqAUGp75TF2VjZMTFnV,3000
7hjnw8xVudMUEmVLujyCJpU3kKFYGK5ynNdDSu2V1sVF,3004
Hbo5v8GwwXKJMiHo67XBy6pChMTPjoCQ179xPwJnX6nR,3005
Dh58E3bzgiVmyT48ajBdHzHwnmcH6ixAnhRZ6paiY9Uy,2997
Dwg4kXryi2rTi8LyduAJDSDG4z7adY4hBCmL9XELqjHp,3000
4v3aAUjFyzbt2P5CAu9x7V4hUMK2jtAv8nhs9aQ8c88w,3005
BAdpG44qWzaqnAzwwifWQbXxziHofbxpHcG14K9rjiJu,3009
6kPcQy1dHieCdzK3WBn2aqzqd544qnQgeZEntWTtEcC4,3005
Hypfah9tMxCLmHX2MAU8yHagnz9J5T6fTuucW6dLmm2Q,3009
8JJQrdEpKFLLFE1zbv75kjFyCGET5QznARccrgv7NxaT,3018
fvLAEKPebLT2KC7grqiF5Zdh96QgKnLi3awAW2yotqu,3018
3ticDB5axjua7V8mF3vKTiJFqYdpdxen54UBEToH4q2a,2993
629qLfGMmqQ7vZuvkrTHu7iPePiAi396eJzscT3ZuhM2,3046
xD2bBhEgxHU55kKpC9iSPjYzReLL46zAsRw9CJMBvcW,3052
2XcAk13kUbdL8DMQJ3ARUMy6G1eDoVZCiZB3rYLkcfoT,3053
GaTJLzdaHmx2w9FMC2DFX5UhHsHkzkPNFH9VJWCcMhqf,3007
AKV6Zbr9MoJpY6CAjixfddeaP46mhyQGeKVMyrWvpYYb,3053
4G68fQxx4bW9Zg2Nb7pxoMvZGA8NZRaG74YajYYauEJ7,3051
3P92BTN7EnKtyHt7nekfKbv4st3o2U8BtWJVusJXe4aT,3054
9WsXzuiAqaP9wYnFcsLDmcF6DCmRwX7Mq9PPUdfWWfdo,2966
F3pnQadGJLHRC6hASr6545GTgMN6oxTRbekEGYwVZSep,2966
EW1Xo8GAFeC88AbjGUqMdrqS4BGWxiMgiTUrCiokWtuj,2969
A31voYywfnPeivJ45o4Ba7sj385hvurimRtnHNUKwG4c,2969
DCsw5WFFLq6fo7JVLdF9Niurdierw1CMtEJ3zmfGd9q8,2968
3NC3V4rqyJQvm9U7WJk5N9c61a2co9krrk4ohaxM99tr,2969
HcRRQCPm4oG2GbM3z4XnXcykvYhY6G5MwAmZQdfJp4KA,2969
2ZsoJGu6iTZ1AnyBmEJXN71iRaVRHSmYbyP6rmopVqa8,2971
6gjfuZ2RCBeQhBQd389yUzRq4pcYd4tPBYHZaEBf6Bdm,2972
Cr3M3US2stzFZtUhjzZBCKjjLMoXjUuAR3mskyqXexqm,2971
94uJAmB5FRLvNBDnrPvFS6TsL5HfiBAv7zpjnxY6FLuw,2971
9NiRY3YHcti3VtPvhyBgb4mu5dtxZW4B9yY3JdnvuVbb,2974
7Z8pukSF2eWMLYN9ebYh3pS9bxjXawqGgDqfM61QA7gN,2977
8kVEmFhXy1M8XoGDXU75CrqLA8E5c45hUXS5f4pQvc7S,2976
EdAAEodkTQLcBMxXaT69J46eEiZ3xqWkSwU6985J2CFa,3018
3HAGjoQFFJMqf8nzJ7uFKXfxGw2JF6axGBokqL7AZm2L,3031
9U3j9zv4cCoegfeQacV3VYgRJos7F6Rk3FECusFGu5hS,3029
BBM6XrW5fE9PLzQGZYKRBgtEN2JjRn6tgRULqqhTN8cf,3032
GKGgSmtnaXbjsSyXFnrA7puL5Bwokf4eWYYxREFf4YBJ,3034
6aZALcnL6GAeKEFQKHYUdTLeFr2SdrQb9wzoTRohomnX,3030
9tLNQCM5pHC73wmDgdn2isg3H131vkyUTYRNsn9LzpFA,3032
HAwubuRXeAHvn294naHceQn7NmvzxuwEmiF1psH8E3bg,3033
HRjVo2BmDPXZHbwgw9HgnYsgy19dwU9tMNbYE3WSQ52R,3034
4QWWmrnPWsGTMQPXw8ko1HNjcGSm1hNYLo7br8bX2KYW,3090
ENQT1TSsrTF1hbBB3iuSjdqHxKqCDYGAuuhdz6QeWy2B,3074
7YfaRh47xnk7swu1dk3EKG6q55JUEsDDDGipTLTJ2MBp,3085
29SWdZsdwhgfhqgDXtVU9uCccKFmRmAN9avq5zgmE88x,3105
FMjVU8rbWwn8usEG1KCnBX38775EXucNPagLpeotrm7F,3059
MeC2Sd8jetSYz2RTMs6chjfHMBXCTYSg4KSASKNCPp1,2734
71jjhSda8XF8yFpZuzcDeXxKenTtKYcEZckTkBTMa7FX,2729
BPM5UpHYdM5FELFSV3BkwYZuUMzq8LHvuZCjAw5xiVFA,3063
C23P92YFnHdQGib7PkbhQEPbhqEp8q5HwvL9u1HnMAfh,2732
7EpqZgnk1tgdMth4oVo4mUELMrYiGKMo4qGnwu9xYfq7,2745
JxpcCQ5X4heKzTSucQEC8MYWXCYKyGwbe7qJG5UMdpB,2731
HhUnSvX3vF12R9WzSvS8enDv2R1NV8QL7XPpjzgzq5qY,2752
FbrVh1JT2zdBwBFWdUMKhCp2AsMtfpscBy1fj4G9LmAq,2746
C7SRXfpW9fGniJgWkvCaTtwHZAzRPbUXFWA3GwEX3WMx,2736
BrpAGXi7VeYrSuXvsUgYUq5QCczVyr7jTV99osDaV7eD,2731
BzVTkBexv1pdGBsrVGqkcQejUxRrZeZXNUPHGzPaVWdd,2740
BsHM1yz6UpvGWCj3X6f8ug8Eoi8cbA28hWL5K7y9hfrC,2749
FDQqC7kq5TGGmrRbHyeN3Y76LyR3zF756pbPFtRdVzwL,3264
4QDCG7kGzfRVs4FvKGrsDjd9UBGeJE1JtGwLU6Dk6aRW,3274
3d7pqGJWNLenBtkXz9JP1B52Y1X7DiFVy7qvDTh5chy8,3193
AB9TpyiULpM5WazuDxgGKyE1oJQqzMPbgJ8u2aueAFiD,3193
6p4dpRFXjgM3rQdgyWWypkGwPReN5eWh5n8wU1dSpCPr,3193
WomtUAT7cr2FTF2w8Jo5BzQXVuoKXeDUz4STaZPkfRH,3484
8kgpRDzr1iubZvTbJfVrqAX5DCZUsaUx8SHbc1CHq5Ao,3194
4siJHmD1Sp8WsjNN4omrpx6vcDLEhtovEk3dcjZYnk3K,3194
GED9rf9vNH9NHroEGVjkG1BZRdTPcvK48CEc1DPivWsF,3195
3ZYpKBThay8Xgssx9M6GxBQgNfPRUv8jGMED8uSgTB1W,3293
5Urd7sHcRsv5LQC75daYsaYYZDgPYeANNZfZxF7PyWNV,3277
7CAynMbLDqDRsacW4dQWxBt9uKd1jb8GFFs7csrvvJ5f,3502
Bs2kUEwQNXHm27LJKzTVwE27DUFinZ6rMq522qwZP6Cx,3213
Gts8XMzbFNtpjsRbg51V6txQV7iSy53Sfo2kB1LekTMJ,3507
Xo9CEtSvsjRc4aQ1T6oitK9xnDbMEEZqtsXm2ZAyNsf,3214
FEaWTa4jpnJL1QSKeUkrjSBECWUV3XTU98u2U86ykdpn,3322
4chrbhRYKSrTcwGLhTGkHZQe2AbpJUDhwHfKtA4v9pu6,3215
ESpUADGNhFiHKwAA8wNmxw2USTaL5u9g7HCP41ADBHWi,3216
DR9qDmQwiojQ3kaQB5FJ556awQwaUJvnsZzDFs8caRcK,3216
6hpVUnqTqzxycE74nkr9GaBE7bU3sAjSaFZggJfcuY7B,3256
5Eo1LjjbHRH8B7mfMEuTHnVhCQ6mTP5Lr78DiamAjdoV,3511
ExFiw9g7b9kPFvejd4Lck87ae1wZPBfXMJszt3dR6jth,3217
fh6kgVbHU4q4WYY83zRmzj7ieBndh5FrBiWsPZQng4Q,3263
HdgKHijzbjxD8FGzNKELWwNp7BMuZG9XBSiSnfXgnEd8,3261
8qF2ySHyrgo93swqBU2DD6Y4quvmm7eQo5uqX5HEcjvr,3508
FqPKCb6GGbR11K5SFxdLmJxX8vQYHfrJqCtLCD9U2gtS,3510
747aKuJVhAPJiEBX7YXBPgf2oaxpkiCqmpHUeUiLTujD,3244
HiPY2ribub4iFuAkTRenaFtritLhxVziR4cKzwvWis6t,3279
BXxZ3ngsrMeffAmq4Ck6RLtZc9QLFYBTr3RRKoUQbm2y,3218
Dba89B2exzXjnQpbt2c4FjGEkf5X6DTxGn8sAEPHEkYh,3508
DNBJs13NqPwQGyH5Pmka3dCy1K7pAV2RPBBsBftEHjJw,3305
FpJDXiXAYEkhnd4ToohRp6gBBrrsyhuRtNF15gAqowed,3222
EdnKTZP4yESE94DAjBANwNYQjaKCCqNLBWPUPvQJVnLk,3279
8gMictWBhHwL5TY3WzMceenhT3hp7ekWJnf6F7TEgGjG,3270
B7QRtuu7kYMxCYRbhWSGYaxXTMzJv3624dU51yntTbS3,3314
BQZ9yb6pPgJxf6RzEi6d1u8qh73KPEiU3m6sYUrrxUju,3317
4py65Eoa7YLSQvABCAVXHz7PDy8AvbpTkPnxAha11cf9,3326
GcALYEM3z1ZqPaHin66nWk8rAVsi9R9NzjGeXoWNkCxh,3303
8ELNeRpeKrcyMb8Bg3rE96ogxPCkto6fp4qY88EoGpUC,3327
96puEsrnY4kam4MT9tDtdW5GvjK6s9LCGr4fhs8jw9sU,3330
GAvunUageaVaebzTNLPsD5wJvbQiY32CeFVPU7bCMirR,3338
8uzv71BDuNDhxp55xETtucbBSPiiyu9Cf9AGmppCcy4L,3338
B9F6dVxbM36Gcfip3UADixVQ9WMXgPZQKc7pyYrTQv1g,3365
DYiXzWYwRgx6LGpzWdNEE4VF6153Aoux5bAdmmeAK7ui,3369
4qKLbXKPwjLgYt1f4c6JGW8F85XN5ps9rMTK25zg4LDs,3350
GXoh3rvdZXg49iRP6iTpEhGckowuoFkfdTuU75hJKfq3,3359
JCzjVQ2R6rQvsqApW2XWX51zbcTkDKNuZGYPnAR153cj,3384
FV1vZqxunU7GJqbRhfGA1X99HgK59uEgNadxPfebYvhd,3361
7cqdmi2MDEaPkpcf9DtxCd8hFdXBeaHvMMXgW2UKMFSD,3370
3cppEB5BS4vsWMxuVCtT8biYqhzJjWBodsZu2UEHZpWY,3395
FoQ4dDSLMdKbVVo7ZBe1e1V74xwa7sk1AToVABvCqhCt,3371
F4anKpJHDoo6FWbo4C3ydWMetDSrHRnk36L24d7WdCF,3371
6msyScVyBx6ELMBqijzaEcthw9zyUR99Zw8qVMK8YmWt,3374
Cpt9Z2mT4AJ9ErycRvyfLDvxxgKkgs9kwSTgz2Rte8LW,3375
8Srn5KUjkjoSuH277Af2diChVmbjcKNaQSNKWoq8kAYo,3374
5yCThribnzbDAouffb8JbTk6b5c99FY4G8bMAR44T4Qr,3401
GDVxgWWRSFP7MaAXpWfHm392NjejCmR5x2XTVeunY9JU,3370
C3KfRL7KWacNgugHfBMPj5GhPD61x1fncBSqqyPKd6uY,3379
5o4s6ij53SYcjsHC58rdVkFMmFwocwtiVEPxiEmY7Vue,3397
GUmES3NJap2ozFdzjV9fRSzELRtPnKeAQbfLkTFwLtAX,3377
AtS6kmQyJxfm3wuhmWMkrJj5UzsqarHVntXd1sZNXaK3,3384
ApfGt3ziVq5jx6CSCd4TfsTFa5pVEAt3BQwJvqWkkfiF,3387
CPaJZvokjX8FGyGuFwHy33K7xNdi6hhd5kBY6Dj2cS9g,3381
Buo5TAboQWWPfKxnVphrAMFDgwBHuYJCjHPSKdRDuoG1,3379
x5ieFV3oEQAg6hg6iuhP559L1MRvYzLHtY61gBZc7NW,3381
3xFuG7ud6xSK9LwthNh11VjABKvs61aR9uUw2kUiWLis,3381
55VCSnMxqc2bovcY1M8EkrUo9SaJMQtai2vbQkuV2nqL,3397
Cr978ZzKotHM5b6B8GEM712dfTypnMTsAGP2ksz4ZPyq,3454
CZXK5wVd92r3M9LzUB1KkPoka32ZWU33FDW1yk2qRkjW,3483
B8ATHmu8yzzs3rjkGmASLhtFeUCVbUM28guieMZ5JPW7,3467
FoDqZTzw2ibHD8ocxagSmEo9HBVNo7UCfVhdgRBpiTpR,3469
As8AWBHSSBMzmVoJHxjLho6drx3X6HfBJiQD6RKQor7L,3469
DN6JKZKLN9SEZuwytSiSzbt6yHY85WxRxrYiNk1jzaHF,3469
3RizmKu9hTwzftu6XJEshSLNDvEBERTAA8EsmY5ciPrV,3471
EYqNVEgMKKdy7Enhd5k9c4qwWjiDhQeAQ6JkDjAqDaCZ,3514
EspVpyCGTAgEsazaZBuiTg4D6BgFKumq8peWszKVz1HY,3473
FdjkCYCintQ1fk5X3seRg9qzp2Y1BZGMBZed6Rr8Afjf,3551
AG3LUX3EnPapzTeTd26t8xLcgGkfkj1osHjZYwKstECF,3512
96YxM8GYhb7Kiuic4Aed5FpYKE3igBqAjjWi3paKbt7G,3513
71zCMpchb6L6e1pUa6c63FrDUFBTeb8d7dgSFAv8szEN,3515
AK4vKySdKMuJ5ZDfEDPGjeGyAWEmtsRwKQ65aCREia8X,3514
3aPy6NhRV1deqXEK4R1CKDVwQy6jVFTNejuJ5bbhszBt,3600
4gshQFuwYpmXStNDxBhJrz6rdRrkBisJ4AigNnaHvHBQ,3601
78aJULxidnuywem2YsDuMZUgC5x8TkMq7hRsqraJkt3e,3598
2sVpqkEwkhznbmJeLbgRmh5EDRegdVZfLwSFrYHM5gTE,3645
739GkxevFsEBjJvP18kqfdMhDUWsChZsbPZYJXtKfiek,3620
9u2Jiw2bkKFBDzJzE7VuLAUNui8RZgFzVH8FUmZsWTW,3682
DDS8jQFqPG5fgkBqWZqa7tx1v4zoCCmtJo53eYx7m3VZ,3638
CMjk25wnqGAnuohDPuXGEbq4bug42ZSbpyDEMdA3oeV1,3637
6J3DGot2QgfQ1CgB7rDCtq5BQvmWwtvukqTCAWV5Fwq5,3637
GL5djG7dv1mndLqN2xGLahGo2qr2UVbpjK2xCFYho9jq,3643
57iWeJCyDHJ6VXrxUqcwmkDhmRLMv7EXzJSCkvpdgGjQ,3642
HdQ2B9MpLbzwkJfFiXBxEtFZbtvqP7MhiExBssKuXmZ8,3713
AkS5MeL8DHnwAZmgm334oeYu2uTQM8Xp5dzW14A2UDeX,3730
4ZBLHwFHK52kysa3on1SxxddJtSbgp49RBaHoAnqvQBn,3778
DjXeCmJ3EYZecTkGT1ffBo4hKYjA9DhUQB9GdxWM2F2p,3734
2TfQ3wLU3zEF6nX49s3eFsvMxUzhbyB1mwPxTQz4ZNYe,3737
HVFoMSMPUvonjcCtGaCzyshVEj9TxGMsgtPwAQm6ekX3,3725
3hYLNWypZRq754Yhiiiq5p8kDsJZ1TUX88FnzVanu1Qr,3742
6UrGgVaT52tUnXSkzq2BNXdAQvuErtZn4yHPXzQqnKi3,3800
FyJvxGQpSq3YwMEnakc3HZU64zZB2DKurGx5Srxhr3dC,3718
3ZHExuFedbfK1wYhhKCUzNuD5J6Tjw8WKrc8Fu7hiWou,3754
6UsbLqtYbR87DukoaSkYtLTafEXw1L9rwyKo7uQD7J2H,3378
DQGuMCSGTnYy4qfKQXX98Z5fkibmuvd4YqDu7Lf4HE3k,3381
Dvwst8GhB62QDyC3fbBTQEQLKxRSjT8NsB1QJ2wCZN8P,3381
ByhjPfzvznFFPoom4oBKgvLiUHBS8vAVSQZwam5yWWoG,3382
8s1az6xvv5fNMRJViuzRgaUMLBQwbugsGNt2acwQASNn,3384
9ZvL8DtioRbahjcbX2tahughja8yiMMLr9JbYAmFwze2,3932
Hj3eBg3hYdwiV9KXsHgHbvJ1KKaDTundHtHPR9VhvkTv,3929
65FYUzNw4uoEeMb8g9urmY6b91jjEiRArpjnkGHsKe3Z,3934
9VyU7cWWwmjqg6gx43JFUXEczXRFeUjTTK49LUKiDdji,3933
5zZcKnH2J4tDqrGvjGcWpGq8yfM3Ui8RGW9grnQXi9KY,3911
5wPEzXbZJMqcAVj7DyWbsr1oDkQxAU1PiCsWi5vXnWmg,3953
z6LzXCeuicZXoVSrm5BBju5CaQqKXvLXnd12DtKcVcw,3920
BW4n2ipymQcvsBTV2xaGpJuKNa1x4PCsXFvAmnCafwiR,3943
BATq5bAJ9d4mHNiX4ubYsRvgEE4c8h8MoLSievenHmpY,3936
G8KAgBNtWkNEuKGb7Qe6vReSmboLvSEVZXWhChFryo8U,3933
6XZiSAcr49HMqBgLpUSDA23QqXmiCXtEuExxUFi1vEEq,3955
GkVYhm2JD5aGLXn5JDTkNazrDsoS3zC2tMx5Et3uSPSr,3934
HJbktcoExbrUYvZmuoqfigrXNiBHXAtYDJSrNmKqrD4w,3888
DUWkDMDXpaFdRSrD6QNPvg3yZGj6MiVCWFtkCPuM9nkq,3886
3HLZqbY9wmrVSmAPkfV1tTKdULnYTGMHcakTdigTBpSW,3923
Bz1bj1qneYC486T6acga8JHKHHF3qX7z7cSkyZtogFSe,3922
BzasPdMMC7cFoNCbxMLzAEfpmeccdkPd9S4a1vuHS7Ce,3939
586BnqqdWtXsTTEtbbxjsuQPYwo3hN9KpExozoDaVp5C,3995
3cipgZcCeJtQd4jJQgrQ7fQ79YoqciRyrqLrFcB7e6s1,4006
7q1WBkdMZmwPE6dSiyEeHgwpZL1fUqVcz1VCqeF6T9wG,4063
7NQxK5not1dJKwwRxfzaWCfWZmgAefR34AAPKzYUatdT,4076
8ptYdthTueSbrJWEmwBn8RDr91W1Xr3rpiLdLcRfQbTy,4056
Cwx3pkMKpGWvKtK5JitCPELdYKhrSvTsXBCbkkby5xKE,4109
8Qj9DQEwPUUJVDLZs3FpKVmxEboyhXDYCL7kqWoEVuKi,4128
3AbqfysPWf2zAoxnvJqK6Zb1naRgAHNWjWhALaHhNaV7,3660
8ZZmBreb7hrX8TYUUxz8X7mEPhMsEea5gQEdkSrDp2tw,3712
2C3nbiSuQTnTEf4n7mqZPMZGt1L1G413fBht8uHNkbUy,3667
FY41piLb78Mwj6pVHP4za4JiDcfam8WESdiaYNdimC28,3665
PmRCknbA3tkX6pGoGLFxCHRc32ndg8xHbaSpqAeKGv3,3664
Hsg8BUCq5Uu7u4tx5e9aUJcydjF9tWmr9RJw6NxLorgC,3669
9P11CGJ8w5GDFTzVMZSWHgobLL9R5vLU7zRiMbvRQoqU,3663
38ZL3mcoroYJsHoGfFRB3ZRBVp3Aax6vzuUmEecv53XP,4046
JDBf3mgWAa1htp94gAKocp54p6ReCS8ftZebqVrXx7Qe,4056
2N93txWYSaqJiuQhPfdJJxWhKJn3SAuHrgsyirKYjx3t,4057
3hGpAcQMSDFyuFs5Ex1m99j8ib4u2LE5D8jNLtKcCkfe,4068
FdJy2Rzpz2xfgDMmUYoGKKfcG3n5nTY2uTpLeLVUG6zX,4072
FzgJ4YyCpGJH6HEic1XmbP5hMrc5yADFYbVcS8wMnk9P,4073
9VLrWUTmmafXoPei7MAYark5ZQ4wsRKqnpmh9skZdQ85,4150
F1auzKM8mYDE7jasQoYv6A94Q4qyY1MtWoCfJ9a5uCXo,4151
14VHr5LopTZvHDQ5F358HQHvYw6Wvo1zKbufgJwSmqak,4122
5fJT3JGCaUq9hhLEaJCapxap9M4FN3pJksar7G9xCqz1,4098
DGAh4RmcN5U4jJqJ2W7Gfc7SZXsRtHABh1FauuAfGeam,4167
Y5WX84VzVA6NyS4dvtjfMfmkpNQM2pxWXjs6x5NgTEo,4138
GtXCG4NLNJSEM2GUgwYB6JRi7sjgeduH5bztagkoZNiG,4332
5DgJm1tsZV1xxJi5aDZqkuRvRTL7BjfdichLCB5UDG9h,4171
FEaHzYfUNSgVcwnigj169Er27Ca9DCKGSBsZ5LPhVWvV,4171
7RwbtbbcSrsYbNLwePpsqfPJSKAHHShMqapDmk6REfc3,4213
95VHMBBeJ6DN7mRdf5FfzAofk6RHEHAusdTimTaC9E9z,4167
6jDXwntbKsd6ReyeeV2fGg7SpGjQSHZtmyvTdwMk1UoV,4103
HUu2G5zVzoKsfXTyRveCieE8rxMbu5gJS13jU1URb18g,4134
8EiHyubKEpfn7EAhx5NBA1VW4LZp55xpFJgftWCFX4T5,4141
DBsVd3Kupqhh245goKXXyvhQUg7Bxf3NVtnCKT33viuD,4148
2xgdLsrRBrcnRcCTTvgGe2TbEvmEqus9kZ9fFfWNMRfe,4118
CuCtzBp4gvnFWpGBezMaj2h8v5BCciTqawaY7FjXt53N,4117
FTW6wfbb1TiHKDNmnohSNJ4hPziAWcQ7R4cMqKMHkRzG,4121
HtD9x5PfNtJULXd19UbwguzMwW8N4CaiBPkNKHdZ8S13,4125
EhRx2JqAA1mjra7JgS17BD3EMUFT128YzipWVsyEYjB9,4194
GhSn4estZ6wEsJmHeqe7ZxJYoUkuiox4Yc8dk3Y3pgNk,4285
u8iA6YngdJ9V3uqGoUU5bKYxwDvBpvfw3GbLCKDx59o,4266
8MiLYJQm4Yvxy6MHXrguGGPHBuYs5Mr3VjN7ExVgpe8r,4290
9g6vTUyFLtgyNEEczeUizR6bnxurNTm6ySWYM9REArXR,4273
D8ANnz27Vmk3BiQDmVh8y2UfCNej3nx6nq8YTTRmRWvV,4291
q1YX8Nc5mdnwj3ZzW9pb1oX4ZzxyqmgGZnPQaaEkRfE,4275
6qU6XoM9zogHMVKZGMUXtGjMHH98mkG3vdeXUiav6Vea,4278
9xbfEn9eWRFFTi6eAHzGy1Qb5fu6xkm4AN1TMFeQ3dUX,4280
GpJDvJ2MFu1kdSdJysTyF2S7L8Lpfa2ozoxwqB6em96,4279
4VvNZXRVdTQ66gqHH6G7duk8qKpVZ5296Eu2s9TDcN1w,4297
gacPgoLwf9c3Y2ga2EZPoi8HGXot2YbQtf8qwn6RGMR,4279
8HFZxvbaa6vojM2n1QCfyhJkEPC23pWkph5rHwkyp4dQ,4282
79kXBhy2nZFj5kVYEx5YNqszNZniFYNXqmVdatCHraJq,4283
9dsfVMB3ZPAgkxbq6AH6wvyJNA6i6cMdiNJ9CF3U9RSx,4318
G9iM2WeUBU6KjrBv2Q7tGVy2zZ7ihLA8VFRXbmQxzkcR,4336
DUhoG5X8dk5uyvLHULKwfJ3GxDnuWVqJ9PrbAFua8SyS,4342
2RK6bppdiMgUSqg7PiegCko4pKHvGzffKLBDNnfmBjfK,4342
2TE3gjtMmQeZcR6TyhaNbrPZriYCuCbGrvRtz5HmdyXt,4341
CQJRXrfepUCM2jiqcWPHCn2ZsAmSivTpZMfjh2CeV73M,4346
3ANR1a6YpLBVsNx4Au5h9Fvrz2nFy9CsWT9MjwGEhQvJ,4343
8b8ptxyywUhgprasZZpfhJZobuFUzqrzd7UMdHdtoYKh,4343
CJKJ8nbkowHVxKL47WMhxXisrry4Gb2ynAinXkBmCje7,4343
2i3Rvm2D3dfnwpezLjBQJ5dbMzuXHfEtwPBg5R7MnCE5,4356
66WGhdd92CKaMEeHG8rkv4zbDABadcVbyDCBDWJgYiAf,4347
EmVDzdArEPKKaUsybKUyDWeH7nFWfJabpstnkZqbnMey,4347
8JcRw7bA3xPycXpC2sJCHJQGBkGmYtfunWUqP9fTzaWe,4348
GqHWqxWixYvLFEPtA7ebv5AhtYCyHbaD9APWtaeRdm65,4350
Bp1kcEdFfMrt476JCqEkgSq1p8XtToDsmwZ2H79TUMwY,4350
4hoZ5fCPSYysMzuSay1GEjue3NfDS6376p1gu2Vci7ca,4351
8Sm9ozhD1QxYeLApKTmYiz5UwsxXkHYpce48hhpJgTht,4365
AALW7dQrkbNKNCjsQCDdqV4gtRjxiy3XZ227xhoY4Q7N,4380
BZqycHHBRXNdxkpvkjyBXUCxS7Hyf7Yc8Fx7Fr1iT4Wv,4383
DdyEQFHZRy27LPoWRAkrxiM3y7RCaLV3cG379rrmMZBT,4383
4VteiDFPkbLFyCeuojmX4k3Zez7QxUYo8DBeSQjfJKrv,4383
BK9zv96LoRAV7JDy5jjubSvct1rAEtKYR3BQgHoCFoee,4383
3QzuRLnFrEH5n3bgHQ2i1qrirLrUsQboeWJAXN3Do559,4384
AANxiJ3RPa34cTTzENcQ7UXsxmUT4exewWkVAHqAwbsG,4384
H1uidudh2Q8iSdUu2tzRoPQiousYJPbsKrJUyZnfwEVZ,4384
3JdFhb1euHzvrNivVp9myaxyCRCGviqt58B2J11qdXpF,4382
85qidEVkjT7obMveCtq7EDByQGE4ohAwdA9eDtaQmh5S,4384
46N5yEcgRnLnrDo9i35vuojhrH8a2ep5m6asQy8UpzFs,4420
3bV9G8xp2qCGPNsBqTwNGbuhR6geLcBPguTv5Mr859ku,4421
AtFRQ1HbnvjagKny3RiuCCiT1nkxQz5oSQkoMq2JaJ3j,4422
3xP9G7H58xYZGsP1B8SZwS4KUA2X1HHcpGGqGjtcs4jt,4423
FmdAHz4838eVewdhewS7t3o1kHL1XGXyzQtv9bLKPBXS,4423
9wbsmUZYEa2jF61XAp5btN48PMmTLETYnqDq8pSrzx49,4424
HTrn8g66WaAaend6jGC9bUGExrfTDBiNjhLaj9jMk6CZ,4427
Di3L1JVyYfzYfyEuaXx6ikBjZmhaHViqT2Nta5KXvuyf,4423
9cds43B3z5smm4W76HZ25jgBRh4mBTUBpFx5mBr5o3F1,4429
4Cg11k9rWEKzWuoCVUZk6TZF9Wg1FNtoThHsZf9gUFuE,4464
2A2ZBUFH6pyNojnNovaTMB2UsjX3yhPx3T5oJx6JikQe,4471
GLp9SNyVLHMeveKRrYaNttsyv4qppjVGJ7eTxyKkj1EX,4468
BtnUCNTBifL4baZrYbkwv35U7vUiwLE96Z2Mo1GAqzeD,4465
EHgYsUoSHTqpifYYFSCwXfAPL6Szsps6iBqbTJEnWi32,4475
DDzcosB4egrisy6d6N5N6gQbkJFHAtMXLbjdVSgirnNp,4475
FDMhCv8F1kwrrGUDECLiLbsW5V2xb1JnSW8YWCTCkqa1,4471
9oKAxDVXRJYNYeyRHvHGkimxCQYxKAjxCkSM9JmxhhCx,4483
EFPLQHgCD6DhdVvRdaFifkSSsTqWn5wa44RLBy3BcExY,4474
HMj1uJuwxiJz7R4mChji7ch4bWBJGKBrL2XRXSCUud1H,4492
3dAviBdnsvDvGrXLDhFMjK793tsD1jZdGRFJTngZbGmt,4527
J6uwwYQzzsQy6WHxpRV3AGwDHstQ4pTw9RnQqzXMwNvz,4550
6m2pzwaNixGQvnZ8ntuZp1T6wd97j4TgxUkJXswBtUN9,4566
EWKxPGrY8SaAVXNrVU6EEz8JDukn7uk4Q2X6dyx7ZHGx,4563
HWL5P5Hr8RPzqTUH3vUMg1zxkCotaZjgBqgSZztXXKrR,4567
6fNTzyFWhPJahuZWGnezTRMcL443cYi7v6PPpCJSwA9P,4563
BA7MmdVDnc4MqUM4C5EYRNtHQRN34au5DA5knAGYdbXx,4576
2KLZjBb2QayXBnVpbRX5MzddCQwTp6oNeq91AcMQuz6B,4574
81GRDyodaBDVGxfMLXyFevbVH5GLgdNvNmZ6M469MNDB,4578
GWdCgxLXgNqhayLNmu9N16Hcubf3zzMJUyc8Nrr9NxAe,4577
ExT7YgyYPEVcnocyZAb9yU359vMT4wtL2fwrQos4AkRR,4578
HrAUDhcB5ZLrbkSrW9v7qePx1yqEogJDp64VB1VfiVQs,4579
CT18jt66f9AVfPD3zCEPJ4cZixfgwLWV45z2HZyU7s4U,4577
HXBR4tYok1GpmebZFyfqniFr6rtmjEjNanNB6axCjwMv,4577
C7HpHMSeTLYnP11JamAY8CGD9uDh5QdPTXE2e1iDPN9d,4579
AFK2xPPSN1e139ChNc4wvtgKyCPCZyVesbXEA1nt5Tf,4581
5Zwt5uG8dwWUZJ24yDvRPJVyDpgVvdL1WBVNrYYLSerp,4624
7UPvx2L48n426S1ourWBcpYSTwBArVqN8ivngXxQ9on1,4624
E5BC862rYiqnUdMSKpTWj1e4STv5iEYRatvyNRE1ai6s,4953
CP1KmxREP8VWV44mWZYgperzZ6hhSjVE6YMp21mzJ1qN,4634
GgpTBRg396pyss6ekWWr1dPNF7wcasmcr23qBVTmSdoy,4628
32iKYkUBovYhxzKi3zLzb4JskumSvgRvH5zjsrzajsWH,4622
6QUtvGqckg5iySiZEJcEWSddcsD9AwiUeKsowTeiKZRi,4620
Jj2NXjMaEp2XZ7E1zFb8WtkzAqeWLz4xj11iCcVzDoX,4622
3bTkCtCLk8qNqBzi8vji5TKgcVnNHwVLTiGvCjpGt6Ni,4620
6hQne7QffrFWew8QqdKnEMuaVnMeZeFR37uQ9pKbEnvF,4623
H5iKiTNArEXtnGopZgnS1dSeF39FxeFFkhFNPESwvgqd,4632
FYXXWK2F7LoYW9Pr5Mcbyx4Akmgvbmo6HS1BaTctyKo,4638
7EF2eCqhkhdZU4s5DwHqXRYC8NKdPvZ2UnaCrJFTTrQr,4633
5XK6FsejzuK5ADNdmv8kwomz7YSJNYPkxJqUF1sMugJK,4636
76ND8aD8LVE6h1RDs6ZoTDwC1eBzjwuj3yn6nhRu7gpX,4642
5bfe2qjKCmxT4ceMDrRE4uZSaNMAAzwhMa1hMhLue7ty,4642
BCuvKeinSW4Sgu7WAyQzq7KjzzdvY7s4eY6y2HVe1gRT,4634
97q1xd2wYcsSQAxQq5dRwWcwz3XSdToU7JS8jcXnxJCS,4758
2P8xyKs11LVbsWCWtu2ESubdmUfwbtcYcqAuK1DirKLP,4786
3z56nRq6WwhYsytXSBEhwSgDejqSTgytRd7Ax2k4Mz9A,4775
83Y1gq19UEvS8Tt89z2Cq2KeHGs5Z6hAHXuq7bfc2YJv,4775
4K4dFjeZ1HGheY4Qd2APBe8uoG4NDMDzezm7PiFLfNkC,4777
7ey4hvFP9brAgdKUeqgsRWTp9QtdK9bpYECiDDcYf67Z,4786
9SESMLCso9XRdxnyiGgLpH5NLT2DLMXzs1ncL99PkGtU,4792
863x1hGRXsUCJJywfeyBES6n5m9hi4bokrBGsw3CbD8J,4780
9XRqdvCsFKpnv9GyDjvdJHMfjBGBVryktNzxp9pD8SwT,4783
HgKXmzji3AQQyufYZArB5nKmHahaTJaGuvvH9PPrNRad,4823
FNVekrSXYkxKawGBVEXACsp8Lua6Ch2vZ2xmtr4FmxML,4817
6e4b3yfayNskniuH1VFMBtfcPC313qgoPW6fPePb6Mxi,4818
AmJkoxqtHNgN8kMZ15osL4XdeGcF1r6GqipojExnr551,4810
9yaqmuRfQT5y6vC8wddzhpi4dTbeMwnDsRDiFxKwgsyt,4822
JYZQURJR3duJXJFpkDf1z67hFybxUYAG6X8HN2uUefc,4816
AJT2QJBmofm3fvc9LAkQok8mw1vfZQmCBNd46kgwTve5,4828
3JRLoxnKCcirV6E9z5eubpJT2wcdQrjk88mFnMybDMSe,4830
7fA3PQvfcwyiPitqtVt1SEAXwFiALXJXpiae84FSLPDB,4885
ANuyScaSNkxv14GZJeJu8VpAoSJFwHrQW1Z2XzQwrVFH,4874
9ThHr6xLeKupqWB2ikk2SHnhHQVbvzwBWZaPg4tQuMBB,4865
6ftucWZjsaScjA55cZvbEDy3XMuyc8EYiCYMuQZyLDxg,4890
2pcnVXYWd6VkcZ23XTpyRikZPsLieViErdG1nz5VsV8x,4868
GQvRszwACj6Yt3iyg938YjTHAWdj15ru1ByzWk69ks94,4888
2e6boh6NeGCHpVGSHPuV1txhfmpLEGiP3iRiy7jWfvCM,4879
5kyniq2bGtdZkA8wDqP4P9UZqrhidTL4jJQDJ8r99Pez,4897
CHb6uTxMyEbdQohFJjK43MMDq7kp8Hf9Y5ZT1kAEo5M6,4906
HC8QGdgAaa1WFGSW1eXXLn72vhZekMLBgVwwnn2pbtDy,4924
BiUFNm1qNjJTviddB3S4VEaXzMMXFq36X5jEFQ9EHawN,5280
7HuVHNpdsS5pG2tragBnLi7t5e75Tzs9hK5az3wc6Gwf,4974
HgsepNwqcPYK4L676vGjUqAWMsrDnukjSRZWFig9sGEC,5108
EmMGEKHq9Ykh5xiF3s91MFRmcJLBKT5wajyKQJJLmnyq,5076
EZxvkmbpSCkLc25K588DCDuRJnjkFsY2Mo6k9KtFVvj7,5406
GLnsXccGPVphb8PB9fM7vnWD1Cc8BFrzS4HTDJ1Dtifa,5043
Hk3VQot8yVcYvt8mKLvkFMX5h9unj1yCnxqpNeZPcEjM,5049
82zJSHm9Sx39g2XPPG9tchTbWVaQ9vquNeBYtucARsJJ,5053
CE2fPYMCxog2WLbn4PgXu5CQbVLBrSdo1P73v8te3E2W,5425
8pXBW1HZPgzbtABXCyo93FjGV3UXDN4VSQTZYfCGjpn2,5052
4Qw2iuM2s6UTwCxVSZM5UGaHS74rissCsqYcL4jYUQVd,5057
CBMCHfjvf6hi8R7d8uGZhFUeCau2hC2GsiYuJ21W3j59,5069
GoSW9jYZYxdXfAr7AwPUYMkNHShWFKj4VXCpuqEF9AHH,5100
ADjUadLJdnbYYU5nGqojjvq8R3XBMFT876hCwGPmadhf,5080
BSduxumM4kK1en7XCKyqdchDATLXH3j1pFGr28twkSZ6,5085
FaDbWBFDCN4HPZZou63Bvpf1x2U4TkUGzFU37K48L5F8,5054
6EmV2LKrPjj5UgWNTFYRkD7tKgeNjNQmPFXR2EKujtHS,5054
8oxPbwi3Y4Dfn9YmthyhqkCpvF8shi7WyxNK5febgNkG,5064
E7FMvBMzjoL9UzmdvLfPZMxzZvTjnBGMKe2gmuCqkayy,5068
E2VcD3EuzRaSeWDTWTW1jVKXpki5NPVfjqUjzRAqPk1E,5064
5A5YHBKkY2N6UpNDVwCaR54xToABLwcEbydKQCRVm31M,5072
95X8bHvLfmJTvDTXrEEYaYEUP8bfRULN4MDGvWyrxnuc,5065
AqfN495FLpzHmu2fNTgP9zz9DGsFjZtm2XjMTMGDA4rN,5067
4Xwq1g5oaNPsXvK6uKmvSrCTfBDoiSW76zznf1fCRn5p,5070
5UDTU8mwSXowY7SFAZ7JdSup7QbRRaRiFTo2dCThFMk8,5070
D7fWtxbp5exoPXEDsEg3MuYPsn2a4oSTbhzjCGn3KndS,5074
21Ka37Zk7ip46EYRev9xH3zvWiG3zzdszSTfpZNPYA7i,5074
6gpS2dJXFNYi2Q2X13XpShL7o2yWtMUthFPPhnE4q7WW,5076
7g5NcKe1vywukk61rZcS2B4SACuwHrvkTkNjqM5gv4bk,5073
5PAV8W93Vm2aVAiW8BEz82UrcozxsoBWrzFVg7mZCHJX,5077
4ib2az7vsNmo5ko3CabWx5mutXhn1YtEFZEFgnMnZ3sZ,5105
2odMcjAytVJQj8EfRe9bPW5iq714tnw2tKmVfDgybzog,5107
6RaUd7gCEi6rgaoKQ1HojiVcgQ9kJ3LvNraac6yKR1Wx,5144
3xMPkFpqankXdv8Fzz5ZQQV43QLFq6Wb1r6UBcqZvDz7,5141
ukXnGjaygn75fwwqNwDAB1Wf2vnBJdpseZr1X4m8SXx,5142
8SFWae2xb8Ykbr1LJyVojTEAAYE1DLJLprRhGGzeZ7fk,5146
AcRp5vQQAJQutn6KR59Rn15dCv9q8oLgDMqduAru8H8r,5140
ExiJNQwjKL9J5XnU8ZfhcPYHbPdBYenkpevm8kHTz177,5150
2DQmDMqrREN84NafRR6GFUuxUnaRg4LmLSU783G1mLQx,5149
5gZziP5BK8CJ4GH4rYbatJY2hfJnDnPqNNNTLDnn3yf1,5154
HJfz1ETDJuHPXpduBiUhPGhkkRi4hGN32sJGRyMg3271,5137
BjBK893hTyiHgZ3ySVPaUNGcBPHb35SZQwdm1wLbA4eK,5150
8woRgydL7WSw4ZaFWg3RVh8UXp4K3Nf7EXbjQwGv5Sn4,5150
GxAg4GnR4VvzqWVN79MPjAzjZwoqQgE7c5SR95zSaCTM,5144
2WrXh8kyX2MUb95fDrLF75ftvw5Z177zP5yYiw4qUVFe,5502
Fm2v9K7oAYhEhDkrLrWrB1i4UYckziDRZL923E3K73cr,5159
3yAS66msHQj1WsgDPjyD6CL7m5K6BDYFPXBTTGLsvwTh,5162
2JSGWwN1WYuNF1jj87U6BNeiiyLfsZq34vs9ZEqXiNbU,5172
HgmoDr9fUN11Yet68vG1z9EXDLRyGnh9auYHjVZv6BrL,5174
8XCJH6vuYFscz4vGYYoYeWv4M6V8rJVppoFstxaLMKxr,5173
GJAnx8UR6Uyvfh4z1hRZ5GgpxoULvQfib1LPeQ2Xci4C,5174
Tp1dNK6NdJQwZnXq3SVooQhdRnsB3ukaAZEHy1YYMAR,5174
D43AfuPbsxirmJ1Jf9Tys3JFJkYPRMc43xZj17JLRm8j,5175
G1CREg12fap9qTfMK8GBQJc2miQt7RENxprKXujRrNP6,5178
5XEWGS29KSaCFUnZSjrKm6Lp7j5U6p4AMKqf53yRH6nD,5178
3XMcozD8ZqJjjiY7j4x58z47v2RaSi1qhSKbLvKFGvZf,5222
8WD7gF4857ZCNFysrg4rnJM69LBiFJQnKBXuiMEV9TrK,5224
AFvcXj39aHNDJimLSbXg3BmBrEfd8uYSU6iqdX8HLmU5,5223
JAwd5PeVHsPeHPnY2sgSHZAXZY3w7s4bdsM9mgcG6rAd,5225
EKinNAwtkgT6dLrczzhdQnBXw3Rx3W3abd6z9MwuLx3k,5225
7USMit18ZkZSYH17J13jKZNycGU7xrdomHTd4Us2e2ax,5228
3tNe16UCSq7BUT1yRM4sejoZBwdgaoVuT3eiAatmYraa,5226
3fYq3RFezb32hKjzwcosZXtVpoKAi148XqBuFqmwZADB,5286
95Aykg3M1LcE8p8jMACyddHRiY2Zo94cp1Q7TMednVfr,5287
G5axZD1L8vMFAJmrbQ18NXcony5sHyic5p7ZH5o4prCz,5288
7mQRF73Ci6AsLmXTNTcnmtwjPFraiSsbRb2J3eb2A7B2,5289
E2D7UaA7PgiSzwgX9pfFTktmw9u1ZgLP74ZnPHunnRb8,5290
C5683YBxjDHH1JZXmdFyKYRCgqrRyCMtdCZRbmxXnEQa,5291
F3kaDkehxrYS82bXBc4taHPW9anGPyXpB9g8EiubUjYi,5335
DZCaUP1KsoU7phUPVYvkuVY1qWXtznBKrayFm9Msdj88,5333
7jcSPiRy9L7B3PCMzvtdFYnnK91wNSr1rYqNuTqu7P6f,5335
Ak7CJrBxyrdogyTFK3xzoGpZeyLjuiDqNXr9YgP5iPa1,5335
DFmiwDauMLbzdNqVdmya65pBq1ujXyqGFPfjvYQnAQGa,5336
9epDFyU18bG4VW4XcRsCAW24XvNRPQKirZVdPVnJpP4x,5337
8mu8hkUF3bzknFtUaGqKrYYVz9Sizc9gDvi9CA1pqJq7,5395
FnUJy1hEpvchgSUtLvCajw1UW7j4AEqUiEFH53NUpZb3,5399
AXbaWii9sEQr7W8sZKfjB8p1Jna1NPw7aUwBQN4sA2KS,5401
29ykhyFMHNJDZap5eMhDMDuUHpUqKG9scsq6C68ihnuy,5396
9ZDtnUSrVxpmJpeXKBvoTLebN2oV5PrEU6yYBjbfCZMU,5403
91kscNfiJfpbx8ifYKqUSeYACnb4weZAhYqUZ1k7EmSi,5437
24a7JND6VUjwB1JxKUrqTH2kqokKwQTTGwu9zjCWEMKS,5438
EMixCrjkBCRckad7yQYJ1zSKq6vniL1hMrt8Jtnfh2yz,5473
8YTH4JxVMUrNt8xGEgudpGcnk6mHVuNuoBL7N2y9Xs9w,5506
9zzXxYy3ppVB8vfo1ybRhTttqNGosUdBHCm4kMgX2it9,5505
3Y18yDfnE9gdGewLSJhN3HAiqUXkcVcy1f8JU8x9zpWT,5511
4DnPd1GS8FN8SpGbyZWh87e8gA6Atfwqv1ogEXzQbL5P,5505
AruGZdqRMsgPBVabhKyN3GoS1ZJyytKHgo2Y7BcmsiCt,5505
5n2SSiuYXVC9tWAw66wyPnVSQaNWY7Lj2oqZBx45rZgy,5506
GZRN7DuckwFWidAyf31TGqjBonwAQNps8yiiHSJEPt5E,5513
HPbzJXEZNdegBZpmTVkr4vhJCXdnkZcjo8iBYecRsQgj,5487
4CsMJPZ5fe2fwDFoCKdQvZF5E6SsyaA8Lv5RkVB2ss78,5499
7C19Ujwzh2fnN2AqKiC3Vmuej7XvEn9SMWJQe5nz6sqw,5511
STF9E9Pk4md5EvyBxvu6JrskBsEHNuxGf3zTtSmiFu9,5522
8nxuw5Km2CWRxkf3rDQsBzoMBoqCnyMaPdFEqdjd1GzW,5509
5YNEt3FxVewqzXB9JD6PtyP8DoeFokNTd6c8caNHEf3q,5469
8Kc4bMT6FXKayMvGtXuMPcSoXYzwbUiuk69uq4hAHvTx,5470
6JeeYQsXVZZnSxqnFBJkdtyUNQS3YcNJ2ERbQrSfR96t,5471
C6khTEE8Um5G8uLTdYn7zpx4YrWkHvCNztFXVqJ5NaRt,5469
5CYdE1uP1V4Q75Ym1QDGMh78jrWnrVv19GKdtgw8TwiN,5513
7y24JniDirmbjgp7QgGEyETgoahuYvWdhLNAdSENdTCm,5472
C8PtV3YgVNyMZq3qB9uX3xpuqb4rpZxuSMEkSA32591U,5472
AZuah88radaPAT5be1VGhGK29zTtGdztZRoVcgxL9qeB,5470
9weEEBurtN7kA3GUJeL1YuY5pyEKh9BxSdKExtTxUTfL,5513
7nRttnarGo2tHEFcJqRTnx63FDjiikeQKLRXYWHpwkyk,5514
9NUX61gnDZcMXgZf8SaGVqzYifrcRkh4MU4FkSwdoDJh,5518
8hV9hffX1qdQjXZVcSVpAJ8eAPao9wshavgrpKPf7krb,5519
DCCtoQDtwM4StWq8eXdi5Jr8htUFFUDRg8No5WpMm6Bt,5581
5LDFscokcCCLH6Ao9qVNUtiWBWYMPoTJRof5w5Y1DpmX,5584
jC8RWbBokVea4oJawnY98YnjJzG57mFCra17kJsiUVz,5590
FfYi9WST5csZ9vVNTRSyQMU2W5Zzc5rAKr2r1cRy3bTS,5656
91bsnQdakdTXmiq2FcQgpARESYH6GcMa4vYQHdGph8Ke,5646
2M1XYmoUzyyQBq7RirBFHM1PrkCG3w9VmyKcfh6UaZRL,5606
kP6s5t5JvDyDWqg6FWUNekTe5Z78CsdpZEgj4EdY8Kx,5627
3J4LbEUGCCR2qQ2vUVWsGFRZEFfPkgQDTvh7Pty213Z4,5639
57Zr7FY5GB4fAyrFdqx2ErUU1otuyoiLgQLmTzVc3fzd,5686
9fR3ZnQyw284UE1cjXpnfZQJuUZvLwoLYcgZGCebceGD,5645
C4cafRSmPNSyRRKY4JKzhd3vinmEF3tYGGcNXWMtUpR6,5691
