tx_hash,latency(ms)
HWAcnv3CcPZTbyFGQeA4UjjMqaXpMy1qvnEzn1vDqbKT,436
FU81mv3pbnfpnGfxzghKfaUMxyNYZY5z9SveYvbum56r,465
BrFnMqbBuW1saVM1qCTr5wnGNPFaDiA9XBZixNNZzU62,465
CpyazdcpXarGar9KwJ6niZxVxvNpcBvACS1R32Rvniat,465
3Yau1fMmVFCQKYFqjLt6jewjTXzAAfTHfvL7rN9eJsz9,469
3tS3GAhiMF67TRyWBKGiDo7oc595UgkEBzXbH6tJkiQV,556
7Zbyv7uRje961dQjos1YDZzjM2LV2UqocXjKAscnn4Fw,2525
BUCJHPukXBzjvt5uGXqFX58LcLE8hWedAbgdyYzYMDbp,2542
9ys2QQLA1mTHR8dqdfgCRQyoJvNMufMQWmnorpE9aQp3,2547
3y2rvBG6pDECzLDXGgHgTVQW1vfyGrYfiU5VxtBRkebU,2563
D3dqFDz8B8g1JgXtapNQVN75rSZYY381bjMnF3WaJ7GQ,2566
9Pw4uGmhfdeAMzLXagg77UfueS3pF1AcBy4KYoEYJ976,2566
CGv86XnrKCG8WeSb8uGEVVmBFx6jK4JCPp8H9dg9QuRm,2567
478LXgYg7pVr6ZgwLVbKGS3xs9m3yPPeSx9G8j6eVZNZ,2567
HAo4qwtkRKx1YAUSzWkWJ6qxf4NDDGLiqyvBwqUXG9WQ,2567
4WcH4S6txbFaqo1DFPBsnj5hAp4jEFp5upgFvdyXaMP1,2530
D5q5iSfuY4Rym1kLMSXFqPYxfVTtigcpKa9bP4g7r6nR,2573
7A3gYQZCt6G6Tsumac6PsQTRLSUcfonYd9j1KEthRBHo,2584
HSFiSAeX7b4vuhbB2qC5VEtRZ6mhvTwVChnnpL5XcMNw,2592
ChMMj6qRXo3geXpB8JpAXntsSnDDcwXrp2xzw6NWwZj5,2636
AQ8KpxhFcKfYiUVr8W6KWM9gfu8p5CSHnjxrUBJpYir5,2636
GFXriYYN4KVXGBwFC9XKWnwq9kmcpaFQj12eGbehkNCJ,2637
A9UqZnXMxsy9dNVbkX5XPVSe6TVso3GLVh9km6iqay2j,2648
2dFNPkzMuLSJKp3R4CnLxgdJB2gnMc2JBq3rZvNRHV3f,2648
EbRgVNrYUM4aFQsEn9o8AjntQfhbLfxz61hYuNcCiBoN,2649
6FHmpoh9mWaQsZmwFs9nK7Q97Bqz9H8yv9G7J6VmmWYi,2649
FZ4ptbikBZPRitvS72pqtKxuq7sSGGwV4wCZq3VCuyLe,2649
2ujjhE9KAG7c5n1LeggVHhRyB1i3MVok1MYrmhasYBF7,2649
4T9rsFJaoKSHhnTNSmvYy61mVKU44AzySkrrw3ontyqn,2614
DyT9nDthEEauodRTzt3kwFBF9fSPFrZDugcv42355nBX,2649
BmpbPou5TTUn3zrxDiRfBjfhDDcpYY13w2fHmj4pwucR,2649
psysFrt6gX7UDqGtsepodoRUmX68LvQPKygD8j5mN3N,2649
3CxrdK22a1HfLQ4vnsYVSYS5XZvFTouvwFnZasHNYpoE,2649
4QYTsF3JhD2FMKgE9HTTx3FYRhJQYcF5nqsjv7bYbJxk,2650
26GThhJfVh7fLuTXFLfvLteGdAzjcoZjmXFqtwNhKxPn,2650
GcMhHgK5p4udT7kh7ky7AoN99VaWQ1tW4JJWXLrAFHLx,2650
B8XdYVmvsX9MJxZU9pd5khHtJBFjNkMjBVtCH7vsgT6R,2620
CWAiDrBeuJ4i3uEWqiLLT1Wz847k2Y3nicrTURhzC1E,2650
HbCXcP8ah13BJLpr4vqRX4ichmfTymnen6PhkvMn5exk,2650
3X3mLjPCAMGJth6EcRJ4ks57G9StxameAMKoRgUqAuAR,2614
Fr5sis7PayZuNqpR4pKNxsY6feDzgHrPd95wdF9GTb7r,2651
4Wkmsr9ATBSGdDWVNdfrsguyAtbhcfHTKGLrZHJ9ZXuw,2652
dGosc8domNeph2hEqFEfDAr7WTWRH9NEFdwCLnQcsyE,2656
6C7FKSGvMV5utwYpFEqtvCPHzJVznqyTx7EA9aWKFYN7,2666
5RyiJ6xUc1aAdrdQKX1wQkJayagq9Z2aZXiVqCYQ9cft,2669
EVVpx1oB1KBpJDM5naC3zmPzS1SB513cXqXzA9d9acFr,2669
GuzQJCgZLmR1259kpyudfdNjSEPu8ziy4rPrBBYb9DPP,2669
B4bcWSWr2YWHBrYwXGWp5vTuLjxavAQHpYZSB6W9w4SV,2669
AhUNhMtHHDUXPc74iQ1FNFC6tDXe7LgrR78DFaLSj3GV,2639
5ECv6rXNK3UmR8JvUcRMKxDhH27vZTz9m6W8gMmsRC1f,2687
G5Q9WhqrD2132XYVzjVQPmCS8wUmR8qdxBvMKK2JBuDr,2688
5eF2KASJwniefch4Kht6V1pBKo7hNdozvUXoQUTPz7i9,2688
Ae221je3tr82Tsa6RK1aSYDifjp1yq6wiSJmAnmG9Vbu,2654
C8HQf7fPBPuDBBD1BSpM6TDbX36uHBVDqHpFhqBj7BNN,2653
FU6qTKY3Lyi8FAtGwZpBj6SYm1xxXopXasKF8dKyZ7wv,2689
CgmPgKhJBwfXcjwWNAcYw1wYfYVxQvFLcCgvkd7xfrCg,2690
AyrxUoxKUCxNqansEHBNyM8cTQcBN44tccpoktFsUze2,2682
GqBLxh8cbdmg1Tt2tMbQyfowwR6Vy3VNaVFrAptNkckU,2632
Fi7tA62nMRR3bWddehUbH3i8MBKivUW7A9WSsgcfyjDN,2684
CnSCcrBCztBiaNoR7Z34FCdBBreAsxMzCfcGWs4Drr4c,2707
C6CoC55uktDzJJfCSNL5c8aFjGSVGxw9u618V6xZDy5M,2725
7kwxKaDKAJJBfRQ3Pt727NPdoap7wCz6STA5Uc194wTY,2752
68Dc1NWURRFn7NScdPJeK4FfLRtT5oNDEm9aojifz5MD,2779
A2sZwBXYZydpZsycdiuoanRx3BgJShMkNJgxfRnfVCrL,2779
2RepseW88yykXVRaTSTX1yVyxrk4kWm6SaUPAED61Cg5,2784
FRg98a9B7Y6hU32963jwzg5NGds8FsksFts3kRWYeiM8,2790
2DGercg3zwWfFZ79eJJWwWUcTQpoAY6hEcntPSk6n199,2802
9ZGKxa7zfjKMLyoBkzYvJr7pHrNFD6xYaTzF6fca9dD,2807
DN9fbzRQ1k4RqKiUKvd3o9Y5z6S4G4fbbxKr8bcXWyfy,2821
A2mu3DVL3PaMP737ZNsKSSqqSSyurU1JwqhD5AsDrdGr,2816
CXxtDCTLKwSqA14HasNCy29jVHTBEcWwUDssKJjRWibf,2827
GCUfWa41Pc1nZu9JgCRQ1xvLCrdE3fcsde2fPDhG7Dsz,2864
CVt7bu7zHnDjqZin4mQP38ptak4GeWgFw2awnHC3jCJD,2855
FEyLumEnQLi32ok9BDoaJsrtxriheRp2aLP91vPtdg8k,2860
CBtW4zrvKiqPv6AWs2LDvesH37QrTLqGUg1WaHLZLHDB,2863
2kg6UFLcjfx6woUpB2qpH4ckvg7B4yWRcuUC8u1RFG93,2878
8H7W3uLLzYkzBYHzmnkDcSTPMZ9pDeUsjDa6YaqNr9Zs,2883
qgr2fVKnyNGAtKfoTdRovG1ZzmhrH9VRendCREXfCeQ,2877
5wnZ4Z85gEMnPYskDoiN66cnjXhmqbft3gFmiFhSrZMJ,2882
LWdVNUGBZjbKvpuRSiFGqHq5YXzPtNQfM1BmhAZsXx9,2889
595PDRRjKicBf3EvY4inXt8GjciXL7yLS167noDTpVi9,2924
Ba1qUxGnd1gVjwyejxd6uytrs4yADhThtp7bjxHBvcwd,2917
6wTyXh4me3MN33EFwAipH951VjrcwXHxRDMcP6sTsk4i,2922
C6CTXUY4v4NcZqXFTmZ2jRUFuCrBkkpyvo3VB8fF3Kyb,2926
Bj1n4N7eCjRQfmT4YWXhkP8GqV1m4SgkFGfaWqXsu66B,2953
3Te7ALTbtTdg15vBdQZWTFVJdERYfBdabZkQBh79F872,2914
J8oKc2FzVp8ua2XvaFsuUYo1Z8Cu6usZyjNJRg3fLtEQ,2912
CNXq3REBR9gve3gRUP5ode8mHxNGNjRB5jiCp1s2FpTU,2923
FD3QXiL5z2o1SZBUu8KceWjYnZ1FTeXxKrZT38iDA7kf,2954
DtgRFmC6g78RgZVt7H91DQSixKHzQcsHnFPWMAPEPXTp,2919
EKd461uoS75Yq9V5NmDqL36Dph2dvC8beiWmNTtSXYYa,2939
5rA2DWyUm29E7LuQyumA76zKuViW5bZp75UfEmFruKEK,2952
ANV3UY9SqapwSs29Wo6nv9bhWwQMURf7vvdgzq5ZeruF,2948
B9qpghK5JUdBch7rRjarZnmQr7tkbDY9WsiCpSzNcYWe,2954
8ZnttrFHp1EGEpKwqorYCaYJ2MewrLZ1vFJEyqiLGFyw,2951
25KXHprnf1QcZs4WDP1JfmR2yoBvcX2ceuYUZiW4hid1,2958
4n99mPB7GWE8PVV4xXvQ3ksAWZgcc9LASpCLXhg5nkjh,2952
AydPg64SyUZoW1uUw5E9q8eaZFAFCjEwz6FwCtjJpCnB,2989
6tPW5Pwg8jZrPqzXbNQnWzxSJWkwYhRAzL2cMEWhSVev,2954
B6CTddAUForA16CmRSVVZDnSaPUncQ3tU1bAjmAQNygg,2958
DJWpKMunTNH56KeFwRNTSijkNwpJwsBKdURECQh1G21d,2947
EPS9susQ3ciMjgmbAfDP6Ek8AtNF3LGD9UUTxSjHpUyu,2989
HFxmG6Fx7uApLG9RityqRtfR8pLd3UPzoMPKbh8RY1YS,2954
CuZvgEp4y2NNDDKRu5hJabTQFSH1vUV9UWEbbv34tDpr,2952
8qwqoUvUHBNMbLEfYdfWu8jZL9aez75srFgyeeGXeGPY,2959
FEfch9ikyU9VVXHgsasM82KML2izR9oUqo5wT9E2urUa,2950
9Tv2VsTB37GMh8NgsFKDfFDq4tmmBaVWXYhaCXntvUsg,2959
FT2zVvRLFBgFfqqmayoxGo6JhRLRQCFigxJMt61d3s1L,2955
AcFhW7XLT1pESKGssu88qHm53Ba7RpkT4pnTTEba5sKc,2956
CQUB8YRKM8oyXQbE4n5NGRZbgg6zaX1oqxYdjSr8SCj3,2954
5BRtYpEdGXwJ4C4qCwU1m3P6MU9gH6RyER6TJh7dWB3s,2960
FVh2fW6gqwh1n7GqUm5Xa2ySGkgvtM1jXQHTBG5Cqmjz,2952
C8fheFTnVJCrryqbnFAzNymPhSF8RKS1nsYPrHXHo8wW,2954
8T4FcvVHVDt5FWEz8i8faF3vRCGbyco2q5hrFJ9JPzF4,2995
4vx9XR1TYhmSYkoDUhL1jfY53uYPA3ooShLJRf62cbhw,2961
Dt6CuLFyEteWhrL5VGLcXonCbA3pF4JVdoPyEZLchdMw,2960
EvgRehdhLYXa6TaCGV6xqsjUUh8P6SqigaRWhkxArmNj,2962
4695AiSqSp3ydsn2fJVhRAbKP9mxn3A9zQBrF6EFiUQp,2968
ybR2qfhLXX4DQkAdyEg8kwzYJ4JMga3YG5mR4ompG1u,2973
HfoG48uVrgXyfSH3F1GJY6hj68v3ZzLLeZdTxcEsvirB,2974
6zUMqmeVZp9snysRcAKvHkD797MxPqN595pyFsbkhPPu,2970
FHHFH6wFXdHNwduKt8xirKRefX2J2CJLpMrUHXDSpoku,2976
6wWS5nuB6Qpx21vvj4K4NtmzPV5XHojmnB2ujhGbrNTj,2970
GnK7AhoXcPs2cHJzS6E4vc9VRzQoq6eD9zfpu2WsPej8,2980
JD5MP5cc41pSXBbZqRcUFvuNqDt6b5wfQ6PNLtqJF6yb,2973
8325YRJ7H9LD7B4VmvQX5N6hG5VsLnedU4yxjgYUk1mm,2975
5hYo7yE4YfWFPZBmxm1FisCQQwQ1XrFaAvS6DhMpTUSj,2976
EnZSVkrCSzTyDyrQbqPZawv8mM2R1xq54EXnWcWoeug4,2995
GNyjziZB9un6yF279LavsBYHxoHC4AasUdf4KyugGXtK,3005
8w1Y4sACYuLSKvnCeRUYMjCMw574gDxCDAQRsrLVNzzj,3044
HJBSv8xCWodq3QsKu1iFXot3nFucrTEuZjzqB5DNe9i6,3011
6UKpMz9T3NpHHrL5PSx7NkBShCKdAKTx8HrJHqg8B3Ph,3018
JBGncv3cJA9qGzNV2vJ9b2aJq5b3RzgsGHxS5iswmrTc,3041
3JG8VNp8ow7QRPuFzpKZ77BnKQ3kivafrW5GN4ZQASJk,3037
58p8mSuvML9uATtZtGRfULJvAea5MNWL1nJXqaYvrFRn,3036
H7YrhykmR5N4FBQRKe2sdXaEiwcTYf9aTJ8CDskdwztv,3041
5n63h36MS4gbc6B3Xa35Lc5nkUCXbiNnuKbYgNS6pTYk,3037
EabtfMobc8J3RuE4Hcn76GgU4chwCmTREycRxH9EwfBB,3044
HX2S4nYFAdUC5A7Q3KHpSGZG5eEvRUjDVTBg6qKBhZkL,3050
6BtD4ia92RUS44vqXUzwiCSNZWSMXgqmTcuLAZQZwdT2,3066
5RUEE4BHyYiGLs97VdbgL61SnWT4CDwN6fKeyhGfC4BP,3102
BNQy1ELpwjpDsv8MbMTSc4R3yap8GP7pGEijyk2avVQ3,3067
2UJjM5FYVNnKuj2WzjtkY9xFF8SxXgoss6jXrht9nEmq,3067
5zfm9aDBRCiJkhAMfHqKkeyTi2RyKPw1K9q1yeffRdUW,3071
78AYV9vRrU1bEaySr27oayohcvEDfnBCXgBQ1uRGV11D,3071
5W7SicGauR78NtJyH5nzmsR2quqkcpRbq82n38FtxmKW,3108
5CW5EhM6zkv61zgnppZjMRyNDHLdCh9evpAHCFQTCTKh,3073
3bzWCE7ggV7wY3AqCPZuLKVKDupZoV73MsJ2r4oo3FSf,3067
FGiBCeBkta6w4WJHEgEPmUWtHYhY8D2P3MSPKzd4iFw8,3072
9eUYy7zHX5fvdpZofrmaTbtFrQEueGAJPyh4XeE5CyZK,3079
HMW8iqqPaeBcNVmqgWkbNaMirExYgCNLqEPc8DQLg5x5,3078
7fRSbc7vkVQYPC2444NAqosyx9enMhcjokCibrYko3r,3068
E9zVk5EgXoAaRDygi8F8KuxAL3g3on2gbXeCzhJhrn3F,3079
3KP9Ym19EfMbY4r4XKYufLDw8toUkob2DBHd3qJ49A4D,3074
6r1BFBVa3vXMqwKAD5mVp9VRHYMcUArR5kpaggYhk9S6,3080
3mAt6tACzxaExTEFNPo27coEukAJao232MncDYVBH5y3,3076
5TQsVjGfm18Aur6qBd26EZCnzwxqXmptn9cDhauMou2r,3080
DXLqDS8rZfiQy1V7WU9xA53jwF4hwEC6yiJceYEyVYNY,3084
Ex5UEjwkpFre1HMkaZyR8GS188dpzbWtTMQay74ZR424,3077
833P3MmCNjeMgmXE4iNj7AQQjMKtLufyTudQXZeHHqkD,3078
CSv6ec4i4MxZPZRGQftnEgspXHjy83rdkhwuMqLFLb4D,3080
7KanoMdXBQnqRFjWYJrFVTDALgeHJJ4kguwepzewkykA,3079
E7wM9z5FzLHtBgJK6igXENSoVEejMtToD8uLAFtbwpsM,3083
Hkg2i3ZwLB9DRBuSNrWq3J2Moeng4YHfvQDMvY5eHUVK,3078
j35a29nfvzUAfX3jYaLwePUrLxJ6uG6uYrN6R64k323,3078
DhskEgTe71wWcD99MTfZ2ysdbps3DNL7RjvdLgWW21Y7,3082
2fRKDogTGynSVvHgnmkK3tiLd6NobrcfKjsUf8C2QJAF,3083
9rbrUxZpU2rmGPy7SAjDBqKpknc6dGDuJtTG8Vio4gDz,3079
BW299wHC5SQZbZMBzZazCcRVxCkTPxSZjLVwPnZmN2TR,3079
BZtMPVnLmwvch9t7vFKKVAqx1gTVqD7TRg7poK8u1RHH,3085
D4akzRPY7R84VendcwsD5ZhyRJeXrHEWD5GYCW8PQ36p,3085
Dt1gdbUVkrJfUrMrVp1gNz4yDdcY6BErDMp872XCwsRc,3112
FC1gg2i8tqNoNv746HevNNhggDi1nRZ2uiSe8TUZGTS3,3117
7isEYrUAmVrDQAgb8TP4v7gQy9XgQBGPw4E7NZidPmZU,3118
8ncEijeMFXPuehjR5Mk4kpB7fpHge5j2Efe9UpbfPHRe,3110
8wD2b7f6iTjhn6yvyYgbxDjkYuAokGrqBq6dP6anD1eC,3149
EtmUGEYvNVvNT1fYDxUX8sdzqk7KTfoKWqTz7RLLC9gF,2996
ChG7ZmxdqgsD51nCEbdtY6mvDfADqBJHpLvQ4MFNa3f6,3149
37Yf9NSpHN9Yb2dgDyonttNqrYxpFkQiXxeMfrp4f1nZ,3121
9nk7dJDKDBFP1NjUBLYnj9VdqJNq4VmsLT6TiCgxZJwg,3112
13U7UycNyo9qFPzV8pwUB6BQRhSkgP9zHBRbT7WZCDB7,3113
B7anMH1VKYtFGf2Xm2pudQ4j2FrdvmrGKT1WW3TZ4dHc,3114
Fqpf3Jx6wabnabRxhK72Y8xrPC7kMxMYLZZWhgvvRpRW,3004
3YXhWQtV9GXfPeis1N1WadqmFfmJ5VaDtJf2wqQAeLXD,2991
H5kZ5kydcbe7Hb3v2QP3ZWK58fF4aVqJQ3nFsCGL2UmN,3115
3QrXkW5KXRBZ6vGBiTz14hbbUfVn9PPELoMgyaiMGUsc,3115
AP52i1JLL1fiCGXcihojQcYskiKv9r4C9bWmBjbET2Rw,3109
CNztv1sNkAZf9Huydpk863wh9gQrMfo1JMWfRtQ6D2Px,3150
G3yUYTVvAJGoAC1h5NUCiTYmiJwDH42vvBMfTtfyKKgK,3150
Ed1KC8obGcsnGNrKecaGEmCL2ocnWKG3gXpiTmQNjukC,3114
3W372s85jNZqCE3noZ7HyQUoYMpSccvhtZWkX1E4xfGi,3000
BzCK5ZvcCbGqSTqVBeD6N535aDnYf81jufKnk3tWvBQK,3126
GtpHVH3rffSqSwF36G6ZLqMnPUW1jJvwQE35GCCih2Un,3010
8tgg4e9vU7VBYQgJhLnejBTbxxm8UeK2xXj8aPgztraX,3122
GLhAtM722BQL8XDGfi1DAaWWC842dN9c4L7uXroiatU1,3129
6qZqErstr2XpNGem1r8tPeUaSkN4draWZYdRvbrswR25,3128
7Yn2tjsLxxQrykH64yEtXvB4KtPUx69AWFxq2596BZys,3130
657AafsTwDKs5VffNUyrJRM9E12nBM6Pw5RTaWVkU6o1,3001
GgzLYiGBfusSsTiJ4m95JfecHjK7BmHC62UvTgdb79Z9,3125
7TuqvmUjrE77wmRvt49wtgbXmn8LoqjixM53yQRbSXsU,3123
8CukXg4bGtfZrRzMxh4NsA6bZYGqm5W8cjaCkEa6Cfs8,3130
BwqTfZ8dFnbaLmBrYrnDezRLYJFRpSXCDvNqFV4XkEaD,3119
HpibUonmNG8R2qGdTU6LDVNEXeChsATv5tKYuWcm6odE,3120
Fyap19gnPJCVqxqEfgKEZBs1sE7Cmc4J6oD4WEdEkA6F,3125
8hVLftLsAUXm1LGbkZiWg1XLhiFdj8gMAPG1ctNtkvk1,3010
jXdyoH6rucEPaAqFWFqP7xyL1fwaUTbjp93EdkL21eS,3133
EWzkapSC1LJXAhMkhkjQtyRHx3Rn1aXuzbGXzycY1r2E,3015
7cayXBwsc3Si6oU8mcWibaftmca55TDKaLq7HiESvekQ,3011
AcredoEnBp5CvVQ5KrCz3hqmyYaQFeBLpc3RNiup7udD,3133
EeN1CzYMMEEapdGYprqNTMxHi24eiP5ArdfispTqJTnj,3134
Fh4pFzJmFGEfpZjiikmPFy2J8DqaTsWmdFaw6DHqxh2C,3004
8CC3HcAuhURiqRHtZzKzDARsSWXaN4G1EB6mthp4rfLJ,3133
FNanMqutcUvv5Ys7tsBC1AvhL4AHUhsWMyUefqbsXyrK,3035
6CSrcrBKhLSBwxTGVeizrmfARDqUJcZ4eFWLmmt6aDfA,3133
BScfUoAkkRDFYe8hG8hQYedWrCeGJ4iRfDLFwrR5qCHg,3138
5pHAcCKejpUqK5VUhyY1gCrsK9ejTg8rpBf1nj6gbcEa,3136
7PM7QDmYT5BZTcnYcUZEdnnRigPRWqZnrZwhG2CrS9u8,3021
ESWeR3pwC78d1Dv4R5qBrCVu1FMzVEr6319TKKjYnbER,3039
7ZCUqZGnREr9cb6e14raYmSTzSxbqsDLYpqBTDmpFU1m,3018
6tb8HUUt9P7Wd8WLCdSGtvjayjPysduNwvB6RfEzoaKH,3140
71N79TwUxKwghQiGCbBffD1YLXrFyemQnChAdHDweYNS,3020
3URaZmZ7X1SZQ8axLnjLNzVm5B2LLSAmKzpUjgXU2Psj,3010
BDqd75noRKRHXfTZx1m5nkJf4YpceLXwJY4EFX1LWRCN,3011
DWaKREg8vHbu6WmV4t4d1hGyYMsCRhho3PoKVZJ3SQ2M,3018
CPehgLTsLPHWA51ZhtVfrJswpK6kyDZNkmcrMGGR8LZP,3018
43JF9ixmqZiyxAd3BBX5fEVXTjiMPt7Q6NJqtUzG7WNA,3023
HNiShcJtcGL1KsRjJR3zBhEDvfUP5J4kEnzibzuH9Kv6,3139
EaVUj8KV2EXfbgHeaPw6d2LtV1yW31azMQSGBtFn6eB7,3023
FH1wxYpxMf1r54vGeyqWSWUmKq9q7dZzDLeAuSpCm5rz,3043
9rqUDJEJRpaAC5CprhrtEj4AUMRxTtTawyYTs929mjYr,3013
9zwZ8QqDPh1GJZRn5A8Ff6Mz4t4sb6mVwnozJ3Ykp2Da,3018
Baayf6i2WST3G5pBFqLNmkJz4TLvVEu3dZVyzf8yK4KY,3143
DzxWRVmqLD2Sjon5k3BB2UhohnLZgUwB4U95F7eKUuBa,3021
4MvB4asWRUKnrsqaUeH2qqFVv7iRnpuK74Yab422VGcy,3027
GK9YZfSKtZS8uSrE8kDybw7EFPWRdK44QrqbhxCtgJhF,3021
2pPjri7aSPu5PoMrix8fin5BLFjGFGWPmGBjvqcsZN2d,3030
CjabhBKrzZthyo6bmbBMKZD4nPekGdka3Q4MZirfeeAC,3147
GES4VdtpFtUS92N7n1iE2kw2dtRqSM2rsPBHB9LKkohL,3025
7GNxt1szDQ6h8Tuvh5JUFKqVecJ5bShwgemw1kYvEM6c,3050
Ec67nV8iE4D6ciWBgdHyijvWCsbyPsSMTen6ASVmAP4R,3032
EMtaJ8Sd3bMwYDaKNH97h8WnWVpShQfozu4YosRscYPU,3028
6BNZLYFBP1CD11siEdXWBNytz5LtdzvsDfAHmmDCR1ek,3037
4EbGThHkJM2fNqaAcKd3WLKmePvxCmiLgdRHbyUvz5tk,3050
CxdFvq5SKFfacqmW3DuR9ZEWqq28cigLchxuMn8kYu99,3018
EXaeSVyvbFEjemX4i6S2YJgV7HyKZKs8yFprCyNvEPQD,3032
5B2tqMs66gLxGPpcXpMd4ygFG39QK1Q9DXbnjPjhAqkK,3028
3sJkX1dsk6CXX9WAaX6QuVa5vR1kQvLKnw19hBJkGaQw,3148
8uvhty4fdbHSUs5K39HovYEHrsHpGLykNPxb5auFQV6n,3141
67NSNKb5SAybtVpSRpwdFXiPztPrM6EJKMiS3dGxRADS,3036
HeUpggPFThZciYoTcHCsjTBeqGoFSJQez9j6V5qxxVzX,3029
HFazQ7187bydu6MGbt88tFF3nb1uUkSATYqV18gsURra,3030
BbZ4qL1HqmJiwhGKyWPf8hsuEMUqkap9QF7DbgyNdqxX,3025
A9nEYDikGD9eewnvY51BHCivvFj5kRqFJUjagoXh1PLd,3030
9GNJVbbvoJG8QJa3RiereyRqaTVpDks74cCNRtw93GWP,3034
8Bfszh6Svi3bHYyoCxUBMshAM7eykhYGm8A9ewatcnw5,3032
2CQ7bMoAxhoYu1tAxhKkPRr5umF6rzirySUGoPR3B5SR,3145
3Z2SiNfohZC345W5FxjGDqPwhBhBkSMU1PCpMybGiyfp,3140
Az8DgSPD7Xy5TMHNU8D3VLSpydYm9rme6Gmk6iADbg9F,3023
HxNiwhvAouvyCDfUiYXRm2DViBNyAiePe1BMHddqveDE,3149
4n9Jxt2DqRgRRYHtKE8xRVaVcckfDhc31oS5AxGQ1b4b,3035
3s54nN57RiX5oqBzhjDT3UrttmmtxvUGeJPwgSXseH27,3144
FgcGKaHSyL31CMJmrKesLHhTiH59jVNezk5Hdxwu1Ec1,3149
4omqaGemdRsHKRVXM6bXtUsHBnHUyy3mzXj8CgcABARK,3180
Hzjup54kppFhAPhAYj1xnRoVszj4RD1GqYU2nxmh1ibf,3146
GYzEhWwKXLoQWGeoVd5aD6StTv42eRmgz5T4QzLnkDQH,3035
69xHzqot6n6jkWov6znaYEzQS654i11eZ9Mz4pLvLmmw,3151
92dpp39edau78D6C2iv4ayjbsXgGSdxwdiVQ18V7skHd,3027
E4WczxLzi6UbEQAHVQu5bQGRXE39GNwZUXEwKvo5vyJL,3146
7ZuMyHKLjja9wdobnNJowqD5oaWPJWae6MxW3WmcaH9R,3150
AiJs1t9nnk8CrpzNeYgndAkkia9MvgtgQ9KMMK2Jhe1g,3144
5QAhhA3TYAQF4WYrWyYK3cXS3HBk6UJvsBxMehD8tnHU,3145
EERPYHCvgPia4iqzgzg1M8zsHLePYnbGRSHLvp3o6YF5,3140
3jkdcSYmq8d9K47xdaHpwKf5TN2VzZbkm7yL8jGzwEsx,3140
2tU8nWCZp5iaiH3oxBr93hsbtWZVVMpatc2ruziKNAhF,3141
2V9UAAH8iZCF5bHTnMBzkg5mUMyLsmeF6w1FwM8UHNKo,3145
E6yxfJq2c3GoYxt7Fv8FizF5UjFi8LNwMMLUF5tJRJcF,3055
8fgCHMi5Tf3foM7tRYBoa2rSTweUunqLtkDwzksGWXQ6,3040
7V6LahNjwykK5S6B4wZrqRzV1X9gjqwLoATQAnyo1P1f,3152
F5GvTPo8LqBGgLzaj3P36A6bQFjeFPMJYyyHjRXbMNpB,3036
3f8k7zjgRzDaYrzyrPZNWZJ2cAhgv7zXf7yC6yVG678g,3034
7TnycofVAfqDsgFP1rPGkiTKFZCRLf6dvAfeZDn3qBVX,3142
775xRr4cZ1nLfJRG19kgh9KegqKhbpAWbAHqRToSoVia,3032
Eu3YGskvxKZvABuSNzwvvU56B7PHm66NYzUaGkLqnne3,3146
3cx7vJ9Jy2essGpWbtdwRf2kG1r51Vxpk6AEsoCWapqL,3141
GfZwp9DM9aAro22RHxLBewZEmtseCCPgwicuPtRxPmKz,3055
4YNzosHWtUNLZDEmcAdYYxm9fHjV2KeZSZzWqWwvqxdY,3056
33bwCbmGQ2QNH2jSMowtjuNSL2bvqU7HnYTUBxPsJYy1,3034
5wn1xhHNsXJXjK3CmJ2ZR1QLGiuaiDb277CyQT4cK6Yb,3057
7117yJNB47PCqTBiEcfK7H3aaDLofNHtDKEJyWy5U3zV,3056
8vdXJSAag3a3BC4RPjkQLmbmqL5LwTyrK5ghRhsK3TGn,3036
ErHcXthiTWfZozXyeSzLhK6kh5UvWhBXT8wrBruZdaMw,3155
GbBhwchVDNPJa149EViBSx5TUJHzvMh6e7BHo6VVofjz,3155
4ieZo2BQwcpbXkvC8n6zWw2P5qTahx4x7JEgaSJ5PGBR,3043
5xijwu6eSJ3a9JqEWzCJCsoAN4w3ZeQ9jQvhzSgRNtXL,3043
2bKJS624P9B1dw6v3DXBNND4rsS9ZbrXx4wHXsoXdzso,3033
9GKKmLuaEuDmGzBmeCWBVzPm3xvXAMPu6jzHzmgzyahr,3164
Hr32PsFna9jXJ4kZUEkevrqcZg6A6NeDDnX4jADCV6k1,3163
7PLgirCXv51Rn8YVeN158Sg8WjugZmb4WcCJPCMmV3Qv,3045
8bGMbfpku9yh2nTHgrqkV2k66q1VgwBJuVN2t2Jhhegz,3046
2Nthj4PWqUA37kCBiNjd3nJn5N95coaSo8NmVVwSiSaN,3042
6fBm9rNxVmWn735fWvmFNBnvFqZGYFNyCW66X4PRpGpy,3052
BDi4GbSrRGeKXYEJ8V8Jp7Ly2ZPmHtHipLruhuuNyNrY,3042
BLA1FBmGNpUuYSbKA3AZDYkuebNQzfXiE1eTLTbDEyeB,3065
GNtb8QP7CMQoap56BVrEtuJ8uZsZWuUour2HTgyhYEPG,3065
J8JPFYf4Z671TPYqCtStYReEzM6Ln4VKvhFgE6J8VM3p,3065
RuinZveMkdvevRCiKgBd3wBK2fEwMnFAzgihd2m6SKh,3043
EWf8kq2Q51Zqj1BGEhEsNCLeVFETQ78Ua1aL8STRWcf9,3044
6v7WnECGxBz5Q3My1LRWYdnn5wADTGm9eV1EwMzMff31,3164
9Rqsk6jBfBz9ivM2C9MNLZgZDb2jxwjkjpFHrqTNCiRX,3164
DrY3JpnNjgugqwKn1b33vrefDDBr39ZTheLLDWXxX8Na,3156
FtWdvxYm5BF2GHRpSY4CPLSNDdZnZMAvCGSACuEYJst7,3153
3xfhdV64Yg6aeHjMxxvCap34obJZv1PQagvpNv3djCUh,3155
Emf9FZwmC82gB69fUgoDrDeLzQcf1LEA8A43aU4Bj2Uq,3152
DKCMgeTJvyDMEPXz4awJ5M8BizbULTQkcB99LXvzFqWA,3192
4QP2r4KMvZtWcpMaPGutK7fyUnom6BgLBm9NHNxtuG1F,3153
CXNGSVRSh9LgJW7iCQxoNnN3N4J8V3pGy148GBpc8uUk,3036
CKeYd6wVocuEbv7wvia6LjAMy2j7GLCC9MPiUUfWEqGW,3036
HYBHjeNtVv5xLQGuXQm6Gn5ckEqwcdGL3uaExRoSFM4q,3066
7npXk8jzj6k9BraCcTPj3bmRYaqqb1854BFHSzCtfNsj,3156
EjHic7VfhddG9FFcRJZY3M9zypVUXVAtGVbYC8Mb5weG,3047
8prKKwUno17VBaYNn2jVJK452zCoASktzGBiLL1jA1UB,3048
2dT7zxfvniD9jngrMEfK6An2eezFScoom7rKGronHDTq,3038
A7An4oubzpmC64sce9tDDVsWK98YFe3xSLKVUXz4uxmE,3175
x9QfMGbi1xmQUgyfdAC9XDfk9EtWmRisCxg9FgW8WAu,3176
Bj7tnbCnPdftUC2uB9qyiqcQj5KneEGPzfE5TJrsJ3rH,3170
FLkxiXj6ciDV2cFuNZ2tyvy79DdZE9KueZdXk4YKT8GT,3176
HHiBGGhL3k58u7MxMAAbsnAzbTuEzcXZn9jGajSb1jSH,3175
AyF4bmWk9RHiDacUpjdRYify4zZdkGagoM7dFc3pBtg,3064
G12QLx8ZCFkveCdKiPtyc8kx7tq87uR3yqKb6qwksqUE,3068
2CHtKaRxiJXbem3ZFRBsZkgP333UTfMEXk3ia9LjieBY,3065
BXcvMWKu2s84FgeXQ8DRQV9MT49u8fHjeBYs7AKFsFgv,3087
CuSqWAPqMsztB4PKaBJ6DbG46rPUALmebmgKzm57YJiB,3092
3xz8cyBDUnFniRAgDpVLvHExbqwb1vdbubkFn4vx3b9n,3087
7CW6iaQCC5VEwKk23f1RnRVyPGPmwgptc9YciPwHR4zD,3066
APpbmicruUsha32UxGxuhjTaM2QKS8MpNQSSwb4wwS4F,3067
38ABgkonymKP29m8YF9Gfwgnwq3VFEh2pwp2ZLb8pRdv,3092
8Hcyw3gFji9EZjZusecC5ofSEsBrVYJzYzgofeB5McPw,3067
4tDWvWi2WpNzhKKuxXEPmcSuzqz8dzydCJfYYYnqNduS,3187
32KH39myMy3E1ZKBfNMt1HBuGWNwE2Q8JVUSceWsTy25,3075
FJhVtKwcKiXpCNvcuatwEseMxYTWpqLsEHds2yWMgq3e,3186
4w18xXC6xzdzRK1sbthKPrd6h6DECVmTd55MrLUxSEf5,3065
aMZ3txe4P2NLsuMs1xLPkzmJKEkypLMvBHncUjxPuth,3088
8EY6mFki1XMoxDM2HkMrGiR7vhrVk6FSYDWFvrSTTmor,3067
EZnSck2YvV5GAxuzcYFbf5GdK4WtXzR9PWAHG1MCAbo9,3060
9xAg3N6k6j9JPCdT4zeUSxnEvLevvsUAgMGjw8X1uw3b,3181
J1TmdpLYUTEDQnneYQCjwMXRWtaK5HDfJ7xLkdFUoT8Z,3187
HF2YArSwrPduijMURikZPkQtTTAQz2MnvhNxJnikugLX,3176
7An7dMojXy4rVJZRnzaPvDyAPkrERjobqPUeM5BfLyH3,3091
4XB7sbwub27dcuDpZBofQ6z1cgkzBEMxusoDAnmxvC6H,3190
Ahduy9mEY34HCnjhZhPhBsRNzthc6DGcmQxc1ah2MXZU,3196
EM3eYkpNcykajPNVbvGQAkRWbaVTdXFndgEaXbwJeTFP,3204
H6bSRe3BPgJaNMnq8JguHjxChgCKNNSdZ6UQESeupje2,3214
2yAN61KSFsK3nYAyt4kBdpF6Yz8JXBHdwtjZ2wjGTgFb,3215
AE7Rr9M4E7BAYLJTUeQN3VZ8DbuYgvJspbyAVVQqgxez,3095
7Z8PRxVsK4EqLZQM7Figoj3fRaJBhWGQfHu7oGh1fDcv,3214
DCna3yv1TeNfiQFpx2NVRnJ69Hk8q4Kc7asSWbEtWdbx,3098
24kAdSvLVrhkdyMCbS6Hb3RCoEFFzPNPq9C185v7Erpm,3097
EKEkZyCuPyYK7hBrAewj72MiwAmHiDXFHS2UGmLBgXnQ,3216
5jG9HokGNDswTJRLmGZkcrVc6PkjwVXv4kCxW8h2MUFW,3217
6SQsgsAmoZihAywtxeN12mNpJ6isf2X4urzejci5Cir,3218
6fvgcsg4Cv8mU4EbzDrtozzF1arzeGHDmvSiGPqqDNmg,3217
7zAaSCnG759TgniK33263SMjAdg6VzcfwDCoxxQkyktz,3218
4axzMmAKzC9HMM3kpoNAoaHbF67LVzCau7BhyDbaQFjY,3100
BjuxGFrdLywWVRZkj2SnvR9crPXUAg1whwcW1Qksbnzm,3218
AV4Q3mL8xaAKSfc4Xee3fGZmiFDkim1UEG3P5EopjEFA,3100
2e6qjQVrkhaAo1NTSN4Vw3tXZ2mgkQau7YGQPicztT1Q,3218
CjTw18e5xRKJe63HEqqK3Br199fLvLv9B2UqnMiQfPVN,3220
DyPzoxQVA66HHBqs9FjY3wFnzLCBcWwws8G3oaqRoTSV,3217
7XbG9zULusVHNPPSYTWDUTPhsJ4f7x4JkEcZB7dExyjz,3218
8TJS7KsL2SpjbcMjUoGy3EPE4DnfPQ8kSfyWmbgWz1A2,3216
HtMrmZRYypr9NjLUioNcv5C55cTUsZBjmkfuHHMupf7n,3222
CphcKDQktq5tqsCUmdDmpVXkJLrfipZNqxfxpDBmifbZ,3223
GbbnBcdaNFZoD4gffiY87GJacqQwZ4d2DZs4RZJWFF1y,3212
B5An97FNXn8Y7TYH8zDY6xqo2eAsGixUQKbU9aFPteFB,3212
EnPUw2vzz633xaSn9Ei2oTto83ndcnjXZsoDQ16v44FD,3254
6aNouXivg5LmTDQwoA2A7HBXynA1Ph21fqpfNitvUnV9,3228
7qWT32BK5XynWMo9BNu4TE2HWDHgBDXdj1weUnwLKXtX,3221
G4S3hydkqRhu3VhxR45qUZ71FVDtVSf7gubn8g9jU9Vi,3226
HFjMctLEgJruzFPLQwzyS2y5uS2Q5Qbo9udo2irP3cxJ,3226
7mxZ66rYhkNoNfGCwCMfNFcFtQBdMi3DVGRJ4B68V9dK,3220
334AmNknjnqAzvDg3yyxogm9VTYkCQw3u6GMXT7qtFvY,3226
49gFeeXKwz3rtDNtHnwk9cpispLxKNNmfWsFfpUMxUDt,3228
DRR6QeWxSWuvDc3styBM2UwnrYu92xN3Gak5MhBd1X35,3227
C3sEPc3htHXztM5q5nTsUtHvRAHCuY3vERMYY1yeXUDs,3229
Bo9oXWs7B822QRWxbYX1zWWFKkvVGX9iBjCDt67nM2KS,3234
9UaCMnkCEyLBxHDU7bg8YnVZ3y2MabeoutpMrgoxqauW,3229
6mkxRY7ZYjdCuuKxMiSmEs1ACbeydZpogSq3wGfakdBW,3231
81eGPWytVfHrc5aFfK25VKhbJXfBMPLy2e8CYzYhfVGn,3231
4JsufhnhajBH7NBTWs5ZXhqgzcr4dRWUY9QvK75iHVZZ,3235
i8AQkpEdLFKom1dHz5zVko7ErL8p7VAsjfKAVZZohpS,3235
7FoZEqaRkJMbvazp8HoWCJUst53jjXaUwo7p5arvv7CS,3227
Bo7FMsp7hRZ1yuWqHJ3SWrKbQb7VbFrRujBT11LC5aDM,3240
ASNbX1gJ3nARbSh3Z8WFzc3RR3iUezoNJP3xx9SEpFyg,3228
Gket6Kmpw5nY6UH2yUK5CGciL5cALysfF7nYd2bFf8Hg,3229
23EEn8tsLQTZLYe9L2ftZHE9KEpPBQumbvBHHHDvbfyK,3232
Exg31e3qYMHSpKw71c3TxQYcFy7BnNSjgKsxBe6bXg18,3238
2XZYC2vyRD2k5ymDqNGc9CZMDg4JLM8TRshASXpKiwCP,3242
ApkqLqG8FfLUa6uvX8aCFwG26X8TvZu7MaLpK9vbGeud,3286
46ebCnqsNFPbqmnhH5LTcPsTP3yiZa4G7XrdJ5eqN6SE,3191
8oi61rMukfPR8NJQYK8Y8XN147n6BpLxuSoQdhxY4vuX,3199
8AbUsovBupg4dmS6KjVt9si6zXo87yw1kKVRPbBgV6Kd,3191
HzsCuyBBzH2rUxzzEcDnXQFTZpf5xo3RYGSdN8Zm6m5x,3210
52MfAPx7YTTMu3Cnvev9QGZZo4iFGcmME9xwftvL9S24,3221
EKHHzjFZqyVFm5P67c3hqsubvR5b16FTt2rYFGatMqKN,3239
e3Wuw5gDqbYEqzXvknQeayAKd5vS6jYrPiVjeGzyrSx,3225
5ad65uXuyfqZAeknRTptZ3ZApb7ex9x2zeZReRX4tKBP,3234
BrKsVQk8QjMzxjt2Ld6HSZgFXeeDgdLbGAqwYsgi2vx2,3233
25XfDD4mBxra6wGqRei1ycDmJSg29idrJEf7NxF8bpAA,3229
C7um3kHX6TSZEoDpFfcBbHuszVvspnRHUspuTBfsAjph,3507
5xWXJBHZqHr1TCZur4jwfCwVPDwYeVLCJD8yzBGSrhEr,3472
FRhKnVkAYSguCCSfguaDTqyJwvAfvVx2RNNrpVaqsZfW,3501
E76jzji2PhLVNUp9cRqrAjk9yR23pqb2GygBBrkcP9Co,3493
98P1sYiK5wEhGQioe5gWLSmgWsYHqGHc1KtphJ5K4bsc,3538
AarjzeVNi4a7SkogsZBj2cqmq4bZYh13d37GccmwQQPR,3512
EwGTRftXQ8gqF4fTZmWr8LLV66y6gkiAx7FhAhmzMuRK,3500
61YEe1BFGb8BEAQovRodmZE6GjzoLAfXAqMiFMrLb1TF,3514
BDFiUboqqoXd9T3cetz1R1ZrPcxEWFE8Na85KuLgAS4S,3548
J2xNFiUihgNtAPiNDK75mukiVercGsvSLfqLbJShZ6YD,3548
Ao1tcdWLJsc14xbg9ZJGaq1TsEomqYKSMAfFHJtCd8La,3560
DFPwuoyBQb9KHWJMpAp3qshmXN1qGduC3uAnkKr2nBMp,3555
Dc4jEQ9EFQUvDYt5v3fqhRF3eBpaFJgicxNQY98mDZvv,3569
8SYaYj4PhEMjE2Sg1NTPEMy7wbHcaknbwit43FHydfVp,3493
9gL2MmYSceWUpMZet22YWpvM9REdBJk1KrqN1eDob6s8,3561
7hFBAouboUPQUtHGHckFGX3Xne5ZFPF9SeayCYZoWfzq,3511
7ojpkLVSG153ZqtGmGuKUWZLzJGRxPv61AjfsmdmsmiH,3513
FRvXfnHhQ67EiBbbXXL4Kd6cZYaFy5AUK6uxQoMDEaMU,3512
F9Vsf3xV856zz4BgKekPknWFWE37X61oaX6aYWX1tj7B,3579
B2W8YU4RGPb9T2MzsJjPYAXwBs7H16wqaJRgLiQ3bujf,3512
8eWCLYZRYCmeiJmLyC6SEgQwFEmV7gCJ1DufQYZgT3nZ,3581
6ojqyAkUzKqgG1zNLxii2pfwZacSNTFKtSi2x61cLZRN,3590
4Mys5dUpXpGdgGJTzCa325VtmxvXa22Zakjf16fpjiQA,3589
G5Ko8ecjiYjxR3dbJEQU4jJ6o28XzPSDLFYkMKZ36vw6,3566
B2Ec53UhFVaVDXU6cHZqHfTXFFpNDVAkAjzk5eze6yXU,3471
4JTTR4kb5wPr8WwTaeuSAMMXjfmEdGHV95CC4tXcdD1v,3586
HKCggNBq81eJBZMASyoBEwEfQGGHpXhqsKe3NM6oXYNX,3587
CY8ZdzGvigCddPcpbXsyZbLxRzTf2cu4ctYb6VPDSaz6,3489
DxFmkLhjdLep9rZDPYuLT4o7RSAVWXqx8mAu4AimuYN1,3505
D7B41WvniuhxapBkGXby6zKVT16fSXVfRPhWiXooajoJ,3589
Xv4RvyspEMeCkFYNiZChV2pcyBRWdJfhRvrDjzX7YKR,3581
9yra4dL3sHNYHmKrysppkhD9o2EB8K9FgmSgB74nbr3s,3529
5hP2g99kUhRBguJxbn7jiCvRiRcN6jvjNWm5WjM4dwnv,3531
2rSBZLfcS4DUSrurpnmgM9TQgnmWAWoEovHH7TAttWMu,3507
8T1Gwmo6xurnDh57QcXTmMibuL5uh3jZtXUMWSVsmt1i,3541
9yUFphB4rdHULfga4Ejcwtjkhc8iXU3qaMvmqcPUHW2z,3613
2yehCNbbBFdtBJk8uewGruBYiMAqGZWWSnnjsTm59toP,3529
ELSBivPtjifiLoHJB7HArCCQpioxVcBtg4pJwaayhtM,3619
HCJwKp1dp6DyH8tzhSUaeP7C2eSP5APatLdWEQPj9QTu,3620
FM6TiZxMvrXZ9runPASkXyVStR2ThCjWtizNB13gTWf6,3552
12hMJzARbGsE2tEt6VnHTo6DugCJXdbMwzdZcvEmvQRF,3556
BSXQmRgNnEM6M5STzgyVZEqH7VtX318VhMAVTshGpCga,3554
ELMT27abfcPZNmMyZBTiU4kVoAGUPg1aCffj4eH48Do5,3635
GodkNfu4iCxTWYTSvd3rPnqFc7ieam4hWjXMREiAs6it,3635
F77CLQN1kL3qXuzQUVmED8JNhnpwKE99gCHZC2WDKs2v,3568
7zK7YT2FFCCYcz5HDn4NZcXuD8WhDRrCrVE8fqqVf5QM,3567
BC8dbNG9mkoJSExwp2395kKgppZaVj3NH7M5G8Nhaub5,3570
4gW6cuZB5998muheSvDduCSuF3aL21rvYtsyBcJU7MLs,3565
7pEA7ChQDB3iRvfH1q984i7DySutqUwW1qpWxWwZTvhL,3656
Ebietp485hqQjrmtvKt3nfddgPYbecEzM5bEqu9W4UPT,3578
3VLSadzzrg18pcJXq4Vhu1tGfmGr334Kepn2347eZjFp,3587
9C9hpCLMAQSeAiPM537g3c4xpLEaQGAfFwLQ5YcPyhgY,3563
5ZCRwRC6FQjLftxDPcm8MWnWgHGfsn9Hduj9DNaddSv6,3664
zXzMft53jaegWXQPAJryY7CnXknFxtsr5zgyer3EkDp,3567
5AaPjviCHghQC47YE7uBzGaWXPs13vCt88cHg8JS2hod,3583
D33nNBADtpA5n9kLzgaghNAAbqUCpDLTDij1U1dFE9T3,3653
9HG8zjMwH4mCoEaE3B8gdnwM4BYzhRaw4QZE3BfcWSPg,3580
XQTK4N6Ut4rrS5gUfGYVxs3fRY4SLGN1XRrKx4YRzt6,3573
ADSVbuBxaCm73mVv5u27nAoMxbPUYiFcfPArCL4yN3yf,3665
ra31tnaxhZ1WDXjpAJmZThJ4XxeWwg19bnabyuHFMAS,3680
7GKSwVco4bx63MBmdDhkyW2ffU8mN4Xg8rAwBCzmPpax,3595
6QaVth4bKbV7UUYdabV17bb2QyNDeGM2jADELVodRkA8,3574
ALxYcwKkBF4LZd7XAz9EtKcrHP68Esx9eBpxr7rt5xTE,3613
6HjWL7ZwgHq122XsBQoij6rhoBoQaZVgXKpnJ8HwjiWk,3721
eE2qG8s712HsPdwpbykN3aKBKsK8T6Nk27ntZkQyDqU,3666
EoqirGU1ST96hn6Hz5mKwYTFfiTTAr8fD8TB7MiPsyKo,3613
4HiGsPBmpY1ZVSJeznBEK3FMvpjjA6Amog7fMJCtN5Kq,3618
DaSEJpyeRsioED9beeR2hFB8MTW3JWXY6hiQ6En9h6Tg,3697
E6r78eRATGaho7F6LJ7QUEb4DdTD2XQ1hymVJ5A5NcJu,3695
6nEwfxaq6nBmruMVUAzVjQo4CJUPzVRAnqoNfAm5eBDu,3698
daxRBjF1Ubkv2646vMFet1zbpje4pGHWQrXbEE8kQPL,3674
8tjvsubXCpLQpw1CdHqbd3HejJYwzdiL3v4YajhPrS2E,3605
861ibQ5jSXDXBkNgDbRKjKcbd5UR4MZaXapiQjvKhEjc,3608
GVfZHN6gbBSsLNURtNiXQAXW5ZpfXQvDSkuuTwdwoPbG,3590
3jw8rHP3RwkxR2FTEwSka6aLNCYgEQ1vYi6YAN1AyoDD,3678
3PmuHRjRv89RA6zc7mnWxzLXxJZfxyT25QxD5FRXxtvb,3577
EB194ngwfJfVv8gUrZRbJmqc8aiM1mSGe9Q2rfmsupWL,3729
4mGLUW6E2HVjpqUuw9puTGaPFyA7jkxHSMWbnZNaxHik,3602
3MwjwzWxeKPyEvmdAZJBStWwq7Ph8txPBuAzHdbShJhW,3637
1216LZKnGg3JgDb1P6JBZZ8s9GLKLcxzYzCaa75hTt7C,3620
9cEqAWBnwfaNertdeUAGYy8Qkdrg6FYj9esj4mw96E9,3750
6tq3smZHTrF3zwXvLPFJVJhXyB2nMHQs7c82ajvUnmiv,3657
HM1VkfHJN2sHkVUmt6Fhk6ETME1emUdE1KmYHuzdJrHt,3751
nKxV8DnPCrubPZbuoTDe2MbRc3fDrkHBm9StGu2zNmv,3640
AA6uAtEJjY8rDnq1RRgkhinaaHpy6JZfnWs97qaTZ5by,3765
GyECyQywgADxgjvBYyhNWzcnDDQbsXVZVxJxVuBWJJfD,3788
4jcqrmu4TVfA1UGcL9Krxjfecy3jtaQXgZYZBDNULXmx,3663
BDbS3VwoYGKpiYC2xFGPQCCCWa3fwbteZuVX6rxB1wKT,3699
HqVjPLKM46Uh3e3iWR1EVPXSpQNyZsfoifvW7wAKvBmE,3791
4AF7JoTr822GJKwton5RDHL2ZUbPF52NCWd16BpRnjwm,3695
2eMqMKKdHpnNrHRr6RDjS3k3axp39FQD27Kzdi7KXvCg,3695
5byfUQBC6E3aKetrrGFwDPscFbRnBTDF5767QVjhKPC8,3710
54TSnVfg1Cm5qXFoosgSYYmzpC2gdCjd7yUfRFWsUQg1,3677
4waYdzLZXztgxkRt7XWCKFUPS9VuBt8hzN9GU58p4Eyy,3823
4ADdrDk5mxAkvMBxbPthRMa7rGL5Mv1Y3wpA6azm67Yz,3701
2ZWwDzK4Y2wJKRWDPhX4NnYgjChRMzDsiSisBwyCvWdf,3701
2GBKRjpTTqtRnr5ATQJp2YbEsNVkcUGGUrh8Yt2djtYZ,3799
Ar6XeR45DFCJNVN7sXKCSK69Qz5q8WW2kbk9UW98xFrP,3799
Dr9v7E3NZXg9akpGrgADDteB1h9wHv2X2akTHPPG2rAA,3798
5JQ2GHJwEfBvTffysYy2rpLKNKp6iYgP51Q8oGqXF54W,3799
36vuuSzjHKb1fRYTQCMLon6cJJFpXyNBivPp2mJer9nY,3799
3FueLMWP1H1JjGp3iH7kNPAHM9qNL62omqPqzvdWwNQB,3682
9q16GaJAvUr3ykDSzxdjfG1bPGkxauCvCrLZWvfVYgJ3,3684
5Q27P9QbUsUp9v685ovupAc1m7yPMgPsrc3naLBRdZ7x,3681
efW9pQh2oEFspFq1Tr4j6njmmWJnE2AgBZXu6voFpri,3718
3XhfBNunpDL6w2H9yncUWaKrQQ6jzB4x6NKNutQSnSnA,3770
4qoyk48ix5cFSi9b8vCDCFtP4ESsde1xFE5ReaadzyKK,3771
7hGYkKvHdedWEZFmRvjaeGnQNFLVdbSFgTSBVbXEG4Ub,3799
BNej6Cq5HeRVKhNvpcwn33tiwZPNnw93zMXcfhgkNaL4,3685
HD5ht51KEcgSQwgSAwZoeg4HSVCYVQAwvyLU48eJh5Mv,3802
HvuhxmWfubojDWuAzh9RN9An8JPMEu9PbBeVB8pBsQ56,3802
BHjBUYRLVb6Th8v4Cv8JWb22LMUKr4nbXcYVLUAS6oyf,3679
Hgj2uVPY9EC5zMBjsvZjGFVowDYTY74VA5LGW1gGfm76,3672
H7f9MPLNiNmVr4Y6ikBX4Et7MUcXEAWeaSagL7dteULV,3803
6ZmCaTBRUrxMqcBZbNfHa7sHroxX5jcxiYR7ZsvxKNah,3802
B9RrJtSXbdxigSQM4q4NVZM5NPcDxdW2CNUWJq2eNzy6,3686
9S3DxgSNDn9sXetqbweiD7mY3dfVJZgD7Grbubd2dDEd,3802
GwNjrHGzDN74gTrukxbmdUTkoXGVHtZ3zgRGqzbp8v8P,3803
6LrTjykrk4rn87uZh82SFYHNLqMK5KfVLPGPj4nS1U3,3803
AxVuKTFvAY5wmRxx6sxmgZzPMJM8eBUQNnmt29558De3,3684
APyt9dgtHrWnRtDVerKFjA4X6dNFeHXh7zoBMS2Z4Tx6,3802
5dTAMdWQfZ1KG9jPJB3z4pQFKYnDg8bCnn7eJwEMXj3E,3674
5sQU7N6sXaBBeMfKKMYHTxntgtoYshPietDsiGDqqruY,3708
Dum1QaCrNsXers2RZ8pXf8fs12A8pvmwcbYiWiYBfSkB,3801
AHsSor4WDH5MzJj8NM2BsDM5WBBYLFm4UDKN2ai3nBEi,3809
79PYa61H1zeSw47xYHp3LSo9iQ89VFhC2VTLc5Kqzwca,3721
A4Qz8u6aUQQcgTXQ6tv8stVgYduiWvGZz5ci9NMPhJEE,3808
3TuLbJmB4dNyqYRCHN3iyLFmNqxXteWNwXZqddKJ4ghA,3815
7DVQWWRjE8ydC9DX2h1zSRiSZYwD3za1ma2MJBWnj9s2,3732
4KMZ7ZWtPyvX8eeR1fGEG5pPkR1PwDaeCndX8vaU3nsr,3711
5LmJEMrAbuPgYYsQX7Lm6TwwcJ9vGtB3kAoLJBqXiJ1a,3843
C8PAgpbPdXBGYc59JgkUuPhcu4DCE6q9VqtdM8SgNxGg,3778
7EZkwkMCFwa7rnJtCkbQAB48AyTLoe68U7BUjJVaRtCU,3704
4UsRifvGQyUXUxZTrXctrxBLuLQUhmpzbTqQQQGhT7v5,3721
Anru1NSJyq1x3QngYnePXH9CWUohRiizPgxGXACFauXT,3813
JB6cKe3Dyiaa1B3fJuvvk1zZFprZMtonrnFagjDe6eyZ,3825
6jygp3w6v91rX8GBYaxt7zuEEzzgyZHAzXccdtymP6bJ,3741
84bn4onUMQfFf4YcqypJeiqwCd42sntrEcwPecQWRXUC,3724
HS95AqxjuhUYH4dSuNfDgSWaWwwFZ2KA59rw1YgBnz9C,3795
8mYE1omFagpJ16Qbpt2wWQkLz3kX4TssY3XAMt9JbBhB,3826
CGa7doW3zrY3RnLfhtrFwkwST1KG5DSCsfBigJeLUc4y,3745
GzhYkKLKDnFefKJeG6v9y1ew9hTA3jd6K2PhVN13hLrS,3714
ChP9nLu78HGVzi391YTb6oYRo9c24yYfZi5fUVUH9Dm6,3741
76MYMvdrDr1FkzuDbuQ1TBphNwdMu7SWYAyVhZ82NLHd,3840
Fi6Jj4PxX1ohrfPQA65AxF4f1bExsYvsnsQvHZKREqfN,3735
AYNwAETPTU33UqyrsZUhSQxWWY7YjkiCeK556p8PUqB1,3850
3itL2ScQTegm4a61WD9eH2AoHLabTk1QAjS2zWXRqx8c,3851
3R7kVPoRQ74qnyJrapewQcQ77Bf6Z3K1rpPhDGXYGXqo,3850
F32e3XQiF6Tis4djZ3UQJRQtjNJbqV7i5fZPPc2jr7jy,3851
HBri7kafxo9r9cA3LNMDVuHLK21NBBCtvszhpXUTHSfP,3851
7kPXzrJVA88EWn1nZQTRDuiwb8Mhdmj9aSegicg44psh,3855
DqYc22Ukt79fFRkyN4jMSnSoYpY3o1KWbLmkYBLoFgyX,3856
8pPLS7dZA3EiLtHn2wCe2pJSCUVAKwBgMueiQrLungkV,3855
3gS7afb4kDxfqtzM7o4fBQ6SgbSBtYQSNqdSuiDnL6Nc,3856
Hqzn3xoeKtWZpDhyDgdjn95n1tNARjV8P583npiLM9LT,3856
Ho7P4eAFbi3qmRB775fPQq5rzdYAstBGYgbs56fvEv7F,3857
D1KjHs77tVgD745TMFhkLSPkTsnsq8gbyZBRdBb1zU9R,3857
qr17QQgCEZRwiNgX2y3GhcZ3BkcedQNP6WFVrv7t2ab,3858
HqzfPEDT5Bb5z4eVUEv23WKro8BNxJhW9zbSBoQVJDP5,3859
TJgXnbhqgytSHyigK7cMLhg4u3ikozu8YqjszFMUJTu,3859
CrR5V4TrRfG5XMiXu2DpQ2XJkkYjpCdh1UjVXxakbjM1,3734
mdakhup7Gkb7TyXbaWiPemarDvhCdMgLRAonVNQ2fHF,3859
EyZSDNFc9HtBZMpyJnCrBkPEzYM7CGrm2HtrVKQ8JVRd,3736
J82hyHicMm4KPi7CdCUUHHTkhJckxU7isdhsMS65s6nG,3746
3er7YVwQQUc6LgdmpCH3ggvp359LPpZSc6BMRcMTwGWS,3742
28pZbmHCSft7x5ZkutmVDTuBk5V57XWpsVmmy4qmuf28,3744
FqrTkMF38798ffBsbqTfDxiHkCt85PD6Q9bjidpYvp8p,3781
84yn1hXW679qn8NWPEY7Vh3cohAz24vDFpumLdWPcyMv,3780
2L2VxoHsa9kFt41xTVhSmBy5X2MZSPT5Qe4hQJiFTDWz,3780
CNF1Gev3HCP2MPdhhRg8veDekSBkRnWaBaBzrZ8jgUaC,3747
DmNCLfbgF12JQngCFJQtFyYEoi6taowTgHA5ikXbX6Jr,3849
8EWYfcBpG8Qg4JKsTm7xfqeKexULjkSPhBZxRiegRiXN,3782
4ScYgQehW8No131Npx52rvLsRs6uHWVeqgZsD5oot9Xv,3741
FqAnh6PF48uHPqACidVnEKvGUdxqAT9BTYRN3Cku4iui,3745
5mRuRKz3RfeaKFtCPSAVm3ByPKGq3ofuSKp2tkS3Gzq2,3742
87EesgpmqBgTSqFJse5Dthfv6mHo6FosAPQY56MQ3pdQ,3863
7RNhhxVvEm5T2RuNmqRU1eZ31ghxbRk8vX224t88hr49,3745
EdMBzPkoffhyLdEany7iMtRyEp92D31LnxsnfhhW1Xoc,3745
6hbXcBgBdfouKopLYzrmws2SBbdWxtGNXQMaRoaoqfHL,3744
DJvnTFTp75APNjBbMBSW56s1DMJ6N47fevgv9peej2Ui,3754
C3a8h2xqm8Aso9QUUrWf3S1tC8Ctpx15RBSEcMViAu4q,3751
6a8VdeNKw6rMo2LJdXtY34xz1btnHndsPB3sFAcsWfx8,3751
2RqmLDSpsN49zBHd5ELH87HcHWumvCPx7rf8invpG62d,3754
CLXVssZrtK9XLMgs4szmPkJVK6MRKqz4toqTppeYqtPP,3884
CNwNDFRJBu5BSchmix3qQogW4NaNksrtgRvHxY3phcgc,3853
6QaNyw85ibkhuwPvTkuJ7arXBa2NgDTEzJkkbD4rqrSc,3910
4U8snwYBB3KekKmj7E34iPizzeHfdbKkFEJs1fMRPxgM,3800
Gi2x3fQW48GouDaEvLnBhqA9D7okV9mohLQtbQ2FyeQ6,3801
4YnwkxLrMjBR3hAatpNFD1pF9o6uxq89qh1oMoRVSsr5,3880
ERXZPB2mgG9JQ4jxXpyQKekQxqaLKzmVhMRhZ2gBxe5Y,3876
5dCzkKqx46xg5FwWk25PoM1byKmUSaAa1g4s3Ru8pkEA,3810
GoAYSvfp7S4XEtkCYEL7U7WbWbpzucgSGMdkgcLjGyeG,3892
Fd5aNGkme5h7xa8JYA1tL5oPuApXgwgvf7WRdoVioeYU,3798
d6bJGK2jcQqjBwNQptpq9Exm8Ek71iCakaYefj741RS,3799
3fREj85CfAXL867g419apLn6wmvJbUtid76hB62g8RyL,3894
C13WnSUYih3EGug6ePJgohZNApkSEwR1JXKU7uAXowHS,3894
BXcA49BuAtELznXdfZ29N3yrEAncEGzpHQHehyxpX6PJ,3803
9boVMWVW8H8SAtcGwvkr1yBDogAX7Vnve8dZBvsya1uR,3801
EUUreyAW9ztYTmL9DdHjc2FL8k1xB8UmL4FGHXVjBEE1,3907
EDc4LsNHYb7tyzT8KUzSt9fMeEcQv3yJhEAmSCYZZ5hD,3777
7VRJLz3SnTuMraGR2yCqsKyGeToUgSSVZu4QgVrmecsV,3776
J7Bfm6Seu1kATQQe5aUX81F6nRqL1RRnkjkLprqtPh8d,3777
CrDwUykT7Pr3Ch2rhEYJn1A8dmVH9WXSpAFFWZYYQCko,3778
DVcySqxzPZcMXrh9M77Yyzwz7P5E4ubRfCYcq9oLSkfv,3783
5swZhprHAAquKxXssxYrMykm4XQnKUJZ983JjhuToTjw,3881
91ckefqGv7xgiZEcvhpAkNUgtbefF6gwNPVH4dsWgCjY,3811
DBhDLhY7MLDABfH7Fpg2R9kfvKP9Pw3LM4tphJ9i4xHM,3905
5KmFjdiRDFKUSWpCrDjhhtuSgx7kLs443pUkK7hzyFAV,3936
J5J4eawhU3jwXCzbQ9a8FxSE3xcb2RuGpz7hXvmHMkXp,3814
4QQUxWiDQN2fdwNy5mfdEJnTFZFmCzybNao72WEmcAMv,3817
C5U9sicJG3r1pXUq124yAoFT49JVZqzdEi3moThD6c4,3914
6VHjBM8zVkFT2q3fsXB68ANW4k8yxAP5fh2eugo3BR6S,3833
AfNWBabAVUT1xnAnJd4vR8g1KRpWu3MiaZRNtV1k47wh,3912
4dYrwGVJdE2fGjnd7irDAyGuL6Xk6GoyeWb7knXNJQrK,3819
9mMEemFnQxkf6FeeVb7cWRWdaVTSn8f5KTfpwm2uYynn,3886
BB2VGAdT8HUQk2rZVwq2P2qasurj5hBAZkyFapxJ3VVt,3915
2oSsxtUatBus9UgoszDnoRVLM8Ljk2V7zz9xuUwi7pae,3833
F4K6FivZiwxDDPv17hAJeqPPLUoHSzKViUj8YMzfnthN,3833
gThH6DdvppZ14uStrED2fkBxzTWAsLzU6gVYZhHgQih,3778
9ZLd2s6YqA5tEChtgXxGEzZF6H11ZAXPFVxJuuouFv8w,3918
HvWnCc1GqZLouYVMs6VY1MPHcRKFhzsUw1QBh7YSwhCe,3902
G9MTPYrfStLhJi1VZNMMdMvouf4KnR4BsVM9dCctYbud,3803
7R4u5bwrS5EQDqMgFivksAT3DpUwHkvjDu9FSAAKvX9j,3833
838uuskG9e76SrSNCQvT9ko4x7euWPfZLcCWKNswFwx,3921
5c3ZzLBt3qLRqvsVJM5aeHnYn6coth1L5CQFRN3PU7fS,3918
ATqz8WFcBPrCmoFS9Hg5GpgvEvNqSkVFCHus5Er5NxaY,3820
6UaQY4tc2GueEGHuSf3XJYNLnT1kgxW3rP1jdheh4usw,3948
CAZbp4foi1ocZSFz3Pso3J3EpNky2YhtPKR9e8KPBmhN,3917
Ht6aCKfwrHHmK8q7c44RN2YLcBaETmH85Upm32waACpJ,3806
876KBk68pqDs9C48fxYkG4fRxbNW4oCqYr8kwqX8LVfA,3919
7zp4wZyRLwUugaLwjfchKAy5zoHpyhT9j3w9589RAuL5,3840
CzNQsZnrSycqHHPUrRUW2KnzTLfWDKyAmxTmLj7SCK5w,3822
13YTPmTDnNmP1Ahn2Ed8ozwf7QBzWVna6Tg2spz2Njqi,3923
2CAfWzJufwmNEqz8p8ijhtr1dMN45tfQHXVGZStLHm9c,3922
2L4Q6pzZ18j3wge5H1UrfqGJc9JrJ9VHkVyhnTZaMwam,3805
B9wBgoLCwtBbfgSUwqmDoJNPpXQmGJCAYGmzuSgAiAfF,3926
37DArCd8kW2W91Ts2ayRWYB4DKctAW78cZDfvYFmJ8Qs,3924
AsE33W3b3vKdfdU7Bxn1jJFHwSRLAVQ3Kw52anTLCH9A,3842
FKoAZ51momXeyQMrrb7JBpvzFGWRYhGPRUgqyTJURGqa,3924
6afcNzm35xgbhTg9yYNU4HAVdezkCbLHMTQWz9rJnfLv,3807
Doykciz1YumERQ8GYqCUQsRcLyhQW1TTYFhBkHVTcCWm,3925
6raP4cKBggPdDgHiuLXn9YEVRfNd686vusQxPxQg2aVE,3810
2QrhNXbsce7kLht6b7df9Z6piGw8N8hgyWFtx8z1m8Ws,3798
GAPkLGcv2FtwAoPQEy9tzbFc5gJuoDr65HibS2vh9qwh,3807
3ZsMjjfTsfVrcuMPYGpn5LXGgyjFAXaMiZvdTscebQtn,3929
GQz4fJH5gtmPvcRFQf6m8txKJCiaizC2eDUTfWviJUCz,3816
4gtdADQ5t8ibkWSJ7cAqEUFgA2TWLa5fCr7UKer1jFMh,3817
2zGzR3be7qNs3RYS9UWEXeEDvunZinsAKPAwfjUFfY7i,3816
DkShtctvQSDGUG9fLfHmQtYShgs2yoUQyn5a71EDRCWh,3812
3cwLX6hzhFvXTBNhuTtP3tmb5fycN2GKjUbiYGzn2x3R,3835
EpB58vAEYdxniHcYpLEzsHaDDggL6E1PbSQcUZvMQACH,3933
J761qMksG7CCyPtj6BiGkgW8Xkjiqug8v1M34c8EEykD,3920
4aqR69nkh4HUBNZygh3xpgnv3kQTQzowmxCDDE6TCxM9,3816
CSKVSir4GHyzcyqg4gwUss7xgQXgWsNRya7YEzq6k5gA,3934
4CqC3KrAMxzeGZ5goHBxtkYbLc6XJdmjN1CsYfX59av9,3853
EsoxVV2P9yK6tdLsvtge6ewyxqfUSCXk318e8zAsG6T8,3934
4qoC1c81462xHQaWmymX4EZqdBoEg9iue2z4CkVcThMw,3819
79k6gpKaHWBue2qj24X5bFjhCdWDNPttAAiCbiU6Y9t7,3935
3S8bYbczdrypQ9AEJTYpxkQZFFVegFRTfEE1skVRM2Ry,3836
4Jgi9NMc8vWRZzLsybuXj4uaZA8M1orihgcv8TqbmRQy,3934
49yeqdTUxxnktS3vqBHNouk3NH1GGevdR7z2ojQrVXjw,3813
6HHz3fTk42UParydriJfX61KC3F3HbpoeGnNfpvcq3Vw,3837
6nQe66SJQUcaHUiR8hk4fsAduviZc97AK91cefo1MMiC,3935
2SzpoyG7batPTPBepiuwwzU5F7JXA4PXLmRZFisS8nBA,3936
Gbva7oTvumdmDDG5ZLkN1Lj3fY3j4QHXKEq9hUy3hojp,3937
7vfzwHt6TJbDBkFRZBJp9wuVqcFqh1Hnun1whpkPev2Y,3819
8wSTRj6txLeiTiKZxEpCWnhjhvVH7TKTQ4SyMViUcdm9,3820
6VJFmvaKoumdnHc51RwGeLQB7573cHUYfXYm9ryuTpZg,3821
DJ33NYkyUDwwAPpjBt14KVpDVzFQSxEDUVbwJ9wegG5S,3909
2mNbx9Tu7xyCQHtu5FyTpjfFvCiqXUzY1Ek4gwXE8E71,3933
8rwN4ETvhd2kKHcMo45dGbUFpKT4iqP2oi3gFFHbnjuL,3827
DhYSeXnm6Gt6Qjz43MNhEz8KwPC5SSiqh1Ca8KM6H8oL,3950
2b7HkkQuwsDtVxzV8z7VtvEbxnLCpJs8pZBDMRw6EKZv,3865
EbPJ5qGFw5kd66NmjSjxCbLBBKKKjmVBi7tM9kQrh8em,3952
Ehn6nGTxT7brEFfsekRus9fbHbqgR6a2D87xc6QYZoji,3952
G5fGbzYkx6bPLfNUip9PNLqLsYNosRLZTudAopSE1yca,3860
3bYS8A2uqdLVeEpf9zi4QqBYZGSKg34mV4GBQHVqMsg2,3954
6Z9bJFmGHPyvcPdg4N7hRhAf8BizjB8zg5ayGFSJXdoE,3834
sckKVqqsxfLzHDUuXaPfoz9bno7juKuDG5BoRtUk2eQ,3956
7MUf9MW3nwWLLZErtrptq4BAX9tAVHttPBEfEpE8pgnc,3839
FdbEAqwSVdgSCLy39r7Rd6LH4txEQEP78p3W3435XAox,3834
3R8picvjZtoY1PxLZuauTot9FzEsP9PKAJJ8Ng9paqXu,3845
BXr2k9nYwp95EAmCeQDvrwvxrskDqxpRsg9yf15zo6V3,3873
5AxRqwbVaZVgPVBHuJbXqdYrSHfVAAL6nUjwuMN7cJ4V,3855
F2XUvKTJzkkHzDvCFbYp2EffAco8uu6SNbfcSBc1fqCp,3970
BWNvcmGbxXjSi3Le8HQLdwiFKzCPqPmxS9DofgfCewWX,3983
8gWfP5Np5v5MZUfEarvGoZo7ozz8tzuwrwZcXyywQDLH,3884
FoUwkC3AzDWNc4tue6LxKAspe8BEHrXuGj1zZbBXeHTo,3865
42fh5Ac1NgAHCc1vsGxcbbYUoeiz14yZEvfug2h32Tqe,3884
rFNdWpkT4ab31J5KCddXgHJimoToLRFEQ12nHDsF76K,3956
E1ktAKY7oc5czbTisXBc3Vh9MXoNJCfwSkx6bSfZ4GiR,3899
6LGqfABraYXJRwVwScVVyjTCTibmMunFRD4rbEBtdfpG,3998
DTn4nVamHMrDMKHqVSWbtYbquTYaQApydZGeVCiniyVx,3886
BcDJFeGDoGDJsZY48QL2aHhyskWQDysc6RnjqA5hiFFV,3900
6Z57kei9zKN65pSE3ZVAuWPpqmfazjj6ZruuHPhMrqun,4033
8Nwf7U7khYkDXKCYJh4wvQyHczEjiWqFQZvQZdYFoTiB,3896
Ht1VZz1tyaDGbLyCBpUBJxJ34HbCy1uZoiYoKjafH3WP,4033
5rCPpm2UhKhjvLTCb4w71gUyaJ75vvqLzyqYTLEYHKeZ,4012
C86VUTqRwXM4WuGMpidxi1ZJ3StFZmKjEcqKg3LYmeez,4012
DPQn6NmqpvBLhy2AhoaoRwVxhz6HCB39qVN5yLAC23Jd,4046
5CutJbFRNgK3R4Ks4XmXs5znzWfpxy645BwuC2B56hBi,4016
3MDL7751ErYQyfWFGMthYaCx8wrEfSQiwta2gRTYTsgN,4017
4GBKHtrwdNX82eGdTMY5evFoYrHyBiPSoLoCnyLqSvkL,4025
Ec95V1Zi29m7VhciyrP7oatNRvDJFy1jQKqUnfdZoVC5,4054
Hkx6DoXtMButCGkQ6SZUnwUJH58FrXP3DAxFxhqYsXFD,3932
EYwageym7pBjHJ57aRG4WG5BK41RZHAsaJDR85wwWmXu,3919
3Gb4ccZnhvPVaYinnPY5EwekrqVEQhpwDvj2jYyFhYrD,4044
9DZLC6qTSth4CxW7kugejQgmPmtNRtgLqUn5f4BH5PC5,3933
9YjnGDfo4u8zU5LQGmcsHSgk5mM5br1ysux5o28CJ1Bz,3935
FKABNjhBNR3jQDWy3hD3VPJmoquA32vwhBtoDM8qzccU,3957
6zXsmDkEcgHqv4KvSzV8QXVRyWMj69efDBSVKSQE9ynn,4022
jA5UcxU9tTU6XA7GY8TmDmoheq5EVVJc2MvbXzhL2S7,4059
23mHUDE54ATNfJCJwuptFfMUWjEvutNknpWJsV3NY7z2,4059
HEgB2VJqm2ZXZr4Eh1mseFxA1Z8qLPsrPcSeG5kBnZP9,4070
572nmLNBnmK8Y6H2bUdZt6M29AVdDXgqk5bnwGcm4Mqu,3960
6SiBu9jNZYG9iWTgMmXJWUzNBQSHWXURMmVXLNcRo5gK,3935
62C2VZTpJMoRi9BUEGq7uBkHRq21WbPBwnHGct6uVLNn,3977
Y8sB8XKeeWfrhfoH6vEy7eh5TPDSVh1J8WaViX9SsVa,3993
6pYq9YJrUrX8eFccXNZtB1mPLdcEqbW4hQuz1bkmZqT6,4075
CJuMgfxwXcN7FFvxPZsSPhbePh62UWezh8RJR97FxMz1,3998
FyA7XQSBx9jLHDmTgoHNocVm8JUsaMoMPXy51rTdx62o,4056
2iUBdEf4csWzyy7adx7n5zPr8D8SGUKoyByyfJbgDeok,4088
6HSmuU3DvKHgGtB4edW1trmvPGxoiCH1NjVBtQjnAcG3,3993
5qjsUayc8J7cKiWAzZWGCvFyZdFBQSvuUTVMCQMJfhp8,4105
28F36irjbKrLTZwiyQSTsCv1oh8PJQV9g3mGoYwuJG1E,4013
7HwWhZeEgBDEiF6EiE6UkMwUWYZKuwghXT68zD61CpcU,3992
GACmisGNXvZX3Z1mBwpnyFnCANZMCsaqeWRN7dZfScQ3,3989
EJ6obfW4YC5qgwB78BATvXrXDDrMgXLgLMj74KNi9F8t,4033
CbUjDJkdxJBKHLc7rBLzGzQFtXQ6ZZ89WACNc1Gx2Bng,4020
9BNZJ8x9VcCpfxmk5hizYsw3BmbuCLzXSuWUFYz2opye,4035
FyK3xFAJEHdWeKDkP6RYwGgixEMtA7JuVvdJDeWFn91V,4091
439hh2xVeAKqpAB7QWgEVRXrRvg4L1LY9hppyod4P5X1,4148
GN7H6QUu6i7SHNz6hLXEGU2vFiqGR3MPe9BsYt1UwhGk,4032
GVp8BRVphmDUGKq3kt9NuMgWTiBMSoVUDArnQH9uaggS,4043
ECkEi2wsJgGVNyDP3CQUJjDEfj7iQer9kopHioa8JioQ,4128
8NG3vk2SEqUTSUcbAMNpUmfrYB3LRi5h4xV5AmnKn8Bk,4131
BNM1GY99atviwpVMc2Rf8kSB9XwN4GDJbCS7ucw5XHi,4100
2NJZFyDJVxWvcBcWSv34PUjVqLFQxWbY7E6fKQuV35xP,4050
2NY3Qphk3Y2BoA2kXwQT5e2ixatUgB1GCt37TXcdonRU,4054
3XMuUrzKnLBMXdAzNfGRhzcW9nuwkU6cDr2vak3getMH,4045
HmUFdmSEaa4QWKXa4iWs8ADBex4bj48WPLGZ5ySoCrSz,4117
EEe4cygZAJcoWwcgH6H15Qaa2rYNtc6qWvMLaXw63c4Z,4048
ENWZ7myNdMhq4TdrFDYAYURBgGmpr9YBZmJxj4NNKhrG,4141
8pF5CAFaVWW7W382Cz7uzjrezUrndxz5QV1cWADMoEa7,4171
5SbEM6NtkQwhA4A5gwnSBL6U3mEP4hhpG3PVg9zZrU7q,4032
4iNkPnqS9tXpugePV5DrdJVDuKKU1tGZUdKtriahn3wW,4060
EMEEniEeboYC1Utz2L75m24Z4ZsquUtmYseiFfoQCikr,4022
EqzyTS4WXiiJJCnesU7rphb3SxMTPzEgTnu6SsGR8qYc,4158
BbhxjyHPu57LV3qU65mJ5QLfJFGWTfov4dTMpABJ16cb,4157
Cvf3jsarz9i4oD4t4U5VgYPPV7AhhKMS1z4ESWqSYHM3,4127
Ek3qv4ihncxaKxdRfgt8r16ETUvwjwwwjCcZ2BgQHcEY,4126
Cun6cwB4cGCGaqZ7sLbynqqCoC74RCAwtXSQnWAiZSSp,4040
4JNQ912RxMhPwpqL8pYKJ53114SPHVFFE4BALc3mTRKi,4076
5cbYFLjFXYzCqz7xooGhTXLZ8F58WtqiLiHDyQxVcW9r,4153
JCtVkjZzVZf4rRZBBrSYvrxnsZry8KiLzuF4PsxUsVqj,4160
vCPk3d8QsJZ72TbWHxh6EU6L8PE3erTF14kVhpdXCX5,4141
E1AJvGEMcEBsnBTc7CKisv1MAgzoVLUuzfqQYBzvkjwt,4090
FCtuT7V6SmjVM3AFoD3wKj78E8xcXefEgtPgVBFVU7Mb,4061
8nWovvgjn6yeBjPfPG3XgMHss1y3UfizsAn4L19YgkfZ,4169
64kVHYP2rQqwgmch9zuQnEXTC178xuKTERjbJKYQ9zwp,4142
2EKJwgTj8qLiuPmi9GuoLBizhNTSAD2wwZasopBtwiH1,4176
7XKkLKXKW7sJGiesXTMDnNDRQeHHcKothfYxJ5359RFi,4197
Hqm6xZZCEYbXKx5tkjtyHMwe4q4jLFLDHFgrSie4bmEb,4175
4DhLhbk39P3ZA4bMydqiB5Yx9vFpRq6osJRaG8wqJQL5,4153
5Dives4YsDChwLW5NMGqd3szJFjujqC67JWBXQbVKD6F,4066
CSYgXKv4Qok2Xg7MNi5TJxdVBopfUBvWfbjf1QfE4Zkn,4153
EzQFd158yyo5DKeSmiWUoPMTeYqfKSLBCFwgyLVqhVyq,4177
5eiUfLNoKDghU1vK56KTzvSvEseopFeMrZ5jAeSTWEAp,4185
8fD2ca89wXVEpcPXDS1Wn9i6reA3Ng3vqxcvyva4mJqX,4179
Fn5HPQLfvHRL2pZvS8dFFJrcXPpjY4NWx9nW8KpiLnff,4169
BMZjJuhPURApoPQQQawQdWv5V7KxaCLcTEd7XaCQSjBC,4184
BXJBZvtaFbi3E79cC2PwSYoTsu9fpCun5mXnELiNpcFZ,4095
AFPLhkEsJJeiFTP2JuJosL11ZDsZbCckP5JrbsR8iBqi,4051
9UeTHhAvcZ1bB8pEGDSt5N4scxfbi4gnC3uomNeNN5XH,4170
DrT69SGFYjzzx98ZNQSN8SZjekbQzqd5p513ebWmLvYc,4106
C4YSjL5nYHeCDt7AiotRrQHmwynLNwDp8diqx8eoRGzf,4088
2zA2WbFrTN45PpwtuTMQbKcEb6ytCKk9iVR1kLMrjunn,4105
614Ju2uBLB49qK1rnHjTPkofSijRG2cRcRSdDJMzTxt5,4104
EPwy69Q3CRve1XtnHVQya5Jut1KB35cp93N3MGv8ZJTK,4075
6gkU9HX131zhtmZnofMHYs61bbqPbey31ZXfGa3eBw1T,4092
99qC1Q1yVh2c5uK3zYJg271Lid4TA5FrZctfQQJPNc1Z,4183
4dSeCcBtQPAN4AWQPB6ooMX1zUfQJS3NZNyspVFQwtKF,4091
7qTq3ptCVDsdh125kadT7ccRPLooAweyScCBzU99pzM5,4089
AHYggm98r1d4RYxDaFZwNKepqeRvUcyU7hrvEiLAfWHd,4214
7rTMLFXNCZmpggpMU4p1TZ4pTziLpbWyLgXsYp448A5p,4105
HKiCsUqho7Khvn5EhU1fNDvGBQnY8Y57WeDAfn1Ld63y,4092
9gsARC4Ms4VqAFnB5uFZhvXcdi5CufakuUjSnPFCgcNf,4190
BQrpCpRwfnGu3PVnjVpogvuCFemxQraEwDVnAZ6Ng8eU,4100
CeH12wKzwqZuibLRVSej99pmz67Uy3U75pCvWPUnXqzi,4041
ARnqX2qpvrRrot6f8WXobd3absx2JSDM4hQzSSUdDJym,4035
Ene5BkULrt8ZUXHSQPbxr7rMBaXhX5SVoxF744ZZbhzo,4203
D5uDPiuzdYSq13BpCn7yjZHf3b3pZJm2U6EaD8AZGWkp,4097
6ji1Hh89jxA5x3FQFnDn6uk99xrbgFvJgKkKVZW2wFNa,4163
HvZqq2uKfqHADmJ272QbmzdKBBsK7gPMFRbMCpkm2hhc,4103
7DgHvpeNqaFzduPxJBNP21E9Aa6gYsMR6LSAFB85RfWc,4086
EfmprSKgexMskrU37S27biKErZd4afonE1sPoQv4Z77Z,4199
GXJD8Rxhw7GUHY6bghP5tLGYp7kUcToUaeyWzeSGCw1x,4200
D7fXBEt7dsNHCykPAGpb66RECqs7bw2kFFuicWozs58b,4197
8LyUMnwdsS2kJjEKjyQT9hE95f6S8QSQsYpyBq4cqU1C,4119
FNXUVmzkyTTD1BLbxvTF2Xaz6C2XEBbNSXws4GQgBbqT,4097
G61xkfdYHMk3K1XEphbuPmHxewPvGdNEgtUNSNZTjWQW,4199
E9bQYX2TZbKZGkfZUPDVtkuNJu8UHkwGnY8N6CdiHuyb,4114
EAKWkJi1YkE2nzZ9hbAAZby1Mw8YfvVMQvgYyutiZDrk,4119
4qMxqhi9ipMkpyAg5XYzANJ7vrP6ZqqUUtaBK67rv27N,4173
8JYEp4i3BgYG6zGkAxyjiGcac7z3rJp7wwHTKNfdkmoF,4090
3MwyMiJhUoApvp4af7XYrQEhp9WWjbxfak6qP2zJmPqq,4200
AAWoS86JJ2HBiPgYkq5SPvTfjeRoFKr4BEjzBUB1msZC,4119
jnzEHz5qWL9jtiTMHjy1mcaMV7e69ssysPVecGe1TS8,4105
2NvuUkTF7cKdLdWjrxtKfJxQz3jfZPKZdNU1G8iSnpCo,4070
A2FrVv819ewhf55GM6uF64yEZpPLVprkkwdGCyUUpNdd,4224
Fd9Hb97Ev4Z55Av7qfFB9UrL9GormixM7cURmCf2tKsi,4201
CDTFwRCpvkUpaBWwtKPRuVdipBAaEuwZugs3SJGU7XUj,4228
Du9y7i6M3GAcCim4sawzpYNQX7hcrnYrfUDbM66Jnr5R,4207
DADyQfQhHXZAukygc1fKuNu4yepmLk8ipyJZrsrhqQvF,4208
8ZthZ1EEWLqr3rsuDVVJm5wCBCX2i7ohEahuZFV3FWe2,4111
8WA9hBE1mFZWMvvXieyVd3fNAyJp5BM9tU7FWkWAYTCX,4193
A5XocGRPxpGWJYPxyyR3bKqgMWouAoZFjEEht9W6kUr7,4205
FBa3JUNJqTfrJ6246FSNDgVbhBFLLDAG39w3mhW1MJwQ,4127
HSaFiWdJ5dNUe5ccQkKs85d74PB6PNJoTz5dDtX5Co6f,4112
933EwydrWvdH2RoY34kmuBDCAJDfWXQ4oQZTEM3Lo37J,4126
yJBrD5gM9hX2WCK9YrNNpbpr1Y6B4rwnpawTNHs5txU,4214
HCQ2ryojr4ppHC3ZY1wu3FsjVQnGpsaJfbsUgmT6BjXi,4098
8VDUsHHVE3ufZSsinnaT9UCfhuxNifMAikacBwQUUNeg,4114
AnWUuu12CKxmNW642JoGSW7EjQ3Fq5iED8tqLCxgSa3u,4210
3g6FQghymxwKaTx1etDeTBaXW6vwkuHQaJHFi16rRbex,4062
5BQwMcP1KF3HPRbq1vmb8fmk1togUHHdLzDB5BEN5jc8,4227
FUBU6XR6YWYixy6WSJPhV4qZuHwQEbUtHdTLmLek4H2Q,4135
8tSjEECgkccNsM2CnH87vsNL8YpsuRGSwNFm568tZ3NL,4228
9J27991TfCiyKXLr4LyjXYJmhdkRa8eRu89W4tYp8mFF,4223
G4wW9NBQL1HbfnSGS4NV9yVDPiGjJvVgDbotwBv2WRQV,4145
8oNmBSVqr1Mp8GwVyYHNM2BZQBNtN5HT2N8EYkijbEbe,4139
AspFEX6pfX6XWxE6cJFKJHjux7iDmw3VUsgtF7VZ6vmg,4198
AddmfufJ5NcSsZQeShNzBTHN28vUbJMmx98HVCsWd7nY,4146
B4czobEjVGAZ3ZggtJwb4iyVR3fwE3AF6yxjWmdeJTpR,4144
3NcRCAzcbWb7nZc8LRowDoaS7e5qYVKtLYv3nFFHfei8,4225
79crvDppkdUt3kJfa5jew7V513z8mxt2sKEC5osXBWXX,4198
9tpus7bScu6yL2q3kZw5MXU8mgyRmsuNyXJCmhHXzEnn,4131
GtmVbKqp2hSHJLR5kvnzmPyWuzTeztY7v8BzEWvsVeMv,4146
5wstyPxnxWrd5arviuzjwizKEG4FvrgGHSR7fkHWNWki,4251
3EP7DQo2buDQvToW9SdxW5TqfqiTVyhoUTdLjoR7LsqX,4223
Bj1vApkqKXJAAn1DDyAxCDc9cMyE819FM2zvCMT9HtVv,4222
B79ZJ5jrbaBoo49N3ghxhrXHgTY6atZx5Yh78rp9rnjE,4222
GQnzkcDu2BaUjXn299uJBM3jZxTvk7BE5uVDTUNMqDRJ,4113
8WvpFV2WkJ3A3gYeGdHYQ2zRykw1XN5mKPgN8AT2ZFWc,4239
EG7kaoPzyivRiy4L9HsG9DbLqWrPMYbgWoLzm8buxS7K,4230
FeYXVQxBzzvZuYTTkmBYizLuMQTR5ZDzhmRvUTz5aB3q,4145
GVL4C56aPLmbFtfWdxEVZu6xYFhXesBgQu3pQ3Tdj4fx,4145
EeVDHySQ8aqjs16YoV7DnacjzephyogRJoK44TBmkczr,4130
8S2RLUVY5Sq9bdwQCDsyVUMFJuApp1JJVUNot5h713V4,4199
9QRyqczwyj1RjdbPimb1Rm37smVTZsRETTCvaYB1zxBj,4255
2JTbvFhNDRdXYZGdy5VcdTHSZQKVqz1xT2gdCP6W3sSd,4222
D8nzz7nAvUoQxEY1z5ESBg34pWEdRehm3FTi9vUSje8w,4223
GhasWar3V2BSiC3Bj7p3UhjtG7DC5TjAUhFBFqE83sJo,4199
AdFsMhnRrY2hFgfBm7kWxam4MpZEb26vN3Mht283cgwT,4223
HoHadDsGuiZZA988EYo2ZjhT7AMxC6EtjrC3SA4G3Hn,4230
DpPkrh81Lg4yS8rreRC75Tn3iy7ukQeyDUPAK2xNmYMp,4231
5BV8PmeDBymuZb6Ne7LjD1UDqqgvKpXijrwawLjtSWCY,4214
ANu8ujge1mHGwyxH68rXCCzpWqgym5uh8NFpDLsPWQQ9,4257
3bYr4TNf95JdyRs4QFuda74bq4uYDui196SKf6WLBfLn,4235
EZ8Zi6SdNFG3BnF4VkVnWY1sSyRpRJ78KWVKAKeR2ibD,4136
2Mu6KLADsjdnTyppQURJd2wytQce63bQjptraDhFT1iR,4117
28FjXw1cwXpNWuEzmjupVUtYEEqzUcWM1wd3LJMyKs1Y,4151
BuRQ6b5UK9U2GRMFCjdYn8LmFqn4jZKpSZJNg4pjmp2p,4136
999QZgyu7PmwWigWb1WQY7cyadptVCi2M8Nz6PHCYqgn,4118
5wgmQTekkviyFexNYU89bFug62VcB6o8j7z1K2L4jfyM,4227
9brRdHPhjLEZz62GqfPurGpQM5ET1uvLhr6Cj4YCa9BU,4078
2vNbvqJR6XMAqoDTntDR3XvEYC9wHXVxXPtMCE6xaHWG,4231
E7MMENUHYuC2WBmmtNnP11c2KsZcQLntSnQMNYzfhUgS,4218
Gw3ygsK7mJENU6RxKgxcP731zQgznrumDkGzkybmmUgK,4136
3F2AzQPyN7MDSYas7ingK6qyFvKhBLeoTH7S6fr9eGAK,4136
CdWAvmXKqtkVEH6aksZ2FvfEV7Ae3qgQpF2T9z3eBnGj,4121
GQH7k5H3w3G4bPSNZwRe77sn2dZCXnpfNPyZuLmjLAAW,4247
DP2yZTJvwUsgvyVtAL5gbgKDRMoq6jSiFMBCMrZ8joQh,4258
GHZqn8PLKrKMip5Pq12Tco5J7oZ5QzfGRpKqF28NiEyf,4131
J9V1nmMPPspDZjC9uadkBiW3NH52TrUD6qV96NZUw2uh,4134
8iPWd7hLBsqAC4cTNHPENk7e4pzC8YdRbiF8jRu7RFmN,4167
6rsyn8uYxgU1FFteC9EdFX5PwGGxfx6XG8mZoSVGVxMR,4254
Fs8NF62bwUGj5hMUPL2zMfosGDXyGxABrE4oAd3VYJAK,4169
DoQ9ULZgLM9owg28K7Q5vFgFVKnAhgZgeMoMjVA4MZkJ,4096
ERTwcpVpjhuKFX5LxZdcDu9UedStMtbjRnerD1Woenyp,4247
7gCQyCWBNiMpBZKD9Xpp6sbP2T8hPxGYnp4hvV6ZpFQW,4249
FKpKHQMmryxtxY3Jkk4e2cc5B1UpW3i7Evm4omBGQDWm,4136
EzZnBBdqnK2yD8vXZDosffWvEarEqyNLtQ7ryLhVeAou,4250
6E5MUWZmoYfyzj85FSCf4sFxPJXZB6NfqRKvQEgBvs5b,4162
2z3zKTqyLr7C7WfWMrVT5Dch3ZBvwLxYCKXVTqMtsQBB,4255
6LDhdrK5tA31oy855JtqvHy1GGr3VztNxq2Xjq3cKPx2,4284
9CMAjrhPxv2DArB1dryRUkNkHFk9JXpbdpz6HJM5z1yw,4272
5BikGUUSRMNVy4KHuKcwh8jPYcLc7d8hPwEaTCktBZYS,4169
CsK3A8TvZcajxUfrEFZvboMwrwgmhTBdXMWY7RXf6CD4,4168
FHZ11hMLaSg8xdfgPfwgKkdzaKPJ7iafpqXZtQcEoagX,4251
D8KMTkXXRkrWBp9b7kd5PK3gGuKSUU631MAxZstUne2Y,4129
8bqEh7xBkMcWA2qFujksPBoqCxHJp2zCwqqt159KMYFV,4092
9Ek2z4x6aymJobkVWvzqgnJgC8eTBrVUR6yssUP1wBuy,4264
ErAdFPg5ySg3fKsqCPvLvG1GiFsZr2445F2pRGrpKDzT,4252
6rbTZTnL2i8RB1XTauy1W1wt9mxPhLmkWSonUUWbPSZr,4114
HxexiYRMNAugB2PLyrga8EnXMLayXR3qkLQVzcUUjbhX,4149
sd7GEaU1FjQR1H7dqaF75mA8ZrkTmVjMKHGqcV5Hxyf,4263
Fw71ibRFdE94U5FYx4w4BhQchGY6NXiqgkDMawyAVyAV,4169
AS52dpSVAfLJFTQnQtLg3nYvQs7zSrvWuyYd1EqQC3cH,4151
6N89BkqP32oYE7Ls7wsq9nQL7ZwZUH9HS3huaxzwoV2Q,4129
952UQyQQnUjbCzwsFBr9sfLnLnEes3vGo88dVypEUeDF,4292
9uF4ebgYFxhn29rhJzceDiyngDBCnWSWxqEyzVM4UuPH,4269
EjcWLMLVboyjLK1ex8GYpk8Nh2sWbgufVxsjzxcSA2sy,4168
3RjTPb67u3PNmWb2qiPMGwuLFCkLgaMdSZ28jeyri2cv,4129
A5eqa5T8MsdqksHrWdX6sJRJ81piEwfmXUtkdgbpu38d,4253
DZriefeb4cGrade36MBrBzckMUo1TaCBXPESPKy7ciFu,4267
HH6rJCybxWB1qgTGSYuAsfdMLPKmCRF4brVFnJvie5Tc,4174
4eFS9C56oMVqvxPasbgkBNX1awubjo1A6Kc5FybsuhYJ,4164
3vZDBXgECxy2P7MNJUwcBt7rUJDUp4GhUcscU85Te6NY,4255
45xa2xQnyUiuuM7muFQZoAkPgWs7HNWJhR71phFjbZLt,4263
GX4S1KvQrxvwVySp1HXDfhb9Yr69qbd4WC43oy5E8ePp,4195
GXKB7SwtbedAabuRQWFvHeVUQTpKhKKUt4gNNj5ZYCCf,4278
G4GYC1avmm87ccoPG2yMNwyqH4MBuSnGepPHKhkdqzMy,4294
4SW88njBe3DSL5LM4qd45g5cXCJrGELYCSprcvStE5nZ,4195
3d1p9XbMm8PknVEHHLYvsJcTU23nzgGypSKrat5GX52E,4294
GdDooeUZPh8jfCBrRkZstocnBRCcGQy7oEdcwCHsHVkf,4195
3mxjBViDPscFgNQzdtBTrLRMNrqyLm2pf9gowGNti6in,4278
2r2iy1epCfCa9hJEet83hFdgb5xRRgJUy6eiaBx3kCrx,4189
CCJ47yo1k4F9VYxobUJi6SdBYtG5QWeHyM9YRYwc3J3p,4285
GjJn7rFyZX9cRZGwnfgZTutmreQNpifGg53cv8HHLxvs,4274
D5cTRgLPLowP7pbNYixrCWg8ndsdTvbsmxXfj2DF2HTM,4191
DecJNi5aarzgtP9ufuPiCHaCxTugsncjd9VQoucwgiK1,4315
C949qZoc7FPs8cqc3LqdHXtakGE45HVeUcekxQQtpUVd,4300
H5LUzknDHM5zaYp79QwEzDsVxA7kjZ998sf6uKfLo43L,4193
7arsESJCEXHrKUuXpqrVYYp98uDZyg4RuQZERsHJDR5k,4290
5vCE4okYfmM75R2xoqeZFkap5XEqJzwXpShCYEYPRuV9,4172
2NX6ercZkeptW5tPVfQVqpnMzLGkTMjEeGscnTqaPUxR,4290
8hU1S3N2sBfcKNyziP5SaNqFzPQufjDQfuCDAgq2QDer,4174
2FQN7znVvG4dHsJ1M2Kr55hCerCQ3YCtwpoBux3yQwed,4172
GNnorzGZRnEBXHvGxNBfpNz22mxvkMZTxWUxqMYFysnP,4291
D2yXqDDfJg2g6bonue1BBkFzS59APh3ssovSgQWHhZn1,4259
BiqpsVjSyuRYjYemNDzvwdDXFDHrsEJ8RWV7V9BZaQDN,4299
F8tUVZdd9aT5tHAizp3tcTNBmNbyGQTWAu9Npo6LU9Y5,4193
35e3mFnFpdGMp4HQhLes9h8bcnbJ2DzauAe2SVjSc2R4,4283
FUKFph98Gm1oztzmVEhondWbZg3PLfGg7r6JWZC3LmXt,4207
8wh7hkNoiygkNRXiWSe5NCq6RCkMeSx5o2q26sFzBkQ,4172
HoN4TCAEeBiUV3j8MLWBnbqKK3Jht5W6BQhbsy8Tu37N,4194
CrDnpS4nkSruxQAeyswxRDPkXo27a6cGw1PBiXrrJuh3,4174
Dejpn1GSAmMaRe3h266LPzddsXKhJVgwMdoKokb2tZRv,4193
2nG481tjrvPNMLQGK7VBBcbckHP44yuDygRrSgYjD7t7,4260
Fdyc5gL9EtdgK5jWhsedmDGHGN2bLFBPGScyXcFK3m75,4313
CXg7wH9SMiPBUYDvGMmnaPEeaMoh8jmVpsjyCV67Z1Vx,4289
9jS8K7wJtVjFVcHf4yzkTMFRGVqjcJxS2PPf29GzVn4Z,4178
579rs6qZMADdi87hB2fR83tL93iXbjRAjYtPHvCFgYyV,4175
6cAz6sL1srzQ9ErtyBqfZTYrFyRhcoXyz2X6GdegDaBs,4210
D2U7VFEZbaPwx98txBbnddVGKpMq6UeSkPe64hewGJ5L,4287
246WxxW51UzPEZnb3zupip8LkvhFDJo8ZP8TUdTCq78G,4197
EAJ3kM5ZXRtrxVc2GjxRhqjUZpg4U6obfEAhWbXnVmRG,4289
3nrdgMk4CoPVijK4Po882NrLbVtQvQp3HLeyGPjurQdq,4319
GTkpr1MncjYQ4uyomJd6GEAmPYn2Yz1nhEb9p6wtWVNL,4296
4oS9PjebXp42yM4iF6PK3XbxtJ7yWZxReW4kcicQEwRm,4210
DqG3seWih5fW5csoBPwWgvqA15W8Yn6xwVsUVBJGL4Wk,4198
F1T2A8QDfUSMEbrN8DQbBu65HbSFUWKdtMkQ6QhteADD,4197
F8n5MxSpTwK7owLU3oBdJaKuTBo6ucmXtKVYTCvJr8ii,4195
Gno15sRykpRuZyo8oGZuP88EfcXEefKXijpcRSve6VhP,4178
2oGeTn56sSgait9ixVuAimeMK5EQoGWeFT9HNGSRdLBh,4264
AhrZAd7r5UcekFMMxZ1EbiuX8bZvNgxFNi4cYoAcDwBA,4295
9bkLDpVC4LYiqgP73EFgytUFjHp1iqkpQG3Jkr66B4vA,4156
C9HWqtAYTT71CAh8Fz6zgpHpoveK9RyAQj6KfM9tjwMM,4295
wWwraCxcDo9LtcX4DVN6YKcRJYsSf49SQ4PwMkZBFXp,4184
8yYbvyRFqG6P9zX7dLN1v4AojvrgcumfEFYKYxfrjrAf,4301
7ygwLH9wnWY4poKJB3hVaY5CpzSh8WpQndC79GrTxr7u,4183
CwnAnjtVerQLAGo1E5xG4nZU6wYkM5N9co4YJK4opivk,4187
A83Q2dS8WfvayZYpKfkMq5UwDfTvXmDZpSUz1jyox6oq,4218
FA3LF5FU3ViWMdtUepTzPfaL79FUZ81hC8n7bA38kbYf,4298
Ed6WiMGXnNzWdPMvESvGnzZyf3s2KZTRMgaKgZc9quHc,4217
Cy3L6685ZupUbA3E2jm1srDa78NsVxGg7asSQCZBHZY7,4302
ARfxPTH5HSWFa32vQ7dfCWPgn2dBKesh2gSk4ZCP6Efb,4296
6ajVd6viCciNtiF5FT1NWthA6YQoC96DcE9VLz8xF3E2,4302
ER7fcXSY74fsKKYAKbP12L7aMeDmPUi3jdu8UH57vsWr,4302
EjkiaKDaCSuBAQR9KLMn3qei6K2yCU9dMWiGgXhKGccs,4302
DRHe7qQCmLJ75XuY1uHXGC1wguE4Wch45saY2xsSFYQB,4152
89eogCk3A4SU7va7WabUpTSPJka3wUeLSHYejoi5ywLJ,4297
BCnB6w6pmn7kvWjNWu9NjtBCFQsG2NuHYuxksyrSuRat,4207
BygcJaGyFGiY1J48PDxpyjvd2jE6VJkcmtHCCpGkjboc,4234
Bb1822oC55j3FxrLKFbp5fV89rvr7XGdm1QM5YYHQDwT,4219
DuiiN6o7DCMFCptfQ3anehV1pbMeCu426Son2qQ6cjpY,4287
ArGuD5d24MHSw5ePWfWp3qz9ke8pm1CcYRNKAiZDfbSY,4318
GcQ8Ms9MYcZnJHEwZ8NUJc4TZnhMhUeN6DUmStzNsni2,4204
GmNymi4JoNZybAu8L8T9Jwc3BRFFY7J4xEoXq18maAwB,4233
6Q7h5bKrCeqV9wUNRmMUAQBeFL46HNVC7a824YNniHQu,4343
F99jPHA1Uee7qPgoB7ZuHVMMhkwSGrjhPsAccHJuaW9B,4311
2f3ySPsEH5zrRAnc8CxrPwL1rNkPsCNSriqiXvwxkfe3,4217
F6TaxNJm4mAvDeEihZtX7ZDWCv3nhWAe3hyNzLWJYk3Z,4319
ATMfpvUTbtMh6r9z6qTHDsDwdELjPmj5w2XAkhUdV7cM,4343
BmcbMHAyHCKumTvXsYtqRvPbfJ7VJwtxJaRYB2Wrmphd,4235
AJMKjYs9HjYsiHt8scLJnNXqWMoPNTScg3z3vzkbZ9ai,4201
2kzLhBcT4Q9KbtZUD4814y2HoKooiNWjxV46BC71R8Zz,4313
5p4HMQ5amReTQuWwuGsKF1A4RLkkjxngrDSAHtrDxQqC,4313
3Fd1AYCVwuWhaSR6vJDqDXuQsTZVCyc5ZfMacNZY2rRT,4235
6UoenZZp9oQu1CqiAMkgocYgnSMkxBm68W1csih4oMYA,4320
BXKwKfvLV7gDreft5VagdpPwWGfzmv3k4SLJhKSNbZ1S,4321
9M9fGLrnZDJf4BdK4ebYm1HFBTmrT4mvGsv195cQtgTe,4199
FMCYWsht8pVqYPxKthsP93bca1DyoWK9QWK3bBxnvmbe,4323
277cG8t6BVGM3fizE64wE1dCXWCNx2qBJDGcv5vNoCJR,4325
HzCrSASesPtoCytbgRN6rD7BVPhRsq76ND52V2kdT9vV,4325
Eq92LDjr1hstdQSXT9MQ5qkhoU2AQqMyaQLJjgXh2YoD,4209
4xUJRHxPzqYhWBx6o9gfmBZ5bx982T1iAHNWAGzDSMki,4329
6BVA3tNnTH94RVtQBsAGn54iPmER3TtWvAG1HP64BjvT,4331
CqFYCfk6K8KJUuMLHB3ZmSwUtPmjnSrLnSoGPxazJmpH,4208
9eYUKov1RqiBzKicMyJ8d2Ba9R95rNhQyvoPMP6xcNb4,4331
2k5D1a5SEGjsriVsoWtJAfuyEp4nVXqynC5pmVEpGCvs,4331
2tMiHr2fMfV83oWpNEopnnQ67BpHfy9dGzxEJT1kDUd9,4331
DX5oDNeT4PJhddyXzVUWHD2bSXKRwP4NaRen7aZsQSq9,4331
7nCgTz6SyxSfeukZdabJGZBhY3ehHFWZ4NBxiQVXhtUS,4214
7wN4QqQjRieRppwyyBsGzMg1We4LXkbB4hE2yU4Ux5wC,4218
9oQojVMfJzkDonVwLcAk5dk2bCsLGjD53mVwoq84ARpd,4331
CVdx1QPJrYYo9a92XRkbchtn44rfSzMoaKBRrqyS7so,4334
A1GzEQj32bwxjCAz1QKGrJj6ECBFV4YgEv4XfyeR38gK,4361
B5sKHCWzxgXgo8y6MxEfrQasCN24EN4tt7SCMe39NsPd,4305
6jfEVvmn9wQhWXPHDqCvfVjbXXpwXfnzPD645M6vRuHZ,4237
Ch5UXjzQ2wmEpRTM35GSth9q72QLxiPipW1B4ExkU6sr,4240
CWiGxtxVor1jixnLkmbNYu2KsgtVwsdWogyUvAczrwna,4237
9heYCP3md5pACX3npdV6WEFwDR8xoSD1ZfYPxsseU8aC,4220
8cZrfuKTes7xrSkhUDV2Y8u8FLSmvwg83F2GoiNFiJUa,4330
HCteVrFAD2WLYBwojiXtvtfWj6UjvmM57V426kkse7P4,4251
FH2paWcoCb6BfNkakSs6daBxNq2n6tVLKYTG521K4vY4,4358
5CdLGkVJTmejnwd7jfiXnUj6jugkUQzejQaJVi3LHaAn,4198
EX5e1Co6jQ6GAAMVXj3uVMYSbFnnHeCBHDRNUZn6SLR,4186
Fhy1TuYFZ37Ep5Rc3KCLerUr9HZ2vKWnQJvUfrN44AU9,4305
7vLwbmEWprcY38TFCJvznh1LD4wvzyetddECxqgSEq5M,4335
2C7D2bCo3VaQEDh5jDQu8mFFc98DXQm6emBu8MwSszpd,4338
EajgwstvrMLdqUNY7eGFVe4mCvEVc4PtY1gwxw2kQfRL,4306
FSN2Lb79sXnCtcoDijym75ewyTJSJUrtsGDMC3Cxa2yd,4219
ApGjFAgA9YNinNM9ExX4rfcMugUtqvccFtrarTKJaRsy,4333
3V2LSuDLpWjdZCr8C9NXrkZu7VwTMNiHZV2exSHqLM2f,4216
2bc8h1Eb3SrgdMvhSujwn1QMSjrUY8f1trdp8jgHR1er,4337
CwekBzAdWRY3bsb3yMB81JGYU4g3KovMgKTCAcGcrFJq,4219
H5kGqmbXrtQmML7RwmoisuuwzwpwErfiA8YRxQkTxNre,4338
CPU8C8mry3FZKnogDLuG1im9tKooNbaLa6HCiFTroWQK,4257
BQyYbiHbD5TvgEKfW577phGed7HWRdBQo15hrRmaDMF7,4367
4WcxETrBLxNixwkZ6D3fNtrma4K9oy57QwL2gjGcb131,4341
H3obGNe4pG27wfkzV5HzPju2V5Sj9oxFtKMUSh8Uqmmi,4224
Fsj8Z4XJs3Y4reYwWXqt186kkqAGBbtpNjbqkeYgrqCB,4245
3DSnfByLUgF45gDUKegkDwj8ghN86tqCWZqNBBRB1c9q,4193
25HjrZuw1Nstok32bcaiRY2ag32KFdArciHm25U2pK8q,4347
8CHiDA2RBv2P9XVaVhWcjyFooQpRsYGedHVGpsVwEDtV,4259
G6pMarJVRKHxbWbeu5H1vp4tA7hMwPgoymYQ5GgSAoRT,4343
7qsD9SUHyPPYfpguCpk9N1jbN7vq2wYz4QFpoAhr6j2q,4322
H4zdzvL96zo1xDcS1XFCGq7QfS7t4XvaRAvuWk93m6QG,4353
DUZN9jrzYuLDT9JDpE6qhAbm8Z1QjgmvMCLvoSYQhwpW,4325
GUD2384fmeK9wmGTTDevrqrxRiRFZrtCbGbDnx7K1UGc,4200
D5XRE9Rchg7yVFmHBrXmMfXzW1onunUicnxyzozS9CYU,4239
8pjRgqUwFRARivttJ7nhahmf8pwEJLobmAawt5Qj7U3m,4382
2jiHpkzcQyukCmeMrFpnLAYFjpFUJrXT5Y3sLVEdn938,4357
6wznx9BDUQ4XZsWVWiAo3RphFEtURogFBNLF9FQGdQG6,4244
GdhzUDWboKhEroPifQypZYNXt9QJYtyd6cGZ4h4rjhk4,4261
5TXZHfJGVXNCg2j5d6Fy8DhtKMncerSrgTycXD84PAo9,4330
4xyqxTbwx9zN4W7jCV3NgAwmcLWqBM7h1cR3E93sXvdD,4277
8H1rcaDr2fRLey6yvbC2J7LcUYiJgmzCBDxwqnyJHDBY,4270
3qoVjkiVDjCbxkrFhE2dyq7h2i8d6F3XnA43VSRbqFWf,4368
HNVg9nx9pCrz2N8YoFUrHzcj6ojBLF8oPcgjpBua6xEW,4366
DbcCzueWjRmtvQgqS2FsLecRxUCVBPRpxBHjLMsPeUre,4282
8nmFMiLFj8wvFzALj99EqFA5CJcMnxQHvJwzrV1Wgge,4326
8aG7Tx28Ne4caddf11xR59NW6EiYESoUARtJnT7M7iyE,4271
BXJ8dRt5EKoqN1LAJb2fcEkANVSMRWYqUJtnPr44EqJc,4370
EhV3nZZurrfzS1oW98VEcMKqZPcQpuExKyEH49QA6XCk,4364
93LE2GXNe6bazDBuxTpvAkaTJzeXKpmHXwdSyKcNX4zZ,4288
BMRh856mVAVt7NHc9k7DhjtCAp5BPW5kE2bHJWuVJtbq,4370
GwVtKABTcfEV6T1HEbHU5K4rVAp3mmb7ZFuc4fKcBKY9,4276
A6J1sJRfw9V8vQ3AtnGJU1xsnvXkEUvTobjUpyXPWeuD,4373
H3W45cQDFMDvGF771ZmNz2ZVKRADZstjUbysud42tGPv,4373
2TJHUcu263in788z8BSNPM78p5txJraDiUrF8pxgzdg9,4272
6f2REFGkvMYgu9Fhkvaqpby4cKwFzrr6Rwq5XMtaCV3u,4395
32d2yB1iLaY62pPHrJn9Shb8r6XHaqnkgjSpr6Qn1Pk6,4374
FptFmgAXGDWuqH6S2fDRBPayzQVYJxpoRnxmP93NKJMC,4358
2EQtHR7ThvYMmqVcZQNBNtym5U6R4Yotee3rMoToGTU1,4373
5Wwh5qQgzKR86xfFNZ1DTzUMd2g4gJKGrhMVYi6m81bF,4260
AMp1KYoxNszLQG83b3oJWpnEoH4CKp7GYuuVZiqPnfg1,4224
9Ky77YcuZhxifihNut8Nq15gykftPD9AN9Y65Hs1qjvx,4224
B3hpGm9UtLmrFDXRr56WCgdo48Bk3cxiB7CjHaQzTQka,4288
AhUPZvqKHYBvsiixZUdRo2upq9L7wpd1szVyfJ24J8Qo,4278
RczVHQGgVmsRj2y8ZRrZnEbmJzjXwj4FJasaHjULrQZ,4362
2Wpj9dLKHAx2gTBa4QU3AmeSxLgJmjcGaFg2GuEascGR,4265
6NjzpFeDvCsEixSVCFEnBEU1M9xiS68zHJrmy1JDGFCh,4404
C9LVaG9GBzW892kHMaH4vyK2VtTvNNm1zyUE4wtcNHHg,4377
8E6DzZ4BuJAjQktYzSpNY5qA31segdHkyzw6rv9G3Gj7,4242
B3TEE2f5ibmfxdTdDckKbeYrjDM7NwDV7cBEXzTe82K,4266
8qozg5QsKVWehgy38djUsga3SGGu57iRD8ALGxGP4sky,4381
HrN6LRhUz3YtWNJuKLAvFi6t5FgiRWcyStspPP4p38m8,4277
6v6YPiRr45t9gsWGqxGQzs4DYcub3BA5vo3e14MjfKxx,4296
D45rpwj8jZKkPi67gTqUcNs3rW3uQMS9pFfQpmdshJj2,4395
FThfdf3xHhac5YS4CAxXurKvktALPpYjwVteQA6f38dg,4311
2GsKGTXknaXfMFDq4eJmkLZWw914uJx6QwpcL3qHLjFj,4391
C66LtqS6UcPUKTQPVVL7Kq6A6sbhJZrfCZoJvRJJ93Ed,4281
CNfA1465EYUoShJjbK8WhNMcb2wqk4bCmz4aioYkouo7,4296
8ahvXZWZEw2AUJa984QtqXKpzKJgtTwUpJjVEvuQ37nv,4295
8dfDxhdunkc89NgiKPhwCYLaEHQSi2c3zr9vZx5zVvq8,4281
CjkkpLxAACj764Fn3xzxXY9brSrNDnSKcQhaUQ3xDxuR,4296
GvUGa5nExR9qPwjWDj7Z2VKhfNPuXYAS8JhtyTS9WeQ4,4395
3hn5TdPouLAWBi5XAZ4BSmSKWD5tenE5ro5pTHBm2Hk5,4396
6Dc75bhW3p8Zj4LMi3hwmhYUngLzDim7F3ztddG1pWku,4277
8uVmkVviMsFQ6qa5x4nRYVdMAoXsapLrE97eWV8pdSHb,4305
9QpsBvFqQ4aVMR1Ruo1Za7APZLauxrLYsUXYL5RKMDLC,4298
8LFDrbdHjNDo53fSDDfbqQEz8gKGb9v6haGXPRDUDaDu,4388
5Y2cq2U3AC9p1G1YaoKuFuWGHkjiRxKfvsnF4VPNfN8w,4280
7vZaDfwKi43gQuDADqg6FWwhAyKVuzoWTAhRufXT8tqV,4310
8M3CxD37NEbDKKpzRAaG3xQBWaN3Gux7fFdo5Vj1j3Zc,4394
8MXBw4FJ6Gw9g65vstXSyo1Ta1huiFNHo8DrC2zqTjof,4420
AxjDHmsmSC6jzzL8siAGES4K5trWXSPtWsDdoSJBep8u,4395
HnT5V7g7CktnLevv3ZLPvJzE4bYSgW7KtaDSu6HgzRhK,4388
38YBCYVxEtSJUkJo3miAi9PBrrXycHBhH4nJv76Pk2ZW,4256
5Pq7v7n3F2Q4TKcJT7X36odL2R1DATpxaBmqaAT5UAmu,4280
2gGrFsQcLfe9ZpxknWkig31WQF97SpUZfN9PmRTPYgh9,4311
8CC7nj23115e3RjNkr4jwA9Mp1E8UZtztM5o6aSVyXyF,4295
777xcosatATaPxk9jf2VA2WRLUkRDFSFXs5cpkx4Jqdo,4311
FtWjncyhfgAW6WGxHThYRH1c9cyp1TUpek9DJuvvK8FK,4379
spAN13kqPU5WMxmJe8zZJaQjTKEmbQbySLMAioxDuU1,4311
dD349TZfuDhzTc9sFQWoX2hpXydfyNZq4UZd8Mcd3ea,4389
Euwns3UW4Enwd1cJLSNRYsbg6jqwB3XuMeb5r1iNnNUb,4396
PhsorAMvjh2rDJ2oNYpfY8S4bjwguJSwmiHvuZrLDPk,4423
FYfp38xu46bWoy9XTQjxPPVV6VWg6Lp5ZCLJVUe22gCx,4298
DQMjY9629xa1cyDeoLRQwvgabdQGL2tC4G8H5B64TvrA,4313
G1NDRTcpFEmHgWXHjQQnaJmS4BYmPxaktGqo98dabQWV,4365
9zVAeyMTL1LetSqMe8ELV6rN6pVLAhAYGD3gSSkrwqmM,4389
8rCVq2bxrB7NraLXvUistZEE9JxY1EDtHWDkQGSj8G2S,4397
9jPrQNC9d3gLo1Cgeev11vr3Jaa4N8iym6NjryZyCG1N,4365
4zkZX4hVVtZ3gFSJi7EXiYFzXvUD5UNvFpb8HTs6u3To,4313
4Xt5edMLwqgvS9foSoJsz1EEtJKuPYe8GcJ87kc4xXHW,4396
87DJmn6NeEi82bzuWG7yFNdda7SwygWHcEg9ycgLP5Tx,4365
8uRWSLHiWPm2BmVHkCS6enrMwwuXR9HoZrMV8DDwCgMo,4398
2SqSUn7zu3RENuf2Xhfd3CBvrKQ3VrRNcB3Zxnte6f62,4297
Pp51DNGZZ656zzeXeRhrsdwYoHXwUZJBWi7VvnPSt6u,4422
3bBmKeE2hADYkVK32z9TKM3ZPF8EMXMkuKh4sBmrEXq7,4280
D5EMZb8n61nw51yv4qSXozvHvurEcDWUuRjYjnwS8ZCH,4396
2XhQPWbcDhmQjUTBCpM6KLdHHSJf7s9yroLit7skbgBC,4246
CZeCMRBZMeuSjFAKyBpay26XCgT6fMfEYhmwHGKbBDaX,4296
9JVZUa7Nw1UZRadneM97hN6qCRSyZmtZduoY5bBtaSui,4397
6ukMAv7Jfcgpyqr6DmpvjMT4xf2KgWxVjdLYRrJimYLj,4398
DMEHT7Csn5aXYaWRWMbPENS5bWSz61wcWqfEBoaUmCBD,4282
5FRDe1ud48me85VCweLajJQ1JTaXcFsToSqTSDrmpcnX,4398
6XKwUH6oJjv9116ovVHe5xiQ4tiQqTD4u8jjW1f52xSN,4287
G714caP7dnLUrwvunwGfoYYzx4hpsDgv9pKSdLnE5qCw,4403
HtjLNa1jhfR7xoC31w2QjG8PKo7hgyUYQAvRy6Zu3prg,4404
2kidXuSeRbxTPj9acwjroUPvs5YEJUpsMkfKoGcRMa9d,4319
6U7jzcsNvi2f2RSXuh4MCDfJBZhk1BmRUwYkixcmbx7U,4304
4NbLHHcbxxAychbo5ntuHZGLtigcwa6J36RZ2vf7BUA8,4403
92pq3yrogjRVSepaT58FdcwY66Ptapowh5afwxHd9Y6T,4307
GMZvFe7auwSniJYg1aiuCraV7oQPT6JvCjYKMEws9XRj,4305
FRJXD4B6FBFPcEk8ZTpKJV1Coz9ARJNhU9bZKTxNybuP,4404
BmaKxnhPKCEgK8uKPa5oQSaBuxjeSVC1aF4s5S6Nxq83,4405
3JQ1jGhBNZj2JBQc9bNqHWH2f5jhrgNw9XzTsHfLnooH,4304
ErTSZbCzyixTxgX5XHg7ThC5AbcjxaBisMT8QNSXaCsC,4427
HFxhDCfoVWN1KK7J3zuvJw1imLzHHFU87G7Q5kGP8JoP,4373
HgDyQA7J46Dpa1i1gVYtroQ59pkzQPLbphJdfJn8yS4X,4265
3a54Bug9HC2xvKVxbG1zxmaN9JApQu9PbANCEkhvkHWH,4404
6UMrZyAWQgngAzjxfbziLWxEfD4jETJmbjV12Wvi1D8D,4405
3MPEBnhDKe3DsDkFJm1tnvHwEX5Ta5AALck4hfM278zW,4398
8ez7jBrM13wAnzC5pu5bxiuqCRqexemSz19Sw38DXfMJ,4315
6YEwnGm9nHmWZ4bGgo3PvkSko9BGuRZkP3TCAnm3AhRt,4373
DQBJBaYbr3qWuCnJTGqXZN7oDimetuRLY2y9sYZPEgvn,4230
2pUuN8fYLfRVskLKYKadXV1vUe9sfF1uxDBQPK78PtVM,4310
3qJDBy6MZvr6YaSkbJitxm3HSqjWoJQH4KQpmaVxyhf1,4324
HGaY1krme6aURa94wt6qfLbkuAeHE3BXg7j8oGXDeQZR,4408
H7ETkULfp2xhMWT15AoEAMph1p4G9RhRF1acpmrNqt1e,4433
BWb7L5Ad9acbZo2SCMvcbRH3UTJca6DALt3ZiP9c3CQ5,4325
AMG5qfXLrDng7Un3gDSk5qn8yzjriTyBGYGBJD1Uu8YV,4408
GBNSTxRqdwFtW2YfPakDEUL6JSEPRMZLchKG7Piuvt6p,4409
Esj8c8i9eE7fBBhXTiRbfZJbyyyXL8XGKiVmPC2aDdYF,4435
YTYd98HNqemyJMjEtJSe4hayepRBUrw9QaVn6mBvmgF,4408
6oTVBBNLxWfbgUGfKrBJX8JmJN5DrNrNYvMym6UZk6TA,4407
mrisA6T51uysXYPk8R9fFVZWz78CyohXdSHmqMdtRqu,4318
FsHWzFJofjfkQRZTPT97ueaBwA8opycDuyryczYraRRa,4424
DDhuTwCbNF8tUQW2XC8gu93g17DkczmRJ3ELHcZzed4u,4297
5nqBD1PV5b2X5kq8RBx8m9snfYBueM2mbENAaLemo2XZ,4415
8hKySfMBLuPBdhqf9yVyGwt7Phi5QNF36X4uGU9NhERe,4414
6TsHtMKLdpAhuGewW7HBUK1WLVAJBZ9V5LGAzHg7Xscw,4415
Dkjyk6M25H62vBW2wWkZEiCm1TZNgvvhqZjNAvyWhko4,4407
38F8KumQ2Z619siZMwp2y5BrRi7UKYH8kKPR43v34J6j,4266
E4kT4yjvmeL2XgiSD28pkgfRV1J2YA7wdQRkU9BjvxPB,4276
F2nArcX1HAb6QjdrRqQ6M2KX438YiRpZuSmRmmiQw92h,4399
d1w3JbFKJZrWe2EYQMcznmVTbMEf5mUzzkyxWmGMgq9,4332
9uEsyWnv4M8EUd9ZBwu6wL6cDK3Z2BUT6qvBgrwCSdoB,4333
3B3WAhU6k4ZcUiFHbF4LttLLyYzBFsBcJb1ypdyHBgpg,4317
5V2ZAKhpSp8Xf1zpiVys87qpDUmiCfLqnNCFjtd9Fq6n,4260
7W1dZNP96Qunj6sEpnk4qeGX4tCerQuBsncLLyZXCwby,4422
4C3RaxQttsNEjm2mGkPnSv8P2uDA2PF6UY8fhdSfB2tp,4339
CKQymCbi9NKthjzShmUHKMK9p1y2sMPnUt3Foqxy44MP,4305
F74harNPvMRuh8i5Y7AMLQRQWcptCkzHR6wGpYykUHrR,4422
2sBVtQNxzqXi3o1GKuVj31jbhCLbUknitdBw7A7NotoP,4338
ZMc3RVTKX2gKKmK6cqp87mtA3zNJFQmzoFAW31GeW37,4284
HpLxKuhbNfisVSvXrRhtMMQXz64Vk2tkZn9Wj4DRVekE,4306
88i36Qz6eXYmnq3UqfyXeAcson3mPf5XaryhGxoH4Dbp,4415
8KMe5UZq2mjV7q22MzW4evmh7RaSJmBmKYty3rULiLsp,4344
DGQCPXCMtQkx2WguyrkUw3qLNoPvYGsenVfJf56PhKqL,4412
HxhqzHJkA3u7FnuHvpBM6qYZVHLbxRXyYhDKpizZxsFv,4428
7w4ECBeuGpJzojkb353zdmtnX4cLw5e3j6JzMme1i7Yq,4428
ATp8rCKbx59NeSG26pH9wNTFCSoBLnkQhHKxGQRXF6Nj,4279
7MTSYfMJRdS9Wvyn64nL93G8mDCe44RkKywNtN1bBKvq,4425
3VGRVpZrZXsaXLSd976ajbo1e2d2c8S4FwiMFRbtUm3T,4425
BBJZC694m1JCGV4sDkz9iymMcBgSesD9H3RYJXwSbH7B,4328
Av3VbrVpk4hrNyfHUadg5Fi8oh3otV6KX2pg2ZfwSP2m,4428
WuccMhJ9HzWEyKZcPv9AVj6WznwgZLoswrAX9PzxPqZ,4428
8Gzt7sUXyHLN4MLbWYPNjpPMAEeyVntvxbtv5oexbRSP,4332
97SXd3HosL6UWwWA3naBvzaRy54yKMqWaSqaMPbxGrbT,4278
61oGeEG6KKQVp5czS5nwPegFL9VYqhczvb5uGamTwzTM,4398
9pPxYwJt5mUrQwKE5M3gHTicuewBWbZ2RfPw1SVmkLak,4317
8tp7nuymtkv2wpP3KsCd2zxqEbHGYYAr8p5523bwBUat,4338
6PJSNyYQ43HefpgQTxxKw1m6ra5tALtS7Y7EBzzjcSEU,4322
7gxjstDJ6ukeF59EDMpDW689t5zXfnSSeF5De7VpKAec,4436
3NFFKUqcdnfpHLWMkXD511PAzm2uFaWGQUMeS5oh18i8,4352
8xeC4TzrrnH57dQJu3SCfKruqsSHXqnoUqThfzKqnePX,4337
28tdfU39LVW5mztrvcRjkeNWf9fy7RAwEuNDmgijGnG1,4429
7CMAQx2yW3re8zd8oQJ5peVrgk7UdpBKhXZ6nXfE2VRM,4459
E3DptJ9PigQvc1hMTNeqdYV2BVopgVFEr97ZZiQmtfGP,4436
DbiAx2wzpwSKrhxg6rQ1FJ7NFruZ6hfH542dYwARo1zN,4421
ERTQsdB29TkYoNe7wUVmGqDsxbE5E6kyQYyzSRCEJpd2,4281
HYYjmRUUYve8CvaSNUcNPX4udaiLQyA81Aj1YYGySTwU,4319
6pdmb9vdHB7GBMPCgRvmApJSRVfgFdV9DTRv5FxZ3qHj,4430
F8ufjHV6XiMD3zmqJWV64USHMQo3XaBZN2DFZXxV3Q8q,4405
4QuDkSbNUPH9fMFz3mQCbmrC3EuTfUQuDckreUZDnjX3,4437
FKan6QZWBSP2BTLoTYqPUZyS7eeCos5ocQmrzvqG38aH,4437
2J6nom2Q6LxzsQshUkungYCoxjCj2gBovoPprBqVWmES,4459
4262NyRLrgxZnbpr35YwCeohGfhdo2758VdiCgzG4Wrz,4320
DzQQBQr6MoPZG4C4DgbQS9pMH9xaBF5JwthXvjej9rWZ,4462
6C5yvS6EtE4tzm9b2Wsfw6bTLm9mREpNR6KBNUCzvU3M,4286
GtuPouULoAXovagN2uRTHwTfdkenJNgsr5CJz9VCvfQX,4436
Fmjy8XKzsHebMvXykbHnaY4uYPL3y4ZeNvE3N9nZ2QQu,4462
CCQNzERkC74Se3qzNLrkkv7ZvuhTJp4PCAcRUYziYg25,4437
5dFteJ31TG6sMZd4zqZWTPLnSgcDRH5Aufc3FadJX3Gg,4406
Fssn6pQR44DubPbRuTELdgXWqnRUTdFx6drvkjxUcgkL,4439
787QsUuyLQDJhKh9bPtpYitHCzQuBgBXDFiL4wLHYsRP,4338
6jqxaTH7Q9aivWoCrwc6u9RwzKX4foQqcgSDRKkRqEyv,4353
4CQ3BXDHvQ8dyPJKSufVxRwXYVMPHWcW1VfZjKm8sbH7,4438
56My9BfvYmugiPDNA2CNvdzpLzDTz4JMQza1Hu3E253p,4437
HioP87tPNoaVYyZqz7baSdNXPykhRgsugWYTAiBNB4MK,4339
Gp5LL6cPPkhpuRogEiCCD5EBFeg7uo6z3o96Yv8z8Ume,4437
HJ7wgaHVMaVrCnPFiEEK243gWhoXuAhEn4BRpMKS3pYX,4262
ypXKRtXgtt7hDVWjbu6oc4yBFRh3RoXkJbpGrE2Tixk,4410
993HYS59z3nAs6zc1rLBGCihw1syiEZPjonvesTFC15K,4441
5Y4VL2o8QmroPVaBpw8ZnYnSggHyRM6qvULmaZ4xeMJN,4335
HHrRNHkDkYPhiKrncz52B9qHmv2M5ECiTAjReJEfC4xP,4442
BKCQXtbzEtCFaFvXpAGHiEU8udkUgWaT5B2zSmmG8HMH,4438
DZUYBeC4HYpty1YtLXoq9GymX2FLPtJtjkyEDJZodP4e,4303
14LUCafhmabvE3n7Rd83bp7GyvoWnSvpUnBojwMKnh6d,4268
DAkVSYVcHNR6nZkUJevrzxCTUCHQYwDR8y8iETea2Vj7,4441
3TsS96zqGKnBpxG4SkiXeontxCQdCbG84j4bzBMjQtH4,4357
2R2uXkCCwyrcsoq5n7t5eai18hjh1AWiz3venXFvSYEc,4436
5MqT8Zv6HnLgbLPEEzfuXCt3qspC7QkSPFXTZiS7ArLT,4357
6HZARCotgjyXAZTtKVJKEqbZ18vBwt2ZDKfhU8coXxa9,4303
AvvrrGQT4SodMPc8efXuK5MzACDhD4LNosBFamwK5qDd,4268
FSBLdLCaihmQ3ruZLdgUMmvJDx8kKbcyF6kzPMSG3Tit,4456
83SA2JmsWfxtt4pdsjZGqnDaCNtHjQ9sZNe3gHNRQb4g,4446
ESz5b8ZCAZbHRMUxNhXmNkL5LQNJBoC6p2y5XSj718hk,4469
2UuUPm2wx8t6D2eqR31rVLj7dxWLeowXX5J92VKtTRsS,4307
ANx8ta99kD5j1T75xA7SSvWZG8LYFQGnbTLQuXEB6oqB,4447
GoGHqhL2myayLo1nqPBRjj2YHaUKxmtVc6ejgnfZiDUP,4432
Cn1PPkEh2ui7RZgNURHHyTYNo9J7TYw4sshjcziHwsqx,4349
BbFb4P8X6K55qZdHaRQUEFqCatzU4TxXKTSCyU7o1GUp,4407
8z21myStCxiUF6Z2C1rpN3MREMqSy4VhVfjtXfgKJkdS,4415
2dgaNXutn1dp6AQSCJxnik4eye2P1EbQdzzw9DbhAcXC,4447
D4Wjb9tAyLQnHZ2GDYYeGnjg3kPtVBbmubY2rhjVXFPa,4417
3xQ9EHaWdqhodVw9jnFQafJXGdxWorwYMiBTSfsGXFVa,4354
H2e4fZwtNwyCNRdxxMWC8xdRqRoRGGEPa5bSLmgzv2iM,4455
2fmg3TCxq7tteyNfcyDmM22LnrUkHpdaNLUjkdbbcRpy,4458
52VKGjF4RBZExscECmXzRf9fWgSYbQGHqMXbCR7j684L,4461
42GVbBVmRrFGeBtw2aKR2WEGVD9XdtE78hPueG3R1g9S,4362
DUQMuiXSZp7T87abiWgASVTeykT4yvyfdfpxWRmHsUH5,4462
4fSUxvhs5fQ4s2wLAxfYuGWz4KpKSy7QC61CafmT86F4,4308
CybynHu9R9FA9MqU6qPxttcQUyHTRyuaJM27wegoMuwB,4311
BfqQQiGKFFmfTa38vW7e2cABueWJA8kugUxMbCcFq77o,4328
3G3jJoMxTwrwpZj1yRL7ghseUqMTnjsc5QRZvBUPoJws,4465
58h96LPhtgexANtBVL49UkZ8fSWJ1z5GrpMTYv4xrMtA,4312
7acvmb3wAETrD9n2SKM3Bqd59izKfcQWMZ8pJkXBdoZ2,4314
5LG5HRUs53YeR29AkcTNhJ6yPgx1XArKGeRjkD7CRVT,4354
5qeZL26PQHeMwqE1VnWLwgcNMwvYa13meHN8ChQQTirB,4294
8hTeutxa6hso9hn76hZCmDZ38JwvcYCGT89wNqSaSCX2,4468
3VkFRm1ottjVmD4CFhqm8QJLzUCNMTDitiRSAcavjNRb,4329
72WgBU3qcYe3dyRa6LLzBXkT32xBLDBsFS7LTwJLn4Fc,4494
1345UTbhEENuwKGrMLUaTuhzuNxfeqJ2FBNbynWbptdc,4469
9i8tHCQZJYkSW7NyDQnhGHP4w1ir3zxw26kWvt8ywGoq,4384
DR66YWigcc9evtVtCe81Bn8SFcvwASbavcTv19R9WVoy,4355
ErHZY4Bedcj3ber4Lb29GG8C1ZyLmjvykTtGJAyodVt2,4468
AuyyN9gPFVSmheU4gcVhZBpmi6ZRg5eGhiE1CNMa6JnM,4468
J3Hf5YJ85pLCJPhgrtEiJESsTMgeygkgXMCqRFJyfxx8,4355
D2ABQpMG6FWERE7Hm2cseUuwCWiTsrVHLWuvwoCsxry7,4491
pJcRUZ5GMMwruUkTEEBvRsR2QvhSabZ3tAjQ3My13gZ,4385
D74XhoMtUXSeK6epvRh8tb4RbkSGXZMYUA9wJiPLxfGC,4313
217G9df1qFvq9ndD1Ru4GitRhMoeiaeysL4vsjFk9uAh,4469
CdZ4FiHohnFe2hKrFmwdfUmGjqznTWMorLACt9P15KWP,4372
AHHqLGHQNmYWD5PJ4JmvUqriFbfYiAjHjT1tsEJtV4eH,4469
6zXABeurYddD4s3N4PbLHDZeRA1UrShiaUHPq8V5fQeP,4387
7YuueDKgtFRoNmXJmkRhMf3LBGyXprF74Z3tL5tsBXgb,4364
6WR1YgV9EA2F1BNqnfnPn7NdScgmVE3Ch2nfk55uSySj,4317
Dh7sUFxV1ye7rj67NMxCFyTBNntENS8baJJqByKt8E5S,4465
4ddRByZhEHtYz8iuM91tK5otupy78TbjxbNXs8Z9b21k,4470
728bd1wwbN1ZFb2ipsVqizvYtmexQiiCGduvkZEE4PeG,4340
5t5WXprgTpCsEfyTALCzur3KTsfBemRVGrEz97znUXY6,4471
CbWsARrJ6L3oNhGtDJxdhFDNHBFhtiXayAUDddczJE7j,4471
B1YqkyLe87jT6ejoupHDBw9vSfTtiDLBDtStgBuCNNmh,4375
BuX37N2SoGjmFDJvzjFVC3SSon96q6dYDVRadvo4zofZ,4355
3iiwZe6NN699MHA5tZXnu3mgSJyk9EQi5DDvcb1DjPoN,4472
3Ezr2UzLBGmuTQd4EFhmWnsrngX3T1WsBkGY4t48npj7,4472
D61uPCb1vCaxJ8qTYWnz2nWR35v75BfSV6ZkFe7AU5kC,4469
Hs2YetFYiUPznLoGgCW6S48CJVnnHguMN3AhxrLZ3cG5,4475
GJgQMXP5mHr2MJXTvUbGtk3s6EG2GLtzXL6m3bxT3b6X,4392
nuw1MjKAhJeWoZAZimZFrbPwm8N3DTv5CKkToNZVvJR,4476
DThX3ciDLj4AQN6iDuPUJpdkyevLE7fnXhkEM7ZXSPQC,4501
8WuwmULmDmMnGf53BBtibGBQw2nH7Wb7YNPMY75gW3A1,4471
4Y3HU7Mzbe57AgwrPUgHhz8xpmUdWuGCMc9a8f4DK4Ma,4476
628NfzHXgBm8dvxVdCuwBNSasaNbmpQKcaFR5uKBRStD,4462
BE2gmJgVZZqfQngVwBtGXmXQQhB65MLg9j9PJzFDDMwc,4477
4RsPfsb3TZLvrRVnEhsMrzdRb2eqS5enDsHrh6jmxzab,4339
Bu77ejAnWaGKxWd9ecTLTQy9UDwisGtrieqkRPNhXvYh,4479
37uFWqQhLcvEJiZ8qqshATZt4QhAPzUC9KT1oGYsVb4J,4479
HBpe55g9dLaCFrwMcWLeYVqCkFx2JTut6DDLQnxbiag8,4395
2TfyfoWdpRdBHSGys3sHHGqqXhfMV9zGMrZgAGYdHexk,4479
4sjU48Hyvak5sExJDE972r5AxdAU2RukmyUsV1ceBL4a,4331
7eYP2opU5aYZyawajLcSnQ9bwaM2Xk3ZNogqRj1hcS5n,4477
ESMyeW7bu1rifHGFrBDz2bmVis3HXE9V5CBEcDHvaiAJ,4458
8JQJzstDz2f13FwtESDGoYb1e674Pq2HxzKeHNajSXf,4391
8ZX6pitDj263vmu1oDYs9wN58YaN7f5YFuCMDXhnCQM,4458
3QJjrKWQzMDisRQ786sXKu3RwB5MnTrmj3So139vHqB4,4474
A6eE715KuEjn89mNWn27dXWJMhNAQG1mEkTx8QEaz34V,4373
EU45E9LFH8atsdXGp8uLrCiehCHemst1azsBL2H5HL5,4340
4Nezgo8aSZKLcZsotjDrJzoHmMR6DfMAfR3Qf6HyMSUo,4335
5L23KuRMFu1HEYHTf7p93MbVhJ4ZroNXvArgUaGrE2BZ,4489
AwQdtDRMR2KsRv3ZgjZ4kGWfUe1APTSfahRYygvySs97,4372
G9AbehyCTXmJb7rcJPwQ2wtCufwYfQes8ek9ywGkmSU7,4339
9qLrxeyzMxkjxWQRSxXnY9745x69KE2R3ox6bc21EdHj,4482
FDLVMautbeeFJSaCR1hU2VxkapGjfjVC8FGvDTaceShd,4335
EjpNfFoAMeBgL93cwKgwhM7QhLLavAzszm9Smch9gCjz,4489
FyTRfcST9V1KboBMtuWEmbEw37tGVTyTLsLA1JPgq9yu,4490
GWeuqyo5kP2ZBhDvPjPKm5kWKWQwU9dRw3HhE2Ju6CvS,4356
C1EyjCbGzh8TtRE39SxQYHjKgfuAK4ud85ejBWiSPTik,4373
FfJoLSCDy7eb4MBskpd2qvRbECTdpB7saG4sG49YHmwv,4460
CcEdJk6weQ5CjuFmAutJ1KvffnoEexheGsko16SDzV4R,4375
4X2CcVDBQRULmgfepHWdKAdR2ob29fwb58tJKynHYDHH,4488
ArvoYJ1TMktGh38GdQqL4KmiE13qnd28mRYAstTZACs6,4336
G3dZvr85KFD6efwCUXnVPnQCC75AvdiV97PS6UuBCD9N,4490
EWXZBJbs1rLAi3iZfs2XBTFEEduo7LaQWZSJo2pXzsYM,4406
6EvCMFhTN6qVQNb4YmVoaefBiDwirX7RqhwdLtrtRqcS,4392
F6V4sXTj9BqwvYSbgWZLvtNGLmwX5CPqWvrXuuxRc7hS,4459
ALvhexVZyQgqwdAPFqhT81646U2VKL2jtfkrPWbL5Sw3,4483
2J1jWUzo4iUVBtYqZqmbAoeErkXeMnt64hGZxx9V9Rpz,4490
278ge3vV7hqBQujLpVyUrU8x9Ua4WdezwbdaNXaGvrgj,4374
5cSUbSkcePYPqJA5jntdsqBMHbrpxd9Dq1W43cBtqgo5,4485
HVSeYd8VStrfv1EKf6dSf2m73L51Kx9BFxjLqw3sbfGL,4335
HiKExTN1dpSsvxsyPSjeVcc6W6Xkx2BgRynz9pnR5EB7,4491
CauQzUFN8JTYBWxQVN37x9DGiCzWdQNU7aLGGUBeShGL,4491
Eb8AQ8ZA3FjtCpD8P5Ls8wTghhiddvtCzZsZFxUg1oWH,4374
2fw7SvFr3NGjMSFMWAVDTaQpeZosp8aqwKJAVp8vXCxP,4490
8Spe1WmKKVshQGsqGiJM4wEL4JKoCjs9HNgrbuDvYkCA,4493
47YSZXs27zcLPxqbp7zynz3XcT1PGDkWXVUmiApnpxeP,4493
FGs9XE8e1tguyubzNMeDCfkFDTtzLR5TCQYwjQfpiQx1,4394
45FQ3fq6Pt7icV25k62aZVdkFBtZBheS6WZMQRsU8C7s,4499
EPKTgAsmUaTNE2hK4jCwvkadYKkDCfmeP2N36ANLURiZ,4500
2gReDB1aLMhUQp9xybY8rhoq5dPGXVB93NQ7HKBf72jC,4500
3bGrWTa9Z7rLopGCyfMG4EPBqGWjaSEXmRqqaJ3cPCTE,4494
GYVBhytKAn3ufsL1fFgjLigYShNGfcSzXPzeEtTz4sYy,4486
3F2Afhpkv97Y8xiS6RCzeDE3GQoPG8KZnJmpDXbAzZCj,4527
HJtSXR2DLoa99PeLMGZaPhi2EHqbdCtL68gwBrH6bmjW,4348
HMkUALfbHuSKo22d68GiSs7yceikiwM4yZK2VRkpX6aA,4420
64V8ALSsXfrYVMV2yKnfpFMTyhxu6Sa79XGahFcAr4TM,4362
BJBYzRJWMcf2TfxCcv6uqvFMUj8deEf1dCUC46ByBMJz,4510
3SeThSjL8ditsaSA44wLen9yWqPMrYGGzshKezB3Lsqj,4511
6kE2JLZNozdF9RVabynX3K8ncEhfm4tv8LuTu1vZVXpU,4413
5dHWjRSsxYx7vvqoHZ2umuyyKEMcGbfsRLs1aAQEyva2,4516
4NTtueEW8cB498VWM4yCXosLzqS7XYcNXjh3GnzRjiyT,4517
A9kt9VTayrYASwbPpMJM2UQPLKz9Z7du86s5r655aEtG,4400
EzwbCCdJKurbQqdbJdHesXXf7L4M3EaFNdpPK8Veo9vV,4520
5ckX5eTJz1FpjwNxWeSP9aTgb6zw6zarHaQdnLf5ikwP,4523
EzRKFqUXmiuPz8MTpxcoMpqjeUbPEDDZ1e33GoQ7mLbA,4426
7X8N9tdDXeUWHtcezkL8ttGbtWkTH36yD9qLFr87xK8g,4525
6iPThXRqyajYmv6ZNEWmJXN2xucMsWwFjUxMhpUDzkAu,4528
7LCL7z3sui9UxYg2QiFx7sfeZGGNs9d4ARyCbxt5QiqG,4409
BFqmJgb8MF3ZeJc7RHKrdLYvcJWA7bbDBoLjEz1UUeKV,4410
4iLex3pXu6MgvpABkLsHPRdCtPsBrudZ5BmZxs3Xoq6X,4436
FAYLsK2Uy8zECHjQqgUFEbLCkUCuuDPfcqfphqev4zGN,4561
B5EHSrj4BEagv5Q9YpqxRhDqSRYkfGEJuZMSHLANeKxT,4533
4N89Dr7sbfNrUipAMoBurFC9nLSWmh9HP34muLkEEeR8,4454
6mKZErMMzYiy4c5JfERRzTiM9jM1AiCyqvNMh5VMFYF7,4540
EY77FC9XVn5PbybcFJa6pGTqCeJKCEcADzVXW4kVbAqk,4540
8irdnd3VxPpxoJcY4apGtFt8hf7fwVS4oV7icjjBZV4k,4539
EyprZxYWYuD4eygLUqSYtLkB4fx1tU7u9W8qd9k3row3,4537
3f3TCT26WQWBPkSeK1JeryNmjCbEMsm42vYQWqXjs98P,4457
Biir3XnvZDfgieb8viBqR4DgzHfh4yHr7P6K3gAopgJA,4440
91Lb7qxRmRsXfTytGGcXWdSsLSvqBsNNbfD54mg7YHiq,4459
DmDe5nkmudTDm516SNoqmkrPEqmPpyCPw6JauVvtADcP,4539
6N46vMr1DQdpm32TV3gzp3vDS5f32ffPCRb9y63gQcJz,4543
4rWWmKVAfpDovkxQLmyAqyR8qD6KXgNsxsm4BoqzuozT,4431
Etmbhn6m6sR5uU4gutVTs3hMMzGjm6WJcRbMBDzvAunH,4543
CKdjhhP1aBzMwDDEZVPUK62KhaenRcr9HLjt83cys8qj,4528
8iVRgzbopws1d9dMxFVEmAzQUQfd6QqCYugJffDREf7t,4389
Grr7vpGr3bzc9URxnSJ9UwZfVteTKjViJ4aodjrDruXb,4379
E35yG8rdEbiGyYcc8fL46RcB9o8MyegMJP4sdN6vtQJ7,4546
8A5YV3roBwqRjpymJ5qqjF3vuYiwxMhVDxKGvHnWVsEo,4542
51eGQ4cDWCntnAC9BcUd7kc8sJfig9hTpMZQTbs2Jr8K,4538
DerjhmokLDp3yGv3eXVMrtC82q5cBsDZAm45G64tzLQb,4547
3QFYvh5GSVsB8wXXm9rVYXuX7RgodeZwf4Bdx6e7oJ5Q,4546
6SxH44CPdwMK4PCXjxNhysTch2JErQYeA4WpFDyBFc6n,4548
2WXMoM6V79JfAJoPAvMVHVCET2DuaPgPveWzHYWRM66a,4409
35z53D7nnZno5PX9Ps1tEBXGVgXDmtCxGFv1q5JvE9Ya,4463
FdAu8U6DCYGp5vnTEC1R332A1uGF4Q2qbCYehJhN6Bo8,4433
FgcBjvHhTgBL4pba2TH7WrVVN35TRAc2HZbd4r96LS5X,4520
6FLom8WCC98bmf5nZzB2pF6No6ir2mnhXMKsSCucGbpf,4397
DmxyAjQh8vvD3yzRJFFtZ6GmsM7ALT4FZQijsdACmBHt,4453
QHPmN2qdDy9pBHWU5KXbrFGYBXQTTL16tcWJ9mZrdpU,4409
Ek4LsuB4W9SqspQpt3uMTyZVEjVkAsSwNCQ9PVhhe2p5,4426
BcPqaWh3re9aJjfyZkYhShTa8t5KydB2bSFUmeMraNPn,4559
8V22DTU3h75BCzmx4H241hidifU5MMAeaE1rwMPxnYcu,4560
2oPCo6LsVByFiSaZHN81Jvq2RW5bQHa8oJwcapemSRo8,4561
HSccKc3ivKXQgMRQx7Uh4hYZg6A2ESqbTy7uUzkdwtgD,4423
EpqZQGCE4fUWAL5m5pWPjAUgccN4MCXBTyCSVVDVkBvb,4565
GawVgF76iwGZzHENxYomqXse4atYeGgBgKscjnGNDTH6,4565
7im5H1ZzdXFR1YWA4afLiWJ3qa4GTfwHGmB6oLN6eNFS,4567
2onBD1HTZ5tevYMepZNZSzs5ExCoPAri2F7Y4SmThqTa,4468
55oDakjc4dyWNpvUoLzgtcUCg9A1mWhMAYMW2mDf4sYd,4566
DVabF623kXQpYBLkm63kRpkEj8La9ccWHR31bVEfCJx7,4535
3DAp9LJMXYxgmz2CiZ1xDEg5FFCxt4acvihXBzFQq4c7,4427
AKZXXKS4JZ3ojj9icZw4v79MJ2YchcLupDg2vMCW4wZS,4566
9T5QM6jQdi9fjXfi1ZZWBeaCG7D55x5WeecxWfFATXoX,4565
C7Jz4XVwHTiQMYM9x8tnHZuHMF7KSAdp43Y1AWXSJdpg,4565
9Gbwc3tFzG9K6wPNHto5biV9K2SJWNJ2x6FabJ5B1jtw,4569
4U2t8hhYxnEdB5rQEbteRgSVn8XT6kv7TxC79cPCyTQa,4568
GbgvVBof17D3ivT4BJPp1w4y7B2RQeQwhWk19t8RyKEh,4455
76o8Vo22ZTXtewYKouh2sgMjvRXgpseFMjYzVojBuQoK,4568
64tKCR9dyuE93Zfg8PWYYMjGab199edDKN2X8D8vKCiF,4569
DemLvD9smeeRnHuRdCMqLZGCRtS7v8q9dTcbRmqLjEvg,4475
2AcRRe1wnuLtoAmhDkssBAtys36C5YUanuU6EDgsEzqf,4569
CGjqPKhuR4AuvSRdjsXjGXqt6vVyGbwcuwhbzBEEE5Q5,4543
LakoZvk9YKzjcdHnAdakPhh8wDQnccBqb2eEqS32axo,4567
DWrDhAEWUBacHLDhupzSTnAB4rXQjFsp2QnCmkaWLKBE,4574
EmKvWMKD5PCLXSivWeayyaufKxJrT5BEMDzVbowp57Wb,4485
4U8BGibXngVTtUzzLyDhGkyERXvjM7GTRd9ixiNzBACi,4416
BCja85y2bJBy44jP7XhFp7UCY5UfhQJ1RqPc8DUyjwmM,4492
2VLmSbbNRHWWcxPnm3W6taM6HgYHCwbfdV91dX6V1tSg,4585
BE6YvJSeHcToZPWDMAVd1ykKT8oU7VgRXF41wcfqWKuP,4575
3WBVwcC4P6vTdP5SQ2PaA2BXMF4geExHnV62LuhRAVst,4567
9wQbndYfsYBZEETJ9aX8avrakkKCTNmpenPuToWewr5k,4544
2igNobRa4T6GD8p7oNevJWDEgeU2vGZgZhRVz5WhsBc2,4571
3eX6ddKmqSnAF2YNs2apiktHuqPr25hJzBYqPREFfjJY,4437
C5crkUqx9iZmMGu5dysybEbhci1NQj21GKSna4PZrM97,4476
7DJjLdoni5xZchYpg3kDn1hGRECUoiZrf5gudwd8odVv,4493
4D8kpY12M8bKSCdALQXACJYDzPW4RL7HHgUUgbG9h9Gm,4493
Ejwcs76Z7S927MN7T2vvgke65RH2sJdqf2wM4nMLowpt,4601
RR2GBpqXai8nkzXpghwsCSE1irzpz7qUPfPmqrK4cNj,4576
CeBHihYbeatdUX1gbe1xw2cnK6eNNpb3oSthfCspxQuZ,4576
6adokDqGUD6FjptHUU7R4HmG81exXxCmvJV1vQ6vR3CR,4578
DPovFim6o4pkM8S75gGt7exQ1aM6WCoDThtwEkSoB6f1,4441
3z26XMYsfQ2jkcW8Y5zxgSbLLy61yrpSjo6EQTaaj5fM,4582
5MwZtbtu9MHVbxkv1zsvGM93RpfTMhCqwaa9r6iNgwo3,4564
ASLtnieGVHfGGM87oRt514TVHFZf5d38tEzgcoPaNMWE,4580
GDeActwFZwAdCjZWibLUCfmiQKLmeu92up3VCvM2APho,4580
Dj3yiJKHt1shg5zFhTiNkWKqUCRNLEfe7QhadMURojRd,4580
HKHEs7hYrmUCN4UD5JNg2HRcMzE2KBiu4t74RpE8THe5,4588
8Gpw9etgTd2JKr7qvCk2LSPpq2pDpJvgxjQAMs9BHecm,4475
HSHkhic65nf7i9Y6tK72YvXp4wkFKibZ8PxRNXUDymdS,4588
2acy7cEqesPY9Em7ZyqjyNu88p7NCsy2nbhevkagBqHt,4499
79UN6FHdvxFYGt8hNay8CnR9155v2KfrdLq6m5Bbsgfm,4436
FigkZnRHmpqFSGDHmXBYWgD5qXHuzeqUAAkNordMC1Q3,4588
9VSjTpPq7B24SWsucbAwGwsc5xhctt9L9ozDpW7UayKQ,4506
4MF4gAk8yDdo7qVapcG2UfhxbLXoD8TegKCnPoQLHaM5,4471
6mxHHjG1kfi7Sg88FUJdbiVN681chEAWvPL5pmxjJCmY,4478
22ThuVLgnSL7ab6cZJdHTLPm4t6Kdjj2eCEFrfqsFLwL,4595
EPAUEDymieoECj44VsHxXigukLbKtStV4i4YRDkhF3z6,4595
HAC7CHKCTyGxEzbh3yyC7rpNPa38giZ11o4RjsB9XEaV,4511
8Trgf99xxbmuBEfkFxHyB6HDeY1je2whDT3h7hTfZMbf,4595
GAxF1wUpk7gNQD8rQYKzCifwxaMT8i5HYzym6HYHfEMh,4595
9jsVfzh387Qfnf8K17vEtcdGRPD9bDKYXrEHvYpbqNX,4481
GcSKtPtK1GGjx6nnnayFXbCNLYv1kRX18dzvAMb6vV1v,4621
8EYXb62f3TMQhKHprTNfmdNDnE4HxQafdn6FH5vdD19L,4456
8JdJMNtn2xnyLFPa8FNa1KyhHwEJ3g8Ljway4vopKJDD,4481
6Npj3xktD8v9gfughDTjgCW2oUBQrt1HWjjXMiLnz26h,4595
D6KoFGzxKdMAVjn16MiW2DjnsgSNZso3egT7jnF723Dn,4496
5HdfxhFgRzPb1PGRm4dz1PEhpjQcM9wNSrFqmUfpV4wK,4595
4x6nrWBwyVZTbdHeXS6cjUBvEg5ph1Dmr6RTuir7Le6f,4441
36CzqV53gVow7qrheksN3Qu7M9LYvLLHHhX8SsJG1vo1,4478
paBDCHXQVN2BCahE2S4siY3HDwVx3WkNKKR8vA7oyJr,4498
9DvRxRLqigH1tT34ewxAfbMeY7oczHXLRZdMVXz5G3WR,4457
77SEZGTSovoiH2Z91VxWHB2nCEqG6rt3MZ6GXgePy5ZM,4512
G9c8PEgWm18BxT3jaaQSe3bk3JEncKJDmCP8K6yYBQVj,4513
3FFd8jNPNkCKuU6gwyy5S5EbLyC8CE8oYwuNE3kYfwrn,4457
GsDPAf3zZDkdA2gstvEmfRsKXTKe3HEHk1jWtysRNBPx,4597
3sBr2BA7CbF2FN1NF42mJVyCZTyNFDPKMy1vmhMyYPH2,4596
CT8rrArhu1XWiQddaDVRsEZJfMjFAN7RLLtzeHzurssv,4597
8sJM8ZU6uPtdH2ccivNkcQCB9d9tgTmi31V2qHT2foKy,4465
G2pUtUt3AMwSUyqqDNVs3ZRM61jze9EYgE2uJoNpovnN,4479
8gp2ggz1ouuQpEKRGmDpMMibC4Tb3jet7kFGzQN3Etca,4461
ExUHQnusJ2dex5qTDgjruffd44SHAeK6xDcrJK8a9yCK,4499
CJ9MBCvjhbKVJMDZeD89o3Fsv2XrYoR349oH5KoPd43r,4596
CXrbPvy3JAsEb8RiEGjBts29RXxKmQey8Ku7JzEqLvAh,4597
AA8aHccaynPt9MkZPigV7P3qiehTBobEFNEyTGU5c92K,4499
GUAwH1kcvJixQKUDWK9r9th3Lma744RYMZdHQh9CLg5x,4480
EWmzKE3iDk6EetiL1oPdWumTYvf6EZ2WmfddpbtyPGTE,4623
64W2v6zb14zcHFPKNJQuqxxEyWkjjTE2aMCN4W3uMBpk,4482
3Q98rpzzB1S3GzEf4tMqGGY1sjSuPwCnnagLyodvwLPJ,4598
8GgGmh4BcXaG6HibkvdpJt2ZnKzARgV48QV15ueZo5pm,4607
ACQBGVr6Zt8JhbGej2SADUMch28Rsq2X9Wv92NxjAGeR,4442
7g3ny4xMJ2bZ44Y6B3KELK2txRpMPYFYTYM54McRetBX,4608
CagVc2gtyJHASN7oYhGCP9qV2v1JUqjB4n5y8JzDir7g,4608
G6pLkCFrDP7zxjT38bkEMDdU3kMLrjCDS57y6ne82N2g,4457
5ybLajdCz67xtFK7zMb54JPcBmtwhVD4o4BKpw5VfY6k,4519
EYqFUtavp2SeyqrUY9pTeiDPU77wRgvWJEMMttgiWmpY,4526
9DGut7mVt2S5VWPLocKFRD3y2JwNmVodCri9UbFYbRtQ,4610
FAojs7c6wfCXbRrfcdADvJkN5VdG1VKxDvchQNjNqaqy,4609
9yGY2cP6vZJDeNreg8a749eSVaSqzMpgBxCedXq1F93o,4608
EF9RdQpwVw9qbUuquZ3xbSncLkVxMWN7fqSRJHFBSTkV,4578
8QvrQSjuBiKkP2wnuNGsEj85hjWeM4PLJFxPoQs6cdjm,4608
9ffkuEeACEtQVDgYJgV263yJpW66QhN9A8CD6LEv1ET3,4608
AbGHPJHVBQTuuKEVopzCfuuhhx9cdoiaFWmb1WBpffS2,4524
3zqT3u6AhSgCPeqFq3rKWCvxJUPAbfd6Nzvjv8PpVpfA,4609
7dTT2oUTUd6ctne1xdSGy68UoHBt6ycm9YvrcAFkFuFP,4603
EnLB2gHJGH76eHh3JpGL8u4Hr3nxGvdcLwevAr8uNJXk,4608
AJzWUA91A1S46YVusTQG7HG5kE78FZtQdbdE1XKdYyza,4609
4tPr99565Lx5BWcksaZC9Da8Br2qVcJSDRy9fbtgZj8V,4608
5vELWJ6BQqXpZ2URSvjsv3jYsKS2F94xoY25qrwp7h9X,4619
FBZ7YCbBJoHE7Z6Ys37bRH5VZgLFcpkhazbaT443G1MU,4619
ASbmNJY7L3sUse9eytSK8f2W1P57etN9U4QqNkgKei7X,4495
8gdGGyXAPHyTFJQf4QtQ3TrqwNgRVrzcQ9nj6JWVxr4n,4615
J5dxeGQRVj5yoRJn4UYf4AXw1PqNSLTB9Bkin1kaxa1,4616
ETPZoiB716TUhrzpPhYHecZ9VRyaY3G5dmU2mCQ4Pz4n,4465
947MaaaUA77hwhUHp4fkZB3DKr38aQaFRK7G77PAKkFq,4615
AHtqwwVbBxLBqXJvyRozf2PZLMzRLkT6wHXYZ7mmfHgy,4468
5FZSA5cgHCUT49v6D5UXaMNce9noyxYwe9qtu3ojC96s,4490
H2CEhJTnTEMHsnGovh8e4pnNcrknfmDtLjvsVkTACgE8,4487
HovEgXtjr4UYrsC8d4pjcmCyeBERxYnwbtcUwpRt7geX,4511
5gHqH4htssbbLMHEy99VU1JVHesMSRhhgJU8MLsS799M,4627
BGpieXFC9NPEtjdoQrTWX5wR2GB5kkUdvGeWtJ1RSH37,4529
BspPtMYckTUb4sYdPRvZodfL8j8YSCE3FHuFsALX3Mh9,4527
73pieo42dxAppD3veppDAT5ZbUCon16SUMW4TUHKqBj3,4472
AZLJ9XSensFeTdwsaAtVBs3foZeRBGdffJ7iG8tmywZ5,4638
Bfn9WVR7i21oiQXfNAghXjyKCF6aovSwFoB3kbpNmgPF,4665
PFeV7VYr6UTRMtZfviGe5rPkm1RdPbvkvxrWzsfNFbQ,4486
CFSMQBx5AW6537QbKoWjLNhyCT2VrAC9CnZhgvhJTvRg,4543
BFTTa16oWRoVpa2rvBK9TQ87jLXoKkphsHxQcjWRzDzE,4522
W4EwFyRckX2MVxZByWbgvpAhTJZ8qDMUZ7A5sEm1ubg,4639
ETheJSyQ8n9CmmpirvmwCsT26dJ2cgZRgXUx9zRS85x9,4639
5ga59fG6McP69y9gXbRL7tziCeCqKRQCwzzKYamdUYQg,4540
88R69KAq9wCk8auQ4pubD1omGSiJM4gTFzAkwJGsC4hE,4555
ikJ2n5r6Qu8XyCggnrRyibgo1dx8zY4HLBsmbtP7PJ3,4556
B8oDUBJocAv2mYxzGmtp2WMJMzV6VP6qppRKn2bT6uTj,4501
JHjMck599gDszuAp383EzmcgA8wjzEcsJATVRJMUsFX,4497
81jnsk1yt8aCVSQXKuzyKV1s5H9Tv4wypCNbwzAbmNcu,4657
4jz1edXu98mnJfma1Rqnkah1PxnM8B6JcVmnoQY8szvC,4650
5tPU5NzRA7E4tF83JijoSjeNRCoXKoZ5p16EQUy2QHvc,4641
EXKZ9gUJjUQb86j7Ji7MTVj4whYt2jPWSs4uuuKneY5s,4552
9u7SmQGKCqBYEemYMpUMSXfUR94vT2AzYR6KHAR94RnS,4672
Hh5E3YUMNMKBVrBCHj9ufb95AhG3kgtS1ZDYerTsEt5i,4584
w8arsYTJw3vvksYjvAAK31oRPC38HUukZQgnG2Qz1Ja,4584
9FdefTF6DcuASDrCwhbEcoekJC61g1bvHE2HZcMtBgEg,4576
mJBSLkVaPAVXXfMscMK1QwykWiB6JtyTPjvnGaq7CtP,4616
7TUGwgLnxiwpdH3bhjmLbWidYQ1MJNwwgnWztVkTrZGv,4587
5wrXdQsN4s1w44DsBAfDHYYBY37vEDGR4ZmudMMAn6LT,4711
7d1qu55YhTRKsQeq1qYecyoqhpuM6wmdA45VJW6poyYP,4593
E7JsCLPkX1iho9TYUbCNMXzSADq5zTuwx9vgqskppZit,4591
DdnKFMJ9gWo3hzmGjZKoDywGcvoQsxe7fShp8BDvxKpX,4591
Aimv4xAVmJbpFZKVM27uwVoAnfLs2zFcS68gKPqbEzj5,4589
FwFisADzU8jw6M9qpJUu26ZLengxw7zvUTfoMSfWKN74,4615
9qfHrfschE53cSSiMGmQBzh4shx2y1vJkzCvQ16pQX1P,4714
BtcNPJEkaQ2Xxku2NpVa9u8UgAHSMqfHZ8vkvudBtkPa,4601
EEcoBQLL6cEWq7JsYJDkEkNXYhpz8Mi2GMNLH8ziZNaM,4604
4dSmFrBRyPsAkYTvHbHob3S7q8eFctJAEVrVYAANfS6R,4589
F3K23XPc35QZCwk1NG48XxdQeQwgFLFtZfm96Sbzboyg,4600
HBtFPiwZFdWtPDAxgq4zYVFCPu2krcqxJhH5jvBTHs29,4596
J92RTLFWW3KvT1RbQRyndu4NTNfX4MP5Wvp3hkmmZNRW,4596
7ULH3hGFMoaVtk9bEcVWcaJujQ2MAnxao8E7LjKat9Ta,4596
2AntviCYu7CihdtktXWTqrYKyid57kX1CDtenfgziBMi,4727
B2ezEumcCMRMCAcSQnQGVdbyve7DVaMbGqPgUoBhwmBv,4607
Cm85LaCYcGMDgQwjzTtoqqqHcE6iTi4hnE4yKbzWx56c,4608
8QwSoNNnMMugCjyXmghYBBwZBxuW7rHU7Bn2vEuqvFR,4601
FvmH9tVPzbQDsPQw4qNMGMgaTrUcKuRLWJP1Cm7eKCAr,4597
CeVYrZ82hFcFc8TUzQUpd3U7gtdbUnw7iN6VwAVvHsnR,4725
7MaprGZ3fsGGxddgQXsyehjW1jvAzfN5HTt1UG3J8tpv,4600
HAb5YxDRgBQNX7s85dVSA4JBZvikNZXFq4ye8vCjXJXE,4611
EyGPqB8fcbCSvaQ2WJqikDR5w2qR4FCLDKB95okQgSvf,4611
3KS84QmEVoTnR8Jds9ucN9hBgqDkmChrp1Q4GJSo4dXx,4637
AwYEkgUtaTGkinPHr7sG3C4HhDQP87Wj64tdDu7PHV3p,4611
6Hgwjki1KRXXmL8QWbm4cZHApaBmihQTtkVgxBiDCDdq,4602
FNXux8psFwGVgiPJDMnuDkJkogGehkM5GEE3NhBzDvJu,4731
4jQChNWeUy2hNVTWi5sLw4Y3iiEpzh6bY9YPBHA3Zryt,4611
45kHJ1ArE7ypRKgnrkyESZjkM6rm1hyMUmDPQa4xEfVz,4736
7iDqSJ3RnRT346NmNvVKKC8Kfh9pH9V31yJkjPtu5r68,4618
6uUXj7ao3cELDsKEnJEzrJzFxDqaXMPXzhThwomwbaBj,4617
8EtdR5QTe4gisNJ7ABPGpPNLrvwCGr8MLu87k2J92kgU,4607
f8sySCo6hb7S3ARZ2Ut8Xy9mSBFEbxDrZ3yYn4G2anS,4612
AzmNqvJcLU17GhJDoUGNt73YXKtFvxXmJuiCES1cSCM6,4642
F3bbhTYGfhSU8aHBoCgpkM1DSxKTB1Breg8owBGEP57a,4612
5PFfmLkayesRUtMtBqacu2eRXj7JztJ79k7CZK3VfoFx,4612
bzSnz73yxFT2brrBoT7cGR1M2URceM6xjyy93yncUQt,4606
BMF7NyLzPVP3CucL3rPPySeQjP2Akf8T6xitXYnuN2gd,4614
EK7zeSqFJNnvFnS25YaAeY35UyaxUpeTWtV1zqbrZ22d,4615
BCTpWQFQZAtsNSMudWVGRnEW2MebbtF7SyqTE4FA1r9h,4619
AtGBz4htVhnoVyPtwPnWPEvJs4ErdL78HvkmVj34kdNj,4624
D6W72HBcQhVMP4C2X7ASDKquBi7dPhHqx7UVsguNKkE6,4617
3enKYnCtMQthFWY2pWL4gu19ASedgUTMu1Jusmmyz5wZ,4611
13HMCRo6wNbpLHSbmcNv2N8azzeUFk9Uiet8Dramzri8,4622
5Y7eMHdtbwDUF91L4PBeo5kpwFH9fjMcrcnU29YUZgG3,4618
FqX95jSNsYCFETGA6XgeugaDreUMGmcnFKrKZQxyG7X3,4625
7E6U9Q6ahacjjMau98bRZCjyqUCh5vmbnkoGFZdxkLna,4743
v9ZnzTwdHtnF3ckUehDLVhUhFDmPr2RWZeKaL47gwrY,4746
6ccdyhWXXUZUQG7n6cS6miTKGA93kkXWeKtSUMEUDhQx,4624
Ar1AKuJjLa3HVaz6aJu8UdZTJNtwHf4FA2daVL3jCqM2,4624
CoCtWCALNoRnkJ14NfXFsYP4pb96pc1jZKxYa6m8kQeu,4744
BLNMagxYWVNgBuJ5xiMuyE76DBiFxoYG3MFbKE25x9wS,4628
3RBJ1veXcRpuEm765zPYuX8R9NyPmNbNe3g6vCFvSWLC,4627
BRQZwcU7uh4j1vT7cRoE4vuUW8pu848YCpEGB7kQ2Bnw,4629
PYUTB3WwRMuWCqPm1GGTYzVQ3sewdy9sG69ERZLJn3B,4627
5mr8WwRf49HskCX8bN65N3XxE7xAJX1fwsLeLxR9Koxm,4631
CsHCc6gAdbeAJfcAnwQj53CdWrs3PZKgtb7QWLavqpW9,4637
HvwCER5eWBZ8pFyL1X1rn2DWouvJKYY7QACzCNhY7NXG,4627
4jgd2FmGCMjHJa4v4Q96odDAxswA5fvsMzLqiX4Bpnh2,4637
DAtnqiy6aLv9seM12cnc4X7tniaKJbfBzM7N6EnzDQD7,4756
9fQvrL2d9swbDVW4AeUZY63QjrjY678BSqJcVzaBcBNc,4638
B9xYErRaftuoG5pDqSgHuPNYVLoTH4bN5aVF4RxAG5MP,4756
54aTE7iMAz4pUYdPjf6M1XAiQ5Hsu7mmDQCoAZTRjSN8,4633
D4EwNsRyFkKXduiYwagngnYqUymjypkySf6iD7recsda,4759
25mDiwpjjSnXQ1q1WP8xi2wfC9HguNcSJaBMZR8w6G28,4761
4dR29gVirmMZaxN88DPPgsVvfNWy8kNpnWXPCbn4kyMx,4641
2y1B8KJzWKTqWTcS6DoSMLuzAequmnSWGtcTt6SJsLFz,4649
2ER7B9crhFE4tTXc3ouCfnikF7AboMGtTj94sDEUdhTK,4639
C6DorT5WzCqvabgX2sPQBcchhSHXa3kn5CLLCJKt5LP7,4766
2pBqXESsSQyT6xnMruSZaJbSJ9Q3JYtemeThHTbKqwRr,4765
AUnu7WRSGeJUcRkk6jL8aNCdPZzvPV74Xdq7rkTnBCVX,4642
BzUztW1JVrv6btWyKjWzB1B99fgmeQmCHvfMP3v8ARtG,4647
HKgxSietEhXrZBYBuXkEbfcXCb4iuSDfprpHw2ZmW9S4,4651
Wv5V7rkVvrrjRFNG9CvW7esUg2uLUsHgbEE9CoYQUGH,4772
AAS8Y9UDZcjt4kGdBJTQy9QRaLExSJ7CS5CGBvgnMDmN,4641
6hxoE2sDD3bo2honYMCALQEeQr1LBNHMG2EnqYSAG2Wo,4771
BWcFiYBtw3CvtFCncRM1wBGCbnU5TMSC8mTPKXXLgf1j,4651
9JLe2s2VqZ7VNAHtFSNeLVakWntZCwYHYjvT5eBRpr47,4786
GEgooXKdd43RN9ZqoEjz9sN2xbVFi4QDw44dRMuqmCZm,4668
ELvDLVemmgKN7Dx6GTAkoZMAKXfReAfNBA5nJCVHbaYy,4787
5T3Y2oa6c1RNn7Lk9S3rujsTUor3SCGCNAZcJzoyovDD,4788
CPXuZdgeRpnEjwXBjM32LgA9yyZyDwdiSdmv4FVmW8rX,4669
F52wVEAtFgK6vBE4XWwgDZhoCYkXXYxxNzk6oGSPMbTo,4787
7Zdo59ug8VE4w5wj8AWTNcCd85NDa7pTmeSPdJK3Shvo,4675
FmxAY7Wg9LgVbLDkjGXd8k3dkfAfqu4sHoZ1L8E8TzT7,4670
GTpykxK98Pkxaf7HDTH3g5HSpBMTU6V8wFxqqYgi5CrH,4791
GTusk2uwkJDUnm85qtZh6cz8C5M79kKTH3sr17cFZb9n,4792
81HeCrXhGJ9aBGV45oYiwwke5o8YDdr1pDhMDsM3mo5,4678
AJMaS8WyXDpXhJVsMUNkBu6QLcUESQoTDBymKpF8c5Bo,4674
Enu6DtDHpKMDnY9EwUzYcSoz3V5TS7LkEDDWZB1mk3gQ,4672
E5rqLZoJX9hhgFtjoGnZAfRuLcaWUR4Wy7SGyCjobmCu,4797
97z7T84rNFkxFmX9Ztx3HbgcCrjQSKLo36uvQi2U5M4j,4798
79K9BCYhFJugnbYTJjkWAttnuYd7fNTP8ajVzfDNPSGZ,4807
Dyhvchot44ycMALT7LHJnHofDLhM1EvGK2pxqg5oFzUd,4806
B2DGz8vZbhnhaq3v3RsEQAiuCH79esYg2N8sE3ykyPEj,4808
GjXMGhKwMCfZEHeiGRGwuaVhgFm7G8hWHTjw384U942X,4810
HodCAgLQSnQ8FjkRC83JQpLRwHqWDv1RTm82cpqNtxtH,4696
9WvVFmAPaQTsgcfHnem4afKEAUScPCgtQDwyD1S8W6ij,4824
ABzGgVf4LDCkUdPqwR8nfTBKS9ySyZ7SXS1snMebHpDd,4823
2AK82xA6XoPDubNH3vw5raK4shWJaoBTMUZyJV9dbBCn,4708
AUGXfraRqCaFA6rWqRqNLyMtyFz9ps3S2K8YwpaMBSAo,4826
6mHB5ACCzSQHKwWqSDJjP9SzevjE9dmgXHCVYUYmmCK3,4712
BH5TeENNE6CxmFHWM1n3iGbVqMAiuuWq4hSK7rvq6DGq,4698
CBtszsg4VAyutwAyar3iSF8r9iHMfubLuZgsScSM9wGW,4708
GCaV7J886aAMZHVoPNEYqEU7n6US34jTDwNEGEyjmVyy,4697
GdVXVEfr8FkywfYyhBCZzXvQShFKqRjNVWSa4r84SktN,4699
6kDBz6usntVDujkH22gEeG3R65nREVGSnuMQUJMrt4fa,4709
DoHegY1ut7JNGCcKzJXi7ymA3bvp44JopFKohjk8MZWm,4698
EE4zAiSFrVSHqfAEqFyowtBWvD94d7dFL9R3D1c2zg7W,4712
E6hsds5TcEeqAym68PvKQjPZshniC3VV8tGNNCDMugKi,4706
DRcpXcZPKgk9ZvdMKgyLw46VG4TBP7bJNrAk6a5CkyFn,4707
EcAWgypXs5eMbLbZWeKBBjU1mRQzPereAQZDS55KzofP,4718
5WR3oTaDMaabEh42C8ARtGwJkwcAaAZK2DZQUxoGebfB,4716
Fa4kqQ1GwyhyXNgAMFh27kiUyr39hyJ3ShYzGDy6UsmY,4722
2wwKQG7GzhzU2ieGLivuFwNcUL89owcBGuUhH3i3gZo8,4840
HRVoA3FcyUJUztQjdPouM5gZHrCu6y77Xu5fHEn2tAmi,4841
Aor4EHgCKVfDvVmjsszh8XytV7pFDetkTyBHHTKmMYJp,4723
5rMqSyR7AeQThAaSxQNYqPfpfqituiWrQ4A19sxiw1RH,4731
9DfVmACB3uTAXWpYjWyYWSU5xNtHZy4k4gEKcdG1jyx6,4729
6mvUXxsChJXXMLHjtY4HVC4j1oE2YkfGFjDFzvu6niT6,4733
8NmK5SCrcTvkHEFYCb19mG3Hvwi34RSm4pYbiNfJJpDW,4858
HYTHyGwTgt7zoaAS4ebmCBL85BUJn4xb3szQJejSjaGd,4857
CXzHRUpWonnHESNTiCxzrnuF1xfDWyit4nS9BjVJxXys,4855
9pVsyjzw2zdAgR6JPAmbWiYKChdN1bJ6MoE5mfzEHUDR,4858
EvZbKDhz9WRC2H6xLtqXzH7W1YJQ7vP1tM4rhRRdAHFN,4858
DieL8VCB8w9N136kgP3XXEcgQsRx3GBEjkUMLV1Yf8zF,4729
CDdkehBDNHtRrDquzJQb9AHbCVeDvzSJCfj72TadjUyM,4733
5CBKnkK6JshSJkbyNJwG81BL9e9ngbQbKpuNBFnhBySC,4859
9RCt6D3KU6binupkXMV8N8ZcdX8H1H47kTs3Y54G67sC,4742
4GvQoXY4UfXynrFxy5M4eQxX4JahMXR9rQmzJFKVSAsq,4859
Dg1y1tp98epkxfekG3pwAff54FGqVh87nHWEuthtT1D3,4859
5QqNVXfTqdwTwNSak5e1ws6MQQE7h5NUTjnuY6GTskec,4859
6a6XmagP81q3HMscFgs6rzjQzgu3BUha72zumfRKhTWp,4739
FthaRN7uEm7CcKCeYL7qQrk2K2rkyqPAmwV6xn25toHK,4862
GM43GhSciBRUTNbWUytP4o6WnRwYMFUu6AifwX1NvyFb,4861
xfg5sx1t7qWy967mdncA6zzexc2jVJ9kqhjD4UHxMVp,4862
2EscEnxEy2456EHd7rNzFY6guSP2SgWsnJt2YpMoShEk,4861
5qQApMbcZDifXd47xesw6c9iSqKFaZ27ejAfnLh2ZDXd,4766
2vNV4jPsBTg3CZ2dzcp79kd7ESyrF3dpJ5gw4NH91gyZ,4739
4pK8c7RKREAMZxJL4o6fXNrZKt2aTwMkRsZtR9fi5inJ,4734
BNn6PXxAM6ajYyZr6ZYGqp84zdMZX3xdCb12V3TidfJa,4865
H9B3emN9fHG9LUgvzgx9g1AUtkYE4UpbXBE7nqGtpFKU,4749
DRWj2MrSoANwEf2XbctRNMo3a5tLtR5tsNPadTim8ErU,4870
EoQKSzHei1TMcoHXmNu86s1SKuZXcZctuni1wcL7dypA,4753
BFvwrvmyBNzqa998RL2FJ2fJpsQLck8wPoyXfLkSzAGN,4872
7mKUTt3guF5bHEAkn5omuogYuMzUdzUvW8ptFyNQS6eu,4746
F2gc3fxgKVLNj6PhNyMaNYKcxEU1YhpJ3uqBLN7yobP5,4734
7FRFVGnDLobT1Nm2dTXGTgjpELo1Equ43btPT3Egxrxv,4872
7UxxKZva2PuvQifAJBynHZgxrD9UQiUqEj8JjZ9xwDGr,4872
6PbePJPCiFcPrjh5zbgvXRX34JCQvUoTawzgy9faS6q8,4755
4D8w2huqPPKevC2i3QfWPto6YjKazhzWQxJgprPcbxd8,4746
pSRH8CJMVUYjaxUZx1RoTvt8SA9fwhhJSQLLafNytkh,4877
EJLv2Zm1qE46YAqRc3dqxmrxt8Hnstav2mg7SqgbSgER,4750
5SFzZDo9fE1cZKweT7omCSqjg3edJFKhKs94GhCd8G5j,4754
GcNxbPGSmKgHXuimkRcE3g9uB7rm7kDr31yVmfTZbkye,4879
3X1cELVeaN83WAaYpDGKPNhfi9sV3TeF4evDfvoap4SW,4763
BkVHmxLt5oCzCdLePf7iAubq8PWuiRVjX8cg2chu5uPD,4879
BWH12EqP9VtWU1sPDXKSXtaFKnmgxu72XDqdnaAvahEg,4749
7n5qmWuu2EY6GJVs4KqKNMtYNEAy4y4xx7FPxUME3WqS,4885
E5kvTeRhCmX5ZD9jkVXYUMyJsdaEVZ8xxPJeG1xK1Pj6,4886
AUfntuuxCHryDf4WhnwPCRHgzu92Xv2ceKf8gQJwtekr,4885
3X5DeZx2JapoBzfZn6GY6AApCGhPg9yRptUvGhKrdWei,4884
Fgs5MHAy44GzRcparV2MawFLAmbmNCyeDZ8wvbPQNeTF,4768
2M7wdvm15EAwNi2u4HCaPzp5wxNLAPrJho5NH9NvugAv,4886
D8bzpNjrCPfA2FAPC5Vf4HVW2rLP1yhhADPTZ2DyDGKb,4765
4midJ9rdwhW4s1wt6Sm1KKRBddnZrHStHcPzykgooSQW,4884
5Q4SvtNce6dYCk7CoWYxgtStfUCY6VLV8exh3YZxWmXf,4885
2ARsTmMKddugzbx2VhDT53XUHuyTKFCCDC6B2a2CbvEL,4770
FTdSczwGy5WfsioByqtJ3H8eQMAKBENw5Kj1DQ4yakKX,4774
3Q5T5GQTikRCHFMxSKjDsMi5dsdi31xgPMQP15W7vumX,4758
96LP1JgHHpYbgooBULrUHu2xfcJpdrShtDi4nFoioyKV,4886
G2FrjrxMYSgZmmyVwp4ZXXFLojjN77SHbJtAotB8r7FM,4764
2h4FaUYnfJyyqkjb21jfN2QoPeZqAVbshoRq5ZjDvcug,4886
BvEVG2nNssxe2v6MZfT3YamfYwfjFp9RVF6txnxBUeK4,4768
GPA5khArsow6WtRAz2ww1NvdERHbkYfttnqXLY5GYpJ,4764
7RgfAzkQHQTpvt1fn73uXxeeXcpQfiWbGUzFH8qc1Amw,4889
B3XR4pqVCSruHzsv2mctDpdagvr1o1Da4cCqRKgnFwdu,4890
Hxfsfo7io3cavnHq1eqZRMYuhyw9kYgQxd8nue8t7QYe,4889
5vcbEDGLCMBTYdNcZiFTUAR8sWRarWs3mf7PzdZvB2My,4770
8P4daFxKBesrTaxrPd3fu8T59vVT4onFbe6VWzPagRre,4776
2p8JFA3kefxDGpi8X6uavfykbmrtnCWAF8dL5SmzPfoX,4771
EMTLNrpwzAQXwsZKnYdPMA7qqVYbNT1KNRZ5BtzowhYf,4764
AUgPWNkW8KFAL8pjAroxt4MKYWTyf9wKrHrLwTMLm1Ae,4890
7cBmLT4ymL6Wk5BLz9eZfEzxXxJRZN8by9XBxxjPyDdz,4764
D8hQnGwbkLqxohbRqeQuZZ5KFyRXtfg4L2VbnGpD8wfX,4890
5CZ3RcY33FkwBtYubH9hhrWfKmedKa4iKezx9AuoLZ6Z,4772
Hh86qifJrf1HGmWNv9HxPEPuw7G7vcgcDSrNRZGACu82,4764
8Ap7aviuYT3WQvDYN7FWuRUrzjzCRcFQAichMYBe6ipD,4771
47Y8P5auKMPvh5kFKRFx7HgqkmDfBafBC5zUEhTfDWZA,4770
HhPoYj7EMzemLJqqgzE6eFmCoL8YWvcBt6SkCAMDV2bP,4891
Fsoct5EenivLqwCGGgaonSkZyPqheEcXqxDAvaQDzTm3,4890
22TjpsTX4Fi79QREi1AFwwuKR6yVns95LLoEBMnMEWAR,4762
AVr6xwya8jRXFMbPGZEk99MWHtnkh9fPEEumi1yVw5bq,4773
DeYCAe2ZGYgysp967NkPmKfBSQATbq7hWPuzsa9Zjfds,4890
BBhya5g6mRqxiLjdUcWkcze75Tv8qV4LSLpB8Am4Xzw5,4763
Eb2tnQJt8jWiCrxjXGiRCjzH3ztvgXtfRFTDRbWY2Xws,4768
2WBNCZvnLZAMxFejKMuADmbTughDSC63T1mZdLBvBb6w,4893
GX8p1GoUbwsVWgXtH4NXnC24MbGSg5mjxFaaHmAxhU8N,4767
4kBSbNxzpixykhdzQNStX66jWsYcvy3bCaqx2e9b7F5J,4893
HXosk1VjWZ7E3u3C4VCg1dVxQDg4Ns4BWDe7yQKaGQAF,4776
2Fe7PU6DbHpJgg91qxo3nyrTmtJLrjEUHYfewUoBTeUK,4894
95pD8YWSHhuhdcQTqAa6PoCFhhWyH6XZmSzgMVfjFJnc,4777
FCxQvXVGBPokEWnj1E17TywxesQrhj9RYtMQc3cvjEdh,4894
2Wq9viJYvzM5xrFWiCxLbXD5M2L1nhEaFoXhjdGhJB1e,4776
2zq8Avc9jQf6ktqfNjfeF56kzgP7ujqijgsGPLC8kZFq,4894
EJtfDhubtoAhnWFh5k3qN7SWDjcUchadxRb9Dwv7zvLc,4776
8Cm7JtYHNB7r6sv9pR3NCBjaifKhnPPzmjXJL9rpRfBM,4772
Dbh3wRxVG76mw2ykup9noB2k1mVBu78qryAYJ381icya,4895
9aWKvTDKuadAQLGPvsNaJ1WvNxeC29ftjGJdxsu589PZ,4776
3cjH4UNZHYWFKmnPEVFf7Cu6CV1ohBRZVeBPfwhXScDC,4797
cSSrVdce1TCYfcvaMdLTd72aWJgL2rk9faM69RDPkgk,4898
28KAEWUh4a4oeNB5CqV7tFJ1i5d3kwxEL3z32gUzuLUC,4784
5vzcaFHmhKxQz7edqAivM6AuXNL1QGMKCT2FXQ6ZAPMd,4788
3jHW1btFd2GRuZWhywWbsTq6Yhg3nNYJY1Zg6tjSt4Mm,4806
FdiabNQ4zp7vFrCpNCispVQsaywwXS2623jUSYvkME7N,4779
jY9eHe6tBUsTEwPMisnwVbMWPwJAeCtTviSJqBkXXMu,4901
9MRiXDtberWRgssXP9KDDvvpFU6yTfzBMokHk2LTAVZo,4779
7tTtTNmevQGFk2VnteGW9b6TdJmoGHd8SpiYTx4ULtWp,4779
J9UBJzgjLcfdJ8XeuoFZGGuPKrfcQKyqsveNg68MujSk,4771
5sr7kbtwnJZDbPFRPdAngdxHKYPdvUcWCaTJtR7WYm2j,4783
LXKLx4FSoQUAFgDMTK6v2mkEP7ZQ86rsAz4pYHi63AN,4789
BRuGsRnFuH87LttxRJPQ3RiBHYCirCJVgWkULZhgb8zb,4787
EMiUeNFqb9PeWFX11BUZMSkt3v41Crs6Z6hLRKvKk56z,4788
65MEJYmFtS5WtJ7yr3Kbru9DGBAyPLc1iZNjUHhmRRU4,4806
EnsU9bvRoygLqrfaXFHyFc5M59fFXobYJU982Q8sz6g3,4904
F8MVUEos9qA2D8WWjEex1dT3bWc9d8AXRdeRxDJ5MJmy,4780
4saDznLToWcsdwEQKWQ5QTFdee6YfawG9uPi6qjEyRZz,4907
8T53uAHYzHSRwLYrxemMowmQC49QsmA9DDhPyDH7PWNQ,4786
8fKXbVNAR5qanLfb71CkRQvAXfeFG7CBR2VSuMHdyrLn,4791
45XyqQRv2B1d9or8Judr6oHpLwXxqiaJ5mHkj5xwjqRC,4908
Fy4ZWdjRnENbTGo7uvcPURhicyrvy9aFYd62nwRfLD7T,4788
HHMabTDeXJfniBhiumhP74WeHRvX7BKf3L19suftMnsz,4907
G3nXuSs8fiQDTonjPVnjPZ7SLuNxoTddJeRuu45PZw3W,4779
2LiyhG8yUvDndwnmiMoQxy5SgVz6HXJ8aJ4RuxBLFpRJ,4908
4qPDJJKktUk9KTWEGXz2WXUeoULjRXqX1LKDEskJxwKA,4789
UGtnAfzGaejsAnuEJPrjiMTzTsbN2ZsGWT1dQ35r8Xx,4909
8yF7gfanZx1YgGTgmnEhdtmHHJ2gmPJL3qpeCHzgwadp,4794
4i7XL9naxczzMjZX7RiMFnhUmwvQR5G7qQT3t4Ps1fLX,4785
6SLVDzXzzmMWjs3SQvTzqFfCEvd4mjjMskaBNwEF46qY,4794
D9qGkjnfrqv4uE3WbtjJmVxhCyHrccGZYWPTAf18TT7N,4910
Ga6vB5Uo9ETC3v89ezZvn4ALSvN9Sa976z6TMrrmg3wE,4792
3XrjABj6oc7j5aHo5KsgkQXWzzzMYTFyW2FFa1PZjZsr,4790
2GkRJvt56zEPjK34q32jx5a25dDbHkMFJZM8EaRUFkz6,4794
FcdGWZxATwRu4r8jDtXDgWFfjUQUyzUSt9A7QPpx8fBa,4792
57huyq7KWTcW3gq6YA79R6uixr2jw7biC29yLmGNYsFc,4799
8hNQdyu35QAj2ht794GEgjEWGQh6mD9ZytwmUK65p4pK,4913
DQstpMbnZMQkzqTT3wRZZeniNoQHnB1KgNJkBznaqjpT,4797
G7nc7eLRcF41U9pbzVH4AgjwPa6vGBHCfwFQYkgg4Dn8,4916
4GuHHPiNC5snPJvxWJPiMZ58Eb51j3ThzrMJfPz28SHw,4797
CR3PRp1yK3rgV17XRNwCsFFBZLSf9m1jo2hE6TFKf6od,4916
DRdePS5wmC8HFXEKMkFzN59GF4oiePULAJqcet8JYzgh,4793
EmJtdC4YEQF2EPuJahzYCMzTSYGw1xReJGrYtDzvE4ZS,4916
CeihLvtcdiuFKysH1ywkFenB7hhkD2j9sjETvgFjr9PR,4799
FdjXyZoKobyEGHjJU1jvWm1MkbKtGSGQV5ddGXCXZwvL,4823
EXhE1TJ7q8YgHbTf6JLMbHsqmQsS2vPkGaMZLX5kchsa,4803
2iTgKHtHJcp7VHNNRc3Bni27L19jgiAQpaddRUvEXdgF,4804
44SqrfhtCytJcNJeW1U9aLsLh698Vq9S8GoqjSUJxTEQ,4810
7GDjuPW5ZDpYhhZbTHE7oqKe33adgRJdMGHXeKTkTbL7,4829
EWuJByM5DpNwa8uj3FJpndTyqsLshtHmasV6fyaED937,4807
6HiMuPtG1J8USeN2zdaxWJ5M6moD9EDa8HsaqkdXasXc,4810
7pW542pNAsSFyG7wXLyjQ59qurRyBjxGVZ9VpHnzkthn,4808
CdF393kk6LZSonoUisu5pDVu8DjDH8Dpew9RjH1c3bVr,4808
22zwyGL2cUqPHozrd6cVepEF1oHMaCCWjJDm7v2Fobkv,4828
CQ6m5nZrGgaTtWqn2JUYEAoH3PyKdUZgbZXvpYg4SXSD,4828
BprWhYSfyetxKtuXggq4CnPh9Kj78Srmksrd7VBFmyY,4828
9fCJWzJPwKTYV66ZAqZmMo3N2fvPHP9whtYKh5K7rYjW,4805
2kT7tjf9GnMVGiWsry4ENYNLuJFo53UyhJaiEoryaR5e,4805
ksG2oUZ5Sb1CMcKkZzUHG8FruEoWR4XuG1XJUCNR6Lg,4828
2akXx2P1MzqTa4gcb6HLZ2ZBt6a8fKKsqRpH5iYeut5m,4804
T8TK99JHVTqC5UzkWZPF5uM8wCKqNBduNeFP2fM7MFV,4828
5afxXtp8Vw8SkWujQcbxKiZuJzsHfn3ZwSEwftC4V9T9,4807
53sWzHS5ZeSekWg7VFyhpZkmZreQP3J6Ndcfy2tw1CLN,4810
7vfGcCU2rUNW97mciRgUfTHPhnTmzZDmDPpB7rz4mET9,4810
84TtkQL1rNvRwbBnsX9WNmheBsxqPTcGmXYW5YaJzXGY,4932
3tLudiijARTjiig4qVQ5xymFeUse2cGFnBASAYqYg5dn,4809
2xNyeoCczXwnCAU5GfaNvuzh9FBkKfQidmvUYhcjuUBU,4810
Gjsc7TroguP6GocJDHFoYd4adKYSFvfx86KWLA3Pha9u,4932
GUNtYX3cmBaLVURKLthrB6vjk8AHSyHZTdDoJUjYNAT3,4817
BAH8TgKmjcFRCUEEgF8r6eWVbRvQLwcCthoWekSYLJQz,4940
3Eh7sCjFRsGytnP4JMJo2A3nhihVjJGPFCX3cJ11JxXg,4842
BxRWJataSFKS4RCkhuN8w1eWMoXLAarB4UyejhfrUy5X,4809
44MRH32qfdgrkzKRDxb1ESeCMbeeei8fB5fjqvn1omMC,4938
7c5B4vuxVCvJfRY6Sg7e22SpSfG7Qft7bvk6X3x9cwV7,4821
AKk6G3gxtb4QFgafTBESorBKKcKgXG6hHTBU1dciX5DH,4881
EsUJ1Rnzt61WxSRmq5poQF3GMYbvBL31hTXEDUUMALYM,4882
CdEUYE7YHKMBZxnEBA1J7obxBcaPyUC5tDkddL3WjaYq,4893
EK58XYvN6UUGJRhEGZe3GS9nBUPaZk12HQFzqVdNKH4R,4905
GzAvhJ27Mest5PL4SoqbGqAneQQymsdz4Jk5PTpn5e1x,5023
Ci5QP5HTSDLNphCM8erxnieRmrPVK1y3ftqY6KHws7sB,4906
2YHheiX9rrdPwRp4YYPnnfZcHpGyxwYhDXtc2phsAaLw,5023
7BQ1BrLTVyLuoR3muvYmbTPXmg4cQNSjM2bu7575wPzk,4898
AsBAFHzEQU5otsk4q1rFjw1Y899cW3WrQzUdmSKcbrb,4908
5VyaMM3guHafyVqTw7b8CYK3vaNoH7aZBi8TSJ5qCN4E,5023
Ch7WDLyetqqdZoMkZ2B3RM8Z3UV9sXpyDJX563jreyH1,4904
3V6o1whxbBG4sYgAXUsLRU2aLiDjQjyFMpE9X5V2D9Yx,5022
FNQytmYSfMPGnhqPBRe7zBG4GZaU2HJ3UpJbaoak3RG1,5023
9UN6Df94Yr17G9b9Sj7VnMvgSqoqAqkWTLEv3cfsJvF4,5024
A7hUtm43r1TkFaVAYxFSgftW4c6sidX6raFXNAGroeQd,5023
8jHekWnxGBftnzQk1MnKcuK9GySy5VUM5r7yB1wm7qBv,4905
J7xiRTEZv3TFNbp2oipdKz7tpkK3EjHzhhU7Sr1KHTvY,5023
4z5uMZjvsu2Q8TGmXEbPbNpGkuK9mfuKfJKkJzBnQgq6,4904
CTP8JdpzFCBuKhz6yrF1e2nTA4GdxTVtHrnWqSM9jXwt,4905
25RnWqE6UfxreidUS9TjQ4HRzCB4qkPpm9b786WvqZud,5025
2PafrPtqusGqeUhCJGzDHQq8T3qZDBc1hLoxURfrgUTG,4896
7rrZhA7oEKejCHBBmq8cqTmGWFYVDtxUm2nf2fTpzRr9,5024
7h7F3nPfbSDKobNLsA46NejXxzooKTp66zfpG7ZVdvmq,4899
46bVYwREWQ4dVEhg695Mr3Qiza8dYeThBkiad3HJrub5,5024
AQKS9wYfhEzz7t6NFgUoXQ4CRVtBSCsiTwZcPwhZuNwV,5025
z5e8UPPmhTzcPrLrhyDWkBjAANLe84zf2V2gZqNb29D,5026
912ZR2X2izm3PEro4WQziBR68zZHbom9f6BkBDJKSBqe,5025
W7AS1VEMMSycohnuaPqTbJjXNeWdXnaGw6QdhMbnQYr,5027
9k3K1qHf6umrTYcuYE431eW25hqKd8cawzvcn8Baavp1,4911
E6Q4VBPM1qGiuBCd74rDWZWgYWyKeV4LopB6YwWWDFBy,4910
3NrsV9V9TevxKWrDDwpk2ZGe8WB1vm1d552FzTHjavDC,5027
Dm4vtL3Gwf5BrRhicjWSXsc5jpNARAXouDc4J1XFwR7C,5027
HyEmdiLLYsQCm96SH5BrxqsPK96wnpcmGzgxXcTEdGVs,4909
9F3UYXZUp2suophGCkh1V5C6S2nPZ92Lt9NZ9tkheV9w,4909
BBSdLFQsmVMsTBqN6f2a1fNvsKRg7Q15LAf3n6VuMQj1,5029
F4a8DoAy1Du9v3MyHuSbP5KLwv3iMmimkJ1Hk1b8UytQ,5031
De2z3dbH7iRXFC6sxPUTEC1cETHtEwYv5EDyUgEngyqi,4907
2CBmBVSe2o9EfJqndLwqnN1hSjJfU197Lw6XsxVw7Y9k,4907
5kEWxKMGPBWAtvbwKspF7G2VirhBy2xxmvY17DTwGTDD,5034
EJEBN3FK8Jjen5Dj7VyBVow6kjtQ5eGuSp1dCJwF6pKL,4917
Fz6gvLhej41xzmCb3zVrmvr1qZNzhzRa1kF6XBiQQGvK,4919
9gAdYqdZ1aQiTubsXQXyCUqFgPT8AMJFjJ8Jc2m7HvRy,5067
HtETmJpKiE6Pn7cFRYJyVVUr6rgBkHkNSFo85NVDcd3j,5068
6zyP2hGpgttCXaNUy9HRtbxiiJigaM1uNaKCU9QN57Bz,5067
AURVq9ifzbYYLpd9RPvTMZeDGi4sDeQMxVcFsV3PCKTd,5072
7khThsewjfkhbiLcN1HD6Yd7jeCREGXdf6vdqSQSyEwR,4956
ECUkB6gM1zWs6FWcaTSeovANCnviWedaWVFuphdfjhcU,4956
EnJ5YwkTu9wBp1MoNqxAzk7onrD51YTq7PWnGLM1TcoW,5071
B9XWfMFEhHEkiP4zCVhof2zQ9CE48ZGqtPybudm4tQ7Y,4955
347E44zhS38wAGF9BqRScBSVn9VTpJGdXnhrJaLZUvha,4950
251w7VuAxFM5zbqH9K5KUyDrBwLPMuGGS2FhTqV7vbcb,4958
DibNjKB5465eWV1pHCVujGGcfq5xGt2qxojf9LP1Ju9x,4958
HqcEAxMGzKrAyiKrbj1ZyPHENmUXJvfqoJCrkcSBujt8,4961
F1HzyxdFaqcjpQtpboVPuRmdpRvD3UeDHAvMULALVnwb,4965
FyozRUpEsjMCQQf2ESKWwbMQWSLaNQtewrxFkUU8G1Ye,4987
JCSFikbvj8YPnr7X4gS5TrzqDi3dkwirutQDmpBg98r,4986
Dt1nhDFgJ5S6G4U8NgLrQ9c2ugzurSmdny1F4ZsrNjzt,5086
55WctNciYeEqBiBfaDX14bxDVWSgWVrjgSziVxZoJGB3,4955
GnSEw7bQ4sdzDWqEhR3mXN3c3KCpXmH696L7Y9FsUdYW,5088
5e96Lf7R4yJnFiRHJ8Xk1EdURzmmCwHdBCskxmeeQUA7,5090
6N5qfsGZpLkCNV7kiLcWpMCixrSEgLQFMA444AfYDPwG,4973
CXSwLPRbPbUbtdRCN22Q8HdUdpyspaEdeRttboWN546T,5091
9R2aBtttZyVH9Kx3xTd1JyHMCCka855kjXobQmRtuSJ,4996
9diunuYSwKfZ5LowdRo8dsMsH1yV3mEfEd7GKojLpkfc,4996
4cyPZ9D8zahnEnuQUSVGD4ZLTY4qnA8PgViYmQzwKWNP,4972
DYbsL8C3pKECCiexsAuaNStRQYNYatGtrPiB4CddZKey,5094
12TYqokr6r31MwhgmY9KTsVSK5MX23z6PF9mE9EazAno,5095
ALn4FRMhgaXXFb3uf5eepFdWNK2eW8h5171wZ1BgP4rH,4976
FssSJ73TtLma6scWjQXH26tCofhKezEoYqVzpcRF3MwH,5094
FCNV4Gh6AZbQMjn9spToeqeGBAZyM5jJTqXqcHpkqjQC,5096
A7rBMM45CaBTHDgzdhWxa1wue86a9c7xL2qNrAj3Yu3b,5098
5QdJjCNT5wob5rwkxXg4YJNL4QySMfAJohh6KaxMJNvj,4979
EnLtzmDzZj78iJKyQYveeDcgEjy1haLVPvwpjaEndsiM,4981
E6JWqYpEW9gwBteWP9sa6hcfWcSzcnULQhxZBvfaPzEu,5102
DYzBmnBY1wvJNdidEUB3w3fj8toQfwSFfuJZbgd3ZrZk,5107
7LRsNZDZ5oRmg3rAg1io7c2EvL1dHb2dfxqyu1wmiEa6,4989
DxRu6BPUod1bTo7WAnzNrS7gUY7yKNowbdapWqh487Yt,5008
ATZJxb6EgH5dwQRysjjmpiSE6iwp7C3rwXtq8bRYxAsL,4990
6gC33APPT8zURuTPbgovjgQNZ32LHbQiHyKnv66QPk5E,5108
44wutF4kPN2vXoNa1jsy1g9D4nybecNznt6iYVJiBKk6,4989
8mCjmjyUdBZ6WqZ3ea6RY8C1jXr2rDGYgzC9gedU74jN,4982
J4T6Jvrrwo5ER2UfFFbeEfC1xB7CQkHsDjZupRXxyLic,4989
FGFGqStCkNJwMUfGq5btNC3nVzLLBNCpB83KCDjGDfao,4979
8F9N8Gh3zrktgYuX8kRd2jGVq5Gx3aXeaNHfhruWLPVC,5110
86DPibBrXGihCqRGW5RXNrwjvW1drfozVpwtjRYX8mZs,4989
7sAWxeo21pT2dHqfXSU8Y4qBDVLCegsZgpN4jXw62J26,4996
2SFM3EEiV5jPao7Uo3Afqd9DeSMwGggrTYuZWkRUM6GF,5110
6uCJmZpXwsqTQPqXjbQiJLdzgNrN87Po97NHRLEJY8re,4980
DTibDCJbnuR5FyX7mZ3b25vMYgceLzrwoNRoWYBcX7w4,4993
7iJ1CfhQ5zCNAq8AiB3n5niHbnvjFzSERKZcgzA6BipS,4993
GwjytwjXd4wdvmkCv3JJE7LWykXcigxwYNJvygn8JiWJ,4994
E6bEYaAC7U36TiZ3yYv7Tt2paCiNS3scqYPmiC649MUp,5111
Eg8yHERwiTVC7vSpwqMr6CdVe4CEuLpqWnRVAnmVsbS3,4999
4QLKxdPGchroj9vcFfpE42Yz1NUUrb22fEkARgz1Tw96,4988
H8YUwsdC19BpkqEwYqWeBV7bwHPfEc4ntQvxodEUPBdQ,4997
AzYybn54SaTJYoWbvcyytbot3bUmNf7AntcwB4xyZC4c,4997
FSLUgrC5YqL1aYCZ4yXJJS2EwdQ23VEdkYhnKLiJEkke,4998
EjJSrswij3P7xocPHtnCKhC8aGiZioojbmUFawZw1TuX,5120
AppdK972BLhnnPu8fiG3HrRdMumtejinWUNRz5wFudgd,5121
9KAKk4rETwAJstEuu3mSrq5TGkGsAVGA7h6tZHEahxpy,4991
DE4sc9Lw88tiM7DE9VHqHEWpUdEPhtnE2FvPtorKuyhu,5002
AbnLzVyTDQuXP7LvceyKnsQsaa6UCCDhJDdgd6W1HNVr,5001
Bcyau8ZAoD2BJZgVWZaF8tS6Q5CBewR9dmZndtUjDR8K,5009
A2Za8uzKnQQX7sNNBEHRYwu9ARSHnVDfifEmz55m9BEV,5008
DTv2ptThiv4tbKoDVBQwnPTVkTDAQi3Q29GhqEb6V2J2,5015
4hHGCwogUTq2fNbCiNvvrvMZRDWrWDMMD54gm5wLVJzh,5016
63yYc3TSAZtZU31yt5ZqkrLHHXr7QVE4LV3n96VkF3rY,5354
AEJuCp6B81aRrmFYQYjTxfci4XXXu72jK1LEBw9ytDoL,5378
BoHjL8KtvmwEQCTKPw3UkgwDCYhfR1NRHWpBm8hdXkit,5383
DfVLjqK2MZQZ12UmfMzssDD1dm6LAcVqsTwaFBZQ5eN7,5571
3FeMYQdwGoJZtmNhZvF4zUgDtkRjx2YYGPvt4r5EtZbD,5572
BPV4jLaHvxts8zJPXQ8tj2DTwfkWzPM8eL1zetm1CAAV,5572
AhQWibMSviVCnFCBsNGTndoVRXWTTivquxs3WTM9oNhX,5572
