tx_hash,pool_id,amount_x_in,amount_y_in,amount_x_out,amount_y_out,reserve_x,reserve_y,slippage
5tvP48TMVjNHm2NHMeBLusr7MyCVdVe1y8Bz2YPfewmC,0x0000000000000000000000000000000000000000000000000000000000000000,0,1263,629,0,999997907,2000004311,0.0000006290013
9F5RjpJWdCvQ9j6emJ86LdSNktyD87dDJijkWyrmrNQz,0x0000000000000000000000000000000000000000000000000000000000000000,0,1027,511,0,1000001087,1999997841,0.0000005109994
5GaxrYJ3SYYPyHRVQmU6bZfMFVQi6xe4CT5qNYgn6zyZ,0x0000000000000000000000000000000000000000000000000000000000000000,1781,0,0,3551,1000006571,1999987354,0.0000017755112
DophT3QWrQqpMP2RyiBtfmRBqi186kM7sHtsFNT8XrGg,0x0000000000000000000000000000000000000000000000000000000000000000,2756,0,0,5495,1000023845,1999953049,0.0000027475646
3SYAXXiUr83oBJkpVRM9GjSG2oneX71ofvd6V3FfJZHX,0x0000000000000000000000000000000000000000000000000000000000000000,0,1422,708,0,999999566,2000001268,0.0000007080003
6g7U4Kqjv2nKVpJk6cdYE98bFKkhoFJ7onpBToY4t7UD,0x0000000000000000000000000000000000000000000000000000000000000000,0,3900,1944,0,1000003590,1999993377,0.000001943993
EsDD1KRwpsQoJQutFZEnQW8XTW692DWEVgvvnrXeXBFB,0x0000000000000000000000000000000000000000000000000000000000000000,2059,0,0,4105,1000005662,1999988999,0.0000020525113
3qnrJmM8X1LPJiY3hqkMU5Kybx8XsgqfZZU2yd2Juwf5,0x0000000000000000000000000000000000000000000000000000000000000000,0,3029,1509,0,1000002309,1999995728,0.0000015089965
6KJHSTsMq9gugRELn95nfCNYSsnNd5F3uNYk8A5QmGLY,0x0000000000000000000000000000000000000000000000000000000000000000,0,3591,1790,0,999997519,2000005339,0.0000017900045
3VqWLRnBdSper32KdrnsVS1RJwg1SQ4xQmsR2WEhRy4J,0x0000000000000000000000000000000000000000000000000000000000000000,1323,0,0,2638,1000000605,1999998897,0.0000013190007
8qzAqSNjwktyFr3EkWJU11tDANEgqMavpDbneJGCB9QF,0x0000000000000000000000000000000000000000000000000000000000000000,4887,0,0,9744,999998815,2000002553,0.000004871994
6Y1vtNi5uPdy8GVTchgKUnGuHBkG2BmM2F1ytQtEvxfu,0x0000000000000000000000000000000000000000000000000000000000000000,0,3839,1913,0,999997653,2000005107,0.0000019130046
CnJJxJfzQYyC43EYa5YPoA9Zea54NHvEBwH3CWgixXGi,0x0000000000000000000000000000000000000000000000000000000000000000,3725,0,0,7427,1000001352,1999997381,0.0000037135048
7QFUCwPRMYEN3D6QHTWdJbgAAQd8PaZkmyY3fBKkTfA8,0x0000000000000000000000000000000000000000000000000000000000000000,0,3196,1593,0,999993458,2000013304,0.0000015930104
5tMXA7C1qscGFtAXPakTs35EwfQ581A7hEdM9qVXEC7y,0x0000000000000000000000000000000000000000000000000000000000000000,0,1385,690,0,999998125,2000003938,0.0000006900013
2Ygn2oknn3NHujDm3mU7u595XMDWjawkb9LvLEsvayap,0x0000000000000000000000000000000000000000000000000000000000000000,3283,0,0,6546,1000000936,1999998561,0.0000032730022
BvxhWySaqVrji825sy57us4juYJz62h5j2qGXBmkE8KD,0x0000000000000000000000000000000000000000000000000000000000000000,0,2261,1127,0,999999309,2000001748,0.0000011270008
7MchxeMBQHVLU5XT32TgDKLHp6FSFgfJFjzn5dRZAXLj,0x0000000000000000000000000000000000000000000000000000000000000000,2181,0,0,4348,1000005007,1999990445,0.0000021740104
24qzQmMUL7CPoPZ2EsTmYiMCgDMwUsewKRAXku1QYPXC,0x0000000000000000000000000000000000000000000000000000000000000000,4003,0,0,7981,1000003603,1999993104,0.000003990514
4YZVYVcnn6VGFzJwBMzf4WJqzDSvFCXGedgSKSW2SJAf,0x0000000000000000000000000000000000000000000000000000000000000000,1992,0,0,3972,1000006999,1999986473,0.0000019860136
CoC9KAGkqxtc8ejTzBDEkDwSMAJm5E1j93kSCNG8qrKR,0x0000000000000000000000000000000000000000000000000000000000000000,0,3436,1712,0,999996195,2000007747,0.0000017120065
5NJhahctGGDGnVZULo2YwV2iRohxiAxvsmFbWB4WXcKR,0x0000000000000000000000000000000000000000000000000000000000000000,4201,0,0,8376,999999600,2000001085,0.000004187998
5KVL4NpLTw1D5CQ6EhvaCmoStoq7rZFHEg5Wda6DkY6k,0x0000000000000000000000000000000000000000000000000000000000000000,0,4455,2220,0,1000004351,1999991809,0.0000022199904
Gw5f11VUNaVQUZWDiPGn4spjY2Ky2FGymy4XomfQML5F,0x0000000000000000000000000000000000000000000000000000000000000000,0,3700,1844,0,1000003818,1999992699,0.0000018439929
CtgPQNxgvGR8pZfqHRG4F9sgvCYsXF1NjFkUpxhrjWPS,0x0000000000000000000000000000000000000000000000000000000000000000,0,4151,2069,0,999998536,2000003048,0.0000020690031
4CMWcZw9NRgHag8GvvnaeZ4TdGs94c5sGHXwDVKoWeQ2,0x0000000000000000000000000000000000000000000000000000000000000000,0,2977,1484,0,1000002305,1999995915,0.0000014839966
G8VawjiLZQP6P4NwryB9bW2FDBauiuBC36vtqJAvnZwY,0x0000000000000000000000000000000000000000000000000000000000000000,1715,0,0,3419,1000000468,1999999106,0.0000017095008
3zxGUvkkUdpwrFfCuD7sRQ6dkxrimUcyfGDnAMbXv3xU,0x0000000000000000000000000000000000000000000000000000000000000000,0,3759,1873,0,1000000436,1999999487,0.0000018729992
Gmn6FweReDgCgcTxTD31nzCV56C4PftK2m4Mswa9q2UC,0x0000000000000000000000000000000000000000000000000000000000000000,0,2554,1273,0,999993928,2000012297,0.0000012730077
6eoUVZTpiuLDQinAdzZ1pJYwThLxFKsCdtibyvqXYnv7,0x0000000000000000000000000000000000000000000000000000000000000000,1598,0,0,3186,1000001598,1999996814,0.0000015930026
H127hES4JA5axoFrNMnV9gTpaj2g1fQdNBjes7bJLzSV,0x0000000000000000000000000000000000000000000000000000000000000000,4102,0,0,8179,999997560,2000005125,0.0000040894897
35ECYQiJniA3v9DB8Aw6oMyeipt5xi3j6GtvGMmhrZ4b,0x0000000000000000000000000000000000000000000000000000000000000000,2450,0,0,4885,1000012136,1999976382,0.000002442529
7So2mifQr3omq3x3xXq9ganbzRmKxguoqDu6k1HgY8D1,0x0000000000000000000000000000000000000000000000000000000000000000,0,4336,2161,0,999995399,2000009461,0.00000216101
BRDHreFB4c52kEJhdcCGeLMyBq6f5p5oXibSYv6sAQHW,0x0000000000000000000000000000000000000000000000000000000000000000,0,1129,562,0,1000003789,1999992938,0.00000056199787
7ehHi92mRRb1ePKXWuSTq3Vy7kMaNk72ae3RMjxeLKr8,0x0000000000000000000000000000000000000000000000000000000000000000,3821,0,0,7618,1000016464,1999967765,0.0000038090614
28NmD9xsJN6x5d26d86wjAMZrpkXGrBjFsBqKt4PRqJL,0x0000000000000000000000000000000000000000000000000000000000000000,2500,0,0,4984,1000009686,1999981267,0.0000024920232
7UFeEeA7AWWsLZ7zavrxTpc4pPt9QAnQFQ38p1i7Nn1m,0x0000000000000000000000000000000000000000000000000000000000000000,3642,0,0,7262,1000010544,1999979512,0.000003631037
4vagzCmHPynFZpGdWAwZDeeg1DjM4jPagB5oafyQFKw1,0x0000000000000000000000000000000000000000000000000000000000000000,0,2619,1305,0,999999163,2000001725,0.0000013050011
Gnbv3xc1kJ37GhSCddzD9oRyd38iU3mkVgaS7d4GvnAe,0x0000000000000000000000000000000000000000000000000000000000000000,3229,0,0,6438,1000005534,1999989477,0.000003219017
2Ur3FxwEhcziDEnJg33gue4U6NfYLQ9BsJrLnN69kyXn,0x0000000000000000000000000000000000000000000000000000000000000000,0,4174,2080,0,1000008464,1999983686,0.0000020799823
4WQpSjYsVdhvZjMueCr7SxTvTWb16BxAqGrTCy69Yrta,0x0000000000000000000000000000000000000000000000000000000000000000,0,4154,2070,0,999999282,2000001535,0.0000020700015
C4DTCN6Ev5HinniLXBwH5apd2AE5E6HGZZMBx6DTyVzg,0x0000000000000000000000000000000000000000000000000000000000000000,0,3221,1605,0,1000036586,1999927698,0.0000016049412
2bGMBySonnYWqAupakNy8QuwqtSRyPCb7vc73dHKQov1,0x0000000000000000000000000000000000000000000000000000000000000000,0,1996,994,0,999995201,2000009743,0.0000009940047
AnRFWR1JNbgTmH6yB1241p9nzwyw7dCfLRVeW2eYgdKm,0x0000000000000000000000000000000000000000000000000000000000000000,1231,0,0,2454,1000004821,1999990923,0.0000012270056
DoSEcUfJAXWHZmLTtngmNzWL4LA2RRLQaUqQ3f8dx9qD,0x0000000000000000000000000000000000000000000000000000000000000000,0,2565,1278,0,1000007186,1999986251,0.0000012779908
46dbvMasD5AijjWmFLdRq3m9716sCgRfgzBArN4LfbiL,0x0000000000000000000000000000000000000000000000000000000000000000,0,4432,2209,0,1000004790,1999990905,0.0000022089894
J4VRj2j6nqJE5g7FofDAfKPfoSMLQZK5c4o6usVHNcT8,0x0000000000000000000000000000000000000000000000000000000000000000,0,2405,1198,0,1000026941,1999946893,0.0000011979678
GmjBJSfj1Y5N7YJmMg8zRSjiHXbP5NWSkMykDSRkcPrd,0x0000000000000000000000000000000000000000000000000000000000000000,0,3460,1724,0,999995051,2000010108,0.0000017240085
5iwaLG2XnPSrNLxvKfJftxvdo3Lc3n5puY5g1uEh3u8N,0x0000000000000000000000000000000000000000000000000000000000000000,1372,0,0,2735,1000013508,1999973647,0.000001367518
AhEQFsfp4aq5sAheDHvrZwAmQsVibzJvp7BcyeGxzyst,0x0000000000000000000000000000000000000000000000000000000000000000,4625,0,0,9221,1000021089,1999958544,0.0000046105956
HNpVGBQNfZVJT4EbTQvtygmJD2JacLZj8jaT2Cx8sBzq,0x0000000000000000000000000000000000000000000000000000000000000000,1890,0,0,3768,1000002826,1999994793,0.000001884005
DU1XD85wAtkvtVECwUT7FVNnJbJJnBSsixQukzXtyyZE,0x0000000000000000000000000000000000000000000000000000000000000000,3267,0,0,6514,1000028139,1999944488,0.0000032570904
4zdHP6baM8KLA9yZnjUoTtkBua62EvzsypT4y6CY9rxM,0x0000000000000000000000000000000000000000000000000000000000000000,0,2710,1350,0,999996775,2000006648,0.0000013500044
GHfagh4k3QG48AMUScsiBD8kr3DGKjyKe1PeB4vsmvGT,0x0000000000000000000000000000000000000000000000000000000000000000,3749,0,0,7474,1000042084,1999916746,0.0000037371556
Bc5FH8Vfw9SKpSgeL9gfbJkN442sqnpczgux2nXNkixu,0x0000000000000000000000000000000000000000000000000000000000000000,2755,0,0,5493,1000000274,1999999846,0.0000027465003
CbgkJGw5Gu8cPL1xDpM83znkSjySqaAyX2ApJWyY2oWn,0x0000000000000000000000000000000000000000000000000000000000000000,0,3083,1536,0,999997627,2000004808,0.0000015360037
3583sWacDVwKNJkroRdPcSLVi9tZRmzqAhP6tsfYNDA7,0x0000000000000000000000000000000000000000000000000000000000000000,2081,0,0,4149,1000006902,1999986774,0.0000020745138
49CYvS8KMDg4UAuqQ4wzUs98ATdtRy4EHeP7wdV2rJSo,0x0000000000000000000000000000000000000000000000000000000000000000,1347,0,0,2685,1000028288,1999944208,0.0000013425374
56KMfxfupwt8G9a3UgW8UkHKy1kQ612otj47AJHDfLfd,0x0000000000000000000000000000000000000000000000000000000000000000,0,1733,863,0,1000032042,1999936736,0.00000086297234
HLWTd7ncdzg2WfTopBHjWQsNotsM8wxzPmYFhea1QUHm,0x0000000000000000000000000000000000000000000000000000000000000000,0,4684,2334,0,999998753,2000002525,0.0000023340028
CZEBWRcbmc35BJa2Qtk8SEMwQvq4F4tviXiSVdboTvX7,0x0000000000000000000000000000000000000000000000000000000000000000,2436,0,0,4857,1000038335,1999924220,0.000002428592
Ax2uzbzJmZdi1BmbhJcuYBeeMRciQxMMbT1NhwSy4wGv,0x0000000000000000000000000000000000000000000000000000000000000000,0,1736,865,0,1000012643,1999975383,0.00000086498903
2SSZkgUfWs7fAhoY75MJTYq8YrESSxAoNwxaRqr9mJWw,0x0000000000000000000000000000000000000000000000000000000000000000,1027,0,0,2047,1000024872,1999951002,0.0000010235251
nZFQegeKujFeYk2CCoVFNH2jcCzpY7nso1644T4H8XK,0x0000000000000000000000000000000000000000000000000000000000000000,2501,0,0,4986,1000038191,1999924477,0.0000024930941
7fTeuQ4myqHVBtR4qJKUyTeu2eFfDd16pNNoBPAAFu1D,0x0000000000000000000000000000000000000000000000000000000000000000,4617,0,0,9205,1000032905,1999935003,0.00000460265
54cSW96YF8SPY3H8X3z36YEQeZhDCuTVmNmWDsSRWgEt,0x0000000000000000000000000000000000000000000000000000000000000000,1542,0,0,3074,1000041052,1999918910,0.0000015370624
4JNFWS3CxMHabEMydGiydupbHWpAvtbcQiF1JJ3fzAYW,0x0000000000000000000000000000000000000000000000000000000000000000,0,3406,1698,0,1000041377,1999918238,0.0000016979297
EraL18vRo9zBQUUCSb5XE7SvNXkBHRm6zpgWm2GxtTy,0x0000000000000000000000000000000000000000000000000000000000000000,0,3746,1867,0,1000039510,1999921984,0.0000018669263
JCYVqFYLbwnBCVpT2ZaBYrDwB5a1bBfE7YjkrfJBAf8D,0x0000000000000000000000000000000000000000000000000000000000000000,0,1379,687,0,1000035899,1999929077,0.00000068697534
LemtU7VP1MmxFnEzJnWc8KU2Za8YqNoRFN9TiFdkjcP,0x0000000000000000000000000000000000000000000000000000000000000000,0,1423,709,0,1000040343,1999920333,0.0000007089714
8aTheDfgD8khxE3kNrBejLVWTCjSDisHCpVMaspy365C,0x0000000000000000000000000000000000000000000000000000000000000000,3648,0,0,7273,1000035690,1999929463,0.0000036366282
J9rBErvJKrvcQ1sZwovqkWMYvCSvfDYHGan7YfXxjHuz,0x0000000000000000000000000000000000000000000000000000000000000000,1909,0,0,3806,1000042037,1999916901,0.000001903079
Bbx8VfP19ctuR1SmW3jJ1ViCzqdFXKCYM3BV5o3ia76W,0x0000000000000000000000000000000000000000000000000000000000000000,0,4669,2327,0,1000040128,1999920707,0.0000023269067
4htiwsjQESJjbEaep4v5eutHoJ5BfJUGGYrwdQXPqbYt,0x0000000000000000000000000000000000000000000000000000000000000000,2810,0,0,5602,1000042455,1999916038,0.0000028011175
23TQVChWBied4PJLsFVoorcaafTQ4Pmb8VNAjVWK6Gvs,0x0000000000000000000000000000000000000000000000000000000000000000,1038,0,0,2069,1000043075,1999914832,0.0000010345441
G7XrMZ3BSqUQPLe9AwRzW1ydC2FRtFCDgoX58B1338ee,0x0000000000000000000000000000000000000000000000000000000000000000,0,4894,2439,0,1000039645,1999921640,0.0000024389035
2NkfVKmSQxPV2KAUFJ3PRM6JYng2sv6TvmGWPHZZwav4,0x0000000000000000000000000000000000000000000000000000000000000000,0,1387,691,0,1000043393,1999914344,0.00000069097
HcwHrzXXaSeym6NGtGwWyLpnWapru4eTCWyTZeUXZ9vy,0x0000000000000000000000000000000000000000000000000000000000000000,0,1268,632,0,1000064451,1999872408,0.00000063195927
DYjPAV6npHn17ntY8mbEPTArV42js5JRiC5EHogqJfgw,0x0000000000000000000000000000000000000000000000000000000000000000,0,3761,1875,0,1000039674,1999921690,0.0000018749256
9yEhwtfixXzhPiiSch8KB8GjpKfD4sbKBHiWWKtoc1MU,0x0000000000000000000000000000000000000000000000000000000000000000,1206,0,0,2404,1000041549,1999917929,0.0000012020494
9Em8L6AdiHuPhx5cHfBJAMNo9nAGJpc1sWo7Azo2g3x8,0x0000000000000000000000000000000000000000000000000000000000000000,4686,0,0,9343,1000047291,1999906523,0.000004671718
Hd72fho1caJGbjs6tSGCatuVcqTydGrTwzqPySPbxrwe,0x0000000000000000000000000000000000000000000000000000000000000000,0,2536,1264,0,1000044084,1999912957,0.0000012639442
EtTXspqC6W2aUYTrR53mErfU6B8BjxSb2vLQfySgYrBp,0x0000000000000000000000000000000000000000000000000000000000000000,0,3898,1943,0,1000045348,1999910421,0.000001942912
3H1vMJjUJy8YvXFnHWU1RGcZDc9M4LHDk4dodgbYjqDv,0x0000000000000000000000000000000000000000000000000000000000000000,1020,0,0,2033,1000044016,1999913034,0.0000010165442
GtJ89EVx8t3NAaWN1s5D7m7g2ccqmR7eQ1SCHUFFbQna,0x0000000000000000000000000000000000000000000000000000000000000000,0,2832,1411,0,1000042605,1999915866,0.0000014109398
514nz8C3uvTan5R6ZPfnkPZiiHKvtNXv6R6iBtcaNhng,0x0000000000000000000000000000000000000000000000000000000000000000,3322,0,0,6623,1000042996,1999915067,0.0000033116407
43PduhVR77xEwLJBzeJcdR49zjWpTXPdWiFjxRkSCmkx,0x0000000000000000000000000000000000000000000000000000000000000000,1977,0,0,3941,1000051591,1999898029,0.0000019706006
3EXBoS46Dra8xEfZuQTJfjb6dNe6U6UgAghxatHzPpqG,0x0000000000000000000000000000000000000000000000000000000000000000,2701,0,0,5385,1000057038,1999887179,0.0000026926518
FMZdfScN2j8jP1xFVD5jXE6PBdhNHtAooSvhhBAYpdjx,0x0000000000000000000000000000000000000000000000000000000000000000,0,1583,789,0,1000050802,1999899612,0.0000007889599
76WGcsxvh8cCq2ru9Zhrnucrq6hm79Bouy2yHuG6iPmU,0x0000000000000000000000000000000000000000000000000000000000000000,3697,0,0,7371,1000047090,1999906973,0.0000036856716
9kaUgSTHtrbSQKoPzFTpmKcAGq4wrJYrxWSBDmcihrPC,0x0000000000000000000000000000000000000000000000000000000000000000,4851,0,0,9671,1000049614,1999901970,0.000004835737
Ghz5WVQjnng5t9TEk8e2bkS8m6SaDNF918SgAcZojzx8,0x0000000000000000000000000000000000000000000000000000000000000000,3108,0,0,6196,1000065083,1999871140,0.0000030981996
ETtEihXUEZSexsLwJQaUGF7LHCphrz5Co2rKzAmBw43X,0x0000000000000000000000000000000000000000000000000000000000000000,3535,0,0,7048,1000054337,1999892564,0.0000035241892
5cWqUqgnNtt6rmtLadFq3ZyG91rrKGp32DFqH5pS8RLh,0x0000000000000000000000000000000000000000000000000000000000000000,0,4668,2327,0,1000044763,1999911641,0.0000023268958
DsXSRsSo89eXTVvHUxBLEgYiPKTSxsVFH8oDH5GWT6aM,0x0000000000000000000000000000000000000000000000000000000000000000,4937,0,0,9843,1000061975,1999877336,0.000004921802
ztmvjUw4JWMoPjeWZ8uEqN6sGaSffqdCkVfmBCD3WtW,0x0000000000000000000000000000000000000000000000000000000000000000,3469,0,0,6916,1000072863,1999855638,0.0000034582497
HAgwq56aZ9r2WgrdvDeUhqFM85osiSShZecUaAFSq499,0x0000000000000000000000000000000000000000000000000000000000000000,0,4282,2134,0,1000070504,1999860446,0.0000021338494
7oNWdxcx8UmyN5exQuEu5PnTGsBzf9PCx1Ai834D8fU5,0x0000000000000000000000000000000000000000000000000000000000000000,3035,0,0,6050,1000069394,1999862554,0.000003025208
BH4a7rFfUToST4Mr3GxARR1zvqqJcvmYX3BjQjy4EWU5,0x0000000000000000000000000000000000000000000000000000000000000000,3628,0,0,7233,1000070519,1999860388,0.0000036167526
acNEpvyffCD1tbUTF8MjvkCHyf4bNSwsGCxLS9PCXvq,0x0000000000000000000000000000000000000000000000000000000000000000,0,2868,1429,0,1000066891,1999867621,0.0000014289044
G71toZoU9pZFqnvJMr9jMZiyx7HdzSaj36PqZ6Nujbza,0x0000000000000000000000000000000000000000000000000000000000000000,2119,0,0,4224,1000072638,1999856164,0.0000021121518
7QfC4zRYziB9euAJ96cz51GszQVj5gmBpqyzua14fEFJ,0x0000000000000000000000000000000000000000000000000000000000000000,0,4908,2446,0,1000068320,1999864753,0.000002445833
J1zT2qg3NTx3jhvu6hEEuioQ4Hz1rdiocqLCegw8TDbq,0x0000000000000000000000000000000000000000000000000000000000000000,0,2834,1412,0,1000069092,1999863280,0.0000014119024
B1sxFiKCcU78Varbyg9DKfnMydG618rrbZy8ZgdaaKRY,0x0000000000000000000000000000000000000000000000000000000000000000,1908,0,0,3804,1000066359,1999868604,0.0000019021251
2SqQmF94fUhtYh4d5zffaGGx6aVd7seWi4GjnfgDdsRJ,0x0000000000000000000000000000000000000000000000000000000000000000,0,4207,2097,0,1000070766,1999859845,0.0000020968516
44wkZ5s3AP7S9eGnefg3nYofCnVRX3H7oWCfDdoDdcvZ,0x0000000000000000000000000000000000000000000000000000000000000000,0,1808,901,0,1000065723,1999870040,0.0000009009408
FRYEYzymPDUhRiyoQzHqg8vf7W7YoRGpNa1Q3NMNrL7C,0x0000000000000000000000000000000000000000000000000000000000000000,3316,0,0,6611,1000076895,1999847803,0.0000033057515
9GuYDwzQhcgesRjfJHQyFhf4bQaJGwbdfM1b26RXXQ5C,0x0000000000000000000000000000000000000000000000000000000000000000,2184,0,0,4354,1000073579,1999854414,0.0000021771584
9uVGbcUdGo7Dhnj9aVi49nm3dVQ6zfsccfMebXzaqMRV,0x0000000000000000000000000000000000000000000000000000000000000000,0,3635,1812,0,1000068429,1999864668,0.000001811876
8MrYLReVHGdrHXtMc7igC2pMyqGdN4LSzedhVNoRc2Wj,0x0000000000000000000000000000000000000000000000000000000000000000,3935,0,0,7845,1000071395,1999858768,0.000003922777
5Gzgtcd6zH22MDqxHXJLMNPXwoag6XLzPKZdAt3Tw6jY,0x0000000000000000000000000000000000000000000000000000000000000000,0,1945,969,0,1000067460,1999866613,0.0000009689346
92Bb9pd7ZNNKZNEb4hYXGoQW32cJ6UD16QjapjSBZu1V,0x0000000000000000000000000000000000000000000000000000000000000000,3649,0,0,7274,1000079028,1999843687,0.0000036372842
mVavZzQj7m3Bxq1sYkqFV4LMyt3HeU9DZXg2g4TWNe3,0x0000000000000000000000000000000000000000000000000000000000000000,4518,0,0,9007,1000070241,1999861033,0.000004503813
CJ1oFipV4buvwRvjnWNRQsoJRwjDApWwdC5UNdTQkFMf,0x0000000000000000000000000000000000000000000000000000000000000000,1319,0,0,2629,1000078214,1999845174,0.0000013146018
EUezbAb8DNixMKeuRrf5CYyLnS1HJ4v58HpM9gbkRYwF,0x0000000000000000000000000000000000000000000000000000000000000000,0,4952,2468,0,1000066624,1999868232,0.0000024678357
9Yd2Z7xpEgnnVV2LFpPLqxRPr64dyJZ2F1JRReXTXRGz,0x0000000000000000000000000000000000000000000000000000000000000000,3635,0,0,7247,1000078082,1999845519,0.00000362378
64v3N7FW2EsC24emdKrJNAiDAKeZzjMHHtcuodsgsaCf,0x0000000000000000000000000000000000000000000000000000000000000000,0,3895,1941,0,1000075379,1999850961,0.0000019408537
Bgc3KKE5mDM3EsMyMxZqs3vfq1ZSr9z8zVRTqTuah8tK,0x0000000000000000000000000000000000000000000000000000000000000000,0,3826,1907,0,1000076307,1999849000,0.0000019068545
9QvWJcGBLdmLPovmPTZEgRGwksGrkA6VL4fVuAuE5ncq,0x0000000000000000000000000000000000000000000000000000000000000000,2550,0,0,5083,1000076778,1999848088,0.000002541693
5BZjDBCCkL6ZNsiA5trQHEH883LAtYuUVbtsraBG8pP9,0x0000000000000000000000000000000000000000000000000000000000000000,0,2280,1136,0,1000074447,1999852766,0.0000011359155
4uCdjE7r6JACUvmo4BnTYAim4DYwEcpA9Jnnc2UhWRd8,0x0000000000000000000000000000000000000000000000000000000000000000,0,4513,2250,0,1000075832,1999850032,0.0000022498293
F7Zn54qFPPSUw6jXfTQZbEa5icPQHmtvozEvTJZJoKmo,0x0000000000000000000000000000000000000000000000000000000000000000,1488,0,0,2966,1000077320,1999847066,0.0000014831135
F7eJFmv7xmhjsyYxeXat4uujWvyacpnx271eW1XUbzC4,0x0000000000000000000000000000000000000000000000000000000000000000,0,2398,1195,0,1000075583,1999850486,0.0000011949097
BMFyuQvV7pVHM2fSEf9QQwRFuRuMWQ7J6jiV6TswTwcy,0x0000000000000000000000000000000000000000000000000000000000000000,0,4171,2079,0,1000074228,1999853171,0.0000020788457
DcheGQ7nafwqGXoBoSprUEAjFnbktXJrCyE9W5s4xhnB,0x0000000000000000000000000000000000000000000000000000000000000000,4331,0,0,8634,1000089914,1999821986,0.0000043173845
HGudTGvkSMFfYPJmX4yzNXcibhEBXaE2Hx9CorF6Pbnt,0x0000000000000000000000000000000000000000000000000000000000000000,2414,0,0,4812,1000084169,1999833439,0.0000024062003
FE17oiZatZHPs2v6AfACTHBLAzucjBBDomNH32XZJd5E,0x0000000000000000000000000000000000000000000000000000000000000000,2727,0,0,5436,1000081755,1999838251,0.00000271822
5YxJgNeBaKM4WVB7LZYnzCtnGhEhUTrjJd3FDRKpz5wT,0x0000000000000000000000000000000000000000000000000000000000000000,1414,0,0,2819,1000085583,1999830620,0.0000014096194
FPGDgpjcJcj2FVxWGZvEzhy48Cf5nbA5iCnNUnHE8sT4,0x0000000000000000000000000000000000000000000000000000000000000000,0,3377,1683,0,1000088231,1999825363,0.0000016828515
CGzHSSTctKHLjy1QR1BfsRRsEDqeEsPMwRQs1wK5dzQt,0x0000000000000000000000000000000000000000000000000000000000000000,3162,0,0,6303,1000114663,1999772824,0.000003151858
E4y3vG7xsQTdtgTi1B8qTk1oAcRa7p6vGU9kVZ9sofou,0x0000000000000000000000000000000000000000000000000000000000000000,1474,0,0,2938,1000111501,1999779127,0.0000014691623
8JhVYW9j9rSZDr6ZongCkPCjXZPyewVkEkSCzT25zt44,0x0000000000000000000000000000000000000000000000000000000000000000,4090,0,0,8153,1000117571,1999767179,0.0000040769746
DNXuErcN7i45zqiaDDxaYzFaNEp9YcFL3cU8ng2V4kvA,0x0000000000000000000000000000000000000000000000000000000000000000,4857,0,0,9682,1000122862,1999756768,0.0000048415886
FeftqdJvGXgmpaoPjN42yRFj2yu7GXY4dtbJcybSqC38,0x0000000000000000000000000000000000000000000000000000000000000000,3015,0,0,6010,1000125877,1999750758,0.0000030053745
5ZPH2sAxTRjctDTyWVjG34xoBAcZR7SaxaDH7gGyq7CK,0x0000000000000000000000000000000000000000000000000000000000000000,4937,0,0,9841,1000148056,1999706729,0.0000049212217
48SLfiGsWyFzyfFVrTdRzGG1NHGTYLBRy885ri6eCsXr,0x0000000000000000000000000000000000000000000000000000000000000000,3091,0,0,6161,1000151147,1999700568,0.0000030809613
8ppEEo7HftBMbXULYrYZ72AsauQkRQF5DsV7LVKhtEia,0x0000000000000000000000000000000000000000000000000000000000000000,3790,0,0,7554,1000169705,1999663875,0.000003777635
51XHadRwqYCcnsSMUi2Shno3p69jt7vhnfv6VvAtvvFG,0x0000000000000000000000000000000000000000000000000000000000000000,0,4509,2248,0,1000161605,1999680020,0.0000022476368
36L15JF6bTSiqoG2CdC2qK8r3rRDBpWqNt75tnVgYqFH,0x0000000000000000000000000000000000000000000000000000000000000000,4310,0,0,8591,1000165915,1999671429,0.0000042962056
E3Bp72PMLzstvbGGPZef9RYQSFzo43CcsX5a7NGNYjyP,0x0000000000000000000000000000000000000000000000000000000000000000,1795,0,0,3578,1000090026,1999821785,0.0000017891593
4a4cLbqsW3kEJjsDaUNQRNVqZkyf3sZVGjGWpvqTFo2i,0x0000000000000000000000000000000000000000000000000000000000000000,0,1739,867,0,1000089159,1999823524,0.00000086692273
EmpPNF1vxf4hdza3JgnD2LXgvpEkX4GevKvgDUUkvX7u,0x0000000000000000000000000000000000000000000000000000000000000000,3749,0,0,7474,1000100434,1999801121,0.0000037373718
HuaJGYdbwvb531K45tXhG8osPe9kCdbsEyGeqY7yNQf2,0x0000000000000000000000000000000000000000000000000000000000000000,4592,0,0,9154,1000095683,1999810519,0.0000045774336
8V475hdPjbKZf379GcLMN9psRvu9Uw1qmXyfXzRAL8kT,0x0000000000000000000000000000000000000000000000000000000000000000,0,1841,917,0,1000092685,1999816569,0.00000091691504
E1Hc2aE15jshPRapapcam5vsxNZggyvgpDscnV4CNEkW,0x0000000000000000000000000000000000000000000000000000000000000000,2668,0,0,5318,1000097117,1999807676,0.0000026592559
EdLt8WCXj46oRuvfZbkHtCbvNqiYi6P4KFFmToMnyUsT,0x0000000000000000000000000000000000000000000000000000000000000000,0,2873,1432,0,1000095685,1999810549,0.000001431863
4vEPpdVfDuoWQCnsVkwD7Lhm8Fw4RVAXLimKRm8LhW11,0x0000000000000000000000000000000000000000000000000000000000000000,4000,0,0,7974,1000096685,1999808595,0.0000039873817
JPRUGbKRpPdksbBihqsy7Dj7bkhDdG68aJsGqAkXSQL,0x0000000000000000000000000000000000000000000000000000000000000000,0,4179,2083,0,1000093602,1999814728,0.000002082805
3bEKkuyuS8pNoLhaf2nkoyms8tkBvepaTGdd5zdWKggw,0x0000000000000000000000000000000000000000000000000000000000000000,2727,0,0,5436,1000103161,1999795685,0.0000027182778
3dSkfD8PAUs1KT36zFZpL9JruRVB8ZHW3bCvDw2KjEvz,0x0000000000000000000000000000000000000000000000000000000000000000,0,2475,1234,0,1000094449,1999812994,0.0000012338835
BeAniAsxv8b36CTBZhTsi5XFkDeLsDi3FKTy4LhBJKM9,0x0000000000000000000000000000000000000000000000000000000000000000,1932,0,0,3851,1000091091,1999819673,0.0000019256736
8vNA8CpUpv4xUb4RyGvfpCrTJXVBqFTWZTvjNMwoKkhf,0x0000000000000000000000000000000000000000000000000000000000000000,1449,0,0,2888,1000104610,1999792797,0.0000014441497
3W43MNunpWLM5Doac9NhuY6SStgFRLDpALL9HA1tFRYW,0x0000000000000000000000000000000000000000000000000000000000000000,0,1742,868,0,1000103742,1999794539,0.00000086790993
4o28KtB83s8EWMrop4aWvTjuHVagZoR2C9vf7btZbqet,0x0000000000000000000000000000000000000000000000000000000000000000,0,1184,590,0,1000103152,1999795723,0.00000058993913
BHGCNGRuRjY7tmbi9RMYnmpmveWbhgqJKmkPzhgrvteF,0x0000000000000000000000000000000000000000000000000000000000000000,4764,0,0,9497,1000107916,1999786226,0.0000047490075
62zaLS8TifjBanpgzCvrtngop19Vkgmd29BRf5pDSfzc,0x0000000000000000000000000000000000000000000000000000000000000000,1448,0,0,2886,1000109364,1999783340,0.0000014431564
BKcAvB31Vcs86D2mMWM5TmDjDz38B8yA8LNv4F4uWoij,0x0000000000000000000000000000000000000000000000000000000000000000,0,3925,1957,0,1000110703,1999780708,0.0000019567833
67ehGzTUV4YFatD1NesbqPRLM3KiMseYFbAVkp8eaUna,0x0000000000000000000000000000000000000000000000000000000000000000,0,1357,676,0,1000110027,1999782065,0.00000067592566
HEHcmCSSSmZPw8sMKQz3qQyxTdebj6jPUKXXH5qk1xAj,0x0000000000000000000000000000000000000000000000000000000000000000,0,2136,1065,0,1000108299,1999785476,0.0000010648847
5hvycK4hwU6pmpFgpMZoiW1zQSh9hp2WDNWsuxXruSQS,0x0000000000000000000000000000000000000000000000000000000000000000,4361,0,0,8693,1000112660,1999776783,0.0000043469854
YpvfT8wX1Jjh7KaDrrG8FGxoeT2Wqi6Mmvzy3fzCqFv,0x0000000000000000000000000000000000000000000000000000000000000000,2237,0,0,4459,1000111198,1999779804,0.0000022297454
FyA9dzNx93bAQJEiDs6c3ePFCehMfhsLqsbdC3UuDy7w,0x0000000000000000000000000000000000000000000000000000000000000000,0,3411,1700,0,1000109498,1999783215,0.0000016998139
8JHEzpFxxjWy2EsupvNcaqpwDghAbPUkves5bvnHxMjN,0x0000000000000000000000000000000000000000000000000000000000000000,0,2838,1415,0,1000113248,1999775662,0.0000014148397
HmCArcYR6nAFpifUsNLnYadQpjJ9JNzFWpM6Wwb5BCRJ,0x0000000000000000000000000000000000000000000000000000000000000000,0,4163,2075,0,1000111173,1999779825,0.0000020747693
7BNCeWs16wuas3rc5CUyZd686ucGhntfo8FG5hVvMTTm,0x0000000000000000000000000000000000000000000000000000000000000000,0,4438,2212,0,1000108961,1999784263,0.000002211759
4pP1m6tJTodxKEQbAXJwpwTUFPN4Nw9MVKUvFHAfdacF,0x0000000000000000000000000000000000000000000000000000000000000000,1079,0,0,2151,1000110577,1999781064,0.0000010756177
ATNEcpGpXDqA6AoAHsPEbdvo4RtBBAkXp2dGURUAeVL2,0x0000000000000000000000000000000000000000000000000000000000000000,1479,0,0,2948,1000111059,1999780116,0.0000014741621
4BrmERK4fznjSqECckjRvBUkeY9aS5WfomVtoGsjxXnu,0x0000000000000000000000000000000000000000000000000000000000000000,0,2000,997,0,1000109580,1999783064,0.0000009968908
5M5KABMUMd2gzJbFbFS5qKX8qgqkqUYPVAUMCeBStKBM,0x0000000000000000000000000000000000000000000000000000000000000000,0,2662,1327,0,1000110413,1999781448,0.0000013268535
CEfYsaFv3rur7wwMq88Sq6z4LdFKSaPV5pazAbWjCRTS,0x0000000000000000000000000000000000000000000000000000000000000000,2866,0,0,5713,1000113925,1999774403,0.0000028568222
7d34yyz7AdSypFi8o8zg2okBzqBkcTRYZDEoESWTXzBe,0x0000000000000000000000000000000000000000000000000000000000000000,3068,0,0,6116,1000113481,1999775332,0.0000030583435
HicZLLVJevhrY2zpwrQrV6fhZQeT466SwjknLLPfCokh,0x0000000000000000000000000000000000000000000000000000000000000000,0,4383,2185,0,1000111740,1999778786,0.0000021847559
2vw13VpK3HARaWDCVBp3XL15ZEMPyUFFLkAjdfWEQTww,0x0000000000000000000000000000000000000000000000000000000000000000,0,2225,1109,0,1000115084,1999772184,0.0000011088724
Br2uBq8CJEVzdReDuWp7TU9f3FU6UmGdvY2hBY7rtTtc,0x0000000000000000000000000000000000000000000000000000000000000000,0,3381,1685,0,1000115886,1999770560,0.0000016848047
77f3bUVe3rTcXtWLArdGiTP7ENqJTrFJwRPNDi9ryTyf,0x0000000000000000000000000000000000000000000000000000000000000000,1182,0,0,2356,1000117068,1999768204,0.0000011781366
GSWcyF8Xor9aDxaMLz3L1GfPnq7XMvdLpgGYNDCC8BD9,0x0000000000000000000000000000000000000000000000000000000000000000,0,4246,2117,0,1000112967,1999776430,0.000002116761
b9jnV1YwCvu398HJdXfx8Zz8AjXnfG3hYtYwM3LKrYW,0x0000000000000000000000000000000000000000000000000000000000000000,0,1755,875,0,1000116193,1999769959,0.0000008748983
7GmwtmhVPq1XW3JM5hDGRAgS5iXGft5HMFma5EDUBPAx,0x0000000000000000000000000000000000000000000000000000000000000000,1433,0,0,2856,1000114400,1999773574,0.0000014281617
HAoRGPaFAmXHM17pTmPM3p5ntyaCPTV3E1KN282snzyp,0x0000000000000000000000000000000000000000000000000000000000000000,0,3532,1761,0,1000112639,1999777106,0.0000017608016
2e3vSg3cEy7WVRRyER6PhzUWjiYSs9NGNEVJmV64rX48,0x0000000000000000000000000000000000000000000000000000000000000000,4522,0,0,9014,1000117161,1999768092,0.0000045075226
Bye2rmNJAfsi6R2ZnF5NN2V265P1BnHPoh7rR2oARwhr,0x0000000000000000000000000000000000000000000000000000000000000000,0,1508,751,0,1000116410,1999769600,0.0000007509126
F4nPKcTx8X83uaUrEPw2ga5gxpoRVbHXVCDafcBduABY,0x0000000000000000000000000000000000000000000000000000000000000000,0,1937,965,0,1000115445,1999771537,0.0000009648886
EEEVtqg1RLyTeng5HTKVGXF4ATcerpWfGsHcjvBNBZE5,0x0000000000000000000000000000000000000000000000000000000000000000,3753,0,0,7481,1000119198,1999764056,0.0000037409413
FEcjFEj1grEybfz2VgswCEQccQd1JqGFbjSkzzrJ7xtj,0x0000000000000000000000000000000000000000000000000000000000000000,0,2394,1193,0,1000118005,1999766450,0.0000011928593
2SRkJLBNWesSjz5vRBwtiTSBnzvpsNzfPeNdFaKMkioX,0x0000000000000000000000000000000000000000000000000000000000000000,2493,0,0,4969,1000127362,1999747812,0.0000024848132
A5gEFXLwVTBN2e2fxpidE85udqUrtcSEzkpR1baXgTt6,0x0000000000000000000000000000000000000000000000000000000000000000,0,2023,1008,0,1000124869,1999752781,0.0000010078742
6V8zAe2G1gfaK1Cx8ZuowEBf2EPfecbRBqcuqW9fMacd,0x0000000000000000000000000000000000000000000000000000000000000000,1020,0,0,2033,1000128382,1999745779,0.0000010166292
EZAMCNQEBZ8bnNmoWXqSxdT4ryrVm7jn8syLvpVpW7uS,0x0000000000000000000000000000000000000000000000000000000000000000,0,4478,2232,0,1000126150,1999750257,0.0000022317186
HrTdb36vkLZkj1hKV24oTiFeqJ4LrABzJ8mbu93gQE5m,0x0000000000000000000000000000000000000000000000000000000000000000,4029,0,0,8031,1000130179,1999742226,0.0000040160176
4Rxe7kZ5SCLtK3ZTwLGRAKhGVZtjFKaDkxsScN5Vwyap,0x0000000000000000000000000000000000000000000000000000000000000000,0,2254,1123,0,1000129056,1999744480,0.0000011228551
EGtHNZ4jEs9J21rYkKYD4j68rkgMsEkMd99dhLYTNGSn,0x0000000000000000000000000000000000000000000000000000000000000000,4559,0,0,9088,1000135299,1999732035,0.0000045446086
GxsEszf56kaJLwZ13mqm6PrwsPCzATf4Qf6yHKN9UXuK,0x0000000000000000000000000000000000000000000000000000000000000000,1684,0,0,3357,1000130740,1999741123,0.0000016787172
8Bt2DrAH1Cj7L5qd1ZyLacA5S9roT5oCnNDX6TeJAiMg,0x0000000000000000000000000000000000000000000000000000000000000000,0,4462,2224,0,1000133075,1999736497,0.000002223704
EpbmqBQYCf9SqicRPQyeGKJ9SnMLYV5mqeFk9ZqNTEhr,0x0000000000000000000000000000000000000000000000000000000000000000,0,3342,1666,0,1000132652,1999737392,0.000001665779
FcVEabkdryt3AAf4ZF849CmtrTXcNgQGihr3CVy16E4w,0x0000000000000000000000000000000000000000000000000000000000000000,0,2330,1161,0,1000131491,1999739722,0.0000011608473
GPgtqmDryAF3XnpmXGfmrF2W32NZPhqs8R8c1Z9GyonP,0x0000000000000000000000000000000000000000000000000000000000000000,3697,0,0,7369,1000136772,1999729128,0.000003684999
DnX5FJ9KkCA31SveYXvordwGGJoaHC3oT4XDokMw8f6k,0x0000000000000000000000000000000000000000000000000000000000000000,0,4922,2454,0,1000134318,1999734050,0.0000024536703
Dvgv98ZpMPE3MNyG9meTw24BMnjCWueV258Mq9iXDQUc,0x0000000000000000000000000000000000000000000000000000000000000000,0,2445,1219,0,1000130272,1999742167,0.0000012188411
Bs2DunQyNRbkLJCTH22H4M7Thvg9aqzxwQ2REH7ozUCg,0x0000000000000000000000000000000000000000000000000000000000000000,1868,0,0,3723,1000133136,1999736469,0.0000018617453
7pHLWot4vn4ywGuGXswv4AHmNqub7fggjxfPaT2TsivY,0x0000000000000000000000000000000000000000000000000000000000000000,0,1491,743,0,1000131268,1999740192,0.0000007429025
4XeJ5cdmecq2ULSayXmkSUDjykhRQQUjhj33c9Vxushz,0x0000000000000000000000000000000000000000000000000000000000000000,1739,0,0,3466,1000132011,1999738701,0.0000017332264
BMEzcjaSwwzMksurpcoStXkphw4au8z2iMuTBSf2HkWm,0x0000000000000000000000000000000000000000000000000000000000000000,3370,0,0,6717,1000136506,1999729752,0.0000033589538
Hz83yH7UxpMayW5eLC4Psyn7B1K6A7QUWKdUAzXw8c1E,0x0000000000000000000000000000000000000000000000000000000000000000,2052,0,0,4090,1000138558,1999725662,0.0000020452806
3AMxzgW9JzwrXTCgSxtRQZvMgEAJCySfz3rc94EkPgTW,0x0000000000000000000000000000000000000000000000000000000000000000,4561,0,0,9092,1000143119,1999716570,0.000004546644
Fwu5AJNQEe9P2bBznVq8VAFvLBLL7J9Ek1b1rDAekVPK,0x0000000000000000000000000000000000000000000000000000000000000000,1776,0,0,3540,1000154405,1999694074,0.0000017702707
3jyWt9F5WKzAHoiEb8prizWatxSExCyos7wTfCNyE2Qq,0x0000000000000000000000000000000000000000000000000000000000000000,1482,0,0,2954,1000152629,1999697614,0.0000014772233
CSBQcY71bQVox38NaamTfu6pt9vEryzTJ8oavnssnmf,0x0000000000000000000000000000000000000000000000000000000000000000,0,4047,2018,0,1000152387,1999698121,0.0000020176926
8Ngnfn5nC5BiDtxNLniaxBsZUYhRrN9P9bpD8MHb3ejx,0x0000000000000000000000000000000000000000000000000000000000000000,1022,0,0,2037,1000153742,1999695452,0.0000010186551
CUUw9rTzbU9rFKVYgSb9tJoSHdFB8MXLwpczJiY2FJxZ,0x0000000000000000000000000000000000000000000000000000000000000000,0,4997,2491,0,1000152720,1999697489,0.0000024906196
H8VAdsU2HPixoH3sdPpdZxYf2SBL1AEBjiRGYZN8NeLx,0x0000000000000000000000000000000000000000000000000000000000000000,2824,0,0,5629,1000155211,1999692492,0.0000028149327
H2bwg3uednTJPjueK3ciGavMJDdtnhFtwet7NTGbikYK,0x0000000000000000000000000000000000000000000000000000000000000000,4235,0,0,8441,1000157977,1999687011,0.0000042211605
CAQdxMejauQAQrtkxubmGaKMCRp1ebPj8i4gd8BXAyCL,0x0000000000000000000000000000000000000000000000000000000000000000,3937,0,0,7847,1000161914,1999679164,0.0000039241295
AphFS1nyrVWcexxS7FHXTSSwQosq3jaoMdurfLvS2cwo,0x0000000000000000000000000000000000000000000000000000000000000000,4663,0,0,9294,1000166577,1999669870,0.000004647767
57j6zKG87GPvhPVGgo73WS4P66ujeAfNySXpuMga5s63,0x0000000000000000000000000000000000000000000000000000000000000000,0,1027,512,0,1000166065,1999670897,0.000000511915
Cv1m9g1mRTk2e1PTTi5ZLEuMzQaqnrNQWxjH5GDxqLWs,0x0000000000000000000000000000000000000000000000000000000000000000,2404,0,0,4791,1000168469,1999666106,0.0000023959
HnziWPYtauL8VuMaLjpTTsS1asofQVDEZxNxncqxytVy,0x0000000000000000000000000000000000000000000000000000000000000000,0,1317,656,0,1000166673,1999669710,0.0000006558907
3MKrpcgCChzdfhC8vMEyz6mieTKBRFqdG6iZLVcygTZy,0x0000000000000000000000000000000000000000000000000000000000000000,0,2287,1140,0,1000167329,1999668393,0.0000011398092
7P9RYvGYgs5Bw7BY3TSZTaiTh2upg5NhSAGHsNsLu4wD,0x0000000000000000000000000000000000000000000000000000000000000000,0,4116,2052,0,1000164621,1999673826,0.0000020516622
6jni9JZE7csXioDjTfS1TCt2FRF1Hh5xcHVuAsZ8Mxjx,0x0000000000000000000000000000000000000000000000000000000000000000,0,4434,2211,0,1000166338,1999670431,0.0000022106324
B7vYxHEBwToA1dXrJHwnrSSonpKEDSiF6K6SQYdw2RJU,0x0000000000000000000000000000000000000000000000000000000000000000,4571,0,0,9111,1000170909,1999661320,0.0000045562715
ErY4BPBLRMagqfjHZMLziiMYWTCGc3Q2ah2yERZSUo55,0x0000000000000000000000000000000000000000000000000000000000000000,3928,0,0,7829,1000168549,1999665997,0.0000039151537
FSYaMraagthBXSv9L55pAx7kJxuBisfZ7qeZuQgWdBfJ,0x0000000000000000000000000000000000000000000000000000000000000000,0,3889,1939,0,1000163989,1999675201,0.000001938682
F1Mwi392FceiPvrJZfqwaYKxkQqAkEyYzos4h7d3XyZS,0x0000000000000000000000000000000000000000000000000000000000000000,0,2352,1172,0,1000169737,1999663672,0.0000011718012
3RQD4bWKXTecRnq9EtLXLNGP2EJVWETBtqg3vws1541v,0x0000000000000000000000000000000000000000000000000000000000000000,0,4499,2243,0,1000165928,1999671312,0.000002242628
HAYrnRPR6eZveU9kZ2YCt1NvCcqy317gYT5XHWXYvive,0x0000000000000000000000000000000000000000000000000000000000000000,0,3141,1566,0,1000168171,1999666813,0.0000015657366
xhXn29o8rGBgLmhqjdveroutHuN9t8VicWpaQE4dQDR,0x0000000000000000000000000000000000000000000000000000000000000000,0,3396,1693,0,1000162296,1999678597,0.0000016927253
Aa7eHvkPWx2534FaBNjrSrkoUTz3C6MKfWJkQAD5Tc9R,0x0000000000000000000000000000000000000000000000000000000000000000,2987,0,0,5954,1000163853,1999675511,0.000002977483
9whYoXujAEU2EmR7SW9RAiszMPz7hmetPTYz4Xh1jDD7,0x0000000000000000000000000000000000000000000000000000000000000000,0,2868,1430,0,1000160866,1999681465,0.00000142977
