tx_hash,pool_id,amount_x_in,amount_y_in,amount_x_out,amount_y_out,reserve_x,reserve_y,slippage
HcWyw6LuF96RHwgGPe5Spv9WzRrd6ZoemXaiFR1EExay,0x0000000000000000000000000000000000000000000000000000000000000000,890,0,0,1774,1000000890,1999998226,0.0000008870008
8r9PDTCJK8Sfi2GmtQmPK3FqVzcazwfAWpnMfSBZTPSK,0x0000000000000000000000000000000000000000000000000000000000000000,0,482,240,0,1000000352,1999999306,0.0000002399999
BdJWXmAYQ5fQRtwgFkLCUj4MncdTudTUfT3utkiH6y3j,0x0000000000000000000000000000000000000000000000000000000000000000,0,598,298,0,1000000592,1999998824,0.00000029799983
HX43vTKsH3zvViGxHGbQfUjef9ZUX4kW9DHfkpagDgQn,0x0000000000000000000000000000000000000000000000000000000000000000,675,0,0,1345,1000001027,1999997961,0.0000006725007
9nYJDpsragwqJeuAYpfeENy3RSF44mENLCMz65deZVe8,0x0000000000000000000000000000000000000000000000000000000000000000,0,458,228,0,1000000799,1999998419,0.00000022799982
HyqH2sD1W8cfcZNpnGeAJdBNYCepHNjrhh67o9faEgYc,0x0000000000000000000000000000000000000000000000000000000000000000,934,0,0,1862,1000001733,1999996557,0.00000093100164
5ccM8jBJZUQE9Jes4BnLbWDVQA1yT1VkMqd63Fy7TrzW,0x0000000000000000000000000000000000000000000000000000000000000000,550,0,0,1096,1000001452,1999997131,0.0000005480008
GnU3oLYKtWriA1YrqgM6sKAWNyf1UJieCXXNBxdeeRk1,0x0000000000000000000000000000000000000000000000000000000000000000,0,406,202,0,1000000990,1999998059,0.00000020199981
6qzYAjH3HJbgxVqbqCtbsH5Z3t6Xn97L8ZJkk8GVj5ss,0x0000000000000000000000000000000000000000000000000000000000000000,0,522,260,0,1000001192,1999997653,0.0000002599997
9785KZP7BziSHpQWjtjXatY2AazNpsnML3GSN1MrDjfM,0x0000000000000000000000000000000000000000000000000000000000000000,0,574,286,0,1000001447,1999997131,0.0000002859996
68wvqw9BeanWFhw5kBs2R7GsDQLQR5sreK49GukKCQJh,0x0000000000000000000000000000000000000000000000000000000000000000,0,597,297,0,1000001150,1999997728,0.00000029699964
CLPDpoHf1JxzpMfxxmxgSxZ5aPLfdXpGhfSgTp4L2sy8,0x0000000000000000000000000000000000000000000000000000000000000000,0,499,248,0,1000000902,1999998227,0.00000024799976
ReQDciWoYGtugDD6t4TkWvET7tXAprb8yqFp8ouHkuE,0x0000000000000000000000000000000000000000000000000000000000000000,676,0,0,1347,1000009017,1999982159,0.000000673506
6RZmmE9Aa63wGQBNUrNVsHCSPBVqBP5oNot8obhGV72,0x0000000000000000000000000000000000000000000000000000000000000000,0,874,435,0,1000008582,1999983033,0.00000043499628
CnHTR7RJfZZi7LrdcJCXL6BHLdMdRxXPqZscoHfKhAM2,0x0000000000000000000000000000000000000000000000000000000000000000,921,0,0,1836,1000007352,1999985465,0.0000009180067
EkBgbLfqUczRds4gqdnDe3LYRPDjaE99Xdg7dX6iz8hH,0x0000000000000000000000000000000000000000000000000000000000000000,0,542,270,0,1000006431,1999987301,0.00000026999828
69wWFkfHEkwvfv6ZTZN6Y66wNVH3HSuP3uBvRrQ8evGk,0x0000000000000000000000000000000000000000000000000000000000000000,881,0,0,1756,1000011948,1999976361,0.0000008780104
FswUwwnGT8tu4dRuuArq81G5NUZnsX3mj94a33KDaJEq,0x0000000000000000000000000000000000000000000000000000000000000000,0,841,419,0,1000008776,1999982632,0.00000041899634
5W7N1U6YePcGTcsG7Dh5HtJoKmvPzptdBHqmuw6ZCgSX,0x0000000000000000000000000000000000000000000000000000000000000000,0,328,163,0,1000011067,1999978117,0.00000016299819
9vd9f1UkbyWQosdhxoJYJEJwziLy3Jdfgp2ZDbQ2YSD7,0x0000000000000000000000000000000000000000000000000000000000000000,912,0,0,1818,1000010951,1999978324,0.0000009090098
EFSMk6wMnf9NQbMgabGWhzygA6ceCwjuveHzTTPzjaKB,0x0000000000000000000000000000000000000000000000000000000000000000,757,0,0,1509,1000011727,1999976792,0.00000075450873
2fPZTFtQr4tRxDKsX2uvP2Q9m2b7cgP1juSRotGRRe8k,0x0000000000000000000000000000000000000000000000000000000000000000,991,0,0,1976,1000008343,1999983489,0.0000009880082
AiAUc3L9MhYp78qrLR69QZq4noq5HdZKoCAGVu4jRUfG,0x0000000000000000000000000000000000000000000000000000000000000000,0,874,435,0,1000008341,1999983506,0.0000004349964
73n22wvauGWyhWyuHkyRjf8gmcZgbtT3b3Ptqmr3u3jZ,0x0000000000000000000000000000000000000000000000000000000000000000,0,457,227,0,1000010787,1999978658,0.00000022699754
3XD7oFMRmGxjzcPZmN5tFDE9tkYpv4iuNpbaMgXhjwTL,0x0000000000000000000000000000000000000000000000000000000000000000,0,259,129,0,1000010970,1999978301,0.0000001289986
28ErfNdZjvuAhgpRFjCSbfgQ3ouEPZkWC3VpwkmYh2jM,0x0000000000000000000000000000000000000000000000000000000000000000,0,837,417,0,1000010798,1999978642,0.00000041699548
4YnXGp4VNyYe94dfaASaxLVX4sWmnf7iitceZiFaYjhf,0x0000000000000000000000000000000000000000000000000000000000000000,0,315,157,0,1000010794,1999978639,0.0000001569983
9yeiSgyNQ4ZZiWQSmr5nvhzP5kCqpNhbR3t4AY3Sdhkp,0x0000000000000000000000000000000000000000000000000000000000000000,987,0,0,1968,1000012781,1999974702,0.0000009840124
B5NeN6qs1y5B7P6rFGQhhoaM3WsdvtG4XA2acFtrXfFF,0x0000000000000000000000000000000000000000000000000000000000000000,0,599,298,0,1000012759,1999974779,0.0000002979962
7cmZjn4mqddR1G3Eg6CopWykt7ypJJvJpaSJ4dpY17mh,0x0000000000000000000000000000000000000000000000000000000000000000,489,0,0,975,1000013549,1999973204,0.0000004875065
2kAZQqB6TkKThNQrjYZmgVDuJ3chiCbvfu7pXNsQoDtt,0x0000000000000000000000000000000000000000000000000000000000000000,695,0,0,1385,1000014501,1999971307,0.0000006925099
7YaZwPaAbS5Qk466G3vKykPADCAtfVP3vy2X2krcY9fY,0x0000000000000000000000000000000000000000000000000000000000000000,0,492,245,0,1000017196,1999965944,0.0000002449958
921SFp3UWa21bEDbZzNkcUP3GBUcYEcvkDnkmHKvac67,0x0000000000000000000000000000000000000000000000000000000000000000,257,0,0,512,1000013806,1999972692,0.0000002560035
8FJbEM7Eu72zLfcn66PdiL4jqLrEHRjis8CNHqfcRfbw,0x0000000000000000000000000000000000000000000000000000000000000000,301,0,0,600,1000013060,1999974179,0.00000030000388
2RkawJmh1GV4DNkdfW2F5ywjF2vZ33MsBPyB6H9PKDGi,0x0000000000000000000000000000000000000000000000000000000000000000,619,0,0,1234,1000016058,1999968203,0.0000006170098
3hodB8qQGnzYXfrAbq4KwRDWNodYx7RxDNmyAZaCj2EB,0x0000000000000000000000000000000000000000000000000000000000000000,737,0,0,1469,1000016795,1999966734,0.00000073451224
Dz82x9agHB8Uq5REMx4uCUuBje9xffuUBLUp1GhcY9HR,0x0000000000000000000000000000000000000000000000000000000000000000,0,559,278,0,1000013794,1999972700,0.00000027799615
8GF99ETRSfzNWPNiZYtddH4dJwU2YnoBwPbaMoFdP4vn,0x0000000000000000000000000000000000000000000000000000000000000000,710,0,0,1415,1000017208,1999965916,0.0000007075121
GVGL2oaTLxEmvsx9h6r444Zox65fuGSwo9Dr55NaXDs3,0x0000000000000000000000000000000000000000000000000000000000000000,0,597,297,0,1000016498,1999967331,0.0000002969951
FZmj3zs54K9gC81BMJmj1iLTbAk4tx5MQjwa26nUHMrU,0x0000000000000000000000000000000000000000000000000000000000000000,233,0,0,464,1000017441,1999965452,0.00000023200401
6shYfwDG2xY6USEdryvMu9Z8jx9wDrPK72jatBGs4b4Z,0x0000000000000000000000000000000000000000000000000000000000000000,0,837,417,0,1000020570,1999959240,0.00000041699144
7HZxrA5ZD2ennWuJSkSnQQ4o5yvnScjdG3iVH47so3Dr,0x0000000000000000000000000000000000000000000000000000000000000000,938,0,0,1870,1000015439,1999969437,0.0000009350143
FY9L7Gc4kg9VQEwAVVXFrcngc3yQUoS61S3pybHwu33k,0x0000000000000000000000000000000000000000000000000000000000000000,449,0,0,895,1000018134,1999964079,0.00000044750806
8NanuYdmkVN3zxu6anmmJT7Qy1EtsiRM2DinZTcaDmvP,0x0000000000000000000000000000000000000000000000000000000000000000,364,0,0,725,1000020934,1999958515,0.0000003625075
EWZtEWdt2vnJ7UwuuJNxQYwcapevhx2ugBJh7dnwx2rW,0x0000000000000000000000000000000000000000000000000000000000000000,844,0,0,1682,1000021116,1999958144,0.0000008410176
3LoZQpdT3n6PDsY2apoH3wbjqy1wKqaEkD3jZHzofH11,0x0000000000000000000000000000000000000000000000000000000000000000,201,0,0,400,1000017685,1999964974,0.00000020000351
FqcgXAheNu6s1qK9y1rqYSebeA675JBKNqPMrB14AG4B,0x0000000000000000000000000000000000000000000000000000000000000000,0,534,266,0,1000016930,1999966478,0.00000026599548
GsLc8oSng3CyF2BiTefHvcTq5wVfG18yoQAjH9QQaqvp,0x0000000000000000000000000000000000000000000000000000000000000000,555,0,0,1106,1000021209,1999957972,0.0000005530116
AzbDWX343feN4GTEngxNDaHnYCwCKkEPqUGinANFF9mx,0x0000000000000000000000000000000000000000000000000000000000000000,0,563,280,0,1000020654,1999959078,0.00000027999423
6EA1FnZw5ThzPLkXng2HD6W78iAk6ny6AfvYJZiGBZm8,0x0000000000000000000000000000000000000000000000000000000000000000,554,0,0,1104,1000017484,1999965374,0.00000055200957
2t5GeNyJLX9VMDHZveLdsCBP3fCo6onRNjUgUfjfiuaa,0x0000000000000000000000000000000000000000000000000000000000000000,0,431,214,0,1000018420,1999963514,0.00000021399606
8QtEuXM4FyrMgJXjxP3hy2GEjkKmPVWcqFumwSytshFi,0x0000000000000000000000000000000000000000000000000000000000000000,286,0,0,570,1000018420,1999963509,0.0000002850052
BDjYc1Hys2RgaxH7DoYwsqXYso3G146KtK1ekidRwVEN,0x0000000000000000000000000000000000000000000000000000000000000000,547,0,0,1090,1000021756,1999956882,0.00000054501174
2hAHyE3tTT1LtB8qgQCTwinfoXrvAdmNM1Q2XnCSThDP,0x0000000000000000000000000000000000000000000000000000000000000000,214,0,0,426,1000018634,1999963083,0.00000021300393
9Voyri4KmhUDDZ7g6yT1Z316ErPZdikfKsEcAfDYSbpn,0x0000000000000000000000000000000000000000000000000000000000000000,0,668,333,0,1000012448,1999975370,0.00000033299585
7dEW2NHACnZQG8TNVp7iYoNv4s4kF4S6PyppuXXcLJWP,0x0000000000000000000000000000000000000000000000000000000000000000,666,0,0,1327,1000020272,1999959826,0.00000066351333
GZ7JQFiym5c6FSKPMnX4JpqTzxYajMYYPexR2T3hH9jQ,0x0000000000000000000000000000000000000000000000000000000000000000,0,989,493,0,1000021263,1999957871,0.0000004929895
8PGA7Yvjz95hmHKgDQboPsLtbu55Vn44zhMdBK3QFKDo,0x0000000000000000000000000000000000000000000000000000000000000000,221,0,0,440,1000021484,1999957431,0.0000002200047
FwZGasSipKXWuHJir3mrsqSYTAJhfaPgac3BrJjNJL9L,0x0000000000000000000000000000000000000000000000000000000000000000,320,0,0,638,1000021804,1999956793,0.0000003190069
JAqrCDAYy5febHgFovxWVrQeZX6SzPkKzwugqspPcSBs,0x0000000000000000000000000000000000000000000000000000000000000000,278,0,0,554,1000021680,1999957047,0.00000027700597
Fbnc5hPov1ecDXwbymDbauhQ5GACGjMcnhJHc3EHSk5J,0x0000000000000000000000000000000000000000000000000000000000000000,0,808,402,0,1000021402,1999957601,0.0000004019914
7v3fhaJwrCt7tND1uG3Xt5So78vj7PVHLTACcbqiAnrZ,0x0000000000000000000000000000000000000000000000000000000000000000,635,0,0,1266,1000022315,1999955781,0.000000633014
9t2F9By44EBuwoM3R145tcqCBfz7ajtAhoDXKVycChyk,0x0000000000000000000000000000000000000000000000000000000000000000,938,0,0,1870,1000023253,1999953911,0.00000093502155
3EFaysqzvqbbKL5fqcyDxS44vnMpbAFeh2sQc1W8zMH9,0x0000000000000000000000000000000000000000000000000000000000000000,716,0,0,1427,1000023521,1999953384,0.0000007135166
DPrq5RnvJdGwB2cfZi9wy2d1vMeDGXh95ciDieKEwddX,0x0000000000000000000000000000000000000000000000000000000000000000,0,657,327,0,1000023194,1999954041,0.00000032699242
Aopb6ndeXfiwEdZnYc7JRt4qUaPeQtkUFFT3LEigG628,0x0000000000000000000000000000000000000000000000000000000000000000,0,900,448,0,1000022805,1999954811,0.0000004479898
WoGgMWLVUY2mtPeGQyuvcou1UHX9rWeHuwBSbUcZwLy,0x0000000000000000000000000000000000000000000000000000000000000000,0,926,461,0,1000022733,1999954967,0.00000046098953
3C9QRASBxzHUANGq3pqUu4zFCBrAZC3jc76uGrnfVWHa,0x0000000000000000000000000000000000000000000000000000000000000000,0,839,418,0,1000022315,1999955806,0.00000041799066
8mgQR4barVYNdaqv3WzzAY9zHgoTGz2uw5q2zFZDRzCJ,0x0000000000000000000000000000000000000000000000000000000000000000,886,0,0,1766,1000023201,1999954040,0.0000008830203
GpiMiuMx2zpWJjAQHhW9HDWvz2cAn2xc1tDFhabViDJQ,0x0000000000000000000000000000000000000000000000000000000000000000,0,337,168,0,1000023100,1999954246,0.00000016799612
GX8G8uceKmKeoG7L4F3eKVYGnHrPD88heqtqofbY1ZuR,0x0000000000000000000000000000000000000000000000000000000000000000,0,307,153,0,1000023048,1999954347,0.00000015299648
Ay6zT6idJbzpMXYoJwo98CvGv2L4Pzq4cpgg6A8NPYoT,0x0000000000000000000000000000000000000000000000000000000000000000,220,0,0,438,1000023268,1999953909,0.00000021900505
usjjT8NAiPVzQpqBjLvwEWsv3XrZcJmuoQSj4sgM4iS,0x0000000000000000000000000000000000000000000000000000000000000000,0,263,131,0,1000022969,1999954509,0.000000130997
3oi2FaEBRHXydNU7Pj1tK2vGdBKxJf3ddahRTvZEf5KN,0x0000000000000000000000000000000000000000000000000000000000000000,0,747,372,0,1000022836,1999954780,0.0000003719915
BEEGEbseYSMs4o1ZNzPwujneSzwCxczbcKG5hBNsF7yb,0x0000000000000000000000000000000000000000000000000000000000000000,239,0,0,476,1000023208,1999954033,0.00000023800547
2SbTNZSFocQiJ7P11vumPSTU1XucLmRqFNgC9gHEJPjD,0x0000000000000000000000000000000000000000000000000000000000000000,664,0,0,1323,1000024310,1999951842,0.0000006615159
H5QdN9PQhXqxUXwK3s21XtTh4CVjVEFaC8pBuff9CCEM,0x0000000000000000000000000000000000000000000000000000000000000000,810,0,0,1615,1000023646,1999953165,0.0000008075189
Dmt2s55piSB8wGR37CcHYDrAyQNo6KYPAudGX58U41jb,0x0000000000000000000000000000000000000000000000000000000000000000,996,0,0,1985,1000025306,1999949857,0.0000009925249
C3RSKeEKYj8PmFB5SBvvZm4umNCJp6YwdJMXtxSXKQWV,0x0000000000000000000000000000000000000000000000000000000000000000,886,0,0,1766,1000026192,1999948091,0.00000088302295
JDuB8mrmSxiV9ghDyVxqcgagX4ofocVcKoev9T9vQzwM,0x0000000000000000000000000000000000000000000000000000000000000000,0,885,441,0,1000025751,1999948976,0.00000044098866
Bata5reLYAKJfaGqE6BEUqmRJ5dDiSTstx895qbmXu5p,0x0000000000000000000000000000000000000000000000000000000000000000,491,0,0,979,1000025947,1999948590,0.0000004895126
4kpJ5jx4Fe4SibAdj3H3jAhsXNokhcpdWxnGe9j1uxF2,0x0000000000000000000000000000000000000000000000000000000000000000,0,593,295,0,1000025456,1999949569,0.00000029499247
ARXMprjsMLP8qdyU5SMsjgVHSoGGWMvhLJEA275rBT4k,0x0000000000000000000000000000000000000000000000000000000000000000,0,853,425,0,1000025522,1999949443,0.00000042498914
GUxrk1QhxnsQZ14AcrsdyqbxKbtGZLCWSFNdKE8gjiaG,0x0000000000000000000000000000000000000000000000000000000000000000,0,256,127,0,1000025395,1999949699,0.00000012699677
wpXqtUw5FekbDgq14Md1pxzgycw2sNfjgBbuzdwtYe7,0x0000000000000000000000000000000000000000000000000000000000000000,930,0,0,1854,1000026702,1999947094,0.00000092702453
92YMLFYU38fKc4A3XRdbJYkoexK7B7w95U57rQvWmTSW,0x0000000000000000000000000000000000000000000000000000000000000000,349,0,0,695,1000027051,1999946399,0.0000003475093
4nbCCLQBNtM6JqbLJcScducacdDPpU1YPs84s6sQgDP5,0x0000000000000000000000000000000000000000000000000000000000000000,377,0,0,751,1000025772,1999948948,0.0000003755096
G2p8ooo6LstxDrPeHNaeNBhaev82SaA1gMmiofNCCjCq,0x0000000000000000000000000000000000000000000000000000000000000000,784,0,0,1563,1000028031,1999944451,0.0000007815217
4MMbFGte8uKm8bDDcmFGQrp2naK23SqTuX8y3t6tH4Td,0x0000000000000000000000000000000000000000000000000000000000000000,597,0,0,1190,1000027247,1999946014,0.00000059501605
DADLGqxenQe7BPw2S496K5ktnDhpXStDdjRNnoW3SPV5,0x0000000000000000000000000000000000000000000000000000000000000000,0,217,108,0,1000027923,1999944668,0.00000010799699
Azy2r91SsWKCcdGKWnnpMwSfHY5HzKfYGXyVeorkxQhU,0x0000000000000000000000000000000000000000000000000000000000000000,301,0,0,600,1000027926,1999944666,0.00000030000828
3BxpxvbjzMBssGYZVdSiXZ7e2x2zQVJX4qVqhN63LP4E,0x0000000000000000000000000000000000000000000000000000000000000000,0,805,401,0,1000026650,1999947204,0.00000040098934
A8NCVqqkrPgrq5BpdV6eQRnEgtQta4MK3f7kTPNmTu4d,0x0000000000000000000000000000000000000000000000000000000000000000,0,864,430,0,1000010039,1999980142,0.00000042999568
Hbn9VzAWgMJYEUm73Sh39fMnDjenAfpjGHwBRPpUhGko,0x0000000000000000000000000000000000000000000000000000000000000000,653,0,0,1302,1000009235,1999981731,0.00000065100596
AeKqQq99snJKootBBU9Ruv3MWGbGkGWkoHwk2DKuaS3d,0x0000000000000000000000000000000000000000000000000000000000000000,0,598,298,0,1000027625,1999945266,0.00000029799176
DFk6GoBvM4Pn2QdkoKVeJjdzRPvMPMGKj3k1ci1h3try,0x0000000000000000000000000000000000000000000000000000000000000000,852,0,0,1698,1000009195,1999981791,0.00000084900773
3bFvCyR5uGE39SGgDZtwkoYwduWen63anHB2XXSWsPoY,0x0000000000000000000000000000000000000000000000000000000000000000,220,0,0,438,1000011014,1999978201,0.00000021900239
BXCcFW2AjRDzZHRjgEMGXBvNmsdWv3hj8p7TgcZhyaQW,0x0000000000000000000000000000000000000000000000000000000000000000,0,559,278,0,1000009489,1999981232,0.00000027799737
8qvKQKorCu91eWzpFxj8Cpa8tZLYkCUfxit8vQ5yVQUr,0x0000000000000000000000000000000000000000000000000000000000000000,648,0,0,1292,1000009883,1999980439,0.0000006460063
8NCyQh288ukQNXVmfaJ6fjhhummWVmRYgMt2wR5RCFS3,0x0000000000000000000000000000000000000000000000000000000000000000,0,234,116,0,1000009767,1999980673,0.000000115998866
C1LzypitpsQsBZyimJjyLGBW55nbh7qyijwiTuKTs8Fo,0x0000000000000000000000000000000000000000000000000000000000000000,0,997,497,0,1000011230,1999977789,0.00000049699446
7wp2fbwwcYMKsFxQJPN31uAZsPBL1S1dihEWDsrMb64d,0x0000000000000000000000000000000000000000000000000000000000000000,301,0,0,600,1000011099,1999978042,0.0000003000033
cnY4BdeGCiRwbLKwwwTxAysRk18SPu5jUZgkRJX2PZy,0x0000000000000000000000000000000000000000000000000000000000000000,428,0,0,853,1000011215,1999977805,0.00000042650473
FpsUSMw1xsFfwksStUHmUa3AEMxgxajETTeons87bJSa,0x0000000000000000000000000000000000000000000000000000000000000000,980,0,0,1954,1000010469,1999979278,0.0000009770101
49J1JeU5ZvgF19hTfXrmKD3y3NjCN1epyDjLYdWa5Tqp,0x0000000000000000000000000000000000000000000000000000000000000000,0,657,327,0,1000012121,1999976027,0.00000032699606
6k1F7zm97FCfUmPwGDdBZiNgCnSoQx4sF7f5K9L4RH5h,0x0000000000000000000000000000000000000000000000000000000000000000,0,309,154,0,1000011794,1999976670,0.00000015399819
GDQW8Hprk9FxuAnPWscYqFDTG6Y2MGsnLoFauyPuLfEK,0x0000000000000000000000000000000000000000000000000000000000000000,222,0,0,442,1000012343,1999975585,0.00000022100271
Hr7DmtMEpTojUiapQcf9qmJFQyfQ2hrDpJE89XXHPQjS,0x0000000000000000000000000000000000000000000000000000000000000000,695,0,0,1385,1000013038,1999974200,0.00000069250893
3jj6hUmvSqHrt29LEEUQs6AUiEmbWC15dD8GUwR5YARg,0x0000000000000000000000000000000000000000000000000000000000000000,604,0,0,1204,1000013642,1999972996,0.00000060200813
2Kwffkn2fADZqmXmHeLfYWGvc4CH8CbYGo2vwaFzSoMs,0x0000000000000000000000000000000000000000000000000000000000000000,592,0,0,1180,1000014234,1999971816,0.0000005900083
8JPaTrVebiq8ZitDoMcbEsvsD6ZkpEPsEdPNdiUGYBBu,0x0000000000000000000000000000000000000000000000000000000000000000,0,325,162,0,1000014072,1999972141,0.00000016199772
o77QxdTfhYtYTadHySb1QVqks5CeX1rBZzXakPGMNJc,0x0000000000000000000000000000000000000000000000000000000000000000,0,668,333,0,1000013057,1999974180,0.00000033299565
DdusxKYvrDFA47JQFr7RHeWhMsW4uLv7MAKaaBmA1NxA,0x0000000000000000000000000000000000000000000000000000000000000000,0,812,404,0,1000013390,1999973512,0.0000004039946
4kHqiZ93gex5YMfYq7wV6rfhmf6kQmXuHL6qJAxZ9yqv,0x0000000000000000000000000000000000000000000000000000000000000000,714,0,0,1423,1000028640,1999943243,0.00000071152016
8wTmPckoTwzJWsBr4zeeXZQbSGvSw1Fwk1SRqjnjBFWt,0x0000000000000000000000000000000000000000000000000000000000000000,648,0,0,1292,1000030035,1999940466,0.0000006460192
FtWVRF6SwkH4p8sTU5QrJaQq1pYtoAvNwggNz8JLYHH8,0x0000000000000000000000000000000000000000000000000000000000000000,987,0,0,1967,1000029387,1999941758,0.0000009835286
DRgdiUzdNg6jsf2LRw9ECybTP8phSK88S7BEqmb8rcHU,0x0000000000000000000000000000000000000000000000000000000000000000,0,482,240,0,1000028400,1999943725,0.00000023999317
GvvSHxnwjmUPZpVtuns1X4B7JLRoUDsXFFYYeXCpwRpU,0x0000000000000000000000000000000000000000000000000000000000000000,524,0,0,1044,1000030152,1999940240,0.0000005220156
3ZZgDbCw5rE5KH2b3A1vkEmUXGT5e7nrwWGuw7iGFLKr,0x0000000000000000000000000000000000000000000000000000000000000000,0,482,240,0,1000029912,1999940722,0.00000023999283
J6JRonQc5iUu2rczN9vFBDkTd7Y36DVthTq34iZsJdeB,0x0000000000000000000000000000000000000000000000000000000000000000,490,0,0,976,1000031363,1999937836,0.0000004880152
33YAWQP4TWeFt5nTVYcByBj4q5231fu4cefZoERD8pos,0x0000000000000000000000000000000000000000000000000000000000000000,355,0,0,707,1000030267,1999940015,0.00000035351061
D4DMpHffS4THkMfi22RfT4P725MWbG5HafKukNDh1deR,0x0000000000000000000000000000000000000000000000000000000000000000,952,0,0,1898,1000031219,1999938117,0.00000094902936
GR86XSXV2bzWjcAw6SznRg5vGeAuPFE1VZvfG7Q7uTMH,0x0000000000000000000000000000000000000000000000000000000000000000,0,216,107,0,1000031256,1999938052,0.00000010699666
2yuKUSM2EUGEG6zSQ6QW2aVGT1kTyYdEqpHjPDPtZ75S,0x0000000000000000000000000000000000000000000000000000000000000000,0,695,346,0,1000030873,1999938812,0.00000034598932
Ait74SBvJNLNSqqY6mCKSZYzTCs1aXZC8scaMdW5WjcV,0x0000000000000000000000000000000000000000000000000000000000000000,555,0,0,1106,1000018975,1999962408,0.0000005530104
3xaQwvD9Gz1tmUodr2EoZkTQX79wkYfxXCQg76QpVjMb,0x0000000000000000000000000000000000000000000000000000000000000000,0,259,129,0,1000020987,1999958403,0.00000012899729
B5Y5Ge8dmw45WAtusgZoh3eb7Sa5a6NynYaTxJ8FGGZZ,0x0000000000000000000000000000000000000000000000000000000000000000,813,0,0,1621,1000019606,1999961153,0.0000008105157
GJ9Lpf3dethRKSq4F5nGauDB96PuYJ1T6xXweTUKjLbw,0x0000000000000000000000000000000000000000000000000000000000000000,0,818,407,0,1000029628,1999941284,0.00000040698794
Pbu33reu2uqLi7Bc8jdB1Mt1VJXqnS8i2MLoW9wFy4W,0x0000000000000000000000000000000000000000000000000000000000000000,0,366,182,0,1000018793,1999962774,0.00000018199657
AhDNtKCokF9THKdmLWKNVJxs6psvKDBnmMA32JZFdngj,0x0000000000000000000000000000000000000000000000000000000000000000,0,543,270,0,1000033827,1999932942,0.00000026999086
3eDjiRwB43rMtFBbAQ98qdwP96P87HV3D8amsmnypv1k,0x0000000000000000000000000000000000000000000000000000000000000000,240,0,0,478,1000034328,1999931934,0.00000023900813
C12FB2CaYHaFA5EfipRNfkjEonyh8ucWcnmAfxDac9nG,0x0000000000000000000000000000000000000000000000000000000000000000,0,465,231,0,1000034097,1999932399,0.00000023099211
H1d2A8Xtah7uV17c9B3EdZDMSafYyCoHHPyWtHcMsuEH,0x0000000000000000000000000000000000000000000000000000000000000000,604,0,0,1204,1000033807,1999932996,0.0000006020201
GVTkzyWghYcGBrVaWuYWdpGT7AgdLMVPmpcAGWRf3e3p,0x0000000000000000000000000000000000000000000000000000000000000000,700,0,0,1395,1000034234,1999932149,0.00000069752366
AYpx9WQeNdekqDMna3H8AT1Dii2JSJ5mRWaLmJNrYbfp,0x0000000000000000000000000000000000000000000000000000000000000000,0,759,378,0,1000033287,1999934026,0.00000037798742
6a7aYuA7iDNmyoPbpd6Uwq2e8UdGmz63NuQ339kTjGaE,0x0000000000000000000000000000000000000000000000000000000000000000,250,0,0,498,1000033537,1999933528,0.00000024900828
H4nCUYuiurDbXEBqryMQBkAvKtN3JXY4fsXzCF9pGCEQ,0x0000000000000000000000000000000000000000000000000000000000000000,0,548,273,0,1000033534,1999933544,0.00000027299083
EKWYdmQP8bs9ZTHP3WrK5DEngJeLVN1QKE4jfjvhW9vs,0x0000000000000000000000000000000000000000000000000000000000000000,258,0,0,514,1000036411,1999927819,0.00000025700928
GAM116Bn1HCxSemongTeKLpDsDSUS62CBD8YSiAW75M4,0x0000000000000000000000000000000000000000000000000000000000000000,666,0,0,1327,1000036743,1999927162,0.0000006635242
Ey6AsZekn8j9xNU3g1SaBSb6WzapYZsTmuRoHuvnLUWj,0x0000000000000000000000000000000000000000000000000000000000000000,0,261,130,0,1000033203,1999934200,0.00000012999568
H7oLsNTKYAyWpTVTDT5aG8vvJsGfrTdTFZFzzioZ8D4J,0x0000000000000000000000000000000000000000000000000000000000000000,0,670,334,0,1000036077,1999928489,0.00000033398794
Nk9Ej6F83uAcgPYJBSNXaKSw1qTqZ1CMJpnZQ6MutrK,0x0000000000000000000000000000000000000000000000000000000000000000,0,325,162,0,1000033665,1999933267,0.00000016199455
GDinf1fZD2gN4oiHq1i172gE7kwCcvfDdMcDA3CsVjwv,0x0000000000000000000000000000000000000000000000000000000000000000,0,563,280,0,1000033954,1999932712,0.00000027999047
E4WgYwfZNS4ZnTQqTKYh6aUFw2i7cbYpyURYCt5BKR4f,0x0000000000000000000000000000000000000000000000000000000000000000,0,608,303,0,1000034605,1999931418,0.00000030298952
GaUV5ish4J4gyxiaXydZzEHbPY3Wzh6aTGQCRZqafBBL,0x0000000000000000000000000000000000000000000000000000000000000000,954,0,0,1902,1000034908,1999930810,0.0000009510329
8ZtRCh8Xcd3kAeJfBzcnNQ6XyMpc1RxdPaSLw7EnPjh9,0x0000000000000000000000000000000000000000000000000000000000000000,700,0,0,1395,1000036153,1999928333,0.000000697525
AyG8KUG6U75h9PVb4LNGYuRzoZAqqaUgaGKrQAKE2yYv,0x0000000000000000000000000000000000000000000000000000000000000000,848,0,0,1690,1000035453,1999929728,0.0000008450297
BpZyZDjwPMYWbC6Vh2H35U9YEZ5FdCorhSoPdmcMRu2C,0x0000000000000000000000000000000000000000000000000000000000000000,0,411,204,0,1000033333,1999933939,0.0000002039932
48NnHmafQXhy48fntV9dabQKSNAKkw2SAEvHbQrcocfw,0x0000000000000000000000000000000000000000000000000000000000000000,391,0,0,779,1000037869,1999924945,0.0000003895146
9ukvW8LH3VXs3AN7a7qhwnK7hVdV4XqGSnVrFd63qKJ,0x0000000000000000000000000000000000000000000000000000000000000000,0,747,372,0,1000036053,1999928547,0.0000003719866
4QAiMrwHD2yLi8ejzSaPZXdnTEbunS34rGs4M1AbHuWt,0x0000000000000000000000000000000000000000000000000000000000000000,0,638,318,0,1000036425,1999927800,0.00000031798842
3Ccx47JSNNAf9V1UqATbYa76hJ4UNdMbM2brH7Ao3b1e,0x0000000000000000000000000000000000000000000000000000000000000000,0,551,274,0,1000035349,1999929961,0.0000002739903
Fx7F63doyeibFtkyRL86AhrSvHMWscxkjBqqjiR6bdhM,0x0000000000000000000000000000000000000000000000000000000000000000,0,308,153,0,1000035700,1999929265,0.00000015299453
HUxeHzgbrumzPdAUrsJNTXMGSc8v9i44MFKNy57aeb18,0x0000000000000000000000000000000000000000000000000000000000000000,524,0,0,1044,1000036224,1999928221,0.00000052201875
9CrKgbhM9aVrjjVbTHme4TmtkbBveHNqzHP2vtyUcKny,0x0000000000000000000000000000000000000000000000000000000000000000,482,0,0,961,1000036706,1999927260,0.0000004805175
Akg4sdkzFnFPVFTzzjrD6P9bfdWWkARvntmqjYpHvuTp,0x0000000000000000000000000000000000000000000000000000000000000000,931,0,0,1856,1000037478,1999925724,0.00000092803447
5QoxW577LAEKshzYKDKGXQwQ4R3PAyKquPFPtQfJnLzk,0x0000000000000000000000000000000000000000000000000000000000000000,0,320,159,0,1000036547,1999927580,0.00000015899418
32zx9Sb4Wt9EFDmUHvr7mZY9GWnVxGvTn1BqHZZcwags,0x0000000000000000000000000000000000000000000000000000000000000000,225,0,0,448,1000035853,1999928957,0.00000022400796
2CbazxYmVuhfKBkqPzqBcUC28f8XTwh2iGxwqRGtNs2H,0x0000000000000000000000000000000000000000000000000000000000000000,279,0,0,556,1000035628,1999929405,0.00000027800982
sv1V5kcHjkUptZ26yKpS8pK7KdNVkKS1s8BteBg2Dbd,0x0000000000000000000000000000000000000000000000000000000000000000,0,863,430,0,1000035623,1999929410,0.00000042998468
1iS3M45oMDAtdKiMpvvLGNMKyeQaX3UWk7x9ju6s9bq,0x0000000000000000000000000000000000000000000000000000000000000000,0,676,337,0,1000037951,1999924788,0.0000003369872
ACgAYmBJ7KEbUZVSjAUiXstSwdm5ktpPe9boVxymdAG6,0x0000000000000000000000000000000000000000000000000000000000000000,807,0,0,1609,1000039033,1999922639,0.0000008045311
AHVFfKNxxmSr3sDUfyJcn3B4BKCG2BRhuDFP36oomoJy,0x0000000000000000000000000000000000000000000000000000000000000000,779,0,0,1553,1000038559,1999923579,0.00000077652965
GCX9A2mWjkwRgJ2a2SXuh8NvPnVc7W5owS8fXp7ksm6k,0x0000000000000000000000000000000000000000000000000000000000000000,239,0,0,476,1000038288,1999924112,0.00000023800904
3kyzAu1hcKuHsUadqQ95ays7WAp57RLoTZGWgHvAp2dv,0x0000000000000000000000000000000000000000000000000000000000000000,874,0,0,1742,1000039907,1999920897,0.00000087103444
DH1hJsw3PSU4sXL5Hjbw8aPdKZeuELeMauYz4Ap7Jrnv,0x0000000000000000000000000000000000000000000000000000000000000000,0,669,333,0,1000038226,1999924248,0.00000033298727
CcUmHELt7nZz9gnKSBEmY3gn5sGyaLSkAkc67Kzxc9bJ,0x0000000000000000000000000000000000000000000000000000000000000000,305,0,0,608,1000038049,1999924588,0.00000030401145
2EaqLCwJxgw1tmDroSDZYdqjYBHYHxfkLScUYiGMqvgY,0x0000000000000000000000000000000000000000000000000000000000000000,0,251,125,0,1000037744,1999925196,0.00000012499528
AS3WwNddQE8QULsgLQ1T4DM7c2V4Xj5jkTp3nxwYvKyi,0x0000000000000000000000000000000000000000000000000000000000000000,0,344,171,0,1000037780,1999925132,0.00000017099354
HuvCu5M8gSqrKWS8Er4cZ3upksw4FqofUyexVQQJk9C1,0x0000000000000000000000000000000000000000000000000000000000000000,0,835,416,0,1000042903,1999914959,0.00000041598216
2TASwUtTFj1xDUykMyMNsYPqQqdmXTk3Egf5NTf6u2pu,0x0000000000000000000000000000000000000000000000000000000000000000,748,0,0,1491,1000043319,1999914124,0.000000745532
FtYtwTKzUzpEaDCL6rpXJeM2T5X6PCwV7PgTQWRJZx7F,0x0000000000000000000000000000000000000000000000000000000000000000,0,660,329,0,1000044610,1999911571,0.00000032898532
3BLvALDjcYGUQX5hUJ1kgTkEsf5u2thp8ywN47rP6umE,0x0000000000000000000000000000000000000000000000000000000000000000,987,0,0,1967,1000046292,1999908224,0.0000009835451
u6S9sxdaLPTu8QNg5spcz6SeFuquD8dTTS9aGNMrnmF,0x0000000000000000000000000000000000000000000000000000000000000000,0,591,294,0,1000045305,1999910191,0.0000002939867
A6ENkv2qum5dzgooHoXpQVTXYZMBcTEYJmAfFveBu1wm,0x0000000000000000000000000000000000000000000000000000000000000000,989,0,0,1971,1000045599,1999909600,0.0000009855445
C39KX8qihjLH2Xik3uc5ZMXy4k8dnjx1RZ2nSsGUwiFR,0x0000000000000000000000000000000000000000000000000000000000000000,0,997,497,0,1000044285,1999912210,0.000000496978
ChHgcKZJvaq9W4jVYmJgtzm5CRgwkGPTEzrKKFcwXJh4,0x0000000000000000000000000000000000000000000000000000000000000000,782,0,0,1559,1000044462,1999911851,0.0000007795344
FygWG6aJ3fSAY8QmscoKLvTEMSorHKLu89eFZLULmAd6,0x0000000000000000000000000000000000000000000000000000000000000000,320,0,0,638,1000044782,1999911213,0.00000031901416
EpkVr4FvYiTSHfsrG9JE1JiS8WY3tHk1hXC8VNTW5JTH,0x0000000000000000000000000000000000000000000000000000000000000000,987,0,0,1967,1000045272,1999910243,0.0000009835442
9TQiPwUrEeacqAFHCv8VoaspgrFTLvkh2mc7kf3W4F2n,0x0000000000000000000000000000000000000000000000000000000000000000,777,0,0,1549,1000043680,1999913410,0.00000077453353
9wfJqkWs82d3zpm6SFkD8HZcmxs8vfTkJEqNKRLQYgNU,0x0000000000000000000000000000000000000000000000000000000000000000,0,668,333,0,1000044939,1999910911,0.00000033298505
DKrAQUh6Dxomyu23MgM9G2rKthR3pzpoKRh3KVg6tchm,0x0000000000000000000000000000000000000000000000000000000000000000,491,0,0,978,1000047421,1999905984,0.00000048902297
6GLxPf6oJsZDQ5bqs7wCBpkNFKEpsAhscJqsYSggBz6J,0x0000000000000000000000000000000000000000000000000000000000000000,714,0,0,1423,1000048135,1999904561,0.00000071153397
3KHRkdBTf14JoqoNL66SqMbFA6wq3sSSiZVFsAW8NQ6p,0x0000000000000000000000000000000000000000000000000000000000000000,0,774,385,0,1000046389,1999908037,0.00000038498214
C6LCKu1bwPcHSnXJd3tM7VWHrYs8iFBk6NekCuk8oHeq,0x0000000000000000000000000000000000000000000000000000000000000000,700,0,0,1395,1000046930,1999906962,0.00000069753247
HtrcjkDz7PrbPTEFqyhV3kXZfyp1YqqRZxPGzT6PmNC7,0x0000000000000000000000000000000000000000000000000000000000000000,0,320,159,0,1000046230,1999908357,0.00000015899265
GNJb7GMy2tsJDYFH5cBUmkGv8AMu2bfBaHXjr5i14ipH,0x0000000000000000000000000000000000000000000000000000000000000000,482,0,0,961,1000046774,1999907263,0.0000004805223
3UzVfjJZYbzGNquVfLFdD9xa5rYaHCWtPijgDW9HyeNR,0x0000000000000000000000000000000000000000000000000000000000000000,791,0,0,1577,1000048926,1999902984,0.0000007885383
BetmQPt5WDibY5BRgVXMJNNUmxTMtK5kFozHjFZvWdVm,0x0000000000000000000000000000000000000000000000000000000000000000,296,0,0,590,1000001286,1999997469,0.00000029500038
4BChWFLkvZKMPjrpM9LzAk8MeBijv5tcniqdmv5FFbVF,0x0000000000000000000000000000000000000000000000000000000000000000,852,0,0,1698,1000005393,1999989321,0.0000008490045
7Sg5FvtVNGJQVRVqne1Mec4fR1hSjqS6zaDVy1JQyYbd,0x0000000000000000000000000000000000000000000000000000000000000000,0,754,375,0,1000005623,1999988885,0.00000037499788
pCsJenytFnk7QxJ4pvgD7uu5dUpPePtHUrTrT9HJmYo,0x0000000000000000000000000000000000000000000000000000000000000000,524,0,0,1044,1000003605,1999992870,0.00000052200187
55A6jMzp7GccUtc1ds7ENGqdyRWGMxjfVcFCukxha1Uz,0x0000000000000000000000000000000000000000000000000000000000000000,547,0,0,1090,1000006330,1999987464,0.00000054500345
D63C3SjorjEKEv6mxnbpPx9QwYuGjC8jK2F536jTURUn,0x0000000000000000000000000000000000000000000000000000000000000000,0,609,303,0,1000002215,1999995624,0.00000030299933
9mWh5jRKHsixZEn3i2Lg8CbBvPK1MU3GY45jXyVnZwvM,0x0000000000000000000000000000000000000000000000000000000000000000,987,0,0,1968,1000006251,1999987612,0.0000009840061
2L1mV9uUJUFDDGy9EjRPv1tUbpECSvAnMv8KJD7PrVjD,0x0000000000000000000000000000000000000000000000000000000000000000,0,667,332,0,1000005998,1999988131,0.000000331998
E4LtXf2AsMjhcACW8AnX9LZPHKo7q2J96fxNFNTqWmpF,0x0000000000000000000000000000000000000000000000000000000000000000,0,259,129,0,1000005264,1999989580,0.00000012899932
32ShNyhu3HJUqXsfgKSjp7FP26RuFgtfRP99sstHYBWu,0x0000000000000000000000000000000000000000000000000000000000000000,807,0,0,1609,1000004269,1999991561,0.0000008045034
3TzUJEGbf2oGg7uLfVqp5GQTveTseE8FdTUP42Eg8D3C,0x0000000000000000000000000000000000000000000000000000000000000000,903,0,0,1800,1000002527,1999995018,0.00000090000225
9i6JV7GXMpqxPRuyaxAHQ2E1uf7y7thnctaBHYQcbMbE,0x0000000000000000000000000000000000000000000000000000000000000000,0,236,117,0,1000006134,1999987848,0.00000011699928
8aMqxxHxYt7m8AjVWt2QtgwnTsUzfV9hT9ywQ3K9WQgt,0x0000000000000000000000000000000000000000000000000000000000000000,272,0,0,542,1000004541,1999991019,0.00000027100123
31Z2NuJ8zgYGQRCgaPU6erbUYWqfcssaLaZ4Rpkf7vWx,0x0000000000000000000000000000000000000000000000000000000000000000,0,706,351,0,1000005783,1999988554,0.00000035099796
2c6oJPAp6oKkuNMKRhdXAi7TWnKXpcY3BVnqHUyUEzig,0x0000000000000000000000000000000000000000000000000000000000000000,632,0,0,1260,1000002518,1999995015,0.0000006300016
CpU5cgH9j35pzWrh1AnrxZkfE7VK4RmPzotxSYR9CSiS,0x0000000000000000000000000000000000000000000000000000000000000000,0,317,158,0,1000001128,1999997786,0.00000015799982
H4tX3o7B1uhDhr4QK2z5BTjyMN8BNFLb5utpbvwWndSp,0x0000000000000000000000000000000000000000000000000000000000000000,0,759,378,0,1000001490,1999997080,0.00000037799944
B492LN9ZP9r84Qnwr7X1z4UAMinUGF2bKT97nSz3jZqT,0x0000000000000000000000000000000000000000000000000000000000000000,0,675,336,0,1000003462,1999993170,0.00000033599883
HkG4wHVjMdH39CnrcomzsNtZPzRfTjbVzSxf1khkQJXM,0x0000000000000000000000000000000000000000000000000000000000000000,554,0,0,1104,1000003081,1999993914,0.0000005520017
7ccwv4y3XfKiG6613V8PQ9XKUmgjhs77UuvXXsjjJnpx,0x0000000000000000000000000000000000000000000000000000000000000000,486,0,0,969,1000001614,1999996817,0.0000004845008
Gh6jfkmDT3ugMJnmfYAqS1Yk3H2EaTBhSQ6ZskmsmTed,0x0000000000000000000000000000000000000000000000000000000000000000,0,707,352,0,1000001624,1999996818,0.00000035199943
tNE9HgPLSxA2fks6HgLSLTtLf8ZGVea136ghRsiRVW9,0x0000000000000000000000000000000000000000000000000000000000000000,0,697,347,0,1000001868,1999996321,0.00000034699934
8VWyvoHBjU5im5YYT3k5cDgxjqQWFRHc5d5tW4JRQ97i,0x0000000000000000000000000000000000000000000000000000000000000000,486,0,0,969,1000001976,1999996111,0.00000048450096
EN71d3TMj5LFqRoDJgKmaLofKdUwhLh6S7CP6a1q7td6,0x0000000000000000000000000000000000000000000000000000000000000000,0,889,443,0,1000003229,1999993629,0.00000044299858
CHwzNYuXgmPnePLKPjk3qYMAPg9NHY4562cXSFVSxGtf,0x0000000000000000000000000000000000000000000000000000000000000000,301,0,0,600,1000003906,1999992270,0.00000030000115
5ARGKqaaDYmBiUfm3sSYKu5nt5m5h8WQiJ3rt5vQDiSw,0x0000000000000000000000000000000000000000000000000000000000000000,272,0,0,542,1000001886,1999996275,0.00000027100052
DJVzQsy2BQJnqmZqHZrVr9dkKaZqA27ycbsjCWX3PyWe,0x0000000000000000000000000000000000000000000000000000000000000000,0,470,234,0,1000003672,1999992740,0.00000023399915
6vqAruexn9SBwci472oCMSsLffnMtW2aHTASmUU28S1C,0x0000000000000000000000000000000000000000000000000000000000000000,569,0,0,1134,1000003798,1999992495,0.00000056700213
RHMT24r2MNncnPJThwU9xuKR1PbYoRpgCjYrVaDgaKj,0x0000000000000000000000000000000000000000000000000000000000000000,447,0,0,891,1000006292,1999987563,0.00000044550276
4m2Ln6U4MRBR5YjGcwkNzTYMMW2CZuDuHKUQAzTRB996,0x0000000000000000000000000000000000000000000000000000000000000000,0,486,242,0,1000006398,1999987344,0.00000024199846
4KvEDy2ef4DWX8PVnSYhsuGM9kuMkaR3t5HcVrVy3XG8,0x0000000000000000000000000000000000000000000000000000000000000000,486,0,0,969,1000006109,1999987916,0.0000004845029
7F6pKumN76WNAGXANSt36MvzLkGKG3eRT2bW8aK2GBxQ,0x0000000000000000000000000000000000000000000000000000000000000000,901,0,0,1796,1000006763,1999986630,0.00000089800596
74TSRMNhT6CLcosofpQUm5ZCcroSLy1RhiyV3QVkyrg3,0x0000000000000000000000000000000000000000000000000000000000000000,211,0,0,420,1000006640,1999986858,0.00000021000139
5XzYepd6NRuZUDcoLP9hrBNGVY2kkCbeoeQN35xov7TA,0x0000000000000000000000000000000000000000000000000000000000000000,0,863,430,0,1000005862,1999988426,0.00000042999747
7mWfS1WiMAn2KLaoieMD36QGpj5tRqF71fyfYso2w1Fx,0x0000000000000000000000000000000000000000000000000000000000000000,320,0,0,638,1000006429,1999987278,0.00000031900203
jqDz8mUNVbnSvyHrPWJSEx2H7Ag2mckGaRuLpzzyGrA,0x0000000000000000000000000000000000000000000000000000000000000000,0,239,119,0,1000005845,1999988454,0.00000011899931
BZZmbzgkVJ4uoEKHzBBhoiDTntgaTX2CzEYKu1SC3acE,0x0000000000000000000000000000000000000000000000000000000000000000,0,871,434,0,1000005964,1999988215,0.00000043399743
3zojm1HhXwSd4ZDTktai5eaN688UZdPZCPjnHCF566rb,0x0000000000000000000000000000000000000000000000000000000000000000,274,0,0,546,1000007037,1999986084,0.00000027300192
2XhKMj2JwBgFHxX9S86ZEv71wEp93WXEG8JPXCXSEbDs,0x0000000000000000000000000000000000000000000000000000000000000000,0,675,336,0,1000006701,1999986759,0.00000033599775
BLAjcxpBNd2sUQLS5U9SFjcC1kiKDGked9EjdNvcZbKn,0x0000000000000000000000000000000000000000000000000000000000000000,299,0,0,596,1000033048,1999934481,0.00000029800975
CAnSqponBeXZJ6KXTRT5NLeeQ7VBxXM1zvFkajxuPiGF,0x0000000000000000000000000000000000000000000000000000000000000000,496,0,0,988,1000032347,1999935878,0.00000049401586
8WacSgfhznT4XqVd5HRt8Fi5ELk6hCFvYHC3tukfmcHp,0x0000000000000000000000000000000000000000000000000000000000000000,595,0,0,1186,1000031851,1999936866,0.0000005930187
En5LtvKDwnz72JHHPLxuwmcE1sc7Ka3xpd9SFFfzSteM,0x0000000000000000000000000000000000000000000000000000000000000000,402,0,0,801,1000032749,1999935077,0.000000400513
6Vv78PHu8aptJutpFuAxhRM17Jzgi7TGt87GQWcUPxBU,0x0000000000000000000000000000000000000000000000000000000000000000,0,345,171,0,1000032877,1999934826,0.00000017099437
7Cu3ztgWtJ8HYWjS7Rc8EgcXfpLEp6qaagGZeSkwDa3z,0x0000000000000000000000000000000000000000000000000000000000000000,954,0,0,1902,1000034088,1999932412,0.0000009510321
JE4a4ucZsJKVgVWhWGcN4cTEYsqagaZ1CM4XUk27kAn7,0x0000000000000000000000000000000000000000000000000000000000000000,257,0,0,512,1000033134,1999934314,0.0000002560084
GfsZN3jSU4ktTwaaDjBJoc1C37rugwLKTCabb6SgRZyW,0x0000000000000000000000000000000000000000000000000000000000000000,572,0,0,1140,1000040479,1999919757,0.00000057002285
G54ecWW33hSxs4rZ8e3gwmdoAmvhLtzvy5VLLP9eUHTz,0x0000000000000000000000000000000000000000000000000000000000000000,0,836,416,0,1000040233,1999920268,0.00000041598327
FFX3nQZ1VDGtGioMn4hDLDLpY69scrhrwxdVu9XxEkgc,0x0000000000000000000000000000000000000000000000000000000000000000,737,0,0,1469,1000040979,1999918770,0.00000073452986
ECnSoCEjstA5WtPMmJFJ7pkPDGpART9s9JbSoZMKwBVh,0x0000000000000000000000000000000000000000000000000000000000000000,752,0,0,1499,1000040985,1999918769,0.00000074953044
GD3jEGTSzV74RzbEasgeXzeGcHE7kqEjA3PKerC3rZGh,0x0000000000000000000000000000000000000000000000000000000000000000,374,0,0,745,1000040611,1999919498,0.000000372515
EoEU7Tr6QWWUyddsHvUKoGfeafBZ5oQedjXuKnX8CC3E,0x0000000000000000000000000000000000000000000000000000000000000000,0,741,369,0,1000040242,1999920239,0.00000036898516
CFsNJX15yVYdfxm8qAw6f4UTGTdR4Dg89bw2USEg7qDw,0x0000000000000000000000000000000000000000000000000000000000000000,0,486,242,0,1000040237,1999920243,0.00000024199025
PTYfwADT23mB1Xszz9RDKnp6tH6vgJVc3wS93SLgRWb,0x0000000000000000000000000000000000000000000000000000000000000000,0,237,118,0,1000040867,1999919006,0.00000011799517
FXjwfUGGuuhvyzo19Uvu4bvb8aHXSfBmJuENNAHnHxxz,0x0000000000000000000000000000000000000000000000000000000000000000,0,662,330,0,1000040649,1999919432,0.0000003299866
A5A6i5vzeANaF6LbNVQ8RYY7aVfacjRyMkCx2K46JHAC,0x0000000000000000000000000000000000000000000000000000000000000000,791,0,0,1577,1000042571,1999915615,0.00000078853327
XgzRkBt789SLJzDf1TYd6fKzxJWLFEJhDEnk1xiGftY,0x0000000000000000000000000000000000000000000000000000000000000000,0,370,184,0,1000040683,1999919376,0.00000018399251
4Nmgg7oHfjTdr6NeYyi8m46DTLkL5QKQiiCYnETnNmht,0x0000000000000000000000000000000000000000000000000000000000000000,0,372,185,0,1000040498,1999919748,0.0000001849925
AvxzZ7MsQJJqxVyib7PGqWJBbXxGzN3UMQDDD9zBVJaz,0x0000000000000000000000000000000000000000000000000000000000000000,796,0,0,1587,1000041780,1999917192,0.0000007935329
382UR813Nv6zksikKb6UYYukz4KcHXn86vNBqjmgVKZ2,0x0000000000000000000000000000000000000000000000000000000000000000,486,0,0,969,1000040984,1999918779,0.0000004845197
