tx_hash,pool_id,amount_x_in,amount_y_in,amount_x_out,amount_y_out,reserve_x,reserve_y,slippage
ENoV9XaRacZqKKXdjUWSLqguaVUbTyhBWobbhUvRrRCw,0x29ddae2ef2feafd15f8faab08518c976d1c0bce11d246caabae01d5b4e6712ed,2660,0,0,5303,50004278,99991490,0.000002651517
BRbcFsK7Lcf28pCyX6h4sNTG2T8caB3Dp7UEFnFd2XM3,0x29ddae2ef2feafd15f8faab08518c976d1c0bce11d246caabae01d5b4e6712ed,3060,0,0,6101,50001618,99996793,0.0000030504825
4vWLbJGM8jJdJm7zgKBqMritA847SLPqFmDieeh9KaEW,0x7acda0fdb382246b88fb78dd5a370749354f5467ae50353ae8db82bdefef5491,0,4051,2019,0,49999879,100000267,0.0000020189846
AiRy3LGwXJ6FwXMws4y57DXQ8cV5N4p4jqWGsuooXFGn,0x7acda0fdb382246b88fb78dd5a370749354f5467ae50353ae8db82bdefef5491,3311,0,0,6601,50007135,99985800,0.0000033005501
EnXNsVevaszHGTd84JxKjKkjMNakga3jaxbRTpt2u91s,0x7acda0fdb382246b88fb78dd5a370749354f5467ae50353ae8db82bdefef5491,0,2577,1284,0,50005851,99988377,0.0000012839633
5s89cYH53PJRoigjCSTnbZEACmrrgxs2ysXGyoQPsc4J,0x94eddd2821b97ef95ccb194947f355d561b4a67337829b05db7261e683fd8479,4891,0,0,9752,50005260,99989551,0.0000048760066
BxBSYKaz4rX56YuzKm9cwmRNeMW3nSU8EurSL1zAQz9Z,0x29ddae2ef2feafd15f8faab08518c976d1c0bce11d246caabae01d5b4e6712ed,0,4822,2403,0,50003205,99993683,0.0000024029462
BchoLNv9fCasyVw2xGAYLS7YpVZ3fDZgRFhZP2Z6dwEM,0x94eddd2821b97ef95ccb194947f355d561b4a67337829b05db7261e683fd8479,3816,0,0,7608,50013642,99972884,0.0000038041485
HjTSEBNerKifgNvZuM9F4KPNuctsog2MQGt5dhFMEy17,0x29ddae2ef2feafd15f8faab08518c976d1c0bce11d246caabae01d5b4e6712ed,0,3390,1689,0,50002589,99994880,0.0000016889711
6j4gaGEGU6GCirFhP2gFKACKSScY74a1vv5DKAbMfs1S,0x94eddd2821b97ef95ccb194947f355d561b4a67337829b05db7261e683fd8479,0,3526,1757,0,50011346,99977511,0.0000017569079
v8TVmmdP1HJwDzz42oFM7f2WUPA6oDobaMGyYGpnxu8,0x7acda0fdb382246b88fb78dd5a370749354f5467ae50353ae8db82bdefef5491,1898,0,0,3784,50001898,99996216,0.000001892
FcaVjjs4rExaNAp6T7QsR5ULyeQVUd5SwoUm9W5watZB,0x8371f58943afc4c8d91c2287f15ec075a565a400f2fe46e5e8af9dadbcb54fea,1961,0,0,3909,50011774,99976636,0.000001954576
83wMENY4QkdYSWp76RCVvVwfF6jMPjTmQHgwbPNoLnJD,0x7acda0fdb382246b88fb78dd5a370749354f5467ae50353ae8db82bdefef5491,3467,0,0,6912,50012299,99975522,0.0000034561215
6Rb2VNxQ3szpUuPLjB8YDwWnfG8PzSGxe8eVBt1oWrVE,0x94eddd2821b97ef95ccb194947f355d561b4a67337829b05db7261e683fd8479,0,2957,1474,0,50003786,99992508,0.000001473969
4x1n5TUqHTayrDK8yTM3imZwoT4tBxPWJUzkJsJMQXWx,0x8371f58943afc4c8d91c2287f15ec075a565a400f2fe46e5e8af9dadbcb54fea,0,4268,2127,0,49997873,100004268,0.000002127
63nKjiyghrZdTb9JkhxeAmHH6moHsCw9nbbjD7nXNfyL,0x94eddd2821b97ef95ccb194947f355d561b4a67337829b05db7261e683fd8479,0,1525,760,0,50002600,99994826,0.0000007599898
6N2XfjbFotc2E3Ssz7b86NRJNQ1TZ2tc3QP2QD4UADCn,0x94eddd2821b97ef95ccb194947f355d561b4a67337829b05db7261e683fd8479,0,3079,1535,0,50011493,99977195,0.00000153492
EASWsJoght1hwh5bNZHZkKEz5EibJPpxbURuMoB9KaJA,0x94eddd2821b97ef95ccb194947f355d561b4a67337829b05db7261e683fd8479,3360,0,0,6699,50003360,99993301,0.0000033495
9T5N4e6xjoW9YJRLMSBE36MCDdpBtkkmWqxKra7vmFqZ,0x94eddd2821b97ef95ccb194947f355d561b4a67337829b05db7261e683fd8479,0,4477,2231,0,50000369,99999303,0.0000022309769
BTZgmBYL5NTbBVSVpcmY38sAGUo1emS8aALg9ZYaWXnF,0x7acda0fdb382246b88fb78dd5a370749354f5467ae50353ae8db82bdefef5491,3945,0,0,7866,50003824,99992401,0.000003932998
HXaKcGLJsVj4cFZkqZs9W189tSTDKvAw8myoy4XEp9Fw,0x7acda0fdb382246b88fb78dd5a370749354f5467ae50353ae8db82bdefef5491,0,4919,2452,0,50018473,99963282,0.0000024517947
ENBtbNHSPac4DFdnHmbthEiVN9nbhk3jrEND5wwJR4Qa,0x7acda0fdb382246b88fb78dd5a370749354f5467ae50353ae8db82bdefef5491,0,1325,660,0,50017136,99965917,0.00000065995306
FpN3SDTn91B4Xcpbah8inbqvdHQx1fX8xg5mhNbpbNj3,0x94eddd2821b97ef95ccb194947f355d561b4a67337829b05db7261e683fd8479,0,4256,2121,0,50009826,99980492,0.0000021208987
6vXtcC7N7mKzzXtqMUeZHEzLq9rZ6dGUXVVSwcdDMyhT,0x8371f58943afc4c8d91c2287f15ec075a565a400f2fe46e5e8af9dadbcb54fea,0,4152,2069,0,50009813,99980545,0.0000020689017
FFmBaK5w9J8gYyZyzzLYcmoypTUdxd7cfGmTPus7LSyC,0x8371f58943afc4c8d91c2287f15ec075a565a400f2fe46e5e8af9dadbcb54fea,0,4511,2248,0,49993388,100013267,0.0000022480392
8FxKfbUdCE1pzZcSEFReVyJDuXFjyWyrCpn9aSc6iPwT,0x8371f58943afc4c8d91c2287f15ec075a565a400f2fe46e5e8af9dadbcb54fea,0,4488,2237,0,49995636,100008756,0.000002237019
C3UGZF1C3jzQuUcckmi85T8xapWdtnEtX1PDj2t9txMd,0x8371f58943afc4c8d91c2287f15ec075a565a400f2fe46e5e8af9dadbcb54fea,4119,0,0,8212,50011882,99976393,0.000004106126
HWKT6PRygtZE1jVL5wB3AVs4FkiycT76roKvxzynHAPD,0x7acda0fdb382246b88fb78dd5a370749354f5467ae50353ae8db82bdefef5491,3343,0,0,6665,50015642,99968857,0.0000033326633
4GWDQh4EtbBQBaZu8tsvgj4zEpBhsReAZMHMPtfVex43,0x8371f58943afc4c8d91c2287f15ec075a565a400f2fe46e5e8af9dadbcb54fea,0,4844,2414,0,50005418,99989390,0.0000024139242
BkswS3i2Lh3UHqudtoQVCCYL5H7x2UYfuTF1ZddtThUo,0x29ddae2ef2feafd15f8faab08518c976d1c0bce11d246caabae01d5b4e6712ed,0,2894,1442,0,49998558,100002894,0.000001442
AFNu6TjaHBjkx7r2t1p62gmCBhQB2phwyHGcGSBNwkJ3,0x8371f58943afc4c8d91c2287f15ec075a565a400f2fe46e5e8af9dadbcb54fea,4603,0,0,9178,50004357,99991396,0.0000045889947
5kAes82CkRvHPo2ciGfYcuuNJEXWRLKBsxkP65hXbmWQ,0x29ddae2ef2feafd15f8faab08518c976d1c0bce11d246caabae01d5b4e6712ed,1783,0,0,3555,50005608,99988861,0.000001777527
Ft9AxfLKDQdLsYjoDrqVXxPWVQ387qqg65SZcKGhSkLg,0x7acda0fdb382246b88fb78dd5a370749354f5467ae50353ae8db82bdefef5491,1557,0,0,3104,50020030,99960178,0.000001552114
BcD5tFQqQHdgE4k9CfkwJvj52UoodPEhiXmjw5C2biQo,0x29ddae2ef2feafd15f8faab08518c976d1c0bce11d246caabae01d5b4e6712ed,2890,0,0,5762,50011773,99976755,0.0000028811007
DNBeLpkHqCruUqJibLjK6W7qUQYjXhwSF31Em7pMB1jR,0x29ddae2ef2feafd15f8faab08518c976d1c0bce11d246caabae01d5b4e6712ed,0,1530,762,0,50001019,99998196,0.0000007619946
GCNABkADmMWyyrUd9XcjmLdSRyFgZgAEw1qnFPkS4nAU,0x7acda0fdb382246b88fb78dd5a370749354f5467ae50353ae8db82bdefef5491,0,4656,2321,0,50013321,99973513,0.0000023208547
GyM7HdhDMWUWNAMcNw9Gd2Gc1698HQhf5vkVU6oAg9Y4,0x29ddae2ef2feafd15f8faab08518c976d1c0bce11d246caabae01d5b4e6712ed,0,4711,2348,0,50001130,99997874,0.0000023479674
6C8Ts9TZeVYSKd9ZXPbWhAJfBNmHAyiYXb6CTdNGcT6G,0x29ddae2ef2feafd15f8faab08518c976d1c0bce11d246caabae01d5b4e6712ed,0,4817,2401,0,49999362,100001469,0.000002400983
mHqTv7MrD2Ds3FcF3gugPSKgpALrC4c2J2i4cZFoxFj,0x8371f58943afc4c8d91c2287f15ec075a565a400f2fe46e5e8af9dadbcb54fea,1940,0,0,3868,50010882,99978546,0.000001934068
rZWExdSkhqTMEo3NHFbqB4eTYcRswj6ieJ5XWPHa7SA,0x8371f58943afc4c8d91c2287f15ec075a565a400f2fe46e5e8af9dadbcb54fea,1120,0,0,2233,49997178,100005710,0.0000011164823
2soQvYmpq5WdibNJnQhJMK5eiW5rHEKKygH5ugNL82Zt,0x94eddd2821b97ef95ccb194947f355d561b4a67337829b05db7261e683fd8479,3230,0,0,6440,50014576,99971071,0.000003220145
9jw7nf4ZtFvuZNopZQ3EN7Drdiu2u2yEpy8a4mZDxq76,0x7acda0fdb382246b88fb78dd5a370749354f5467ae50353ae8db82bdefef5491,0,3436,1713,0,50027885,99944557,0.0000017127973
8wx5TkvMktyY3xps984ttbhdjfBJfhXK7ZEZxfnBgLDU,0x7acda0fdb382246b88fb78dd5a370749354f5467ae50353ae8db82bdefef5491,0,2628,1310,0,50018720,99962806,0.0000013098951
AzuAsyCdzyqR98GMGRPhzsfGUtGJVwLYASt2x9F4ZsS2,0x7acda0fdb382246b88fb78dd5a370749354f5467ae50353ae8db82bdefef5491,4974,0,0,9916,50026622,99947053,0.000004958427
BjFS9cA5fiuji2NDizAs8xisux46994tk6tPCSMnGMam,0x8371f58943afc4c8d91c2287f15ec075a565a400f2fe46e5e8af9dadbcb54fea,2670,0,0,5324,49996058,100007943,0.0000026619293
3ZWP5x52XCnCQ3jhvyTAAphNK44QmHiSggMKCwUCcY21,0x29ddae2ef2feafd15f8faab08518c976d1c0bce11d246caabae01d5b4e6712ed,2070,0,0,4127,50003200,99993747,0.0000020635086
uGAdWFDFvPFZKA9rkhCu4H7ZV8e7XTpxxvYZNBqkUja,0x94eddd2821b97ef95ccb194947f355d561b4a67337829b05db7261e683fd8479,4597,0,0,9166,50008383,99983342,0.000004583069
DDmxJBw94MWUFsu3eeZMbRs7NEM3ETP4dCNphETxCDBS,0x29ddae2ef2feafd15f8faab08518c976d1c0bce11d246caabae01d5b4e6712ed,0,3830,1909,0,50003478,99993163,0.000001908959
7T6txuSLF2byK3xdSDSfaxbDZrCWturZpbUvEhwjDZtS,0x94eddd2821b97ef95ccb194947f355d561b4a67337829b05db7261e683fd8479,4998,0,0,9964,50019210,99961858,0.000004982281
A7rqgYQ1FPwC8VFryLs2yLSB2v21eiE7cj21NWERJJUD,0x94eddd2821b97ef95ccb194947f355d561b4a67337829b05db7261e683fd8479,1318,0,0,2627,50018626,99963068,0.0000013135901
AMfHo65wPbLg3oj5HDJw3MJ8VPZfU5HzqpAiNEa6iTpC,0x29ddae2ef2feafd15f8faab08518c976d1c0bce11d246caabae01d5b4e6712ed,1236,0,0,2464,50003825,99992416,0.0000012320127
B5Ddtn3CaVNz41KJ2p9XUwPXhd5ACJoZNMgc9S9QjmHL,0x29ddae2ef2feafd15f8faab08518c976d1c0bce11d246caabae01d5b4e6712ed,3055,0,0,6091,50007826,99984624,0.0000030455565
B7GaQq4HgLEuwnFJLzTKSrcXAt6T595ffjoJAf9Yqahq,0x94eddd2821b97ef95ccb194947f355d561b4a67337829b05db7261e683fd8479,0,1232,614,0,50013028,99974116,0.0000006139665
E4K6rx8YtSZ1DJGUPVHTMWth11oGoQTxGE9biq5yQMFD,0x29ddae2ef2feafd15f8faab08518c976d1c0bce11d246caabae01d5b4e6712ed,2182,0,0,4350,50005387,99989333,0.0000021750275
BmR9obzxDANgT3NJ5KY4BuPvQ3ENxhDmpCKUPAZeSZVZ,0x29ddae2ef2feafd15f8faab08518c976d1c0bce11d246caabae01d5b4e6712ed,0,2783,1387,0,50001763,99996652,0.0000013869825
2EKxeaizuezQh3E5FrZmVUknyjX58NdMJsYmLxYF8pF1,0x8371f58943afc4c8d91c2287f15ec075a565a400f2fe46e5e8af9dadbcb54fea,1299,0,0,2590,49999754,100000574,0.0000012949918
5oB6nf3G3RKpjrAyxAmCUJVaHNPdGY2hCNaABmvozheN,0x29ddae2ef2feafd15f8faab08518c976d1c0bce11d246caabae01d5b4e6712ed,0,1479,737,0,50003150,99993869,0.0000007369885
8VLpyY6jWzBA8th4Auy2DXeEXRoT9Kt1mgn4jZPTJhm6,0x94eddd2821b97ef95ccb194947f355d561b4a67337829b05db7261e683fd8479,1610,0,0,3210,50013103,99973985,0.0000016050733
HdVZNd2V4TJiwswsTDPekwTiDCYbycMaBjV1WziKpydA,0x94eddd2821b97ef95ccb194947f355d561b4a67337829b05db7261e683fd8479,0,2467,1229,0,50017397,99965535,0.0000012289084
CEqN9e3Ck7Vw1ZEbCHZj6mLagEK95f91nQndRPsKNWmR,0x8371f58943afc4c8d91c2287f15ec075a565a400f2fe46e5e8af9dadbcb54fea,1277,0,0,2546,49998455,100003164,0.0000012729855
73iHQvM3q1VSE5sbwYy2JVK19zknmqUSpvofjD8hyo5a,0x29ddae2ef2feafd15f8faab08518c976d1c0bce11d246caabae01d5b4e6712ed,0,1827,910,0,50002290,99995574,0.00000090998833
H5TCjV4ekAAqM7stBk13ZAzyEYj6mPz39pKpVR58izpz,0x94eddd2821b97ef95ccb194947f355d561b4a67337829b05db7261e683fd8479,1659,0,0,3307,50017308,99965695,0.0000016536026
GN1Cjpij1cDyX8orG3taiCHbyoWEiF6MLohfq6ptPYKz,0x29ddae2ef2feafd15f8faab08518c976d1c0bce11d246caabae01d5b4e6712ed,0,3322,1656,0,49997706,100004791,0.0000016560042
2BT5tyZfZYNUW9PkAY97CDu8aPz6xgsvpv266fWiwp6R,0x8371f58943afc4c8d91c2287f15ec075a565a400f2fe46e5e8af9dadbcb54fea,0,1117,556,0,50010326,99979663,0.0000005559758
8RN2Lz1pHx6mkFFz1x6Pz88wpEpoC9e7NaVp9XEhM4Jr,0x29ddae2ef2feafd15f8faab08518c976d1c0bce11d246caabae01d5b4e6712ed,4075,0,0,8125,50001781,99996666,0.000004062461
3Tqi6v6SRoL4jTZgVBM2EUv21uDXH4NU1cimsA9Zdu1k,0x8371f58943afc4c8d91c2287f15ec075a565a400f2fe46e5e8af9dadbcb54fea,3406,0,0,6791,50007763,99984605,0.0000033955585
FDMsqk49XiGQs3gfptL5kZ3WQQWtbjkZ5MRJokkyDULY,0x7acda0fdb382246b88fb78dd5a370749354f5467ae50353ae8db82bdefef5491,2928,0,0,5837,50021648,99956969,0.000002918717
HopQrWgH8RTK8rGhjwfRMT3tJjro4juoyYFGFaSj5j6B,0x8371f58943afc4c8d91c2287f15ec075a565a400f2fe46e5e8af9dadbcb54fea,2683,0,0,5349,50010384,99979520,0.0000026745809
4vxVNTC4NSpJfF1SeYJbXf3R3kiuCRAKmRpTPWC9dpkn,0x29ddae2ef2feafd15f8faab08518c976d1c0bce11d246caabae01d5b4e6712ed,1631,0,0,3252,50004771,99990715,0.0000016260196
DMd15KxsPU2odLHkFquaNS6PtijitDxQDhLmitKeqqmd,0x7acda0fdb382246b88fb78dd5a370749354f5467ae50353ae8db82bdefef5491,1491,0,0,2972,50014812,99970541,0.0000014860788
Hhy3NrghmcVgy1Kf1sqwHe13AxZt3kXXYDLgPoAsZpbJ,0x8371f58943afc4c8d91c2287f15ec075a565a400f2fe46e5e8af9dadbcb54fea,4775,0,0,9521,50007701,99984869,0.000004760553
DqvPLrhmBvWYWHxoqAgV89EgBsn8RLKgF52hDXjN7c3B,0x7acda0fdb382246b88fb78dd5a370749354f5467ae50353ae8db82bdefef5491,2984,0,0,5949,50017796,99964592,0.0000029746752
6oWE92j4kKpzn6VBfMksWUb9gJMuMeTjouyJNEAWUHCX,0x8371f58943afc4c8d91c2287f15ec075a565a400f2fe46e5e8af9dadbcb54fea,0,3934,1961,0,50003457,99993324,0.0000019609574
J5WXfoNS9hE4DRrCrf4Co6S6MFYQFFC5qUGKYgBbLciq,0x8371f58943afc4c8d91c2287f15ec075a565a400f2fe46e5e8af9dadbcb54fea,0,4864,2424,0,50009350,99981500,0.000002423886
6y3QZ11MS2FB1u347r2SsQVkyiajXt8o2R3AZs7BNVNP,0x94eddd2821b97ef95ccb194947f355d561b4a67337829b05db7261e683fd8479,0,2145,1069,0,50015649,99969002,0.0000010689286
7NfHFkS1HaQE27arDUEBbkcEMHkkSqFrAZx7TcmQBryG,0x94eddd2821b97ef95ccb194947f355d561b4a67337829b05db7261e683fd8479,1630,0,0,3249,50016206,99967822,0.000001624594
JCcwGhecNnrMXSL8c8rqvNGwA6zrjnoWzCfJWx6mF65R,0x7acda0fdb382246b88fb78dd5a370749354f5467ae50353ae8db82bdefef5491,2981,0,0,5943,50008832,99982434,0.000002971569
DzaGoPeThvvKxEza5JBXDB6kUcKA4eDFuaBMBoiuGCj9,0x29ddae2ef2feafd15f8faab08518c976d1c0bce11d246caabae01d5b4e6712ed,1597,0,0,3184,50003887,99992390,0.0000015920141
94xB7aFZu6jSJRZjazjr3JvYEye1gKDHfQnzti8ZPeUK,0x94eddd2821b97ef95ccb194947f355d561b4a67337829b05db7261e683fd8479,0,4999,2492,0,50016718,99966857,0.0000024918086
4vxky2pi6FQEgcFhhjynX48VgKfwp5SaAHuRqBgaQTnH,0x94eddd2821b97ef95ccb194947f355d561b4a67337829b05db7261e683fd8479,3564,0,0,7106,50011947,99976236,0.0000035531184
8JhBuyi9Kasu3MamDs764rJTpmcM7xd8RQykx3riPPKj,0x29ddae2ef2feafd15f8faab08518c976d1c0bce11d246caabae01d5b4e6712ed,2121,0,0,4229,50003140,99993967,0.0000021145077
Dxi3gmts2EjRnHJdWWGxDcA1P61AD18bMW8gPsRT2gs9,0x8371f58943afc4c8d91c2287f15ec075a565a400f2fe46e5e8af9dadbcb54fea,0,1066,531,0,50002926,99994390,0.0000005309927
Dh1CV4DbZVCuQfmPmKtghPx3DKKUt2t98xJM2V4uxDqj,0x94eddd2821b97ef95ccb194947f355d561b4a67337829b05db7261e683fd8479,0,4000,1994,0,50014212,99971822,0.0000019938707
6Vr6X42gQcSYuXCugCyEHfF25Zi451p9pEc4KSWCpRt9,0x7acda0fdb382246b88fb78dd5a370749354f5467ae50353ae8db82bdefef5491,3789,0,0,7554,50020925,99958363,0.0000037772575
AkEiC3BnMSEqdGkB6EVzyqkcCM6MVicMDFTitJC2BZtG,0x8371f58943afc4c8d91c2287f15ec075a565a400f2fe46e5e8af9dadbcb54fea,0,3046,1518,0,50007832,99984546,0.0000015179432
ES6sB9Tn8XDdGdHcSi5BzJF6e95Qp9iqdWVgyfqFaZEL,0x7acda0fdb382246b88fb78dd5a370749354f5467ae50353ae8db82bdefef5491,2976,0,0,5932,50029598,99941121,0.0000029663142
2JckoDQg8XDaRsVnaPJnJyv1pxd9ChxAWwvSecMnDeRB,0x29ddae2ef2feafd15f8faab08518c976d1c0bce11d246caabae01d5b4e6712ed,2300,0,0,4585,50017089,99966226,0.0000022926338
64Ttz4ae524xGPXnepiSKtkULtLcniPMQCPDEwfbebXf,0x29ddae2ef2feafd15f8faab08518c976d1c0bce11d246caabae01d5b4e6712ed,1234,0,0,2460,50014789,99970811,0.0000012300658
AWgpTJeqzxX9zyYa49D9bkmGeUBmbHQwoK8fTGwo3ekm,0x29ddae2ef2feafd15f8faab08518c976d1c0bce11d246caabae01d5b4e6712ed,0,3801,1895,0,50027288,99945945,0.0000018947788
5KBiijpuynbjyAGj2bgLL6sT1GSrxGB49JArXzbU1XuP,0x8371f58943afc4c8d91c2287f15ec075a565a400f2fe46e5e8af9dadbcb54fea,2084,0,0,4153,50065897,99869353,0.0000020770256
7bBc9xLaKgnaC2E5jyPFaf5XoQrHXWf5ezmrtqxUHuJn,0x29ddae2ef2feafd15f8faab08518c976d1c0bce11d246caabae01d5b4e6712ed,0,3605,1797,0,50056098,99888688,0.000001796584
BfrJrm7n1jqJTTuoCvPzDG5SQrKhoopyv15e88o3eQ9x,0x7acda0fdb382246b88fb78dd5a370749354f5467ae50353ae8db82bdefef5491,1808,0,0,3602,50095057,99810987,0.0000018016681
DjHqTiErurL2t39VLgZWC9HDe3khvtk7XketWnCsQGmB,0x7acda0fdb382246b88fb78dd5a370749354f5467ae50353ae8db82bdefef5491,0,1202,599,0,50094458,99812189,0.0000005987723
EbYRuVzdXuJZjGg2cgYcYvpgsUGpyNisX421niiJT3L2,0x8371f58943afc4c8d91c2287f15ec075a565a400f2fe46e5e8af9dadbcb54fea,0,1352,674,0,50063813,99873506,0.0000006738262
A9fFXEKdJwciyv1r1qVVNp6u8A2DsrxTdEtJPnHc9r69,0x94eddd2821b97ef95ccb194947f355d561b4a67337829b05db7261e683fd8479,1892,0,0,3771,50053760,99893652,0.000001885887
93VCSj9kbiC64XksGLkZ9f3UHKYL3AvP9dGkMZo8yuEH,0x8371f58943afc4c8d91c2287f15ec075a565a400f2fe46e5e8af9dadbcb54fea,4798,0,0,9562,50070695,99859791,0.0000047822496
4FqiemNKyKZCLHHKNJzEmpNMYt2jP6djK3scmjvNNESh,0x94eddd2821b97ef95ccb194947f355d561b4a67337829b05db7261e683fd8479,2519,0,0,5021,50047057,99906985,0.0000025109418
jYWLae9yruzongceHmGNWvKaXat7TVsj3fr4ZmcHwjB,0x94eddd2821b97ef95ccb194947f355d561b4a67337829b05db7261e683fd8479,3931,0,0,7835,50051868,99897423,0.0000039182423
BRYxwcTNh8Ex6E3xqVV95jmdJZ7uRHXNP2CwMBXYy5Sa,0x7acda0fdb382246b88fb78dd5a370749354f5467ae50353ae8db82bdefef5491,0,2206,1100,0,50093358,99814395,0.0000010995846
ARCsitbbo7YedWHk2ApWGR7fbRxJjZzqJj75NGqK4fMK,0x8371f58943afc4c8d91c2287f15ec075a565a400f2fe46e5e8af9dadbcb54fea,0,4176,2082,0,50064487,99872154,0.0000020814457
Gb94KnT3S5hEzcREKDrSgJ3xcer1bcpkXLeyW73VyTa2,0x7acda0fdb382246b88fb78dd5a370749354f5467ae50353ae8db82bdefef5491,0,1153,575,0,50099242,99802732,0.0000005747705
2oukGzudK3QxQETwy788AQMPBWCcuyhj4p7pZGb8Kg2a,0x8371f58943afc4c8d91c2287f15ec075a565a400f2fe46e5e8af9dadbcb54fea,3862,0,0,7695,50085902,99829508,0.000003848753
FU8mrF7fu15LVTnoFHB7KaYgtpgZwLc1HMZ4BASZJ3b4,0x94eddd2821b97ef95ccb194947f355d561b4a67337829b05db7261e683fd8479,0,2784,1388,0,50044538,99912006,0.0000013877451
CkXRU8KvCLq6Hz8QAjxWXCsA91F5vwvhHjTcBhTs9wLs,0x8371f58943afc4c8d91c2287f15ec075a565a400f2fe46e5e8af9dadbcb54fea,0,2582,1287,0,50076215,99848809,0.0000012866011
9drwhwj6shqhZihu7gj8S7iNruG2ma8sMzMiqGJ7cDEf,0x94eddd2821b97ef95ccb194947f355d561b4a67337829b05db7261e683fd8479,0,4378,2183,0,50044874,99911363,0.0000021825892
8zQ8wjdVmE63JB7iXYyiuE2zoGnaByvzh96kUyofSveU,0x8371f58943afc4c8d91c2287f15ec075a565a400f2fe46e5e8af9dadbcb54fea,1116,0,0,2223,50077331,99846586,0.0000011118362
D8fNt5hQsThvaipzhaKV8EaMi2v4EiuyhnDEgbY5Fm7E,0x8371f58943afc4c8d91c2287f15ec075a565a400f2fe46e5e8af9dadbcb54fea,4257,0,0,8483,50077502,99846227,0.0000042427328
57hhR2voepShC7ks74uWh7Myv7bodJMSNtjYbWidYMY7,0x94eddd2821b97ef95ccb194947f355d561b4a67337829b05db7261e683fd8479,3063,0,0,6105,50047937,99905258,0.0000030530412
9tYf4AoYREVtaskfLcFdYQd9jByqSgxA6kWFWAjzo9Yi,0x94eddd2821b97ef95ccb194947f355d561b4a67337829b05db7261e683fd8479,4270,0,0,8511,50045926,99909222,0.0000042562006
7fPE3gozHvh5za8PqQvn1xqcjMaCDdQEKjzdHu4eUBim,0x8371f58943afc4c8d91c2287f15ec075a565a400f2fe46e5e8af9dadbcb54fea,1324,0,0,2638,50059172,99882719,0.0000013193026
4syTestSEQzvJ8ikzAiJZu6tKGVRdWnxRkyCv3oUg8BR,0x94eddd2821b97ef95ccb194947f355d561b4a67337829b05db7261e683fd8479,1859,0,0,3705,50041656,99917733,0.0000018527911
8mfzF4M8DA21CA25TnXgWMZU3XCSUBpSHAK7kJ6s4vb2,0x7acda0fdb382246b88fb78dd5a370749354f5467ae50353ae8db82bdefef5491,4144,0,0,8256,50099817,99801579,0.0000041295707
EM14v6YDto2kFdXwoCXSKpfBGJHXBmykZMvapXq2XSiV,0x7acda0fdb382246b88fb78dd5a370749354f5467ae50353ae8db82bdefef5491,0,3171,1581,0,50098143,99804883,0.0000015803696
9XFDEjUzY1EpKK3qqQGdW6odY6eDtGtJncJ6sBrCFK8c,0x7acda0fdb382246b88fb78dd5a370749354f5467ae50353ae8db82bdefef5491,0,1807,901,0,50093249,99814589,0.00000090066084
8fSC57gvT7eSAT4pB5XvsH9htydtdwzBrughnyWZQisT,0x29ddae2ef2feafd15f8faab08518c976d1c0bce11d246caabae01d5b4e6712ed,2425,0,0,4833,50058523,99883855,0.000002417038
GfqccNvdsCGMr7LNFvgdw8igcF2dA1muQQF5pM7Pxee3,0x8371f58943afc4c8d91c2287f15ec075a565a400f2fe46e5e8af9dadbcb54fea,3322,0,0,6619,50089224,99822889,0.000003310629
G8hAqvw4SkXn1gmGPcKjg72yrxX6x346oMftDDyF8LDm,0x8371f58943afc4c8d91c2287f15ec075a565a400f2fe46e5e8af9dadbcb54fea,3062,0,0,6102,50062234,99876617,0.0000030517158
8rWJXYadwhaCAeY2fKN1aqWYm3Go4adKHU6MrsBhQqLw,0x7acda0fdb382246b88fb78dd5a370749354f5467ae50353ae8db82bdefef5491,2525,0,0,5030,50099724,99801712,0.0000025159725
jmgkBiEgMQTVHHFtSYhNFs7ca7zPrJ9ESA9h5ADmhTK,0x94eddd2821b97ef95ccb194947f355d561b4a67337829b05db7261e683fd8479,3408,0,0,6792,50057168,99886860,0.0000033967224
8B46PDnqsKocrh7FZHAxfyDD6n1q8nRFDQn6GpYiBLYk,0x7acda0fdb382246b88fb78dd5a370749354f5467ae50353ae8db82bdefef5491,3841,0,0,7653,50097199,99806742,0.000003827921
FrGuxDPqCLBTa2XQz7Tc5zUXsfHedGnqetbJR8aDP4fr,0x7acda0fdb382246b88fb78dd5a370749354f5467ae50353ae8db82bdefef5491,0,4952,2470,0,50095673,99809835,0.0000024690307
5z8Y6EqynuupcbNUXP6DCeretUdDkZbhjpBCGEprERty,0x7acda0fdb382246b88fb78dd5a370749354f5467ae50353ae8db82bdefef5491,0,3574,1783,0,50095058,99811122,0.0000017823096
HXdetc2xfJoAcmqSU7jGTAVgZNwMPmfc9TEeHVEgggPi,0x7acda0fdb382246b88fb78dd5a370749354f5467ae50353ae8db82bdefef5491,3958,0,0,7886,50099016,99803236,0.00000394449
HaZZc4Hz6LQBQEqZjcX9ejsqnbBBZ9buaRgr8q5wSnLw,0x8371f58943afc4c8d91c2287f15ec075a565a400f2fe46e5e8af9dadbcb54fea,2550,0,0,5081,50073245,99854710,0.0000025412128
GJtrot6mYzCXxAxgk3TDUybjPB3fYSZUS36wz8uL5dEd,0x7acda0fdb382246b88fb78dd5a370749354f5467ae50353ae8db82bdefef5491,0,3305,1648,0,50096841,99807548,0.0000016473509
XeLZHKEYixNs7wj6AdfiU4HpWVGXXKyzVjtFGSRKLb7,0x8371f58943afc4c8d91c2287f15ec075a565a400f2fe46e5e8af9dadbcb54fea,4709,0,0,9383,50082040,99837203,0.00000469294
AjiqcHuhHTxtuNK4tqvKq3opCj5HLQrgtykcmZZZw3LT,0x7acda0fdb382246b88fb78dd5a370749354f5467ae50353ae8db82bdefef5491,0,1511,753,0,50098489,99804243,0.00000075270117
2AdRCNiyKPPhowj2LuMH3Sh5pxswPL4HyVmRvrpGeVQD,0x8371f58943afc4c8d91c2287f15ec075a565a400f2fe46e5e8af9dadbcb54fea,4335,0,0,8639,50066569,99867978,0.0000043205664
A1katrxfbXzmwLTKa5YtyrzFBaPX8KKPz4PDib1Vh9Vh,0x7acda0fdb382246b88fb78dd5a370749354f5467ae50353ae8db82bdefef5491,3509,0,0,6991,50102525,99796245,0.0000034968762
7cn69Y8KFyFpahGxRoVE3uuKVWApLahE6pCXDPdSqzbj,0x8371f58943afc4c8d91c2287f15ec075a565a400f2fe46e5e8af9dadbcb54fea,3622,0,0,7217,50092846,99815672,0.0000036097788
3PxDPyPQs1Qqv6mqXdNBQGjngKneXcDogtNceXTLBjQi,0x29ddae2ef2feafd15f8faab08518c976d1c0bce11d246caabae01d5b4e6712ed,1582,0,0,3153,50060105,99880702,0.0000015768663
7YTfAGVSikxFjt7614sJ1uJKFCmvP64y5cNkG4v2UP4K,0x8371f58943afc4c8d91c2287f15ec075a565a400f2fe46e5e8af9dadbcb54fea,2865,0,0,5708,50095711,99809964,0.0000028550526
FzFNYztcoBj6nF9uBecZu5i2wcfLPwFgJuoy8fFp4BTv,0x7acda0fdb382246b88fb78dd5a370749354f5467ae50353ae8db82bdefef5491,4866,0,0,9694,50107391,99786551,0.000004848976
CfhJTGQW4cf4EN7isWP9WmmswYbc5wJP8Sw16LQLV96,0x94eddd2821b97ef95ccb194947f355d561b4a67337829b05db7261e683fd8479,0,4103,2046,0,50055122,99890963,0.0000020455323
5DFhRrJoEt4oUpxneWK7ATFCN1JLSBCkc9UnuNeJP8na,0x29ddae2ef2feafd15f8faab08518c976d1c0bce11d246caabae01d5b4e6712ed,0,1242,619,0,50059486,99881944,0.0000006188512
EZbYBhMCrQ1nERsKMpSTspvNeeG5g8zHsmwmysh7wQMZ,0x94eddd2821b97ef95ccb194947f355d561b4a67337829b05db7261e683fd8479,0,4268,2128,0,50055925,99889452,0.000002127506
4iLQportyMHWtgcfb9iiSxJqZCZz1jUo1HpYatAiGQUg,0x8371f58943afc4c8d91c2287f15ec075a565a400f2fe46e5e8af9dadbcb54fea,0,4383,2186,0,50091119,99819219,0.0000021851845
2wXCDCDzhovongw6LtL3Zq274A1mDaCmMs7gKJjUMoe3,0x29ddae2ef2feafd15f8faab08518c976d1c0bce11d246caabae01d5b4e6712ed,0,2597,1295,0,50067863,99865280,0.000001294642
HiTWFHd34mC3G2heCsuEgksQizbzUv2mDv3j8NGES9Bs,0x29ddae2ef2feafd15f8faab08518c976d1c0bce11d246caabae01d5b4e6712ed,0,2618,1305,0,50066558,99867898,0.0000013046459
EJEcnUExZHBTk3HBcMVe3YxX6o2qnLjg9QvXPWWPoiA3,0x8371f58943afc4c8d91c2287f15ec075a565a400f2fe46e5e8af9dadbcb54fea,0,4543,2266,0,50093305,99814836,0.000002265134
92HaZUHkvzXgHin9HZq7Tg7oJ67aknuaqUhuDtsm6uTS,0x7acda0fdb382246b88fb78dd5a370749354f5467ae50353ae8db82bdefef5491,1784,0,0,3554,50112716,99776015,0.0000017777837
GjVcBNdWeq81RHq2W3DPP2LbiA9oK2p783HEoXKaQV6h,0x7acda0fdb382246b88fb78dd5a370749354f5467ae50353ae8db82bdefef5491,0,3004,1498,0,50110932,99779569,0.0000014973266
9brFdcipX4MdyfqxWUzYPwmEwrrNXncVBzzts8diuSUg,0x8371f58943afc4c8d91c2287f15ec075a565a400f2fe46e5e8af9dadbcb54fea,0,1789,892,0,50088694,99824135,0.0000008916805
wJtM4tgntJWWnfPyNkg6mn3euortp3Uz5VDNw4q1rCb,0x29ddae2ef2feafd15f8faab08518c976d1c0bce11d246caabae01d5b4e6712ed,4954,0,0,9872,50081006,99839126,0.000004937491
CWf5HgAM2szddBNXaoFbCRsR3fi4s7xKR24a5U4EAtxf,0x29ddae2ef2feafd15f8faab08518c976d1c0bce11d246caabae01d5b4e6712ed,2053,0,0,4091,50076052,99848998,0.0000020461011
J9g7dZXojSULCMzhhXDmuMenFuXuWw8wRzX4pKQJ4c6n,0x94eddd2821b97ef95ccb194947f355d561b4a67337829b05db7261e683fd8479,4717,0,0,9401,50062950,99875509,0.0000047015824
5kmfBD9yP1uwDEu49DCiTihVxgGcexALqggQpQf1FwyK,0x7acda0fdb382246b88fb78dd5a370749354f5467ae50353ae8db82bdefef5491,0,1183,590,0,50117629,99766282,0.00000058972114
6abNjvkutQxtfDboC58kMYRWLYKfsy9BGYk8SE468dSH,0x94eddd2821b97ef95ccb194947f355d561b4a67337829b05db7261e683fd8479,2032,0,0,4049,50058233,99884910,0.0000020249497
HiJ9HAsXnC32jKvdPX1U24soKZSvrE9U65jLGCnHrNWX,0x94eddd2821b97ef95ccb194947f355d561b4a67337829b05db7261e683fd8479,4279,0,0,8526,50093750,99814243,0.0000042645115
7NcB3uuuS9MjBjVdKRRsVzMxBTEyNJiWamou3CJkRBgJ,0x29ddae2ef2feafd15f8faab08518c976d1c0bce11d246caabae01d5b4e6712ed,4070,0,0,8109,50092878,99815588,0.00000405593
DVbeDNyQNDp9hzaaBNFRhrJQxVssDXa6nsTS9zXxs1cW,0x94eddd2821b97ef95ccb194947f355d561b4a67337829b05db7261e683fd8479,0,3103,1547,0,50089471,99822769,0.0000015464369
2aZr22N5nnUxViKvQKh27gPZMkX9yuwmSqhVa7QGKQ1P,0x8371f58943afc4c8d91c2287f15ec075a565a400f2fe46e5e8af9dadbcb54fea,0,2427,1210,0,50097955,99805806,0.0000012095202
8H98xtDvuABjMY4h8vs1V625XwoMU8fBSxFShJkL61tj,0x7acda0fdb382246b88fb78dd5a370749354f5467ae50353ae8db82bdefef5491,4829,0,0,9618,50146608,99708626,0.0000048117113
9p2m4k2hj7ZNw3WN1ZVWvy6kHgRfXZy9konRYMj9cYQe,0x29ddae2ef2feafd15f8faab08518c976d1c0bce11d246caabae01d5b4e6712ed,4355,0,0,8677,50097233,99806911,0.000004340101
AYbBkAb1KbzFPJuJ9Yp5jbJHR6ZuwQBokMdB83hcyfsu,0x7acda0fdb382246b88fb78dd5a370749354f5467ae50353ae8db82bdefef5491,0,1956,976,0,50145632,99710582,0.000000975428
9Sb5jktg6ufNEUZSugdk3MwrT5vkR9Q9o8h8tq6wEsbN,0x8371f58943afc4c8d91c2287f15ec075a565a400f2fe46e5e8af9dadbcb54fea,2421,0,0,4823,50099165,99803379,0.0000024124254
7B8j32jKpruu5V5mXHidERTkc8UXfWe6vyNKBSSRDTEo,0x8371f58943afc4c8d91c2287f15ec075a565a400f2fe46e5e8af9dadbcb54fea,3013,0,0,6002,50108674,99784481,0.000003002258
2BPDjD4M1oen6Ad3twydKF4HqFTZVCdjQNrGxKov71xS,0x29ddae2ef2feafd15f8faab08518c976d1c0bce11d246caabae01d5b4e6712ed,3504,0,0,6980,50111718,99778096,0.0000034915008
F9G7acUBXJPcuPpeTw9DPxTtGdbQwwMFLBm86YZoW5Dg,0x94eddd2821b97ef95ccb194947f355d561b4a67337829b05db7261e683fd8479,2981,0,0,5939,50098187,99805487,0.0000029706205
5jvbmw7AJdEzrVxt7quoaHnC1iM3K8ypXmSsTXFVmHVX,0x7acda0fdb382246b88fb78dd5a370749354f5467ae50353ae8db82bdefef5491,0,4033,2012,0,50141346,99719226,0.0000020108469
EbL8RCi5TALdeYjyoNt6VHG6oJMcq6F8Vs1mkjq7w5Co,0x8371f58943afc4c8d91c2287f15ec075a565a400f2fe46e5e8af9dadbcb54fea,3642,0,0,7255,50112316,99777226,0.0000036290642
GczVT761QUokgaCAndZLjbvQce69yGjcrotRSpFyPF8m,0x94eddd2821b97ef95ccb194947f355d561b4a67337829b05db7261e683fd8479,1630,0,0,3247,50095206,99811426,0.000001624102
2HA4Whk8oZanVtP49pgr4evewx5zGB8GJ387wzZRo2y6,0x29ddae2ef2feafd15f8faab08518c976d1c0bce11d246caabae01d5b4e6712ed,3889,0,0,7748,50108214,99785076,0.0000038756057
5pGiA9dSbE5UenN86BxnuXcANG1Ryu1J1ipwPmnHRrDd,0x29ddae2ef2feafd15f8faab08518c976d1c0bce11d246caabae01d5b4e6712ed,0,3027,1509,0,50014108,99972142,0.0000015089057
9Hp6SJd2WrrDfd7H513Qm52CaM3xd1bLnniUanmKkg42,0x94eddd2821b97ef95ccb194947f355d561b4a67337829b05db7261e683fd8479,0,4909,2447,0,50014950,99970444,0.0000024468297
EvKfd8UtGFnQpcN4vtUzANyh3yd1sf1sohNtZCTvncar,0x7acda0fdb382246b88fb78dd5a370749354f5467ae50353ae8db82bdefef5491,0,3396,1693,0,50033359,99933667,0.0000016927627
MLuuCDV2RAu2fFzUMb5xw6GNQDTw87BPp7qnZZQdWT5,0x94eddd2821b97ef95ccb194947f355d561b4a67337829b05db7261e683fd8479,2508,0,0,5000,50026096,99948254,0.0000025002337
2WZGk9tfDHgmsBULvBa3UDNjxVAioyuQnGjDc2WJivoC,0x94eddd2821b97ef95ccb194947f355d561b4a67337829b05db7261e683fd8479,1226,0,0,2444,50024952,99950606,0.0000012221147
2GxQzhMz2wiRyG3kq6FjUGXDrS5QYpFR4QJt9XghbNBB,0x8371f58943afc4c8d91c2287f15ec075a565a400f2fe46e5e8af9dadbcb54fea,0,3828,1908,0,50016913,99966809,0.0000019078564
24uHzg9VGy268Cq8mnSEzUxvNpgwUpmfr1JUirQmrNgV,0x94eddd2821b97ef95ccb194947f355d561b4a67337829b05db7261e683fd8479,0,3706,1847,0,50020956,99958666,0.0000018468315
6o3u8oHEbskmpoZT585q9mGne89cZ4K7f8LA5d5h8eno,0x7acda0fdb382246b88fb78dd5a370749354f5467ae50353ae8db82bdefef5491,0,4223,2105,0,50033367,99933835,0.0000021047015
2no4LgHiFWu8rhXio4YwFBQcgTY3kkA8WjTWG22QM6Nn,0x94eddd2821b97ef95ccb194947f355d561b4a67337829b05db7261e683fd8479,3394,0,0,6766,50024673,99951208,0.0000033832844
96Ly8NgU3mcxTF7b7frKgQZrEjQ2NNejHYVUy2uhwNVM,0x29ddae2ef2feafd15f8faab08518c976d1c0bce11d246caabae01d5b4e6712ed,0,4251,2119,0,50011989,99976393,0.0000021188805
AJiBcmWVg5zwXBfMUzqdi4m4QPXmEPbBnpQi3myrWQnn,0x7acda0fdb382246b88fb78dd5a370749354f5467ae50353ae8db82bdefef5491,0,3566,1778,0,50035472,99929612,0.0000017777352
4qqQVQ9ZHaW4WPa8MB5BLfqN77d3AhKcz5L8DNVGPrt8,0x8371f58943afc4c8d91c2287f15ec075a565a400f2fe46e5e8af9dadbcb54fea,3078,0,0,6137,50009312,99981804,0.000003068574
DcYXgp9aidLwW1nVewYCYPkUnMHxgT1Xnvpk9NyJ7XZ1,0x7acda0fdb382246b88fb78dd5a370749354f5467ae50353ae8db82bdefef5491,4452,0,0,8874,50038164,99924145,0.0000044375943
48SxEGeATiLu1pQtqRDXpe9uAnVCK1Pgp3LJiKvrPQT2,0x8371f58943afc4c8d91c2287f15ec075a565a400f2fe46e5e8af9dadbcb54fea,4026,0,0,8027,50014702,99971193,0.0000040136665
4LGd9J4xGATtfDu63sLeBsbfMoTiSS3DrYhj2mKZ3PNn,0x8371f58943afc4c8d91c2287f15ec075a565a400f2fe46e5e8af9dadbcb54fea,0,2380,1186,0,50012002,99976337,0.0000011859374
dJ8nxRX8CisXFBmU7gxD8BZVWUjCXjZjtKE9WKgUhCE,0x94eddd2821b97ef95ccb194947f355d561b4a67337829b05db7261e683fd8479,4788,0,0,9545,50025744,99949121,0.0000047728945
BYra5kHn7a8opc854S2xbrYuzbmrd55uKUqEqp7wTJRv,0x94eddd2821b97ef95ccb194947f355d561b4a67337829b05db7261e683fd8479,0,3182,1586,0,50022748,99954971,0.0000015858457
58dm8TGDmC5qi5rbRuaVbtDoWnhYLG5Zs3rjWhnVkbMi,0x7acda0fdb382246b88fb78dd5a370749354f5467ae50353ae8db82bdefef5491,1931,0,0,3849,50039516,99921501,0.0000019247873
3xL4g7ZWZXSSXFL4L3Y9BE54pPZ15AtKkSmrxpxuJv8c,0x8371f58943afc4c8d91c2287f15ec075a565a400f2fe46e5e8af9dadbcb54fea,0,1546,770,0,50009718,99981109,0.0000007699677
c176kUN6zG17Kp7aBnvxeFbksasaRZp5gUTMU9yFuEa,0x8371f58943afc4c8d91c2287f15ec075a565a400f2fe46e5e8af9dadbcb54fea,4622,0,0,9215,50009058,99982387,0.0000046075775
CsJAWy6sRTq7w7dWbkBWKNmfkywViCSVbXkjiSHya3Vt,0x94eddd2821b97ef95ccb194947f355d561b4a67337829b05db7261e683fd8479,0,3505,1747,0,50021279,99957974,0.0000017468391
5fKxk6tqcRLZSzfConADXhFVT2Q86ojieq6FEUipEwT,0x29ddae2ef2feafd15f8faab08518c976d1c0bce11d246caabae01d5b4e6712ed,0,1728,861,0,50009983,99980348,0.00000086096264
9RsfJFbkWAPQ6vGjMAqwyEqKFef7RJYnY1qFEbA74w6a,0x29ddae2ef2feafd15f8faab08518c976d1c0bce11d246caabae01d5b4e6712ed,1119,0,0,2231,50015617,99969115,0.0000011155639
FUR53ub3bkK5XeKo7YTPh3v436GLTcLsrQ6kEeK8SAtM,0x8371f58943afc4c8d91c2287f15ec075a565a400f2fe46e5e8af9dadbcb54fea,0,2464,1228,0,50005039,99990392,0.0000012279692
AjHaAjAxjAeg6NNV1axGzaQqqUYDvEnwej4v7AXxq8Vf,0x29ddae2ef2feafd15f8faab08518c976d1c0bce11d246caabae01d5b4e6712ed,1566,0,0,3122,50013555,99973271,0.0000015610738
DDxjKuVYWY3Jyj3u5aH9oR6xTgCT1pzpr6Ga9LuRpM1u,0x7acda0fdb382246b88fb78dd5a370749354f5467ae50353ae8db82bdefef5491,4868,0,0,9704,50038227,99923963,0.000004852644
BXdcBHpGk9xJ9BKdk69CXrrFzR8S8fpzPE9NNWb4uP7z,0x7acda0fdb382246b88fb78dd5a370749354f5467ae50353ae8db82bdefef5491,0,4545,2266,0,50037250,99926046,0.0000022656418
FkLxWg8WX5vAHL5CdrVbSJCgtktz882wjdNah3QEZTsf,0x29ddae2ef2feafd15f8faab08518c976d1c0bce11d246caabae01d5b4e6712ed,0,1865,929,0,50010844,99978620,0.00000092895624
2WLonjGYVJ2Nive7ZT1tXy9NZjuMH5E386wmGAiPdoo4,0x8371f58943afc4c8d91c2287f15ec075a565a400f2fe46e5e8af9dadbcb54fea,0,4340,2163,0,50006895,99986727,0.0000021629216
Eg7z1hWwaH9UiRnHNMAZhwf5JwdF8yNRNrL4frZ6Qzh7,0x94eddd2821b97ef95ccb194947f355d561b4a67337829b05db7261e683fd8479,0,1645,820,0,50025097,99950226,0.000000819915
2pPYVzmG3hD4i3Y7ivae42t4oVRTuhppLXgqo5GgPDKn,0x8371f58943afc4c8d91c2287f15ec075a565a400f2fe46e5e8af9dadbcb54fea,0,2894,1442,0,50008942,99982414,0.0000014419401
4qnSPo8jCtK8gmuLuw7rP3SGYt1bW1CguyXzYgyJJQ45,0x94eddd2821b97ef95ccb194947f355d561b4a67337829b05db7261e683fd8479,4203,0,0,8379,50021770,99956848,0.0000041897915
3c8H1fQKYyQtahtNc6uEqHUkQKc2zzD8K5YqieHySnJr,0x94eddd2821b97ef95ccb194947f355d561b4a67337829b05db7261e683fd8479,0,1008,502,0,50024595,99951234,0.0000005019496
GydGSHkcvDKiaYTBVt7Lunan3bN1QiCLBYMiuAtdrCJj,0x7acda0fdb382246b88fb78dd5a370749354f5467ae50353ae8db82bdefef5491,3947,0,0,7866,50065576,99869674,0.0000039339634
3XRpnfG9ynXsgoZ8dZsLcjJGDgtuZVFwUsg53L3xh3T8,0x94eddd2821b97ef95ccb194947f355d561b4a67337829b05db7261e683fd8479,0,3752,1870,0,50022803,99954960,0.0000018698155
CatvDSU5v29KfmBiLGuNZayUhPqUuwfocmdYsaqtKZNz,0x7acda0fdb382246b88fb78dd5a370749354f5467ae50353ae8db82bdefef5491,0,3818,1903,0,50036261,99927963,0.0000019027095
2ScyNSJFtVETJj2uSuPLR1fzFyLchQ5gYaDWyB6fowc3,0x7acda0fdb382246b88fb78dd5a370749354f5467ae50353ae8db82bdefef5491,0,4422,2205,0,50036022,99928385,0.000002204663
Dp1guN7i4oQXz6K67fG45cmAx8nkhPtPAWassiFueBXZ,0x8371f58943afc4c8d91c2287f15ec075a565a400f2fe46e5e8af9dadbcb54fea,1764,0,0,3516,50021337,99957990,0.0000017581353
7z58JbVUPVugfPmbDYErYmt1Dip1FJyDNBinMzvJHWW2,0x94eddd2821b97ef95ccb194947f355d561b4a67337829b05db7261e683fd8479,2617,0,0,5217,50017567,99965227,0.0000026086543
9S3UaM6mrdQ3X2LzUXde53NbKQ2XeKYPj6kBJgR9cF9W,0x8371f58943afc4c8d91c2287f15ec075a565a400f2fe46e5e8af9dadbcb54fea,2506,0,0,4996,50012224,99976113,0.0000024980943
8GNVy2uBbuoPkiNLygQVmNUJgHMfEW9NMDoSQpEr5wKR,0x94eddd2821b97ef95ccb194947f355d561b4a67337829b05db7261e683fd8479,0,2931,1461,0,50024283,99952052,0.0000014608496
66NMQMsXkSqa2HBorJ8m49kchGTSKtQt5WHxaDCT1pHi,0x8371f58943afc4c8d91c2287f15ec075a565a400f2fe46e5e8af9dadbcb54fea,2862,0,0,5706,50013188,99973957,0.000002853116
2reVMZRoeeeUBbJXu1Gnx69s6MQygPB2svaknwqcjkr7,0x8371f58943afc4c8d91c2287f15ec075a565a400f2fe46e5e8af9dadbcb54fea,3880,0,0,7735,50024509,99951718,0.0000038678136
2rUYuYPGMSzTg5eeuHQqkoRrVVRXYzx1Uxnu3aLVZwnX,0x7acda0fdb382246b88fb78dd5a370749354f5467ae50353ae8db82bdefef5491,3062,0,0,6104,50033800,99932766,0.0000030523731
7ydwZuRVhD45KJnVkQtuwgprHvTrJvjd488gsi6hT3cs,0x8371f58943afc4c8d91c2287f15ec075a565a400f2fe46e5e8af9dadbcb54fea,0,3107,1548,0,50010676,99979220,0.0000015479243
9Rq9tZ39gpNM78hK1yMBQL6oJrTxaHvopVRiShZmgjXv,0x7acda0fdb382246b88fb78dd5a370749354f5467ae50353ae8db82bdefef5491,0,1639,817,0,50037211,99926183,0.00000081687574
ErpyykwxBwVsPwdFPork5seDaPxZGGmLNKPjRu8dLaxk,0x7acda0fdb382246b88fb78dd5a370749354f5467ae50353ae8db82bdefef5491,3401,0,0,6779,50039662,99921184,0.0000033899885
BCHFBf9Vnvk5hGDZsPWVPs9ZMTge8mkpp2Lk7Ypb3t6V,0x94eddd2821b97ef95ccb194947f355d561b4a67337829b05db7261e683fd8479,3243,0,0,6465,50025991,99948506,0.0000032327912
FEA72SyHhRxYJiH9oJusePivbkbMF3dQza59ivWkhd1U,0x7acda0fdb382246b88fb78dd5a370749354f5467ae50353ae8db82bdefef5491,0,1110,553,0,50040416,99919802,0.0000005529094
9sF2hbVodiZUjzTCDZA52b9qJA1VBkNNuyRZS58dTpJj,0x7acda0fdb382246b88fb78dd5a370749354f5467ae50353ae8db82bdefef5491,0,2591,1292,0,50061629,99877540,0.0000012916748
49DcUX5WkUx18TcmjXjLeHTRGBnw2zirqWkJQFgc7xKK,0x7acda0fdb382246b88fb78dd5a370749354f5467ae50353ae8db82bdefef5491,2816,0,0,5612,50054458,99891815,0.0000028065756
E25WZ5fQQqopYytb1c7KsmhdHT88Ed1kz9ZfwfWmrscf,0x94eddd2821b97ef95ccb194947f355d561b4a67337829b05db7261e683fd8479,0,2020,1007,0,50023588,99953254,0.0000010069009
8Z5DZHvfPS8PiTA7qBgWDbnzHmmhgqGNMsueJtb1yhSi,0x7acda0fdb382246b88fb78dd5a370749354f5467ae50353ae8db82bdefef5491,1498,0,0,2986,50030738,99938870,0.0000014931736
7hH84SuavugCc8XKXStSLYNfETGuQ8M1e8QdKm2hVT6z,0x7acda0fdb382246b88fb78dd5a370749354f5467ae50353ae8db82bdefef5491,3083,0,0,6145,50046948,99906783,0.0000030730353
G7dBgspUT9q7MNp9jZYXtk1kMrQaegUJn7iYJmFh37ZV,0x8371f58943afc4c8d91c2287f15ec075a565a400f2fe46e5e8af9dadbcb54fea,0,1210,603,0,50004436,99991602,0.0000006029878
HMJ82UQuzjavQG7uDfgY57WCPJtbAhaCFSdF2Niuur27,0x7acda0fdb382246b88fb78dd5a370749354f5467ae50353ae8db82bdefef5491,0,4634,2310,0,50033712,99933019,0.0000023096673
7t4LivDU2KoTuN9bwWKJAbPRizL7BXNDenrfJsqcuSNX,0x8371f58943afc4c8d91c2287f15ec075a565a400f2fe46e5e8af9dadbcb54fea,4119,0,0,8212,50018821,99962981,0.0000041062367
4cWYNuJKqQxaXcasJkSiz6UneZagpJVz3kNG2Kp2q5Q5,0x8371f58943afc4c8d91c2287f15ec075a565a400f2fe46e5e8af9dadbcb54fea,2660,0,0,5303,50019573,99961506,0.000002651676
6CVzxY3LWV8peYWFQGpsDZhBH6jCv4GWW7DbzmXceSRr,0x7acda0fdb382246b88fb78dd5a370749354f5467ae50353ae8db82bdefef5491,3940,0,0,7852,50058398,99883963,0.00000392685
Gx8CngTb4mMqCoCdMRMLPRZ5tqvGQALiETmme6QvJCtx,0x94eddd2821b97ef95ccb194947f355d561b4a67337829b05db7261e683fd8479,0,3971,1979,0,50020959,99958769,0.0000019788183
HiEFpNDEiWg4ubGR39JgdvT6SokLU1ymeFYUfWS9tCEZ,0x7acda0fdb382246b88fb78dd5a370749354f5467ae50353ae8db82bdefef5491,0,1221,608,0,50064968,99870895,0.0000006078406
4qEnNhXV3oeoNzvDA7qz888cpnNkEzZxAdWaHBRszPsB,0x8371f58943afc4c8d91c2287f15ec075a565a400f2fe46e5e8af9dadbcb54fea,3367,0,0,6712,50022568,99955563,0.0000033562533
2JG4cV9BVawSfVxPaZL6fREfwv1uC8yVZjTVDwasXDGy,0x7acda0fdb382246b88fb78dd5a370749354f5467ae50353ae8db82bdefef5491,1818,0,0,3623,50043865,99912928,0.0000018118025
9qNoBp8J8Qzu9czRHRywiJJ6cqixGgYFi9FFYdTcCfHH,0x7acda0fdb382246b88fb78dd5a370749354f5467ae50353ae8db82bdefef5491,1252,0,0,2495,50035052,99930271,0.0000012476678
JBR5VreatHmec1EnBngkjwR2aEAfQnsQxnmprypMRxN8,0x8371f58943afc4c8d91c2287f15ec075a565a400f2fe46e5e8af9dadbcb54fea,0,2487,1239,0,50009013,99982335,0.0000012389492
Fidad1341tamEJgYtjXrD4Jn99zCNa9KLnA9H9B5uLfB,0x7acda0fdb382246b88fb78dd5a370749354f5467ae50353ae8db82bdefef5491,0,4166,2077,0,50037585,99925350,0.0000020766706
EdfySQ81NFYiDmeS5ChgDCJYbZ4d7zyvNWxCwdGCejky,0x8371f58943afc4c8d91c2287f15ec075a565a400f2fe46e5e8af9dadbcb54fea,0,3369,1679,0,50007633,99985173,0.0000016789375
E33FAjFkP9Dsj9DGKAV5tN3xNwKrPFL5iyuLhFwRqus1,0x29ddae2ef2feafd15f8faab08518c976d1c0bce11d246caabae01d5b4e6712ed,1057,0,0,2107,50008883,99982517,0.0000010535324
HcoWm6R8whayEAMcNtbu6xauvN96vMg12AnXfszyq3Fn,0x8371f58943afc4c8d91c2287f15ec075a565a400f2fe46e5e8af9dadbcb54fea,0,3890,1939,0,50020629,99959453,0.000001938825
EqExJjwKPpikTvRSUroQsFM7pcEazE6J5JsErChWcZgF,0x7acda0fdb382246b88fb78dd5a370749354f5467ae50353ae8db82bdefef5491,1355,0,0,2701,50029240,99941856,0.0000013506498
SG3BMg6445Sm9D5PVzAS6t9Ay8CMPNSmZjXXyFtsZZF,0x94eddd2821b97ef95ccb194947f355d561b4a67337829b05db7261e683fd8479,0,1962,978,0,50023305,99954014,0.000000977905
5v3d852TXLqRi6RmTKZCnqFaUpMAnSQwDH1GGg9mRAFU,0x94eddd2821b97ef95ccb194947f355d561b4a67337829b05db7261e683fd8479,2348,0,0,4681,50023526,99953600,0.0000023406953
H7wksuLX6G5ENB7TosFyr9spPpbeAHTLvtCfATrpHA6T,0x94eddd2821b97ef95ccb194947f355d561b4a67337829b05db7261e683fd8479,0,3535,1762,0,50024334,99951789,0.0000017618161
9bWFK35HHYmR5eojuPKZJyigQqRWz4hDFfsPgXZjduGw,0x8371f58943afc4c8d91c2287f15ec075a565a400f2fe46e5e8af9dadbcb54fea,0,4834,2409,0,50005224,99990007,0.0000024089265
6mdpCzSL9GbtRjq4apMFsFw7vTniznsEBoUcd3k1zzCR,0x94eddd2821b97ef95ccb194947f355d561b4a67337829b05db7261e683fd8479,0,4122,2055,0,50021471,99957722,0.0000020548066
HQzxNxHjYBbhemnPnDbUx9gi5S7Q4t2PAxq6e2LyjMg1,0x94eddd2821b97ef95ccb194947f355d561b4a67337829b05db7261e683fd8479,0,3137,1564,0,50019395,99961906,0.0000015638689
Bp8md2ga3kUhE5V2ATqwE4TPJVJEEHjEfc2WwJZWLrgq,0x8371f58943afc4c8d91c2287f15ec075a565a400f2fe46e5e8af9dadbcb54fea,3593,0,0,7164,50010488,99979563,0.0000035820951
8prbMhpT6fGqfyzmNY87NojbhXYDPzVKF6JaRftt7B38,0x8371f58943afc4c8d91c2287f15ec075a565a400f2fe46e5e8af9dadbcb54fea,0,3305,1647,0,50005888,99988606,0.0000016469504
BPWBpb1FZEKQXJSUKUhpGDqNF9yFVNg85WsspJrNnx72,0x8371f58943afc4c8d91c2287f15ec075a565a400f2fe46e5e8af9dadbcb54fea,2365,0,0,4715,50006234,99987941,0.0000023575346
HWZp65d5wA5KPW2Pgwe5qTUygq3ocRjunvoQMEMrRCWT,0x94eddd2821b97ef95ccb194947f355d561b4a67337829b05db7261e683fd8479,4147,0,0,8267,50025917,99948581,0.0000041338567
Aso7js71qJ69LE18fqNUwYvn4VXWjQ2bEc8v7B8JH9kX,0x8371f58943afc4c8d91c2287f15ec075a565a400f2fe46e5e8af9dadbcb54fea,0,3511,1750,0,50010252,99979848,0.000001749916
AHbXiCADJ68AXxLwctMchSMPTxXK6kHBYAh4xukHC9Dr,0x94eddd2821b97ef95ccb194947f355d561b4a67337829b05db7261e683fd8479,0,4544,2265,0,50023726,99953050,0.0000022647646
3tUaWUhJcYp5kWushF3Kos3bqLj8auHXQfTSroyiL8p5,0x7acda0fdb382246b88fb78dd5a370749354f5467ae50353ae8db82bdefef5491,4523,0,0,9014,50062921,99874949,0.000004508046
1xS7Hk2frDwMGK8V5wzxJTN6XLngy7nnhyeVsmDxwrc,0x29ddae2ef2feafd15f8faab08518c976d1c0bce11d246caabae01d5b4e6712ed,4515,0,0,9002,50014498,99971346,0.000004501177
F2tUGhVJFo8uMWPcHkU692BnryNGqn5avztC1yVTQmME,0x94eddd2821b97ef95ccb194947f355d561b4a67337829b05db7261e683fd8479,0,3863,1926,0,50023026,99954469,0.0000019258077
Aknth9SYU1B1jRCtLnQyMBgWUriiJ9VjhY3LW6ok7ZxA,0x7acda0fdb382246b88fb78dd5a370749354f5467ae50353ae8db82bdefef5491,1631,0,0,3251,50042047,99916551,0.0000016257608
F9mL1T5j94GT5VK9UEwPPHE1AYjhR3aBd5zrG2NDLiRw,0x7acda0fdb382246b88fb78dd5a370749354f5467ae50353ae8db82bdefef5491,4694,0,0,9356,50051642,99897427,0.0000046788723
9ERwz9KnBiKwDRBLSVCKnLxfejzn2h2wUEPcTLx55cKm,0x94eddd2821b97ef95ccb194947f355d561b4a67337829b05db7261e683fd8479,0,4267,2127,0,50021178,99958281,0.0000021268017
7y4W4M9zGj2dD2cdCy8AJj6gPgtUMcTdvvZ1TBZYsrdr,0x8371f58943afc4c8d91c2287f15ec075a565a400f2fe46e5e8af9dadbcb54fea,0,4050,2019,0,50003869,99992656,0.0000020189525
DThG26fTa3Xd18xRagABDuCHFd7kdBsaY1JQL9zDPHoj,0x7acda0fdb382246b88fb78dd5a370749354f5467ae50353ae8db82bdefef5491,3758,0,0,7491,50040969,99918692,0.0000037460532
Fdbnd77sXz9V1cZ5hNiEe4ZRyzax4tx6Ec3VnZ1J7NdC,0x29ddae2ef2feafd15f8faab08518c976d1c0bce11d246caabae01d5b4e6712ed,0,4386,2186,0,50014903,99970612,0.0000021858507
B7qHCcp4oYZ2ETKFoNgX65SfVneBPEL2KwExdUF1BaRA,0x94eddd2821b97ef95ccb194947f355d561b4a67337829b05db7261e683fd8479,1467,0,0,2924,50022938,99954798,0.0000014621236
EARkwTd3MkUX1sVp5pcgrmgYaPMHW36N6RBTyHDUVVjc,0x8371f58943afc4c8d91c2287f15ec075a565a400f2fe46e5e8af9dadbcb54fea,0,2966,1478,0,50007535,99985301,0.0000014779467
7dLQVibWwLTVBuMo32CPeMPhPvEsqDp9A11ikBLgmj7h,0x8371f58943afc4c8d91c2287f15ec075a565a400f2fe46e5e8af9dadbcb54fea,0,4285,2136,0,50019201,99962275,0.0000021358176
44MNSJHpA4y4UM4jiB3CkAsayof9U3arwtXoQpKC1RGH,0x8371f58943afc4c8d91c2287f15ec075a565a400f2fe46e5e8af9dadbcb54fea,1043,0,0,2079,50006267,99987928,0.0000010395207
7mEPywQ4mFisW7xdtfbbqtNVJfgDCqzv23pYb4z7aECY,0x7acda0fdb382246b88fb78dd5a370749354f5467ae50353ae8db82bdefef5491,4661,0,0,9291,50038028,99924544,0.000004646115
9PiciJLWggVXbqe3oNoHfhf4s3bjBwFXMm2MvvK47T1y,0x7acda0fdb382246b88fb78dd5a370749354f5467ae50353ae8db82bdefef5491,2972,0,0,5923,50066498,99867865,0.0000029622477
7SaEcMpkgEXwTVZVE7H5gaJMXwrxVXfHYoMCjx3MhXEg,0x8371f58943afc4c8d91c2287f15ec075a565a400f2fe46e5e8af9dadbcb54fea,3012,0,0,6004,50027521,99945714,0.00000300229
8pnK2N7D6zsseUM6aSDCuXzmX6sKbNxLex55Rj49EvfM,0x94eddd2821b97ef95ccb194947f355d561b4a67337829b05db7261e683fd8479,4706,0,0,9382,50024101,99952524,0.0000046913574
GB9GNSpRnyerhsozQ2o4fhxwy3hbFiAPdV4c4u51eWMK,0x7acda0fdb382246b88fb78dd5a370749354f5467ae50353ae8db82bdefef5491,4869,0,0,9703,50074427,99852064,0.000004852842
DnFF575wjXv9xSRRtS2S5WqY9QvFEeLA4QLZi5eDSREX,0x94eddd2821b97ef95ccb194947f355d561b4a67337829b05db7261e683fd8479,0,4737,2361,0,50021740,99957261,0.0000023607724
HXPJA65qcHvQAoT8HRoJh7kY2dLmBWXNAtKoDUx7b9Hu,0x94eddd2821b97ef95ccb194947f355d561b4a67337829b05db7261e683fd8479,0,1955,974,0,50020766,99959216,0.0000009739153
6f6aVrkBpU8xCSqpEyAtdsEZhjXRphbvsDvCd8iuhRE1,0x8371f58943afc4c8d91c2287f15ec075a565a400f2fe46e5e8af9dadbcb54fea,0,1603,799,0,50025442,99949885,0.0000007989161
3WRn8uJoZqnW6iHwWS9ggutf8tAbCEbHv6WyZiQEeEcy,0x8371f58943afc4c8d91c2287f15ec075a565a400f2fe46e5e8af9dadbcb54fea,0,2568,1280,0,50026241,99948282,0.0000012798591
BD7cHjNns8dc1jqi7tz537fzhCVaSYhbNMJTqmqXtHH9,0x7acda0fdb382246b88fb78dd5a370749354f5467ae50353ae8db82bdefef5491,0,2893,1442,0,50063526,99873788,0.0000014416254
2o6uZig2vyPCVFHgtmKe53cL9dHKkHrP8UyJU8aUmJSA,0x7acda0fdb382246b88fb78dd5a370749354f5467ae50353ae8db82bdefef5491,3060,0,0,6098,50069558,99861767,0.0000030498059
D8jpUCGBMECHm1SzSKGmHK1Rnda6pW7fgosR2yeUKACZ,0x29ddae2ef2feafd15f8faab08518c976d1c0bce11d246caabae01d5b4e6712ed,1474,0,0,2938,50026130,99948230,0.0000014691435
HzpfHsAkFGtFAnjfr9UKxzhXAFERe4zawwTmx2acAnmB,0x8371f58943afc4c8d91c2287f15ec075a565a400f2fe46e5e8af9dadbcb54fea,2218,0,0,4421,50027660,99945464,0.0000022107215
8c4kjQEKwSSSB3TVmiRH8BwnLsf82B8VhbHDCtTK96vw,0x29ddae2ef2feafd15f8faab08518c976d1c0bce11d246caabae01d5b4e6712ed,4955,0,0,9879,50019858,99960733,0.0000049397904
DhK9L2fUFetzyixcNGeZiTcCRViMwpZ5tE9SHCg2S1qL,0x29ddae2ef2feafd15f8faab08518c976d1c0bce11d246caabae01d5b4e6712ed,4798,0,0,9565,50024656,99951168,0.0000047828757
FAEcCftZUM8GwPdtdGKmaKRpnr12BSFCTZyEDSsQoVtZ,0x8371f58943afc4c8d91c2287f15ec075a565a400f2fe46e5e8af9dadbcb54fea,0,2817,1404,0,50026256,99948281,0.0000014038446
FCCmB4cfjycDejd78DKQMJeetUmsD759CiMNYSV7KLY,0x7acda0fdb382246b88fb78dd5a370749354f5467ae50353ae8db82bdefef5491,2234,0,0,4451,50076661,99847613,0.0000022261586
8ABj32ZKco6Q5Rjb8t2HPgt1VQsvRxzMMgErjnR9gZs,0x8371f58943afc4c8d91c2287f15ec075a565a400f2fe46e5e8af9dadbcb54fea,3375,0,0,6728,50032576,99935702,0.0000033643873
F624Lnc6KxP8Q9y7HLpMEQDpegM3fjXsTpMYpS3CRsHh,0x94eddd2821b97ef95ccb194947f355d561b4a67337829b05db7261e683fd8479,0,2404,1198,0,50020117,99960578,0.0000011978979
9uJ2VqQRfggu3f9q7LVSz383x7GLRne9tvaNYKmCLK7s,0x94eddd2821b97ef95ccb194947f355d561b4a67337829b05db7261e683fd8479,2739,0,0,5460,50023505,99953756,0.0000027302226
GH6VB3J7iBD6vuvBxk1tjQJR7kFmUhutdMX8vY2tJm7q,0x8371f58943afc4c8d91c2287f15ec075a565a400f2fe46e5e8af9dadbcb54fea,2289,0,0,4563,50028545,99943718,0.000002281736
3og3gns5xLF4tBs3ghRfWEKLjYL95H55TdqRk9wdTibA,0x8371f58943afc4c8d91c2287f15ec075a565a400f2fe46e5e8af9dadbcb54fea,0,3026,1508,0,50027037,99946744,0.0000015078278
3vZHXfVJHRrdfd2PnNGPwrfH64d2PYQ5tD3hR9P1L7B3,0x94eddd2821b97ef95ccb194947f355d561b4a67337829b05db7261e683fd8479,0,3454,1722,0,50023709,99953371,0.0000017218249
DLw3w3W9Ma5xkRwg8ASBGwaQcuxnLHZ22fZSY4DP9ZyJ,0x7acda0fdb382246b88fb78dd5a370749354f5467ae50353ae8db82bdefef5491,0,2576,1285,0,50085075,99830863,0.0000012845562
8Dj4cHJAsP6wJJQYCuGLatsybJtVhRsSUuSc4wPF3ZtP,0x29ddae2ef2feafd15f8faab08518c976d1c0bce11d246caabae01d5b4e6712ed,3053,0,0,6086,50029183,99942144,0.0000030433152
F9AUmndw9h7uJB3sWqVJcNYv1EX31DXcQVdvsuh4KGz4,0x94eddd2821b97ef95ccb194947f355d561b4a67337829b05db7261e683fd8479,1926,0,0,3839,50025431,99949917,0.0000019196775
6QnbpGFGgJtdZ1AZNCh3ZwDJprdJCWKk74TBs9hmFQwj,0x7acda0fdb382246b88fb78dd5a370749354f5467ae50353ae8db82bdefef5491,4619,0,0,9203,50089694,99821660,0.0000046030573
3UH3YQ6GouHPSnkJkiAUg7ENnC5Whk2WBJjsi8afksx2,0x94eddd2821b97ef95ccb194947f355d561b4a67337829b05db7261e683fd8479,1841,0,0,3670,50021958,99956908,0.0000018351446
87HDq2u6GXWFdcXbHryQhvkgL4BVdVW6n4prSZnCpKCy,0x8371f58943afc4c8d91c2287f15ec075a565a400f2fe46e5e8af9dadbcb54fea,2164,0,0,4314,50029201,99942430,0.0000021572298
8Jqtzqvh2vY9iPjEfqbiaoQNoW9dqygF1qicdRf3giWs,0x7acda0fdb382246b88fb78dd5a370749354f5467ae50353ae8db82bdefef5491,4704,0,0,9373,50086360,99828287,0.0000046880223
3LCL9L3mCssLruiaUaLxnyK9rpJZEwXR5Ra5z8q7us7v,0x7acda0fdb382246b88fb78dd5a370749354f5467ae50353ae8db82bdefef5491,4456,0,0,8878,50094150,99812782,0.000004440584
8P8f7ozmwmSuAbGHKYkWLTZRNyZHQdNirDEpt4kQpqaM,0x29ddae2ef2feafd15f8faab08518c976d1c0bce11d246caabae01d5b4e6712ed,0,3690,1839,0,50025449,99949635,0.0000018387992
8h14tvkX5wWckxzkZ9754ebKecTJHbNvtHvXvL92cJTP,0x8371f58943afc4c8d91c2287f15ec075a565a400f2fe46e5e8af9dadbcb54fea,3056,0,0,6091,50040929,99919061,0.000003045956
J6HiWYN4yAbJov5bD4irYDFu4muWrVvb21J5gWuUTavp,0x94eddd2821b97ef95ccb194947f355d561b4a67337829b05db7261e683fd8479,0,4803,2394,0,50021315,99958174,0.000002393773
9GSVGczCXSHsvP6uuHeZJxKkfYhVez3D4s9GThJL7sLF,0x94eddd2821b97ef95ccb194947f355d561b4a67337829b05db7261e683fd8479,3682,0,0,7340,50025640,99949568,0.0000036703163
EXNCpNzVN7aMFVeD8ikxfEnkyHz2N2F7XFkfoukmCRyD,0x94eddd2821b97ef95ccb194947f355d561b4a67337829b05db7261e683fd8479,0,1434,714,0,50024926,99951002,0.0000007139268
2sarLem5Y8gkurEk5iBUVRrfacjZctC3xsffGehHgUHF,0x8371f58943afc4c8d91c2287f15ec075a565a400f2fe46e5e8af9dadbcb54fea,0,1127,561,0,50037873,99925152,0.00000056091375
5Pnz6u6P4Lu5zqrthiHgyDYuzCVfh1PCRATcduQyhn35,0x29ddae2ef2feafd15f8faab08518c976d1c0bce11d246caabae01d5b4e6712ed,4723,0,0,9415,50034443,99931706,0.0000047080543
7xaCZn4Sor39nVwajXi7D5KGoZBHRPYzs5zKtE3KnNpX,0x29ddae2ef2feafd15f8faab08518c976d1c0bce11d246caabae01d5b4e6712ed,4271,0,0,8514,50029720,99941121,0.000004257429
C6jvRDwE7ht7aCKRkkqbGdKT2MWQvxbQemvrDYRFkD6i,0x8371f58943afc4c8d91c2287f15ec075a565a400f2fe46e5e8af9dadbcb54fea,3801,0,0,7577,50038434,99924025,0.0000037890181
2ncnHhjxyiVPNT8rVPJTP7r9ayaMF6HHcNsAUXBoew17,0x94eddd2821b97ef95ccb194947f355d561b4a67337829b05db7261e683fd8479,0,2032,1013,0,50023913,99953034,0.000001012899
9omhUGrjiSCYBAoXqerPfhJB5hTkMEnynadVrnJhJFJB,0x8371f58943afc4c8d91c2287f15ec075a565a400f2fe46e5e8af9dadbcb54fea,1241,0,0,2473,50042170,99916588,0.0000012367002
Dagk42NWbdJJRj2RKqm4ZyLMdwmZfEmpina4zVmL883q,0x8371f58943afc4c8d91c2287f15ec075a565a400f2fe46e5e8af9dadbcb54fea,4077,0,0,8126,50046247,99908462,0.000004063678
FCyXQnDgk6iK22WJrWbUfMinXwdrdwP7UcXQP6zA62uN,0x8371f58943afc4c8d91c2287f15ec075a565a400f2fe46e5e8af9dadbcb54fea,2057,0,0,4100,50034633,99931602,0.0000020502637
7dVD6nUsERZ2stZoH1zE8toNE4TyFYPJApmkPke7ED6n,0x29ddae2ef2feafd15f8faab08518c976d1c0bce11d246caabae01d5b4e6712ed,1781,0,0,3550,50043666,99913322,0.0000017752952
7G4mzWh1ovErjNseq9ehsF9WXGWAcJJzQzF56ogpUR82,0x94eddd2821b97ef95ccb194947f355d561b4a67337829b05db7261e683fd8479,1506,0,0,3002,50025419,99950032,0.000001501141
Dh9i7pwZ3j4PwREN8jtS9pTSvicQnXA8cw9NsCBkEftp,0x29ddae2ef2feafd15f8faab08518c976d1c0bce11d246caabae01d5b4e6712ed,3692,0,0,7359,50041885,99916872,0.0000036800577
6TQmFCecH65FCKMFmNvinjv8UQULdz9CiBaNPt9N9LCE,0x94eddd2821b97ef95ccb194947f355d561b4a67337829b05db7261e683fd8479,3287,0,0,6552,50032799,99935321,0.0000032763808
ADZgXTUoTmNYWS9Ff34oWxBd63icvVT5wb1kr88rg6Xa,0x94eddd2821b97ef95ccb194947f355d561b4a67337829b05db7261e683fd8479,4093,0,0,8159,50029512,99941873,0.0000040799077
GEBB7gsyQ1H1d53VmZjLDfAr5KEZPnzKgHSZS9SrmTFb,0x8371f58943afc4c8d91c2287f15ec075a565a400f2fe46e5e8af9dadbcb54fea,4465,0,0,8899,50050712,99899563,0.000004450315
7TqtXypag9U5CZMhFcT51zmscwsK88xFM75wpBYWZfrr,0x29ddae2ef2feafd15f8faab08518c976d1c0bce11d246caabae01d5b4e6712ed,3750,0,0,7475,50038193,99924231,0.0000037380105
Do5K7EVePDCW5qVwWipQrEwyRhATZF797jHXir726oHi,0x94eddd2821b97ef95ccb194947f355d561b4a67337829b05db7261e683fd8479,0,2565,1278,0,50031521,99937886,0.0000012778323
AGdgafCykfNfa4jTty2cfpx44B1F4cD1j12yRPquFuie,0x7acda0fdb382246b88fb78dd5a370749354f5467ae50353ae8db82bdefef5491,4995,0,0,9953,50081656,99837660,0.000004978017
FAh8TSjLDDUuZcYaJREArCqQ5G9R8f3cC9emgvV5bZmQ,0x8371f58943afc4c8d91c2287f15ec075a565a400f2fe46e5e8af9dadbcb54fea,1896,0,0,3779,50052608,99895784,0.0000018898796
ECSj93miSjDtD548AmbSJMKrqLLKDDP1AFUpDq3H1fC8,0x94eddd2821b97ef95ccb194947f355d561b4a67337829b05db7261e683fd8479,1697,0,0,3382,50033218,99934504,0.0000016912101
F2Ds8PRzMC2GD1qjaLyo56ofHMZFRgW1wrxvFWRTxZNL,0x94eddd2821b97ef95ccb194947f355d561b4a67337829b05db7261e683fd8479,0,3953,1971,0,50032750,99935461,0.0000019707263
DomdNbW3iRgcvSFyBJLaNkBNfb9wRdS7n7MLWmnUDS5u,0x94eddd2821b97ef95ccb194947f355d561b4a67337829b05db7261e683fd8479,0,1837,915,0,50031835,99937298,0.00000091488016
AisTfE4eVG5L9uX7dhs6zscxUNmEzw7pmv3AkSJCmJBE,0x94eddd2821b97ef95ccb194947f355d561b4a67337829b05db7261e683fd8479,1503,0,0,2996,50034721,99931508,0.0000014981963
F2ua94j9or4FTicgYDKpD2KsrKzpXny7YyWyCSgbsdPo,0x94eddd2821b97ef95ccb194947f355d561b4a67337829b05db7261e683fd8479,0,1624,809,0,50031026,99938922,0.00000080889697
5yWocNqiH2aBoZKsX3PZRkhZtqQ6AgeZupYHwGQm4M5T,0x29ddae2ef2feafd15f8faab08518c976d1c0bce11d246caabae01d5b4e6712ed,0,3251,1621,0,50045176,99910358,0.0000016206966
JBFsy9RxLCbK1JkACDQaeEk44LwT9juhUaiMACp6S1AM,0x94eddd2821b97ef95ccb194947f355d561b4a67337829b05db7261e683fd8479,4818,0,0,9604,50035844,99929318,0.000004802587
EeXpt8wcJbzd3CNmA8jwjfZbYPcNzFatUy9gAMVNBK9Z,0x29ddae2ef2feafd15f8faab08518c976d1c0bce11d246caabae01d5b4e6712ed,2874,0,0,5728,50053602,99893580,0.000002864577
EUbn9buqZ5eY4Fgm6oQ7Beo67Rx5ygSPjtK2yHZdjpW5,0x8371f58943afc4c8d91c2287f15ec075a565a400f2fe46e5e8af9dadbcb54fea,2695,0,0,5371,50055303,99890413,0.0000026860598
J1HWtV66UyVodbDWqMha7x1eFNg3qjVVDd2q9LvVEq3c,0x29ddae2ef2feafd15f8faab08518c976d1c0bce11d246caabae01d5b4e6712ed,4106,0,0,8184,50048772,99903145,0.0000040927257
6TzSguQ4Bf8iwcGxay1ocxvf4qkJoCJwUZUs4QGzXBqS,0x29ddae2ef2feafd15f8faab08518c976d1c0bce11d246caabae01d5b4e6712ed,0,2362,1177,0,50046761,99907215,0.0000011767744
9b3N1DHsUYafx8gVAuKLv545cqSoUH5wQJh97uczV16L,0x29ddae2ef2feafd15f8faab08518c976d1c0bce11d246caabae01d5b4e6712ed,1000,0,0,1993,50044666,99911329,0.0000009966728
5ryvxkrTxbJqoTspsEsse9pUWEeyhKrRtHdL7FsWYqP4,0x8371f58943afc4c8d91c2287f15ec075a565a400f2fe46e5e8af9dadbcb54fea,0,2426,1209,0,50057848,99885357,0.0000012087145
3rXDH7H4ZtqBGKKcMM5wuywWWnUwRrMgPkT2AyJPpt95,0x94eddd2821b97ef95ccb194947f355d561b4a67337829b05db7261e683fd8479,3953,0,0,7880,50039797,99921438,0.0000039405572
FLFbiHrYvXGgDzSZuJVrYBooJvpvUkr4JZzq2DxSdFcr,0x8371f58943afc4c8d91c2287f15ec075a565a400f2fe46e5e8af9dadbcb54fea,3754,0,0,7482,50059057,99882931,0.0000037418201
2bnJN3KvyRKhkRnrpqb96H1SwmwyKLBUi5Ls7hDcPFAo,0x29ddae2ef2feafd15f8faab08518c976d1c0bce11d246caabae01d5b4e6712ed,0,3962,1975,0,50046797,99907107,0.0000019746149
FwDDie2iVP5Ay3E3PpkM7dEj7biRQ6yKKHRBk7du31Y8,0x29ddae2ef2feafd15f8faab08518c976d1c0bce11d246caabae01d5b4e6712ed,3967,0,0,7907,50050728,99899308,0.0000039542338
BAKT8u2x77mxJa4rcWP567dPGgRbwU2EknnaeA5Z29TN,0x29ddae2ef2feafd15f8faab08518c976d1c0bce11d246caabae01d5b4e6712ed,0,2105,1049,0,50052553,99895685,0.0000010487752
HY56psutZs7jWmGbK8i9FbFRcVtUVv3rWDgFi5yTMghd,0x29ddae2ef2feafd15f8faab08518c976d1c0bce11d246caabae01d5b4e6712ed,3890,0,0,7753,50056443,99887932,0.000003877309
EPRUK3bvHxZvxN86ZqrnzpUP8Qr1tCUmRWq6WBbTFCvn,0x29ddae2ef2feafd15f8faab08518c976d1c0bce11d246caabae01d5b4e6712ed,2762,0,0,5505,50047938,99904853,0.0000027529936
AChmnLvh1SmpYQRsm92d1EZUk4erSUwHs5nt3wUuVzNW,0x29ddae2ef2feafd15f8faab08518c976d1c0bce11d246caabae01d5b4e6712ed,0,2232,1113,0,50055330,99890164,0.0000011127488
4wXN9Z8Q1AfB6Hvv7wkbBCzGMRnVoSJAyyMYZJ1h9PdY,0x29ddae2ef2feafd15f8faab08518c976d1c0bce11d246caabae01d5b4e6712ed,0,3608,1799,0,50052905,99895028,0.0000017986065
HbwY4TSkySPsTGkCZka9GwowDrRHDAYWM6n9RzdXKHLJ,0x29ddae2ef2feafd15f8faab08518c976d1c0bce11d246caabae01d5b4e6712ed,0,1256,626,0,50054704,99891420,0.0000006258615
CRTmnC3Zsmkpr1DqRPCPeYK2GXgisBVND1GiCbZ2RxWd,0x29ddae2ef2feafd15f8faab08518c976d1c0bce11d246caabae01d5b4e6712ed,4990,0,0,9945,50057895,99885083,0.000004973544
CGZewv6vhiW7he37QCzpr92SuvTBr8PVag8HhP3xSDUx,0x94eddd2821b97ef95ccb194947f355d561b4a67337829b05db7261e683fd8479,0,1688,841,0,50052249,99896727,0.00000084082143
95kCz12yLwJt5hoaHuUf6JJ36W4Dpnk37mCbiqdicCGD,0x29ddae2ef2feafd15f8faab08518c976d1c0bce11d246caabae01d5b4e6712ed,2520,0,0,5022,50062006,99876922,0.000002511593
2bVHYnZeeCXaoZBiwZChA9qJDBV6oA93PyNLweLNqen8,0x8371f58943afc4c8d91c2287f15ec075a565a400f2fe46e5e8af9dadbcb54fea,0,1419,707,0,50095004,99811383,0.00000070672945
GPEVqrsqN5m6xX2xsQAc8p7ofEmHGNpgrq5zW2rqM8ZJ,0x7acda0fdb382246b88fb78dd5a370749354f5467ae50353ae8db82bdefef5491,0,1004,500,0,50106891,99787555,0.0000004997853
3woofdYN6ZwpokDTWu9VfiL1G9oWMexRwGAZ2ABDMHt3,0x29ddae2ef2feafd15f8faab08518c976d1c0bce11d246caabae01d5b4e6712ed,0,1856,925,0,50061081,99878778,0.00000092477063
CVzBCkUyXntrhhYDbdjuGpV2RWADhEFMAPgUCCDX5Dvz,0x94eddd2821b97ef95ccb194947f355d561b4a67337829b05db7261e683fd8479,0,4076,2032,0,50053090,99895039,0.0000020315522
DJwNMjaAvtUsCdL3wQG8zWiU1PULxHLgAeExSpwF1CFV,0x8371f58943afc4c8d91c2287f15ec075a565a400f2fe46e5e8af9dadbcb54fea,0,4636,2312,0,50092692,99816019,0.0000023111218
5i9QSMBr9UU7ShmFygbqxx2jQEpHjWaDtucU96LNvhdD,0x94eddd2821b97ef95ccb194947f355d561b4a67337829b05db7261e683fd8479,4118,0,0,8207,50058425,99884419,0.0000041043813
4656uPFwRutGjjJQMLrTL49k8HowyNxyZRebtb43oTQU,0x29ddae2ef2feafd15f8faab08518c976d1c0bce11d246caabae01d5b4e6712ed,1045,0,0,2082,50062126,99876696,0.0000010412524
EGwA4AqnAdk5PQNQTtoYyz2p5Z91UGrXehZeLf6hBhVJ,0x7acda0fdb382246b88fb78dd5a370749354f5467ae50353ae8db82bdefef5491,4177,0,0,8321,50108627,99784128,0.000004162228
7bDmH7ouLtnPJUW9GXQxm6pcMeCJLpy21S1SkiKNz38Y,0x7acda0fdb382246b88fb78dd5a370749354f5467ae50353ae8db82bdefef5491,0,4894,2441,0,50104450,99792449,0.0000024399567
4EphePyd1HXTm8uzrhrdvu5cTyFUjUHm6B6hbRoSbfYt,0x94eddd2821b97ef95ccb194947f355d561b4a67337829b05db7261e683fd8479,2058,0,0,4101,50054307,99892626,0.0000020509235
BKArXXdhBbDpA3TnX7XAuQ77KPQ6JwKhMJuyJUR6JvBf,0x8371f58943afc4c8d91c2287f15ec075a565a400f2fe46e5e8af9dadbcb54fea,2262,0,0,4507,50094954,99811512,0.0000022543295
Bc8nFNTJGKcBDcgYMDhkc9Jc68rotWTmKuFQjFvbkeDo,0x94eddd2821b97ef95ccb194947f355d561b4a67337829b05db7261e683fd8479,1527,0,0,3043,50059952,99881376,0.0000015218518
58X9iixp89uGHVF4T9hNNmeoGCMQQpBvHHPLYPq564n3,0x8371f58943afc4c8d91c2287f15ec075a565a400f2fe46e5e8af9dadbcb54fea,1449,0,0,2887,50096403,99808625,0.0000014440443
4QUK9aC6jYygJrD5ocQ9jqNAw6MNZ7jJn3wJAoaBFPG9,0x7acda0fdb382246b88fb78dd5a370749354f5467ae50353ae8db82bdefef5491,0,2023,1009,0,50112430,99776565,0.0000010085423
6tokyYqEjZUFzCPyVPXFqRsps5vTdiYmajWVaTLpSSiD,0x29ddae2ef2feafd15f8faab08518c976d1c0bce11d246caabae01d5b4e6712ed,4441,0,0,8850,50069158,99862683,0.0000044261374
82REUc2nrXbeifhZB7yNg8j3XLCJDLWtkm1C2geQtHpa,0x7acda0fdb382246b88fb78dd5a370749354f5467ae50353ae8db82bdefef5491,4812,0,0,9586,50113439,99774542,0.0000047950703
4RBJhckpaKHLTQq1MDPPrioyQhTmCsV1CvPM63nYv4gH,0x8371f58943afc4c8d91c2287f15ec075a565a400f2fe46e5e8af9dadbcb54fea,0,1668,832,0,50095571,99810293,0.0000008316793
HGMtzwgtuJbSjVhsvkiMxzgzCQezXukdYtdGd6WENJEH,0x94eddd2821b97ef95ccb194947f355d561b4a67337829b05db7261e683fd8479,0,3808,1899,0,50058053,99885184,0.0000018985447
BLHP7zEMKNVGVkFUcdsFCBx5aZP5cxZjdsM24J6o1F9o,0x29ddae2ef2feafd15f8faab08518c976d1c0bce11d246caabae01d5b4e6712ed,2591,0,0,5163,50064717,99871533,0.0000025821366
GpAkXmjzb7wWrtC8kf4QDgZ4MfpNPgSayN1z5KA864TR,0x94eddd2821b97ef95ccb194947f355d561b4a67337829b05db7261e683fd8479,0,4164,2076,0,50053849,99893616,0.0000020755358
ESGyj9rnXFQy4eJVEZvL11WLZRfaRPzDuFDzhVaMEYKW,0x7acda0fdb382246b88fb78dd5a370749354f5467ae50353ae8db82bdefef5491,4655,0,0,9273,50117371,99766742,0.000004638578
FZg5AGDC6thgy18STayd9nyNWEVWSnRJReNFbAyupBMZ,0x29ddae2ef2feafd15f8faab08518c976d1c0bce11d246caabae01d5b4e6712ed,0,1519,757,0,50065801,99869417,0.0000007567985
2dDoXsUmc9SY1wVrooQ1MTVy67uGMth5K6AR6V7ENugC,0x8371f58943afc4c8d91c2287f15ec075a565a400f2fe46e5e8af9dadbcb54fea,2110,0,0,4204,50093229,99815015,0.0000021027602
DfoLxkjFhVGk5CRWszzEMvF5LRdo2MBgCgExLHf5Kkoi,0x94eddd2821b97ef95ccb194947f355d561b4a67337829b05db7261e683fd8479,2172,0,0,4329,50056021,99889287,0.0000021649605
FSFvUuzJDqfPv6T5mK3G8dhX5q95KAwan1rXxFzY34ho,0x29ddae2ef2feafd15f8faab08518c976d1c0bce11d246caabae01d5b4e6712ed,0,1368,682,0,50065119,99870785,0.0000006818205
BM5yEDsYMEoLahAGUxUc9vL5DjWPnCGsUd6kF1JuCvSR,0x94eddd2821b97ef95ccb194947f355d561b4a67337829b05db7261e683fd8479,0,3302,1646,0,50056924,99887509,0.0000016456145
2ipiX4MP2zWqbDNzx1rfHQRsUrU4Npf2t3QohHPPs4S3,0x7acda0fdb382246b88fb78dd5a370749354f5467ae50353ae8db82bdefef5491,1589,0,0,3165,50117585,99766333,0.0000015832298
9sD1VTQxQXaWg77pZvSM91kzqKRfLSNMvrTy6Z14p9ta,0x8371f58943afc4c8d91c2287f15ec075a565a400f2fe46e5e8af9dadbcb54fea,0,3554,1772,0,50089084,99823326,0.0000017713563
HkcwX8MBfyXbp1b1shn53FFksjxb4ppmRaSGKEz45Mf6,0x94eddd2821b97ef95ccb194947f355d561b4a67337829b05db7261e683fd8479,2549,0,0,5080,50058570,99884207,0.0000025405625
EJvbdxgkUGBuduN1k5LNsxtoqpWdqPAEo8p29BkhxJFx,0x8371f58943afc4c8d91c2287f15ec075a565a400f2fe46e5e8af9dadbcb54fea,0,4757,2373,0,50090856,99819772,0.0000023721154
7C2HgEdef8BZJdJMMgnQpW2KHjCff8fToK3Kumx66Dj1,0x29ddae2ef2feafd15f8faab08518c976d1c0bce11d246caabae01d5b4e6712ed,2530,0,0,5042,50067649,99865743,0.0000025216516
6WPvN6Y1U9NJigaKeDgJMaC6ScTS6kk1FkGGkT52y7AZ,0x7acda0fdb382246b88fb78dd5a370749354f5467ae50353ae8db82bdefef5491,0,2756,1375,0,50115996,99769498,0.0000013743547
6EDC7PnK2CuRFUfr7cB36QvYYHnztd7JxuHrh4sVTEEv,0x29ddae2ef2feafd15f8faab08518c976d1c0bce11d246caabae01d5b4e6712ed,2105,0,0,4195,50069754,99861548,0.0000020980635
EsrRHQZ7Wg8JkZ5uzSrJ2v7f9T61YXGXraweqPWwkxXo,0x8371f58943afc4c8d91c2287f15ec075a565a400f2fe46e5e8af9dadbcb54fea,2044,0,0,4072,50091128,99819254,0.0000020367197
CjAsqE9jKfU6q3oS6a8B8fF4jyBx95oMeEu9Dio9bFVH,0x94eddd2821b97ef95ccb194947f355d561b4a67337829b05db7261e683fd8479,0,1450,723,0,50056201,99888959,0.0000007228354
6iXT1woFeUqynWPv515wj5BSXRZmwRUEnad1vVvCvBhj,0x7acda0fdb382246b88fb78dd5a370749354f5467ae50353ae8db82bdefef5491,2900,0,0,5777,50120485,99760556,0.0000028898505
5Uu49WCijKNG5hVAy1GENrS5ozGy2KU5JHETRWGbELfE,0x7acda0fdb382246b88fb78dd5a370749354f5467ae50353ae8db82bdefef5491,0,4543,2266,0,50118219,99765099,0.0000022649085
DBBsXAMC3oa6MSrovqgKLy3woWKHgHgsnnrhXzYTPRVu,0x29ddae2ef2feafd15f8faab08518c976d1c0bce11d246caabae01d5b4e6712ed,4245,0,0,8459,50073999,99853089,0.0000042306715
J6YUejnfabmm7xCQc1DRoEZbV4EGioZDwchTPHkzRLLX,0x8371f58943afc4c8d91c2287f15ec075a565a400f2fe46e5e8af9dadbcb54fea,0,3092,1542,0,50089586,99822346,0.0000015414381
B9BYXHfaKgBbh1i324oFwCeZQ2Dyy7VjLa8tS7U89bCW,0x8371f58943afc4c8d91c2287f15ec075a565a400f2fe46e5e8af9dadbcb54fea,0,1925,960,0,50089449,99822643,0.0000009596529
EifkrPXJUgiFG2ZEHd4yYKBxAnj1kKbbg4JQtWSKihBx,0x94eddd2821b97ef95ccb194947f355d561b4a67337829b05db7261e683fd8479,0,3453,1722,0,50061228,99878962,0.0000017215666
GY2shmyZ5ZwLHnuycEaXz252ByLsPmfe3jApqaAQF9bh,0x8371f58943afc4c8d91c2287f15ec075a565a400f2fe46e5e8af9dadbcb54fea,1715,0,0,3417,50090409,99820718,0.0000017091012
HaBybvJ4oCKaFmEHtFZYgCM6jrBqB9CysVPenGKFyeuw,0x7acda0fdb382246b88fb78dd5a370749354f5467ae50353ae8db82bdefef5491,1376,0,0,2741,50119005,99763541,0.0000013711409
FZvdhJrbtu8Q2FR2joLiTiBPot57ZiyM4zaKm4xyzE58,0x7acda0fdb382246b88fb78dd5a370749354f5467ae50353ae8db82bdefef5491,4450,0,0,8864,50123455,99754677,0.000004434097
CGjP3eD4DggAqnThYxAtujEG2sNAG4okfhnovakXpJ64,0x29ddae2ef2feafd15f8faab08518c976d1c0bce11d246caabae01d5b4e6712ed,4888,0,0,9740,50084261,99832661,0.0000048715356
BHFryZzggyXRCvNQBdEB6cMckQFpHACSA3atuY6CMK43,0x94eddd2821b97ef95ccb194947f355d561b4a67337829b05db7261e683fd8479,4682,0,0,9331,50065910,99869631,0.0000046666296
5ny5j9qYF3bdnEEyCZbJhBjgioZbQjemdhaFz7mudWe7,0x29ddae2ef2feafd15f8faab08518c976d1c0bce11d246caabae01d5b4e6712ed,0,3275,1633,0,50079373,99842401,0.000001632471
8EdPdo37V7dVCrpqJYPxCWdq6JNHufdx2jdXtD74tF8P,0x94eddd2821b97ef95ccb194947f355d561b4a67337829b05db7261e683fd8479,3997,0,0,7965,50069907,99861666,0.0000039835386
6y2cZqxDZM9o4DDKHqDGgF54SUB5pKSqGbKZKUy4fm9N,0x8371f58943afc4c8d91c2287f15ec075a565a400f2fe46e5e8af9dadbcb54fea,1166,0,0,2323,50090615,99820320,0.0000011619121
DTayckGznkz9zxhLoJQe8ihHBKqtXd5eDrNhH8Ydwmdz,0x7acda0fdb382246b88fb78dd5a370749354f5467ae50353ae8db82bdefef5491,0,4226,2108,0,50121347,99758903,0.0000021069595
CwgMwqajzeWctAhz5ePSXdL2TSDqPv3xwShbdtwoutST,0x7acda0fdb382246b88fb78dd5a370749354f5467ae50353ae8db82bdefef5491,2347,0,0,4675,50123694,99754228,0.0000023386276
99Juwu9cioRf5gwPtn1d4V8CR7VQdFCAgvgXZUCNjKgy,0x94eddd2821b97ef95ccb194947f355d561b4a67337829b05db7261e683fd8479,4734,0,0,9434,50074641,99852232,0.0000047183053
9HPzVN7BQz6cup2HpoE62xzSSg64XDHm29AfDmxwZdgT,0x29ddae2ef2feafd15f8faab08518c976d1c0bce11d246caabae01d5b4e6712ed,3989,0,0,7948,50088250,99824713,0.0000039753304
F5RywefnKVKApxTHAHV7rQBaX7P73PrDA3UQWXWZ2Niu,0x8371f58943afc4c8d91c2287f15ec075a565a400f2fe46e5e8af9dadbcb54fea,0,1602,799,0,50089816,99821922,0.0000007987105
FeXKfH9FdsnjmM6PFCriWnEi7he3KUnWeh9wsCsQdaRd,0x7acda0fdb382246b88fb78dd5a370749354f5467ae50353ae8db82bdefef5491,1291,0,0,2571,50124985,99751657,0.0000012861321
V2XAZHNpDUpSnGmTU5Vi1kZyEAnadypdBKTPeHpZEQh,0x8371f58943afc4c8d91c2287f15ec075a565a400f2fe46e5e8af9dadbcb54fea,0,2340,1167,0,50088649,99824262,0.0000011665809
FcEEv9oSFjt44EhFR6mFxo7eqBgoJ27nzrHZ2mqcRtgS,0x29ddae2ef2feafd15f8faab08518c976d1c0bce11d246caabae01d5b4e6712ed,0,3171,1581,0,50086669,99827884,0.000001580442
6UBUJkEx7xTD6VPJZ1x7PCf3wPCnstP6xLX4B2vvsyWt,0x94eddd2821b97ef95ccb194947f355d561b4a67337829b05db7261e683fd8479,0,3074,1533,0,50073108,99855306,0.0000015325425
4P5xDKRB48uvxsXQdvxGUFQ2BhVjVBxviUFgSkXQsCWS,0x7acda0fdb382246b88fb78dd5a370749354f5467ae50353ae8db82bdefef5491,0,2254,1124,0,50123861,99753911,0.0000011234383
JjyQdoHWC7deu33tVaxpHwYBhfCxABMx6CDNFCVPbje,0x29ddae2ef2feafd15f8faab08518c976d1c0bce11d246caabae01d5b4e6712ed,2105,0,0,4194,50088774,99823690,0.0000020977222
H3KV2vrD4wqJxspajbzVCZGJZZ8v5nVmdQQKQZArjr54,0x7acda0fdb382246b88fb78dd5a370749354f5467ae50353ae8db82bdefef5491,4866,0,0,9693,50128727,99744218,0.0000048488864
ApBX8sLdspfYVvU1mi16W6RfXSF5qagiRwVEMEzhz6uz,0x29ddae2ef2feafd15f8faab08518c976d1c0bce11d246caabae01d5b4e6712ed,0,2345,1169,0,50087605,99826035,0.0000011685851
Gcf27s9bJmGYYpSdwvoeNZtEQedxrpkckxJ5tZV87WBk,0x94eddd2821b97ef95ccb194947f355d561b4a67337829b05db7261e683fd8479,0,3069,1530,0,50071578,99858375,0.0000015295527
CJRoXsT8Y7H6ftZ7xYt2ZwR2cZKJdB4hUb7MXdW9Nerz,0x8371f58943afc4c8d91c2287f15ec075a565a400f2fe46e5e8af9dadbcb54fea,3151,0,0,6278,50091800,99817984,0.0000031401037
GEyjLa2KPs871FqGZA4kn5VtCy6hirEwVazE23d2JhT6,0x8371f58943afc4c8d91c2287f15ec075a565a400f2fe46e5e8af9dadbcb54fea,3735,0,0,7442,50095535,99810542,0.0000037223551
AeK6WK1qnwCdt3PpxN1TG3m7VKm2qAmbHkm9D4m4Uy1F,0x94eddd2821b97ef95ccb194947f355d561b4a67337829b05db7261e683fd8479,4056,0,0,8083,50075634,99850292,0.0000040426453
9VTxHAixwyXrjThc1ZLNQ2dpP7CDY4jSSM7EQMoP6xg,0x7acda0fdb382246b88fb78dd5a370749354f5467ae50353ae8db82bdefef5491,2716,0,0,5410,50131443,99738808,0.0000027063845
CUmnqnSUSoStJtxofoqzUhZrA88Us2CtggCC4TKtcscU,0x29ddae2ef2feafd15f8faab08518c976d1c0bce11d246caabae01d5b4e6712ed,1108,0,0,2207,50088713,99823828,0.0000011038841
B9TJkq97pS9VGVW7FJQKXF5caysJGBe54rv123n7Acdf,0x94eddd2821b97ef95ccb194947f355d561b4a67337829b05db7261e683fd8479,4823,0,0,9611,50080457,99840681,0.000004806939
7RaYPgH68PXbZXu7bxma9cNduUh8jmA8bkU2auxLR3Qf,0x29ddae2ef2feafd15f8faab08518c976d1c0bce11d246caabae01d5b4e6712ed,0,1287,642,0,50088071,99825115,0.00000064177226
Gy9TjKmW6ZbUBYKzLKpfzzW88gWVLZr2zFxME5Ee1Kcd,0x29ddae2ef2feafd15f8faab08518c976d1c0bce11d246caabae01d5b4e6712ed,2258,0,0,4499,50090329,99820616,0.000002250287
4KbP4uPq6b3UBrnRM894r7ErHyEzvjdc6apE8hBAWbYZ,0x7acda0fdb382246b88fb78dd5a370749354f5467ae50353ae8db82bdefef5491,2463,0,0,4906,50133906,99733902,0.0000024542821
5qjZVE8o1S74ENPdakBy4MxZQTRHfhwHdYUK7Ciws6y1,0x8371f58943afc4c8d91c2287f15ec075a565a400f2fe46e5e8af9dadbcb54fea,2115,0,0,4214,50097650,99806328,0.0000021077988
57nHq1ueGrt8J3iBNAGMnztXnb4ivMqmSG6WfbAEQYgK,0x94eddd2821b97ef95ccb194947f355d561b4a67337829b05db7261e683fd8479,4392,0,0,8752,50084849,99831929,0.000004377395
C8kqBhAYGZgYAPhidNBF6jpvDnX4BX6kEQbkfwXvKRvu,0x8371f58943afc4c8d91c2287f15ec075a565a400f2fe46e5e8af9dadbcb54fea,0,2381,1187,0,50096463,99808709,0.0000011865366
Kv6M6w22r6L7JujT9kSxqrX3xMungNEuS7q3PLE9UW3,0x7acda0fdb382246b88fb78dd5a370749354f5467ae50353ae8db82bdefef5491,0,3482,1737,0,50132169,99737384,0.0000017360701
G186Vf5ZGw6b24G5BGzabn4AQi7UAVnTSteViGB1HFkD,0x29ddae2ef2feafd15f8faab08518c976d1c0bce11d246caabae01d5b4e6712ed,0,4768,2378,0,50087951,99825384,0.000002377141
GFexutbMeNR74diXUEGZrbvJp2G3hVEfqyXZVcjLYKk6,0x94eddd2821b97ef95ccb194947f355d561b4a67337829b05db7261e683fd8479,0,4693,2341,0,50082508,99836622,0.0000023402058
BaFXpu1Pyxv7FJ5nbfxFumjkxbimpdkW4zjPiNq1mp4j,0x94eddd2821b97ef95ccb194947f355d561b4a67337829b05db7261e683fd8479,4001,0,0,7972,50086509,99828650,0.000003987303
GLK65br4P3VjQDbAMoQLPfvZ56cS73j2htoYyBxaNaLA,0x8371f58943afc4c8d91c2287f15ec075a565a400f2fe46e5e8af9dadbcb54fea,0,3604,1797,0,50094666,99812313,0.0000017963068
68HXv6GrfxYXfye8vddV3BoZHKBVr9qmfBXCDJj5zHHR,0x7acda0fdb382246b88fb78dd5a370749354f5467ae50353ae8db82bdefef5491,3908,0,0,7784,50136077,99729600,0.000003894045
79GRBXuzAcrjJ2HCCxuHMGkKHN2QiBFP7fc8K4W2HSEt,0x94eddd2821b97ef95ccb194947f355d561b4a67337829b05db7261e683fd8479,4509,0,0,8984,50091018,99819666,0.00000449354
D1mQjBBdRih7DQMHUszqkup9MbVUf3KRMYprCMFZcWj6,0x8371f58943afc4c8d91c2287f15ec075a565a400f2fe46e5e8af9dadbcb54fea,0,4544,2266,0,50092400,99816857,0.0000022651423
yPpjy8wEM6FmtUucRcV5NSicQkwNyABwiWDqvpxPFK7,0x7acda0fdb382246b88fb78dd5a370749354f5467ae50353ae8db82bdefef5491,3699,0,0,7367,50141779,99718244,0.0000036855226
EaGkL9Tpg1VuAsKDaCYLeBzqNtQSB4cFgUQutTmoYpHP,0x7acda0fdb382246b88fb78dd5a370749354f5467ae50353ae8db82bdefef5491,2003,0,0,3989,50138080,99725611,0.0000019955792
5TrkEos8QnNPeo2xMTR4HSJZxfjUdYUMGhTvr9TU7iS4,0x8371f58943afc4c8d91c2287f15ec075a565a400f2fe46e5e8af9dadbcb54fea,4344,0,0,8655,50096744,99808202,0.0000043290856
656nr7rrbSef177E3rtLcEC8PAaaTtR4qSGi7kyCgTGz,0x29ddae2ef2feafd15f8faab08518c976d1c0bce11d246caabae01d5b4e6712ed,0,3145,1568,0,50088808,99823697,0.0000015674334
C4ReDxrEECcyYGrfQSHiKPhxYgSmg1PvDumxbr5XHXJ4,0x29ddae2ef2feafd15f8faab08518c976d1c0bce11d246caabae01d5b4e6712ed,2425,0,0,4832,50090376,99820552,0.0000024168442
AK6WQGYuLXH95a6K9Vn4HjTEdXFzoo83tWz33JW2uJua,0x7acda0fdb382246b88fb78dd5a370749354f5467ae50353ae8db82bdefef5491,0,1492,744,0,50149023,99703839,0.0000007435546
AUfKdqMN32LK9dz1D8A6pM6smgRCGmNNM5Xyr161hiu6,0x8371f58943afc4c8d91c2287f15ec075a565a400f2fe46e5e8af9dadbcb54fea,0,4653,2321,0,50095634,99810459,0.000002320091
8Yg13V2sPWB3MjrXE3rJCaQ25z1uD5w5bidGRbX9bNNr,0x29ddae2ef2feafd15f8faab08518c976d1c0bce11d246caabae01d5b4e6712ed,4101,0,0,8171,50101334,99798740,0.000004087078
4Tsy3QtUJ5w3RGmTbkd1eP7xm1hMMi26NeLE4NN5Bf2q,0x94eddd2821b97ef95ccb194947f355d561b4a67337829b05db7261e683fd8479,4429,0,0,8824,50098179,99805419,0.0000044136395
HV8A2Yog4prxcNWn9MQgfsBzPuBeFapWJUv9oFR8Z1sN,0x29ddae2ef2feafd15f8faab08518c976d1c0bce11d246caabae01d5b4e6712ed,3425,0,0,6823,50104759,99791917,0.0000034128736
EA8tGXVTbBYh3wZgeUCKBjJx2niCGw9GkTno74z6fpgj,0x7acda0fdb382246b88fb78dd5a370749354f5467ae50353ae8db82bdefef5491,4135,0,0,8235,50149767,99702347,0.0000041198846
D3hFm556G5rmef7ZkSP5Q4ZyAwemrXvf47LLEro8QnQC,0x94eddd2821b97ef95ccb194947f355d561b4a67337829b05db7261e683fd8479,0,4930,2459,0,50095720,99810349,0.0000024580347
2DcMXD4DfdXRWrHDUDmQbmgpvAPBN45angdaBoaeWS4i,0x29ddae2ef2feafd15f8faab08518c976d1c0bce11d246caabae01d5b4e6712ed,0,4193,2091,0,50105497,99790474,0.0000020901005
5gyA6BgagWtAd1hCUJzLEmtmd5xGdhZfCeo934x9A9my,0x7acda0fdb382246b88fb78dd5a370749354f5467ae50353ae8db82bdefef5491,0,3379,1686,0,50147337,99707218,0.0000016849956
2jG68v9uEnpuUdQ7jQmFyAXFhzGgGMJS2sLeT752fCMe,0x8371f58943afc4c8d91c2287f15ec075a565a400f2fe46e5e8af9dadbcb54fea,1903,0,0,3791,50097537,99806668,0.0000018962188
9FJhjnUnWUdgiYMGDffxxVVY94LX1BXaNVm5KYYv1cwH,0x94eddd2821b97ef95ccb194947f355d561b4a67337829b05db7261e683fd8479,0,3989,1990,0,50093730,99814338,0.0000019892384
9BdQF6ZHjx39Z2WH72LFi9Kcgag2csvwhtCGE6qzPJKe,0x29ddae2ef2feafd15f8faab08518c976d1c0bce11d246caabae01d5b4e6712ed,2829,0,0,5636,50107588,99786281,0.0000028191732
6zcTZ2R2umdG9mSMeLPfT4JqN8dCFnVdjGby2QzQKBzz,0x8371f58943afc4c8d91c2287f15ec075a565a400f2fe46e5e8af9dadbcb54fea,3303,0,0,6581,50100840,99800087,0.0000032917728
2hH88tms41GVACb1KrugZX8CDnPDu3TfYAiVCH3FvGjX,0x7acda0fdb382246b88fb78dd5a370749354f5467ae50353ae8db82bdefef5491,0,3960,1976,0,50143358,99715193,0.000001974852
5bADMvT4HE1DVH36Kgafg99YVXWcA7cTguPbrkEMNJxW,0x94eddd2821b97ef95ccb194947f355d561b4a67337829b05db7261e683fd8479,2081,0,0,4146,50093576,99814673,0.0000020737514
5qfPAHtDCmAa11x4M7dTi4wgBUQAyZdAaUhgsRkaokLg,0x8371f58943afc4c8d91c2287f15ec075a565a400f2fe46e5e8af9dadbcb54fea,1542,0,0,3072,50102382,99797015,0.0000015366144
9dLFBjZKvADa1RTDPdeGarxYjfMn757m5hoxnoPJdPnR,0x94eddd2821b97ef95ccb194947f355d561b4a67337829b05db7261e683fd8479,0,4481,2235,0,50091495,99818819,0.0000022341624
9kfM6JDAiGxab4waCikTvumQUwmhNWrdtrLoXNxDaJbn,0x7acda0fdb382246b88fb78dd5a370749354f5467ae50353ae8db82bdefef5491,0,4015,2003,0,50145334,99711233,0.0000020018201
7GComw6mNgRrFXUAE8pG2sMvxqDCLU5DGALEk3TDR63E,0x8371f58943afc4c8d91c2287f15ec075a565a400f2fe46e5e8af9dadbcb54fea,3279,0,0,6532,50105661,99790483,0.0000032673263
6S8H2x7pJYPzmVxD1YJzZ8mv1hvTvz2ky521MLbnk8rL,0x29ddae2ef2feafd15f8faab08518c976d1c0bce11d246caabae01d5b4e6712ed,0,2350,1172,0,50104325,99792824,0.0000011715056
4iUZiFiZADuj8M7z769bqh95NDk7XzA7o1rUE8tKQjzS,0x94eddd2821b97ef95ccb194947f355d561b4a67337829b05db7261e683fd8479,0,2948,1470,0,50096717,99808435,0.0000014694228
CPSZ979gubHviXq5NwNpx7AHLZTEFe9vvdiruSY9Tybs,0x29ddae2ef2feafd15f8faab08518c976d1c0bce11d246caabae01d5b4e6712ed,1960,0,0,3904,50113678,99774192,0.0000019528666
HRLLJTo9U1rv5n3Y7AipSW8G1AwBCqcz9WPF1HJwV9rc,0x7acda0fdb382246b88fb78dd5a370749354f5467ae50353ae8db82bdefef5491,3294,0,0,6560,50144640,99712666,0.000003281843
3puwdRhEeMif5aYrosfeJq6t2g3AwsD5EBBwhCrzpYiF,0x8371f58943afc4c8d91c2287f15ec075a565a400f2fe46e5e8af9dadbcb54fea,3840,0,0,7650,50116156,99769576,0.000003826705
7EVaMiPQSPPFhtR2wZWfv8XRUjbard8LTJ3MiVRkz2F5,0x29ddae2ef2feafd15f8faab08518c976d1c0bce11d246caabae01d5b4e6712ed,0,1987,991,0,50112687,99776179,0.0000009905496
FVAwFU5pcvLcx7bvp163cVphV3nLNLnKdD3ZcaaWrb7P,0x94eddd2821b97ef95ccb194947f355d561b4a67337829b05db7261e683fd8479,0,2735,1364,0,50095353,99811170,0.0000013634725
9hA1P2L4aFbLCqpiMbcqRjrVchHFSAqXAAR1uY2qFNnh,0x7acda0fdb382246b88fb78dd5a370749354f5467ae50353ae8db82bdefef5491,0,3553,1773,0,50142867,99716219,0.0000017719748
FbAi8y5rQWsbcsWF7Lse6vzeujEZXib5D4qCBGdQzR1W,0x8371f58943afc4c8d91c2287f15ec075a565a400f2fe46e5e8af9dadbcb54fea,2225,0,0,4432,50118381,99765144,0.0000022170218
2bBeWujmLUoEeV3r2WGq2J7Jr5gfj9ffP67oQjgNvC7u,0x29ddae2ef2feafd15f8faab08518c976d1c0bce11d246caabae01d5b4e6712ed,0,1039,518,0,50112169,99777218,0.00000051776664
FiCR8zMhfbGoJziEnJZ3XiooaRk5GnbQN2PLXwv4dvnR,0x8371f58943afc4c8d91c2287f15ec075a565a400f2fe46e5e8af9dadbcb54fea,1347,0,0,2683,50119728,99762461,0.0000013421304
AMoEHwr9FyhqxS9m38qAiE197LRidhk25Dkbf8sUYpNw,0x7acda0fdb382246b88fb78dd5a370749354f5467ae50353ae8db82bdefef5491,2604,0,0,5186,50145471,99711033,0.0000025944726
7SsxAWw1v2shQ8tpYG2jYBncKcW3GjwpK8Tx52wthSfW,0x7acda0fdb382246b88fb78dd5a370749354f5467ae50353ae8db82bdefef5491,0,1719,857,0,50144614,99712752,0.00000085650163
Adoz6KHCa3qdZw8RvcbbA7iyxYnePooyfUxM1ZJKCa39,0x94eddd2821b97ef95ccb194947f355d561b4a67337829b05db7261e683fd8479,0,3345,1668,0,50093685,99814515,0.000001667364
AECxovL8U5zybgQC9v1q2EZKyuZbrcQ9k8ztMcEUYC7s,0x8371f58943afc4c8d91c2287f15ec075a565a400f2fe46e5e8af9dadbcb54fea,0,4100,2045,0,50117683,99766561,0.0000020440211
Dom9ScrkjDgAHYo4r2Pfc5rXaAEDGiHQ8hSBw56JNp1i,0x94eddd2821b97ef95ccb194947f355d561b4a67337829b05db7261e683fd8479,3438,0,0,6850,50095099,99811724,0.0000034262432
b9QYFNs91F6VTYGoheCwMK5MoVVaAfm3tvuZLgiAfqE,0x8371f58943afc4c8d91c2287f15ec075a565a400f2fe46e5e8af9dadbcb54fea,3190,0,0,6354,50120873,99760207,0.000003178484
2BG47LvzdjvgMJFDqJNY6aDwp1H8ohXbMAvNCvMzsEsH,0x7acda0fdb382246b88fb78dd5a370749354f5467ae50353ae8db82bdefef5491,0,1442,719,0,50148204,99705612,0.0000007185719
CaWaViyJ1NeiyB28dzLaneTKQdNKTguCJjKsUYastsjA,0x94eddd2821b97ef95ccb194947f355d561b4a67337829b05db7261e683fd8479,0,4059,2024,0,50091661,99818574,0.000002023242
J2E8GnwDdCHKhSgYiG2AyfDXd5d3Vfm2UqhpSz34KBBv,0x29ddae2ef2feafd15f8faab08518c976d1c0bce11d246caabae01d5b4e6712ed,2709,0,0,5396,50114878,99771822,0.0000026992027
Ausz1QYyxWiveKWAyY9kG7hAivzsH7MkVydnHK3v1kHc,0x7acda0fdb382246b88fb78dd5a370749354f5467ae50353ae8db82bdefef5491,4309,0,0,8582,50148923,99704170,0.0000042934666
4KD4hBiCiSA9NbDf5oekDtGsbVqeK5QwKqRiqpCMzed6,0x29ddae2ef2feafd15f8faab08518c976d1c0bce11d246caabae01d5b4e6712ed,2295,0,0,4572,50117173,99767250,0.0000022870438
3odUq5nag62TUBTYaJsuDpD4VyofRG6cTiJ1yMRKPBXp,0x8371f58943afc4c8d91c2287f15ec075a565a400f2fe46e5e8af9dadbcb54fea,4195,0,0,8356,50125068,99751851,0.000004180005
