tx_hash,pool_id,amount_x_in,amount_y_in,amount_x_out,amount_y_out,reserve_x,reserve_y,slippage
8n4Njkcfg8fSRn1MbdoJDdREHiws7HcK3k85WH1LUGhC,0x0000000000000000000000000000000000000000000000000000000000000000,0,3073,1532,0,1000102940,1999796408,0.0000015318424
8waTDdUaoozrj51xE5DttGGcRdv6gQq2a16kXuFkpnSa,0x0000000000000000000000000000000000000000000000000000000000000000,0,4841,2413,0,1000100527,1999801249,0.0000024127573
CGkbHdVBwpz1nm8SmB4pQmeMjURPBwA9mM6tesiKeUhW,0x0000000000000000000000000000000000000000000000000000000000000000,1118,0,0,2228,1000101645,1999799021,0.0000011141119
BpnvNFXwDzG8rgFTK3LngKvmsjQsBBK2PBEoUhWyXEVa,0x0000000000000000000000000000000000000000000000000000000000000000,3484,0,0,6945,1000105129,1999792076,0.000003472861
GXNW9q2x4brLS1i9eDnbiMPefe47QPvFquVhCb1sKspm,0x0000000000000000000000000000000000000000000000000000000000000000,2323,0,0,4631,1000106270,1999790022,0.0000023157431
FWzR8LaX3Ar681WvTMQ2pKvLZSxpPpPpTPQYUk4Kvv3m,0x0000000000000000000000000000000000000000000000000000000000000000,0,4552,2269,0,1000106909,1999788710,0.0000022687575
8pQ4mKDzfv9Wiwp82ihmnijtEpFmWwGv32RC8heLkPqP,0x0000000000000000000000000000000000000000000000000000000000000000,0,3691,1840,0,1000103947,1999794653,0.0000018398088
8Uad7PQFxTeUuerWrV8RJDghyQWMtGjedAsHh1j6TsSH,0x0000000000000000000000000000000000000000000000000000000000000000,0,2252,1122,0,1000105787,1999790962,0.0000011218813
Csw7DDn2AABnjdV4ZgqNTy6CTBMMt3ESabv2SgN5E4pL,0x0000000000000000000000000000000000000000000000000000000000000000,0,1464,729,0,1000110194,1999782354,0.00000072891964
9py9osCfaZA4vWSrmRScauujjN97eXk6Ej7VUVtgGscc,0x0000000000000000000000000000000000000000000000000000000000000000,0,1146,571,0,1000110923,1999780890,0.00000057093666
DgRznkpWViLqDQLeEogQD2JSoc45yopDv3uXHKHVsxZT,0x0000000000000000000000000000000000000000000000000000000000000000,0,2321,1157,0,1000109037,1999784675,0.0000011568739
2DUQ884tTA9PtZmKZoYGrWSKsACpKSgNMaXPpCuk4Dhd,0x0000000000000000000000000000000000000000000000000000000000000000,4600,0,0,9170,1000113637,1999775505,0.000004585515
4roBPxE1CgBNsQFtGC7x8zA6obC8xUNRS32q8hdvsXo3,0x0000000000000000000000000000000000000000000000000000000000000000,0,1699,847,0,1000117230,1999768472,0.0000008469007
Fzp6sjrvMTX73ffQKs3wyyDyoZFUgGaasofsx1Ste126,0x0000000000000000000000000000000000000000000000000000000000000000,4665,0,0,9299,1000121290,1999760426,0.0000046500572
D7mZhdVV7paAfiA11AQ4kfRBvnnwte6Bt6dnHNYXhEwN,0x0000000000000000000000000000000000000000000000000000000000000000,0,3753,1871,0,1000115359,1999772225,0.0000018707842
D1xwtbUUDqDxhYwrB71DrMrRvmCGvskSmuv7ZvCK8ygc,0x0000000000000000000000000000000000000000000000000000000000000000,0,3909,1949,0,1000113410,1999776134,0.000001948779
ABXSp5Hp2LFmywjDbNUTgQEGqaKRV1ScqjcZ1pQvScdV,0x0000000000000000000000000000000000000000000000000000000000000000,3215,0,0,6409,1000116625,1999769725,0.000003204869
DShVTYzj1FUY9nPAkc2Lon4NvdoLoRcBcD53gR6QYANg,0x0000000000000000000000000000000000000000000000000000000000000000,0,3336,1663,0,1000126571,1999750015,0.0000016627895
GZ2ErmYzQXP8LoG4PPm4FieKgzkeTj545paHXM8h9Lfi,0x0000000000000000000000000000000000000000000000000000000000000000,0,1482,738,0,1000127563,1999748067,0.0000007379059
HWJY9Hb5XJkGGpP6b9WhPm1Ch2WvXGdBpUVty3vwzYNC,0x0000000000000000000000000000000000000000000000000000000000000000,3204,0,0,6387,1000128301,1999746585,0.0000031939048
DUwwB2pEWJJYgRTwPZ2fWxDxocjhVwj9BCAyACXcQYwR,0x0000000000000000000000000000000000000000000000000000000000000000,3744,0,0,7463,1000131307,1999740604,0.0000037319842
Bz7MXLgZcabe6CMQygSVPn5WDE77mkp52WPqN5iSdqdf,0x0000000000000000000000000000000000000000000000000000000000000000,0,2957,1474,0,1000125097,1999752972,0.0000014738156
5oBKmfgmwcznp7dWS71HKwmZVXbsNdTuwnJ6sgkpfbkN,0x0000000000000000000000000000000000000000000000000000000000000000,3674,0,0,7323,1000136758,1999729913,0.0000036619945
33tgutdUfTBo3UwPUBgkfQ63jU5govR3gejV64Zm24u2,0x0000000000000000000000000000000000000000000000000000000000000000,3383,0,0,6743,1000140141,1999723170,0.0000033719668
92UVxdPwbzd6CR6QdbSgp2tE1bKhJcyXoHM6CGxgLohJ,0x0000000000000000000000000000000000000000000000000000000000000000,0,3610,1800,0,1000133262,1999737097,0.0000017997602
8NVRGmq51xVXQGpEoueX1L2rBqtCVLBB77wSpqQ6RxgG,0x0000000000000000000000000000000000000000000000000000000000000000,0,1483,739,0,1000135254,1999733136,0.0000007389001
jiXXyDE3jg48fZqy9BcyPukJvxhHryxGXg4rkfnWywk,0x0000000000000000000000000000000000000000000000000000000000000000,4396,0,0,8763,1000139650,1999724373,0.0000043821037
6kVMNVo1D4e1sixxscFiMdEiMByjXYBWDuu3xsrHXAe3,0x0000000000000000000000000000000000000000000000000000000000000000,2731,0,0,5444,1000135993,1999731653,0.0000027223653
BQJKLgVous7pWxSaMABYhqTxT5krcnqcLSUAZWmUF1Xs,0x0000000000000000000000000000000000000000000000000000000000000000,0,1910,952,0,1000141776,1999720236,0.00000095186505
koWJaEBAHiCyDPUGE1Fp7GvVFmPpFA2RFDHu12fZMUA,0x0000000000000000000000000000000000000000000000000000000000000000,0,2653,1322,0,1000138820,1999726167,0.0000013218165
8R3y1ZwF1t3CzoxNnCMXcCn8SoBbxCG6TjRHCNdMLXJX,0x0000000000000000000000000000000000000000000000000000000000000000,4025,0,0,8023,1000143160,1999717546,0.0000040120667
34CyudsxYnw4xrpMKeMQfw87juEfA439GYKdLYU6XhFV,0x0000000000000000000000000000000000000000000000000000000000000000,2742,0,0,5466,1000139135,1999725569,0.0000027333751
CNSuQZcrpqh7jACVHVXZZZUZFmFkDAzMwL4v3Zk9T84g,0x0000000000000000000000000000000000000000000000000000000000000000,0,4868,2427,0,1000136393,1999731035,0.000002426669
FA7AUo9hhQzcS9GgR4S268tetn5tPkYiXu3h4nfM9wG8,0x0000000000000000000000000000000000000000000000000000000000000000,0,3278,1634,0,1000140142,1999723514,0.000001633771
GxxtngZDqJiHzqFmbSWH9A3Nik9eAiFRwK9Y6JRb1ztn,0x0000000000000000000000000000000000000000000000000000000000000000,3355,0,0,6689,1000006958,1999986127,0.000003344523
AhBseNDVo2i3VVuFDpmiNKUatDNc4TqWSgEdbnWw8GRX,0x0000000000000000000000000000000000000000000000000000000000000000,3603,0,0,7184,1000003603,1999992816,0.000003592013
2nEuFB62ESrjcGM78PBbrWEhFN89wgMMWmf1edRmHQmj,0x0000000000000000000000000000000000000000000000000000000000000000,2027,0,0,4041,1000006765,1999986541,0.0000020205136
8TaihwPNtSjN7MiMjEjhH5nHnkDD8oxfAbbfDdeKnLmq,0x0000000000000000000000000000000000000000000000000000000000000000,2107,0,0,4201,1000006485,1999987130,0.0000021005135
BPWdbvZ678cVCgvQ8hYSAFnG84WUBtacHz4HnLcidoDV,0x0000000000000000000000000000000000000000000000000000000000000000,0,3272,1631,0,1000004378,1999991331,0.0000016309929
2UGPEfxXNhAT6xnbzzKQ41TLqPv667cAP2ZoVzQhuGoY,0x0000000000000000000000000000000000000000000000000000000000000000,2543,0,0,5070,1000016871,1999966438,0.0000025350425
GMWn7YpL7EtKhRShd6Jf5TKJDrW5Toy2ryWWMs6sdueL,0x0000000000000000000000000000000000000000000000000000000000000000,4877,0,0,9724,1000010240,1999979659,0.0000048620495
4LkcoyJEKYZXajMtTGiewiZouLQjArjZypaVGsVq65ap,0x0000000000000000000000000000000000000000000000000000000000000000,1446,0,0,2883,1000018317,1999963555,0.0000014415263
6jKjsrTzLskpF3wL3LM6CeuMTjSZqoAPXWfNxReEyqCH,0x0000000000000000000000000000000000000000000000000000000000000000,0,1236,616,0,1000005363,1999989383,0.00000061599667
FBrcZSdmMNGD5mJvbyoGZemkqSHNA2LJtH7TGxb2yEML,0x0000000000000000000000000000000000000000000000000000000000000000,4088,0,0,8151,1000014328,1999971508,0.000004075558
E6UHN5WjAyqCXRtD5NNJGx13HmJeUbvzSZFnByaTRde8,0x0000000000000000000000000000000000000000000000000000000000000000,0,1518,756,0,1000006009,1999988059,0.0000007559955
62Vd6opAeMd5MEKeLDDc16ioFbAkmgcY2Tw1Ltf7Pfm,0x0000000000000000000000000000000000000000000000000000000000000000,0,4455,2220,0,1000004738,1999990582,0.0000022199895
9hD1H71HMDLdjc5vXThrpgexWjy4ENxuigSbXe9n1zdx,0x0000000000000000000000000000000000000000000000000000000000000000,0,4944,2464,0,1000012865,1999974493,0.0000024639683
CVwDmkTSgXt19ECofkXy38XHqb96E1kyJ3KfYFcbnF3Y,0x0000000000000000000000000000000000000000000000000000000000000000,0,2299,1146,0,1000015329,1999969549,0.0000011459824
79Lwrie9NZqGU6zDPVEdkF5Np6zDQ8z4hZpwx2x5gCQr,0x0000000000000000000000000000000000000000000000000000000000000000,0,1017,506,0,1000005979,1999988147,0.000000505997
HAMTPVvoAfB9pqVkuBo4BQPm4KkoFCqyXgNPmFpTo2B8,0x0000000000000000000000000000000000000000000000000000000000000000,0,3695,1842,0,1000016475,1999967250,0.0000018419697
49Rh2nhm8GuAKd5RThcyzwroNGAzGCfFjXnbhUmwqFxS,0x0000000000000000000000000000000000000000000000000000000000000000,2286,0,0,4558,1000023533,1999953238,0.0000022790532
4VuEcGXje5ED8KuMzN4T8xfmgBoRPjTi4UmzdCHG2SCS,0x0000000000000000000000000000000000000000000000000000000000000000,4863,0,0,9696,1000034459,1999931464,0.000004848166
43Su4dLhTPDAVS6f5Y3EQGTz2N2tvoXZzayrux25a8n7,0x0000000000000000000000000000000000000000000000000000000000000000,2105,0,0,4197,1000014970,1999970296,0.0000020985312
7is4RcdsKfdwehGA327sN48UsWehoxKJr6YNnEmo24kL,0x0000000000000000000000000000000000000000000000000000000000000000,1175,0,0,2342,1000019837,1999960593,0.0000011710231
6tm65T5GQZV4q4zoKHMQHx9PSBhCQtpvwZvoiGTUGcya,0x0000000000000000000000000000000000000000000000000000000000000000,3692,0,0,7361,1000018662,1999962935,0.0000036805684
GR9G88Fc739PYTfYSoTGEb2iUyU48dVGzzy2Yc9A28G6,0x0000000000000000000000000000000000000000000000000000000000000000,0,2685,1338,0,1000033121,1999934149,0.0000013379556
EiYXrX7n52pvSYNjw8woPLGFKdt7QkKoDGHEUgRFFN4D,0x0000000000000000000000000000000000000000000000000000000000000000,0,2337,1165,0,1000021247,1999957796,0.0000011649753
2qjSAwHauFsWdVyRz6RVX1yiGudPJuRMBpopTzuXYquo,0x0000000000000000000000000000000000000000000000000000000000000000,1966,0,0,3920,1000024790,1999950742,0.0000019600484
BK8ksjP2FaSstABDewTBzSSeCK7UVP6tMbdUCuNZdKQN,0x0000000000000000000000000000000000000000000000000000000000000000,4806,0,0,9582,1000029596,1999941160,0.0000047911412
7Q1jue8WdK5MQbCHLjJSZREuzrp6wA6y2Nt4taG7s3NW,0x0000000000000000000000000000000000000000000000000000000000000000,2575,0,0,5134,1000022412,1999955459,0.0000025670572
5CZ952YpcdWqAx5GaAd4D9VqPETtCR9CCeUWCLgy4Mtb,0x0000000000000000000000000000000000000000000000000000000000000000,0,1424,709,0,1000022824,1999954662,0.0000007089838
6jZVkhmQNXvr5CAamENEtKcDvmumm3KrBjkwMAkXt8hN,0x0000000000000000000000000000000000000000000000000000000000000000,0,2218,1105,0,1000034055,1999932360,0.0000011049624
GqcupXRKt2hTtV57fWWCn3EoR9L5SbjH6hk6ouHEunXc,0x0000000000000000000000000000000000000000000000000000000000000000,2662,0,0,5307,1000036094,1999928267,0.0000026535952
HQPdXneaWwEkwyAFnoSh3DQixgaKfNqmYRkUiscSFLbM,0x0000000000000000000000000000000000000000000000000000000000000000,2020,0,0,4027,1000034677,1999931139,0.0000020135694
HojHzhcWvaWcBRKPdFCoojAzteQ3QXPfJSMorYsg7XZv,0x0000000000000000000000000000000000000000000000000000000000000000,0,1875,934,0,1000035160,1999930142,0.00000093396716
DWxnqgdq55qetEBmUJhykoH7LQskZ76YrSwd9WLTszJ1,0x0000000000000000000000000000000000000000000000000000000000000000,0,2806,1398,0,1000032657,1999935166,0.0000013979544
ABuEoFq4A6ZfEqkcGciqqSDHYQUYvsHSzkn3bqjZAdZL,0x0000000000000000000000000000000000000000000000000000000000000000,2839,0,0,5660,1000037516,1999925479,0.0000028301054
2QZXjEUmyQffzZ8b6ovBjEfPqDezRtMjWcRzzx89B6RZ,0x0000000000000000000000000000000000000000000000000000000000000000,3372,0,0,6723,1000038426,1999923711,0.0000033616282
7eBAJ5wr6M1mC8KGgEmSzPVnuRpTUYpRjnsa72JKw1sv,0x0000000000000000000000000000000000000000000000000000000000000000,0,1208,602,0,1000036914,1999926687,0.0000006019778
5g8bsQWxtBAphJHNpZ1y3nVj1xgnaQbgKjQPAsdn5CT2,0x0000000000000000000000000000000000000000000000000000000000000000,0,3643,1816,0,1000036276,1999927982,0.0000018159341
HDKpY39kMmUJXmZjYbCueFeaBWtBMNT5qdzftTDGYPQh,0x0000000000000000000000000000000000000000000000000000000000000000,3802,0,0,7580,1000033432,1999933574,0.000003790126
7s4d4ExedycU4jUTkm4vJ67ZukA7JuuzRJ2ckh7ErxzS,0x0000000000000000000000000000000000000000000000000000000000000000,0,2452,1222,0,1000035054,1999930434,0.0000012219572
DvuMMzMKDJFbTnZrKTFNFuLGGJQ8nena6uC55xdkqxDA,0x0000000000000000000000000000000000000000000000000000000000000000,0,2072,1032,0,1000032089,1999936221,0.0000010319669
5jWq3A9PHtCgojkv88peEdinsZN2cS225CePHqnhc7FH,0x0000000000000000000000000000000000000000000000000000000000000000,0,4933,2459,0,1000029630,1999941154,0.0000024589272
BveFed1kehS9xE2W9MuDhWbxWSEwMQhFAqbQxsHremi9,0x0000000000000000000000000000000000000000000000000000000000000000,1178,0,0,2348,1000038092,1999924339,0.0000011740444
952hYy7vuhC8LP5JgUuGEPfuC6KCtKFm81iDXSSeeezy,0x0000000000000000000000000000000000000000000000000000000000000000,1951,0,0,3889,1000040377,1999919822,0.000001944578
45ZHKgCovEhUYckXEVkSLXsTXaV9quCkev8vm3dYcMKv,0x0000000000000000000000000000000000000000000000000000000000000000,0,2319,1156,0,1000042189,1999916253,0.0000011559513
5FwQ62PVc1tsaa5vVYAXDk9HJqmNGoos2SnzzUrd2o4N,0x0000000000000000000000000000000000000000000000000000000000000000,2930,0,0,5841,1000045703,1999909204,0.0000029206326
GPJ588voVq7TpK2BoZbeRu8L6hTBKvAiTcQSLwb98v92,0x0000000000000000000000000000000000000000000000000000000000000000,0,4881,2433,0,1000036465,1999927737,0.0000024329113
HHVGPMm8QN4YiwTdHFFf5YXvTWBHzsiZE6sCX9WgGhVx,0x0000000000000000000000000000000000000000000000000000000000000000,0,1810,902,0,1000039239,1999922218,0.0000009019646
HJtwc1sJzV38Mukr1SC7ZrxoX9JxeXbBoB42pXTnVohu,0x0000000000000000000000000000000000000000000000000000000000000000,2396,0,0,4777,1000042773,1999915045,0.0000023886016
AGedv8hUTVRqjC32Ni8zJKuJCCGyEtLsM1hJytuuddHt,0x0000000000000000000000000000000000000000000000000000000000000000,0,4730,2358,0,1000043345,1999913934,0.0000023578978
BpzohHewkxSbRFtd6Psnc7tRaPB58BZhoVw2mPy5B3Yi,0x0000000000000000000000000000000000000000000000000000000000000000,0,1768,881,0,1000038898,1999922856,0.00000088096573
35u4YnjvNwc2jai8B8C8i9BWrtEaq6ctWjSNrJC3pgCf,0x0000000000000000000000000000000000000000000000000000000000000000,3676,0,0,7329,1000040141,1999920408,0.0000036646459
CFb6HutzGtKTr5Rm2jLkJz67X6SVMBicB3pTbFYSxsoG,0x0000000000000000000000000000000000000000000000000000000000000000,0,4835,2410,0,1000039779,1999921088,0.000002409904
EDZ1g7Bg7UVCp2kJ6QQvs3aVRx6sCWnWox8L5ZEmRDSC,0x0000000000000000000000000000000000000000000000000000000000000000,2791,0,0,5564,1000041872,1999917003,0.0000027821154
74xSsQ34hwXAQj42CdfeMJPJdtD3fhmtGjfB137WPSdy,0x0000000000000000000000000000000000000000000000000000000000000000,2410,0,0,4805,1000039081,1999922567,0.000002402593
JDs4pusQs9sPcBGhoDmWdcEmifPdNn8VaXdfuH4DrvH,0x0000000000000000000000000000000000000000000000000000000000000000,0,2970,1480,0,1000037759,1999925188,0.0000014799441
AX4G3dQ9QVxhbx9px7cc7SRvKaJkVdDswqjz3eCrRhzR,0x0000000000000000000000000000000000000000000000000000000000000000,0,4431,2209,0,1000040673,1999919437,0.00000220891
CKo1WVjV5MxhFyQhXQaMcdarhPrKxfKP4Jydv6vcbDTL,0x0000000000000000000000000000000000000000000000000000000000000000,0,2184,1088,0,1000036671,1999927372,0.0000010879601
5WNVeyZgyXCy3nYYqbsHr2LHHJrfpy1L2oEHEeHR77zG,0x0000000000000000000000000000000000000000000000000000000000000000,2151,0,0,4288,1000044023,1999912715,0.0000021440935
EMTXuNpqnqw5NEyoaD3uPMpxUuVfJ53tpnjazytaNG3k,0x0000000000000000000000000000000000000000000000000000000000000000,0,1047,521,0,1000043502,1999913762,0.0000005209773
Fac6ekPmTEQLdBxPGaMqSR2Zmwtmy1UqDaGYUKvyWspn,0x0000000000000000000000000000000000000000000000000000000000000000,0,3609,1799,0,1000047512,1999905837,0.0000017989146
2Y2WtBYhXsfeDS5cM53PUjqbhMMunRB7rGKftEJUqnKD,0x0000000000000000000000000000000000000000000000000000000000000000,2096,0,0,4179,1000049051,1999902776,0.0000020896016
2Q2tsYoeZ8kaSG9Z5fWqHKbwaec6ELrHYEiamMLtTKmi,0x0000000000000000000000000000000000000000000000000000000000000000,4822,0,0,9614,1000049311,1999902228,0.000004807235
Dm5DEg4KkoyyhkJsDSEGmuDk2SonB7u3F4nNZETxv3sa,0x0000000000000000000000000000000000000000000000000000000000000000,0,2003,998,0,1000039675,1999921440,0.0000009979605
AmPBnk9XG3tepcZgRF2Jjv5rWVrcbTLDDvCBwVEE3oos,0x0000000000000000000000000000000000000000000000000000000000000000,4814,0,0,9598,1000044489,1999911842,0.0000047992116
68aKMUMJ9YRDGEEPYyW5HR8SYVpmqBoSx9H1TjqtvsLM,0x0000000000000000000000000000000000000000000000000000000000000000,0,1118,557,0,1000046955,1999906955,0.0000005569738
C9MnWNHnRTnHn5ScpRiTNfErPF4K5FtteS4K92F49hk5,0x0000000000000000000000000000000000000000000000000000000000000000,0,1244,620,0,1000042882,1999915006,0.00000061997343
78JSiNtXuEd6LvFspkw4AXGVdNMtL8DcuZtqBw2PC1mY,0x0000000000000000000000000000000000000000000000000000000000000000,0,3713,1851,0,1000042706,1999915505,0.000001850921
GhWZigQKV4Pz4aq3jfnR7qAXr4ZYKyHrDcu7UPwXsg9s,0x0000000000000000000000000000000000000000000000000000000000000000,2994,0,0,5969,1000044904,1999911133,0.0000029846326
ArDHBdXDxZNzwQhaFuDodVvrCYhg8DzPgveqZY8VE8tb,0x0000000000000000000000000000000000000000000000000000000000000000,0,1569,782,0,1000048269,1999904345,0.0000007819623
E5ymm7a2cB88ojyZ3WUx3rCmkEJP3BML92RoH3iG4pPH,0x0000000000000000000000000000000000000000000000000000000000000000,0,4233,2110,0,1000045516,1999909868,0.000002109904
8JTLjJeRJGyJ9qiBELwGJdU2G1oD5FyS7snaASEAaohn,0x0000000000000000000000000000000000000000000000000000000000000000,0,1597,796,0,1000041910,1999917102,0.0000007959666
Ca5zqXMS8NxmDiwqqnPyqLYyd9otPFyujuxVzzdNyWRm,0x0000000000000000000000000000000000000000000000000000000000000000,0,1290,643,0,1000047626,1999905635,0.0000006429694
CUQ8SVNfZ6F2V96WWEGSnnLtHXLJUAQzSMYLev5ngzrR,0x0000000000000000000000000000000000000000000000000000000000000000,3627,0,0,7231,1000050594,1999899812,0.0000036156812
6723N14iEHGgfwzPysfyZR7oNPsPw6ZmP2Dm1gBiRmFY,0x0000000000000000000000000000000000000000000000000000000000000000,3875,0,0,7726,1000048779,1999903407,0.0000038631865
82z7Zh9JCujK7x6zGtyzRauiSwNj4abWrd5Z1GnHTjA2,0x0000000000000000000000000000000000000000000000000000000000000000,0,1924,959,0,1000044557,1999911792,0.0000009589572
72zivuqZwtRVaREty6eaxLTWEVdSoJEGQQYg7PSt5WLF,0x0000000000000000000000000000000000000000000000000000000000000000,0,3482,1735,0,1000048859,1999903294,0.0000017349153
6aF8HMavXTBHKufFqtrbtmm2BknaYBNehymKC7R6qKhN,0x0000000000000000000000000000000000000000000000000000000000000000,0,3636,1812,0,1000046967,1999907043,0.0000018119149
75mHqvVHgSTmA1EuNSaU1BXgGoVJDE8NE67bp78344hS,0x0000000000000000000000000000000000000000000000000000000000000000,4975,0,0,9919,1000057882,1999885345,0.0000049597843
AwZQJUWKx2kQwNnSwsMBbzpv2tYMpd2SwFCZd2MRR7Sb,0x0000000000000000000000000000000000000000000000000000000000000000,0,4589,2287,0,1000052907,1999895264,0.000002286879
DUUdiHuwJPJYDMisF1oaz7po7HPb5eDQDshPGqUXyUvH,0x0000000000000000000000000000000000000000000000000000000000000000,0,1521,758,0,1000048101,1999904815,0.0000007579635
2a4j31waPcGrzuc26EKLu2Rhuoh4aVWExrRhmhRR3Vvn,0x0000000000000000000000000000000000000000000000000000000000000000,2796,0,0,5574,1000055194,1999890675,0.0000027871524
8T6zGcFK8pnv5jzmdUsW7NfzeKiMWLeDezPfBQ8UpXMA,0x0000000000000000000000000000000000000000000000000000000000000000,2515,0,0,5014,1000050616,1999899801,0.0000025071256
6csjt3Gse1bVJrcVScfg8aptrPUjFca8CjLkrgYpinz5,0x0000000000000000000000000000000000000000000000000000000000000000,1782,0,0,3552,1000052398,1999896249,0.0000017760922
GxTwrvLHfYLCi8Q4hhS3wKcoRgzwaG7m5G2JhTZmqpMc,0x0000000000000000000000000000000000000000000000000000000000000000,0,3026,1508,0,1000060500,1999880145,0.0000015079088
J7Ab4cCcfosko6zdW2ksiz1SS2iRpV2A6Z8PsgGRFr6Q,0x0000000000000000000000000000000000000000000000000000000000000000,0,1322,659,0,1000057651,1999885930,0.000000658962
F5ypVrTsHgyLpZaKTc9oNETj462faKuEQHYcSHKbh9W2,0x0000000000000000000000000000000000000000000000000000000000000000,2526,0,0,5036,1000058310,1999884608,0.0000025181453
AYM7tfLNfGno7aDTkamtacJ66K63ZsyhmEYsFUSXSBP3,0x0000000000000000000000000000000000000000000000000000000000000000,0,1304,650,0,1000055088,1999891072,0.0000006499642
4a8neubynpeTcXUcCWXXZQNNM1ox2iQqcWkoxNVSX2vU,0x0000000000000000000000000000000000000000000000000000000000000000,4126,0,0,8226,1000062008,1999877119,0.0000041132525
86yiYBTg4V9KvJi4FdDQdn5b91t1oJoqdcNnoJAALGhp,0x0000000000000000000000000000000000000000000000000000000000000000,0,4736,2361,0,1000058139,1999884881,0.0000023608627
Hq8RgMH1oYDsBK9VEYakqCuoEi6gYWbwdMLYJ3VRzffY,0x0000000000000000000000000000000000000000000000000000000000000000,0,2591,1291,0,1000053000,1999895194,0.0000012909316
HanskRhtFC7BKji3h4gWQzRbLDLcmq2Q7odFa8SiMC4,0x0000000000000000000000000000000000000000000000000000000000000000,0,3838,1913,0,1000055738,1999889768,0.0000019128934
4kriP81XRC7wXajvsoFhcLke6BcpBaTztwWZbXSbU2xX,0x0000000000000000000000000000000000000000000000000000000000000000,3187,0,0,6354,1000054279,1999892737,0.0000031771704
B4zf3np3Q2S2wU5gioMfeNP3Xytp82nLTniKT3fwMD3Y,0x0000000000000000000000000000000000000000000000000000000000000000,0,4874,2429,0,1000055710,1999889755,0.0000024288647
8w25xUGKp3gzXXbjaqh5YbFDSLoY2propW2Z794ixavV,0x0000000000000000000000000000000000000000000000000000000000000000,2784,0,0,5550,1000055784,1999889644,0.000002775153
HjqKHaeyhZFFeYTgLr6ENWtAu7UgLnwD7iRV5two3uUQ,0x0000000000000000000000000000000000000000000000000000000000000000,0,1439,717,0,1000051092,1999899091,0.00000071696337
Ay8aFPdTSsyCvQtsDPVDB9b7XEFPyX1pgdDvdhnfpwJF,0x0000000000000000000000000000000000000000000000000000000000000000,0,1749,871,0,1000054217,1999892821,0.00000087095276
BCyTBNduoFwcuo19kMeA8VwaBtNngkGpvKSY5upcDeaz,0x0000000000000000000000000000000000000000000000000000000000000000,0,2848,1419,0,1000054291,1999892603,0.000001418923
7WiidvqUjEQNQQVdbBSpnQzrVVTWYCqdHGjz2x1cqfX1,0x0000000000000000000000000000000000000000000000000000000000000000,0,2776,1383,0,1000052896,1999895513,0.0000013829269
EqNmLL37WiiiYzQGBDJNBUsuH4VBZbGe5UuxtPzzFaSz,0x0000000000000000000000000000000000000000000000000000000000000000,0,2146,1069,0,1000050678,1999900019,0.0000010689458
CCMqrnkWcNThqSqNnrXGznMqaJ2bS2ria3VjQdJoVZkQ,0x0000000000000000000000000000000000000000000000000000000000000000,0,3021,1506,0,1000055727,1999890025,0.0000015059161
op9V8KfXSbmXoyEp2RTx2uV6LiM2ASH6iYTnU5wwcTe,0x0000000000000000000000000000000000000000000000000000000000000000,0,4318,2152,0,1000049893,1999901538,0.0000021518927
G96Q4DzggVefa2Pf8QsHufLiqAaAscmx713kYfWQwWAM,0x0000000000000000000000000000000000000000000000000000000000000000,0,4858,2421,0,1000047472,1999906396,0.000002420885
9fUVeMpgtUrCxtzaMsQsGSatZGaiWPTrfKAjnKXSWn8u,0x0000000000000000000000000000000000000000000000000000000000000000,0,1629,812,0,1000058091,1999885334,0.0000008119528
6rqNkcztknseGuVhX2DtPtxmfDYcFNAMFPDCn6L9kR2J,0x0000000000000000000000000000000000000000000000000000000000000000,0,4831,2408,0,1000051809,1999897652,0.0000024078752
DBn6xZS1x5ZkFxAhBxZyfhWPYNSvGznqrxxj7L5FVUHP,0x0000000000000000000000000000000000000000000000000000000000000000,4060,0,0,8094,1000059787,1999881931,0.0000040472387
2E8sCjTDBAJoPDBo2FEq81aGLvm5uDkpTf12tYLUddgD,0x0000000000000000000000000000000000000000000000000000000000000000,0,4668,2327,0,1000051354,1999898724,0.0000023268806
7PrMDHinBwNcD8VA4PWP2NaXd8cu6ZXEtgyQPP1sv3Wb,0x0000000000000000000000000000000000000000000000000000000000000000,4275,0,0,8523,1000051747,1999897873,0.0000042617175
E3Sbv1j47uf1C7SUvGJmzetnz4R6Lryc47BPmRYiPu26,0x0000000000000000000000000000000000000000000000000000000000000000,1671,0,0,3331,1000069003,1999863599,0.0000016656136
2JAFVARiZhQbhP6X4TCskRfsx9tEBUdSpkQ212voaJkc,0x0000000000000000000000000000000000000000000000000000000000000000,0,2779,1385,0,1000065246,1999871088,0.0000013849096
74PitsUSq32zQG42pDbA8NCjzcaCHwF9bY2FGemUhSxH,0x0000000000000000000000000000000000000000000000000000000000000000,4933,0,0,9835,1000053681,1999894056,0.0000049177606
445tUYrQoFJ4xza1NTiRkxcg6A967onjgfB5kLNEdPbm,0x0000000000000000000000000000000000000000000000000000000000000000,0,1707,851,0,1000052045,1999897220,0.0000008509557
DKjhvvxe4o3GnfpmivNz6XnQeonE3AsZBrTe1kE5kaKo,0x0000000000000000000000000000000000000000000000000000000000000000,3757,0,0,7490,1000057233,1999887004,0.0000037452116
5APhptW5D6QoaPWW1kAgMoLVA8zhKdbJ7PmCBayGWR17,0x0000000000000000000000000000000000000000000000000000000000000000,4024,0,0,8022,1000064236,1999873084,0.0000040112545
4dgBFmWcUXN3kgBCWMuGPv4uxEgcJvuhgqUqyRHSq595,0x0000000000000000000000000000000000000000000000000000000000000000,0,1774,884,0,1000058903,1999883705,0.00000088394796
Cann4D5az4WdJW9jzQNNgMdfEUJb2Ln32vAnaQKyUDYS,0x0000000000000000000000000000000000000000000000000000000000000000,2121,0,0,4228,1000060212,1999881106,0.0000021141257
2t7KzNB83pxrg7oQvRAGmdZd56uqFbxRNhHtPNM5Vst3,0x0000000000000000000000000000000000000000000000000000000000000000,0,1124,560,0,1000078712,1999844252,0.00000055995594
8Ry9tQ5wq95WLjHt2tRQUfR6sU6ewcxbnD7zu9ncuWAM,0x0000000000000000000000000000000000000000000000000000000000000000,2395,0,0,4775,1000066631,1999868309,0.0000023876573
GMtYMckUbpAXgp41UMXA1AMMt6cgPXRFm5jLi2qva4v7,0x0000000000000000000000000000000000000000000000000000000000000000,0,3872,1930,0,1000048748,1999903891,0.000001929906
DdNLmUYgr73ZitRQTCyJcm43VyaTDini2oMXPwfNgLfK,0x0000000000000000000000000000000000000000000000000000000000000000,2096,0,0,4178,1000071099,1999859421,0.0000020891468
5QLHNcvPkDs1MgNNrjQ5Z7iSZyxzLLnjMV3DrqUYvr93,0x0000000000000000000000000000000000000000000000000000000000000000,1932,0,0,3851,1000079272,1999843128,0.000001925651
8op34jcrseEkia2bENJrdhjoNMNJYhySnC8MEjwktjae,0x0000000000000000000000000000000000000000000000000000000000000000,4454,0,0,8879,1000090113,1999821553,0.000004439896
6KS2EeszATfycwXhS6Mwy36sUYgUxjWo2KmyBs4RFiS7,0x0000000000000000000000000000000000000000000000000000000000000000,2086,0,0,4158,1000067332,1999866930,0.0000020791383
HDif8vpXzfcP4f3MPvpBoPZJtTPSMDJf7dgHQQoiLMeg,0x0000000000000000000000000000000000000000000000000000000000000000,2018,0,0,4023,1000073117,1999855398,0.0000020116454
8a4pdDieish2FNz74tA4sEPR9BkAyTHGoPTp5GzfgLok,0x0000000000000000000000000000000000000000000000000000000000000000,2122,0,0,4230,1000053476,1999894494,0.0000021151116
5cirdgnDRf8ZM1KLj7mRM2njQD7TZKRHvTYT5XyzRs63,0x0000000000000000000000000000000000000000000000000000000000000000,2471,0,0,4926,1000086181,1999829384,0.0000024632102
EgVWhycxqbAtd5kZy9PT6G4xhBStHhsqGVc37D84uu45,0x0000000000000000000000000000000000000000000000000000000000000000,0,3381,1685,0,1000079031,1999843638,0.0000016848668
3bQmPxQXeoM2UYA5535oaoGaLhWSry7aiBtXjHc1NRBW,0x0000000000000000000000000000000000000000000000000000000000000000,2004,0,0,3995,1000080716,1999840257,0.0000019976596
6sKMWQHXo3CJUdYvzsSddZ2oViZBASfRZMSakcC8zULM,0x0000000000000000000000000000000000000000000000000000000000000000,0,1048,522,0,1000085659,1999830432,0.0000005219553
EjKC4de23vSv5aSEZybUTKNYM6a73XNRyj8YDmse7nhZ,0x0000000000000000000000000000000000000000000000000000000000000000,4679,0,0,9328,1000083710,1999834310,0.0000046643863
9b7UySLZr4Rscgz5VU9rqAAWZxAjp5oruY3unia5rHUX,0x0000000000000000000000000000000000000000000000000000000000000000,4223,0,0,8419,1000077340,1999846979,0.000004209822
EGdFoMmVS5T2VXmpntvNKFRFNd3f8x76fzvbVyyAr5wn,0x0000000000000000000000000000000000000000000000000000000000000000,4622,0,0,9214,1000111565,1999778803,0.0000046075097
3hJ3wnDKfiHBXQ9btbg4uyxtU2RsA9qas5y1YAQPZ343,0x0000000000000000000000000000000000000000000000000000000000000000,4970,0,0,9908,1000098000,1999805845,0.000004954481
ByP1RefFQimzv78a8xBPbfuVNG8KiLuayzaXcgCET28C,0x0000000000000000000000000000000000000000000000000000000000000000,0,2445,1219,0,1000093030,1999815753,0.0000012188866
EUU9q4Q2AKCNXX12zjBF1syARgGMxKgKv4WQ8Wq6Mg3y,0x0000000000000000000000000000000000000000000000000000000000000000,3383,0,0,6744,1000101383,1999799101,0.0000033723388
H6rHe5MHBPK2sSpVoEpJRfgReFtasnddCGKz23PWqVBb,0x0000000000000000000000000000000000000000000000000000000000000000,4136,0,0,8245,1000094249,1999813308,0.000004122885
2bMVgpZkYKvThzYjUSC858KgYXPXxtjwmKhnX75reJSx,0x0000000000000000000000000000000000000000000000000000000000000000,1708,0,0,3405,1000103091,1999795696,0.0000017026739
BAAC8P6cCnujscsRLs2uUkkhkUqQ2Yf7Sd9LTbFPn41J,0x0000000000000000000000000000000000000000000000000000000000000000,4971,0,0,9909,1000116536,1999768894,0.0000049550727
9gMDtoNZFgNmgBd3rXG9kZ2ea649Tpe5hQxxbNPaocs1,0x0000000000000000000000000000000000000000000000000000000000000000,0,4491,2239,0,1000116612,1999768770,0.000002238739
AAZsABYKXtfejaxCfiZYWUt8FvdjWLM7KDdD3GrGuSBd,0x0000000000000000000000000000000000000000000000000000000000000000,2315,0,0,4615,1000118851,1999764279,0.000002307772
9UzkftMYaZqECfNp1P9C6nFDXKD4NPmBeQUHzM4dJypR,0x0000000000000000000000000000000000000000000000000000000000000000,2641,0,0,5265,1000106943,1999788017,0.0000026327791
H8MCSGuYUZLp5trXNLwAvUvgrns4fRr1A3W6ki3JKhhb,0x0000000000000000000000000000000000000000000000000000000000000000,3960,0,0,7894,1000120572,1999760876,0.000003947472
3rLNuS3ggjYgaZsifEd6eBFdH3d7bKju2YeNNsJQ9M1t,0x0000000000000000000000000000000000000000000000000000000000000000,1211,0,0,2414,1000104302,1999793282,0.0000012071248
HBtmqDMkr3tSu2sAYqHY5g5ur6apALGF1hbLTpx8fdMM,0x0000000000000000000000000000000000000000000000000000000000000000,0,1004,500,0,1000119229,1999763571,0.00000049994037
1QzaJG1sY4RAb7jHx8PMqW3noHTWDAjYBCjsmZJPTsn,0x0000000000000000000000000000000000000000000000000000000000000000,0,1691,843,0,1000119729,1999762567,0.00000084289906
5KZQ6atninek32im21HPCyYexaHNrLUDVuBKffMS9xEd,0x0000000000000000000000000000000000000000000000000000000000000000,0,4711,2348,0,1000116881,1999768282,0.0000023477257
J9pTdnj4CMjSxPa3DG4ar8nMTAXwoxPCCpLSkrop3ymD,0x0000000000000000000000000000000000000000000000000000000000000000,0,4551,2269,0,1000108798,1999784497,0.0000022687532
4AoythExoH88LJxkfHqXS4JA1b5g4eDpwtMXbMs7zBjF,0x0000000000000000000000000000000000000000000000000000000000000000,0,4568,2277,0,1000114604,1999772850,0.000002276739
2muS1vxkLz2JRoW3wHF4r3vZYXgzPu9B3j1qFAdCb29v,0x0000000000000000000000000000000000000000000000000000000000000000,0,1759,877,0,1000113727,1999774609,0.0000008769003
Hu6ho86ZkD2hJmyuzJnvfbSCiQpLyEKqkhy4CvX6U7eh,0x0000000000000000000000000000000000000000000000000000000000000000,0,4229,2108,0,1000111067,1999779946,0.000002107766
Ez6sZ4d28ZRAAYrwqGG1oswjU2G2jZhFc1B3gMzg7hnf,0x0000000000000000000000000000000000000000000000000000000000000000,0,1108,552,0,1000113175,1999775717,0.00000055193755
HjrsXS41Wqz2UbMaC62wiWbw4Rzd49hL4bSK98HcJGwM,0x0000000000000000000000000000000000000000000000000000000000000000,0,1631,813,0,1000107985,1999786128,0.0000008129122
FFGuQWNJTtEQ2LUnoBZY2kHP82dHrEdQPSTyiQRsS9Pt,0x0000000000000000000000000000000000000000000000000000000000000000,0,3313,1651,0,1000106334,1999789441,0.0000016508245
9eWLekVsCyQSpPBZS7RCnGsF4rF2KqvZoBF8HAGD9ds2,0x0000000000000000000000000000000000000000000000000000000000000000,4222,0,0,8416,1000110556,1999781025,0.0000042084607
8DiEDZKv2TdsNkbhquqLXrCBmfwyfa8LSBrWg2fUQ472,0x0000000000000000000000000000000000000000000000000000000000000000,2248,0,0,4481,1000148015,1999707995,0.0000022408271
rHyQJRhTQQ56bFX6BeEPkAZf6a32g3jfFLT8XKAVMUc,0x0000000000000000000000000000000000000000000000000000000000000000,0,3069,1530,0,1000150016,1999703954,0.0000015297705
73RJrX7VEZG15jXzgdrfbChV16yJTTm3GWFPR6UaLbcP,0x0000000000000000000000000000000000000000000000000000000000000000,0,4705,2346,0,1000145767,1999712476,0.000002345658
q53ftE7nr1rUcVoD9hn5r89GPeSkyXNJ3NMgdzmj8om,0x0000000000000000000000000000000000000000000000000000000000000000,0,1289,642,0,1000147373,1999709284,0.0000006419054
D331wiTLev2dkLRcoAnRqw1LvCs6zzRzHUt4po1WST7D,0x0000000000000000000000000000000000000000000000000000000000000000,0,3817,1903,0,1000148113,1999707771,0.0000019027182
HZvrR39QaAtbzqiwh6LwUitmGNzcZWsyZBzdxamxYtPb,0x0000000000000000000000000000000000000000000000000000000000000000,2177,0,0,4339,1000151546,1999700885,0.0000021698245
FKqbnQbTS6Ko3XGhnZjSCRRHmAqKcMWNnjKawAsJmwcL,0x0000000000000000000000000000000000000000000000000000000000000000,1370,0,0,2731,1000114553,1999773070,0.000001365655
HmtGS3sssno6Web3cREb2jhBSd35QuzNC2k1s7SZ2iFi,0x0000000000000000000000000000000000000000000000000000000000000000,3692,0,0,7360,1000113183,1999775801,0.0000036804126
DV4R6AgWtZQthUpZtsieAhVMxbJk5MAuMriPyFcwwscy,0x0000000000000000000000000000000000000000000000000000000000000000,0,2136,1065,0,1000109491,1999783161,0.0000010648833
28sLBTxUZ4xvVXB3Hdd8sxvD8YAfcMGCt3omWij2NkQf,0x0000000000000000000000000000000000000000000000000000000000000000,0,2778,1385,0,1000113168,1999775848,0.0000013848434
HdpsrP1GdQJcPa4tMXojzJ2mwoUjjRRM71LTRVfk6Vt,0x0000000000000000000000000000000000000000000000000000000000000000,2085,0,0,4156,1000107713,1999786819,0.0000020782215
BpbTEHUZ3XjCQ38K5dBVVc7jNBmyTHK8sGyFiM6xBQzH,0x0000000000000000000000000000000000000000000000000000000000000000,0,1858,926,0,1000111369,1999779458,0.00000092589687
FZSt4ukS6Wv9TFTCqASmiGxfHfMo6q1DKXaecadQy2UE,0x0000000000000000000000000000000000000000000000000000000000000000,0,3071,1531,0,1000109838,1999782529,0.0000015308319
9ubHAjofHT8uWHmw94m4L1DFgPQFLrwUsvtxrVxHWgQt,0x0000000000000000000000000000000000000000000000000000000000000000,0,1854,924,0,1000108914,1999784383,0.00000092389934
992hPfpd1vWDJZw3jE7z3x8gaqBWFMEVPGPY2hoA5V64,0x0000000000000000000000000000000000000000000000000000000000000000,0,2126,1060,0,1000107854,1999786509,0.0000010598857
DfC2mEf2gS6NggVZfB8rXe8bisBb3JQAeGuR8XF74tie,0x0000000000000000000000000000000000000000000000000000000000000000,0,4466,2226,0,1000105628,1999790975,0.000002225765
3mNazCr4KUWKPjgx4DUgE2AfXCghdNq9hSZzeG38jDH9,0x0000000000000000000000000000000000000000000000000000000000000000,0,1752,873,0,1000112295,1999777600,0.000000872902
GRXvvQcwfvnt4seMecPjMGVXukFBQ8bfPpKN9hYPMmRa,0x0000000000000000000000000000000000000000000000000000000000000000,0,2996,1493,0,1000105676,1999790907,0.0000014928422
6aj2UJai8dVcmTkYCznsULLyff8DNbNBqwAcJrAsJjn5,0x0000000000000000000000000000000000000000000000000000000000000000,0,4541,2264,0,1000103412,1999795448,0.000002263766
GQdyZLfD8x4Dh8VfvKR9gBLe1bo2xANtGdmbJWLq3PDU,0x0000000000000000000000000000000000000000000000000000000000000000,0,1092,544,0,1000107169,1999787911,0.00000054394167
ChUjij7dg9VSFp5Mm5k4i7qX57WJGG7nA1TWWceig9B7,0x0000000000000000000000000000000000000000000000000000000000000000,1060,0,0,2113,1000104472,1999793335,0.0000010566092
GVuSyp65WBW4oJL261xV72YVxecFRx1RvZHb52Ap2Cu3,0x0000000000000000000000000000000000000000000000000000000000000000,0,4223,2105,0,1000103024,1999796299,0.000002104783
6SRBto7UEicizTdPLcyVsdkA721yNkwTAaJyUi8xEPJ2,0x0000000000000000000000000000000000000000000000000000000000000000,3802,0,0,7579,1000103621,1999795150,0.000003789888
BYeJxV3Jrd72naJUdpJwNzNwLSEDALBYu9GxYvndgFdF,0x0000000000000000000000000000000000000000000000000000000000000000,0,2891,1441,0,1000101583,1999799190,0.0000014408537
9bYqXZfjbz1JVGJi5rXacYLiHhxsv2oXqPuw6swhRN2U,0x0000000000000000000000000000000000000000000000000000000000000000,0,3539,1764,0,1000099819,1999802729,0.0000017638239
F5DpxGw3A1gFL7hQHyFJyJg6D4RoFFSsqU3ddDywyHBX,0x0000000000000000000000000000000000000000000000000000000000000000,0,3767,1878,0,1000151044,1999701990,0.0000018777164
H8RhBeAuTNq6CVmAaM8oPRX89HXBLoh3asvm6YT2ongf,0x0000000000000000000000000000000000000000000000000000000000000000,0,1956,975,0,1000147523,1999709054,0.0000009748562
CG5jReHUuCMqQQNLjGMxpETzpupJAzefSF4EDuaMncnY,0x0000000000000000000000000000000000000000000000000000000000000000,2899,0,0,5778,1000150422,1999703276,0.0000028894287
G8GNu9s8pZsyswG4zhWnDV7veEzF9Wsv6RtBh78mpAWF,0x0000000000000000000000000000000000000000000000000000000000000000,0,4674,2330,0,1000148092,1999707950,0.000002329655
6G3qTn1pGQeFXgbhdtbfte753uoXC5faQK2Qc4RgkQJy,0x0000000000000000000000000000000000000000000000000000000000000000,4206,0,0,8384,1000154269,1999695637,0.0000041926382
HirLqh5HBbhWYG6ybqJPJapHu2aCHaWAM7xB7UpdunJU,0x0000000000000000000000000000000000000000000000000000000000000000,0,3464,1727,0,1000155558,1999693089,0.0000017267314
EJhXTgFNVbssmLvbj3eMF84C9SvJLLokxP21FKpW85nN,0x0000000000000000000000000000000000000000000000000000000000000000,0,2788,1390,0,1000148498,1999707098,0.0000013897936
ABK1hJuGUyeWydfCTJb5JjDAYfvBjFbjgPcn5du2ii48,0x0000000000000000000000000000000000000000000000000000000000000000,0,2320,1156,0,1000149888,1999704310,0.0000011558268
A1zrpJ6Kba796GTSM8dJUHPw3jPqJETcV4WMf8kVUM77,0x0000000000000000000000000000000000000000000000000000000000000000,0,3868,1928,0,1000153630,1999696957,0.0000019277038
3RwrsLHrCw1UFpcGr5AsA4ZXiwKzyfawm49RQZ5Y12LU,0x0000000000000000000000000000000000000000000000000000000000000000,3016,0,0,6012,1000157285,1999689625,0.0000030064666
FsPfC9YbC8DFrZyLVF136H8WPgHzvQBdvRmVSNRnvRP,0x0000000000000000000000000000000000000000000000000000000000000000,0,2973,1482,0,1000150018,1999704202,0.0000014817778
C4kPPwnuvkFa3n5ioavedXPeKNZbEFou3YmdbVpJa7kV,0x0000000000000000000000000000000000000000000000000000000000000000,1971,0,0,3929,1000150063,1999704021,0.0000019647907
2YZMr5UF1TKprABVpwQr1LW7w2RCLgJk1mukqCM2672z,0x0000000000000000000000000000000000000000000000000000000000000000,0,4272,2130,0,1000151500,1999701229,0.0000021296773
A3sCdNxNMgGDWx4qU47cKbJKSkvaM67LuWLu2rdrp891,0x0000000000000000000000000000000000000000000000000000000000000000,0,2842,1417,0,1000148601,1999707044,0.0000014167895
8npP7sjHCkJz7dPbq2vEKmZso6vCWEnXNPRQQk1ANxkT,0x0000000000000000000000000000000000000000000000000000000000000000,2075,0,0,4136,1000150333,1999703627,0.0000020683065
BYsssYw3dvjMcWJLJ179NZK7DXtGGLazou5VRb1jW8ZW,0x0000000000000000000000000000000000000000000000000000000000000000,0,2243,1118,0,1000148258,1999707763,0.0000011178342
EqMkx44ULrekeoxV3Hq98SEnzs17G4zYBrHeY4ZX8Xka,0x0000000000000000000000000000000000000000000000000000000000000000,4833,0,0,9633,1000159555,1999685246,0.0000048172583
7wucuL8JGBZ5UaruZVsNp6M6hrqjcmFD9FmbiF91xqif,0x0000000000000000000000000000000000000000000000000000000000000000,2304,0,0,4592,1000149376,1999705520,0.0000022963382
85yx6BZZZ1CvnSeyGckbaqFbmbvHf6mAUk87qLH15C2J,0x0000000000000000000000000000000000000000000000000000000000000000,2917,0,0,5814,1000154722,1999694879,0.0000029074436
2YhSMnzg2pgGzrrCFvNHKYZuU1H7SfoV157BcnY2MoF9,0x0000000000000000000000000000000000000000000000000000000000000000,1472,0,0,2934,1000151805,1999700693,0.0000014672196
VnMaqbYvS7smiJiFSK2ZVagH8qWoSN2Bs4XdzsTiWZK,0x0000000000000000000000000000000000000000000000000000000000000000,0,3068,1529,0,1000147072,1999710112,0.0000015287752
BtjtzrHX7DVoqMVnZJ8dczyeRxLbHxB5EJPxv9oUaM1e,0x0000000000000000000000000000000000000000000000000000000000000000,1247,0,0,2485,1000157626,1999689133,0.0000012426932
7Gapo681BWAwosokgAZJCSeddUUeWS5hMiaCFz6Ytf2L,0x0000000000000000000000000000000000000000000000000000000000000000,4019,0,0,8011,1000161645,1999681122,0.0000040061386
5c88rJ6jcv388bah9p6AAfxH8odnUXzuqjW7fi9RFHF6,0x0000000000000000000000000000000000000000000000000000000000000000,0,1014,505,0,1000159050,1999686260,0.0000005049197
6urMhD1SucrNaJLcjVbBaBGwsfw5zuRSx8wGuZekbogf,0x0000000000000000000000000000000000000000000000000000000000000000,0,4003,1996,0,1000157054,1999690263,0.0000019956865
87rehYf1Ypf5JHn9GwWL71UeBtSXssrpxLy7buZFF4BD,0x0000000000000000000000000000000000000000000000000000000000000000,0,1355,675,0,1000156379,1999691618,0.00000067489447
DyD8S2MXLj2VgX66TSpD3E4JCytbz1FwLa8LyuznvL6t,0x0000000000000000000000000000000000000000000000000000000000000000,0,3556,1773,0,1000101848,1999798706,0.0000017728195
EiyPvjgwVjfXVbmWX9MUVnPpRxvuhXnpnE1yyAWWzGQ6,0x0000000000000000000000000000000000000000000000000000000000000000,0,2067,1030,0,1000105654,1999791133,0.0000010298912
HxBFVHMHSdWp8bFUkncvWgSRrasCn8G587Barwk1cunq,0x0000000000000000000000000000000000000000000000000000000000000000,4836,0,0,9640,1000106684,1999789066,0.0000048205084
xyaCn7upw6WEotWQ8hxcHiB5dwYU7qDeQG5c6gLRu3X,0x0000000000000000000000000000000000000000000000000000000000000000,3160,0,0,6299,1000106706,1999789063,0.0000031498323
5ejbAoPHinPDJLiXK7dP4aAmK86f7mPSfRhdcADhumcR,0x0000000000000000000000000000000000000000000000000000000000000000,0,4229,2108,0,1000103546,1999795362,0.0000021077817
6WUvySCb33yH98weGrH4Gi21maLYxBSr89oCDvwp9qUd,0x0000000000000000000000000000000000000000000000000000000000000000,0,3523,1756,0,1000104950,1999792586,0.0000017558157
DVc8hvFNiwTQbFetrt4VmDSwZk7F6hS8VnGGCsiQ2cjF,0x0000000000000000000000000000000000000000000000000000000000000000,2518,0,0,5019,1000107468,1999787567,0.0000025097665
6GbU8g2rhSc1bvADSCR2s1jKYtTBH2n46MuvTyA9YR9c,0x0000000000000000000000000000000000000000000000000000000000000000,1710,0,0,3409,1000109178,1999784158,0.000001704684
6QEUNTtrvyUeVVjtncic6YxGrJnZyzppLHV5nTeHwHMt,0x0000000000000000000000000000000000000000000000000000000000000000,2556,0,0,5094,1000169348,1999665955,0.0000025474255
DyQ6y5MUH9RArZNoM9WRmTyaQkCPix576S3m78Bh6Kfi,0x0000000000000000000000000000000000000000000000000000000000000000,2575,0,0,5132,1000171923,1999660823,0.0000025664353
5uNmQjzcyAEnvPbXpdvBvGP6fkpxPsWtfEjM48jrUkTX,0x0000000000000000000000000000000000000000000000000000000000000000,4023,0,0,8020,1000110293,1999782002,0.000004010437
HfodekDz5yNFzYVaMNhYp8aRCt85L7PfRhAJv2YcCUh2,0x0000000000000000000000000000000000000000000000000000000000000000,0,3736,1863,0,1000170060,1999664559,0.0000018626832
HNHb6shiwSJTNd5EnFqD4WmKZBcgvHK49FwdB5WWuHYM,0x0000000000000000000000000000000000000000000000000000000000000000,0,1451,723,0,1000169337,1999666010,0.0000007228776
5jyivWK4C43Pmd6AYQ9kiCBTgnzqTQLUDTvQioeeHhDn,0x0000000000000000000000000000000000000000000000000000000000000000,4623,0,0,9215,1000169219,1999666306,0.0000046082687
DGNPok1qC8FN5wABRupi6QzKdzjDKk7FaqFjRsoBLvAw,0x0000000000000000000000000000000000000000000000000000000000000000,0,4576,2281,0,1000164596,1999675521,0.0000022806246
4o9otgqiSx15mYbXzzWAfF9DexfjtJ7mLWAmoEWwkc2R,0x0000000000000000000000000000000000000000000000000000000000000000,0,4935,2460,0,1000166877,1999670945,0.0000024595897
CBZ3qcVNtQBWyEaySHmYe6a73Ad4dWgwbMaKfVxAt7yn,0x0000000000000000000000000000000000000000000000000000000000000000,1254,0,0,2499,1000170473,1999663807,0.0000012497101
5jWjgBLaSDvGKnkk2SeGbitEmFMApZYViwU9LoVVVw1E,0x0000000000000000000000000000000000000000000000000000000000000000,0,3417,1703,0,1000103785,1999795058,0.0000017028233
d5Jnv3LrAS2MrQaJpiiNk7tHPVrJLkYGfZACCjqCJkL,0x0000000000000000000000000000000000000000000000000000000000000000,0,2311,1152,0,1000109141,1999784313,0.0000011518744
5QbSpsH2fVGA9LzvoiBNYQG2ZXnB3uGF2o6mJvGupXY2,0x0000000000000000000000000000000000000000000000000000000000000000,0,2666,1329,0,1000105488,1999791641,0.0000013288599
AvgkrHw2166yRktpAXz5RLwP1b2a6SSqgzuw2fkUM9XB,0x0000000000000000000000000000000000000000000000000000000000000000,0,1302,649,0,1000106817,1999788975,0.00000064893067
7B65CfoBY36Y49TVNMNCuSBNC5QJB41mVshBwb7MvYhJ,0x0000000000000000000000000000000000000000000000000000000000000000,0,3360,1675,0,1000107466,1999787673,0.00000167482
468FRDJPQH9wjgDbjzUBsjBAV2p8cuvSzHNSPMUD5jVN,0x0000000000000000000000000000000000000000000000000000000000000000,0,4756,2371,0,1000103629,1999795408,0.0000023707544
GVsE8SAFcBQj16JhwV4hmAxAKVagnwrfZRWtJn8V6tmc,0x0000000000000000000000000000000000000000000000000000000000000000,0,1421,708,0,1000103077,1999796479,0.00000070792703
7QKo6ahT6hvdqtzcLSfJECHrYHqCZ3V3hiXAiivozisX,0x0000000000000000000000000000000000000000000000000000000000000000,2923,0,0,5827,1000106000,1999790652,0.000002913805
31K1nXU8Y4nd4Lb1EoDaYapyD1mD8yUkatShBg41egut,0x0000000000000000000000000000000000000000000000000000000000000000,0,2191,1092,0,1000102537,1999797599,0.0000010918881
DmJVKvrjD7s4vYWwH7D2Ez8ftjadE4HxKk8iV23DhzgY,0x0000000000000000000000000000000000000000000000000000000000000000,3733,0,0,7442,1000106270,1999790157,0.0000037213904
C1UsSUpR8zVQ3epUMfEZhgNvTCCBGVFSNYQJmecaAwHC,0x0000000000000000000000000000000000000000000000000000000000000000,4047,0,0,8067,1000110317,1999782090,0.0000040339396
BZN9VkrE26dKcCsMTjL6hiFehu1pF5MRSxvscGC2V3ET,0x0000000000000000000000000000000000000000000000000000000000000000,1177,0,0,2346,1000111494,1999779744,0.0000011731292
GxacBHYRbYpcFXWDbeMsHks3TMqgKR6tHuvHbZD3fyZG,0x0000000000000000000000000000000000000000000000000000000000000000,0,4467,2227,0,1000111410,1999779972,0.0000022267518
Cj5dSVdyH1CtmT3z4jYAYhnVQTGNAJnJWSkoUT4qkMHn,0x0000000000000000000000000000000000000000000000000000000000000000,0,1670,832,0,1000177820,1999649215,0.0000008318521
vb2BwW9oDJLch3evg7RtDDMCnRRU5aPfhvFzvfPkh6d,0x0000000000000000000000000000000000000000000000000000000000000000,4458,0,0,8886,1000182278,1999640329,0.0000044437993
GVvmjtfiGcMyeKcT6EHVw2aVi38HPSeRwWbicZGMNr7L,0x0000000000000000000000000000000000000000000000000000000000000000,0,3854,1921,0,1000180357,1999644183,0.0000019206536
Cn5LLedFdpuEuVqE6i6i1dTq7T7vS9LqnBzoHFGj2Zsn,0x0000000000000000000000000000000000000000000000000000000000000000,3802,0,0,7578,1000184159,1999636605,0.0000037896887
zxyEVnuJKePwLW5SbDqtLcq4F79SAYS1FuYCJJvZMrx,0x0000000000000000000000000000000000000000000000000000000000000000,2745,0,0,5471,1000183953,1999637053,0.0000027359965
A4wroWciC7T85B9aSHRqMm3LMhNtp9ee9D4UStyLhKy9,0x0000000000000000000000000000000000000000000000000000000000000000,0,3049,1520,0,1000181208,1999642524,0.0000015197246
6bvutUXQeaK2NeBXxhJmgciyMdMAqQzhKVrducsAdW5e,0x0000000000000000000000000000000000000000000000000000000000000000,0,2870,1431,0,1000182728,1999639475,0.0000014307386
GABz4xtJQqErFiCffp7vENAt8WK4569GKoFcfJkMkMJc,0x0000000000000000000000000000000000000000000000000000000000000000,0,3015,1503,0,1000182450,1999640068,0.0000015027258
DHUMMzZL5rGd7BwnjWT7kuJGjDGtmjQbLCK7mNQmCzkN,0x0000000000000000000000000000000000000000000000000000000000000000,3298,0,0,6573,1000185748,1999633495,0.0000032871023
DVA79HhctNf77xPmtbg2qVkuDN7F7BFy35BTcoYti4oY,0x0000000000000000000000000000000000000000000000000000000000000000,0,3775,1882,0,1000111785,1999779254,0.0000018817896
GVQpTRof1hiwjRcjvj8tcS4CvPVuB7T7A7eTx7ERkuyG,0x0000000000000000000000000000000000000000000000000000000000000000,1567,0,0,3123,1000113352,1999776131,0.0000015616748
GFV2JCHHa3FftHon9Xe4SAJ1LJ63ZjYhbCDaVXfen1h6,0x0000000000000000000000000000000000000000000000000000000000000000,2759,0,0,5500,1000114169,1999774472,0.0000027503102
6mw5w5fsZA56DsCUPoVRAdXhvP516dTX7fYjniaw2zF7,0x0000000000000000000000000000000000000000000000000000000000000000,0,1007,502,0,1000113667,1999775479,0.00000050194296
FGeCdWCDnJBp71tQoDvpS6eZwe66qmgtUMxruBnnsfi2,0x0000000000000000000000000000000000000000000000000000000000000000,1060,0,0,2113,1000114412,1999774018,0.0000010566193
9thhbHUetkDtsPweP1Dk7MykoZGZuvhZGGyeTiZSRC8f,0x0000000000000000000000000000000000000000000000000000000000000000,4785,0,0,9539,1000119197,1999764479,0.000004770062
2E4APHmZNyDMQQM2JCQ1HS7PLkifXpjQ7tnagWYWRwye,0x0000000000000000000000000000000000000000000000000000000000000000,0,2551,1271,0,1000117926,1999767030,0.0000012708501
F4uKsipYKzeheGQntYVqyovnLyMZbFke4kaUoJAgDmwq,0x0000000000000000000000000000000000000000000000000000000000000000,3596,0,0,7168,1000121522,1999759862,0.0000035844303
3bFhnUJTgo86P2J9ZzJ9qT64jv7GxLMdxnLxHXF2QMCy,0x0000000000000000000000000000000000000000000000000000000000000000,0,2942,1466,0,1000118077,1999766773,0.0000014658269
8t4Nof8ByXXdNZWyWFcmEobBs1tz56jBJmJajy7Z65ze,0x0000000000000000000000000000000000000000000000000000000000000000,0,3969,1979,0,1000119543,1999763831,0.0000019787635
7JfCRfCz7xt41atyGhTcznNy3KM6fd3fzBWiyJ1jpQCb,0x0000000000000000000000000000000000000000000000000000000000000000,0,1174,585,0,1000120705,1999761600,0.0000005849294
H1TTzZxXB9J3ZJbrNuYbxzczyZBzmGGBq3Z2NXhGssY3,0x0000000000000000000000000000000000000000000000000000000000000000,2979,0,0,5938,1000121824,1999759393,0.0000029693572
DLFWcWhooNLnR9EWaahvGR4RNxCH1buDzZ4FwZMcQ4ND,0x0000000000000000000000000000000000000000000000000000000000000000,0,3048,1519,0,1000120305,1999762441,0.0000015188173
rLUixpovmhetZTM7zPC6FmYiRTceCRdYnXBKnfAf2XS,0x0000000000000000000000000000000000000000000000000000000000000000,0,3731,1860,0,1000118845,1999765331,0.000001859779
G3R8QShNTEFrh4SbUNy9GtD4TNHyPfjNwsDkZj94jHq5,0x0000000000000000000000000000000000000000000000000000000000000000,0,4287,2137,0,1000196129,1999612920,0.0000021365809
BwRPQN2mDBLg7JJRthLCmMkrJyqxHhQ8shuqxrdFTNBy,0x0000000000000000000000000000000000000000000000000000000000000000,0,4582,2285,0,1000193844,1999617502,0.000002284557
gjLwYKUudVmwgWJ8D513jZMszZ6jbLbgb8ZyuV6c47h,0x0000000000000000000000000000000000000000000000000000000000000000,2237,0,0,4458,1000198266,1999608633,0.0000022294364
4DxweyDyMgWYbiA6xULh4HyJ2PS8EEMQaYhyUrD4jBhy,0x0000000000000000000000000000000000000000000000000000000000000000,0,1891,943,0,1000192901,1999619393,0.00000094281813
43yBL5pqhX6yjef9EYnesZJZvqqa44rzMa6LUp96hBov,0x0000000000000000000000000000000000000000000000000000000000000000,4422,0,0,8815,1000126835,1999749444,0.000004408052
BQryF8ZfsgnNLoQGqVUR4oa76ewPaKimTJv92o91Dfrn,0x0000000000000000000000000000000000000000000000000000000000000000,3584,0,0,7144,1000123889,1999755297,0.0000035724372
BWc8D5GQaPegvVoipLwQAo59BSavJopPde5cf69qpUcG,0x0000000000000000000000000000000000000000000000000000000000000000,0,2962,1476,0,1000122413,1999758259,0.0000014758193
GDWV7b39M75CxH22ELdwZUevD94Y9LABfac5EQJPSwLE,0x0000000000000000000000000000000000000000000000000000000000000000,0,1586,790,0,1000126045,1999751030,0.00000078990047
9L7x2jgh3Ht5N82ktqjeWJLyp18Tjapobo9UdRcuc347,0x0000000000000000000000000000000000000000000000000000000000000000,1359,0,0,2709,1000126493,1999750149,0.0000013546693
D9nn2q9hQXJ1ELLWsBRAcXwQtsJ1ebg51qFubHtMsVxV,0x0000000000000000000000000000000000000000000000000000000000000000,0,1828,911,0,1000125134,1999752858,0.00000091088606
BNG2oVuJzBcbSoNM77xUnwXhwCzL2xLHHD6FGD9vh4xe,0x0000000000000000000000000000000000000000000000000000000000000000,1741,0,0,3470,1000128234,1999746679,0.0000017352198
2pmn9J9LKA5u2wXQp5dDY4o9npGsfyngj5XJF3o45Aqy,0x0000000000000000000000000000000000000000000000000000000000000000,0,1641,818,0,1000194285,1999616825,0.0000008178411
6KaavXBYPgZhC3Zyf7NuvrfA2jVvEhz6Mmy2r144c9hr,0x0000000000000000000000000000000000000000000000000000000000000000,0,1975,984,0,1000193308,1999618802,0.0000009838099
J7X2a6gDewFVeZW1Eep217izB5pRhpXWnwYCe9kyJRZm,0x0000000000000000000000000000000000000000000000000000000000000000,1257,0,0,2505,1000195542,1999614320,0.0000012527415
AnX9nxRWJhqXDsWiUuLGLqbXQXuLRMN3q7z5n7UzGzCy,0x0000000000000000000000000000000000000000000000000000000000000000,0,2507,1250,0,1000194292,1999616827,0.0000012497571
BnB546YcWadCFKEgspiwsYih3sMwFwmZY4Ee7MdeEq2o,0x0000000000000000000000000000000000000000000000000000000000000000,0,2838,1415,0,1000129892,1999743442,0.0000014148162
5s5hXf6TJyeJzTMtq4qgKLxXgffoNzB6b2ttjSAWHBtF,0x0000000000000000000000000000000000000000000000000000000000000000,3086,0,0,6151,1000132978,1999737291,0.000003075904
FY1ukFkfx7AFdNUUEG7t6n1kygAqj7dQSuTH39ViYojP,0x0000000000000000000000000000000000000000000000000000000000000000,0,4713,2350,0,1000130628,1999742004,0.000002349693
7z9Zu3fmm3Ym6G83fbDHNEqXo1Q3GV58DwdyjmAy2FXu,0x0000000000000000000000000000000000000000000000000000000000000000,0,3812,1900,0,1000129569,1999744188,0.0000018997538
FeJXDXsAdTmp69CvfgrgPeR7CsrSSCfLQarNpzBYCfRX,0x0000000000000000000000000000000000000000000000000000000000000000,0,1272,634,0,1000129994,1999743276,0.0000006339176
HJ5RJSTnA6HPWxhGQJ4MivQx8RV8GcLo4XwjtRD7TtCr,0x0000000000000000000000000000000000000000000000000000000000000000,0,4402,2194,0,1000132326,1999738656,0.0000021937096
E31HRyMCquC8W46ZZMg1LEHcveZe4w7hCcp9dhUqbfwL,0x0000000000000000000000000000000000000000000000000000000000000000,4526,0,0,9022,1000134520,1999734254,0.0000045115994
CHW5q1jt8NQfUm2iQnB8qKhDxsHWQ392iSncFEguZd1,0x0000000000000000000000000000000000000000000000000000000000000000,3806,0,0,7587,1000133375,1999736601,0.0000037939997
Dzo5zf9pKp18G8YrcZEp2uy1xn8fPcCvJJgogWcjX5sL,0x0000000000000000000000000000000000000000000000000000000000000000,0,1720,857,0,1000131469,1999740376,0.00000085688737
DMUzaz3qKhvNL4S8Q32rpmmwM1CcnTYLLzvkD53sWRHv,0x0000000000000000000000000000000000000000000000000000000000000000,0,3848,1918,0,1000131457,1999740449,0.0000019177478
H5qnrZtGSNSnR5h2oNze1sF3BiJYX7n4mrQTg3XP3FV3,0x0000000000000000000000000000000000000000000000000000000000000000,3994,0,0,7961,1000133084,1999737236,0.000003981023
6AeTY2Gmoey4jp2umHv64jHQTsWyMpEV4Yv6wU4p1VkX,0x0000000000000000000000000000000000000000000000000000000000000000,0,4748,2367,0,1000129090,1999745197,0.0000023666944
C2VRFkYMzXzw5G1grjJYChKqAKkEfYwuHXEMhuZBtAPL,0x0000000000000000000000000000000000000000000000000000000000000000,0,1104,550,0,1000196608,1999612370,0.00000054989187
9XpKp8tNLNK4Ypr3ytjLziuW1Vciuv5eoAcsFyYrrJqq,0x0000000000000000000000000000000000000000000000000000000000000000,1715,0,0,3418,1000198323,1999608952,0.0000017093342
8rFYgNYGfQB8bDpbBEFx8ZkUoVe95t9NMjisghRCcDD2,0x0000000000000000000000000000000000000000000000000000000000000000,0,4919,2452,0,1000134842,1999733824,0.0000024516694
58y5Ct5Yu7BLtXVrKo57F8UCWQHWvnS65HYAJQ9m19Eq,0x0000000000000000000000000000000000000000000000000000000000000000,0,1386,691,0,1000141359,1999720751,0.0000006909023
G3BgT9oPg7LvgoS3WV43ys4NjiDiDEFfxDu2ByCeojmh,0x0000000000000000000000000000000000000000000000000000000000000000,0,1337,666,0,1000140693,1999722088,0.0000006659063
FECwGHDew1G3fzzUenMKBuZpo2NHmCrq4hcRLhEjRbM,0x0000000000000000000000000000000000000000000000000000000000000000,0,3931,1960,0,1000137294,1999728905,0.000001959731
AU4XkxvdazX26sMyUX8gE9hia26e7gSES9D7sfNghut7,0x0000000000000000000000000000000000000000000000000000000000000000,1909,0,0,3805,1000142050,1999719365,0.0000019027669
EuZs9JctsumnACVUJxWPa9xkMknmuj5sMoFRzhwgc6YQ,0x0000000000000000000000000000000000000000000000000000000000000000,0,2886,1439,0,1000139254,1999724974,0.0000014387996
4AkEykD9K3cMUYkyyTmBXRnu9Fj9RQnX2oMYm2Mpmthb,0x0000000000000000000000000000000000000000000000000000000000000000,0,4849,2417,0,1000132425,1999738673,0.00000241668
Ay6huNHWsxSTDvh3CMqHBxtB26raHsMHrnnJ2SvT6WRa,0x0000000000000000000000000000000000000000000000000000000000000000,4072,0,0,8117,1000136497,1999730556,0.0000040590467
31GdJjRcbHVkDgwLHs3zPAF75fW6QVPxNyJWCwPxmAUu,0x0000000000000000000000000000000000000000000000000000000000000000,2199,0,0,4383,1000138696,1999726173,0.0000021918001
sa8dmirxYE4APinSkimLZPeHRD6PFtfQUsBHCQnMLr1,0x0000000000000000000000000000000000000000000000000000000000000000,0,1230,613,0,1000138083,1999727403,0.00000061291536
CZC8Mi9HnAmViwaQSRGSrEox3cA6M7GFtzqH6dqinsdP,0x0000000000000000000000000000000000000000000000000000000000000000,1793,0,0,3574,1000137399,1999728798,0.0000017872424
HacFcfzrXNu9UsVR2xYmcZNj69kpCjYVNMtxaS2vaoFF,0x0000000000000000000000000000000000000000000000000000000000000000,0,3239,1615,0,1000136468,1999730642,0.0000016147796
CqidUQdB3Bc1NUmnitTgUJDK5LZwHuNL6gwMoRzEeme2,0x0000000000000000000000000000000000000000000000000000000000000000,0,1730,862,0,1000135606,1999732372,0.0000008618831
DSKEkdogxuwzYHYTuUZwxxASELADcLVHS1Kykm6mdCgw,0x0000000000000000000000000000000000000000000000000000000000000000,0,1318,657,0,1000136742,1999730116,0.0000006569102
HKFYyEpCzcU6zm9DZ49p1KZ7uZxByYi87QKsotmGjzNY,0x0000000000000000000000000000000000000000000000000000000000000000,0,3371,1680,0,1000135062,1999733487,0.0000016797732
CJzdhgjiLroBA2WMQUxTyNy9hDsswGdKQD9VCwwjPS7R,0x0000000000000000000000000000000000000000000000000000000000000000,1791,0,0,3570,1000142559,1999718575,0.0000017852512
2CqpR2uqdziE8QAB87F6hpANk8oDGJDxFhDQ7xcZhW1p,0x0000000000000000000000000000000000000000000000000000000000000000,1118,0,0,2228,1000140768,1999722145,0.0000011141548
DvUFZX5Egsdcjxf6rq3yiuNtKLLmUM2KqDnbSdZztszx,0x0000000000000000000000000000000000000000000000000000000000000000,0,1774,884,0,1000139485,1999724756,0.00000088387674
5eEiRszstdqRg7sVh1gEYvwAcWdTDnkU4EKma9RhvX91,0x0000000000000000000000000000000000000000000000000000000000000000,1072,0,0,2136,1000141898,1999719915,0.0000010681496
AedbjKCXjYKZb2bxn6dXCuzJbjigaZHrsztLmPKPDfrj,0x0000000000000000000000000000000000000000000000000000000000000000,0,3476,1733,0,1000140826,1999722051,0.000001732756
3yeFYgYF65o4V9iX8SUF9Q3PYkzyHspt8tawLj94T5J4,0x0000000000000000000000000000000000000000000000000000000000000000,0,3067,1529,0,1000140369,1999722982,0.0000015287854
2zb41aa73kvFrVGy9jm3w7MXC5U4kbSt9DQn9yatwbx1,0x0000000000000000000000000000000000000000000000000000000000000000,0,3956,1972,0,1000137513,1999728712,0.0000019717288
6UhpxBkQS7M3YEeJfVUivkPX6E5km2jwzC5UAjYByPQ,0x0000000000000000000000000000000000000000000000000000000000000000,3287,0,0,6552,1000140800,1999722160,0.0000032764553
HShfQWgJGmLe8PYu15TbRzpKAfLapY967Jt5ZqP1fx7a,0x0000000000000000000000000000000000000000000000000000000000000000,2576,0,0,5135,1000143376,1999717025,0.0000025678635
AXc3XnCH68ieYVdDwWw67u8ZReN5gs1Q2Xv2CYDawUKS,0x0000000000000000000000000000000000000000000000000000000000000000,0,1301,648,0,1000142728,1999718326,0.00000064790754
EFUzCy6JZrRKc7UYCKZDxyygyuA3mDk7buLW96zCcf7j,0x0000000000000000000000000000000000000000000000000000000000000000,3194,0,0,6366,1000147376,1999709151,0.000003183463
2jBannQPvms6RfQjkThV33aAjKdW5ywPDSpVcykghJ7W,0x0000000000000000000000000000000000000000000000000000000000000000,0,1166,581,0,1000142579,1999718712,0.0000005809172
GAb19dwqSzoco9N2ey5aKgJNW4PsZ1WCWWkt2TzPjkRA,0x0000000000000000000000000000000000000000000000000000000000000000,1603,0,0,3195,1000144182,1999715517,0.0000015977273
Hc1hppeezsGDa1KHzNTvsJNGMUAmtj3xwiubqGk1Ehyr,0x0000000000000000000000000000000000000000000000000000000000000000,0,4525,2256,0,1000145120,1999713676,0.0000022556726
8udj8nDP421EASgGpGCZkf8UnEtdtYW1T8Ksda91mFAy,0x0000000000000000000000000000000000000000000000000000000000000000,1452,0,0,2894,1000146572,1999710782,0.0000014472093
58k3TEwjhsQr8zCePA9eynNEmdVFsiJd5u8qfU33cj8o,0x0000000000000000000000000000000000000000000000000000000000000000,4143,0,0,8258,1000150715,1999702524,0.0000041296144
AbRcdZEDHyBVA1wZh6Nq79EUvh2rguLhnc7DF6cmBfxi,0x0000000000000000000000000000000000000000000000000000000000000000,0,2700,1346,0,1000149369,1999705224,0.000001345799
4M1ZSpJnp5n7CwbNAWS6jyg65ReUyRtfLgA7RZSNt9nr,0x0000000000000000000000000000000000000000000000000000000000000000,3001,0,0,5982,1000150374,1999703302,0.0000029914438
GzCttP5hkeSo4tHBVoUTLfkWWAT9Mk56sAdWH7Lq51Jj,0x0000000000000000000000000000000000000000000000000000000000000000,2548,0,0,5079,1000152922,1999698223,0.0000025398833
71CzDz19E7cXoJimtx3RS61ZBQDx7wYnPUpvi63qLtGX,0x0000000000000000000000000000000000000000000000000000000000000000,0,1301,648,0,1000160997,1999682423,0.00000064789566
98Hj4H1HgKoqGf5PdFPsa2HU6PKS8Tmc6VWj48CCFHsd,0x0000000000000000000000000000000000000000000000000000000000000000,0,3567,1778,0,1000162872,1999678820,0.0000017777104
9iSNgaLr8F1NQbi4zRF4PrJWDubSPsMLmjhgS35SfS6L,0x0000000000000000000000000000000000000000000000000000000000000000,0,1279,637,0,1000156292,1999691913,0.00000063690044
EZpHK2nY6QrM12iZ2jVJ55GfLAmCeUUb4vm7Rf8VQ1k,0x0000000000000000000000000000000000000000000000000000000000000000,0,3726,1858,0,1000160149,1999684176,0.0000018577025
4yt66UMbads3pavqNvfSCNKcsoeEnDzSBdwjjy2ZKP1z,0x0000000000000000000000000000000000000000000000000000000000000000,0,2174,1084,0,1000159226,1999685975,0.0000010838274
9ECyJs9kKSPJkk7i8Vhan3mMz59Uh8inTmTPdrhhaALc,0x0000000000000000000000000000000000000000000000000000000000000000,0,1775,885,0,1000158341,1999687750,0.0000008848599
2KuoBrSZK7WmvMrrDftxAkJK6skGPQiJhRnYFduVWMXo,0x0000000000000000000000000000000000000000000000000000000000000000,0,1853,924,0,1000159225,1999686029,0.0000009238529
7GAyEfvCT59xEJWs9Kgny6RH33WXJ3riGdByVS8ry8RJ,0x0000000000000000000000000000000000000000000000000000000000000000,0,1378,687,0,1000160310,1999683801,0.0000006868899
6kNzWLQjKqD35eVRb51muNNwsM9DsUJLb3KqK3SQ1GMa,0x0000000000000000000000000000000000000000000000000000000000000000,0,4605,2296,0,1000156929,1999690634,0.0000022956397
4c93gr2UkmyNVKNpMgUHUZFvtbq8kPYAAcpG3t8YXHZ9,0x0000000000000000000000000000000000000000000000000000000000000000,4304,0,0,8579,1000164650,1999675253,0.0000042901966
Bsp6Cienuvf6oVWhp6TVpPRneEmVAFiGdNVkPN9EyNsx,0x0000000000000000000000000000000000000000000000000000000000000000,3863,0,0,7700,1000166735,1999671120,0.000003850633
67uehAmzkuFV73aLaGcgeKMK9WE65v7HJho764MzoAYm,0x0000000000000000000000000000000000000000000000000000000000000000,4054,0,0,8081,1000160346,1999683832,0.0000040411387
4hsDoEnWEY27jf1fKgJaR22uxJgvfLbRZkah7kz52jL7,0x0000000000000000000000000000000000000000000000000000000000000000,4221,0,0,8413,1000162562,1999679337,0.0000042071747
3nQ8zWWiDbc97mmKbpw36BgNxxNrTePxBVH6WKMtbW3e,0x0000000000000000000000000000000000000000000000000000000000000000,0,1113,555,0,1000162007,1999680450,0.0000005549101
9FDCb7CJ5pa4kuFV4wZ3RDiM21Y7MHvHuFEhjRKzge3B,0x0000000000000000000000000000000000000000000000000000000000000000,0,3626,1808,0,1000164927,1999674746,0.0000018077019
28iDqMuHUQdoCCJh6f69EQ7P1xbMNwrRfhLQTd247T6o,0x0000000000000000000000000000000000000000000000000000000000000000,0,3160,1575,0,1000163352,1999677906,0.0000015747428
4uzeSwdwLveKxCdf5maeEifQGEzY5vT4bCDf7NkWZhJg,0x0000000000000000000000000000000000000000000000000000000000000000,3440,0,0,6857,1000166792,1999671049,0.000003429064
2AxARuLugLUgZ1EbFEvhJXGRMjERMxZexttuhM8dxNF7,0x0000000000000000000000000000000000000000000000000000000000000000,3880,0,0,7734,1000176777,1999651242,0.0000038676744
FhidhjTi1f5RHLuUYEnnoMPJkKcpkGYqRY8bXyQHNWrf,0x0000000000000000000000000000000000000000000000000000000000000000,2424,0,0,4831,1000172897,1999658976,0.000002415912
AoUcGk4YvTp6G5ACmaoXDjn78xdjAU8SRye3VA8Xp7C6,0x0000000000000000000000000000000000000000000000000000000000000000,0,2554,1273,0,1000178652,1999647545,0.0000012727727
6pprNckeaEkCHZJ4DCRVPguLpCJNVBB5pmdEYW9yfSWi,0x0000000000000000000000000000000000000000000000000000000000000000,0,3591,1790,0,1000174987,1999654833,0.0000017896868
ETc33RWd2QpKRiz8xpe9gQqzMwKVpRiMmvxYFq35C8PG,0x0000000000000000000000000000000000000000000000000000000000000000,4938,0,0,9842,1000179925,1999644991,0.000004921874
GCYDzXPxoVaKAUYALXMtzcYkoHNrVEpxa62vAg9GPNTC,0x0000000000000000000000000000000000000000000000000000000000000000,3529,0,0,7034,1000187412,1999630201,0.0000035176504
5GowPt6DiYTxkKwXzxFuci1PU5JgP2KSBVoLw7EQRKjj,0x0000000000000000000000000000000000000000000000000000000000000000,0,3740,1865,0,1000183883,1999637235,0.0000018646572
C2K8h7JHJe1EhJsdGhYoQ2wJgXmMU4g8hWVcKARvtXei,0x0000000000000000000000000000000000000000000000000000000000000000,4000,0,0,7972,1000191412,1999622229,0.0000039867527
6hkzYMuxWQMDVHSVJRJ5eWtV9ByjTk5sDgaaPfkVMnNJ,0x0000000000000000000000000000000000000000000000000000000000000000,3869,0,0,7711,1000191655,1999621792,0.0000038562293
HhSC9jxpsYCWeDn8TDJaRtr2RLs18pFEXBEYdh4v8qTG,0x0000000000000000000000000000000000000000000000000000000000000000,0,4760,2373,0,1000187786,1999629503,0.0000023725545
DFd5siAqYgLSnuopNGoQwAyPNGjFSPy67f7d9S3mM2u7,0x0000000000000000000000000000000000000000000000000000000000000000,0,2514,1253,0,1000190159,1999624743,0.0000012527618
uadJPkHW8Erqu2o6fDCpRLQzmHWN9B7DHmNu8tTSFom,0x0000000000000000000000000000000000000000000000000000000000000000,1546,0,0,3081,1000193201,1999618711,0.0000015407937
8GgMAbVPPgpqu1cZoDdEzZkxiE14RMWF6mcVHHsMGN3t,0x0000000000000000000000000000000000000000000000000000000000000000,4062,0,0,8096,1000196029,1999613091,0.0000040487835
HRx8fkvq1A9WBgRKnh94JuUjXZbdgcjNakkSqiNnLdRU,0x0000000000000000000000000000000000000000000000000000000000000000,0,2476,1234,0,1000191967,1999621187,0.0000012337632
dRpjejFZ11aahMs5wutJqyhLoCiNT24m8jexzBKEV5A,0x0000000000000000000000000000000000000000000000000000000000000000,0,2579,1286,0,1000189768,1999625676,0.0000012857561
C5tKuxcV82WykVPFBnbTTihzCNXGEcsh5ewJb6QCJmxU,0x0000000000000000000000000000000000000000000000000000000000000000,0,3704,1847,0,1000191054,1999623097,0.0000018466473
9H2F6Sy2acYNn2UKoHHrb7rNAxMukj9Mg5WMm3ZYQEnx,0x0000000000000000000000000000000000000000000000000000000000000000,2400,0,0,4783,1000196121,1999613014,0.0000023919629
2vd2YSysKJLxEWaD9B2un733Y8mrhL6KNqFj1EASKBpB,0x0000000000000000000000000000000000000000000000000000000000000000,3953,0,0,7879,1000193721,1999617797,0.000003940253
GubFz4ZpgVqJbnziHmTFgsFmQGY7rwEiry7yPkBcYyGd,0x0000000000000000000000000000000000000000000000000000000000000000,0,4368,2178,0,1000193943,1999617382,0.0000021775777
F1iTQxokiFmRgnTAzJQjsDxuaPrcxzhV7bsVRsJC845a,0x0000000000000000000000000000000000000000000000000000000000000000,0,1139,568,0,1000193375,1999618521,0.0000005678902
GWWDgCfZRH4UmP5Uvz1dWDegaX2W5FjikQUyk3vhiugF,0x0000000000000000000000000000000000000000000000000000000000000000,0,2792,1392,0,1000191983,1999621313,0.0000013917328
9SsHdXV5p48T57unSmcnnmjLCqvLduncTM4V2u31DGS7,0x0000000000000000000000000000000000000000000000000000000000000000,0,3044,1518,0,1000193819,1999617672,0.0000015177059
HmMmkqcmXf3yeVBv3rt8WTKhYk5hgXYDgT3tGZBuA3K7,0x0000000000000000000000000000000000000000000000000000000000000000,3354,0,0,6685,1000195337,1999614628,0.0000033431443
68mGgL5MjSfh3sr4kmUMDXPkJngwSWwZyRqwxBFhJB81,0x0000000000000000000000000000000000000000000000000000000000000000,0,4295,2141,0,1000190693,1999623944,0.0000021405917
EKdkaSgwQqAdkPC3XY6KkDrRoouKPRaH6QdHEhUrDMuh,0x0000000000000000000000000000000000000000000000000000000000000000,3685,0,0,7345,1000192029,1999621311,0.0000036731956
2FRNEJbh3CNtuq1ARRGjWBoooJa8w2q7HAEBqMwUPa1t,0x0000000000000000000000000000000000000000000000000000000000000000,0,4712,2349,0,1000188344,1999628656,0.0000023485577
AYuZPzviqsZj6sArgWE77T9SEBYoLg21p7t1VidE8Q4p,0x0000000000000000000000000000000000000000000000000000000000000000,0,1977,985,0,1000192834,1999619649,0.0000009848101
FBQfA8NLnwEkhkoGAMk7piUTgZG6Dbtj6z6HNCcQVNr1,0x0000000000000000000000000000000000000000000000000000000000000000,3074,0,0,6127,1000195103,1999615184,0.0000030640895
CiRMe6ysmbDCSQn7QWp8cmBv5vF8hDm252eYqCCu12G3,0x0000000000000000000000000000000000000000000000000000000000000000,2775,0,0,5531,1000192554,1999620350,0.000002766025
QDkdHbz7P23Zkzh5aBufuGegqNX1DZAHy3LkmBTxPtx,0x0000000000000000000000000000000000000000000000000000000000000000,1825,0,0,3637,1000193012,1999619455,0.000001818846
8DkZt7NJxQwAdwUFEmWK3S2knsZLeMNg4fWVbfv4tsDx,0x0000000000000000000000000000000000000000000000000000000000000000,0,4676,2331,0,1000189779,1999625881,0.0000023305577
GuLRtzVp9ofrwsZya5sDfUvRZwg5noEJ5ETJAmxLkZAn,0x0000000000000000000000000000000000000000000000000000000000000000,0,2403,1198,0,1000192110,1999621205,0.0000011977698
Cmg6JNun2ieXbcLivwWGHiFKNG8GqZtj6VEFP6s51Hor,0x0000000000000000000000000000000000000000000000000000000000000000,0,2742,1367,0,1000191187,1999623092,0.0000013667387
8fU1QdeGGV4aRZ5yz8zKh9MmrUGZxyapRufz183vvZKw,0x0000000000000000000000000000000000000000000000000000000000000000,1955,0,0,3896,1000189055,1999627416,0.000001948363
FE14Cz3Hw43932NnZhpJViEjCjzxCC9JELTvJmVsnfby,0x0000000000000000000000000000000000000000000000000000000000000000,0,2884,1438,0,1000187100,1999631312,0.000001437731
BGFX1EMuhCticAaVbkcoUsrKJ8peHLA3fBQW5w9cGXck,0x0000000000000000000000000000000000000000000000000000000000000000,0,4392,2190,0,1000190822,1999623847,0.0000021895821
GcyTtJB5YRREztV7aG773RDPpb1nzcDrDRtn3LEgzLCq,0x0000000000000000000000000000000000000000000000000000000000000000,0,4581,2284,0,1000188538,1999628428,0.0000022835695
AMxLLsiYSA9UwcB8bohEobCRVYCtu8vNLhXxn7N8ieDz,0x0000000000000000000000000000000000000000000000000000000000000000,1559,0,0,3107,1000190614,1999624309,0.0000015537919
HWikY7hccXKt6DDzd11ZE6GRKzDBDWnf7HQ8GET4cGj2,0x0000000000000000000000000000000000000000000000000000000000000000,1552,0,0,3093,1000192166,1999621216,0.0000015467929
3MWyu8yQ4JtfscJqazCNk7Dz7gj1JN38nTBJEaWifxXZ,0x0000000000000000000000000000000000000000000000000000000000000000,4992,0,0,9950,1000197158,1999611266,0.0000049759674
H2iS8gPCpX7ZUnyM55GbrqWdBKMAt8Vedg3BhUipSRaY,0x0000000000000000000000000000000000000000000000000000000000000000,0,3555,1772,0,1000196551,1999612507,0.0000017716518
34bbDTuoVmobXgqSSfi25q7VjcPdomrmqNkyrsjx1abV,0x0000000000000000000000000000000000000000000000000000000000000000,0,3269,1630,0,1000194921,1999615776,0.0000016296823
EUY2HtG2FdfWFpU1MzgdvBWB7VcGKpAooJiF2621hKSR,0x0000000000000000000000000000000000000000000000000000000000000000,0,3271,1631,0,1000193290,1999619047,0.0000016306848
G4o5tnSZ3wawquJ7t8XXJgRfJmCweresm9M9TnvHJJHB,0x0000000000000000000000000000000000000000000000000000000000000000,0,2323,1158,0,1000193307,1999619028,0.0000011577762
Gz3m1JajNsv9efBZXaJkiQWbnYvAYEWrpTY8drCuAeqw,0x0000000000000000000000000000000000000000000000000000000000000000,0,1464,730,0,1000192577,1999620492,0.00000072985944
GZ4CSpKSYAyoKFasQmAWun5QZ6Q8u9NZznM8MwjXxJdR,0x0000000000000000000000000000000000000000000000000000000000000000,1175,0,0,2342,1000194465,1999616705,0.0000011712244
ECzq18x8ESAi737KRhWTnH1UbxhUediwzmzc1F6GZX7J,0x0000000000000000000000000000000000000000000000000000000000000000,0,1149,572,0,1000192005,1999621641,0.0000005718902
