tx_hash,pool_id,amount_x_in,amount_y_in,amount_x_out,amount_y_out,reserve_x,reserve_y,slippage
724xo8oBJgoUt6uwsQHCVVLR9iZeocH1WbEMDbBGMSDD,0x0000000000000000000000000000000000000000000000000000000000000000,4056,0,0,8086,1000067224,1999867667,0.0000040432674
CD3LSFCge489u4ZRtfRAQawdnC3115DzeUG2un4PudkT,0x0000000000000000000000000000000000000000000000000000000000000000,1962,0,0,3911,1000060700,1999880673,0.0000019556167
2nUMt7APZSyzRxmsy1ozcFkYM8SyCGXsmD8iFpi4sHgE,0x0000000000000000000000000000000000000000000000000000000000000000,2468,0,0,4920,1000063168,1999875753,0.000002460153
47YhHdTU57ziXngEC4nmKMw257pfTx7UFVXtFm5mjYZs,0x0000000000000000000000000000000000000000000000000000000000000000,4617,0,0,9205,1000058738,1999884584,0.000004602766
G63Z7kiCm71GUGvock6efBTxk8x8Gy1Evn8RxgW3e4T5,0x0000000000000000000000000000000000000000000000000000000000000000,3000,0,0,5981,1000073373,1999855408,0.0000029907162
GrwFdLSAZDv8Si99iHCLGQfoRgVEUMQFYp3EZAkMmTZk,0x0000000000000000000000000000000000000000000000000000000000000000,0,1822,908,0,1000054121,1999893789,0.00000090795083
Tf65W2sRp4oQvggY26w1Lb4pRM39ZgE8Zu9zngUnSfP,0x0000000000000000000000000000000000000000000000000000000000000000,3086,0,0,6152,1000077684,1999846814,0.0000030762358
22HJGTHLMxFdPAKtDka86dfZZyu2LqExcLksnLbh8jcX,0x0000000000000000000000000000000000000000000000000000000000000000,1225,0,0,2442,1000074598,1999852966,0.0000012210897
78w6U9bcvBBf9qqcksysdByqCqrxv2N72PfMEkoybjQk,0x0000000000000000000000000000000000000000000000000000000000000000,0,1525,760,0,1000076149,1999849895,0.0000007599421
5KuJsYqxS5Kej4PWUBYfPC59dmffJegzt3FBPpftuJMu,0x0000000000000000000000000000000000000000000000000000000000000000,3149,0,0,6278,1000070373,1999861389,0.0000031392176
En4f9Q3kf8FtNbsP4VfdU5rbTGfugBsdLBjxJybwWCUW,0x0000000000000000000000000000000000000000000000000000000000000000,0,1556,775,0,1000076909,1999848370,0.00000077494036
7qfaSeRUWejm7Mi972ckP15Bw6XQjecE25fHFxarYhQL,0x0000000000000000000000000000000000000000000000000000000000000000,3785,0,0,7546,1000055029,1999891967,0.0000037732038
F2iDt9rBGWQhwqidwQ6PduXyHizMS2Acwhpb269NXtXm,0x0000000000000000000000000000000000000000000000000000000000000000,0,2795,1393,0,1000083870,1999834635,0.0000013928832
AToxTnWb7WeQKUWUz6ekZ3XsXpaFzbigdHmBDG3MbkWn,0x0000000000000000000000000000000000000000000000000000000000000000,2976,0,0,5933,1000086846,1999828702,0.000002966754
BPigN6ZYLUhViijwZrvoVNUHJ8aSaZHZ1AVoA5tG8tKR,0x0000000000000000000000000000000000000000000000000000000000000000,1743,0,0,3474,1000091288,1999819848,0.0000017371565
9DpMqqJU12Fdi3MvgbHp4TSsDnYE6bcyZzupXfBieFFk,0x0000000000000000000000000000000000000000000000000000000000000000,0,4509,2248,0,1000091285,1999819909,0.0000022477948
CdM4L8s8HNE6crcMNZekTBe9VKQBtq2AvN1TyqEni3SJ,0x0000000000000000000000000000000000000000000000000000000000000000,2699,0,0,5380,1000089545,1999823322,0.0000026902376
6tWUPQ85Y8J7ZBwCZVgu5WdFLmmP19gTrHyisu8LZ9eo,0x0000000000000000000000000000000000000000000000000000000000000000,4455,0,0,8881,1000093533,1999815400,0.00000444091
GzPKtUqwYVBLsbKV2LuCywoyvEu2uvXzKuLgRQbwb51T,0x0000000000000000000000000000000000000000000000000000000000000000,0,4433,2210,0,1000089078,1999824281,0.0000022098031
4WPu1G73nGXYm5V6hPkowMogt1a9N2HumDbqD4cqnF9o,0x0000000000000000000000000000000000000000000000000000000000000000,4509,0,0,8989,1000095794,1999810920,0.0000044949247
DVrsnccmH3abxn5aFyjrG1bLspoJ2AbzsTAHcPWxoujy,0x0000000000000000000000000000000000000000000000000000000000000000,0,1301,648,0,1000099599,1999803344,0.00000064793545
BMs6sTPzuoZGGeFyXmnCEFiK12DB45Ecoav8UPtH2p4v,0x0000000000000000000000000000000000000000000000000000000000000000,4453,0,0,8877,1000100247,1999802043,0.0000044389394
2ruCoBAZ6RuzYhgXScpPXtaXtsGSvC3x2eLKDZu9dKK5,0x0000000000000000000000000000000000000000000000000000000000000000,0,4820,2403,0,1000101067,1999800447,0.0000024027572
CGKbnnkXaarR8icpWFiuLSzbvTqMxtXPGMCwMdt2cGR1,0x0000000000000000000000000000000000000000000000000000000000000000,0,2273,1133,0,1000099934,1999802720,0.0000011328868
51nNCupHvU7awAoXWBPL6rCngqXmcKzH17GWM79pSdHE,0x0000000000000000000000000000000000000000000000000000000000000000,1844,0,0,3676,1000101443,1999799668,0.0000018381841
9V7XB8Mmp7VQrvWQChtsmaUYqmVQiq7gBmUH5rp5gR94,0x0000000000000000000000000000000000000000000000000000000000000000,2027,0,0,4041,1000103470,1999795627,0.0000020207065
6gFwUFbZA7fBEiXw8hDDaeQEkvBfwGNP4hoUY84fp9iX,0x0000000000000000000000000000000000000000000000000000000000000000,1676,0,0,3340,1000220003,1999564369,0.0000016703638
AqMsqtJxLrBBEjGQxZQr17GokHm7VYsoSdnDahbMztbh,0x0000000000000000000000000000000000000000000000000000000000000000,2701,0,0,5383,1000227256,1999549914,0.0000026921057
HCnR9dCswmfp7z3AyqEAfVtFSYQmhJbgcjPfyNKgsciy,0x0000000000000000000000000000000000000000000000000000000000000000,2677,0,0,5335,1000218491,1999567359,0.000002668077
2No3vFUB8nzeFS9ioHhtySaUAhzmqUWeGuAukdGpACBy,0x0000000000000000000000000000000000000000000000000000000000000000,0,1418,707,0,1000215814,1999572694,0.00000070684746
2HS5BPJks7GTy4dmG1sMvqqbayNARS2hiMf4Q9u1jMWj,0x0000000000000000000000000000000000000000000000000000000000000000,1637,0,0,3262,1000220128,1999564097,0.0000016313555
6z3Fmc1NUffN2MbkFzTsM3smo3jrWwVX82GHrUMPzGJu,0x0000000000000000000000000000000000000000000000000000000000000000,4552,0,0,9072,1000224555,1999555297,0.000004537009
AmhzohuFMRUUJS7M3huvZQvxDGwqkwjJmV3tVeRyGi1q,0x0000000000000000000000000000000000000000000000000000000000000000,0,2247,1120,0,1000226136,1999552161,0.0000011197468
9BFYBen6zNRekQDiVyfoLdjiNfJnXgmz4xYA6GMA4Ba7,0x0000000000000000000000000000000000000000000000000000000000000000,0,3612,1801,0,1000218327,1999567709,0.0000018006069
9gmdb1qLXxp3SLaR8oTjg4kDcd6b5Ssr2e6SBYoejcWY,0x0000000000000000000000000000000000000000000000000000000000000000,0,4698,2343,0,1000284458,1999436689,0.0000023423336
65fBGxrR98uJbNtjjHx179ZNpPg3Zq1BFrudCjRubtPL,0x0000000000000000000000000000000000000000000000000000000000000000,0,3738,1864,0,1000294603,1999416496,0.0000018634511
5f5G3ShUzJSa57gKyhcNRieD35GHhy9xPSQDmE48jBxx,0x0000000000000000000000000000000000000000000000000000000000000000,2581,0,0,5143,1000287039,1999431546,0.000002572231
HFAjSxZJpioV22qFXofcX7diMfALNCTjQynQXhsteRaH,0x0000000000000000000000000000000000000000000000000000000000000000,1623,0,0,3234,1000288662,1999428312,0.0000016174623
TUSRUpbvAJXhhGNTD9cx24fHwQHsXK9tYeuqweDwy1U,0x0000000000000000000000000000000000000000000000000000000000000000,0,1539,767,0,1000293836,1999418035,0.0000007667747
CzADQ7ogVzScKWpsU1KsB5eipWhetHhAiQXWxs9rqiEy,0x0000000000000000000000000000000000000000000000000000000000000000,2921,0,0,5821,1000296467,1999412758,0.0000029113548
CqGDb71p19nLZTqXtgGDHk8y3QfdUjRLg1twoaSGCBap,0x0000000000000000000000000000000000000000000000000000000000000000,4884,0,0,9733,1000293546,1999418579,0.000004867915
HBR3hrNTGFjMqKEMXK2Q8ubDjabukRkXuqEk6HjvhNKa,0x0000000000000000000000000000000000000000000000000000000000000000,0,1745,869,0,999999131,2000001745,0.00000086900076
Ae72PGYhJFE4dnhfZeuRYSVaD2HadwL5AZ2uQoiL1h53,0x0000000000000000000000000000000000000000000000000000000000000000,1861,0,0,3710,1000000992,1999998035,0.0000018550018
2KCUWCu8aBAM7NGtb3BFNi5DCg6yEhSR5BY5Jbcdpp2B,0x0000000000000000000000000000000000000000000000000000000000000000,0,1511,753,0,1000000239,1999999546,0.0000007529998
6t4d58kBWSZJqAan1LkniPjW2c6x5cQgjFZvtsnHTFzQ,0x0000000000000000000000000000000000000000000000000000000000000000,0,4212,2099,0,999995603,2000008869,0.0000020990092
ChkhDFbpjVbixVVpcJvWCNz1ZnBBHdN7GmRGsCxAqjua,0x0000000000000000000000000000000000000000000000000000000000000000,0,3723,1855,0,999997702,2000004657,0.0000018550043
BdtQYwtDazmhgmrZtfSNjntmPRuCCuu6nr9mMoXwb92D,0x0000000000000000000000000000000000000000000000000000000000000000,2387,0,0,4759,999996365,2000007371,0.0000023794912
7tcUrZv57pYviG8qhMHuc2gGBapn8g4Sna99mEoRwWb4,0x0000000000000000000000000000000000000000000000000000000000000000,0,4516,2251,0,999999557,2000000934,0.000002251001
BNLQsEpuGo1ZiQm14PmD2Yb92eqRLAsdrjyuyjhSDDye,0x0000000000000000000000000000000000000000000000000000000000000000,2662,0,0,5308,999999027,2000002063,0.0000026539972
pbeAVmqy5tvqxA11rsibmocYUhhebN6x9hvhgdUHbMU,0x0000000000000000000000000000000000000000000000000000000000000000,1569,0,0,3128,1000001808,1999996418,0.0000015640028
JAwjWHzW5wb3P6NNLLzAfSncs1ePrJ92sseRqV3ctgHA,0x0000000000000000000000000000000000000000000000000000000000000000,0,3261,1625,0,999993978,2000012130,0.0000016250098
F47r59nSHFjUgAADndzjFCDxrijHA6hg7nykFDSCLJ6y,0x0000000000000000000000000000000000000000000000000000000000000000,0,3658,1823,0,999997204,2000005721,0.0000018230052
J7fLqyKY4vxSUvNLDw3omZFCYAh79DdjrUqHK24yyyLB,0x0000000000000000000000000000000000000000000000000000000000000000,2486,0,0,4957,1000001000,1999998152,0.0000024785022
DiPpihUb2VdXiSt7aBNRkj41NZJbZ8zDkFnzBaQPuTqt,0x0000000000000000000000000000000000000000000000000000000000000000,0,1690,842,0,1000000158,1999999842,0.0000008419999
2hSF4mnhkHbXVFCgsBLwxTpXi3kHeAeBGgS4h2TuKEy6,0x0000000000000000000000000000000000000000000000000000000000000000,0,2095,1044,0,1000004255,1999991707,0.0000010439956
DWtrFhnX56rjfcJCCziGRUB8ZEqVbVjxfNMmj1qFdzFn,0x0000000000000000000000000000000000000000000000000000000000000000,3051,0,0,6083,1000003209,1999993759,0.0000030415094
GEwmvVfEcYj1u7jj8BzYAedypt7MUZq9W122Qzqo32xF,0x0000000000000000000000000000000000000000000000000000000000000000,2452,0,0,4889,1000008600,1999983063,0.0000024445208
5Nj51NLJJnxQz6vwRmCjbTuSN9jfexRRML1eKWytee5t,0x0000000000000000000000000000000000000000000000000000000000000000,1310,0,0,2612,999998514,2000003109,0.000001305998
GjUwYPJYztn3wUo2hPgTKic3ToyQub82kLwayFhmSbv,0x0000000000000000000000000000000000000000000000000000000000000000,0,3262,1626,0,1000001583,1999997021,0.0000016259974
3EMhHZhsb2Pj1sYVXta7qfzVD6yuvUEFP3Ff6VueqFGj,0x0000000000000000000000000000000000000000000000000000000000000000,3475,0,0,6929,1000006148,1999987952,0.000003464521
7n7SLTp3P3Z9ZbjhD3z6koduLqsqSTFu2fQCq16tgbum,0x0000000000000000000000000000000000000000000000000000000000000000,3716,0,0,7409,1000005299,1999989612,0.0000037045193
G5qqzZcZKkwq7Rkehsr47f5H4KNQBMWEVtL9MeSBWhQp,0x0000000000000000000000000000000000000000000000000000000000000000,0,3174,1582,0,1000002673,1999994881,0.0000015819958
8N4CQ5FDEAhzRfNZCnh5GWKNr3gsNDVTMpJxaVyCgN8H,0x0000000000000000000000000000000000000000000000000000000000000000,1415,0,0,2821,1000014924,1999970454,0.0000014105209
9JVivAuPh7o8URbw22sFqiB7ABmgJP8qLsvMeGk8uB5t,0x0000000000000000000000000000000000000000000000000000000000000000,0,1917,955,0,1000013969,1999972371,0.0000009549867
AABub2dzJKxraB347giU8KLFLLByVWJGreSSvspDbJKm,0x0000000000000000000000000000000000000000000000000000000000000000,1439,0,0,2869,1000010039,1999980194,0.0000014345143
Dyc45TmuCuE3D5aEz4sZpXda4XFimsuTCBGpw3zH2ZhN,0x0000000000000000000000000000000000000000000000000000000000000000,0,3343,1666,0,1000012303,1999975714,0.0000016659795
6ypojpoWxycHtj6qmeaMLf6UmAvpbMTd7F3SoyVP6csn,0x0000000000000000000000000000000000000000000000000000000000000000,3470,0,0,6919,1000013509,1999973275,0.0000034595462
9Rp4SciKSk4weokk8SRvQVAmWQwR7eUL9sS6991eFFHk,0x0000000000000000000000000000000000000000000000000000000000000000,0,2890,1440,0,1000010575,1999979267,0.0000014399848
G5xhDNT5TDDxRadFoKBBGWPfNtZNnsikyCUm1oDR4dCW,0x0000000000000000000000000000000000000000000000000000000000000000,1660,0,0,3309,1000012015,1999976377,0.0000016545196
J8Y7uNFhrDd4DWBWa8EiVCCSaYWVBJpKTTw7tjpBNkr2,0x0000000000000000000000000000000000000000000000000000000000000000,0,4430,2208,0,1000012376,1999975631,0.0000022079728
6mUCn9wcck4KwVbP2MXkP93NavicjfAfehEPQUUDVuEu,0x0000000000000000000000000000000000000000000000000000000000000000,0,3470,1729,0,1000014584,1999971201,0.0000017289748
5bm7XQJTqinhqn2XvyUFdKNDxjf26rEfucZWtX8bU2Lc,0x0000000000000000000000000000000000000000000000000000000000000000,0,4055,2021,0,1000010355,1999979686,0.000002020979
5de4PHQZbK8WUrgefmVj2AAoKuZyG1mMQwhUGPXGi75w,0x0000000000000000000000000000000000000000000000000000000000000000,0,1854,924,0,1000011379,1999977568,0.0000009239895
DZxdZ9kCFqYWpTXjvMKPwtZe8tt4zzEuCp2Lys8Y1N9x,0x0000000000000000000000000000000000000000000000000000000000000000,3739,0,0,7455,1000016313,1999967731,0.0000037275602
4JbFBFJZaAYSp2UwHGjRG53p1d8WSWqFe2u8bEGEtSWb,0x0000000000000000000000000000000000000000000000000000000000000000,1195,0,0,2382,1000012574,1999975186,0.0000011910148
HvDG3f7TsyfPsE3YjuTMthXYJT2sBaKnpF94WVdCsf4Y,0x0000000000000000000000000000000000000000000000000000000000000000,0,3474,1731,0,1000008844,1999982741,0.0000017309848
DwXbZhym13eEfxCB2EiACnftxrdh8W4YdvzwhLFah96D,0x0000000000000000000000000000000000000000000000000000000000000000,0,2599,1295,0,1000010457,1999979542,0.0000012949865
B5Rqvkj5jZS5GTRJHtTo1mcUK4fm3rSzPYd4gnM1jUz2,0x0000000000000000000000000000000000000000000000000000000000000000,2908,0,0,5798,1000011752,1999976943,0.0000028990335
5beFVLUzMaveiPHTLrTWgciomWL3fuCqqE1HYuJdMX2g,0x0000000000000000000000000000000000000000000000000000000000000000,0,3938,1963,0,1000008494,1999983480,0.0000019629833
9qcxWDaPAHTRW5J3duAQa6S8S1GCdnA9Ju849b4qT9Ve,0x0000000000000000000000000000000000000000000000000000000000000000,0,2850,1420,0,1000007074,1999986330,0.0000014199899
HUvo3X789W7mkqJmdR7azkp2uEuBAvhq8QK2vipgLA7v,0x0000000000000000000000000000000000000000000000000000000000000000,0,2333,1163,0,1000004998,1999990539,0.0000011629942
GDw6JuY95NvQG55C8ApGqJHeNNVMmm8DtmUajYEGZPnS,0x0000000000000000000000000000000000000000000000000000000000000000,2065,0,0,4117,1000009139,1999982213,0.0000020585182
GV7bhUaus3BM9WH7cZCWSnRP8oHyivthy14SukZDzpY,0x0000000000000000000000000000000000000000000000000000000000000000,1327,0,0,2645,1000008520,1999983472,0.0000013225109
9fbvUmLucewivabsk5uY4djtL68VXn3kpE8wobzcuRjW,0x0000000000000000000000000000000000000000000000000000000000000000,0,4904,2444,0,1000009828,1999980939,0.000002443976
9eHS66F9DQoG5GqNmfbXpPwmd5GFFW51zEhGSGGvNGaP,0x0000000000000000000000000000000000000000000000000000000000000000,4620,0,0,9212,1000012272,1999976035,0.000004606055
7ZEPnRxn6eBDY4NP2yyh5kZLk5eaCNF3vBdW9vQDzNcN,0x0000000000000000000000000000000000000000000000000000000000000000,0,3904,1946,0,1000007193,1999986117,0.000001945986
HLEo9PD3BKDUzR29AmzCyDggm28GgKBPdKUY2KR6S2Zj,0x0000000000000000000000000000000000000000000000000000000000000000,2654,0,0,5292,1000007652,1999985247,0.0000026460195
BJJNKMpcYe8BQu26vP9favdXfsv6i7sbLNzAVKbXasaT,0x0000000000000000000000000000000000000000000000000000000000000000,0,4734,2359,0,1000006161,1999988206,0.0000023589855
9RLEAAeUdscBqxNHvnreY8xyDicS8U6q22jC7Ve3yAhC,0x0000000000000000000000000000000000000000000000000000000000000000,4729,0,0,9429,1000014557,1999971510,0.0000047145672
5PgywDh3pfyiGYutumqF5hwWP59jYfiQhDsKsPPBS1ke,0x0000000000000000000000000000000000000000000000000000000000000000,0,3807,1897,0,1000011364,1999977917,0.0000018969783
7EdmFsU9UiLZDvEDxeYhhYYfcyYdzXoVJi4jWBeRSrkL,0x0000000000000000000000000000000000000000000000000000000000000000,0,2600,1296,0,1000013261,1999974110,0.0000012959829
3QFEnQY3XLDwntb2yqtoBUVSCuFf35QTyrGTnUtgjzkQ,0x0000000000000000000000000000000000000000000000000000000000000000,2207,0,0,4400,1000013571,1999973517,0.0000022000293
GuppfpNhoEUEGJCC68UDDwDFGjTpgYiJueRak4ns8QVn,0x0000000000000000000000000000000000000000000000000000000000000000,2561,0,0,5106,1000023013,1999954715,0.0000025530578
AXUn46CNThYxhm8iLG44HGGLLmXC3DJeKcL4eqW4qCYm,0x0000000000000000000000000000000000000000000000000000000000000000,1918,0,0,3824,1000015489,1999969693,0.000001912029
DknKPdoZjNP3wQ1astEcmJWsHM6fdDsspJ6vRrKkMzyc,0x0000000000000000000000000000000000000000000000000000000000000000,0,4359,2173,0,1000018955,1999962858,0.0000021729588
8TEwFNbjgDysb8e52vEigdiYetSsD4t2qCghgU4uQvhz,0x0000000000000000000000000000000000000000000000000000000000000000,0,1730,862,0,1000018093,1999964588,0.0000008619844
4vmaWEbUykJu9Uuk8J25ahkEVeKT49nXyY3AeTiYVXFM,0x0000000000000000000000000000000000000000000000000000000000000000,0,2051,1022,0,1000021991,1999956766,0.0000010219775
58n1EYLbykMV6pYWK5t8LGEM1nwFptuGEm8rahnzfDXc,0x0000000000000000000000000000000000000000000000000000000000000000,0,1930,962,0,1000014339,1999972143,0.0000009619862
GftF3sFeDxP3uCgUpJpvqzxeqWo2hp5pT35irg81WfV9,0x0000000000000000000000000000000000000000000000000000000000000000,2267,0,0,4520,1000017756,1999965173,0.0000022600393
BV9X9AG8A75wiyvF3pBdGCGeCuYdv9yjJrsXCiYFeKJ9,0x0000000000000000000000000000000000000000000000000000000000000000,0,1577,786,0,1000021550,1999957618,0.00000078598305
jgHNMxThmWSLJwScNpS1h8eSuiRgLcTCqnVmbvPaE14,0x0000000000000000000000000000000000000000000000000000000000000000,4580,0,0,9132,1000022336,1999956041,0.0000045661004
6xrZvPvmJZk9AwoyikxLC39HNbrCVKqvUQcouW3FiyF7,0x0000000000000000000000000000000000000000000000000000000000000000,0,1733,863,0,1000021128,1999958499,0.0000008629818
ucd9ybLNuDy6BgRp4D9NXGbx154tcRLSBcWG8e3GBZE,0x0000000000000000000000000000000000000000000000000000000000000000,0,2203,1098,0,1000020452,1999959821,0.0000010979775
7vNJ1k3JSBUesiJKafGXS3TWbhgVETWWbfAF3uuyTpBc,0x0000000000000000000000000000000000000000000000000000000000000000,0,3331,1660,0,1000016433,1999967919,0.0000016599727
FdpY1YJLoNJBFiXDkc6UhHqeMv9obFAUeXfsTCrZp6b6,0x0000000000000000000000000000000000000000000000000000000000000000,0,3117,1553,0,1000015301,1999970213,0.0000015529763
2KJnKAc5UTaQS71RQw6eqqxKGcvxqphPrHUBbttWopi6,0x0000000000000000000000000000000000000000000000000000000000000000,0,2371,1181,0,1000016854,1999967096,0.0000011809801
5szB63rG1PoLHyFAG1YvYV9Nh86996d5ujaCeua7Qxro,0x0000000000000000000000000000000000000000000000000000000000000000,0,4806,2395,0,1000008208,1999984444,0.0000023949804
36S5uqK1sqS9CCzth1mNbmQxwozs7hEnnAuZMzFNnyTm,0x0000000000000000000000000000000000000000000000000000000000000000,0,4825,2405,0,1000011934,1999976968,0.0000024049714
C2ythoNVHJ7pgk8h5Zx5UkT9PjJfMNXsY7jYzT294DXY,0x0000000000000000000000000000000000000000000000000000000000000000,1602,0,0,3194,1000018035,1999964725,0.0000015970282
2MBKYCpQQJE8VLzRPjbwVCCXtpkV9Vw3URZ1cBh3pccV,0x0000000000000000000000000000000000000000000000000000000000000000,0,2670,1331,0,1000010603,1999979638,0.0000013309858
8yNyk2czCqhmNQNtSZYwsJdrfmRVDW56JagJCMUhKiSD,0x0000000000000000000000000000000000000000000000000000000000000000,1920,0,0,3828,1000006615,1999987709,0.0000019140118
DSdphxm8ta2XXFNDce2wAMGFqN9RkQEw95aU98Dh7er3,0x0000000000000000000000000000000000000000000000000000000000000000,0,2701,1346,0,1000006862,1999987145,0.0000013459908
2ppxuFVi6XH9qpxQKrTJ3MjdqGsZXhY4ZpLMWStgNSv7,0x0000000000000000000000000000000000000000000000000000000000000000,0,4163,2075,0,1000004695,1999991537,0.0000020749903
2XCCjy3KeGHYzJEPw67tvp1cFVrv6M7PrkAQnvsbMKh4,0x0000000000000000000000000000000000000000000000000000000000000000,0,2091,1042,0,1000005121,1999990640,0.0000010419947
ESrdAurGDEU9c4uV7rEux7fpaiuvTkrK6ZByRPdCyHYT,0x0000000000000000000000000000000000000000000000000000000000000000,0,1404,699,0,1000006163,1999988549,0.0000006989957
GLi1hYMkfH8YfL1djUUHiWurnp43zWaTtbpPxg91FHN7,0x0000000000000000000000000000000000000000000000000000000000000000,0,2650,1321,0,1000005294,1999990359,0.000001320993
3oZG2ZzKx4ep1FX4jG2ugpw5huGKMFYmYzHVk7CuLkA2,0x0000000000000000000000000000000000000000000000000000000000000000,4118,0,0,8211,1000009412,1999982148,0.0000041055364
9LXvawDhGuNhZdWTrB2Ax2Wafv555k266huSbpPyqVXf,0x0000000000000000000000000000000000000000000000000000000000000000,1458,0,0,2907,1000010870,1999979241,0.0000014535151
CQXCPZG8Sr6BeMdzhLWsdrfi1D2QmKJgJBNENBtwMiTc,0x0000000000000000000000000000000000000000000000000000000000000000,3454,0,0,6887,1000008575,1999983753,0.000003443528
DjSZtnNBv4ocnEcr8hH98cQPXniwZ9HfyvsMFAL34CSy,0x0000000000000000000000000000000000000000000000000000000000000000,0,3621,1805,0,1000006770,1999987374,0.0000018049877
5QbFakDvkfZZHj9QpZHPnsSm33Jaj7tC9kPWqjwks4gV,0x0000000000000000000000000000000000000000000000000000000000000000,0,3146,1568,0,1000009933,1999981153,0.0000015679844
Bq8tSdfLjduVxgeEfgTrpfrkAak5JEQd4hyLzjuPpyk4,0x0000000000000000000000000000000000000000000000000000000000000000,1777,0,0,3543,1000011710,1999977610,0.0000017715198
95bTEifSSVqa3jYMQqv9X5aVUzJ7SqZ3BsTbWfgiRfmQ,0x0000000000000000000000000000000000000000000000000000000000000000,0,3820,1904,0,1000011501,1999978007,0.000001903978
GPjUVzE9qCCmyN3ZT6QNR9kgc3tfYEgXqfTpB7zwrGgm,0x0000000000000000000000000000000000000000000000000000000000000000,2535,0,0,5054,1000013405,1999974187,0.0000025270326
HkaRj1XDqWFPEjSh9LJwDULmod6ixbAJhZpaN7Jrpb7r,0x0000000000000000000000000000000000000000000000000000000000000000,0,2555,1273,0,1000004301,1999992476,0.0000012729945
7a3m5CQB9LLkWCFpCAbTSac7NdRNjT2F2rUvqjoRS3b3,0x0000000000000000000000000000000000000000000000000000000000000000,0,4049,2018,0,1000009692,1999981659,0.0000020179805
8RHDdS9QZvnmwb58n24x2tVDCLh9PDLJqBvyPHz6E4i8,0x0000000000000000000000000000000000000000000000000000000000000000,0,1591,793,0,1000007436,1999986185,0.0000007929941
2FtCrUXjpWQ71FS1DemD5pdMsaSxzPXomUEAA9VGnkQZ,0x0000000000000000000000000000000000000000000000000000000000000000,0,3736,1862,0,1000005574,1999989921,0.0000018619896
AEZjE3W2iQRuNpqpfhkyq4Um6q93gkDRy7eixvDhSS5v,0x0000000000000000000000000000000000000000000000000000000000000000,0,2935,1463,0,1000008229,1999984594,0.0000014629879
8mfB2KozT8hySB3V45ydXQkaG83YPL6Ym6NHfMbj65Ep,0x0000000000000000000000000000000000000000000000000000000000000000,0,1100,548,0,1000003753,1999993576,0.00000054799796
3hzG3qekdZLMB4wfeJkE6RBGTSXDd8yhX5iYcMsY7bFr,0x0000000000000000000000000000000000000000000000000000000000000000,1694,0,0,3377,1000005447,1999990199,0.0000016885083
74XZhrnfm7pf3N697MsZUBipr8ZxPJsoeVawPXcRs4Zj,0x0000000000000000000000000000000000000000000000000000000000000000,2941,0,0,5864,1000007417,1999986283,0.0000029320202
3gKGSX2Qjvxc9DWVWqdyWEZEk7uxoeneu5XuPDjo4Pqv,0x0000000000000000000000000000000000000000000000000000000000000000,0,1948,971,0,1000004476,1999992147,0.0000009709956
5LgGuYpKmmRazRc3ikccef9JCTcAgGmTK6Gwdfjzb8fM,0x0000000000000000000000000000000000000000000000000000000000000000,2475,0,0,4935,1000012493,1999976216,0.0000024675294
8WAJRsQCM8zEQupk9FNvKUx2BXrJZGfP2R4VCuwS77fJ,0x0000000000000000000000000000000000000000000000000000000000000000,1083,0,0,2159,1000013824,1999973590,0.0000010795143
6ZFtUe4mpXwrvUWwdaGxz2uhZQw64CKfqAYLtSbFdR5,0x0000000000000000000000000000000000000000000000000000000000000000,0,4572,2279,0,1000012110,1999976954,0.0000022789725
7NvtpQqn6mzaRn6gGkfPphD7pXuCFH8kUDJVh7poG1zP,0x0000000000000000000000000000000000000000000000000000000000000000,3940,0,0,7856,1000014389,1999972382,0.0000039280544
CxnVnnSFakhgHZPuEYenQ1gG3Tf8UacM8f6MKpthRoCm,0x0000000000000000000000000000000000000000000000000000000000000000,1667,0,0,3323,1000020070,1999961137,0.0000016615323
5NYpjJF5pjx6Xd2a9LDhe9rhVQNjmoJbuvQVKo8y8zP1,0x0000000000000000000000000000000000000000000000000000000000000000,0,4244,2115,0,1000012741,1999975749,0.000002114973
Dr1ABnRCVFfvmw2zNGqTZaiQGWLU3WP2JuXY1BB87C8o,0x0000000000000000000000000000000000000000000000000000000000000000,2363,0,0,4711,1000014856,1999971505,0.0000023555335
3umTKBmT1NDQTB2YoeGUyqEeWde2EBxYio76PvEempeB,0x0000000000000000000000000000000000000000000000000000000000000000,0,4197,2092,0,1000010018,1999981151,0.000002091979
4UP7pDhzats44mX6A1nyDk98CEFFQctVDA57Lrd5xnmz,0x0000000000000000000000000000000000000000000000000000000000000000,3032,0,0,6045,1000010449,1999980238,0.0000030225299
6BN1e7qgvt88Q4cv8oXdGSaoMXoWPff7eLtZCZXLZmtW,0x0000000000000000000000000000000000000000000000000000000000000000,4579,0,0,9130,1000018403,1999964460,0.0000045650813
4fN6c3n2BpAR5XxE2wvFkRzX5F3roTdGoXzASoRYjy2M,0x0000000000000000000000000000000000000000000000000000000000000000,0,3212,1601,0,1000017398,1999966518,0.0000016009722
AGPrqMer7Juca7onV914fMhGhFYWzVvQkq1n2h1v5g5a,0x0000000000000000000000000000000000000000000000000000000000000000,0,3154,1572,0,1000015826,1999969672,0.0000015719752
8u9txiaHGd4ZyoknGcXv9PuVRY7BLD6gBY2MkDFmwt5g,0x0000000000000000000000000000000000000000000000000000000000000000,4715,0,0,9401,1000020541,1999960271,0.0000047005933
GhwPccivHcQxo9ipHnk6crzD5hj7irSkq6j52XsBHhs4,0x0000000000000000000000000000000000000000000000000000000000000000,0,3062,1526,0,1000018544,1999964199,0.0000015259717
58YNMDd9ofZbcrG78Sio2QQ5BwFgry786k3NJrVLQTAw,0x0000000000000000000000000000000000000000000000000000000000000000,0,2101,1047,0,1000017497,1999966300,0.0000010469817
F9MA4g9aXtHj4iRNZ6sWXWk4b3TuMiWhamxC3CEU5Tca,0x0000000000000000000000000000000000000000000000000000000000000000,1502,0,0,2994,1000018999,1999963306,0.0000014970275
Hvr7CeaVoUDZk7M1V7DsVURZebUkZhuScZPjMcHQ9Xqn,0x0000000000000000000000000000000000000000000000000000000000000000,2503,0,0,4990,1000029042,1999943323,0.0000024950707
936Ym1mqNza76FFNL59pUHBAxtDnq3Q6V9Q3q5MDzM65,0x0000000000000000000000000000000000000000000000000000000000000000,1933,0,0,3854,1000023971,1999953433,0.0000019270449
HaAR88zkbJbW8WXMUKFQv4MsjyWhwDqaA5V11bYh6JHX,0x0000000000000000000000000000000000000000000000000000000000000000,1497,0,0,2984,1000022038,1999957287,0.0000014920319
3p5caLNjEebB8Za6cuFirzUGnDRY7e57LS5pwKbi4mvv,0x0000000000000000000000000000000000000000000000000000000000000000,2568,0,0,5120,1000026539,1999948313,0.0000025600662
C7PiSHmjam7ckAPGanKgjQrApmY2NiKocCwGA37d3zr7,0x0000000000000000000000000000000000000000000000000000000000000000,2293,0,0,4571,1000031335,1999938752,0.00000228557
5kXXWn5yUUNRhg6HhVCxdKp5ou24QPYexvr4xXnnoNNX,0x0000000000000000000000000000000000000000000000000000000000000000,0,3183,1586,0,1000029749,1999941935,0.0000015859528
4rXpipG8zUySERS9NvbWfW61SoPBgRcPgkoJVL8nSE4G,0x0000000000000000000000000000000000000000000000000000000000000000,0,4989,2487,0,1000029268,1999942925,0.0000024869273
5goMEinQn36mCLQosAWwisQYfyPz3Z7BT6kc3T4qvEZG,0x0000000000000000000000000000000000000000000000000000000000000000,0,2222,1107,0,1000033949,1999933607,0.0000011069625
HKvMZshqgWy3BaCTkCaXuh7GLRLNa5a8h2y7qFAh2HqH,0x0000000000000000000000000000000000000000000000000000000000000000,4557,0,0,9086,1000033825,1999933839,0.00000454315
2nE3v8GeC2QKgQNXmFrBfnM6rDHzAs6ic9B9vWManNhr,0x0000000000000000000000000000000000000000000000000000000000000000,2006,0,0,3999,1000031755,1999937936,0.000001999562
8J2AHmtZgEfwhRJoy37AD7wMFcozB65JysiRLD57SPYV,0x0000000000000000000000000000000000000000000000000000000000000000,1231,0,0,2454,1000035056,1999931385,0.000001227042
9dToDLt9XYkETyk15AUtFX2Q8LNpuhwUNPDFeQCM9hHi,0x0000000000000000000000000000000000000000000000000000000000000000,2374,0,0,4733,1000032651,1999936242,0.0000023665755
5G1UBGaeYxHoy6yABkDYkKJYCp88MVocFyhNHgUbLk9j,0x0000000000000000000000000000000000000000000000000000000000000000,0,4489,2237,0,1000030277,1999940975,0.0000022369322
6tNbah3VyX6NqDwQoLaEVdURbgmvECAVPuGXuuEDSZgo,0x0000000000000000000000000000000000000000000000000000000000000000,0,2879,1435,0,1000032514,1999936486,0.0000014349533
29iS1p3AQT2t2rB11efoDoTf1hCXKCfUUAUVR2nqB6BE,0x0000000000000000000000000000000000000000000000000000000000000000,0,2400,1196,0,1000031455,1999938642,0.0000011959625
J9UQ79P8CcZmcDrtqBHGJHfTzZDDQuSEDMFECysRkFMe,0x0000000000000000000000000000000000000000000000000000000000000000,0,3905,1946,0,1000029509,1999942547,0.0000019459426
3MDMuY7nHFY1b1Xt45obPSLcfyfEmiR42am4Cakn5bQg,0x0000000000000000000000000000000000000000000000000000000000000000,0,1044,520,0,1000028989,1999943591,0.00000051998495
z9Vmyw2P6rCQqE3qS5CXMGSuwDP3CUCBgVqx83PY43n,0x0000000000000000000000000000000000000000000000000000000000000000,2830,0,0,5642,1000041480,1999918745,0.0000028211145
9k2kFdx9yMDrH9gp6RwhikRmZz68GUBMT6jhYRzBBrcR,0x0000000000000000000000000000000000000000000000000000000000000000,1183,0,0,2358,1000027482,1999946630,0.0000011790314
3jnTnSgiWn6ZPhAcnbVoy2TUb9fMHmNd1aPgBVagLpbb,0x0000000000000000000000000000000000000000000000000000000000000000,1995,0,0,3977,1000035581,1999930483,0.000001988569
EpAHk2FBkY6fyKLpC3k6H5MfqV2rE33AiXpfHoi3kTk2,0x0000000000000000000000000000000000000000000000000000000000000000,0,4317,2152,0,1000026299,1999948988,0.0000021519434
3YUXCeEwRpsbh5kGdqiefvhUevJjdpfTSsc1hAeu846s,0x0000000000000000000000000000000000000000000000000000000000000000,4864,0,0,9698,1000033586,1999934460,0.000004849159
2tMXS9wptCmcHWZpyWcXiqzsHkh6qZgUK4aXq9G5A4u8,0x0000000000000000000000000000000000000000000000000000000000000000,2136,0,0,4258,1000046284,1999909206,0.0000021290966
DUumsGTS3hP6gBnzScXPrJTiJyNScDzhW53wYmZrMSyc,0x0000000000000000000000000000000000000000000000000000000000000000,2772,0,0,5526,1000047454,1999906895,0.0000027631286
BmoYw4HouC3bQ2GoquNKSesjvNSRyUFwv69vsC1HAjKi,0x0000000000000000000000000000000000000000000000000000000000000000,0,1689,842,0,1000040638,1999920434,0.0000008419658
EVGwJFbzE8VqWQPKqQN7hL3G5dMjX3M47XLh4Wt11y7N,0x0000000000000000000000000000000000000000000000000000000000000000,0,1694,844,0,1000043843,1999914055,0.000000843963
Fbja7yZDYSntHscLYv1BzgPGEYKtKtypRQbS7HfjAD6m,0x0000000000000000000000000000000000000000000000000000000000000000,0,3215,1602,0,1000044682,1999912421,0.0000016019285
FbxBYFpJev4K4eW7gF3MNGwsREwxwYw5RyATrCLgQLfm,0x0000000000000000000000000000000000000000000000000000000000000000,0,1080,538,0,1000028451,1999944671,0.0000005379847
EaoFrR7fJCz3F763BkzmE7of24Sy3QePu76Liw6DXPL5,0x0000000000000000000000000000000000000000000000000000000000000000,0,2487,1239,0,1000044148,1999913464,0.0000012389453
CjMmKrit7jccx9UiDTxyTEUx9UgUfGF9drF2JfZNePqJ,0x0000000000000000000000000000000000000000000000000000000000000000,4049,0,0,8073,1000044687,1999912361,0.000004036677
TkX43RXNYh4fz6DeNCKb9x2cge4Y8J6gdfx8jUF3QEX,0x0000000000000000000000000000000000000000000000000000000000000000,0,3717,1853,0,1000033728,1999934200,0.0000018529375
2dfhR4Vh4ZXXKYXqDQEuZLTr3d9ZRpsCpVTLiCVgpv6H,0x0000000000000000000000000000000000000000000000000000000000000000,1544,0,0,3078,1000045387,1999910977,0.0000015390684
4mtmiRXWKmeio7DWLa15b5FPKNW6oHf75rBqhdkz1Fnq,0x0000000000000000000000000000000000000000000000000000000000000000,1240,0,0,2472,1000028722,1999944158,0.0000012360344
FgNHzA249g4LyVN8k2a4pS1Q7ACLwwfUWJqiaVVFQZrp,0x0000000000000000000000000000000000000000000000000000000000000000,4922,0,0,9813,1000038650,1999924387,0.0000049066857
4o5rYib5LszNrDdxcetsk1j1S7orACq5zfhoUXzLzAjU,0x0000000000000000000000000000000000000000000000000000000000000000,0,4349,2168,0,1000045286,1999911244,0.0000021679018
HCXc3XxUmaAYRB9PLc9GcNacH772csqzdFz3CFjUaXpx,0x0000000000000000000000000000000000000000000000000000000000000000,0,2659,1325,0,1000043961,1999913903,0.0000013249418
FrxtHoWtCfbJPsWHB7f9SgzRnxyFDXHCFrCTGcfxStN1,0x0000000000000000000000000000000000000000000000000000000000000000,0,4552,2269,0,1000041692,1999918455,0.0000022689055
FKcRak5WZEfTNcYbVNuk2G3D1FxvWBhxVSchvrBqr1am,0x0000000000000000000000000000000000000000000000000000000000000000,4380,0,0,8732,1000046072,1999909723,0.000004366197
HMe3x8Q9txkz3gmV3A4u4u8sp2TX5goJuHajDDbQwNFE,0x0000000000000000000000000000000000000000000000000000000000000000,0,1997,995,0,1000045077,1999911720,0.0000009949551
Hoa8DjtEZ4A2Sojjgon5nFahrCDxtrxzjTnYDwxpoexW,0x0000000000000000000000000000000000000000000000000000000000000000,0,4782,2384,0,1000042693,1999916502,0.0000023838982
CrfSB1AUe9C16wwhhuQj2j45tTYWCJLGeFwMLCk5LTvJ,0x0000000000000000000000000000000000000000000000000000000000000000,0,3232,1611,0,1000051244,1999899513,0.0000016109174
3AWjd1hWvDTWAzuSDAT2RUjBe9ZgibBhg5FGWpETpeqo,0x0000000000000000000000000000000000000000000000000000000000000000,3855,0,0,7686,1000046548,1999908816,0.000003843175
Hw4XF884YqicoVgreJLbiPzX6xQTsjejUYFn8TDmspya,0x0000000000000000000000000000000000000000000000000000000000000000,0,3541,1765,0,1000044783,1999912357,0.000001764921
GL9JtkHnaE4CiNPVN1XcwicMHovf3kZrjaoAo3WpbZ77,0x0000000000000000000000000000000000000000000000000000000000000000,4146,0,0,8266,1000052855,1999896281,0.000004133214
DZvRknkr8hvyVUiM6byhWrMWqBjhcisr7t8n7QeWi4CC,0x0000000000000000000000000000000000000000000000000000000000000000,3645,0,0,7267,1000047194,1999907567,0.0000036336678
2VcVLxTzRoUBtud6Ai29CLYV9VbwWaNTihEPFQfCqaRp,0x0000000000000000000000000000000000000000000000000000000000000000,1515,0,0,3020,1000048709,1999904547,0.0000015100721
5u8vR19pUYVNFnQeRX2HtHNfJqKJMdWysDvucZmshGnb,0x0000000000000000000000000000000000000000000000000000000000000000,0,2477,1234,0,1000043549,1999914834,0.0000012339463
GuKdxEaeVrNn9hNUrVoGyNWyMdVBTch7JsWGwWiyhKmW,0x0000000000000000000000000000000000000000000000000000000000000000,0,2608,1300,0,1000074849,1999852503,0.0000012999027
AjKhVXThvvY1ytbJwcGnk1nciLRNh56ipyRgBkaMkhzX,0x0000000000000000000000000000000000000000000000000000000000000000,4503,0,0,8977,1000081377,1999839489,0.00000448886
GfkWXWrBjaCRvXzSrMKMgShhrv6AVwnRfkmCNMCQ4gK7,0x0000000000000000000000000000000000000000000000000000000000000000,2025,0,0,4037,1000076874,1999848466,0.000002018653
F4pm8mRSYRWa3a5HCWrPLUhZsSh2iS8JARtgwLsKHy87,0x0000000000000000000000000000000000000000000000000000000000000000,0,2812,1402,0,1000084502,1999833276,0.0000014018816
45VRk7TEhkFZw7dkWYMBqppe2PQdTpMsbcsfa6fVc6aG,0x0000000000000000000000000000000000000000000000000000000000000000,4527,0,0,9025,1000085904,1999830464,0.0000045128822
GBivwJBqunvPDp52sk79aWGftUMWGgjqht3mbifZ3MRg,0x0000000000000000000000000000000000000000000000000000000000000000,0,1779,886,0,1000083616,1999835055,0.00000088592594
BGnk7nr4upwZtLWQ25VYtsFpnY2kTchURtzL22MnyyVA,0x0000000000000000000000000000000000000000000000000000000000000000,4237,0,0,8447,1000086174,1999829976,0.000004223859
iVx21tnbnnXpFeAuEDcufMbizQdvkxbcGBv6Y4CypNW,0x0000000000000000000000000000000000000000000000000000000000000000,0,2350,1171,0,1000086455,1999829449,0.0000011708987
AcAjtEUrZLXq1GQuY3DEmqf29etin1gbUi3Xqda6wpQz,0x0000000000000000000000000000000000000000000000000000000000000000,0,3368,1679,0,1000081937,1999838423,0.0000016788624
4xLKNEQ6BzxJzFTefV6KfECyi1gsb1sJ3PaBSnJqe1MQ,0x0000000000000000000000000000000000000000000000000000000000000000,0,2487,1239,0,1000084935,1999832463,0.0000012388948
D1yuQuNwLprB2TRqLgaSyXCkmT1xcF1DqrEbrtYXKTzA,0x0000000000000000000000000000000000000000000000000000000000000000,2691,0,0,5364,1000087626,1999827099,0.000002682232
Brk9uhPifVf12m7TVNJvnVR22vcn5PwwocdCq8K8GcNP,0x0000000000000000000000000000000000000000000000000000000000000000,0,2391,1192,0,1000085263,1999831840,0.0000011918984
2issbJmxsVLhzosYvkSJAV8otFregKm2TGAY9GpE33sU,0x0000000000000000000000000000000000000000000000000000000000000000,1923,0,0,3833,1000102871,1999796935,0.0000019166946
6uaX7yX7cX1bupuH9Le9WxFsAZY1oUsHkPn3AxSbikbh,0x0000000000000000000000000000000000000000000000000000000000000000,1373,0,0,2737,1000101307,1999799983,0.000001368637
3FT7i7MPRFQoX69GEXQtQo61o7KJzHzqFbWKPW2joLaf,0x0000000000000000000000000000000000000000000000000000000000000000,2125,0,0,4236,1000100948,1999800768,0.000002118211
HrPLMochsqQuUzhpEKsYt3Uz17vw68xMhboEGYejVcp1,0x0000000000000000000000000000000000000000000000000000000000000000,0,4816,2401,0,1000097597,1999807425,0.0000024007657
5wFfHArLaDy4qTkxY1pKki2paeCRKonid57x2qDR8714,0x0000000000000000000000000000000000000000000000000000000000000000,0,3483,1736,0,1000098823,1999805004,0.0000017358285
JBhvMKa2TzF9gbHsugbLsD7yeJ4y73yZLZ3HfqsimE4c,0x0000000000000000000000000000000000000000000000000000000000000000,1908,0,0,3803,1000099505,1999803622,0.0000019016867
CW2Sko1wJaaHnNRgNfqpFScYALSWqABRukGjrN3u1i3M,0x0000000000000000000000000000000000000000000000000000000000000000,1054,0,0,2101,1000100559,1999801521,0.0000010506043
Go67fmdN2toWJ9zCV8WKqPXako4TKXtT9e3GcKGHPf6z,0x0000000000000000000000000000000000000000000000000000000000000000,0,2626,1309,0,1000099998,1999802609,0.0000013088692
3GnGcogeqk9UkjmRjTWUMEApE3xyCDpH4ZvHE3wPAJh4,0x0000000000000000000000000000000000000000000000000000000000000000,0,2111,1052,0,1000103460,1999795811,0.0000010518911
9a5L9eHzPyVVRwsVy7rqJ5zZ1v9wo1TTnYaZ82kpS7Qz,0x0000000000000000000000000000000000000000000000000000000000000000,0,2094,1044,0,1000105106,1999792508,0.0000010438903
5ocNBPySLJ4e8osNLej8k8fJjWdVCF2ccRbHRyt936aa,0x0000000000000000000000000000000000000000000000000000000000000000,0,2396,1194,0,1000101677,1999799331,0.0000011938786
CQXx3w57GP7Xte754AhXWi4FbDpZGt2heXcX9kkW9aZQ,0x0000000000000000000000000000000000000000000000000000000000000000,4473,0,0,8917,1000106150,1999790414,0.000004458967
HVyMhbBXfVx7vjVBWfAsMsiRnqKAXhYMC7UjHvCqF4VB,0x0000000000000000000000000000000000000000000000000000000000000000,0,1192,594,0,1000104512,1999793700,0.0000005939379
2ZDogCDheJTC1cruQUq2yyeqfJ51myaF8mEiYEmA62sL,0x0000000000000000000000000000000000000000000000000000000000000000,3662,0,0,7300,1000116704,1999769426,0.0000036504207
7ed4G1VJwFUR5smhZQZK66FFTEBfySRuqEEdVt28Y9XX,0x0000000000000000000000000000000000000000000000000000000000000000,0,4235,2111,0,1000118855,1999765165,0.0000021107492
CqsM4roLUnJrMp5qWjamLhw2pTyH66B79NX8vqcUFSgv,0x0000000000000000000000000000000000000000000000000000000000000000,2970,0,0,5920,1000109466,1999783839,0.00000296032
5pdkrUmpc5FTCmJ4m4rR9ki4tMcp2DqZmTPZxMEkBtLe,0x0000000000000000000000000000000000000000000000000000000000000000,0,4418,2202,0,1000116060,1999770774,0.0000022017446
7xRcJFHNaCkZTXEf96Y2wjUFnN5tMJsR94MhpWNpzWB9,0x0000000000000000000000000000000000000000000000000000000000000000,0,2468,1230,0,1000113042,1999776726,0.000001229861
BfGmwP2rHGGnD3yFT2rf2WKmhPYHV2TCWkxFAReSEwHx,0x0000000000000000000000000000000000000000000000000000000000000000,3036,0,0,6052,1000106496,1999789759,0.0000030263182
5PDmXvNf716gTTvbKJy5etE1W2JaXv1CuMGvz6ZaMuZm,0x0000000000000000000000000000000000000000000000000000000000000000,4262,0,0,8496,1000120966,1999760930,0.000004248508
BQKUcxZRQxSZVqCHa3BV2h8fLcsADVMpWPxkTEJH6WKW,0x0000000000000000000000000000000000000000000000000000000000000000,0,1191,593,0,1000118262,1999766356,0.0000005929299
4bzVFiVhNGAyFiJsbr35hyRXdYmym1kVPWavM7hYdWRs,0x0000000000000000000000000000000000000000000000000000000000000000,1459,0,0,2908,1000117519,1999767866,0.0000014541688
HQVeuf9885ycJAmWpPD3wYGrG2Ea4fxG7NKEs97An8iz,0x0000000000000000000000000000000000000000000000000000000000000000,4806,0,0,9581,1000114272,1999774258,0.0000047910407
7WX52Dvc7MiCvaBaMVypHDGKL9SxBPwbiDDRDFXbD1q6,0x0000000000000000000000000000000000000000000000000000000000000000,0,4704,2345,0,1000119182,1999764609,0.0000023447205
7rPmVE2DTU3YXPsnYB3udp1LLdnJziKYiPAq4jEqWwQB,0x0000000000000000000000000000000000000000000000000000000000000000,2957,0,0,5894,1000119774,1999763381,0.0000029473488
AmJR6rzr7YJEDVhdf6YZQh9yNdfMdXmuXgUxfL2RE696,0x0000000000000000000000000000000000000000000000000000000000000000,0,1409,702,0,1000116817,1999769275,0.000000701918
HYbihyuG32QA9eMG4B1ZU1VHB2FpvTpCLV17YSwerAXe,0x0000000000000000000000000000000000000000000000000000000000000000,0,2695,1343,0,1000118431,1999766076,0.000001342841
2TPXM8DEmtg8CUkj2gAYHvdpt6LUkrq3yY1qSdAXg6Qq,0x0000000000000000000000000000000000000000000000000000000000000000,3096,0,0,6171,1000121527,1999759905,0.0000030858705
7zQxataL24U8H5mazURJ9AVLi3kg6s3VNbDaCdFyfRBX,0x0000000000000000000000000000000000000000000000000000000000000000,0,3100,1545,0,1000116565,1999769860,0.00000154482
99HRB7oK6cF5mJwRM9FaGrrYfeJ4EiJ3ZW8jiRZoaats,0x0000000000000000000000000000000000000000000000000000000000000000,0,1628,811,0,1000118609,1999765814,0.0000008109038
bZgMi6JqMkABWzvVwMbJ98VMXZ6tGAh9PXVCpauARW5,0x0000000000000000000000000000000000000000000000000000000000000000,0,2830,1411,0,1000115154,1999772690,0.0000014108375
DvFYwg1dQ82DYwqs5cg42gKtCR6fkUbfDKo1Pt4Cftbp,0x0000000000000000000000000000000000000000000000000000000000000000,0,2151,1072,0,1000118110,1999766760,0.0000010718734
9pNyScvfFG9wBTYvDVzCr4QzHNCimmE1nqYGwA8rAv1g,0x0000000000000000000000000000000000000000000000000000000000000000,4266,0,0,8504,1000119420,1999764186,0.000004252501
AgCfjZrxAhKFR3jrr5mxZPeNNJCzKKHQBrkm6dMzo112,0x0000000000000000000000000000000000000000000000000000000000000000,0,4905,2445,0,1000120510,1999762076,0.0000024447054
FwJ7qYj9T2sp5eHgFX8Z34k53YFigZc87waVDi4UJwz6,0x0000000000000000000000000000000000000000000000000000000000000000,1171,0,0,2334,1000122955,1999757171,0.0000011671417
5pVnsedTM7HmxfKbNJmrRyKynpXXjfRwPBZmYfHuki6R,0x0000000000000000000000000000000000000000000000000000000000000000,1046,0,0,2085,1000121556,1999759991,0.0000010426251
23SnEwrFUatme3DgkJcczaXwKda6LbjzqsrxygaoNCWy,0x0000000000000000000000000000000000000000000000000000000000000000,3650,0,0,7276,1000124704,1999753722,0.000003638448
EWgf9Xsqx6iFLhZGC2dWmg15M8LjbdmRARz4DYtE1vCC,0x0000000000000000000000000000000000000000000000000000000000000000,0,1007,502,0,1000121054,1999760998,0.00000050193927
6kejvEymLhbnjWwi7ahK1WHAEjxhCuVsbVNP9f5FcryY,0x0000000000000000000000000000000000000000000000000000000000000000,0,3130,1560,0,1000121784,1999759505,0.00000155981
GjV8Pk6ZHbXwHwnCU9Tnh6XPfMJwkSKv1PVKincfLhaq,0x0000000000000000000000000000000000000000000000000000000000000000,3366,0,0,6710,1000121975,1999759104,0.0000033554043
EfzQue3XCHdMaM4akxZQCmbFB6kFqCC3UiFxfzAdik8W,0x0000000000000000000000000000000000000000000000000000000000000000,1369,0,0,2729,1000123344,1999756375,0.0000013646662
8JSs15TVcgy8ESNPYaEQtJLkeDYkMqRMCXTjbuUBbTqk,0x0000000000000000000000000000000000000000000000000000000000000000,4483,0,0,8936,1000129187,1999744786,0.0000044685703
89a59vf2zZKdccBzyj26x2SiCwb5wULw3h6ru7t66mq9,0x0000000000000000000000000000000000000000000000000000000000000000,3054,0,0,6088,1000137051,1999729111,0.0000030444123
2mKMkAdC3Nh8TtWX8JpvsKaEmemCue9FQ5YtFRfuosvf,0x0000000000000000000000000000000000000000000000000000000000000000,2460,0,0,4903,1000133997,1999735199,0.0000024518247
FabQLNfepgUuN1g41P2sHzMe4r2GSBr3S6VXEnh8LVKX,0x0000000000000000000000000000000000000000000000000000000000000000,2350,0,0,4684,1000131537,1999740102,0.0000023423042
3wc537euN2DFqM4Ya5hnQsosZWgogKkXuvW33oNNvv8W,0x0000000000000000000000000000000000000000000000000000000000000000,0,4640,2313,0,1000144063,1999715164,0.0000023126668
F8RnnV49N86jd3jWe8s3N7r85wEDP1M6hsapFHXjBV4L,0x0000000000000000000000000000000000000000000000000000000000000000,3207,0,0,6392,1000146604,1999710109,0.0000031964635
C1j3D4sUNWfmQ8S4e2sDn7E4aTgjrbCFtvmya6KXMHrp,0x0000000000000000000000000000000000000000000000000000000000000000,1229,0,0,2449,1000138280,1999726662,0.0000012246674
F4w4WHmZwLvMXBnesnv7EiNE9JQKmvMJ36iqbbPC8rPW,0x0000000000000000000000000000000000000000000000000000000000000000,3934,0,0,7842,1000142214,1999718820,0.0000039215515
5dCq21VprKcfmomqhxWPmg5MVyLTYhu7t6PB7WBsdXd4,0x0000000000000000000000000000000000000000000000000000000000000000,0,1337,666,0,1000143397,1999716501,0.0000006659045
DUcwgjyujA7uHo8tfNVUL42eGvF4je4W4Ug2k5ouKLxA,0x0000000000000000000000000000000000000000000000000000000000000000,4162,0,0,8296,1000146376,1999710524,0.0000041486005
N7idAVuNzGbeDjiLT2xzSuAd1QTt7ww4ZM6ML9c7gCv,0x0000000000000000000000000000000000000000000000000000000000000000,1986,0,0,3958,1000148590,1999706151,0.0000019792908
7RoZDb9oPFxQ7oxcQDREptEzyKgRziNRsJ8ekzbBE6mn,0x0000000000000000000000000000000000000000000000000000000000000000,0,2046,1020,0,1000147570,1999708197,0.0000010198495
Fy6hfqmbKgqakfc7cxAZ71e388x1JpWxELMS7Qkue3gw,0x0000000000000000000000000000000000000000000000000000000000000000,3728,0,0,7431,1000151298,1999700766,0.000003716056
DzytVG3wvc7bbofQmHuyQpdZHmChnUJrYc2qjyAkne4B,0x0000000000000000000000000000000000000000000000000000000000000000,0,3550,1770,0,1000147961,1999707460,0.0000017697381
8Yf3nF5s3ZGSrxEFgep8ZL8aWg6G8Fa2CcYp9geLHWH7,0x0000000000000000000000000000000000000000000000000000000000000000,0,1404,700,0,1000151869,1999699679,0.0000006998937
4F7uyzCdnu2ikD55nXujMAUBM2KVmnLXs7bCdrwceDCZ,0x0000000000000000000000000000000000000000000000000000000000000000,4608,0,0,9185,1000152569,1999698275,0.000004593193
3Ao8c6NgxSr2MC95DdtSx7fQ7jwrzPNHjt7tVRD5nohm,0x0000000000000000000000000000000000000000000000000000000000000000,0,2708,1350,0,1000150519,1999702387,0.0000013497968
GtsYHN18ZKsESb88UAHYgXrM7zfSZYambSq1xhcUAS5z,0x0000000000000000000000000000000000000000000000000000000000000000,0,3144,1567,0,1000149731,1999703910,0.0000015667654
fXeo5xRCH3SB3tZ75MiDwUtDSRX4BeE2dcuu7Pw1Gt4,0x0000000000000000000000000000000000000000000000000000000000000000,1266,0,0,2523,1000151785,1999699864,0.0000012616894
5S1oJ5PNgx9Lcjg58HMWA3kKkMqikptLitdt7eifvFeM,0x0000000000000000000000000000000000000000000000000000000000000000,0,3486,1738,0,1000152959,1999697564,0.0000017377342
EUYuvMD6YfjNysXLdBdonFqxg4s1xWkezYQVFwm5YZeF,0x0000000000000000000000000000000000000000000000000000000000000000,4664,0,0,9297,1000160693,1999682156,0.0000046492387
DHbeKnqYSRFzfbmzRTq62aTLugEUdeqNVs2TmPF1jZQD,0x0000000000000000000000000000000000000000000000000000000000000000,0,1334,665,0,1000152294,1999698898,0.0000006648987
FFhyJwfmdt4aLE18hentJYrGJNEqfaeMKKXXEgZQAWys,0x0000000000000000000000000000000000000000000000000000000000000000,0,2013,1003,0,1000160317,1999682945,0.0000010028392
BHsxdKD2CuDhtoCY6v4AbcEUwjgUAujmm9JLQDfgc9VQ,0x0000000000000000000000000000000000000000000000000000000000000000,3735,0,0,7445,1000156029,1999691453,0.0000037230745
6gcJtYHgy86Evn1ioqx5UXuovztfX2cSy9qs4XgQ25R2,0x0000000000000000000000000000000000000000000000000000000000000000,0,4608,2297,0,1000158020,1999687553,0.0000022966371
8FPukTqVz9c1adJudUnabh8f8XDD4uXkMPiPi7dJfGht,0x0000000000000000000000000000000000000000000000000000000000000000,0,4445,2216,0,1000155804,1999691998,0.0000022156548
4RQXNH27Naqw7KA8L6ToZFixhaVJTKYMbxvaKrMYMpUw,0x0000000000000000000000000000000000000000000000000000000000000000,2561,0,0,5104,1000163254,1999677052,0.000002552412
D8t1gUBEY1hHfGqT65o1GBARJaTs3EQ9KNkY914uvDKz,0x0000000000000000000000000000000000000000000000000000000000000000,0,3880,1934,0,1000161320,1999680932,0.000001933688
AQsDvriNyoqFzdmAZbKB1HZPTmus8icCAfZEde7riiSs,0x0000000000000000000000000000000000000000000000000000000000000000,4245,0,0,8461,1000154697,1999694078,0.000004231147
6tsH6wvZGv6zWdgjaFHepU9326iX43WJZjXYeBKHFs7q,0x0000000000000000000000000000000000000000000000000000000000000000,0,2675,1333,0,1000150452,1999702539,0.0000013327995
5innsiPKXSyyUsgLo4z7P6mvzWFpYqyAJy9E6jKt11SA,0x0000000000000000000000000000000000000000000000000000000000000000,3289,0,0,6556,1000159093,1999685442,0.0000032785156
6BRDNKJ2Vn5G5vJMNBG9pouweYpo3xtvfS7jntpMSANH,0x0000000000000000000000000000000000000000000000000000000000000000,4745,0,0,9458,1000163838,1999675984,0.0000047297663
CvVDi1eWqduMDRS2bcZ8L87W5HDozNreV8Q1nL2Yfo5a,0x0000000000000000000000000000000000000000000000000000000000000000,0,3262,1626,0,1000161863,1999679976,0.0000016257369
HorgCxQFwSQQQWt2W1XSYNypRxsbmcc3N1GubTPiCtCo,0x0000000000000000000000000000000000000000000000000000000000000000,2353,0,0,4690,1000164859,1999673966,0.0000023453824
7tWhQqvDpVW1Ln9L5yu8noC2nffuK91G6yYppgsP3LT4,0x0000000000000000000000000000000000000000000000000000000000000000,0,2672,1332,0,1000162506,1999678656,0.0000013317836
7FaEudnBbEcUjiHwX7toiZ8QNYQhzoCNddKvcKNdxV9S,0x0000000000000000000000000000000000000000000000000000000000000000,0,2748,1370,0,1000163489,1999676714,0.000001369776
3fbgcJP2KLVkrEuh4tq8qubquFraQ1riUEsxNrS71gXX,0x0000000000000000000000000000000000000000000000000000000000000000,0,4607,2297,0,1000169436,1999664974,0.000002296611
GrMn3K4wuossegVdhW8tauVtptbyCgkJidRogGzNV7cq,0x0000000000000000000000000000000000000000000000000000000000000000,3012,0,0,6003,1000171733,1999660367,0.0000030020096
8AfPymycUgnhxt5JqfUsQnZRjVD2uDLs4knFDBvGAjeK,0x0000000000000000000000000000000000000000000000000000000000000000,1579,0,0,3147,1000171015,1999661827,0.0000015737661
WsRjM7tGkSkSi3WJzS1DnSL4Px8dU7LftruYKv2AajL,0x0000000000000000000000000000000000000000000000000000000000000000,3529,0,0,7034,1000174544,1999654793,0.0000035176072
5j46TTzVabXVtBzjHKKuRAQWEPaBf4yWNQJC4WiJZJCJ,0x0000000000000000000000000000000000000000000000000000000000000000,4161,0,0,8294,1000180703,1999642592,0.000004147741
JC3cCFx5Dhm8H2yF2godVurgDX1LWJq9wkU7FBUYQfQk,0x0000000000000000000000000000000000000000000000000000000000000000,3675,0,0,7325,1000178219,1999647468,0.0000036631457
uuyNq8tr1eZLkJ7WMRqh6i366A4S81JxwLLnv3ueSGK,0x0000000000000000000000000000000000000000000000000000000000000000,0,3050,1520,0,1000160343,1999683026,0.0000015197563
HNNkzqtTnw2GbkmcucmCQB9zdhkdgWGQJ8BWDWcpAdpM,0x0000000000000000000000000000000000000000000000000000000000000000,1973,0,0,3932,1000191183,1999621705,0.0000019663719
Hapgf7L7oMGGZFiqj8NeMNPQin98K4ZzcSjyT5Pxqn1q,0x0000000000000000000000000000000000000000000000000000000000000000,3668,0,0,7311,1000168708,1999666353,0.00000365611
BqTSvkHgyBqd83kQaSSccWCSTNs4LQZjQcdpZwWEHhfi,0x0000000000000000000000000000000000000000000000000000000000000000,1023,0,0,2039,1000176542,1999650886,0.0000010196779
5x1sgYvhQKR3v4ZHKF3yFcn2c7sLAhgiKPU1dnQzAs58,0x0000000000000000000000000000000000000000000000000000000000000000,3860,0,0,7693,1000189210,1999625637,0.0000038472203
tC3oZM2cabkucjg9cJi4jS86D1cY5t3j4GrtuUPXWxP,0x0000000000000000000000000000000000000000000000000000000000000000,0,4680,2333,0,1000188850,1999626385,0.0000023325595
3aTxWx4URuw3FJQX8acia5CJd6uuSQaPWbXMbWZQUqxs,0x0000000000000000000000000000000000000000000000000000000000000000,2010,0,0,4006,1000170197,1999663407,0.0000020033372
FsuQni1YoYEytvNKhZBBsZr6bqcJDnFhd8cnipg64ZQq,0x0000000000000000000000000000000000000000000000000000000000000000,0,3901,1945,0,1000174137,1999655655,0.0000019446613
7RSgMz32zQmeoD33fG1rn29iQGqUBZkNUYNrFSE1uQ8J,0x0000000000000000000000000000000000000000000000000000000000000000,0,4286,2137,0,1000176082,1999651754,0.0000021366238
B5bLEtLindyS4N6KVL687PrnjeRruWkxFQNmB6WjcpqV,0x0000000000000000000000000000000000000000000000000000000000000000,0,3236,1613,0,1000167095,1999669589,0.0000016127306
HV7PTjSJWDQ916qGQkN5WGQ3aHHFPusNBiUUGhoGWLQX,0x0000000000000000000000000000000000000000000000000000000000000000,4647,0,0,9262,1000185350,1999633330,0.000004631849
F5px8wfFV1MJHGJgNT1WaG1AgM28nwjpMwtK7odj2Mjq,0x0000000000000000000000000000000000000000000000000000000000000000,1092,0,0,2176,1000168187,1999667413,0.000001088181
65Wq6Z2Tea3h5DTQtvK4B4b7vDM1WMCFW5dMPznhBbwP,0x0000000000000000000000000000000000000000000000000000000000000000,0,1606,800,0,1000169397,1999665013,0.0000007998645
G6XsCPvMbc8jvrZFztXjbPUfYFeszJdo7MtPXJoXH39z,0x0000000000000000000000000000000000000000000000000000000000000000,0,1357,676,0,1000168721,1999666370,0.000000675886
5S2Vrn8dsCRkdKkok1PjzKdPBZXsdCg3rt4tJYupVV7,0x0000000000000000000000000000000000000000000000000000000000000000,3408,0,0,6793,1000177545,1999648862,0.0000033970964
FxFApYUNA1PDJfQwQpfKpAsrkEuAjYmn5TQzBxG5f7ui,0x0000000000000000000000000000000000000000000000000000000000000000,4697,0,0,9362,1000165040,1999673664,0.000004681764
CcB6hGhyoLqsGf89vJtxZvaaEZobejJtzt29cMBvju7N,0x0000000000000000000000000000000000000000000000000000000000000000,0,4063,2026,0,1000175519,1999652925,0.0000020256446
4ZaewjB9nj4p9wNqR7d5GeHsCAVPEuAx6S1sHrnUhq15,0x0000000000000000000000000000000000000000000000000000000000000000,0,1066,531,0,1000191336,1999621438,0.00000053089843
4ZgcxjcTNgssd5JWEoJERGwqVgTSQhN6Fj9vFNGiXEcF,0x0000000000000000000000000000000000000000000000000000000000000000,3376,0,0,6729,1000194712,1999614709,0.0000033651484
BgRDaRCw5CKEq6df3cZ47mMeaKz1hBGtSo3Y2r6jK1op,0x0000000000000000000000000000000000000000000000000000000000000000,3017,0,0,6013,1000191867,1999620372,0.0000030070707
9ZVhXyEsguSSKa18cwnVKV9sS8BtS25Y6mim8P6Qv21f,0x0000000000000000000000000000000000000000000000000000000000000000,3485,0,0,6946,1000212681,1999578922,0.0000034737313
65wNmoo4y2Vtw4utdqNNHdQwMqHz6nJvdyg3VHSytkCs,0x0000000000000000000000000000000000000000000000000000000000000000,1732,0,0,3452,1000208488,1999587271,0.0000017263562
DLnciKriSEz5swPiFqYdTmc8K7tkLWCg1Bi6yZn7hntz,0x0000000000000000000000000000000000000000000000000000000000000000,4402,0,0,8774,1000197563,1999609046,0.0000043878576
DM98UjjckXXamZLbVip4DxSrhJFqGdYTpToZqXSDscyK,0x0000000000000000000000000000000000000000000000000000000000000000,4842,0,0,9651,1000202405,1999599395,0.000004826467
Fi65MMLnQsAuMNtoeQ1bmP4gtEtVBL5pjpwwWUmnjf8n,0x0000000000000000000000000000000000000000000000000000000000000000,0,1044,520,0,1000209196,1999585868,0.0000005198912
5STMAiYBbN9yUNiufV4aUhAGBme63j7uYNBD31BBC4CV,0x0000000000000000000000000000000000000000000000000000000000000000,1228,0,0,2447,1000209716,1999584824,0.0000012237541
GqecXafAT1NwNWB2NUGX6DqaCW6Vo1TbmaJZqBpd2CoX,0x0000000000000000000000000000000000000000000000000000000000000000,0,3111,1551,0,1000193161,1999617820,0.0000015507005
9XrnDaWfYjARvW12Mkh5eiejEt9ikgE6H5TdN7uX7Hmq,0x0000000000000000000000000000000000000000000000000000000000000000,4351,0,0,8672,1000206756,1999590723,0.0000043368873
EBm94KmPYFKK3pt9R6j1LUxmsDNqzi2mrgPsviYhpUga,0x0000000000000000000000000000000000000000000000000000000000000000,0,1062,529,0,1000216521,1999571276,0.0000005288855
G88R9c6RpME6U9Q99ESGvZpmHCkhDRfMfHoasgnp5jfp,0x0000000000000000000000000000000000000000000000000000000000000000,4369,0,0,8708,1000217050,1999570214,0.0000043549358
AKbv35w67tgyxPnH7bWDJNyfrshwqyfEYiRDfBhh2s9L,0x0000000000000000000000000000000000000000000000000000000000000000,2619,0,0,5219,1000243131,1999518326,0.0000026101286
GRHHk2zHRCH17S4FKmJ5F2kjT8CE2i4DRQ2Vaz1Yk5Ne,0x0000000000000000000000000000000000000000000000000000000000000000,4083,0,0,8137,1000240512,1999523545,0.0000040694695
9n1teM9s9gqMHKeddfrpcxB4yU51TgQQZmv8p589V2iK,0x0000000000000000000000000000000000000000000000000000000000000000,0,1323,659,0,1000232409,1999539669,0.0000006588469
7baTTFRXFvfYG4CpXJcK6oYwcPadbUJq7MKCZmChCWF4,0x0000000000000000000000000000000000000000000000000000000000000000,2349,0,0,4681,1000234453,1999535620,0.0000023410437
BVp8zdu3aesnLUgBo98EbJ6jBUXqKmctihK94vSFtWq1,0x0000000000000000000000000000000000000000000000000000000000000000,3439,0,0,6854,1000229575,1999545307,0.0000034277791
AhA9WagVu4gnR3rMmaXmJViFVB7PvasvLSqPGhtny16w,0x0000000000000000000000000000000000000000000000000000000000000000,1635,0,0,3258,1000234044,1999536411,0.0000016293777
3qhG9aD1jmzFrP4BGqReA3U4NE6oyE477t3tXijbYczo,0x0000000000000000000000000000000000000000000000000000000000000000,3493,0,0,6961,1000233068,1999538346,0.0000034813036
2gLCKoL57HmuddA55DJndMv5kFF6aa9ikdUtBVY5dFEo,0x0000000000000000000000000000000000000000000000000000000000000000,1976,0,0,3938,1000236429,1999531682,0.0000019694612
4HDg8DRuaFGHxGqPYYbmoiKPuMJVguyu1FAxBPketQoz,0x0000000000000000000000000000000000000000000000000000000000000000,0,3890,1940,0,1000232104,1999540301,0.0000019395497
BjrF7wS8sJYpdjR85wRHKSoTZmgMsUyxBSkgsQ3gH5dA,0x0000000000000000000000000000000000000000000000000000000000000000,3490,0,0,6955,1000245786,1999513046,0.0000034783468
E8whA8dGtLWoxdKMhb8vhZ3XTW4oYikCmUb7jPeAnhNv,0x0000000000000000000000000000000000000000000000000000000000000000,0,1675,835,0,1000242296,1999520001,0.00000083479773
9gtBED9HYKv7Wbm74hETcjosvv6uGyMF6uCzX7QmjtxT,0x0000000000000000000000000000000000000000000000000000000000000000,0,3275,1633,0,1000244153,1999516321,0.0000016326014
9zGgPCoDcANp9xs2xKwkqNEQYAUZmg1gxWV4e613BwvQ,0x0000000000000000000000000000000000000000000000000000000000000000,1738,0,0,3463,1000244901,1999514861,0.0000017319201
6bkxFYgUuNyr8PUkFs1PnBvBBNUdJD3j3tTuRW5GiWnw,0x0000000000000000000000000000000000000000000000000000000000000000,1374,0,0,2738,1000245527,1999513583,0.0000013693331
9poWZspCJLGF4ZL5NJZx2UEusEEsaKDPZdETDn8FBYuz,0x0000000000000000000000000000000000000000000000000000000000000000,4599,0,0,9165,1000249500,1999505696,0.0000045836327
9gDKvNMUpPGcyZbdtZY9ymzpJQxHiWPkhJsFno776KnF,0x0000000000000000000000000000000000000000000000000000000000000000,0,1481,738,0,1000248762,1999507177,0.00000073781644
8CFuT3wjPg3foAdpP87CE49nMJqdaC9EJxbYgEEnBm89,0x0000000000000000000000000000000000000000000000000000000000000000,0,4741,2364,0,1000243163,1999518324,0.0000023634254
EHN8fDi7NoxNT2JmD8Q6zLoZxVZyQBB5gEn69ZVXWxPS,0x0000000000000000000000000000000000000000000000000000000000000000,3611,0,0,7196,1000252373,1999499981,0.0000035988996
7Jq6cvGvnn44mpFqF2DedEfQNt3deb7NQbnsMzFoUBv3,0x0000000000000000000000000000000000000000000000000000000000000000,0,4169,2079,0,1000254415,1999495937,0.0000020784712
2c6TfCFfcT79bt7Dyym8pAfgDDLZqdtJFSyMTzvTGcS5,0x0000000000000000000000000000000000000000000000000000000000000000,0,3451,1721,0,1000252694,1999499388,0.0000017205653
J5jij9JQ3LJrgKQ8ia3NUjw1wq6ENRx43NHVaiXFmSUN,0x0000000000000000000000000000000000000000000000000000000000000000,4121,0,0,8213,1000256494,1999491768,0.000004107544
5gJ7mACa796bv2n2uX3Qg4iuR5Qog4G5JGHvTxKr4ace,0x0000000000000000000000000000000000000000000000000000000000000000,2748,0,0,5476,1000255442,1999493912,0.000002738693
5eDpzH69gFyjSBjh8c1uDLJZsB6UXNA4zpTJvrWn9a6D,0x0000000000000000000000000000000000000000000000000000000000000000,0,2269,1131,0,1000254311,1999496181,0.0000011307125
g6ci9TBRPAdH2FtP5urxu5un3GwXSM9LeCz6xYxsF9J,0x0000000000000000000000000000000000000000000000000000000000000000,0,4304,2146,0,1000251593,1999501632,0.0000021454603
EAv6n7n26AXzYdSp3gRDLYf7awssDBSLrh9taqbCQuyQ,0x0000000000000000000000000000000000000000000000000000000000000000,0,1147,572,0,1000253739,1999497328,0.0000005718549
BLJryunmEz1YmPSYmxQU4iP9Gftkf8bdsdhB5VJL1mvB,0x0000000000000000000000000000000000000000000000000000000000000000,0,3584,1787,0,1000249806,1999505216,0.0000017865538
HZZojk8H3rUZpxh1GGWUAS5uSVjipoK9dTcUbgE3eWwo,0x0000000000000000000000000000000000000000000000000000000000000000,0,1995,994,0,1000246584,1999511679,0.000000993755
4H9QPMAWS4SwtXBaQyogmQvJ9nGxjjmkq8HLDbZafQTu,0x0000000000000000000000000000000000000000000000000000000000000000,0,4468,2228,0,1000247578,1999509684,0.0000022274487
4wvG2paTctpYGVVVPV7csqf9rCkYfvfgeetzuVpT2G27,0x0000000000000000000000000000000000000000000000000000000000000000,0,3306,1648,0,1000244936,1999514985,0.0000016475965
AGC5SpEJ2M1mZBUf2H67mGHtk7ArisUE6RVZivpFdLgk,0x0000000000000000000000000000000000000000000000000000000000000000,2881,0,0,5741,1000247817,1999509244,0.0000028712045
BsrEjxhvdBwzfPnWVK8s2h1fSTR99HfDbKgCbPS5NquK,0x0000000000000000000000000000000000000000000000000000000000000000,0,3884,1937,0,1000249965,1999505016,0.000001936516
2LaUUfB21vfai7HeNQfwjqZ8Q7sWUt3QT9GAZJAqjSt4,0x0000000000000000000000000000000000000000000000000000000000000000,3967,0,0,7906,1000249462,1999505994,0.0000039539764
FncUhwr44NnG1BvpAKtEvy23nAYeBmjvkC5XhCcRjbAb,0x0000000000000000000000000000000000000000000000000000000000000000,2440,0,0,4862,1000251902,1999501132,0.0000024316064
4uNfQzGprHdUfn3QazPQFPE8pEze8GfjWP87N1GUotvz,0x0000000000000000000000000000000000000000000000000000000000000000,0,4656,2322,0,1000245495,1999513900,0.00000232143
7rAunG3Xs5ap35KBmWpC8xfV34AyxFwKendi5WLLvpcF,0x0000000000000000000000000000000000000000000000000000000000000000,0,1425,710,0,1000257513,1999490031,0.0000007098172
GFo4jYoDh9Qr4LvU8tjUeqCCKPjJkEzJvR3mcJ3askh1,0x0000000000000000000000000000000000000000000000000000000000000000,0,2854,1423,0,1000254070,1999496882,0.0000014226385
Fcy7qdZt7g4qoxL9zoT3YkBaMvaJE86f9WqJqxf6WyXY,0x0000000000000000000000000000000000000000000000000000000000000000,0,1995,995,0,1000255493,1999494028,0.0000009947458
FwsyXaZJ12V8taVGdzTuTcmftPBrxzwJ8nCUFbqGkcgk,0x0000000000000000000000000000000000000000000000000000000000000000,0,2711,1352,0,1000252534,1999499913,0.0000013516586
Aba5HGqnqPAEAJuCDuLDdKWsqpkJdrf7nd3ShgPaCzUo,0x0000000000000000000000000000000000000000000000000000000000000000,3954,0,0,7880,1000256488,1999492033,0.0000039410006
5v3dp1ewtVqwbLRjBhVPGvG9RLcniBkJCVD4ffhKGxTi,0x0000000000000000000000000000000000000000000000000000000000000000,3026,0,0,6030,1000257096,1999490852,0.0000030157678
84uftSPWsyvmSqno3CDkZVnafyVn8XB8woooVVfueRZz,0x0000000000000000000000000000000000000000000000000000000000000000,1127,0,0,2246,1000258223,1999488606,0.0000011232872
Bv5Y9fQrnpbRj8dzwdEsX4kq369emUdWcg162AfejFm8,0x0000000000000000000000000000000000000000000000000000000000000000,3921,0,0,7814,1000253886,1999497202,0.0000039079823
DNnGoqeE91ZBt8kuamUWJmAauUMubuLyQ59z3EdpWW2B,0x0000000000000000000000000000000000000000000000000000000000000000,1007,0,0,2006,1000258520,1999488025,0.0000010032568
CvoHJzUq3uP6b3i9PzUXZ2GeHqKqArJmgMB2qDcHAWPw,0x0000000000000000000000000000000000000000000000000000000000000000,0,3938,1964,0,1000260221,1999484675,0.000001963489
9pzohANWEvXTo4rPs12aj3mGir53Lgpg9DxYV7xSfxGe,0x0000000000000000000000000000000000000000000000000000000000000000,3951,0,0,7874,1000263084,1999478983,0.0000039380257
22pB8x7cLZT1LeugRnTRowH7YBihWnex2B5YU8QUVxKn,0x0000000000000000000000000000000000000000000000000000000000000000,0,2561,1277,0,1000262185,1999480737,0.0000012766652
C8vNPNrHijUVK7wFZjiuJzTAGu4m8YH3d6tjgjhFwNfp,0x0000000000000000000000000000000000000000000000000000000000000000,0,2182,1088,0,1000259133,1999486857,0.0000010877181
2uKeyzfygrpBqfAgdfxmYTWuxrzdnRUj7gVQMwZGi5Se,0x0000000000000000000000000000000000000000000000000000000000000000,4942,0,0,9849,1000263462,1999478176,0.000004925785
FXuQBTsk2VfWQFcEes1bHwT25cRAnLjTHLX7K4QpUzuo,0x0000000000000000000000000000000000000000000000000000000000000000,0,1164,580,0,1000262504,1999480147,0.0000005798478
6NqszisxybeNs9MtAi17ZTA9okGnehoqU7F6h29PKSmP,0x0000000000000000000000000000000000000000000000000000000000000000,1445,0,0,2879,1000263949,1999477268,0.0000014398763
HGWmRobMZvXzsVfBeywJ8GFdtwaTeW8q5s5YYF8AHipj,0x0000000000000000000000000000000000000000000000000000000000000000,0,1114,555,0,1000263394,1999478382,0.00000055485384
CZeYwckvVUy7zut4VtLHBjcVxUVuBbV9ZCC38b1dHRpb,0x0000000000000000000000000000000000000000000000000000000000000000,0,4225,2107,0,1000261287,1999482607,0.0000021064495
CM68poSzE81wEiSGs9XBXZUupcVtyNLFiKbvuPXjegWF,0x0000000000000000000000000000000000000000000000000000000000000000,2913,0,0,5805,1000265845,1999473524,0.0000029032642
6rhxM5ec3gwjsbKqJ6EcLYTLeF98EFAFNeD6D6dJn7GT,0x0000000000000000000000000000000000000000000000000000000000000000,1645,0,0,3278,1000262932,1999479329,0.0000016394268
8Za2YFYrUzk5ycMpaNRsaz7NDGDMMTTBCs5yx9Fg5cwb,0x0000000000000000000000000000000000000000000000000000000000000000,0,2275,1134,0,1000264711,1999475799,0.0000011336999
BShoytvx79XYq85xnY5vihsd8RamkduTvmpXpY5gqFEV,0x0000000000000000000000000000000000000000000000000000000000000000,4251,0,0,8471,1000268962,1999467328,0.0000042366287
H5YMEAVNEhACT1vweaUYikypgypAbrJ6pmehYhCLUiii,0x0000000000000000000000000000000000000000000000000000000000000000,4386,0,0,8740,1000272571,1999460179,0.00000437118
89vT74BekXwbkLxmWVQ9u1dg9C4yQ1crJQYfdfDDErCg,0x0000000000000000000000000000000000000000000000000000000000000000,0,3989,1989,0,1000268185,1999468919,0.0000019884667
6SvUe5kiyDSquLV37E62U3zhnfM9sWHp5jaJfp2W5AFc,0x0000000000000000000000000000000000000000000000000000000000000000,0,4468,2228,0,1000270343,1999464647,0.0000022273978
8dEqcZbeeCohRhXUmKtLEUR979MEpzGfa6gXnMmjFv9z,0x0000000000000000000000000000000000000000000000000000000000000000,4120,0,0,8210,1000274463,1999456437,0.000004106116
HMYTx1KpPzmxuftPGLWCFtmK7o6DYzePF9u2Qa1j25xB,0x0000000000000000000000000000000000000000000000000000000000000000,2498,0,0,4978,1000271460,1999462350,0.0000024896692
35nX43T6sgmCgs1bhSpjdTn6s8UYARCTUxDCYHkQKxhV,0x0000000000000000000000000000000000000000000000000000000000000000,0,2580,1286,0,1000270174,1999464930,0.0000012856527
2BmR2ZGsKMTXZzKyoJJSDLzpZihxCpf3EuNMPL3RWwXw,0x0000000000000000000000000000000000000000000000000000000000000000,0,3726,1858,0,1000271565,1999462288,0.0000018574956
6oeLajDNVpZaDgWdd4JsgUNkRbTvSaemFL6X4mQbgYM7,0x0000000000000000000000000000000000000000000000000000000000000000,0,4965,2476,0,1000271987,1999461402,0.0000024753267
7no8W2ke6Ujssf9T2SQi7UsMkuoWJCqG2P7241FomeVf,0x0000000000000000000000000000000000000000000000000000000000000000,0,2307,1150,0,1000270415,1999464595,0.0000011496891
7QRmoTmTCyMmrG4RmisfKLetMRfZ4U75RMpNMHkiCit6,0x0000000000000000000000000000000000000000000000000000000000000000,0,3577,1784,0,1000270203,1999464979,0.0000017835181
5wuceDvoyrr4cRuZ4eDBSUsNitnq8ENV1sS8ywuTeodj,0x0000000000000000000000000000000000000000000000000000000000000000,3220,0,0,6417,1000273423,1999458562,0.0000032093687
De4g52V7vxYeU8VtLxfW3TgHvRe4CxuVqaJhUnxqiek2,0x0000000000000000000000000000000000000000000000000000000000000000,1574,0,0,3136,1000285078,1999435375,0.0000015684428
13y6QAe8GcubEqQqjMUL7oA78UzDJ7n4e4eP5AkYxhr4,0x0000000000000000000000000000000000000000000000000000000000000000,3440,0,0,6855,1000283504,1999438511,0.0000034284626
85QELESzVXLtDYg23CDrLVxdbKovgsAzEZzv8e2mL4KM,0x0000000000000000000000000000000000000000000000000000000000000000,2099,0,0,4183,1000276467,1999452534,0.0000020920727
8d1DNABMua3GkHwoWHok49KeomjWG3WCxAu4S976uBwv,0x0000000000000000000000000000000000000000000000000000000000000000,3953,0,0,7878,1000274368,1999456717,0.00000394007
GiVNBD8tHs5oygUfUhJcHTDzQU2C1U1PCaYwPu74CARL,0x0000000000000000000000000000000000000000000000000000000000000000,3597,0,0,7168,1000280064,1999445366,0.0000035849941
7VbwR7GchP1Skkdn2rgDMdYvJos27Nb3HdiuGkkKjSch,0x0000000000000000000000000000000000000000000000000000000000000000,0,1979,987,0,1000284091,1999437354,0.0000009867197
GAiepqzv2J1Ak3Lek9aEE4twB4ijKbJtYrzw17qoe7Gu,0x0000000000000000000000000000000000000000000000000000000000000000,1287,0,0,2564,1000285378,1999434790,0.0000012823624
BoJ2U3tjJBLzFbyT4kh6XcR9Dqa1F4EuDmQ7Cqfzzpzh,0x0000000000000000000000000000000000000000000000000000000000000000,0,1283,639,0,1000286801,1999431991,0.0000006388168
F1VWNhhHuAKM6RUAA7wkcGSsb4w9R769RuKsY3TpEfw5,0x0000000000000000000000000000000000000000000000000000000000000000,4149,0,0,8268,1000289527,1999426522,0.0000041351855
9RE97UyMUM6QEbV2cT26ihEJD6XZFDR5t1XLn4hSAqPb,0x0000000000000000000000000000000000000000000000000000000000000000,0,4186,2087,0,1000287440,1999430708,0.0000020864004
3fzNjRhoc86LF8xFfCmUFLENuXqdpj1fw6aooi7uGFrj,0x0000000000000000000000000000000000000000000000000000000000000000,3219,0,0,6414,1000297055,1999411621,0.0000032079438
F3BcCy2GhjyUxKLkqHfu9AuRdhxanpMWBaNSjvDr4xtB,0x0000000000000000000000000000000000000000000000000000000000000000,0,4362,2175,0,1000302401,1999401096,0.0000021743424
7raBZ8TnoSHJJZT54ZPRkmXbRfLuzhDfbXFwy2s1VXFf,0x0000000000000000000000000000000000000000000000000000000000000000,1755,0,0,3497,1000296240,1999413279,0.0000017490131
J49FXmveqZ7qcw2yKUo8uyJEcUFeb81viKku7YfH6Ekq,0x0000000000000000000000000000000000000000000000000000000000000000,0,3008,1500,0,1000304576,1999396734,0.0000014995433
FmZHtBLmwYEneKxmnwt8DZYArhDL8wz7MdQb9XEDFz9S,0x0000000000000000000000000000000000000000000000000000000000000000,4697,0,0,9360,1000309747,1999386363,0.000004681436
85ZoXqRY6ZfNxUFu6uStGC1RJwbwNRm2JS7JZznzYRqM,0x0000000000000000000000000000000000000000000000000000000000000000,0,1498,747,0,1000306076,1999393726,0.00000074677143
9QnmkTimKH55kU4NWWQcKrWpskqCCfH9h6Krdi7QQ4TE,0x0000000000000000000000000000000000000000000000000000000000000000,4240,0,0,8449,1000305050,1999395723,0.0000042257766
GsyjJzLtbw79LJ4xzRZy9HeiuCJRXgprC8fTcRZKBVLK,0x0000000000000000000000000000000000000000000000000000000000000000,0,1425,710,0,1000309037,1999387788,0.00000070978064
5Wg7BZSmGKvUiQwhwhTjfwENgG77UoerH3XFDfEg7pBN,0x0000000000000000000000000000000000000000000000000000000000000000,0,2874,1433,0,1000295622,1999414495,0.0000014325765
8jUEoyUzk6siRGh1YshhfKJTidoPKeTvx7VktLhhnrXt,0x0000000000000000000000000000000000000000000000000000000000000000,4570,0,0,9107,1000300810,1999404172,0.000004554857
2DC7Ujb8B7mZq6bspVnfPzJzM25Wz664cypaAktCZjVr,0x0000000000000000000000000000000000000000000000000000000000000000,0,2281,1137,0,1000294485,1999416776,0.0000011366653
14p5rGGZKnWQ84ZNFytRygh6qF43zyZLj7Lw1LR4ppvd,0x0000000000000000000000000000000000000000000000000000000000000000,0,4440,2214,0,1000306823,1999392228,0.0000022133208
3pZfLGYrVJBCBwwFvS9pAZ4KRHiRpDuj7vspiou76xzD,0x0000000000000000000000000000000000000000000000000000000000000000,0,3772,1881,0,1000300520,1999404868,0.0000018804349
8v3WSpKJETDvT6EdaZMJFaGSwRnK3JZr85ezfR2efVNa,0x0000000000000000000000000000000000000000000000000000000000000000,1695,0,0,3377,1000302215,1999401491,0.0000016890054
3roJtoNHZstLAiCRHbwxX4rUEzfQsmPejYDo42ZaScfH,0x0000000000000000000000000000000000000000000000000000000000000000,3974,0,0,7919,1000318950,1999368144,0.000003960751
BT3uxf6VhkGg4sstQVot2sBvuqsRvHP1of3NKiuc4qCL,0x0000000000000000000000000000000000000000000000000000000000000000,3690,0,0,7353,1000305905,1999394138,0.000003677614
GLTaG3mocGTAuCbWtTbFUajAhKBe8NNeF6E6v8QQP4QL,0x0000000000000000000000000000000000000000000000000000000000000000,2863,0,0,5705,1000314976,1999376063,0.0000028533902
8fHypyDKecpW2jtrqUMU7DC2xBS5XuJMBf268Ff7aSP7,0x0000000000000000000000000000000000000000000000000000000000000000,2729,0,0,5438,1000308634,1999388700,0.0000027198314
EM2WsPiaXSzvNT5WvLNhSAH9rrTg1V26a9B9NRqdoQ6k,0x0000000000000000000000000000000000000000000000000000000000000000,3479,0,0,6932,1000312113,1999381768,0.0000034670718
AEQYrrUZqg9E6B944up929bKP8Zjeyutf1A5uPGeDxQr,0x0000000000000000000000000000000000000000000000000000000000000000,0,3161,1576,0,1000316124,1999373811,0.000001575502
Exn6iBXyTaQykxrNyhmndGZMYSS9iH3m39J7PAvoHUQu,0x0000000000000000000000000000000000000000000000000000000000000000,4373,0,0,8714,1000320497,1999365097,0.0000043583836
HwGLfizHQ2ZvKHFZaAchGVJmsXFGLBsh9sHrAQ6sqn9o,0x0000000000000000000000000000000000000000000000000000000000000000,0,2506,1250,0,1000317700,1999370650,0.000001249603
B5yXDWvxCwtRtpeizdpviJuue9ZMPL3iVuAqdJT2UZUX,0x0000000000000000000000000000000000000000000000000000000000000000,1590,0,0,3168,1000322087,1999361929,0.0000015845055
HV2NqeHpa9VZcgEW6qfmG45Y4usf3FBRM6touAy46kX2,0x0000000000000000000000000000000000000000000000000000000000000000,4662,0,0,9290,1000326749,1999352639,0.0000046465043
9Djce3q7CSPoHT2JvofRNWd2JTkdTGWAmKeYQT7KTzKU,0x0000000000000000000000000000000000000000000000000000000000000000,0,1992,993,0,1000324719,1999356711,0.0000009926777
GySJUrTYokvp1zQs4Emrngg2ZUgKhs5aUrQuXvUMUbFT,0x0000000000000000000000000000000000000000000000000000000000000000,2513,0,0,5007,1000327232,1999351704,0.0000025043119
9aXYVo2mgSnGyB4fFncF19VSx3tSwer5Y8PFTj4TXVeZ,0x0000000000000000000000000000000000000000000000000000000000000000,0,2080,1037,0,1000325712,1999354719,0.0000010366624
AwDiHAiy43y1D9X3gQMfdTQeUng6eX111RXHB22uwgVR,0x0000000000000000000000000000000000000000000000000000000000000000,2049,0,0,4083,1000329281,1999347621,0.0000020421662
HjgPiiXkyu8ArHgr1xPjfwJ7sTz6HK8dQNN7yZckniqK,0x0000000000000000000000000000000000000000000000000000000000000000,0,2350,1172,0,1000328109,1999349971,0.0000011716155
