[2025-05-19T14:37:17.574] [INFO] XREI - > Ready on http://localhost:30091
[2025-05-19T15:53:03.242] [WARN] XREI - Server on error: EPIPE
[2025-05-19T15:59:43.830] [FATAL] XREI - uncaughtException: Error: listen EADDRINUSE: address already in use :::30091 Error: listen EADDRINUSE: address already in use :::30091
    at Server.setupListenHandle [as _listen2] (node:net:1817:16)
    at listenInCluster (node:net:1865:12)
    at Server.listen (node:net:1953:7)
    at Application.listen (/Users/yuanyuanli/Desktop/XREI/node_modules/koa/lib/application.js:82:19)
    at /Users/yuanyuanli/Desktop/XREI/server/index.js:32:10
[2025-05-19T16:00:19.776] [FATAL] XREI - uncaughtException: Error: listen EADDRINUSE: address already in use :::30091 Error: listen EADDRINUSE: address already in use :::30091
    at Server.setupListenHandle [as _listen2] (node:net:1817:16)
    at listenInCluster (node:net:1865:12)
    at Server.listen (node:net:1953:7)
    at Application.listen (/Users/yuanyuanli/Desktop/XREI/node_modules/koa/lib/application.js:82:19)
    at /Users/yuanyuanli/Desktop/XREI/server/index.js:32:10
[2025-05-19T16:02:22.239] [INFO] XREI - > Ready on http://localhost:30091
[2025-05-19T16:02:29.889] [WARN] XREI - Server on error: EPIPE
[2025-05-19T16:34:15.560] [INFO] XREI - > Ready on http://localhost:11000
[2025-05-19T16:35:17.454] [WARN] XREI - Server on error: ECONNRESET
[2025-05-19T17:07:26.840] [WARN] XREI - Server on error: EPIPE
[2025-05-19T17:07:59.549] [WARN] XREI - Server on error: ECONNRESET
[2025-05-19T17:14:32.483] [WARN] XREI - Server on error: ECONNRESET
[2025-05-19T17:15:46.416] [WARN] XREI - Server on error: EPIPE
[2025-05-19T17:16:23.463] [WARN] XREI - Server on error: ECONNRESET
[2025-05-19T17:17:28.609] [WARN] XREI - Server on error: EPIPE
[2025-05-19T17:30:38.840] [WARN] XREI - Server on error: ECONNRESET
[2025-05-19T17:30:38.843] [WARN] XREI - Server on error: ECONNRESET
[2025-05-19T17:30:51.112] [INFO] XREI - > Ready on http://localhost:11000
[2025-05-19T17:34:13.898] [INFO] XREI - > Ready on http://localhost:11000
[2025-05-19T17:57:31.341] [WARN] XREI - Server on error: EPIPE
