[2024-09-25T17:39:13.666] [FATAL] XREI - uncaughtException: Error: listen EADDRINUSE: address already in use :::30091 Error: listen EADDRINUSE: address already in use :::30091
    at Server.setupListenHandle [as _listen2] (node:net:1903:16)
    at listenInCluster (node:net:1960:12)
    at Server.listen (node:net:2062:7)
    at Application.listen (/Users/yuanyuanli/Desktop/XREI/node_modules/koa/lib/application.js:82:19)
    at /Users/yuanyuanli/Desktop/XREI/server/index.js:32:10
[2024-09-25T17:39:56.740] [FATAL] XREI - uncaughtException: Error: listen EADDRINUSE: address already in use :::30091 Error: listen EADDRINUSE: address already in use :::30091
    at Server.setupListenHandle [as _listen2] (node:net:1903:16)
    at listenInCluster (node:net:1960:12)
    at Server.listen (node:net:2062:7)
    at Application.listen (/Users/yuanyuanli/Desktop/XREI/node_modules/koa/lib/application.js:82:19)
    at /Users/yuanyuanli/Desktop/XREI/server/index.js:32:10
[2024-09-26T12:33:05.072] [FATAL] XREI - uncaughtException: Error: listen EADDRINUSE: address already in use :::30091 Error: listen EADDRINUSE: address already in use :::30091
    at Server.setupListenHandle [as _listen2] (node:net:1903:16)
    at listenInCluster (node:net:1960:12)
    at Server.listen (node:net:2062:7)
    at Application.listen (/Users/yuanyuanli/Desktop/XREI/node_modules/koa/lib/application.js:82:19)
    at /Users/yuanyuanli/Desktop/XREI/server/index.js:32:10
[2024-09-26T14:04:39.624] [FATAL] XREI - uncaughtException: Error: listen EADDRINUSE: address already in use :::30091 Error: listen EADDRINUSE: address already in use :::30091
    at Server.setupListenHandle [as _listen2] (node:net:1903:16)
    at listenInCluster (node:net:1960:12)
    at Server.listen (node:net:2062:7)
    at Application.listen (/Users/yuanyuanli/Desktop/XREI/node_modules/koa/lib/application.js:82:19)
    at /Users/yuanyuanli/Desktop/XREI/server/index.js:32:10
[2024-10-15T15:14:53.378] [FATAL] XREI - uncaughtException: Error: listen EADDRINUSE: address already in use :::30091 Error: listen EADDRINUSE: address already in use :::30091
    at Server.setupListenHandle [as _listen2] (node:net:1908:16)
    at listenInCluster (node:net:1965:12)
    at Server.listen (node:net:2067:7)
    at Application.listen (/Users/yuanyuanli/Desktop/XREI/node_modules/koa/lib/application.js:82:19)
    at /Users/yuanyuanli/Desktop/XREI/server/index.js:32:10
[2024-10-15T15:15:24.277] [FATAL] XREI - uncaughtException: Error: listen EADDRINUSE: address already in use :::30091 Error: listen EADDRINUSE: address already in use :::30091
    at Server.setupListenHandle [as _listen2] (node:net:1908:16)
    at listenInCluster (node:net:1965:12)
    at Server.listen (node:net:2067:7)
    at Application.listen (/Users/yuanyuanli/Desktop/XREI/node_modules/koa/lib/application.js:82:19)
    at /Users/yuanyuanli/Desktop/XREI/server/index.js:32:10
[2024-10-15T15:15:52.529] [FATAL] XREI - uncaughtException: Error: listen EADDRINUSE: address already in use :::30091 Error: listen EADDRINUSE: address already in use :::30091
    at Server.setupListenHandle [as _listen2] (node:net:1908:16)
    at listenInCluster (node:net:1965:12)
    at Server.listen (node:net:2067:7)
    at Application.listen (/Users/yuanyuanli/Desktop/XREI/node_modules/koa/lib/application.js:82:19)
    at /Users/yuanyuanli/Desktop/XREI/server/index.js:32:10
[2025-05-19T15:59:43.830] [FATAL] XREI - uncaughtException: Error: listen EADDRINUSE: address already in use :::30091 Error: listen EADDRINUSE: address already in use :::30091
    at Server.setupListenHandle [as _listen2] (node:net:1817:16)
    at listenInCluster (node:net:1865:12)
    at Server.listen (node:net:1953:7)
    at Application.listen (/Users/yuanyuanli/Desktop/XREI/node_modules/koa/lib/application.js:82:19)
    at /Users/yuanyuanli/Desktop/XREI/server/index.js:32:10
[2025-05-19T16:00:19.776] [FATAL] XREI - uncaughtException: Error: listen EADDRINUSE: address already in use :::30091 Error: listen EADDRINUSE: address already in use :::30091
    at Server.setupListenHandle [as _listen2] (node:net:1817:16)
    at listenInCluster (node:net:1865:12)
    at Server.listen (node:net:1953:7)
    at Application.listen (/Users/yuanyuanli/Desktop/XREI/node_modules/koa/lib/application.js:82:19)
    at /Users/yuanyuanli/Desktop/XREI/server/index.js:32:10
